core   0: 0x0000000000001000 (0x00000297) auipc   t0, 0x0
3 0x00001000 (0x00000297) x 5 0x00001000
core   0: 0x0000000000001004 (0x02028593) addi    a1, t0, 32
3 0x00001004 (0x02028593) x11 0x00001020
core   0: 0x0000000000001008 (0xf1402573) csrr    a0, mhartid
3 0x00001008 (0xf1402573) x10 0x00000000
core   0: 0x000000000000100c (0x0182a283) lw      t0, 24(t0)
3 0x0000100c (0x0182a283) x 5 0x80000000 mem 0x00001018
core   0: 0x0000000000001010 (0x00028067) jr      t0
3 0x00001010 (0x00028067)
core   0: 0xffffffff80000000 (0xf14022f3) csrr    t0, mhartid
3 0x80000000 (0xf14022f3) x 5 0x00000000
core   0: 0xffffffff80000004 (0x00000313) li      t1, 0
3 0x80000004 (0x00000313) x 6 0x00000000
core   0: 0xffffffff80000008 (0x00628263) beq     t0, t1, pc + 4
3 0x80000008 (0x00628263)
core   0: 0xffffffff8000000c (0x0040006f) j       pc + 0x4
3 0x8000000c (0x0040006f)
core   0: 0xffffffff80000010 (0x400007b7) lui     a5, 0x40000
3 0x80000010 (0x400007b7) x15 0x40000000
core   0: 0xffffffff80000014 (0x10078793) addi    a5, a5, 256
3 0x80000014 (0x10078793) x15 0x40000100
core   0: 0xffffffff80000018 (0x30179073) csrw    misa, a5
3 0x80000018 (0x30179073) c769_misa 0x40140100
core   0: 0xffffffff8000001c (0x00015a17) auipc   s4, 0x15
3 0x8000001c (0x00015a17) x20 0x8001501c
core   0: 0xffffffff80000020 (0xcc8a0a13) addi    s4, s4, -824
3 0x80000020 (0xcc8a0a13) x20 0x80014ce4
core   0: 0xffffffff80000024 (0x0000b797) auipc   a5, 0xb
3 0x80000024 (0x0000b797) x15 0x8000b024
core   0: 0xffffffff80000028 (0x34478793) addi    a5, a5, 836
3 0x80000028 (0x34478793) x15 0x8000b368
core   0: 0xffffffff8000002c (0x0007e793) ori     a5, a5, 0
3 0x8000002c (0x0007e793) x15 0x8000b368
core   0: 0xffffffff80000030 (0x30579073) csrw    mtvec, a5
3 0x80000030 (0x30579073) c773_mtvec 0x8000b368
core   0: 0xffffffff80000034 (0x00000797) auipc   a5, 0x0
3 0x80000034 (0x00000797) x15 0x80000034
core   0: 0xffffffff80000038 (0x01478793) addi    a5, a5, 20
3 0x80000038 (0x01478793) x15 0x80000048
core   0: 0xffffffff8000003c (0x34179073) csrw    mepc, a5
3 0x8000003c (0x34179073) c833_mepc 0x80000048
core   0: 0xffffffff80000040 (0x30c0b06f) j       pc + 0xb30c
3 0x80000040 (0x30c0b06f)
core   0: 0xffffffff8000b34c (0x000027b7) lui     a5, 0x2
3 0x8000b34c (0x000027b7) x15 0x00002000
core   0: 0xffffffff8000b350 (0x80078793) addi    a5, a5, -2048
3 0x8000b350 (0x80078793) x15 0x00001800
core   0: 0xffffffff8000b354 (0x30079073) csrw    mstatus, a5
3 0x8000b354 (0x30079073) c768_mstatus 0x00001800
core   0: 0xffffffff8000b358 (0x00000793) li      a5, 0
3 0x8000b358 (0x00000793) x15 0x00000000
core   0: 0xffffffff8000b35c (0x30479073) csrw    mie, a5
3 0x8000b35c (0x30479073) c772_mie 0x00000000
core   0: 0xffffffff8000b360 (0x30200073) mret
3 0x8000b360 (0x30200073) c768_mstatus 0x00000080
core   0: 0x0000000080000048 (0x80000037) lui     zero, 0x80000
3 0x80000048 (0x80000037)
core   0: 0xffffffff8000004c (0x00000013) nop
3 0x8000004c (0x00000013)
core   0: 0xffffffff80000050 (0x800000b7) lui     ra, 0x80000
3 0x80000050 (0x800000b7) x 1 0x80000000
core   0: 0xffffffff80000054 (0x15ae9137) lui     sp, 0x15ae9
3 0x80000054 (0x15ae9137) x 2 0x15ae9000
core   0: 0xffffffff80000058 (0xefe10113) addi    sp, sp, -258
3 0x80000058 (0xefe10113) x 2 0x15ae8efe
core   0: 0xffffffff8000005c (0xae1c01b7) lui     gp, 0xae1c0
3 0x8000005c (0xae1c01b7) x 3 0xae1c0000
core   0: 0xffffffff80000060 (0xa4518193) addi    gp, gp, -1467
3 0x80000060 (0xa4518193) x 3 0xae1bfa45
core   0: 0xffffffff80000064 (0x80000237) lui     tp, 0x80000
3 0x80000064 (0x80000237) x 4 0x80000000
core   0: 0xffffffff80000068 (0x00000293) li      t0, 0
3 0x80000068 (0x00000293) x 5 0x00000000
core   0: 0xffffffff8000006c (0x80000337) lui     t1, 0x80000
3 0x8000006c (0x80000337) x 6 0x80000000
core   0: 0xffffffff80000070 (0x00000393) li      t2, 0
3 0x80000070 (0x00000393) x 7 0x00000000
core   0: 0xffffffff80000074 (0x00000413) li      s0, 0
3 0x80000074 (0x00000413) x 8 0x00000000
core   0: 0xffffffff80000078 (0xf7fa4537) lui     a0, 0xf7fa4
3 0x80000078 (0xf7fa4537) x10 0xf7fa4000
core   0: 0xffffffff8000007c (0xbe350513) addi    a0, a0, -1053
3 0x8000007c (0xbe350513) x10 0xf7fa3be3
core   0: 0xffffffff80000080 (0x200bc5b7) lui     a1, 0x200bc
3 0x80000080 (0x200bc5b7) x11 0x200bc000
core   0: 0xffffffff80000084 (0x97258593) addi    a1, a1, -1678
3 0x80000084 (0x97258593) x11 0x200bb972
core   0: 0xffffffff80000088 (0x00f00613) li      a2, 15
3 0x80000088 (0x00f00613) x12 0x0000000f
core   0: 0xffffffff8000008c (0x00000693) li      a3, 0
3 0x8000008c (0x00000693) x13 0x00000000
core   0: 0xffffffff80000090 (0x80000737) lui     a4, 0x80000
3 0x80000090 (0x80000737) x14 0x80000000
core   0: 0xffffffff80000094 (0xf38c67b7) lui     a5, 0xf38c6
3 0x80000094 (0xf38c67b7) x15 0xf38c6000
core   0: 0xffffffff80000098 (0xf7e78793) addi    a5, a5, -130
3 0x80000098 (0xf7e78793) x15 0xf38c5f7e
core   0: 0xffffffff8000009c (0xcc607837) lui     a6, 0xcc607
3 0x8000009c (0xcc607837) x16 0xcc607000
core   0: 0xffffffff800000a0 (0x81780813) addi    a6, a6, -2025
3 0x800000a0 (0x81780813) x16 0xcc606817
core   0: 0xffffffff800000a4 (0x00100893) li      a7, 1
3 0x800000a4 (0x00100893) x17 0x00000001
core   0: 0xffffffff800000a8 (0x00000913) li      s2, 0
3 0x800000a8 (0x00000913) x18 0x00000000
core   0: 0xffffffff800000ac (0x800009b7) lui     s3, 0x80000
3 0x800000ac (0x800009b7) x19 0x80000000
core   0: 0xffffffff800000b0 (0x9ef47ab7) lui     s5, 0x9ef47
3 0x800000b0 (0x9ef47ab7) x21 0x9ef47000
core   0: 0xffffffff800000b4 (0xcb6a8a93) addi    s5, s5, -842
3 0x800000b4 (0xcb6a8a93) x21 0x9ef46cb6
core   0: 0xffffffff800000b8 (0xf6ae1b37) lui     s6, 0xf6ae1
3 0x800000b8 (0xf6ae1b37) x22 0xf6ae1000
core   0: 0xffffffff800000bc (0x834b0b13) addi    s6, s6, -1996
3 0x800000bc (0x834b0b13) x22 0xf6ae0834
core   0: 0xffffffff800000c0 (0x00000b93) li      s7, 0
3 0x800000c0 (0x00000b93) x23 0x00000000
core   0: 0xffffffff800000c4 (0x80000c37) lui     s8, 0x80000
3 0x800000c4 (0x80000c37) x24 0x80000000
core   0: 0xffffffff800000c8 (0x80000cb7) lui     s9, 0x80000
3 0x800000c8 (0x80000cb7) x25 0x80000000
core   0: 0xffffffff800000cc (0xd4922d37) lui     s10, 0xd4922
3 0x800000cc (0xd4922d37) x26 0xd4922000
core   0: 0xffffffff800000d0 (0x567d0d13) addi    s10, s10, 1383
3 0x800000d0 (0x567d0d13) x26 0xd4922567
core   0: 0xffffffff800000d4 (0x747cddb7) lui     s11, 0x747cd
3 0x800000d4 (0x747cddb7) x27 0x747cd000
core   0: 0xffffffff800000d8 (0x7bcd8d93) addi    s11, s11, 1980
3 0x800000d8 (0x7bcd8d93) x27 0x747cd7bc
core   0: 0xffffffff800000dc (0xffb26e37) lui     t3, 0xffb26
3 0x800000dc (0xffb26e37) x28 0xffb26000
core   0: 0xffffffff800000e0 (0x952e0e13) addi    t3, t3, -1710
3 0x800000e0 (0x952e0e13) x28 0xffb25952
core   0: 0xffffffff800000e4 (0x00100e93) li      t4, 1
3 0x800000e4 (0x00100e93) x29 0x00000001
core   0: 0xffffffff800000e8 (0x00000f13) li      t5, 0
3 0x800000e8 (0x00000f13) x30 0x00000000
core   0: 0xffffffff800000ec (0x00000f93) li      t6, 0
3 0x800000ec (0x00000f93) x31 0x00000000
core   0: 0xffffffff800000f0 (0x00011497) auipc   s1, 0x11
3 0x800000f0 (0x00011497) x 9 0x800110f0
core   0: 0xffffffff800000f4 (0xd7448493) addi    s1, s1, -652
3 0x800000f4 (0xd7448493) x 9 0x80010e64
core   0: 0xffffffff800000f8 (0x0019a437) lui     s0, 0x19a
3 0x800000f8 (0x0019a437) x 8 0x0019a000
core   0: 0xffffffff800000fc (0xc1d40413) addi    s0, s0, -995
3 0x800000fc (0xc1d40413) x 8 0x00199c1d
core   0: 0xffffffff80000100 (0x80000637) lui     a2, 0x80000
3 0x80000100 (0x80000637) x12 0x80000000
core   0: 0xffffffff80000104 (0x00000993) li      s3, 0
3 0x80000104 (0x00000993) x19 0x00000000
core   0: 0xffffffff80000108 (0x00000093) li      ra, 0
3 0x80000108 (0x00000093) x 1 0x00000000
core   0: 0xffffffff8000010c (0xfff00913) li      s2, -1
3 0x8000010c (0xfff00913) x18 0xffffffff
core   0: 0xffffffff80000110 (0x80000bb7) lui     s7, 0x80000
3 0x80000110 (0x80000bb7) x23 0x80000000
core   0: 0xffffffff80000114 (0x00000193) li      gp, 0
3 0x80000114 (0x00000193) x 3 0x00000000
core   0: 0xffffffff80000118 (0xfff00e93) li      t4, -1
3 0x80000118 (0xfff00e93) x29 0xffffffff
core   0: 0xffffffff8000011c (0x06346137) lui     sp, 0x6346
3 0x8000011c (0x06346137) x 2 0x06346000
core   0: 0xffffffff80000120 (0x85210113) addi    sp, sp, -1966
3 0x80000120 (0x85210113) x 2 0x06345852
core   0: 0xffffffff80000124 (0xfff00793) li      a5, -1
3 0x80000124 (0xfff00793) x15 0xffffffff
core   0: 0xffffffff80000128 (0xca190613) addi    a2, s2, -863
3 0x80000128 (0xca190613) x12 0xfffffca0
core   0: 0xffffffff8000012c (0x01d78133) add     sp, a5, t4
3 0x8000012c (0x01d78133) x 2 0xfffffffe
core   0: 0xffffffff80000130 (0xfaa18113) addi    sp, gp, -86
3 0x80000130 (0xfaa18113) x 2 0xffffffaa
core   0: 0xffffffff80000134 (0x00000013) nop
3 0x80000134 (0x00000013)
core   0: 0xffffffff80000138 (0x41d08633) sub     a2, ra, t4
3 0x80000138 (0x41d08633) x12 0x00000001
core   0: 0xffffffff8000013c (0x017109b3) add     s3, sp, s7
3 0x8000013c (0x017109b3) x19 0x7fffffaa
core   0: 0xffffffff80000140 (0x40f98bb3) sub     s7, s3, a5
3 0x80000140 (0x40f98bb3) x23 0x7fffffab
core   0: 0xffffffff80000144 (0x40390eb3) sub     t4, s2, gp
3 0x80000144 (0x40390eb3) x29 0xffffffff
core   0: 0xffffffff80000148 (0x002080b3) add     ra, ra, sp
3 0x80000148 (0x002080b3) x 1 0xffffffaa
core   0: 0xffffffff8000014c (0x0c260193) addi    gp, a2, 194
3 0x8000014c (0x0c260193) x 3 0x000000c3
core   0: 0xffffffff80000150 (0x00c78933) add     s2, a5, a2
3 0x80000150 (0x00c78933) x18 0x00000000
core   0: 0xffffffff80000154 (0x79ced197) auipc   gp, 0x79ced
3 0x80000154 (0x79ced197) x 3 0xf9ced154
core   0: 0xffffffff80000158 (0x00000013) nop
3 0x80000158 (0x00000013)
core   0: 0xffffffff8000015c (0x64129417) auipc   s0, 0x64129
3 0x8000015c (0x64129417) x 8 0xe412915c
core   0: 0xffffffff80000160 (0x41db81b3) sub     gp, s7, t4
3 0x80000160 (0x41db81b3) x 3 0x7fffffac
core   0: 0xffffffff80000164 (0x00000013) nop
3 0x80000164 (0x00000013)
core   0: 0xffffffff80000168 (0x00360bb3) add     s7, a2, gp
3 0x80000168 (0x00360bb3) x23 0x7fffffad
core   0: 0xffffffff8000016c (0xe3ae27b7) lui     a5, 0xe3ae2
3 0x8000016c (0xe3ae27b7) x15 0xe3ae2000
core   0: 0xffffffff80000170 (0x00000013) nop
3 0x80000170 (0x00000013)
core   0: 0xffffffff80000174 (0x00000013) nop
3 0x80000174 (0x00000013)
core   0: 0xffffffff80000178 (0x402409b3) sub     s3, s0, sp
3 0x80000178 (0x402409b3) x19 0xe41291b2
core   0: 0xffffffff8000017c (0x01710433) add     s0, sp, s7
3 0x8000017c (0x01710433) x 8 0x7fffff57
core   0: 0xffffffff80000180 (0xb90e0197) auipc   gp, 0xb90e0
3 0x80000180 (0xb90e0197) x 3 0x390e0180
core   0: 0xffffffff80000184 (0x00308bb3) add     s7, ra, gp
3 0x80000184 (0x00308bb3) x23 0x390e012a
core   0: 0xffffffff80000188 (0xa9447b97) auipc   s7, 0xa9447
3 0x80000188 (0xa9447b97) x23 0x29447188
core   0: 0xffffffff8000018c (0xf58bdbb7) lui     s7, 0xf58bd
3 0x8000018c (0xf58bdbb7) x23 0xf58bd000
core   0: 0xffffffff80000190 (0xe7ab8193) addi    gp, s7, -390
3 0x80000190 (0xe7ab8193) x 3 0xf58bce7a
core   0: 0xffffffff80000194 (0x00000013) nop
3 0x80000194 (0x00000013)
core   0: 0xffffffff80000198 (0xbcea6617) auipc   a2, 0xbcea6
3 0x80000198 (0xbcea6617) x12 0x3cea6198
core   0: 0xffffffff8000019c (0x6be3b0b7) lui     ra, 0x6be3b
3 0x8000019c (0x6be3b0b7) x 1 0x6be3b000
core   0: 0xffffffff800001a0 (0x800009b7) lui     s3, 0x80000
3 0x800001a0 (0x800009b7) x19 0x80000000
core   0: 0xffffffff800001a4 (0x79050937) lui     s2, 0x79050
3 0x800001a4 (0x79050937) x18 0x79050000
core   0: 0xffffffff800001a8 (0x3ad90913) addi    s2, s2, 941
3 0x800001a8 (0x3ad90913) x18 0x790503ad
core   0: 0xffffffff800001ac (0x800008b7) lui     a7, 0x80000
3 0x800001ac (0x800008b7) x17 0x80000000
core   0: 0xffffffff800001b0 (0x80000eb7) lui     t4, 0x80000
3 0x800001b0 (0x80000eb7) x29 0x80000000
core   0: 0xffffffff800001b4 (0x80000137) lui     sp, 0x80000
3 0x800001b4 (0x80000137) x 2 0x80000000
core   0: 0xffffffff800001b8 (0xfff00213) li      tp, -1
3 0x800001b8 (0xfff00213) x 4 0xffffffff
core   0: 0xffffffff800001bc (0x7fc440b7) lui     ra, 0x7fc44
3 0x800001bc (0x7fc440b7) x 1 0x7fc44000
core   0: 0xffffffff800001c0 (0x60008093) addi    ra, ra, 1536
3 0x800001c0 (0x60008093) x 1 0x7fc44600
core   0: 0xffffffff800001c4 (0x730f3ab7) lui     s5, 0x730f3
3 0x800001c4 (0x730f3ab7) x21 0x730f3000
core   0: 0xffffffff800001c8 (0x1f8a8a93) addi    s5, s5, 504
3 0x800001c8 (0x1f8a8a93) x21 0x730f31f8
core   0: 0xffffffff800001cc (0x00000693) li      a3, 0
3 0x800001cc (0x00000693) x13 0x00000000
core   0: 0xffffffff800001d0 (0x80000837) lui     a6, 0x80000
3 0x800001d0 (0x80000837) x16 0x80000000
core   0: 0xffffffff800001d4 (0x00000013) nop
3 0x800001d4 (0x00000013)
core   0: 0xffffffff800001d8 (0x013806b3) add     a3, a6, s3
3 0x800001d8 (0x013806b3) x13 0x00000000
core   0: 0xffffffff800001dc (0xe9b98e93) addi    t4, s3, -357
3 0x800001dc (0xe9b98e93) x29 0x7ffffe9b
core   0: 0xffffffff800001e0 (0xcbcd7837) lui     a6, 0xcbcd7
3 0x800001e0 (0xcbcd7837) x16 0xcbcd7000
core   0: 0xffffffff800001e4 (0x18522997) auipc   s3, 0x18522
3 0x800001e4 (0x18522997) x19 0x985221e4
core   0: 0xffffffff800001e8 (0x63115837) lui     a6, 0x63115
3 0x800001e8 (0x63115837) x16 0x63115000
core   0: 0xffffffff800001ec (0x402e88b3) sub     a7, t4, sp
3 0x800001ec (0x402e88b3) x17 0xfffffe9b
core   0: 0xffffffff800001f0 (0x00000013) nop
3 0x800001f0 (0x00000013)
core   0: 0xffffffff800001f4 (0x74aafa97) auipc   s5, 0x74aaf
3 0x800001f4 (0x74aafa97) x21 0xf4aaf1f4
core   0: 0xffffffff800001f8 (0x00000013) nop
3 0x800001f8 (0x00000013)
core   0: 0xffffffff800001fc (0x2ac20913) addi    s2, tp, 684
3 0x800001fc (0x2ac20913) x18 0x000002ab
core   0: 0xffffffff80000200 (0x00000013) nop
3 0x80000200 (0x00000013)
core   0: 0xffffffff80000204 (0x40480233) sub     tp, a6, tp
3 0x80000204 (0x40480233) x 4 0x63115001
core   0: 0xffffffff80000208 (0xf0efe217) auipc   tp, 0xf0efe
3 0x80000208 (0xf0efe217) x 4 0x70efe208
core   0: 0xffffffff8000020c (0xb7298eb7) lui     t4, 0xb7298
3 0x8000020c (0xb7298eb7) x29 0xb7298000
core   0: 0xffffffff80000210 (0x38efceb7) lui     t4, 0x38efc
3 0x80000210 (0x38efceb7) x29 0x38efc000
core   0: 0xffffffff80000214 (0x6318d097) auipc   ra, 0x6318d
3 0x80000214 (0x6318d097) x 1 0xe318d214
core   0: 0xffffffff80000218 (0xb8ba8337) lui     t1, 0xb8ba8
3 0x80000218 (0xb8ba8337) x 6 0xb8ba8000
core   0: 0xffffffff8000021c (0xd4330313) addi    t1, t1, -701
3 0x8000021c (0xd4330313) x 6 0xb8ba7d43
core   0: 0xffffffff80000220 (0xf73e3f37) lui     t5, 0xf73e3
3 0x80000220 (0xf73e3f37) x30 0xf73e3000
core   0: 0xffffffff80000224 (0xec1f0f13) addi    t5, t5, -319
3 0x80000224 (0xec1f0f13) x30 0xf73e2ec1
core   0: 0xffffffff80000228 (0x8f1790b7) lui     ra, 0x8f179
3 0x80000228 (0x8f1790b7) x 1 0x8f179000
core   0: 0xffffffff8000022c (0x14308093) addi    ra, ra, 323
3 0x8000022c (0x14308093) x 1 0x8f179143
core   0: 0xffffffff80000230 (0xd40d25b7) lui     a1, 0xd40d2
3 0x80000230 (0xd40d25b7) x11 0xd40d2000
core   0: 0xffffffff80000234 (0xe2458593) addi    a1, a1, -476
3 0x80000234 (0xe2458593) x11 0xd40d1e24
core   0: 0xffffffff80000238 (0x00000913) li      s2, 0
3 0x80000238 (0x00000913) x18 0x00000000
core   0: 0xffffffff8000023c (0x00000793) li      a5, 0
3 0x8000023c (0x00000793) x15 0x00000000
core   0: 0xffffffff80000240 (0xfff00e93) li      t4, -1
3 0x80000240 (0xfff00e93) x29 0xffffffff
core   0: 0xffffffff80000244 (0x00000a93) li      s5, 0
3 0x80000244 (0x00000a93) x21 0x00000000
core   0: 0xffffffff80000248 (0xfff00613) li      a2, -1
3 0x80000248 (0xfff00613) x12 0xffffffff
core   0: 0xffffffff8000024c (0x80000537) lui     a0, 0x80000
3 0x8000024c (0x80000537) x10 0x80000000
core   0: 0xffffffff80000250 (0x40678333) sub     t1, a5, t1
3 0x80000250 (0x40678333) x 6 0x474582bd
core   0: 0xffffffff80000254 (0x00000013) nop
3 0x80000254 (0x00000013)
core   0: 0xffffffff80000258 (0x301f6317) auipc   t1, 0x301f6
3 0x80000258 (0x301f6317) x 6 0xb01f6258
core   0: 0xffffffff8000025c (0x36790a93) addi    s5, s2, 871
3 0x8000025c (0x36790a93) x21 0x00000367
core   0: 0xffffffff80000260 (0x41260633) sub     a2, a2, s2
3 0x80000260 (0x41260633) x12 0xffffffff
core   0: 0xffffffff80000264 (0xf0d8ce97) auipc   t4, 0xf0d8c
3 0x80000264 (0xf0d8ce97) x29 0x70d8c264
core   0: 0xffffffff80000268 (0x00000013) nop
3 0x80000268 (0x00000013)
core   0: 0xffffffff8000026c (0x00000013) nop
3 0x8000026c (0x00000013)
core   0: 0xffffffff80000270 (0xecd5a917) auipc   s2, 0xecd5a
3 0x80000270 (0xecd5a917) x18 0x6cd5a270
core   0: 0xffffffff80000274 (0xff6e8313) addi    t1, t4, -10
3 0x80000274 (0xff6e8313) x 6 0x70d8c25a
core   0: 0xffffffff80000278 (0xf6390a93) addi    s5, s2, -157
3 0x80000278 (0xf6390a93) x21 0x6cd5a1d3
core   0: 0xffffffff8000027c (0xd6190a93) addi    s5, s2, -671
3 0x8000027c (0xd6190a93) x21 0x6cd59fd1
core   0: 0xffffffff80000280 (0x01ef05b3) add     a1, t5, t5
3 0x80000280 (0x01ef05b3) x11 0xee7c5d82
core   0: 0xffffffff80000284 (0x406080b3) sub     ra, ra, t1
3 0x80000284 (0x406080b3) x 1 0x1e3ecee9
core   0: 0xffffffff80000288 (0x001a8933) add     s2, s5, ra
3 0x80000288 (0x001a8933) x18 0x8b146eba
core   0: 0xffffffff8000028c (0x01278933) add     s2, a5, s2
3 0x8000028c (0x01278933) x18 0x8b146eba
core   0: 0xffffffff80000290 (0x01e08eb3) add     t4, ra, t5
3 0x80000290 (0x01e08eb3) x29 0x157cfdaa
core   0: 0xffffffff80000294 (0xfdb58613) addi    a2, a1, -37
3 0x80000294 (0xfdb58613) x12 0xee7c5d5d
core   0: 0xffffffff80000298 (0x00000013) nop
3 0x80000298 (0x00000013)
core   0: 0xffffffff8000029c (0x41ef05b3) sub     a1, t5, t5
3 0x8000029c (0x41ef05b3) x11 0x00000000
core   0: 0xffffffff800002a0 (0x030e8517) auipc   a0, 0x30e8
3 0x800002a0 (0x030e8517) x10 0x830e82a0
core   0: 0xffffffff800002a4 (0xcfb77617) auipc   a2, 0xcfb77
3 0x800002a4 (0xcfb77617) x12 0x4fb772a4
core   0: 0xffffffff800002a8 (0x01d900b3) add     ra, s2, t4
3 0x800002a8 (0x01d900b3) x 1 0xa0916c64
core   0: 0xffffffff800002ac (0xae9a67b7) lui     a5, 0xae9a6
3 0x800002ac (0xae9a67b7) x15 0xae9a6000
core   0: 0xffffffff800002b0 (0x41278eb3) sub     t4, a5, s2
3 0x800002b0 (0x41278eb3) x29 0x2385f146
core   0: 0xffffffff800002b4 (0xece9f317) auipc   t1, 0xece9f
3 0x800002b4 (0xece9f317) x 6 0x6ce9f2b4
core   0: 0xffffffff800002b8 (0xee958a93) addi    s5, a1, -279
3 0x800002b8 (0xee958a93) x21 0xfffffee9
core   0: 0xffffffff800002bc (0x00000013) nop
3 0x800002bc (0x00000013)
core   0: 0xffffffff800002c0 (0x088d5f37) lui     t5, 0x88d5
3 0x800002c0 (0x088d5f37) x30 0x088d5000
core   0: 0xffffffff800002c4 (0x40a30933) sub     s2, t1, a0
3 0x800002c4 (0x40a30933) x18 0xe9db7014
core   0: 0xffffffff800002c8 (0xeb966c37) lui     s8, 0xeb966
3 0x800002c8 (0xeb966c37) x24 0xeb966000
core   0: 0xffffffff800002cc (0x8bac0c13) addi    s8, s8, -1862
3 0x800002cc (0x8bac0c13) x24 0xeb9658ba
core   0: 0xffffffff800002d0 (0x00000193) li      gp, 0
3 0x800002d0 (0x00000193) x 3 0x00000000
core   0: 0xffffffff800002d4 (0x80000437) lui     s0, 0x80000
3 0x800002d4 (0x80000437) x 8 0x80000000
core   0: 0xffffffff800002d8 (0x80000e37) lui     t3, 0x80000
3 0x800002d8 (0x80000e37) x28 0x80000000
core   0: 0xffffffff800002dc (0xfff00793) li      a5, -1
3 0x800002dc (0xfff00793) x15 0xffffffff
core   0: 0xffffffff800002e0 (0x80000bb7) lui     s7, 0x80000
3 0x800002e0 (0x80000bb7) x23 0x80000000
core   0: 0xffffffff800002e4 (0xfff00513) li      a0, -1
3 0x800002e4 (0xfff00513) x10 0xffffffff
core   0: 0xffffffff800002e8 (0x20e226b7) lui     a3, 0x20e22
3 0x800002e8 (0x20e226b7) x13 0x20e22000
core   0: 0xffffffff800002ec (0x9b768693) addi    a3, a3, -1609
3 0x800002ec (0x9b768693) x13 0x20e219b7
core   0: 0xffffffff800002f0 (0x00000893) li      a7, 0
3 0x800002f0 (0x00000893) x17 0x00000000
core   0: 0xffffffff800002f4 (0xfff00593) li      a1, -1
3 0x800002f4 (0xfff00593) x11 0xffffffff
core   0: 0xffffffff800002f8 (0x38c40693) addi    a3, s0, 908
3 0x800002f8 (0x38c40693) x13 0x8000038c
core   0: 0xffffffff800002fc (0x40f687b3) sub     a5, a3, a5
3 0x800002fc (0x40f687b3) x15 0x8000038d
core   0: 0xffffffff80000300 (0x16d40593) addi    a1, s0, 365
3 0x80000300 (0x16d40593) x11 0x8000016d
core   0: 0xffffffff80000304 (0x40a88e33) sub     t3, a7, a0
3 0x80000304 (0x40a88e33) x28 0x00000001
core   0: 0xffffffff80000308 (0x1a650793) addi    a5, a0, 422
3 0x80000308 (0x1a650793) x15 0x000001a5
core   0: 0xffffffff8000030c (0xdc950593) addi    a1, a0, -567
3 0x8000030c (0xdc950593) x11 0xfffffdc8
core   0: 0xffffffff80000310 (0xc27cbc37) lui     s8, 0xc27cb
3 0x80000310 (0xc27cbc37) x24 0xc27cb000
core   0: 0xffffffff80000314 (0x00000013) nop
3 0x80000314 (0x00000013)
core   0: 0xffffffff80000318 (0xdfe19897) auipc   a7, 0xdfe19
3 0x80000318 (0xdfe19897) x17 0x5fe19318
core   0: 0xffffffff8000031c (0xfbf24597) auipc   a1, 0xfbf24
3 0x8000031c (0xfbf24597) x11 0x7bf2431c
core   0: 0xffffffff80000320 (0x017186b3) add     a3, gp, s7
3 0x80000320 (0x017186b3) x13 0x80000000
core   0: 0xffffffff80000324 (0x40db8bb3) sub     s7, s7, a3
3 0x80000324 (0x40db8bb3) x23 0x00000000
core   0: 0xffffffff80000328 (0x00000013) nop
3 0x80000328 (0x00000013)
core   0: 0xffffffff8000032c (0x5c188c37) lui     s8, 0x5c188
3 0x8000032c (0x5c188c37) x24 0x5c188000
core   0: 0xffffffff80000330 (0x018b8533) add     a0, s7, s8
3 0x80000330 (0x018b8533) x10 0x5c188000
core   0: 0xffffffff80000334 (0xfdff7597) auipc   a1, 0xfdff7
3 0x80000334 (0xfdff7597) x11 0x7dff7334
core   0: 0xffffffff80000338 (0x003b8433) add     s0, s7, gp
3 0x80000338 (0x003b8433) x 8 0x00000000
core   0: 0xffffffff8000033c (0x01c40c33) add     s8, s0, t3
3 0x8000033c (0x01c40c33) x24 0x00000001
core   0: 0xffffffff80000340 (0x00000013) nop
3 0x80000340 (0x00000013)
core   0: 0xffffffff80000344 (0x9bb7db97) auipc   s7, 0x9bb7d
3 0x80000344 (0x9bb7db97) x23 0x1bb7d344
core   0: 0xffffffff80000348 (0xfbba2797) auipc   a5, 0xfbba2
3 0x80000348 (0xfbba2797) x15 0x7bba2348
core   0: 0xffffffff8000034c (0x85dd2b97) auipc   s7, 0x85dd2
3 0x8000034c (0x85dd2b97) x23 0x05dd234c
core   0: 0xffffffff80000350 (0x00000013) nop
3 0x80000350 (0x00000013)
core   0: 0xffffffff80000354 (0xc95d1597) auipc   a1, 0xc95d1
3 0x80000354 (0xc95d1597) x11 0x495d1354
core   0: 0xffffffff80000358 (0xc8721b97) auipc   s7, 0xc8721
3 0x80000358 (0xc8721b97) x23 0x48721358
core   0: 0xffffffff8000035c (0x017508b3) add     a7, a0, s7
3 0x8000035c (0x017508b3) x17 0xa48a9358
core   0: 0xffffffff80000360 (0x80000637) lui     a2, 0x80000
3 0x80000360 (0x80000637) x12 0x80000000
core   0: 0xffffffff80000364 (0x800008b7) lui     a7, 0x80000
3 0x80000364 (0x800008b7) x17 0x80000000
core   0: 0xffffffff80000368 (0xfff00293) li      t0, -1
3 0x80000368 (0xfff00293) x 5 0xffffffff
core   0: 0xffffffff8000036c (0x00000593) li      a1, 0
3 0x8000036c (0x00000593) x11 0x00000000
core   0: 0xffffffff80000370 (0xcf2aa9b7) lui     s3, 0xcf2aa
3 0x80000370 (0xcf2aa9b7) x19 0xcf2aa000
core   0: 0xffffffff80000374 (0xc9898993) addi    s3, s3, -872
3 0x80000374 (0xc9898993) x19 0xcf2a9c98
core   0: 0xffffffff80000378 (0x00000a93) li      s5, 0
3 0x80000378 (0x00000a93) x21 0x00000000
core   0: 0xffffffff8000037c (0x421b7337) lui     t1, 0x421b7
3 0x8000037c (0x421b7337) x 6 0x421b7000
core   0: 0xffffffff80000380 (0x24030313) addi    t1, t1, 576
3 0x80000380 (0x24030313) x 6 0x421b7240
core   0: 0xffffffff80000384 (0x00000e93) li      t4, 0
3 0x80000384 (0x00000e93) x29 0x00000000
core   0: 0xffffffff80000388 (0x800001b7) lui     gp, 0x80000
3 0x80000388 (0x800001b7) x 3 0x80000000
core   0: 0xffffffff8000038c (0x80000737) lui     a4, 0x80000
3 0x8000038c (0x80000737) x14 0x80000000
core   0: 0xffffffff80000390 (0xa308aa97) auipc   s5, 0xa308a
3 0x80000390 (0xa308aa97) x21 0x2308a390
core   0: 0xffffffff80000394 (0xd02132b7) lui     t0, 0xd0213
3 0x80000394 (0xd02132b7) x 5 0xd0213000
core   0: 0xffffffff80000398 (0x3b098193) addi    gp, s3, 944
3 0x80000398 (0x3b098193) x 3 0xcf2aa048
core   0: 0xffffffff8000039c (0x01160733) add     a4, a2, a7
3 0x8000039c (0x01160733) x14 0x00000000
core   0: 0xffffffff800003a0 (0x405a88b3) sub     a7, s5, t0
3 0x800003a0 (0x405a88b3) x17 0x52e77390
core   0: 0xffffffff800003a4 (0x00000013) nop
3 0x800003a4 (0x00000013)
core   0: 0xffffffff800003a8 (0xd39dc297) auipc   t0, 0xd39dc
3 0x800003a8 (0xd39dc297) x 5 0x539dc3a8
core   0: 0xffffffff800003ac (0x00000013) nop
3 0x800003ac (0x00000013)
core   0: 0xffffffff800003b0 (0x00e705b3) add     a1, a4, a4
3 0x800003b0 (0x00e705b3) x11 0x00000000
core   0: 0xffffffff800003b4 (0x003a8ab3) add     s5, s5, gp
3 0x800003b4 (0x003a8ab3) x21 0xf23343d8
core   0: 0xffffffff800003b8 (0x00000013) nop
3 0x800003b8 (0x00000013)
core   0: 0xffffffff800003bc (0x415185b3) sub     a1, gp, s5
3 0x800003bc (0x415185b3) x11 0xdcf75c70
core   0: 0xffffffff800003c0 (0xdaa60613) addi    a2, a2, -598
3 0x800003c0 (0xdaa60613) x12 0x7ffffdaa
core   0: 0xffffffff800003c4 (0x01d98333) add     t1, s3, t4
3 0x800003c4 (0x01d98333) x 6 0xcf2a9c98
core   0: 0xffffffff800003c8 (0xe9fbf297) auipc   t0, 0xe9fbf
3 0x800003c8 (0xe9fbf297) x 5 0x69fbf3c8
core   0: 0xffffffff800003cc (0x41330eb3) sub     t4, t1, s3
3 0x800003cc (0x41330eb3) x29 0x00000000
core   0: 0xffffffff800003d0 (0x00398733) add     a4, s3, gp
3 0x800003d0 (0x00398733) x14 0x9e553ce0
core   0: 0xffffffff800003d4 (0x406305b3) sub     a1, t1, t1
3 0x800003d4 (0x406305b3) x11 0x00000000
core   0: 0xffffffff800003d8 (0x1d3a8593) addi    a1, s5, 467
3 0x800003d8 (0x1d3a8593) x11 0xf23345ab
core   0: 0xffffffff800003dc (0x6a149997) auipc   s3, 0x6a149
3 0x800003dc (0x6a149997) x19 0xea1493dc
core   0: 0xffffffff800003e0 (0x015285b3) add     a1, t0, s5
3 0x800003e0 (0x015285b3) x11 0x5c2f37a0
core   0: 0xffffffff800003e4 (0x800003b7) lui     t2, 0x80000
3 0x800003e4 (0x800003b7) x 7 0x80000000
core   0: 0xffffffff800003e8 (0x80000537) lui     a0, 0x80000
3 0x800003e8 (0x80000537) x10 0x80000000
core   0: 0xffffffff800003ec (0x80000137) lui     sp, 0x80000
3 0x800003ec (0x80000137) x 2 0x80000000
core   0: 0xffffffff800003f0 (0x800002b7) lui     t0, 0x80000
3 0x800003f0 (0x800002b7) x 5 0x80000000
core   0: 0xffffffff800003f4 (0x00000f93) li      t6, 0
3 0x800003f4 (0x00000f93) x31 0x00000000
core   0: 0xffffffff800003f8 (0xfff00e13) li      t3, -1
3 0x800003f8 (0xfff00e13) x28 0xffffffff
core   0: 0xffffffff800003fc (0x8cfa5eb7) lui     t4, 0x8cfa5
3 0x800003fc (0x8cfa5eb7) x29 0x8cfa5000
core   0: 0xffffffff80000400 (0xdd3e8e93) addi    t4, t4, -557
3 0x80000400 (0xdd3e8e93) x29 0x8cfa4dd3
core   0: 0xffffffff80000404 (0xfff00c93) li      s9, -1
3 0x80000404 (0xfff00c93) x25 0xffffffff
core   0: 0xffffffff80000408 (0x80000837) lui     a6, 0x80000
3 0x80000408 (0x80000837) x16 0x80000000
core   0: 0xffffffff8000040c (0x05ef3ab7) lui     s5, 0x5ef3
3 0x8000040c (0x05ef3ab7) x21 0x05ef3000
core   0: 0xffffffff80000410 (0xa9ea8a93) addi    s5, s5, -1378
3 0x80000410 (0xa9ea8a93) x21 0x05ef2a9e
core   0: 0xffffffff80000414 (0x8aa1f837) lui     a6, 0x8aa1f
3 0x80000414 (0x8aa1f837) x16 0x8aa1f000
core   0: 0xffffffff80000418 (0x019e0533) add     a0, t3, s9
3 0x80000418 (0x019e0533) x10 0xfffffffe
core   0: 0xffffffff8000041c (0x1d310f93) addi    t6, sp, 467
3 0x8000041c (0x1d310f93) x31 0x800001d3
core   0: 0xffffffff80000420 (0x31db0537) lui     a0, 0x31db0
3 0x80000420 (0x31db0537) x10 0x31db0000
core   0: 0xffffffff80000424 (0x00000013) nop
3 0x80000424 (0x00000013)
core   0: 0xffffffff80000428 (0x9e45a297) auipc   t0, 0x9e45a
3 0x80000428 (0x9e45a297) x 5 0x1e45a428
core   0: 0xffffffff8000042c (0x3be10113) addi    sp, sp, 958
3 0x8000042c (0x3be10113) x 2 0x800003be
core   0: 0xffffffff80000430 (0xcc110813) addi    a6, sp, -831
3 0x80000430 (0xcc110813) x16 0x8000007f
core   0: 0xffffffff80000434 (0xdb9c5ab7) lui     s5, 0xdb9c5
3 0x80000434 (0xdb9c5ab7) x21 0xdb9c5000
core   0: 0xffffffff80000438 (0x15fa8c93) addi    s9, s5, 351
3 0x80000438 (0x15fa8c93) x25 0xdb9c515f
core   0: 0xffffffff8000043c (0x00000013) nop
3 0x8000043c (0x00000013)
core   0: 0xffffffff80000440 (0x00000013) nop
3 0x80000440 (0x00000013)
core   0: 0xffffffff80000444 (0x47741a97) auipc   s5, 0x47741
3 0x80000444 (0x47741a97) x21 0xc7741444
core   0: 0xffffffff80000448 (0x474a7eb7) lui     t4, 0x474a7
3 0x80000448 (0x474a7eb7) x29 0x474a7000
core   0: 0xffffffff8000044c (0x41fe0533) sub     a0, t3, t6
3 0x8000044c (0x41fe0533) x10 0x7ffffe2c
core   0: 0xffffffff80000450 (0x0465f117) auipc   sp, 0x465f
3 0x80000450 (0x0465f117) x 2 0x8465f450
core   0: 0xffffffff80000454 (0x14711cb7) lui     s9, 0x14711
3 0x80000454 (0x14711cb7) x25 0x14711000
core   0: 0xffffffff80000458 (0x8e0cee37) lui     t3, 0x8e0ce
3 0x80000458 (0x8e0cee37) x28 0x8e0ce000
core   0: 0xffffffff8000045c (0x97a22a97) auipc   s5, 0x97a22
3 0x8000045c (0x97a22a97) x21 0x17a2245c
core   0: 0xffffffff80000460 (0x750b5817) auipc   a6, 0x750b5
3 0x80000460 (0x750b5817) x16 0xf50b5460
core   0: 0xffffffff80000464 (0xd50eea97) auipc   s5, 0xd50ee
3 0x80000464 (0xd50eea97) x21 0x550ee464
core   0: 0xffffffff80000468 (0x01c50fb3) add     t6, a0, t3
3 0x80000468 (0x01c50fb3) x31 0x0e0cde2c
core   0: 0xffffffff8000046c (0x08f28393) addi    t2, t0, 143
3 0x8000046c (0x08f28393) x 7 0x1e45a4b7
core   0: 0xffffffff80000470 (0x01080cb3) add     s9, a6, a6
3 0x80000470 (0x01080cb3) x25 0xea16a8c0
core   0: 0xffffffff80000474 (0x007a8833) add     a6, s5, t2
3 0x80000474 (0x007a8833) x16 0x7354891b
core   0: 0xffffffff80000478 (0x39bf6a97) auipc   s5, 0x39bf6
3 0x80000478 (0x39bf6a97) x21 0xb9bf6478
core   0: 0xffffffff8000047c (0xfff00593) li      a1, -1
3 0x8000047c (0xfff00593) x11 0xffffffff
core   0: 0xffffffff80000480 (0x800002b7) lui     t0, 0x80000
3 0x80000480 (0x800002b7) x 5 0x80000000
core   0: 0xffffffff80000484 (0x800009b7) lui     s3, 0x80000
3 0x80000484 (0x800009b7) x19 0x80000000
core   0: 0xffffffff80000488 (0x80000c37) lui     s8, 0x80000
3 0x80000488 (0x80000c37) x24 0x80000000
core   0: 0xffffffff8000048c (0x0466a0b7) lui     ra, 0x466a
3 0x8000048c (0x0466a0b7) x 1 0x0466a000
core   0: 0xffffffff80000490 (0x3ec08093) addi    ra, ra, 1004
3 0x80000490 (0x3ec08093) x 1 0x0466a3ec
core   0: 0xffffffff80000494 (0xdcdc1137) lui     sp, 0xdcdc1
3 0x80000494 (0xdcdc1137) x 2 0xdcdc1000
core   0: 0xffffffff80000498 (0x05210113) addi    sp, sp, 82
3 0x80000498 (0x05210113) x 2 0xdcdc1052
core   0: 0xffffffff8000049c (0x800006b7) lui     a3, 0x80000
3 0x8000049c (0x800006b7) x13 0x80000000
core   0: 0xffffffff800004a0 (0xfff00b93) li      s7, -1
3 0x800004a0 (0xfff00b93) x23 0xffffffff
core   0: 0xffffffff800004a4 (0x00000913) li      s2, 0
3 0x800004a4 (0x00000913) x18 0x00000000
core   0: 0xffffffff800004a8 (0xff312b37) lui     s6, 0xff312
3 0x800004a8 (0xff312b37) x22 0xff312000
core   0: 0xffffffff800004ac (0xb3cb0b13) addi    s6, s6, -1220
3 0x800004ac (0xb3cb0b13) x22 0xff311b3c
core   0: 0xffffffff800004b0 (0x37608b93) addi    s7, ra, 886
3 0x800004b0 (0x37608b93) x23 0x0466a762
core   0: 0xffffffff800004b4 (0x8a3445b7) lui     a1, 0x8a344
3 0x800004b4 (0x8a3445b7) x11 0x8a344000
core   0: 0xffffffff800004b8 (0xcddc0b13) addi    s6, s8, -803
3 0x800004b8 (0xcddc0b13) x22 0x7ffffcdd
core   0: 0xffffffff800004bc (0x3c858113) addi    sp, a1, 968
3 0x800004bc (0x3c858113) x 2 0x8a3443c8
core   0: 0xffffffff800004c0 (0x7d8db917) auipc   s2, 0x7d8db
3 0x800004c0 (0x7d8db917) x18 0xfd8db4c0
core   0: 0xffffffff800004c4 (0x00000013) nop
3 0x800004c4 (0x00000013)
core   0: 0xffffffff800004c8 (0x00000013) nop
3 0x800004c8 (0x00000013)
core   0: 0xffffffff800004cc (0xce946997) auipc   s3, 0xce946
3 0x800004cc (0xce946997) x19 0x4e9464cc
core   0: 0xffffffff800004d0 (0x018c0133) add     sp, s8, s8
3 0x800004d0 (0x018c0133) x 2 0x00000000
core   0: 0xffffffff800004d4 (0x80f632b7) lui     t0, 0x80f63
3 0x800004d4 (0x80f632b7) x 5 0x80f63000
core   0: 0xffffffff800004d8 (0x1b608937) lui     s2, 0x1b608
3 0x800004d8 (0x1b608937) x18 0x1b608000
core   0: 0xffffffff800004dc (0x776e6097) auipc   ra, 0x776e6
3 0x800004dc (0x776e6097) x 1 0xf76e64dc
core   0: 0xffffffff800004e0 (0xef1fdb17) auipc   s6, 0xef1fd
3 0x800004e0 (0xef1fdb17) x22 0x6f1fd4e0
core   0: 0xffffffff800004e4 (0x416b0933) sub     s2, s6, s6
3 0x800004e4 (0x416b0933) x18 0x00000000
core   0: 0xffffffff800004e8 (0x412b8c33) sub     s8, s7, s2
3 0x800004e8 (0x412b8c33) x24 0x0466a762
core   0: 0xffffffff800004ec (0x6bb1a5b7) lui     a1, 0x6bb1a
3 0x800004ec (0x6bb1a5b7) x11 0x6bb1a000
core   0: 0xffffffff800004f0 (0x00000013) nop
3 0x800004f0 (0x00000013)
core   0: 0xffffffff800004f4 (0xe8531097) auipc   ra, 0xe8531
3 0x800004f4 (0xe8531097) x 1 0x685314f4
core   0: 0xffffffff800004f8 (0x8aa852b7) lui     t0, 0x8aa85
3 0x800004f8 (0x8aa852b7) x 5 0x8aa85000
core   0: 0xffffffff800004fc (0x41368c33) sub     s8, a3, s3
3 0x800004fc (0x41368c33) x24 0x316b9b34
core   0: 0xffffffff80000500 (0x005280b3) add     ra, t0, t0
3 0x80000500 (0x005280b3) x 1 0x1550a000
core   0: 0xffffffff80000504 (0x0d1c0593) addi    a1, s8, 209
3 0x80000504 (0x0d1c0593) x11 0x316b9c05
core   0: 0xffffffff80000508 (0xb8c755b7) lui     a1, 0xb8c75
3 0x80000508 (0xb8c755b7) x11 0xb8c75000
core   0: 0xffffffff8000050c (0xc1628293) addi    t0, t0, -1002
3 0x8000050c (0xc1628293) x 5 0x8aa84c16
core   0: 0xffffffff80000510 (0x412b09b3) sub     s3, s6, s2
3 0x80000510 (0x412b09b3) x19 0x6f1fd4e0
core   0: 0xffffffff80000514 (0x1f408093) addi    ra, ra, 500
3 0x80000514 (0x1f408093) x 1 0x1550a1f4
core   0: 0xffffffff80000518 (0x413080b3) sub     ra, ra, s3
3 0x80000518 (0x413080b3) x 1 0xa630cd14
core   0: 0xffffffff8000051c (0x2bd39b37) lui     s6, 0x2bd39
3 0x8000051c (0x2bd39b37) x22 0x2bd39000
core   0: 0xffffffff80000520 (0x01208c33) add     s8, ra, s2
3 0x80000520 (0x01208c33) x24 0xa630cd14
core   0: 0xffffffff80000524 (0x41828133) sub     sp, t0, s8
3 0x80000524 (0x41828133) x 2 0xe4777f02
core   0: 0xffffffff80000528 (0x00000313) li      t1, 0
3 0x80000528 (0x00000313) x 6 0x00000000
core   0: 0xffffffff8000052c (0xfff00c93) li      s9, -1
3 0x8000052c (0xfff00c93) x25 0xffffffff
core   0: 0xffffffff80000530 (0x80000c37) lui     s8, 0x80000
3 0x80000530 (0x80000c37) x24 0x80000000
core   0: 0xffffffff80000534 (0xfff00513) li      a0, -1
3 0x80000534 (0xfff00513) x10 0xffffffff
core   0: 0xffffffff80000538 (0x00000613) li      a2, 0
3 0x80000538 (0x00000613) x12 0x00000000
core   0: 0xffffffff8000053c (0x0b9516b7) lui     a3, 0xb951
3 0x8000053c (0x0b9516b7) x13 0x0b951000
core   0: 0xffffffff80000540 (0xd6168693) addi    a3, a3, -671
3 0x80000540 (0xd6168693) x13 0x0b950d61
core   0: 0xffffffff80000544 (0xfff00793) li      a5, -1
3 0x80000544 (0xfff00793) x15 0xffffffff
core   0: 0xffffffff80000548 (0x00000393) li      t2, 0
3 0x80000548 (0x00000393) x 7 0x00000000
core   0: 0xffffffff8000054c (0xb8351837) lui     a6, 0xb8351
3 0x8000054c (0xb8351837) x16 0xb8351000
core   0: 0xffffffff80000550 (0xd0680813) addi    a6, a6, -762
3 0x80000550 (0xd0680813) x16 0xb8350d06
core   0: 0xffffffff80000554 (0xc8eff0b7) lui     ra, 0xc8eff
3 0x80000554 (0xc8eff0b7) x 1 0xc8eff000
core   0: 0xffffffff80000558 (0xa1708093) addi    ra, ra, -1513
3 0x80000558 (0xa1708093) x 1 0xc8efea17
core   0: 0xffffffff8000055c (0x4830d637) lui     a2, 0x4830d
3 0x8000055c (0x4830d637) x12 0x4830d000
core   0: 0xffffffff80000560 (0x00000013) nop
3 0x80000560 (0x00000013)
core   0: 0xffffffff80000564 (0x328adc37) lui     s8, 0x328ad
3 0x80000564 (0x328adc37) x24 0x328ad000
core   0: 0xffffffff80000568 (0x006c0533) add     a0, s8, t1
3 0x80000568 (0x006c0533) x10 0x328ad000
core   0: 0xffffffff8000056c (0x00811637) lui     a2, 0x811
3 0x8000056c (0x00811637) x12 0x00811000
core   0: 0xffffffff80000570 (0x0c242517) auipc   a0, 0xc242
3 0x80000570 (0x0c242517) x10 0x8c242570
core   0: 0xffffffff80000574 (0x00000013) nop
3 0x80000574 (0x00000013)
core   0: 0xffffffff80000578 (0x0f908093) addi    ra, ra, 249
3 0x80000578 (0x0f908093) x 1 0xc8efeb10
core   0: 0xffffffff8000057c (0x40768333) sub     t1, a3, t2
3 0x8000057c (0x40768333) x 6 0x0b950d61
core   0: 0xffffffff80000580 (0x00660633) add     a2, a2, t1
3 0x80000580 (0x00660633) x12 0x0c161d61
core   0: 0xffffffff80000584 (0x00000013) nop
3 0x80000584 (0x00000013)
core   0: 0xffffffff80000588 (0x40a78533) sub     a0, a5, a0
3 0x80000588 (0x40a78533) x10 0x73dbda8f
core   0: 0xffffffff8000058c (0x401306b3) sub     a3, t1, ra
3 0x8000058c (0x401306b3) x13 0x42a52251
core   0: 0xffffffff80000590 (0x00000013) nop
3 0x80000590 (0x00000013)
core   0: 0xffffffff80000594 (0xf0680793) addi    a5, a6, -250
3 0x80000594 (0xf0680793) x15 0xb8350c0c
core   0: 0xffffffff80000598 (0xc2d68c93) addi    s9, a3, -979
3 0x80000598 (0xc2d68c93) x25 0x42a51e7e
core   0: 0xffffffff8000059c (0xc6b12797) auipc   a5, 0xc6b12
3 0x8000059c (0xc6b12797) x15 0x46b1259c
core   0: 0xffffffff800005a0 (0x27ed4817) auipc   a6, 0x27ed4
3 0x800005a0 (0x27ed4817) x16 0xa7ed45a0
core   0: 0xffffffff800005a4 (0x9c272397) auipc   t2, 0x9c272
3 0x800005a4 (0x9c272397) x 7 0x1c2725a4
core   0: 0xffffffff800005a8 (0x00000013) nop
3 0x800005a8 (0x00000013)
core   0: 0xffffffff800005ac (0x00780c33) add     s8, a6, t2
3 0x800005ac (0x00780c33) x24 0xc4146b44
core   0: 0xffffffff800005b0 (0x66bb6537) lui     a0, 0x66bb6
3 0x800005b0 (0x66bb6537) x10 0x66bb6000
core   0: 0xffffffff800005b4 (0x00000013) nop
3 0x800005b4 (0x00000013)
core   0: 0xffffffff800005b8 (0xdb230093) addi    ra, t1, -590
3 0x800005b8 (0xdb230093) x 1 0x0b950b13
core   0: 0xffffffff800005bc (0x39abe437) lui     s0, 0x39abe
3 0x800005bc (0x39abe437) x 8 0x39abe000
core   0: 0xffffffff800005c0 (0xe0c40413) addi    s0, s0, -500
3 0x800005c0 (0xe0c40413) x 8 0x39abde0c
core   0: 0xffffffff800005c4 (0x00000f93) li      t6, 0
3 0x800005c4 (0x00000f93) x31 0x00000000
core   0: 0xffffffff800005c8 (0xfff00593) li      a1, -1
3 0x800005c8 (0xfff00593) x11 0xffffffff
core   0: 0xffffffff800005cc (0x00000913) li      s2, 0
3 0x800005cc (0x00000913) x18 0x00000000
core   0: 0xffffffff800005d0 (0x00000213) li      tp, 0
3 0x800005d0 (0x00000213) x 4 0x00000000
core   0: 0xffffffff800005d4 (0xfff00a93) li      s5, -1
3 0x800005d4 (0xfff00a93) x21 0xffffffff
core   0: 0xffffffff800005d8 (0x800006b7) lui     a3, 0x80000
3 0x800005d8 (0x800006b7) x13 0x80000000
core   0: 0xffffffff800005dc (0xfff00e93) li      t4, -1
3 0x800005dc (0xfff00e93) x29 0xffffffff
core   0: 0xffffffff800005e0 (0x9824fdb7) lui     s11, 0x9824f
3 0x800005e0 (0x9824fdb7) x27 0x9824f000
core   0: 0xffffffff800005e4 (0xd13d8d93) addi    s11, s11, -749
3 0x800005e4 (0xd13d8d93) x27 0x9824ed13
core   0: 0xffffffff800005e8 (0x800003b7) lui     t2, 0x80000
3 0x800005e8 (0x800003b7) x 7 0x80000000
core   0: 0xffffffff800005ec (0x2926e397) auipc   t2, 0x2926e
3 0x800005ec (0x2926e397) x 7 0xa926e5ec
core   0: 0xffffffff800005f0 (0x01b206b3) add     a3, tp, s11
3 0x800005f0 (0x01b206b3) x13 0x9824ed13
core   0: 0xffffffff800005f4 (0xfd3836b7) lui     a3, 0xfd383
3 0x800005f4 (0xfd3836b7) x13 0xfd383000
core   0: 0xffffffff800005f8 (0x17dcc697) auipc   a3, 0x17dcc
3 0x800005f8 (0x17dcc697) x13 0x97dcc5f8
core   0: 0xffffffff800005fc (0x0dd37e97) auipc   t4, 0xdd37
3 0x800005fc (0x0dd37e97) x29 0x8dd375fc
core   0: 0xffffffff80000600 (0xf7390a93) addi    s5, s2, -141
3 0x80000600 (0xf7390a93) x21 0xffffff73
core   0: 0xffffffff80000604 (0x1be20d93) addi    s11, tp, 446
3 0x80000604 (0x1be20d93) x27 0x000001be
core   0: 0xffffffff80000608 (0xf1244f97) auipc   t6, 0xf1244
3 0x80000608 (0xf1244f97) x31 0x71244608
core   0: 0xffffffff8000060c (0x41bd8433) sub     s0, s11, s11
3 0x8000060c (0x41bd8433) x 8 0x00000000
core   0: 0xffffffff80000610 (0x150d8d93) addi    s11, s11, 336
3 0x80000610 (0x150d8d93) x27 0x0000030e
core   0: 0xffffffff80000614 (0x16bd8693) addi    a3, s11, 363
3 0x80000614 (0x16bd8693) x13 0x00000479
core   0: 0xffffffff80000618 (0x41568eb3) sub     t4, a3, s5
3 0x80000618 (0x41568eb3) x29 0x00000506
core   0: 0xffffffff8000061c (0x00df85b3) add     a1, t6, a3
3 0x8000061c (0x00df85b3) x11 0x71244a81
core   0: 0xffffffff80000620 (0xccf32db7) lui     s11, 0xccf32
3 0x80000620 (0xccf32db7) x27 0xccf32000
core   0: 0xffffffff80000624 (0x00820db3) add     s11, tp, s0
3 0x80000624 (0x00820db3) x27 0x00000000
core   0: 0xffffffff80000628 (0x7311e237) lui     tp, 0x7311e
3 0x80000628 (0x7311e237) x 4 0x7311e000
core   0: 0xffffffff8000062c (0x00000013) nop
3 0x8000062c (0x00000013)
core   0: 0xffffffff80000630 (0x004406b3) add     a3, s0, tp
3 0x80000630 (0x004406b3) x13 0x7311e000
core   0: 0xffffffff80000634 (0x3a090693) addi    a3, s2, 928
3 0x80000634 (0x3a090693) x13 0x000003a0
core   0: 0xffffffff80000638 (0x40da8eb3) sub     t4, s5, a3
3 0x80000638 (0x40da8eb3) x29 0xfffffbd3
core   0: 0xffffffff8000063c (0x16ca7397) auipc   t2, 0x16ca7
3 0x8000063c (0x16ca7397) x 7 0x96ca763c
core   0: 0xffffffff80000640 (0x7b321397) auipc   t2, 0x7b321
3 0x80000640 (0x7b321397) x 7 0xfb321640
core   0: 0xffffffff80000644 (0x419856b7) lui     a3, 0x41985
3 0x80000644 (0x419856b7) x13 0x41985000
core   0: 0xffffffff80000648 (0x00be8933) add     s2, t4, a1
3 0x80000648 (0x00be8933) x18 0x71244654
core   0: 0xffffffff8000064c (0x40790233) sub     tp, s2, t2
3 0x8000064c (0x40790233) x 4 0x75f23014
core   0: 0xffffffff80000650 (0x26adbe97) auipc   t4, 0x26adb
3 0x80000650 (0x26adbe97) x29 0xa6adb650
core   0: 0xffffffff80000654 (0xb39ed337) lui     t1, 0xb39ed
3 0x80000654 (0xb39ed337) x 6 0xb39ed000
core   0: 0xffffffff80000658 (0xc2d30313) addi    t1, t1, -979
3 0x80000658 (0xc2d30313) x 6 0xb39ecc2d
core   0: 0xffffffff8000065c (0x00000513) li      a0, 0
3 0x8000065c (0x00000513) x10 0x00000000
core   0: 0xffffffff80000660 (0xfff00e13) li      t3, -1
3 0x80000660 (0xfff00e13) x28 0xffffffff
core   0: 0xffffffff80000664 (0x00000113) li      sp, 0
3 0x80000664 (0x00000113) x 2 0x00000000
core   0: 0xffffffff80000668 (0x00000d93) li      s11, 0
3 0x80000668 (0x00000d93) x27 0x00000000
core   0: 0xffffffff8000066c (0x00000b93) li      s7, 0
3 0x8000066c (0x00000b93) x23 0x00000000
core   0: 0xffffffff80000670 (0xfff00b13) li      s6, -1
3 0x80000670 (0xfff00b13) x22 0xffffffff
core   0: 0xffffffff80000674 (0x80000cb7) lui     s9, 0x80000
3 0x80000674 (0x80000cb7) x25 0x80000000
core   0: 0xffffffff80000678 (0x800002b7) lui     t0, 0x80000
3 0x80000678 (0x800002b7) x 5 0x80000000
core   0: 0xffffffff8000067c (0x800008b7) lui     a7, 0x80000
3 0x8000067c (0x800008b7) x17 0x80000000
core   0: 0xffffffff80000680 (0x006e02b3) add     t0, t3, t1
3 0x80000680 (0x006e02b3) x 5 0xb39ecc2c
core   0: 0xffffffff80000684 (0x093e0313) addi    t1, t3, 147
3 0x80000684 (0x093e0313) x 6 0x00000092
core   0: 0xffffffff80000688 (0x00000013) nop
3 0x80000688 (0x00000013)
core   0: 0xffffffff8000068c (0x01910b33) add     s6, sp, s9
3 0x8000068c (0x01910b33) x22 0x80000000
core   0: 0xffffffff80000690 (0x2b1d8b13) addi    s6, s11, 689
3 0x80000690 (0x2b1d8b13) x22 0x000002b1
core   0: 0xffffffff80000694 (0x017d8cb3) add     s9, s11, s7
3 0x80000694 (0x017d8cb3) x25 0x00000000
core   0: 0xffffffff80000698 (0x016e0e33) add     t3, t3, s6
3 0x80000698 (0x016e0e33) x28 0x000002b0
core   0: 0xffffffff8000069c (0x0ea89d97) auipc   s11, 0xea89
3 0x8000069c (0x0ea89d97) x27 0x8ea8969c
core   0: 0xffffffff800006a0 (0x1471e117) auipc   sp, 0x1471e
3 0x800006a0 (0x1471e117) x 2 0x9471e6a0
core   0: 0xffffffff800006a4 (0x00000013) nop
3 0x800006a4 (0x00000013)
core   0: 0xffffffff800006a8 (0xaea42897) auipc   a7, 0xaea42
3 0x800006a8 (0xaea42897) x17 0x2ea426a8
core   0: 0xffffffff800006ac (0x01610db3) add     s11, sp, s6
3 0x800006ac (0x01610db3) x27 0x9471e951
core   0: 0xffffffff800006b0 (0x3b930893) addi    a7, t1, 953
3 0x800006b0 (0x3b930893) x17 0x0000044b
core   0: 0xffffffff800006b4 (0x7ce4b8b7) lui     a7, 0x7ce4b
3 0x800006b4 (0x7ce4b8b7) x17 0x7ce4b000
core   0: 0xffffffff800006b8 (0x8af8e117) auipc   sp, 0x8af8e
3 0x800006b8 (0x8af8e117) x 2 0x0af8e6b8
core   0: 0xffffffff800006bc (0xd0130113) addi    sp, t1, -767
3 0x800006bc (0xd0130113) x 2 0xfffffd93
core   0: 0xffffffff800006c0 (0x41b88cb3) sub     s9, a7, s11
3 0x800006c0 (0x41b88cb3) x25 0xe872c6af
core   0: 0xffffffff800006c4 (0x95780e17) auipc   t3, 0x95780
3 0x800006c4 (0x95780e17) x28 0x157806c4
core   0: 0xffffffff800006c8 (0xc89a8117) auipc   sp, 0xc89a8
3 0x800006c8 (0xc89a8117) x 2 0x489a86c8
core   0: 0xffffffff800006cc (0xd799ab97) auipc   s7, 0xd799a
3 0x800006cc (0xd799ab97) x23 0x5799a6cc
core   0: 0xffffffff800006d0 (0x3dd28513) addi    a0, t0, 989
3 0x800006d0 (0x3dd28513) x10 0xb39ed009
core   0: 0xffffffff800006d4 (0x41b10bb3) sub     s7, sp, s11
3 0x800006d4 (0x41b10bb3) x23 0xb4289d77
core   0: 0xffffffff800006d8 (0x00000013) nop
3 0x800006d8 (0x00000013)
core   0: 0xffffffff800006dc (0x16decc97) auipc   s9, 0x16dec
3 0x800006dc (0x16decc97) x25 0x96dec6dc
core   0: 0xffffffff800006e0 (0xce134b37) lui     s6, 0xce134
3 0x800006e0 (0xce134b37) x22 0xce134000
core   0: 0xffffffff800006e4 (0x00000593) li      a1, 0
3 0x800006e4 (0x00000593) x11 0x00000000
core   0: 0xffffffff800006e8 (0x800007b7) lui     a5, 0x80000
3 0x800006e8 (0x800007b7) x15 0x80000000
core   0: 0xffffffff800006ec (0xfff00b13) li      s6, -1
3 0x800006ec (0xfff00b13) x22 0xffffffff
core   0: 0xffffffff800006f0 (0xfff00613) li      a2, -1
3 0x800006f0 (0xfff00613) x12 0xffffffff
core   0: 0xffffffff800006f4 (0x80000737) lui     a4, 0x80000
3 0x800006f4 (0x80000737) x14 0x80000000
core   0: 0xffffffff800006f8 (0x94912f37) lui     t5, 0x94912
3 0x800006f8 (0x94912f37) x30 0x94912000
core   0: 0xffffffff800006fc (0x0d8f0f13) addi    t5, t5, 216
3 0x800006fc (0x0d8f0f13) x30 0x949120d8
core   0: 0xffffffff80000700 (0x00000193) li      gp, 0
3 0x80000700 (0x00000193) x 3 0x00000000
core   0: 0xffffffff80000704 (0xfff00393) li      t2, -1
3 0x80000704 (0xfff00393) x 7 0xffffffff
core   0: 0xffffffff80000708 (0x800006b7) lui     a3, 0x80000
3 0x80000708 (0x800006b7) x13 0x80000000
core   0: 0xffffffff8000070c (0x00000813) li      a6, 0
3 0x8000070c (0x00000813) x16 0x00000000
core   0: 0xffffffff80000710 (0x16e58593) addi    a1, a1, 366
3 0x80000710 (0x16e58593) x11 0x0000016e
core   0: 0xffffffff80000714 (0x007b01b3) add     gp, s6, t2
3 0x80000714 (0x007b01b3) x 3 0xfffffffe
core   0: 0xffffffff80000718 (0x36968b13) addi    s6, a3, 873
3 0x80000718 (0x36968b13) x22 0x80000369
core   0: 0xffffffff8000071c (0xbd2be597) auipc   a1, 0xbd2be
3 0x8000071c (0xbd2be597) x11 0x3d2be71c
core   0: 0xffffffff80000720 (0x00000013) nop
3 0x80000720 (0x00000013)
core   0: 0xffffffff80000724 (0xe4258713) addi    a4, a1, -446
3 0x80000724 (0xe4258713) x14 0x3d2be55e
core   0: 0xffffffff80000728 (0x5047ef17) auipc   t5, 0x5047e
3 0x80000728 (0x5047ef17) x30 0xd047e728
core   0: 0xffffffff8000072c (0x407787b3) sub     a5, a5, t2
3 0x8000072c (0x407787b3) x15 0x80000001
core   0: 0xffffffff80000730 (0x628b9817) auipc   a6, 0x628b9
3 0x80000730 (0x628b9817) x16 0xe28b9730
core   0: 0xffffffff80000734 (0x003586b3) add     a3, a1, gp
3 0x80000734 (0x003586b3) x13 0x3d2be71a
core   0: 0xffffffff80000738 (0x00f181b3) add     gp, gp, a5
3 0x80000738 (0x00f181b3) x 3 0x7fffffff
core   0: 0xffffffff8000073c (0x40df05b3) sub     a1, t5, a3
3 0x8000073c (0x40df05b3) x11 0x931c000e
core   0: 0xffffffff80000740 (0x00000013) nop
3 0x80000740 (0x00000013)
core   0: 0xffffffff80000744 (0xcf178693) addi    a3, a5, -783
3 0x80000744 (0xcf178693) x13 0x7ffffcf2
core   0: 0xffffffff80000748 (0x109d4637) lui     a2, 0x109d4
3 0x80000748 (0x109d4637) x12 0x109d4000
core   0: 0xffffffff8000074c (0x00000013) nop
3 0x8000074c (0x00000013)
core   0: 0xffffffff80000750 (0xb873e5b7) lui     a1, 0xb873e
3 0x80000750 (0xb873e5b7) x11 0xb873e000
core   0: 0xffffffff80000754 (0xcb9f2b37) lui     s6, 0xcb9f2
3 0x80000754 (0xcb9f2b37) x22 0xcb9f2000
core   0: 0xffffffff80000758 (0x00000113) li      sp, 0
3 0x80000758 (0x00000113) x 2 0x00000000
core   0: 0xffffffff8000075c (0x00000a93) li      s5, 0
3 0x8000075c (0x00000a93) x21 0x00000000
core   0: 0xffffffff80000760 (0x00000f13) li      t5, 0
3 0x80000760 (0x00000f13) x30 0x00000000
core   0: 0xffffffff80000764 (0x80000db7) lui     s11, 0x80000
3 0x80000764 (0x80000db7) x27 0x80000000
core   0: 0xffffffff80000768 (0xfff00993) li      s3, -1
3 0x80000768 (0xfff00993) x19 0xffffffff
core   0: 0xffffffff8000076c (0x395dc6b7) lui     a3, 0x395dc
3 0x8000076c (0x395dc6b7) x13 0x395dc000
core   0: 0xffffffff80000770 (0xd8d68693) addi    a3, a3, -627
3 0x80000770 (0xd8d68693) x13 0x395dbd8d
core   0: 0xffffffff80000774 (0x00000093) li      ra, 0
3 0x80000774 (0x00000093) x 1 0x00000000
core   0: 0xffffffff80000778 (0x800003b7) lui     t2, 0x80000
3 0x80000778 (0x800003b7) x 7 0x80000000
core   0: 0xffffffff8000077c (0xe2ef3537) lui     a0, 0xe2ef3
3 0x8000077c (0xe2ef3537) x10 0xe2ef3000
core   0: 0xffffffff80000780 (0xd9350513) addi    a0, a0, -621
3 0x80000780 (0xd9350513) x10 0xe2ef2d93
core   0: 0xffffffff80000784 (0x00e9d7b7) lui     a5, 0xe9d
3 0x80000784 (0x00e9d7b7) x15 0x00e9d000
core   0: 0xffffffff80000788 (0x9a578793) addi    a5, a5, -1627
3 0x80000788 (0x9a578793) x15 0x00e9c9a5
core   0: 0xffffffff8000078c (0xda078693) addi    a3, a5, -608
3 0x8000078c (0xda078693) x13 0x00e9c745
core   0: 0xffffffff80000790 (0x01b087b3) add     a5, ra, s11
3 0x80000790 (0x01b087b3) x15 0x80000000
core   0: 0xffffffff80000794 (0x00000013) nop
3 0x80000794 (0x00000013)
core   0: 0xffffffff80000798 (0xfa8e77b7) lui     a5, 0xfa8e7
3 0x80000798 (0xfa8e77b7) x15 0xfa8e7000
core   0: 0xffffffff8000079c (0xf3b023b7) lui     t2, 0xf3b02
3 0x8000079c (0xf3b023b7) x 7 0xf3b02000
core   0: 0xffffffff800007a0 (0x40250533) sub     a0, a0, sp
3 0x800007a0 (0x40250533) x10 0xe2ef2d93
core   0: 0xffffffff800007a4 (0x013d80b3) add     ra, s11, s3
3 0x800007a4 (0x013d80b3) x 1 0x7fffffff
core   0: 0xffffffff800007a8 (0x40ad89b3) sub     s3, s11, a0
3 0x800007a8 (0x40ad89b3) x19 0x9d10d26d
core   0: 0xffffffff800007ac (0x16110693) addi    a3, sp, 353
3 0x800007ac (0x16110693) x13 0x00000161
core   0: 0xffffffff800007b0 (0x3ec10f13) addi    t5, sp, 1004
3 0x800007b0 (0x3ec10f13) x30 0x000003ec
core   0: 0xffffffff800007b4 (0x32a68793) addi    a5, a3, 810
3 0x800007b4 (0x32a68793) x15 0x0000048b
core   0: 0xffffffff800007b8 (0x00178ab3) add     s5, a5, ra
3 0x800007b8 (0x00178ab3) x21 0x8000048a
core   0: 0xffffffff800007bc (0xda51ff37) lui     t5, 0xda51f
3 0x800007bc (0xda51ff37) x30 0xda51f000
core   0: 0xffffffff800007c0 (0x015100b3) add     ra, sp, s5
3 0x800007c0 (0x015100b3) x 1 0x8000048a
core   0: 0xffffffff800007c4 (0x34598393) addi    t2, s3, 837
3 0x800007c4 (0x34598393) x 7 0x9d10d5b2
core   0: 0xffffffff800007c8 (0x41350133) sub     sp, a0, s3
3 0x800007c8 (0x41350133) x 2 0x45de5b26
core   0: 0xffffffff800007cc (0x00000d93) li      s11, 0
3 0x800007cc (0x00000d93) x27 0x00000000
core   0: 0xffffffff800007d0 (0x4ebaf9b7) lui     s3, 0x4ebaf
3 0x800007d0 (0x4ebaf9b7) x19 0x4ebaf000
core   0: 0xffffffff800007d4 (0x98f98993) addi    s3, s3, -1649
3 0x800007d4 (0x98f98993) x19 0x4ebae98f
core   0: 0xffffffff800007d8 (0x800006b7) lui     a3, 0x80000
3 0x800007d8 (0x800006b7) x13 0x80000000
core   0: 0xffffffff800007dc (0x800002b7) lui     t0, 0x80000
3 0x800007dc (0x800002b7) x 5 0x80000000
core   0: 0xffffffff800007e0 (0x80000137) lui     sp, 0x80000
3 0x800007e0 (0x80000137) x 2 0x80000000
core   0: 0xffffffff800007e4 (0x00000193) li      gp, 0
3 0x800007e4 (0x00000193) x 3 0x00000000
core   0: 0xffffffff800007e8 (0x00000313) li      t1, 0
3 0x800007e8 (0x00000313) x 6 0x00000000
core   0: 0xffffffff800007ec (0xc286b837) lui     a6, 0xc286b
3 0x800007ec (0xc286b837) x16 0xc286b000
core   0: 0xffffffff800007f0 (0x81180813) addi    a6, a6, -2031
3 0x800007f0 (0x81180813) x16 0xc286a811
core   0: 0xffffffff800007f4 (0xf087c937) lui     s2, 0xf087c
3 0x800007f4 (0xf087c937) x18 0xf087c000
core   0: 0xffffffff800007f8 (0x1eb90913) addi    s2, s2, 491
3 0x800007f8 (0x1eb90913) x18 0xf087c1eb
core   0: 0xffffffff800007fc (0x80000cb7) lui     s9, 0x80000
3 0x800007fc (0x80000cb7) x25 0x80000000
core   0: 0xffffffff80000800 (0x00000013) nop
3 0x80000800 (0x00000013)
core   0: 0xffffffff80000804 (0x00000013) nop
3 0x80000804 (0x00000013)
core   0: 0xffffffff80000808 (0x00000013) nop
3 0x80000808 (0x00000013)
core   0: 0xffffffff8000080c (0xc0ad8313) addi    t1, s11, -1014
3 0x8000080c (0xc0ad8313) x 6 0xfffffc0a
core   0: 0xffffffff80000810 (0xf0b10993) addi    s3, sp, -245
3 0x80000810 (0xf0b10993) x19 0x7fffff0b
core   0: 0xffffffff80000814 (0x40d98333) sub     t1, s3, a3
3 0x80000814 (0x40d98333) x 6 0xffffff0b
core   0: 0xffffffff80000818 (0x40dd8cb3) sub     s9, s11, a3
3 0x80000818 (0x40dd8cb3) x25 0x80000000
core   0: 0xffffffff8000081c (0xc4780693) addi    a3, a6, -953
3 0x8000081c (0xc4780693) x13 0xc286a458
core   0: 0xffffffff80000820 (0x003c82b3) add     t0, s9, gp
3 0x80000820 (0x003c82b3) x 5 0x80000000
core   0: 0xffffffff80000824 (0xc8a9a297) auipc   t0, 0xc8a9a
3 0x80000824 (0xc8a9a297) x 5 0x48a9a824
core   0: 0xffffffff80000828 (0x01bd89b3) add     s3, s11, s11
3 0x80000828 (0x01bd89b3) x19 0x00000000
core   0: 0xffffffff8000082c (0x403302b3) sub     t0, t1, gp
3 0x8000082c (0x403302b3) x 5 0xffffff0b
core   0: 0xffffffff80000830 (0xc7bdacb7) lui     s9, 0xc7bda
3 0x80000830 (0xc7bdacb7) x25 0xc7bda000
core   0: 0xffffffff80000834 (0x412c8333) sub     t1, s9, s2
3 0x80000834 (0x412c8333) x 6 0xd735de15
core   0: 0xffffffff80000838 (0x00000013) nop
3 0x80000838 (0x00000013)
core   0: 0xffffffff8000083c (0x40210333) sub     t1, sp, sp
3 0x8000083c (0x40210333) x 6 0x00000000
core   0: 0xffffffff80000840 (0x01b801b3) add     gp, a6, s11
3 0x80000840 (0x01b801b3) x 3 0xc286a811
core   0: 0xffffffff80000844 (0xf6b18113) addi    sp, gp, -149
3 0x80000844 (0xf6b18113) x 2 0xc286a77c
core   0: 0xffffffff80000848 (0x00000013) nop
3 0x80000848 (0x00000013)
core   0: 0xffffffff8000084c (0x413101b3) sub     gp, sp, s3
3 0x8000084c (0x413101b3) x 3 0xc286a77c
core   0: 0xffffffff80000850 (0x00000013) nop
3 0x80000850 (0x00000013)
core   0: 0xffffffff80000854 (0x00000013) nop
3 0x80000854 (0x00000013)
core   0: 0xffffffff80000858 (0x412d89b3) sub     s3, s11, s2
3 0x80000858 (0x412d89b3) x19 0x0f783e15
core   0: 0xffffffff8000085c (0x23d09937) lui     s2, 0x23d09
3 0x8000085c (0x23d09937) x18 0x23d09000
core   0: 0xffffffff80000860 (0x40310db3) sub     s11, sp, gp
3 0x80000860 (0x40310db3) x27 0x00000000
core   0: 0xffffffff80000864 (0xfff00413) li      s0, -1
3 0x80000864 (0xfff00413) x 8 0xffffffff
core   0: 0xffffffff80000868 (0xfff00993) li      s3, -1
3 0x80000868 (0xfff00993) x19 0xffffffff
core   0: 0xffffffff8000086c (0xecb39cb7) lui     s9, 0xecb39
3 0x8000086c (0xecb39cb7) x25 0xecb39000
core   0: 0xffffffff80000870 (0x157c8c93) addi    s9, s9, 343
3 0x80000870 (0x157c8c93) x25 0xecb39157
core   0: 0xffffffff80000874 (0x00000093) li      ra, 0
3 0x80000874 (0x00000093) x 1 0x00000000
core   0: 0xffffffff80000878 (0xfff00b13) li      s6, -1
3 0x80000878 (0xfff00b13) x22 0xffffffff
core   0: 0xffffffff8000087c (0x800002b7) lui     t0, 0x80000
3 0x8000087c (0x800002b7) x 5 0x80000000
core   0: 0xffffffff80000880 (0xfff00f13) li      t5, -1
3 0x80000880 (0xfff00f13) x30 0xffffffff
core   0: 0xffffffff80000884 (0x80000937) lui     s2, 0x80000
3 0x80000884 (0x80000937) x18 0x80000000
core   0: 0xffffffff80000888 (0x74e495b7) lui     a1, 0x74e49
3 0x80000888 (0x74e495b7) x11 0x74e49000
core   0: 0xffffffff8000088c (0x18e58593) addi    a1, a1, 398
3 0x8000088c (0x18e58593) x11 0x74e4918e
core   0: 0xffffffff80000890 (0xfff00c13) li      s8, -1
3 0x80000890 (0xfff00c13) x24 0xffffffff
core   0: 0xffffffff80000894 (0xe9d28c13) addi    s8, t0, -355
3 0x80000894 (0xe9d28c13) x24 0x7ffffe9d
core   0: 0xffffffff80000898 (0x416f09b3) sub     s3, t5, s6
3 0x80000898 (0x416f09b3) x19 0x00000000
core   0: 0xffffffff8000089c (0x9c46f0b7) lui     ra, 0x9c46f
3 0x8000089c (0x9c46f0b7) x 1 0x9c46f000
core   0: 0xffffffff800008a0 (0x00000013) nop
3 0x800008a0 (0x00000013)
core   0: 0xffffffff800008a4 (0x6a1db997) auipc   s3, 0x6a1db
3 0x800008a4 (0x6a1db997) x19 0xea1db8a4
core   0: 0xffffffff800008a8 (0xc9e58c93) addi    s9, a1, -866
3 0x800008a8 (0xc9e58c93) x25 0x74e48e2c
core   0: 0xffffffff800008ac (0x005b05b3) add     a1, s6, t0
3 0x800008ac (0x005b05b3) x11 0x7fffffff
core   0: 0xffffffff800008b0 (0xe68c0b13) addi    s6, s8, -408
3 0x800008b0 (0xe68c0b13) x22 0x7ffffd05
core   0: 0xffffffff800008b4 (0xd8240c13) addi    s8, s0, -638
3 0x800008b4 (0xd8240c13) x24 0xfffffd81
core   0: 0xffffffff800008b8 (0x798de5b7) lui     a1, 0x798de
3 0x800008b8 (0x798de5b7) x11 0x798de000
core   0: 0xffffffff800008bc (0xb8baf437) lui     s0, 0xb8baf
3 0x800008bc (0xb8baf437) x 8 0xb8baf000
core   0: 0xffffffff800008c0 (0x26758f13) addi    t5, a1, 615
3 0x800008c0 (0x26758f13) x30 0x798de267
core   0: 0xffffffff800008c4 (0x00000013) nop
3 0x800008c4 (0x00000013)
core   0: 0xffffffff800008c8 (0x00000013) nop
3 0x800008c8 (0x00000013)
core   0: 0xffffffff800008cc (0x01840cb3) add     s9, s0, s8
3 0x800008cc (0x01840cb3) x25 0xb8baed81
core   0: 0xffffffff800008d0 (0x292b0293) addi    t0, s6, 658
3 0x800008d0 (0x292b0293) x 5 0x7fffff97
core   0: 0xffffffff800008d4 (0x3c3cdb17) auipc   s6, 0x3c3cd
3 0x800008d4 (0x3c3cdb17) x22 0xbc3cd8d4
core   0: 0xffffffff800008d8 (0x060c0093) addi    ra, s8, 96
3 0x800008d8 (0x060c0093) x 1 0xfffffde1
core   0: 0xffffffff800008dc (0xe67b0293) addi    t0, s6, -409
3 0x800008dc (0xe67b0293) x 5 0xbc3cd73b
core   0: 0xffffffff800008e0 (0x00000013) nop
3 0x800008e0 (0x00000013)
core   0: 0xffffffff800008e4 (0x71f5ecb7) lui     s9, 0x71f5e
3 0x800008e4 (0x71f5ecb7) x25 0x71f5e000
core   0: 0xffffffff800008e8 (0x800007b7) lui     a5, 0x80000
3 0x800008e8 (0x800007b7) x15 0x80000000
core   0: 0xffffffff800008ec (0xfff00293) li      t0, -1
3 0x800008ec (0xfff00293) x 5 0xffffffff
core   0: 0xffffffff800008f0 (0x80000fb7) lui     t6, 0x80000
3 0x800008f0 (0x80000fb7) x31 0x80000000
core   0: 0xffffffff800008f4 (0xfff00593) li      a1, -1
3 0x800008f4 (0xfff00593) x11 0xffffffff
core   0: 0xffffffff800008f8 (0x80000ab7) lui     s5, 0x80000
3 0x800008f8 (0x80000ab7) x21 0x80000000
core   0: 0xffffffff800008fc (0x80000837) lui     a6, 0x80000
3 0x800008fc (0x80000837) x16 0x80000000
core   0: 0xffffffff80000900 (0xf786f137) lui     sp, 0xf786f
3 0x80000900 (0xf786f137) x 2 0xf786f000
core   0: 0xffffffff80000904 (0xe6010113) addi    sp, sp, -416
3 0x80000904 (0xe6010113) x 2 0xf786ee60
core   0: 0xffffffff80000908 (0x00000213) li      tp, 0
3 0x80000908 (0x00000213) x 4 0x00000000
core   0: 0xffffffff8000090c (0xfff00e13) li      t3, -1
3 0x8000090c (0xfff00e13) x28 0xffffffff
core   0: 0xffffffff80000910 (0x00000f13) li      t5, 0
3 0x80000910 (0x00000f13) x30 0x00000000
core   0: 0xffffffff80000914 (0x41528833) sub     a6, t0, s5
3 0x80000914 (0x41528833) x16 0x7fffffff
core   0: 0xffffffff80000918 (0x00000013) nop
3 0x80000918 (0x00000013)
core   0: 0xffffffff8000091c (0x08478213) addi    tp, a5, 132
3 0x8000091c (0x08478213) x 4 0x80000084
core   0: 0xffffffff80000920 (0x00000013) nop
3 0x80000920 (0x00000013)
core   0: 0xffffffff80000924 (0x00000013) nop
3 0x80000924 (0x00000013)
core   0: 0xffffffff80000928 (0x5e87d2b7) lui     t0, 0x5e87d
3 0x80000928 (0x5e87d2b7) x 5 0x5e87d000
core   0: 0xffffffff8000092c (0x402a8e33) sub     t3, s5, sp
3 0x8000092c (0x402a8e33) x28 0x887911a0
core   0: 0xffffffff80000930 (0x01058fb3) add     t6, a1, a6
3 0x80000930 (0x01058fb3) x31 0x7ffffffe
core   0: 0xffffffff80000934 (0x41010233) sub     tp, sp, a6
3 0x80000934 (0x41010233) x 4 0x7786ee61
core   0: 0xffffffff80000938 (0x00528f33) add     t5, t0, t0
3 0x80000938 (0x00528f33) x30 0xbd0fa000
core   0: 0xffffffff8000093c (0x00000013) nop
3 0x8000093c (0x00000013)
core   0: 0xffffffff80000940 (0x01510833) add     a6, sp, s5
3 0x80000940 (0x01510833) x16 0x7786ee60
core   0: 0xffffffff80000944 (0xee91e817) auipc   a6, 0xee91e
3 0x80000944 (0xee91e817) x16 0x6e91e944
core   0: 0xffffffff80000948 (0x09910213) addi    tp, sp, 153
3 0x80000948 (0x09910213) x 4 0xf786eef9
core   0: 0xffffffff8000094c (0xed828113) addi    sp, t0, -296
3 0x8000094c (0xed828113) x 2 0x5e87ced8
core   0: 0xffffffff80000950 (0x00000013) nop
3 0x80000950 (0x00000013)
core   0: 0xffffffff80000954 (0x402807b3) sub     a5, a6, sp
3 0x80000954 (0x402807b3) x15 0x100a1a6c
core   0: 0xffffffff80000958 (0x3c7e7ab7) lui     s5, 0x3c7e7
3 0x80000958 (0x3c7e7ab7) x21 0x3c7e7000
core   0: 0xffffffff8000095c (0x41fa8233) sub     tp, s5, t6
3 0x8000095c (0x41fa8233) x 4 0xbc7e7002
core   0: 0xffffffff80000960 (0xc366e2b7) lui     t0, 0xc366e
3 0x80000960 (0xc366e2b7) x 5 0xc366e000
core   0: 0xffffffff80000964 (0x56c3ba97) auipc   s5, 0x56c3b
3 0x80000964 (0x56c3ba97) x21 0xd6c3b964
core   0: 0xffffffff80000968 (0x4d173217) auipc   tp, 0x4d173
3 0x80000968 (0x4d173217) x 4 0xcd173968
core   0: 0xffffffff8000096c (0x00000013) nop
3 0x8000096c (0x00000013)
core   0: 0xffffffff80000970 (0xfff00a93) li      s5, -1
3 0x80000970 (0xfff00a93) x21 0xffffffff
core   0: 0xffffffff80000974 (0x800003b7) lui     t2, 0x80000
3 0x80000974 (0x800003b7) x 7 0x80000000
core   0: 0xffffffff80000978 (0x00000693) li      a3, 0
3 0x80000978 (0x00000693) x13 0x00000000
core   0: 0xffffffff8000097c (0xfff00f93) li      t6, -1
3 0x8000097c (0xfff00f93) x31 0xffffffff
core   0: 0xffffffff80000980 (0x00000193) li      gp, 0
3 0x80000980 (0x00000193) x 3 0x00000000
core   0: 0xffffffff80000984 (0x80000cb7) lui     s9, 0x80000
3 0x80000984 (0x80000cb7) x25 0x80000000
core   0: 0xffffffff80000988 (0x28e4d137) lui     sp, 0x28e4d
3 0x80000988 (0x28e4d137) x 2 0x28e4d000
core   0: 0xffffffff8000098c (0xdcf10113) addi    sp, sp, -561
3 0x8000098c (0xdcf10113) x 2 0x28e4cdcf
core   0: 0xffffffff80000990 (0xe6354337) lui     t1, 0xe6354
3 0x80000990 (0xe6354337) x 6 0xe6354000
core   0: 0xffffffff80000994 (0x2e530313) addi    t1, t1, 741
3 0x80000994 (0x2e530313) x 6 0xe63542e5
core   0: 0xffffffff80000998 (0x80000737) lui     a4, 0x80000
3 0x80000998 (0x80000737) x14 0x80000000
core   0: 0xffffffff8000099c (0x00000893) li      a7, 0
3 0x8000099c (0x00000893) x17 0x00000000
core   0: 0xffffffff800009a0 (0x00000013) nop
3 0x800009a0 (0x00000013)
core   0: 0xffffffff800009a4 (0xac6b33b7) lui     t2, 0xac6b3
3 0x800009a4 (0xac6b33b7) x 7 0xac6b3000
core   0: 0xffffffff800009a8 (0x00000013) nop
3 0x800009a8 (0x00000013)
core   0: 0xffffffff800009ac (0x01130733) add     a4, t1, a7
3 0x800009ac (0x01130733) x14 0xe63542e5
core   0: 0xffffffff800009b0 (0x00000013) nop
3 0x800009b0 (0x00000013)
core   0: 0xffffffff800009b4 (0xf9fad397) auipc   t2, 0xf9fad
3 0x800009b4 (0xf9fad397) x 7 0x79fad9b4
core   0: 0xffffffff800009b8 (0x8189e137) lui     sp, 0x8189e
3 0x800009b8 (0x8189e137) x 2 0x8189e000
core   0: 0xffffffff800009bc (0x5ab6d3b7) lui     t2, 0x5ab6d
3 0x800009bc (0x5ab6d3b7) x 7 0x5ab6d000
core   0: 0xffffffff800009c0 (0x011388b3) add     a7, t2, a7
3 0x800009c0 (0x011388b3) x17 0x5ab6d000
core   0: 0xffffffff800009c4 (0x56430337) lui     t1, 0x56430
3 0x800009c4 (0x56430337) x 6 0x56430000
core   0: 0xffffffff800009c8 (0x35df3317) auipc   t1, 0x35df3
3 0x800009c8 (0x35df3317) x 6 0xb5df39c8
core   0: 0xffffffff800009cc (0x4500dcb7) lui     s9, 0x4500d
3 0x800009cc (0x4500dcb7) x25 0x4500d000
core   0: 0xffffffff800009d0 (0xdc0f5117) auipc   sp, 0xdc0f5
3 0x800009d0 (0xdc0f5117) x 2 0x5c0f59d0
core   0: 0xffffffff800009d4 (0x00000013) nop
3 0x800009d4 (0x00000013)
core   0: 0xffffffff800009d8 (0xebdc8193) addi    gp, s9, -323
3 0x800009d8 (0xebdc8193) x 3 0x4500cebd
core   0: 0xffffffff800009dc (0x00610333) add     t1, sp, t1
3 0x800009dc (0x00610333) x 6 0x11ee9398
core   0: 0xffffffff800009e0 (0x18263337) lui     t1, 0x18263
3 0x800009e0 (0x18263337) x 6 0x18263000
core   0: 0xffffffff800009e4 (0xa1a186b7) lui     a3, 0xa1a18
3 0x800009e4 (0xa1a186b7) x13 0xa1a18000
core   0: 0xffffffff800009e8 (0xcf9a8f93) addi    t6, s5, -775
3 0x800009e8 (0xcf9a8f93) x31 0xfffffcf8
core   0: 0xffffffff800009ec (0x00000013) nop
3 0x800009ec (0x00000013)
core   0: 0xffffffff800009f0 (0x6fbd9337) lui     t1, 0x6fbd9
3 0x800009f0 (0x6fbd9337) x 6 0x6fbd9000
core   0: 0xffffffff800009f4 (0x2c8d7cb7) lui     s9, 0x2c8d7
3 0x800009f4 (0x2c8d7cb7) x25 0x2c8d7000
core   0: 0xffffffff800009f8 (0xdd60e337) lui     t1, 0xdd60e
3 0x800009f8 (0xdd60e337) x 6 0xdd60e000
core   0: 0xffffffff800009fc (0x40738cb3) sub     s9, t2, t2
3 0x800009fc (0x40738cb3) x25 0x00000000
core   0: 0xffffffff80000a00 (0x00d38cb3) add     s9, t2, a3
3 0x80000a00 (0x00d38cb3) x25 0xfc585000
core   0: 0xffffffff80000a04 (0x00000b93) li      s7, 0
3 0x80000a04 (0x00000b93) x23 0x00000000
core   0: 0xffffffff80000a08 (0xfff00c13) li      s8, -1
3 0x80000a08 (0xfff00c13) x24 0xffffffff
core   0: 0xffffffff80000a0c (0xfff00893) li      a7, -1
3 0x80000a0c (0xfff00893) x17 0xffffffff
core   0: 0xffffffff80000a10 (0xcadcae37) lui     t3, 0xcadca
3 0x80000a10 (0xcadcae37) x28 0xcadca000
core   0: 0xffffffff80000a14 (0xcc0e0e13) addi    t3, t3, -832
3 0x80000a14 (0xcc0e0e13) x28 0xcadc9cc0
core   0: 0xffffffff80000a18 (0x37fcb637) lui     a2, 0x37fcb
3 0x80000a18 (0x37fcb637) x12 0x37fcb000
core   0: 0xffffffff80000a1c (0x19460613) addi    a2, a2, 404
3 0x80000a1c (0x19460613) x12 0x37fcb194
core   0: 0xffffffff80000a20 (0x6ffb97b7) lui     a5, 0x6ffb9
3 0x80000a20 (0x6ffb97b7) x15 0x6ffb9000
core   0: 0xffffffff80000a24 (0xcb778793) addi    a5, a5, -841
3 0x80000a24 (0xcb778793) x15 0x6ffb8cb7
core   0: 0xffffffff80000a28 (0xfa3f7737) lui     a4, 0xfa3f7
3 0x80000a28 (0xfa3f7737) x14 0xfa3f7000
core   0: 0xffffffff80000a2c (0x62370713) addi    a4, a4, 1571
3 0x80000a2c (0x62370713) x14 0xfa3f7623
core   0: 0xffffffff80000a30 (0x00000313) li      t1, 0
3 0x80000a30 (0x00000313) x 6 0x00000000
core   0: 0xffffffff80000a34 (0x0ddfe537) lui     a0, 0xddfe
3 0x80000a34 (0x0ddfe537) x10 0x0ddfe000
core   0: 0xffffffff80000a38 (0x82850513) addi    a0, a0, -2008
3 0x80000a38 (0x82850513) x10 0x0ddfd828
core   0: 0xffffffff80000a3c (0xfff00813) li      a6, -1
3 0x80000a3c (0xfff00813) x16 0xffffffff
core   0: 0xffffffff80000a40 (0x6e0647b7) lui     a5, 0x6e064
3 0x80000a40 (0x6e0647b7) x15 0x6e064000
core   0: 0xffffffff80000a44 (0x00000013) nop
3 0x80000a44 (0x00000013)
core   0: 0xffffffff80000a48 (0xad7a0637) lui     a2, 0xad7a0
3 0x80000a48 (0xad7a0637) x12 0xad7a0000
core   0: 0xffffffff80000a4c (0xd9278c13) addi    s8, a5, -622
3 0x80000a4c (0xd9278c13) x24 0x6e063d92
core   0: 0xffffffff80000a50 (0x00000013) nop
3 0x80000a50 (0x00000013)
core   0: 0xffffffff80000a54 (0xe28a77b7) lui     a5, 0xe28a7
3 0x80000a54 (0xe28a77b7) x15 0xe28a7000
core   0: 0xffffffff80000a58 (0x00000013) nop
3 0x80000a58 (0x00000013)
core   0: 0xffffffff80000a5c (0x32724337) lui     t1, 0x32724
3 0x80000a5c (0x32724337) x 6 0x32724000
core   0: 0xffffffff80000a60 (0x0b050613) addi    a2, a0, 176
3 0x80000a60 (0x0b050613) x12 0x0ddfd8d8
core   0: 0xffffffff80000a64 (0xf699d617) auipc   a2, 0xf699d
3 0x80000a64 (0xf699d617) x12 0x7699da64
core   0: 0xffffffff80000a68 (0x33c55897) auipc   a7, 0x33c55
3 0x80000a68 (0x33c55897) x17 0xb3c55a68
core   0: 0xffffffff80000a6c (0x98a01c17) auipc   s8, 0x98a01
3 0x80000a6c (0x98a01c17) x24 0x18a01a6c
core   0: 0xffffffff80000a70 (0x00000013) nop
3 0x80000a70 (0x00000013)
core   0: 0xffffffff80000a74 (0x40a70633) sub     a2, a4, a0
3 0x80000a74 (0x40a70633) x12 0xec5f9dfb
core   0: 0xffffffff80000a78 (0x010e0e33) add     t3, t3, a6
3 0x80000a78 (0x010e0e33) x28 0xcadc9cbf
core   0: 0xffffffff80000a7c (0x1e8c0517) auipc   a0, 0x1e8c0
3 0x80000a7c (0x1e8c0517) x10 0x9e8c0a7c
core   0: 0xffffffff80000a80 (0x40cb88b3) sub     a7, s7, a2
3 0x80000a80 (0x40cb88b3) x17 0x13a06205
core   0: 0xffffffff80000a84 (0x00000013) nop
3 0x80000a84 (0x00000013)
core   0: 0xffffffff80000a88 (0x011c0e33) add     t3, s8, a7
3 0x80000a88 (0x011c0e33) x28 0x2c407c71
core   0: 0xffffffff80000a8c (0xfff00093) li      ra, -1
3 0x80000a8c (0xfff00093) x 1 0xffffffff
core   0: 0xffffffff80000a90 (0x7eea2eb7) lui     t4, 0x7eea2
3 0x80000a90 (0x7eea2eb7) x29 0x7eea2000
core   0: 0xffffffff80000a94 (0xb0fe8e93) addi    t4, t4, -1265
3 0x80000a94 (0xb0fe8e93) x29 0x7eea1b0f
core   0: 0xffffffff80000a98 (0x80000837) lui     a6, 0x80000
3 0x80000a98 (0x80000837) x16 0x80000000
core   0: 0xffffffff80000a9c (0xfff00613) li      a2, -1
3 0x80000a9c (0xfff00613) x12 0xffffffff
core   0: 0xffffffff80000aa0 (0x80000cb7) lui     s9, 0x80000
3 0x80000aa0 (0x80000cb7) x25 0x80000000
core   0: 0xffffffff80000aa4 (0xfff00713) li      a4, -1
3 0x80000aa4 (0xfff00713) x14 0xffffffff
core   0: 0xffffffff80000aa8 (0x19e5ae37) lui     t3, 0x19e5a
3 0x80000aa8 (0x19e5ae37) x28 0x19e5a000
core   0: 0xffffffff80000aac (0x809e0e13) addi    t3, t3, -2039
3 0x80000aac (0x809e0e13) x28 0x19e59809
core   0: 0xffffffff80000ab0 (0x800001b7) lui     gp, 0x80000
3 0x80000ab0 (0x800001b7) x 3 0x80000000
core   0: 0xffffffff80000ab4 (0x0b9f15b7) lui     a1, 0xb9f1
3 0x80000ab4 (0x0b9f15b7) x11 0x0b9f1000
core   0: 0xffffffff80000ab8 (0x8b958593) addi    a1, a1, -1863
3 0x80000ab8 (0x8b958593) x11 0x0b9f08b9
core   0: 0xffffffff80000abc (0x00000213) li      tp, 0
3 0x80000abc (0x00000213) x 4 0x00000000
core   0: 0xffffffff80000ac0 (0x3bb08e13) addi    t3, ra, 955
3 0x80000ac0 (0x3bb08e13) x28 0x000003ba
core   0: 0xffffffff80000ac4 (0xe2a80813) addi    a6, a6, -470
3 0x80000ac4 (0xe2a80813) x16 0x7ffffe2a
core   0: 0xffffffff80000ac8 (0xd70cee17) auipc   t3, 0xd70ce
3 0x80000ac8 (0xd70cee17) x28 0x570ceac8
core   0: 0xffffffff80000acc (0x27f80813) addi    a6, a6, 639
3 0x80000acc (0x27f80813) x16 0x800000a9
core   0: 0xffffffff80000ad0 (0x84097717) auipc   a4, 0x84097
3 0x80000ad0 (0x84097717) x14 0x04097ad0
core   0: 0xffffffff80000ad4 (0x01d18833) add     a6, gp, t4
3 0x80000ad4 (0x01d18833) x16 0xfeea1b0f
core   0: 0xffffffff80000ad8 (0x00000013) nop
3 0x80000ad8 (0x00000013)
core   0: 0xffffffff80000adc (0x26c80593) addi    a1, a6, 620
3 0x80000adc (0x26c80593) x11 0xfeea1d7b
core   0: 0xffffffff80000ae0 (0x9994d197) auipc   gp, 0x9994d
3 0x80000ae0 (0x9994d197) x 3 0x1994dae0
core   0: 0xffffffff80000ae4 (0xe97295b7) lui     a1, 0xe9729
3 0x80000ae4 (0xe97295b7) x11 0xe9729000
core   0: 0xffffffff80000ae8 (0xa4c58637) lui     a2, 0xa4c58
3 0x80000ae8 (0xa4c58637) x12 0xa4c58000
core   0: 0xffffffff80000aec (0x612e9e37) lui     t3, 0x612e9
3 0x80000aec (0x612e9e37) x28 0x612e9000
core   0: 0xffffffff80000af0 (0x401e0233) sub     tp, t3, ra
3 0x80000af0 (0x401e0233) x 4 0x612e9001
core   0: 0xffffffff80000af4 (0x00be05b3) add     a1, t3, a1
3 0x80000af4 (0x00be05b3) x11 0x4aa12000
core   0: 0xffffffff80000af8 (0x41958e33) sub     t3, a1, s9
3 0x80000af8 (0x41958e33) x28 0xcaa12000
core   0: 0xffffffff80000afc (0xf1ae0e93) addi    t4, t3, -230
3 0x80000afc (0xf1ae0e93) x29 0xcaa11f1a
core   0: 0xffffffff80000b00 (0x00000013) nop
3 0x80000b00 (0x00000013)
core   0: 0xffffffff80000b04 (0xc37c9217) auipc   tp, 0xc37c9
3 0x80000b04 (0xc37c9217) x 4 0x437c9b04
core   0: 0xffffffff80000b08 (0x68a81cb7) lui     s9, 0x68a81
3 0x80000b08 (0x68a81cb7) x25 0x68a81000
core   0: 0xffffffff80000b0c (0x00170833) add     a6, a4, ra
3 0x80000b0c (0x00170833) x16 0x04097acf
core   0: 0xffffffff80000b10 (0xd9f08e93) addi    t4, ra, -609
3 0x80000b10 (0xd9f08e93) x29 0xfffffd9e
core   0: 0xffffffff80000b14 (0x00000013) nop
3 0x80000b14 (0x00000013)
core   0: 0xffffffff80000b18 (0x36120813) addi    a6, tp, 865
3 0x80000b18 (0x36120813) x16 0x437c9e65
core   0: 0xffffffff80000b1c (0x853cfcb7) lui     s9, 0x853cf
3 0x80000b1c (0x853cfcb7) x25 0x853cf000
core   0: 0xffffffff80000b20 (0xfd008193) addi    gp, ra, -48
3 0x80000b20 (0xfd008193) x 3 0xffffffcf
core   0: 0xffffffff80000b24 (0x294d6097) auipc   ra, 0x294d6
3 0x80000b24 (0x294d6097) x 1 0xa94d6b24
core   0: 0xffffffff80000b28 (0x40b58733) sub     a4, a1, a1
3 0x80000b28 (0x40b58733) x14 0x00000000
core   0: 0xffffffff80000b2c (0x401e8cb3) sub     s9, t4, ra
3 0x80000b2c (0x401e8cb3) x25 0x56b2927a
core   0: 0xffffffff80000b30 (0x00000013) nop
3 0x80000b30 (0x00000013)
core   0: 0xffffffff80000b34 (0x41a75533) sra     a0, a4, s10
3 0x80000b34 (0x41a75533) x10 0x00000000
core   0: 0xffffffff80000b38 (0x00000013) nop
3 0x80000b38 (0x00000013)
core   0: 0xffffffff80000b3c (0xda9cf013) andi    zero, s9, -599
3 0x80000b3c (0xda9cf013)
core   0: 0xffffffff80000b40 (0x0122d893) srli    a7, t0, 18
3 0x80000b40 (0x0122d893) x17 0x000030d9
core   0: 0xffffffff80000b44 (0x008c7633) and     a2, s8, s0
3 0x80000b44 (0x008c7633) x12 0x18a01000
core   0: 0xffffffff80000b48 (0x016456b3) srl     a3, s0, s6
3 0x80000b48 (0x016456b3) x13 0x00000b8b
core   0: 0xffffffff80000b4c (0x00ef1f33) sll     t5, t5, a4
3 0x80000b4c (0x00ef1f33) x30 0xbd0fa000
core   0: 0xffffffff80000b50 (0x0091c7b3) xor     a5, gp, s1
3 0x80000b50 (0x0091c7b3) x15 0x7ffef1ab
core   0: 0xffffffff80000b54 (0x406e5f33) sra     t5, t3, t1
3 0x80000b54 (0x406e5f33) x30 0xcaa12000
core   0: 0xffffffff80000b58 (0x0181d213) srli    tp, gp, 24
3 0x80000b58 (0x0181d213) x 4 0x000000ff
core   0: 0xffffffff80000b5c (0xe6190e93) addi    t4, s2, -415
3 0x80000b5c (0xe6190e93) x29 0x7ffffe61
core   0: 0xffffffff80000b60 (0x01049533) sll     a0, s1, a6
3 0x80000b60 (0x01049533) x10 0x0021cc80
core   0: 0xffffffff80000b64 (0x00a5e9b3) or      s3, a1, a0
3 0x80000b64 (0x00a5e9b3) x19 0x4aa1ec80
core   0: 0xffffffff80000b68 (0x017b3cb3) sltu    s9, s6, s7
3 0x80000b68 (0x017b3cb3) x25 0x00000000
core   0: 0xffffffff80000b6c (0x405200b3) sub     ra, tp, t0
3 0x80000b6c (0x405200b3) x 1 0x3c9920ff
core   0: 0xffffffff80000b70 (0x01715513) srli    a0, sp, 23
3 0x80000b70 (0x01715513) x10 0x000000b8
core   0: 0xffffffff80000b74 (0xf0107513) andi    a0, zero, -255
3 0x80000b74 (0xf0107513) x10 0x00000000
core   0: 0xffffffff80000b78 (0x5704a637) lui     a2, 0x5704a
3 0x80000b78 (0x5704a637) x12 0x5704a000
core   0: 0xffffffff80000b7c (0x0df53113) sltiu   sp, a0, 223
3 0x80000b7c (0x0df53113) x 2 0x00000001
core   0: 0xffffffff80000b80 (0x01448533) add     a0, s1, s4
3 0x80000b80 (0x01448533) x10 0x00025b48
core   0: 0xffffffff80000b84 (0x3e32ed93) ori     s11, t0, 995
3 0x80000b84 (0x3e32ed93) x27 0xc366e3e3
core   0: 0xffffffff80000b88 (0x003060b3) or      ra, zero, gp
3 0x80000b88 (0x003060b3) x 1 0xffffffcf
core   0: 0xffffffff80000b8c (0x002891b3) sll     gp, a7, sp
3 0x80000b8c (0x002891b3) x 3 0x000061b2
core   0: 0xffffffff80000b90 (0x01f11333) sll     t1, sp, t6
3 0x80000b90 (0x01f11333) x 6 0x01000000
core   0: 0xffffffff80000b94 (0x187c3c93) sltiu   s9, s8, 391
3 0x80000b94 (0x187c3c93) x25 0x00000000
core   0: 0xffffffff80000b98 (0x00000013) nop
3 0x80000b98 (0x00000013)
core   0: 0xffffffff80000b9c (0x01819db3) sll     s11, gp, s8
3 0x80000b9c (0x01819db3) x27 0x061b2000
core   0: 0xffffffff80000ba0 (0xdefc3913) sltiu   s2, s8, -529
3 0x80000ba0 (0xdefc3913) x18 0x00000001
core   0: 0xffffffff80000ba4 (0x408800b3) sub     ra, a6, s0
3 0x80000ba4 (0x408800b3) x 1 0x8ac1ae65
core   0: 0xffffffff80000ba8 (0x0123bbb3) sltu    s7, t2, s2
3 0x80000ba8 (0x0123bbb3) x23 0x00000000
core   0: 0xffffffff80000bac (0x2904f393) andi    t2, s1, 656
3 0x80000bac (0x2904f393) x 7 0x00000200
core   0: 0xffffffff80000bb0 (0x01e6d433) srl     s0, a3, t5
3 0x80000bb0 (0x01e6d433) x 8 0x00000b8b
core   0: 0xffffffff80000bb4 (0xd33f3713) sltiu   a4, t5, -717
3 0x80000bb4 (0xd33f3713) x14 0x00000001
core   0: 0xffffffff80000bb8 (0xc1e20713) addi    a4, tp, -994
3 0x80000bb8 (0xc1e20713) x14 0xfffffd1d
core   0: 0xffffffff80000bbc (0x44b473b7) lui     t2, 0x44b47
3 0x80000bbc (0x44b473b7) x 7 0x44b47000
core   0: 0xffffffff80000bc0 (0x29a14613) xori    a2, sp, 666
3 0x80000bc0 (0x29a14613) x12 0x0000029b
core   0: 0xffffffff80000bc4 (0x408b8033) sub     zero, s7, s0
3 0x80000bc4 (0x408b8033)
core   0: 0xffffffff80000bc8 (0x00b29133) sll     sp, t0, a1
3 0x80000bc8 (0x00b29133) x 2 0xc366e000
core   0: 0xffffffff80000bcc (0x26042093) slti    ra, s0, 608
3 0x80000bcc (0x26042093) x 1 0x00000000
core   0: 0xffffffff80000bd0 (0x01af1833) sll     a6, t5, s10
3 0x80000bd0 (0x01af1833) x16 0x50900000
core   0: 0xffffffff80000bd4 (0x35d2c813) xori    a6, t0, 861
3 0x80000bd4 (0x35d2c813) x16 0xc366e35d
core   0: 0xffffffff80000bd8 (0x41c85b33) sra     s6, a6, t3
3 0x80000bd8 (0x41c85b33) x22 0xc366e35d
core   0: 0xffffffff80000bdc (0x04d42193) slti    gp, s0, 77
3 0x80000bdc (0x04d42193) x 3 0x00000000
core   0: 0xffffffff80000be0 (0x40f05e33) sra     t3, zero, a5
3 0x80000be0 (0x40f05e33) x28 0x00000000
core   0: 0xffffffff80000be4 (0x41df5393) srai    t2, t5, 29
3 0x80000be4 (0x41df5393) x 7 0xfffffffe
core   0: 0xffffffff80000be8 (0x00c1a9b3) slt     s3, gp, a2
3 0x80000be8 (0x00c1a9b3) x19 0x00000001
core   0: 0xffffffff80000bec (0x00000013) nop
3 0x80000bec (0x00000013)
core   0: 0xffffffff80000bf0 (0x01f540b3) xor     ra, a0, t6
3 0x80000bf0 (0x01f540b3) x 1 0xfffda7b0
core   0: 0xffffffff80000bf4 (0x41b65893) srai    a7, a2, 27
3 0x80000bf4 (0x41b65893) x17 0x00000000
core   0: 0xffffffff80000bf8 (0xfb894cb7) lui     s9, 0xfb894
3 0x80000bf8 (0xfb894cb7) x25 0xfb894000
core   0: 0xffffffff80000bfc (0x41255193) srai    gp, a0, 18
3 0x80000bfc (0x41255193) x 3 0x00000000
core   0: 0xffffffff80000c00 (0x00575213) srli    tp, a4, 5
3 0x80000c00 (0x00575213) x 4 0x07ffffe8
core   0: 0xffffffff80000c04 (0x4199d433) sra     s0, s3, s9
3 0x80000c04 (0x4199d433) x 8 0x00000001
core   0: 0xffffffff80000c08 (0x40cb5313) srai    t1, s6, 12
3 0x80000c08 (0x40cb5313) x 6 0xfffc366e
core   0: 0xffffffff80000c0c (0x016ccb33) xor     s6, s9, s6
3 0x80000c0c (0x016ccb33) x22 0x38efa35d
core   0: 0xffffffff80000c10 (0x17380893) addi    a7, a6, 371
3 0x80000c10 (0x17380893) x17 0xc366e4d0
core   0: 0xffffffff80000c14 (0x011f6633) or      a2, t5, a7
3 0x80000c14 (0x011f6633) x12 0xcbe7e4d0
core   0: 0xffffffff80000c18 (0x0013d233) srl     tp, t2, ra
3 0x80000c18 (0x0013d233) x 4 0x0000ffff
core   0: 0xffffffff80000c1c (0x012580b3) add     ra, a1, s2
3 0x80000c1c (0x012580b3) x 1 0x4aa12001
core   0: 0xffffffff80000c20 (0x4030d233) sra     tp, ra, gp
3 0x80000c20 (0x4030d233) x 4 0x4aa12001
core   0: 0xffffffff80000c24 (0x41aedf13) srai    t5, t4, 26
3 0x80000c24 (0x41aedf13) x30 0x0000001f
core   0: 0xffffffff80000c28 (0xe257a893) slti    a7, a5, -475
3 0x80000c28 (0xe257a893) x17 0x00000000
core   0: 0xffffffff80000c2c (0x008bb3b3) sltu    t2, s7, s0
3 0x80000c2c (0x008bb3b3) x 7 0x00000001
core   0: 0xffffffff80000c30 (0x415a8333) sub     t1, s5, s5
3 0x80000c30 (0x415a8333) x 6 0x00000000
core   0: 0xffffffff80000c34 (0x01216033) or      zero, sp, s2
3 0x80000c34 (0x01216033)
core   0: 0xffffffff80000c38 (0x00a9cf33) xor     t5, s3, a0
3 0x80000c38 (0x00a9cf33) x30 0x00025b49
core   0: 0xffffffff80000c3c (0x004a9b13) slli    s6, s5, 4
3 0x80000c3c (0x004a9b13) x22 0xfffffff0
core   0: 0xffffffff80000c40 (0x32aa13b7) lui     t2, 0x32aa1
3 0x80000c40 (0x32aa13b7) x 7 0x32aa1000
core   0: 0xffffffff80000c44 (0x00000013) nop
3 0x80000c44 (0x00000013)
core   0: 0xffffffff80000c48 (0x0080c2b3) xor     t0, ra, s0
3 0x80000c48 (0x0080c2b3) x 5 0x4aa12000
core   0: 0xffffffff80000c4c (0x008b7cb3) and     s9, s6, s0
3 0x80000c4c (0x008b7cb3) x25 0x00000000
core   0: 0xffffffff80000c50 (0x01a1d813) srli    a6, gp, 26
3 0x80000c50 (0x01a1d813) x16 0x00000000
core   0: 0xffffffff80000c54 (0x00eb5893) srli    a7, s6, 14
3 0x80000c54 (0x00eb5893) x17 0x0003ffff
core   0: 0xffffffff80000c58 (0x37b77793) andi    a5, a4, 891
3 0x80000c58 (0x37b77793) x15 0x00000119
core   0: 0xffffffff80000c5c (0x2c1eb793) sltiu   a5, t4, 705
3 0x80000c5c (0x2c1eb793) x15 0x00000000
core   0: 0xffffffff80000c60 (0x416453b3) sra     t2, s0, s6
3 0x80000c60 (0x416453b3) x 7 0x00000000
core   0: 0xffffffff80000c64 (0x016951b3) srl     gp, s2, s6
3 0x80000c64 (0x016951b3) x 3 0x00000000
core   0: 0xffffffff80000c68 (0x400e5313) srai    t1, t3, 0
3 0x80000c68 (0x400e5313) x 6 0x00000000
core   0: 0xffffffff80000c6c (0x0b52ef13) ori     t5, t0, 181
3 0x80000c6c (0x0b52ef13) x30 0x4aa120b5
core   0: 0xffffffff80000c70 (0xf6287993) andi    s3, a6, -158
3 0x80000c70 (0xf6287993) x19 0x00000000
core   0: 0xffffffff80000c74 (0x01fc9393) slli    t2, s9, 31
3 0x80000c74 (0x01fc9393) x 7 0x00000000
core   0: 0xffffffff80000c78 (0x01c80cb3) add     s9, a6, t3
3 0x80000c78 (0x01c80cb3) x25 0x00000000
core   0: 0xffffffff80000c7c (0x00196c33) or      s8, s2, ra
3 0x80000c7c (0x00196c33) x24 0x4aa12001
core   0: 0xffffffff80000c80 (0x014a19b3) sll     s3, s4, s4
3 0x80000c80 (0x014a19b3) x19 0x0014ce40
core   0: 0xffffffff80000c84 (0x70da6997) auipc   s3, 0x70da6
3 0x80000c84 (0x70da6997) x19 0xf0da6c84
core   0: 0xffffffff80000c88 (0x2baaf913) andi    s2, s5, 698
3 0x80000c88 (0x2baaf913) x18 0x000002ba
core   0: 0xffffffff80000c8c (0x01722c33) slt     s8, tp, s7
3 0x80000c8c (0x01722c33) x24 0x00000000
core   0: 0xffffffff80000c90 (0x0119e1b3) or      gp, s3, a7
3 0x80000c90 (0x0119e1b3) x 3 0xf0dbffff
core   0: 0xffffffff80000c94 (0x4078d6b3) sra     a3, a7, t2
3 0x80000c94 (0x4078d6b3) x13 0x0003ffff
core   0: 0xffffffff80000c98 (0x39560a97) auipc   s5, 0x39560
3 0x80000c98 (0x39560a97) x21 0xb9560c98
core   0: 0xffffffff80000c9c (0xf506a693) slti    a3, a3, -176
3 0x80000c9c (0xf506a693) x13 0x00000000
core   0: 0xffffffff80000ca0 (0x01da5733) srl     a4, s4, t4
3 0x80000ca0 (0x01da5733) x14 0x4000a672
core   0: 0xffffffff80000ca4 (0x30726b13) ori     s6, tp, 775
3 0x80000ca4 (0x30726b13) x22 0x4aa12307
core   0: 0xffffffff80000ca8 (0x00098b33) add     s6, s3, zero
3 0x80000ca8 (0x00098b33) x22 0xf0da6c84
core   0: 0xffffffff80000cac (0x01235b13) srli    s6, t1, 18
3 0x80000cac (0x01235b13) x22 0x00000000
core   0: 0xffffffff80000cb0 (0x30648b13) addi    s6, s1, 774
3 0x80000cb0 (0x30648b13) x22 0x8001116a
core   0: 0xffffffff80000cb4 (0x0047ddb3) srl     s11, a5, tp
3 0x80000cb4 (0x0047ddb3) x27 0x00000000
core   0: 0xffffffff80000cb8 (0x01c0aab3) slt     s5, ra, t3
3 0x80000cb8 (0x01c0aab3) x21 0x00000000
core   0: 0xffffffff80000cbc (0xe9bcf813) andi    a6, s9, -357
3 0x80000cbc (0xe9bcf813) x16 0x00000000
core   0: 0xffffffff80000cc0 (0x2edba793) slti    a5, s7, 749
3 0x80000cc0 (0x2edba793) x15 0x00000001
core   0: 0xffffffff80000cc4 (0xf0c42c13) slti    s8, s0, -244
3 0x80000cc4 (0xf0c42c13) x24 0x00000000
core   0: 0xffffffff80000cc8 (0x00ba9e93) slli    t4, s5, 11
3 0x80000cc8 (0x00ba9e93) x29 0x00000000
core   0: 0xffffffff80000ccc (0x05d3f413) andi    s0, t2, 93
3 0x80000ccc (0x05d3f413) x 8 0x00000000
core   0: 0xffffffff80000cd0 (0xfa1f0e13) addi    t3, t5, -95
3 0x80000cd0 (0xfa1f0e13) x28 0x4aa12056
core   0: 0xffffffff80000cd4 (0x40658db3) sub     s11, a1, t1
3 0x80000cd4 (0x40658db3) x27 0x4aa12000
core   0: 0xffffffff80000cd8 (0x0061c8b3) xor     a7, gp, t1
3 0x80000cd8 (0x0061c8b3) x17 0xf0dbffff
core   0: 0xffffffff80000cdc (0x0183de33) srl     t3, t2, s8
3 0x80000cdc (0x0183de33) x28 0x00000000
core   0: 0xffffffff80000ce0 (0x1eb3e713) ori     a4, t2, 491
3 0x80000ce0 (0x1eb3e713) x14 0x000001eb
core   0: 0xffffffff80000ce4 (0x011f9633) sll     a2, t6, a7
3 0x80000ce4 (0x011f9633) x12 0x00000000
core   0: 0xffffffff80000ce8 (0x0198bcb3) sltu    s9, a7, s9
3 0x80000ce8 (0x0198bcb3) x25 0x00000000
core   0: 0xffffffff80000cec (0x00e14433) xor     s0, sp, a4
3 0x80000cec (0x00e14433) x 8 0xc366e1eb
core   0: 0xffffffff80000cf0 (0x128a3d93) sltiu   s11, s4, 296
3 0x80000cf0 (0x128a3d93) x27 0x00000000
core   0: 0xffffffff80000cf4 (0x0093d1b3) srl     gp, t2, s1
3 0x80000cf4 (0x0093d1b3) x 3 0x00000000
core   0: 0xffffffff80000cf8 (0x4153d813) srai    a6, t2, 21
3 0x80000cf8 (0x4153d813) x16 0x00000000
core   0: 0xffffffff80000cfc (0x0152a333) slt     t1, t0, s5
3 0x80000cfc (0x0152a333) x 6 0x00000000
core   0: 0xffffffff80000d00 (0x193e4993) xori    s3, t3, 403
3 0x80000d00 (0x193e4993) x19 0x00000193
core   0: 0xffffffff80000d04 (0xfa18e793) ori     a5, a7, -95
3 0x80000d04 (0xfa18e793) x15 0xffffffff
core   0: 0xffffffff80000d08 (0x3d16a813) slti    a6, a3, 977
3 0x80000d08 (0x3d16a813) x16 0x00000001
core   0: 0xffffffff80000d0c (0xcc1b4113) xori    sp, s6, -831
3 0x80000d0c (0xcc1b4113) x 2 0x7ffeedab
core   0: 0xffffffff80000d10 (0x26b56237) lui     tp, 0x26b56
3 0x80000d10 (0x26b56237) x 4 0x26b56000
core   0: 0xffffffff80000d14 (0x00000013) nop
3 0x80000d14 (0x00000013)
core   0: 0xffffffff80000d18 (0x00000013) nop
3 0x80000d18 (0x00000013)
core   0: 0xffffffff80000d1c (0x41db51b3) sra     gp, s6, t4
3 0x80000d1c (0x41db51b3) x 3 0x8001116a
core   0: 0xffffffff80000d20 (0x00000013) nop
3 0x80000d20 (0x00000013)
core   0: 0xffffffff80000d24 (0xda00ce97) auipc   t4, 0xda00c
3 0x80000d24 (0xda00ce97) x29 0x5a00cd24
core   0: 0xffffffff80000d28 (0x01691093) slli    ra, s2, 22
3 0x80000d28 (0x01691093) x 1 0xae800000
core   0: 0xffffffff80000d2c (0x30708b93) addi    s7, ra, 775
3 0x80000d2c (0x30708b93) x23 0xae800307
core   0: 0xffffffff80000d30 (0x391d8613) addi    a2, s11, 913
3 0x80000d30 (0x391d8613) x12 0x00000391
core   0: 0xffffffff80000d34 (0x402a5713) srai    a4, s4, 2
3 0x80000d34 (0x402a5713) x14 0xe0005339
core   0: 0xffffffff80000d38 (0x3a513913) sltiu   s2, sp, 933
3 0x80000d38 (0x3a513913) x18 0x00000000
core   0: 0xffffffff80000d3c (0x00ed3e33) sltu    t3, s10, a4
3 0x80000d3c (0x00ed3e33) x28 0x00000001
core   0: 0xffffffff80000d40 (0x00ce6333) or      t1, t3, a2
3 0x80000d40 (0x00ce6333) x 6 0x00000391
core   0: 0xffffffff80000d44 (0x0095d313) srli    t1, a1, 9
3 0x80000d44 (0x0095d313) x 6 0x00255090
core   0: 0xffffffff80000d48 (0x0096d813) srli    a6, a3, 9
3 0x80000d48 (0x0096d813) x16 0x00000000
core   0: 0xffffffff80000d4c (0x003a6033) or      zero, s4, gp
3 0x80000d4c (0x003a6033)
core   0: 0xffffffff80000d50 (0x027e8a93) addi    s5, t4, 39
3 0x80000d50 (0x027e8a93) x21 0x5a00cd4b
core   0: 0xffffffff80000d54 (0x402bd233) sra     tp, s7, sp
3 0x80000d54 (0x402bd233) x 4 0xfff5d000
core   0: 0xffffffff80000d58 (0x4195dcb3) sra     s9, a1, s9
3 0x80000d58 (0x4195dcb3) x25 0x4aa12000
core   0: 0xffffffff80000d5c (0x015f2cb3) slt     s9, t5, s5
3 0x80000d5c (0x015f2cb3) x25 0x00000001
core   0: 0xffffffff80000d60 (0x24e9ec13) ori     s8, s3, 590
3 0x80000d60 (0x24e9ec13) x24 0x000003df
core   0: 0xffffffff80000d64 (0x30553193) sltiu   gp, a0, 773
3 0x80000d64 (0x30553193) x 3 0x00000000
core   0: 0xffffffff80000d68 (0x2a06bcb7) lui     s9, 0x2a06b
3 0x80000d68 (0x2a06bcb7) x25 0x2a06b000
core   0: 0xffffffff80000d6c (0xedc64313) xori    t1, a2, -292
3 0x80000d6c (0xedc64313) x 6 0xfffffd4d
core   0: 0xffffffff80000d70 (0xcd024193) xori    gp, tp, -816
3 0x80000d70 (0xcd024193) x 3 0x000a2cd0
core   0: 0xffffffff80000d74 (0x00000013) nop
3 0x80000d74 (0x00000013)
core   0: 0xffffffff80000d78 (0x017a5693) srli    a3, s4, 23
3 0x80000d78 (0x017a5693) x13 0x00000100
core   0: 0xffffffff80000d7c (0x017d95b3) sll     a1, s11, s7
3 0x80000d7c (0x017d95b3) x11 0x00000000
core   0: 0xffffffff80000d80 (0x00000013) nop
3 0x80000d80 (0x00000013)
core   0: 0xffffffff80000d84 (0x962221b7) lui     gp, 0x96222
3 0x80000d84 (0x962221b7) x 3 0x96222000
core   0: 0xffffffff80000d88 (0x096a1c37) lui     s8, 0x96a1
3 0x80000d88 (0x096a1c37) x24 0x096a1000
core   0: 0xffffffff80000d8c (0x00000013) nop
3 0x80000d8c (0x00000013)
core   0: 0xffffffff80000d90 (0x00758333) add     t1, a1, t2
3 0x80000d90 (0x00758333) x 6 0x00000000
core   0: 0xffffffff80000d94 (0x41c55633) sra     a2, a0, t3
3 0x80000d94 (0x41c55633) x12 0x00012da4
core   0: 0xffffffff80000d98 (0xb9246cb7) lui     s9, 0xb9246
3 0x80000d98 (0xb9246cb7) x25 0xb9246000
core   0: 0xffffffff80000d9c (0x01b2c933) xor     s2, t0, s11
3 0x80000d9c (0x01b2c933) x18 0x4aa12000
core   0: 0xffffffff80000da0 (0x01ee2433) slt     s0, t3, t5
3 0x80000da0 (0x01ee2433) x 8 0x00000001
core   0: 0xffffffff80000da4 (0x01781313) slli    t1, a6, 23
3 0x80000da4 (0x01781313) x 6 0x00000000
core   0: 0xffffffff80000da8 (0x00000013) nop
3 0x80000da8 (0x00000013)
core   0: 0xffffffff80000dac (0x018db633) sltu    a2, s11, s8
3 0x80000dac (0x018db633) x12 0x00000001
core   0: 0xffffffff80000db0 (0x00000013) nop
3 0x80000db0 (0x00000013)
core   0: 0xffffffff80000db4 (0x0057df13) srli    t5, a5, 5
3 0x80000db4 (0x0057df13) x30 0x07ffffff
core   0: 0xffffffff80000db8 (0xef916f93) ori     t6, sp, -263
3 0x80000db8 (0xef916f93) x31 0xfffffffb
core   0: 0xffffffff80000dbc (0x40ff5733) sra     a4, t5, a5
3 0x80000dbc (0x40ff5733) x14 0x00000000
core   0: 0xffffffff80000dc0 (0xf826fa93) andi    s5, a3, -126
3 0x80000dc0 (0xf826fa93) x21 0x00000100
core   0: 0xffffffff80000dc4 (0x40b8d233) sra     tp, a7, a1
3 0x80000dc4 (0x40b8d233) x 4 0xf0dbffff
core   0: 0xffffffff80000dc8 (0x012309b3) add     s3, t1, s2
3 0x80000dc8 (0x012309b3) x19 0x4aa12000
core   0: 0xffffffff80000dcc (0x00e277b3) and     a5, tp, a4
3 0x80000dcc (0x00e277b3) x15 0x00000000
core   0: 0xffffffff80000dd0 (0x00ba3f33) sltu    t5, s4, a1
3 0x80000dd0 (0x00ba3f33) x30 0x00000000
core   0: 0xffffffff80000dd4 (0xc39da713) slti    a4, s11, -967
3 0x80000dd4 (0xc39da713) x14 0x00000000
core   0: 0xffffffff80000dd8 (0x1748f613) andi    a2, a7, 372
3 0x80000dd8 (0x1748f613) x12 0x00000174
core   0: 0xffffffff80000ddc (0x014186b3) add     a3, gp, s4
3 0x80000ddc (0x014186b3) x13 0x16236ce4
core   0: 0xffffffff80000de0 (0x008ddc13) srli    s8, s11, 8
3 0x80000de0 (0x008ddc13) x24 0x00000000
core   0: 0xffffffff80000de4 (0x00a435b3) sltu    a1, s0, a0
3 0x80000de4 (0x00a435b3) x11 0x00000001
core   0: 0xffffffff80000de8 (0x2391a013) slti    zero, gp, 569
3 0x80000de8 (0x2391a013)
core   0: 0xffffffff80000dec (0x00e9fc33) and     s8, s3, a4
3 0x80000dec (0x00e9fc33) x24 0x00000000
core   0: 0xffffffff80000df0 (0xca55ff13) andi    t5, a1, -859
3 0x80000df0 (0xca55ff13) x30 0x00000001
core   0: 0xffffffff80000df4 (0x187ecc93) xori    s9, t4, 391
3 0x80000df4 (0x187ecc93) x25 0x5a00cca3
core   0: 0xffffffff80000df8 (0x010d88b3) add     a7, s11, a6
3 0x80000df8 (0x010d88b3) x17 0x00000000
core   0: 0xffffffff80000dfc (0x00000013) nop
3 0x80000dfc (0x00000013)
core   0: 0xffffffff80000e00 (0x01809713) slli    a4, ra, 24
3 0x80000e00 (0x01809713) x14 0x00000000
core   0: 0xffffffff80000e04 (0x002c8533) add     a0, s9, sp
3 0x80000e04 (0x002c8533) x10 0xd9ffba4e
core   0: 0xffffffff80000e08 (0xd3947897) auipc   a7, 0xd3947
3 0x80000e08 (0xd3947897) x17 0x53947e08
core   0: 0xffffffff80000e0c (0x40ba88b3) sub     a7, s5, a1
3 0x80000e0c (0x40ba88b3) x17 0x000000ff
core   0: 0xffffffff80000e10 (0x00045593) srli    a1, s0, 0
3 0x80000e10 (0x00045593) x11 0x00000001
core   0: 0xffffffff80000e14 (0x01c49693) slli    a3, s1, 28
3 0x80000e14 (0x01c49693) x13 0x40000000
core   0: 0xffffffff80000e18 (0x00d87b33) and     s6, a6, a3
3 0x80000e18 (0x00d87b33) x22 0x00000000
core   0: 0xffffffff80000e1c (0xda944f93) xori    t6, s0, -599
3 0x80000e1c (0xda944f93) x31 0xfffffda8
core   0: 0xffffffff80000e20 (0x0c30e313) ori     t1, ra, 195
3 0x80000e20 (0x0c30e313) x 6 0xae8000c3
core   0: 0xffffffff80000e24 (0x01c9e733) or      a4, s3, t3
3 0x80000e24 (0x01c9e733) x14 0x4aa12001
core   0: 0xffffffff80000e28 (0xfaff0213) addi    tp, t5, -81
3 0x80000e28 (0xfaff0213) x 4 0xffffffb0
core   0: 0xffffffff80000e2c (0xd755cb93) xori    s7, a1, -651
3 0x80000e2c (0xd755cb93) x23 0xfffffd74
core   0: 0xffffffff80000e30 (0x00000013) nop
3 0x80000e30 (0x00000013)
core   0: 0xffffffff80000e34 (0x00a05933) srl     s2, zero, a0
3 0x80000e34 (0x00a05933) x18 0x00000000
core   0: 0xffffffff80000e38 (0x14b84013) xori    zero, a6, 331
3 0x80000e38 (0x14b84013)
core   0: 0xffffffff80000e3c (0x01affe33) and     t3, t6, s10
3 0x80000e3c (0x01affe33) x28 0xd4922520
core   0: 0xffffffff80000e40 (0x00359293) slli    t0, a1, 3
3 0x80000e40 (0x00359293) x 5 0x00000008
core   0: 0xffffffff80000e44 (0x0f3cba93) sltiu   s5, s9, 243
3 0x80000e44 (0x0f3cba93) x21 0x00000000
core   0: 0xffffffff80000e48 (0xda618e13) addi    t3, gp, -602
3 0x80000e48 (0xda618e13) x28 0x96221da6
core   0: 0xffffffff80000e4c (0x00d7c6b3) xor     a3, a5, a3
3 0x80000e4c (0x00d7c6b3) x13 0x40000000
core   0: 0xffffffff80000e50 (0x0185f8b3) and     a7, a1, s8
3 0x80000e50 (0x0185f8b3) x17 0x00000000
core   0: 0xffffffff80000e54 (0xb4e75317) auipc   t1, 0xb4e75
3 0x80000e54 (0xb4e75317) x 6 0x34e75e54
core   0: 0xffffffff80000e58 (0x00a19913) slli    s2, gp, 10
3 0x80000e58 (0x00a19913) x18 0x88800000
core   0: 0xffffffff80000e5c (0x00513cb3) sltu    s9, sp, t0
3 0x80000e5c (0x00513cb3) x25 0x00000000
core   0: 0xffffffff80000e60 (0x19f4fb93) andi    s7, s1, 415
3 0x80000e60 (0x19f4fb93) x23 0x00000004
core   0: 0xffffffff80000e64 (0x01152733) slt     a4, a0, a7
3 0x80000e64 (0x01152733) x14 0x00000001
core   0: 0xffffffff80000e68 (0x00933eb3) sltu    t4, t1, s1
3 0x80000e68 (0x00933eb3) x29 0x00000001
core   0: 0xffffffff80000e6c (0x00228133) add     sp, t0, sp
3 0x80000e6c (0x00228133) x 2 0x7ffeedb3
core   0: 0xffffffff80000e70 (0x404e0633) sub     a2, t3, tp
3 0x80000e70 (0x404e0633) x12 0x96221df6
core   0: 0xffffffff80000e74 (0xa04d2c17) auipc   s8, 0xa04d2
3 0x80000e74 (0xa04d2c17) x24 0x204d2e74
core   0: 0xffffffff80000e78 (0x89c3ac97) auipc   s9, 0x89c3a
3 0x80000e78 (0x89c3ac97) x25 0x09c3ae78
core   0: 0xffffffff80000e7c (0x0130ecb3) or      s9, ra, s3
3 0x80000e7c (0x0130ecb3) x25 0xeea12000
core   0: 0xffffffff80000e80 (0xc88cbf13) sltiu   t5, s9, -888
3 0x80000e80 (0xc88cbf13) x30 0x00000001
core   0: 0xffffffff80000e84 (0xf8936113) ori     sp, t1, -119
3 0x80000e84 (0xf8936113) x 2 0xffffffdd
core   0: 0xffffffff80000e88 (0x01a3a6b3) slt     a3, t2, s10
3 0x80000e88 (0x01a3a6b3) x13 0x00000000
core   0: 0xffffffff80000e8c (0x41df5db3) sra     s11, t5, t4
3 0x80000e8c (0x41df5db3) x27 0x00000000
core   0: 0xffffffff80000e90 (0x3e347293) andi    t0, s0, 995
3 0x80000e90 (0x3e347293) x 5 0x00000001
core   0: 0xffffffff80000e94 (0x104b8193) addi    gp, s7, 260
3 0x80000e94 (0x104b8193) x 3 0x00000108
core   0: 0xffffffff80000e98 (0xf13b4793) xori    a5, s6, -237
3 0x80000e98 (0xf13b4793) x15 0xffffff13
core   0: 0xffffffff80000e9c (0x00000013) nop
3 0x80000e9c (0x00000013)
core   0: 0xffffffff80000ea0 (0x0142a633) slt     a2, t0, s4
3 0x80000ea0 (0x0142a633) x12 0x00000000
core   0: 0xffffffff80000ea4 (0xf4a48f93) addi    t6, s1, -182
3 0x80000ea4 (0xf4a48f93) x31 0x80010dae
core   0: 0xffffffff80000ea8 (0x00000013) nop
3 0x80000ea8 (0x00000013)
core   0: 0xffffffff80000eac (0x40635633) sra     a2, t1, t1
3 0x80000eac (0x40635633) x12 0x0000034e
core   0: 0xffffffff80000eb0 (0x2fdae313) ori     t1, s5, 765
3 0x80000eb0 (0x2fdae313) x 6 0x000002fd
core   0: 0xffffffff80000eb4 (0x41c653b3) sra     t2, a2, t3
3 0x80000eb4 (0x41c653b3) x 7 0x0000000d
core   0: 0xffffffff80000eb8 (0x09147213) andi    tp, s0, 145
3 0x80000eb8 (0x09147213) x 4 0x00000001
core   0: 0xffffffff80000ebc (0x76e2cf17) auipc   t5, 0x76e2c
3 0x80000ebc (0x76e2cf17) x30 0xf6e2cebc
core   0: 0xffffffff80000ec0 (0xc9d06413) ori     s0, zero, -867
3 0x80000ec0 (0xc9d06413) x 8 0xfffffc9d
core   0: 0xffffffff80000ec4 (0x1ec3bd93) sltiu   s11, t2, 492
3 0x80000ec4 (0x1ec3bd93) x27 0x00000001
core   0: 0xffffffff80000ec8 (0x405d5013) srai    zero, s10, 5
3 0x80000ec8 (0x405d5013)
core   0: 0xffffffff80000ecc (0x00cb9813) slli    a6, s7, 12
3 0x80000ecc (0x00cb9813) x16 0x00004000
core   0: 0xffffffff80000ed0 (0x8a0c5ab7) lui     s5, 0x8a0c5
3 0x80000ed0 (0x8a0c5ab7) x21 0x8a0c5000
core   0: 0xffffffff80000ed4 (0x00509b13) slli    s6, ra, 5
3 0x80000ed4 (0x00509b13) x22 0xd0000000
core   0: 0xffffffff80000ed8 (0x3d224a93) xori    s5, tp, 978
3 0x80000ed8 (0x3d224a93) x21 0x000003d3
core   0: 0xffffffff80000edc (0x41add913) srai    s2, s11, 26
3 0x80000edc (0x41add913) x18 0x00000000
core   0: 0xffffffff80000ee0 (0xf8dc6d93) ori     s11, s8, -115
3 0x80000ee0 (0xf8dc6d93) x27 0xfffffffd
core   0: 0xffffffff80000ee4 (0x005d4133) xor     sp, s10, t0
3 0x80000ee4 (0x005d4133) x 2 0xd4922566
core   0: 0xffffffff80000ee8 (0x015a5893) srli    a7, s4, 21
3 0x80000ee8 (0x015a5893) x17 0x00000400
core   0: 0xffffffff80000eec (0x20033993) sltiu   s3, t1, 512
3 0x80000eec (0x20033993) x19 0x00000000
core   0: 0xffffffff80000ef0 (0x002143b3) xor     t2, sp, sp
3 0x80000ef0 (0x002143b3) x 7 0x00000000
core   0: 0xffffffff80000ef4 (0xcbb1b793) sltiu   a5, gp, -837
3 0x80000ef4 (0xcbb1b793) x15 0x00000001
core   0: 0xffffffff80000ef8 (0xd1cb41b7) lui     gp, 0xd1cb4
3 0x80000ef8 (0xd1cb41b7) x 3 0xd1cb4000
core   0: 0xffffffff80000efc (0xd4076917) auipc   s2, 0xd4076
3 0x80000efc (0xd4076917) x18 0x54076efc
core   0: 0xffffffff80000f00 (0x014d8333) add     t1, s11, s4
3 0x80000f00 (0x014d8333) x 6 0x80014ce1
core   0: 0xffffffff80000f04 (0x0105ef33) or      t5, a1, a6
3 0x80000f04 (0x0105ef33) x30 0x00004001
core   0: 0xffffffff80000f08 (0x0072cf33) xor     t5, t0, t2
3 0x80000f08 (0x0072cf33) x30 0x00000001
core   0: 0xffffffff80000f0c (0x015063b3) or      t2, zero, s5
3 0x80000f0c (0x015063b3) x 7 0x000003d3
core   0: 0xffffffff80000f10 (0x00d95433) srl     s0, s2, a3
3 0x80000f10 (0x00d95433) x 8 0x54076efc
core   0: 0xffffffff80000f14 (0x1e44fd93) andi    s11, s1, 484
3 0x80000f14 (0x1e44fd93) x27 0x00000064
core   0: 0xffffffff80000f18 (0x40d057b3) sra     a5, zero, a3
3 0x80000f18 (0x40d057b3) x15 0x00000000
core   0: 0xffffffff80000f1c (0x419c89b3) sub     s3, s9, s9
3 0x80000f1c (0x419c89b3) x19 0x00000000
core   0: 0xffffffff80000f20 (0x00555e33) srl     t3, a0, t0
3 0x80000f20 (0x00555e33) x28 0x6cffdd27
core   0: 0xffffffff80000f24 (0x3efb3693) sltiu   a3, s6, 1007
3 0x80000f24 (0x3efb3693) x13 0x00000000
core   0: 0xffffffff80000f28 (0x01cf0c33) add     s8, t5, t3
3 0x80000f28 (0x01cf0c33) x24 0x6cffdd28
core   0: 0xffffffff80000f2c (0xa78a3a97) auipc   s5, 0xa78a3
3 0x80000f2c (0xa78a3a97) x21 0x278a3f2c
core   0: 0xffffffff80000f30 (0x00000013) nop
3 0x80000f30 (0x00000013)
core   0: 0xffffffff80000f34 (0x018ad633) srl     a2, s5, s8
3 0x80000f34 (0x018ad633) x12 0x00278a3f
core   0: 0xffffffff80000f38 (0x01025e93) srli    t4, tp, 16
3 0x80000f38 (0x01025e93) x29 0x00000000
core   0: 0xffffffff80000f3c (0xea4c8d93) addi    s11, s9, -348
3 0x80000f3c (0xea4c8d93) x27 0xeea11ea4
core   0: 0xffffffff80000f40 (0xca03c113) xori    sp, t2, -864
3 0x80000f40 (0xca03c113) x 2 0xffffff73
core   0: 0xffffffff80000f44 (0x00652b33) slt     s6, a0, t1
3 0x80000f44 (0x00652b33) x22 0x00000000
core   0: 0xffffffff80000f48 (0x01f545b3) xor     a1, a0, t6
3 0x80000f48 (0x01f545b3) x11 0x59feb7e0
core   0: 0xffffffff80000f4c (0x412b83b3) sub     t2, s7, s2
3 0x80000f4c (0x412b83b3) x 7 0xabf89108
core   0: 0xffffffff80000f50 (0xca102993) slti    s3, zero, -863
3 0x80000f50 (0xca102993) x19 0x00000000
core   0: 0xffffffff80000f54 (0x0b76e813) ori     a6, a3, 183
3 0x80000f54 (0x0b76e813) x16 0x000000b7
core   0: 0xffffffff80000f58 (0x00439833) sll     a6, t2, tp
3 0x80000f58 (0x00439833) x16 0x57f12210
core   0: 0xffffffff80000f5c (0x012ecdb3) xor     s11, t4, s2
3 0x80000f5c (0x012ecdb3) x27 0x54076efc
core   0: 0xffffffff80000f60 (0x418856b3) sra     a3, a6, s8
3 0x80000f60 (0x418856b3) x13 0x0057f122
core   0: 0xffffffff80000f64 (0x01f2c633) xor     a2, t0, t6
3 0x80000f64 (0x01f2c633) x12 0x80010daf
core   0: 0xffffffff80000f68 (0x11b2a713) slti    a4, t0, 283
3 0x80000f68 (0x11b2a713) x14 0x00000001
core   0: 0xffffffff80000f6c (0x415cdb33) sra     s6, s9, s5
3 0x80000f6c (0x415cdb33) x22 0xfffeea12
core   0: 0xffffffff80000f70 (0xde164e13) xori    t3, a2, -543
3 0x80000f70 (0xde164e13) x28 0x7ffef04e
core   0: 0xffffffff80000f74 (0x406c5413) srai    s0, s8, 6
3 0x80000f74 (0x406c5413) x 8 0x01b3ff74
core   0: 0xffffffff80000f78 (0x01a45d93) srli    s11, s0, 26
3 0x80000f78 (0x01a45d93) x27 0x00000000
core   0: 0xffffffff80000f7c (0x009ce633) or      a2, s9, s1
3 0x80000f7c (0x009ce633) x12 0xeea12e64
core   0: 0xffffffff80000f80 (0xb885c897) auipc   a7, 0xb885c
3 0x80000f80 (0xb885c897) x17 0x3885cf80
core   0: 0xffffffff80000f84 (0x259e3993) sltiu   s3, t3, 601
3 0x80000f84 (0x259e3993) x19 0x00000000
core   0: 0xffffffff80000f88 (0x00f44db3) xor     s11, s0, a5
3 0x80000f88 (0x00f44db3) x27 0x01b3ff74
core   0: 0xffffffff80000f8c (0x41aadfb3) sra     t6, s5, s10
3 0x80000f8c (0x41aadfb3) x31 0x004f147e
core   0: 0xffffffff80000f90 (0x008a28b3) slt     a7, s4, s0
3 0x80000f90 (0x008a28b3) x17 0x00000001
core   0: 0xffffffff80000f94 (0x2333be17) auipc   t3, 0x2333b
3 0x80000f94 (0x2333be17) x28 0xa333bf94
core   0: 0xffffffff80000f98 (0xd2f2a593) slti    a1, t0, -721
3 0x80000f98 (0xd2f2a593) x11 0x00000000
core   0: 0xffffffff80000f9c (0x015d63b3) or      t2, s10, s5
3 0x80000f9c (0x015d63b3) x 7 0xf79a3f6f
core   0: 0xffffffff80000fa0 (0x17947b93) andi    s7, s0, 377
3 0x80000fa0 (0x17947b93) x23 0x00000170
core   0: 0xffffffff80000fa4 (0x09063113) sltiu   sp, a2, 144
3 0x80000fa4 (0x09063113) x 2 0x00000000
core   0: 0xffffffff80000fa8 (0x00000013) nop
3 0x80000fa8 (0x00000013)
core   0: 0xffffffff80000fac (0xf46aa413) slti    s0, s5, -186
3 0x80000fac (0xf46aa413) x 8 0x00000000
core   0: 0xffffffff80000fb0 (0x1ac36393) ori     t2, t1, 428
3 0x80000fb0 (0x1ac36393) x 7 0x80014ded
core   0: 0xffffffff80000fb4 (0x41c1d293) srai    t0, gp, 28
3 0x80000fb4 (0x41c1d293) x 5 0xfffffffd
core   0: 0xffffffff80000fb8 (0x41745293) srai    t0, s0, 23
3 0x80000fb8 (0x41745293) x 5 0x00000000
core   0: 0xffffffff80000fbc (0x00b91c13) slli    s8, s2, 11
3 0x80000fbc (0x00b91c13) x24 0x3b77e000
core   0: 0xffffffff80000fc0 (0x01b10cb3) add     s9, sp, s11
3 0x80000fc0 (0x01b10cb3) x25 0x01b3ff74
core   0: 0xffffffff80000fc4 (0x009cda93) srli    s5, s9, 9
3 0x80000fc4 (0x009cda93) x21 0x0000d9ff
core   0: 0xffffffff80000fc8 (0x00651cb3) sll     s9, a0, t1
3 0x80000fc8 (0x00651cb3) x25 0xb3ff749c
core   0: 0xffffffff80000fcc (0x41d45ab3) sra     s5, s0, t4
3 0x80000fcc (0x41d45ab3) x21 0x00000000
core   0: 0xffffffff80000fd0 (0x418b8b33) sub     s6, s7, s8
3 0x80000fd0 (0x418b8b33) x22 0xc4882170
core   0: 0xffffffff80000fd4 (0xc4d67693) andi    a3, a2, -947
3 0x80000fd4 (0xc4d67693) x13 0xeea12c44
core   0: 0xffffffff80000fd8 (0x0037c0b3) xor     ra, a5, gp
3 0x80000fd8 (0x0037c0b3) x 1 0xd1cb4000
core   0: 0xffffffff80000fdc (0x17a8fa93) andi    s5, a7, 378
3 0x80000fdc (0x17a8fa93) x21 0x00000000
core   0: 0xffffffff80000fe0 (0x0df4ee13) ori     t3, s1, 223
3 0x80000fe0 (0x0df4ee13) x28 0x80010eff
core   0: 0xffffffff80000fe4 (0x00f1c7b3) xor     a5, gp, a5
3 0x80000fe4 (0x00f1c7b3) x15 0xd1cb4000
core   0: 0xffffffff80000fe8 (0x005765b3) or      a1, a4, t0
3 0x80000fe8 (0x005765b3) x11 0x00000001
core   0: 0xffffffff80000fec (0xd7478693) addi    a3, a5, -652
3 0x80000fec (0xd7478693) x13 0xd1cb3d74
core   0: 0xffffffff80000ff0 (0x01bbdbb3) srl     s7, s7, s11
3 0x80000ff0 (0x01bbdbb3) x23 0x00000000
core   0: 0xffffffff80000ff4 (0x01ce9613) slli    a2, t4, 28
3 0x80000ff4 (0x01ce9613) x12 0x00000000
core   0: 0xffffffff80000ff8 (0x004ee9b3) or      s3, t4, tp
3 0x80000ff8 (0x004ee9b3) x19 0x00000001
core   0: 0xffffffff80000ffc (0x4059deb3) sra     t4, s3, t0
3 0x80000ffc (0x4059deb3) x29 0x00000001
core   0: 0xffffffff80001000 (0xddf47f93) andi    t6, s0, -545
3 0x80001000 (0xddf47f93) x31 0x00000000
core   0: 0xffffffff80001004 (0x01832f33) slt     t5, t1, s8
3 0x80001004 (0x01832f33) x30 0x00000001
core   0: 0xffffffff80001008 (0x1063c813) xori    a6, t2, 262
3 0x80001008 (0x1063c813) x16 0x80014ceb
core   0: 0xffffffff8000100c (0x53ddac37) lui     s8, 0x53dda
3 0x8000100c (0x53ddac37) x24 0x53dda000
core   0: 0xffffffff80001010 (0x01d4d7b3) srl     a5, s1, t4
3 0x80001010 (0x01d4d7b3) x15 0x40008732
core   0: 0xffffffff80001014 (0x41e45413) srai    s0, s0, 30
3 0x80001014 (0x41e45413) x 8 0x00000000
core   0: 0xffffffff80001018 (0x228a6e13) ori     t3, s4, 552
3 0x80001018 (0x228a6e13) x28 0x80014eec
core   0: 0xffffffff8000101c (0xcd01ee93) ori     t4, gp, -816
3 0x8000101c (0xcd01ee93) x29 0xfffffcd0
core   0: 0xffffffff80001020 (0xda24b913) sltiu   s2, s1, -606
3 0x80001020 (0xda24b913) x18 0x00000001
core   0: 0xffffffff80001024 (0x010ec2b3) xor     t0, t4, a6
3 0x80001024 (0x010ec2b3) x 5 0x7ffeb03b
core   0: 0xffffffff80001028 (0xea70c113) xori    sp, ra, -345
3 0x80001028 (0xea70c113) x 2 0x2e34bea7
core   0: 0xffffffff8000102c (0x001d9c93) slli    s9, s11, 1
3 0x8000102c (0x001d9c93) x25 0x0367fee8
core   0: 0xffffffff80001030 (0x19db7993) andi    s3, s6, 413
3 0x80001030 (0x19db7993) x19 0x00000110
core   0: 0xffffffff80001034 (0x0071c433) xor     s0, gp, t2
3 0x80001034 (0x0071c433) x 8 0x51ca0ded
core   0: 0xffffffff80001038 (0x268c7f13) andi    t5, s8, 616
3 0x80001038 (0x268c7f13) x30 0x00000000
core   0: 0xffffffff8000103c (0x0171c3b3) xor     t2, gp, s7
3 0x8000103c (0x0171c3b3) x 7 0xd1cb4000
core   0: 0xffffffff80001040 (0x00a6b033) sltu    zero, a3, a0
3 0x80001040 (0x00a6b033)
core   0: 0xffffffff80001044 (0x00b36633) or      a2, t1, a1
3 0x80001044 (0x00b36633) x12 0x80014ce1
core   0: 0xffffffff80001048 (0x6f4d1017) auipc   zero, 0x6f4d1
3 0x80001048 (0x6f4d1017)
core   0: 0xffffffff8000104c (0x00d55093) srli    ra, a0, 13
3 0x8000104c (0x00d55093) x 1 0x0006cffd
core   0: 0xffffffff80001050 (0x0e627193) andi    gp, tp, 230
3 0x80001050 (0x0e627193) x 3 0x00000000
core   0: 0xffffffff80001054 (0x010150b3) srl     ra, sp, a6
3 0x80001054 (0x010150b3) x 1 0x0005c697
core   0: 0xffffffff80001058 (0x00f16e33) or      t3, sp, a5
3 0x80001058 (0x00f16e33) x28 0x6e34bfb7
core   0: 0xffffffff8000105c (0x01a34fb3) xor     t6, t1, s10
3 0x8000105c (0x01a34fb3) x31 0x54936986
core   0: 0xffffffff80001060 (0x017aec13) ori     s8, s5, 23
3 0x80001060 (0x017aec13) x24 0x00000017
core   0: 0xffffffff80001064 (0x00000013) nop
3 0x80001064 (0x00000013)
core   0: 0xffffffff80001068 (0x01a99f93) slli    t6, s3, 26
3 0x80001068 (0x01a99f93) x31 0x40000000
core   0: 0xffffffff8000106c (0x110d2513) slti    a0, s10, 272
3 0x8000106c (0x110d2513) x10 0x00000001
core   0: 0xffffffff80001070 (0xc9f93913) sltiu   s2, s2, -865
3 0x80001070 (0xc9f93913) x18 0x00000001
core   0: 0xffffffff80001074 (0x41955fb3) sra     t6, a0, s9
3 0x80001074 (0x41955fb3) x31 0x00000000
core   0: 0xffffffff80001078 (0x00512c33) slt     s8, sp, t0
3 0x80001078 (0x00512c33) x24 0x00000001
core   0: 0xffffffff8000107c (0x00a58c93) addi    s9, a1, 10
3 0x8000107c (0x00a58c93) x25 0x0000000b
core   0: 0xffffffff80001080 (0x00501993) slli    s3, zero, 5
3 0x80001080 (0x00501993) x19 0x00000000
core   0: 0xffffffff80001084 (0xc1cd6093) ori     ra, s10, -996
3 0x80001084 (0xc1cd6093) x 1 0xfffffd7f
core   0: 0xffffffff80001088 (0x003ebc33) sltu    s8, t4, gp
3 0x80001088 (0x003ebc33) x24 0x00000000
core   0: 0xffffffff8000108c (0x00216133) or      sp, sp, sp
3 0x8000108c (0x00216133) x 2 0x2e34bea7
core   0: 0xffffffff80001090 (0xc83c2893) slti    a7, s8, -893
3 0x80001090 (0xc83c2893) x17 0x00000000
core   0: 0xffffffff80001094 (0x40eb59b3) sra     s3, s6, a4
3 0x80001094 (0x40eb59b3) x19 0xe24410b8
core   0: 0xffffffff80001098 (0xd9076993) ori     s3, a4, -624
3 0x80001098 (0xd9076993) x19 0xfffffd91
core   0: 0xffffffff8000109c (0x004ea733) slt     a4, t4, tp
3 0x8000109c (0x004ea733) x14 0x00000001
core   0: 0xffffffff800010a0 (0x40985013) srai    zero, a6, 9
3 0x800010a0 (0x40985013)
core   0: 0xffffffff800010a4 (0x01346133) or      sp, s0, s3
3 0x800010a4 (0x01346133) x 2 0xfffffdfd
core   0: 0xffffffff800010a8 (0x00e3f333) and     t1, t2, a4
3 0x800010a8 (0x00e3f333) x 6 0x00000000
core   0: 0xffffffff800010ac (0x80000237) lui     tp, 0x80000
3 0x800010ac (0x80000237) x 4 0x80000000
core   0: 0xffffffff800010b0 (0x800005b7) lui     a1, 0x80000
3 0x800010b0 (0x800005b7) x11 0x80000000
core   0: 0xffffffff800010b4 (0x2553b8b7) lui     a7, 0x2553b
3 0x800010b4 (0x2553b8b7) x17 0x2553b000
core   0: 0xffffffff800010b8 (0xbdc88893) addi    a7, a7, -1060
3 0x800010b8 (0xbdc88893) x17 0x2553abdc
core   0: 0xffffffff800010bc (0x800009b7) lui     s3, 0x80000
3 0x800010bc (0x800009b7) x19 0x80000000
core   0: 0xffffffff800010c0 (0x80000437) lui     s0, 0x80000
3 0x800010c0 (0x80000437) x 8 0x80000000
core   0: 0xffffffff800010c4 (0xfff00713) li      a4, -1
3 0x800010c4 (0xfff00713) x14 0xffffffff
core   0: 0xffffffff800010c8 (0xfff00c93) li      s9, -1
3 0x800010c8 (0xfff00c93) x25 0xffffffff
core   0: 0xffffffff800010cc (0xfff00793) li      a5, -1
3 0x800010cc (0xfff00793) x15 0xffffffff
core   0: 0xffffffff800010d0 (0x00000393) li      t2, 0
3 0x800010d0 (0x00000393) x 7 0x00000000
core   0: 0xffffffff800010d4 (0xfff00313) li      t1, -1
3 0x800010d4 (0xfff00313) x 6 0xffffffff
core   0: 0xffffffff800010d8 (0x00000013) nop
3 0x800010d8 (0x00000013)
core   0: 0xffffffff800010dc (0x00000013) nop
3 0x800010dc (0x00000013)
core   0: 0xffffffff800010e0 (0xf5db49b7) lui     s3, 0xf5db4
3 0x800010e0 (0xf5db49b7) x19 0xf5db4000
core   0: 0xffffffff800010e4 (0xdee2a597) auipc   a1, 0xdee2a
3 0x800010e4 (0xdee2a597) x11 0x5ee2b0e4
core   0: 0xffffffff800010e8 (0x00838cb3) add     s9, t2, s0
3 0x800010e8 (0x00838cb3) x25 0x80000000
core   0: 0xffffffff800010ec (0x7cea3717) auipc   a4, 0x7cea3
3 0x800010ec (0x7cea3717) x14 0xfcea40ec
core   0: 0xffffffff800010f0 (0x00000013) nop
3 0x800010f0 (0x00000013)
core   0: 0xffffffff800010f4 (0x004383b3) add     t2, t2, tp
3 0x800010f4 (0x004383b3) x 7 0x80000000
core   0: 0xffffffff800010f8 (0x006989b3) add     s3, s3, t1
3 0x800010f8 (0x006989b3) x19 0xf5db3fff
core   0: 0xffffffff800010fc (0x1a23b717) auipc   a4, 0x1a23b
3 0x800010fc (0x1a23b717) x14 0x9a23c0fc
core   0: 0xffffffff80001100 (0x00000013) nop
3 0x80001100 (0x00000013)
core   0: 0xffffffff80001104 (0xedc20713) addi    a4, tp, -292
3 0x80001104 (0xedc20713) x14 0x7ffffedc
core   0: 0xffffffff80001108 (0xeb688793) addi    a5, a7, -330
3 0x80001108 (0xeb688793) x15 0x2553aa92
core   0: 0xffffffff8000110c (0x00f785b3) add     a1, a5, a5
3 0x8000110c (0x00f785b3) x11 0x4aa75524
core   0: 0xffffffff80001110 (0x01978cb3) add     s9, a5, s9
3 0x80001110 (0x01978cb3) x25 0xa553aa92
core   0: 0xffffffff80001114 (0xde588213) addi    tp, a7, -539
3 0x80001114 (0xde588213) x 4 0x2553a9c1
core   0: 0xffffffff80001118 (0x98a615b7) lui     a1, 0x98a61
3 0x80001118 (0x98a615b7) x11 0x98a61000
core   0: 0xffffffff8000111c (0x24c3d897) auipc   a7, 0x24c3d
3 0x8000111c (0x24c3d897) x17 0xa4c3e11c
core   0: 0xffffffff80001120 (0x00770733) add     a4, a4, t2
3 0x80001120 (0x00770733) x14 0xfffffedc
core   0: 0xffffffff80001124 (0xc8240993) addi    s3, s0, -894
3 0x80001124 (0xc8240993) x19 0x7ffffc82
core   0: 0xffffffff80001128 (0x19270993) addi    s3, a4, 402
3 0x80001128 (0x19270993) x19 0x0000006e
core   0: 0xffffffff8000112c (0x41370233) sub     tp, a4, s3
3 0x8000112c (0x41370233) x 4 0xfffffe6e
core   0: 0xffffffff80001130 (0x41e95213) srai    tp, s2, 30
3 0x80001130 (0x41e95213) x 4 0x00000000
core   0: 0xffffffff80001134 (0x406a5f93) srai    t6, s4, 6
3 0x80001134 (0x406a5f93) x31 0xfe000533
core   0: 0xffffffff80001138 (0x0069f8b3) and     a7, s3, t1
3 0x80001138 (0x0069f8b3) x17 0x0000006e
core   0: 0xffffffff8000113c (0x01903b33) snez    s6, s9
3 0x8000113c (0x01903b33) x22 0x00000001
core   0: 0xffffffff80001140 (0xce6a4213) xori    tp, s4, -794
3 0x80001140 (0xce6a4213) x 4 0x7ffeb002
core   0: 0xffffffff80001144 (0xd8e7bc93) sltiu   s9, a5, -626
3 0x80001144 (0xd8e7bc93) x25 0x00000001
core   0: 0xffffffff80001148 (0xfae20bb7) lui     s7, 0xfae20
3 0x80001148 (0xfae20bb7) x23 0xfae20000
core   0: 0xffffffff8000114c (0x01aacbb3) xor     s7, s5, s10
3 0x8000114c (0x01aacbb3) x23 0xd4922567
core   0: 0xffffffff80001150 (0xc5257413) andi    s0, a0, -942
3 0x80001150 (0xc5257413) x 8 0x00000000
core   0: 0xffffffff80001154 (0x01c176b3) and     a3, sp, t3
3 0x80001154 (0x01c176b3) x13 0x6e34bdb5
core   0: 0xffffffff80001158 (0x01123433) sltu    s0, tp, a7
3 0x80001158 (0x01123433) x 8 0x00000000
core   0: 0xffffffff8000115c (0xdc730413) addi    s0, t1, -569
3 0x8000115c (0xdc730413) x 8 0xfffffdc6
core   0: 0xffffffff80001160 (0x009acd97) auipc   s11, 0x9ac
3 0x80001160 (0x009acd97) x27 0x809ad160
core   0: 0xffffffff80001164 (0x412c5b93) srai    s7, s8, 18
3 0x80001164 (0x412c5b93) x23 0x00000000
core   0: 0xffffffff80001168 (0x412656b3) sra     a3, a2, s2
3 0x80001168 (0x412656b3) x13 0xc000a670
core   0: 0xffffffff8000116c (0x01e0a7b3) slt     a5, ra, t5
3 0x8000116c (0x01e0a7b3) x15 0x00000001
core   0: 0xffffffff80001170 (0x00df6cb3) or      s9, t5, a3
3 0x80001170 (0x00df6cb3) x25 0xc000a670
core   0: 0xffffffff80001174 (0x0188a7b3) slt     a5, a7, s8
3 0x80001174 (0x0188a7b3) x15 0x00000000
core   0: 0xffffffff80001178 (0x00873f33) sltu    t5, a4, s0
3 0x80001178 (0x00873f33) x30 0x00000000
core   0: 0xffffffff8000117c (0x016e7f33) and     t5, t3, s6
3 0x8000117c (0x016e7f33) x30 0x00000001
core   0: 0xffffffff80001180 (0x00d35313) srli    t1, t1, 13
3 0x80001180 (0x00d35313) x 6 0x0007ffff
core   0: 0xffffffff80001184 (0x01d09113) slli    sp, ra, 29
3 0x80001184 (0x01d09113) x 2 0xe0000000
core   0: 0xffffffff80001188 (0x01ac1993) slli    s3, s8, 26
3 0x80001188 (0x01ac1993) x19 0x00000000
core   0: 0xffffffff8000118c (0x5fcdc2b7) lui     t0, 0x5fcdc
3 0x8000118c (0x5fcdc2b7) x 5 0x5fcdc000
core   0: 0xffffffff80001190 (0x00592eb3) slt     t4, s2, t0
3 0x80001190 (0x00592eb3) x29 0x00000001
core   0: 0xffffffff80001194 (0x01ce6e33) or      t3, t3, t3
3 0x80001194 (0x01ce6e33) x28 0x6e34bfb7
core   0: 0xffffffff80001198 (0x0011f7b3) and     a5, gp, ra
3 0x80001198 (0x0011f7b3) x15 0x00000000
core   0: 0xffffffff8000119c (0xc230f993) andi    s3, ra, -989
3 0x8000119c (0xc230f993) x19 0xfffffc23
core   0: 0xffffffff800011a0 (0x01d00b33) add     s6, zero, t4
3 0x800011a0 (0x01d00b33) x22 0x00000001
core   0: 0xffffffff800011a4 (0x001dff33) and     t5, s11, ra
3 0x800011a4 (0x001dff33) x30 0x809ad160
core   0: 0xffffffff800011a8 (0x019aa533) slt     a0, s5, s9
3 0x800011a8 (0x019aa533) x10 0x00000000
core   0: 0xffffffff800011ac (0x1e99b593) sltiu   a1, s3, 489
3 0x800011ac (0x1e99b593) x11 0x00000000
core   0: 0xffffffff800011b0 (0xfc590a93) addi    s5, s2, -59
3 0x800011b0 (0xfc590a93) x21 0xffffffc6
core   0: 0xffffffff800011b4 (0x0006b433) sltu    s0, a3, zero
3 0x800011b4 (0x0006b433) x 8 0x00000000
core   0: 0xffffffff800011b8 (0x00000013) nop
3 0x800011b8 (0x00000013)
core   0: 0xffffffff800011bc (0x40a8d433) sra     s0, a7, a0
3 0x800011bc (0x40a8d433) x 8 0x0000006e
core   0: 0xffffffff800011c0 (0x01077933) and     s2, a4, a6
3 0x800011c0 (0x01077933) x18 0x80014cc8
core   0: 0xffffffff800011c4 (0x417e5393) srai    t2, t3, 23
3 0x800011c4 (0x417e5393) x 7 0x000000dc
core   0: 0xffffffff800011c8 (0x41b2d313) srai    t1, t0, 27
3 0x800011c8 (0x41b2d313) x 6 0x0000000b
core   0: 0xffffffff800011cc (0x01dbccb3) xor     s9, s7, t4
3 0x800011cc (0x01dbccb3) x25 0x00000001
core   0: 0xffffffff800011d0 (0xd701a393) slti    t2, gp, -656
3 0x800011d0 (0xd701a393) x 7 0x00000000
core   0: 0xffffffff800011d4 (0x069baa93) slti    s5, s7, 105
3 0x800011d4 (0x069baa93) x21 0x00000001
core   0: 0xffffffff800011d8 (0x40dcdc13) srai    s8, s9, 13
3 0x800011d8 (0x40dcdc13) x24 0x00000000
core   0: 0xffffffff800011dc (0x010da533) slt     a0, s11, a6
3 0x800011dc (0x010da533) x10 0x00000000
core   0: 0xffffffff800011e0 (0x40d85933) sra     s2, a6, a3
3 0x800011e0 (0x40d85933) x18 0xffff8001
core   0: 0xffffffff800011e4 (0x01f0b3b3) sltu    t2, ra, t6
3 0x800011e4 (0x01f0b3b3) x 7 0x00000000
core   0: 0xffffffff800011e8 (0x00000013) nop
3 0x800011e8 (0x00000013)
core   0: 0xffffffff800011ec (0x0086a313) slti    t1, a3, 8
3 0x800011ec (0x0086a313) x 6 0x00000001
core   0: 0xffffffff800011f0 (0x250f4213) xori    tp, t5, 592
3 0x800011f0 (0x250f4213) x 4 0x809ad330
core   0: 0xffffffff800011f4 (0xcc6300b7) lui     ra, 0xcc630
3 0x800011f4 (0xcc6300b7) x 1 0xcc630000
core   0: 0xffffffff800011f8 (0x01681a93) slli    s5, a6, 22
3 0x800011f8 (0x01681a93) x21 0x3ac00000
core   0: 0xffffffff800011fc (0x00601593) slli    a1, zero, 6
3 0x800011fc (0x00601593) x11 0x00000000
core   0: 0xffffffff80001200 (0xf51a8f93) addi    t6, s5, -175
3 0x80001200 (0xf51a8f93) x31 0x3abfff51
core   0: 0xffffffff80001204 (0x011b3433) sltu    s0, s6, a7
3 0x80001204 (0x011b3433) x 8 0x00000001
core   0: 0xffffffff80001208 (0x002d0fb3) add     t6, s10, sp
3 0x80001208 (0x002d0fb3) x31 0xb4922567
core   0: 0xffffffff8000120c (0x007c0e33) add     t3, s8, t2
3 0x8000120c (0x007c0e33) x28 0x00000000
core   0: 0xffffffff80001210 (0x00c05733) srl     a4, zero, a2
3 0x80001210 (0x00c05733) x14 0x00000000
core   0: 0xffffffff80001214 (0x40fbd0b3) sra     ra, s7, a5
3 0x80001214 (0x40fbd0b3) x 1 0x00000000
core   0: 0xffffffff80001218 (0x405e06b3) sub     a3, t3, t0
3 0x80001218 (0x405e06b3) x13 0xa0324000
core   0: 0xffffffff8000121c (0x40935033) sra     zero, t1, s1
3 0x8000121c (0x40935033)
core   0: 0xffffffff80001220 (0x41a280b3) sub     ra, t0, s10
3 0x80001220 (0x41a280b3) x 1 0x8b3b9a99
core   0: 0xffffffff80001224 (0x01f8e933) or      s2, a7, t6
3 0x80001224 (0x01f8e933) x18 0xb492256f
core   0: 0xffffffff80001228 (0x0172d213) srli    tp, t0, 23
3 0x80001228 (0x0172d213) x 4 0x000000bf
core   0: 0xffffffff8000122c (0x40690133) sub     sp, s2, t1
3 0x8000122c (0x40690133) x 2 0xb492256e
core   0: 0xffffffff80001230 (0x00899633) sll     a2, s3, s0
3 0x80001230 (0x00899633) x12 0xfffff846
core   0: 0xffffffff80001234 (0x011f16b3) sll     a3, t5, a7
3 0x80001234 (0x011f16b3) x13 0xb4580000
core   0: 0xffffffff80001238 (0x00000013) nop
3 0x80001238 (0x00000013)
core   0: 0xffffffff8000123c (0xf12c2613) slti    a2, s8, -238
3 0x8000123c (0xf12c2613) x12 0x00000000
core   0: 0xffffffff80001240 (0x015b55b3) srl     a1, s6, s5
3 0x80001240 (0x015b55b3) x11 0x00000001
core   0: 0xffffffff80001244 (0x00e22b33) slt     s6, tp, a4
3 0x80001244 (0x00e22b33) x22 0x00000000
core   0: 0xffffffff80001248 (0x0166c033) xor     zero, a3, s6
3 0x80001248 (0x0166c033)
core   0: 0xffffffff8000124c (0xc1808e93) addi    t4, ra, -1000
3 0x8000124c (0xc1808e93) x29 0x8b3b96b1
core   0: 0xffffffff80001250 (0xf2ab4813) xori    a6, s6, -214
3 0x80001250 (0xf2ab4813) x16 0xffffff2a
core   0: 0xffffffff80001254 (0x39161537) lui     a0, 0x39161
3 0x80001254 (0x39161537) x10 0x39161000
core   0: 0xffffffff80001258 (0x0ce50513) addi    a0, a0, 206
3 0x80001258 (0x0ce50513) x10 0x391610ce
core   0: 0xffffffff8000125c (0x00000e93) li      t4, 0
3 0x8000125c (0x00000e93) x29 0x00000000
core   0: 0xffffffff80001260 (0x00000913) li      s2, 0
3 0x80001260 (0x00000913) x18 0x00000000
core   0: 0xffffffff80001264 (0x800006b7) lui     a3, 0x80000
3 0x80001264 (0x800006b7) x13 0x80000000
core   0: 0xffffffff80001268 (0xfff00d93) li      s11, -1
3 0x80001268 (0xfff00d93) x27 0xffffffff
core   0: 0xffffffff8000126c (0x80000f37) lui     t5, 0x80000
3 0x8000126c (0x80000f37) x30 0x80000000
core   0: 0xffffffff80001270 (0xfff00313) li      t1, -1
3 0x80001270 (0xfff00313) x 6 0xffffffff
core   0: 0xffffffff80001274 (0xfff00813) li      a6, -1
3 0x80001274 (0xfff00813) x16 0xffffffff
core   0: 0xffffffff80001278 (0x80000637) lui     a2, 0x80000
3 0x80001278 (0x80000637) x12 0x80000000
core   0: 0xffffffff8000127c (0xfff00713) li      a4, -1
3 0x8000127c (0xfff00713) x14 0xffffffff
core   0: 0xffffffff80001280 (0x00cd8833) add     a6, s11, a2
3 0x80001280 (0x00cd8833) x16 0x7fffffff
core   0: 0xffffffff80001284 (0x01b50733) add     a4, a0, s11
3 0x80001284 (0x01b50733) x14 0x391610cd
core   0: 0xffffffff80001288 (0x40ed86b3) sub     a3, s11, a4
3 0x80001288 (0x40ed86b3) x13 0xc6e9ef32
core   0: 0xffffffff8000128c (0x00ce8f33) add     t5, t4, a2
3 0x8000128c (0x00ce8f33) x30 0x80000000
core   0: 0xffffffff80001290 (0x00cf0eb3) add     t4, t5, a2
3 0x80001290 (0x00cf0eb3) x29 0x00000000
core   0: 0xffffffff80001294 (0x00000013) nop
3 0x80001294 (0x00000013)
core   0: 0xffffffff80001298 (0x40a50533) sub     a0, a0, a0
3 0x80001298 (0x40a50533) x10 0x00000000
core   0: 0xffffffff8000129c (0x00000013) nop
3 0x8000129c (0x00000013)
core   0: 0xffffffff800012a0 (0x40e30633) sub     a2, t1, a4
3 0x800012a0 (0x40e30633) x12 0xc6e9ef32
core   0: 0xffffffff800012a4 (0x50252eb7) lui     t4, 0x50252
3 0x800012a4 (0x50252eb7) x29 0x50252000
core   0: 0xffffffff800012a8 (0x07bd3717) auipc   a4, 0x7bd3
3 0x800012a8 (0x07bd3717) x14 0x87bd42a8
core   0: 0xffffffff800012ac (0x1cd99697) auipc   a3, 0x1cd99
3 0x800012ac (0x1cd99697) x13 0x9cd9a2ac
core   0: 0xffffffff800012b0 (0x26e6df17) auipc   t5, 0x26e6d
3 0x800012b0 (0x26e6df17) x30 0xa6e6e2b0
core   0: 0xffffffff800012b4 (0xc76f0713) addi    a4, t5, -906
3 0x800012b4 (0xc76f0713) x14 0xa6e6df26
core   0: 0xffffffff800012b8 (0x00000013) nop
3 0x800012b8 (0x00000013)
core   0: 0xffffffff800012bc (0x01aa62b3) or      t0, s4, s10
3 0x800012bc (0x01aa62b3) x 5 0xd4936de7
core   0: 0xffffffff800012c0 (0xe5f9f513) andi    a0, s3, -417
3 0x800012c0 (0xe5f9f513) x10 0xfffffc03
core   0: 0xffffffff800012c4 (0x007bae33) slt     t3, s7, t2
3 0x800012c4 (0x007bae33) x28 0x00000000
core   0: 0xffffffff800012c8 (0xff1e6a93) ori     s5, t3, -15
3 0x800012c8 (0xff1e6a93) x21 0xfffffff1
core   0: 0xffffffff800012cc (0x41755e33) sra     t3, a0, s7
3 0x800012cc (0x41755e33) x28 0xfffffc03
core   0: 0xffffffff800012d0 (0x3c0db613) sltiu   a2, s11, 960
3 0x800012d0 (0x3c0db613) x12 0x00000000
core   0: 0xffffffff800012d4 (0xd5eae693) ori     a3, s5, -674
3 0x800012d4 (0xd5eae693) x13 0xffffffff
core   0: 0xffffffff800012d8 (0xe19cc993) xori    s3, s9, -487
3 0x800012d8 (0xe19cc993) x19 0xfffffe18
core   0: 0xffffffff800012dc (0x00d046b3) xor     a3, zero, a3
3 0x800012dc (0x00d046b3) x13 0xffffffff
core   0: 0xffffffff800012e0 (0xf2df8f93) addi    t6, t6, -211
3 0x800012e0 (0xf2df8f93) x31 0xb4922494
core   0: 0xffffffff800012e4 (0xf68f3893) sltiu   a7, t5, -152
3 0x800012e4 (0xf68f3893) x17 0x00000001
core   0: 0xffffffff800012e8 (0x0cb82193) slti    gp, a6, 203
3 0x800012e8 (0x0cb82193) x 3 0x00000000
core   0: 0xffffffff800012ec (0x01d8b2b3) sltu    t0, a7, t4
3 0x800012ec (0x01d8b2b3) x 5 0x00000001
core   0: 0xffffffff800012f0 (0x00000013) nop
3 0x800012f0 (0x00000013)
core   0: 0xffffffff800012f4 (0x01bd9133) sll     sp, s11, s11
3 0x800012f4 (0x01bd9133) x 2 0x80000000
core   0: 0xffffffff800012f8 (0x00cb9933) sll     s2, s7, a2
3 0x800012f8 (0x00cb9933) x18 0x00000000
core   0: 0xffffffff800012fc (0x0058d1b3) srl     gp, a7, t0
3 0x800012fc (0x0058d1b3) x 3 0x00000000
core   0: 0xffffffff80001300 (0xc533fb13) andi    s6, t2, -941
3 0x80001300 (0xc533fb13) x22 0x00000000
core   0: 0xffffffff80001304 (0x00ed43b3) xor     t2, s10, a4
3 0x80001304 (0x00ed43b3) x 7 0x7274fa41
core   0: 0xffffffff80001308 (0x411e0b33) sub     s6, t3, a7
3 0x80001308 (0x411e0b33) x22 0xfffffc02
core   0: 0xffffffff8000130c (0xe0948313) addi    t1, s1, -503
3 0x8000130c (0xe0948313) x 6 0x80010c6d
core   0: 0xffffffff80001310 (0x4055d813) srai    a6, a1, 5
3 0x80001310 (0x4055d813) x16 0x00000000
core   0: 0xffffffff80001314 (0x2ecd8037) lui     zero, 0x2ecd8
3 0x80001314 (0x2ecd8037)
core   0: 0xffffffff80001318 (0x0073e6b3) or      a3, t2, t2
3 0x80001318 (0x0073e6b3) x13 0x7274fa41
core   0: 0xffffffff8000131c (0xe24c6697) auipc   a3, 0xe24c6
3 0x8000131c (0xe24c6697) x13 0x624c731c
core   0: 0xffffffff80001320 (0x017030b3) snez    ra, s7
3 0x80001320 (0x017030b3) x 1 0x00000000
core   0: 0xffffffff80001324 (0x4194df93) srai    t6, s1, 25
3 0x80001324 (0x4194df93) x31 0xffffffc0
core   0: 0xffffffff80001328 (0x00ff92b3) sll     t0, t6, a5
3 0x80001328 (0x00ff92b3) x 5 0xffffffc0
core   0: 0xffffffff8000132c (0x56b10637) lui     a2, 0x56b10
3 0x8000132c (0x56b10637) x12 0x56b10000
core   0: 0xffffffff80001330 (0x002cbc33) sltu    s8, s9, sp
3 0x80001330 (0x002cbc33) x24 0x00000001
core   0: 0xffffffff80001334 (0xd2e71017) auipc   zero, 0xd2e71
3 0x80001334 (0xd2e71017)
core   0: 0xffffffff80001338 (0x00000013) nop
3 0x80001338 (0x00000013)
core   0: 0xffffffff8000133c (0xf291c397) auipc   t2, 0xf291c
3 0x8000133c (0xf291c397) x 7 0x7291d33c
core   0: 0xffffffff80001340 (0x3531a093) slti    ra, gp, 851
3 0x80001340 (0x3531a093) x 1 0x00000001
core   0: 0xffffffff80001344 (0x0f023b93) sltiu   s7, tp, 240
3 0x80001344 (0x0f023b93) x23 0x00000001
core   0: 0xffffffff80001348 (0x00302033) slt     zero, zero, gp
3 0x80001348 (0x00302033)
core   0: 0xffffffff8000134c (0x007dd433) srl     s0, s11, t2
3 0x8000134c (0x007dd433) x 8 0x0000000f
core   0: 0xffffffff80001350 (0x01fe59b3) srl     s3, t3, t6
3 0x80001350 (0x01fe59b3) x19 0xfffffc03
core   0: 0xffffffff80001354 (0x003042b3) xor     t0, zero, gp
3 0x80001354 (0x003042b3) x 5 0x00000000
core   0: 0xffffffff80001358 (0x40738933) sub     s2, t2, t2
3 0x80001358 (0x40738933) x18 0x00000000
core   0: 0xffffffff8000135c (0x41495233) sra     tp, s2, s4
3 0x8000135c (0x41495233) x 4 0x00000000
core   0: 0xffffffff80001360 (0x01868ab3) add     s5, a3, s8
3 0x80001360 (0x01868ab3) x21 0x624c731d
core   0: 0xffffffff80001364 (0x00f84733) xor     a4, a6, a5
3 0x80001364 (0x00f84733) x14 0x00000000
core   0: 0xffffffff80001368 (0x402ad933) sra     s2, s5, sp
3 0x80001368 (0x402ad933) x18 0x624c731d
core   0: 0xffffffff8000136c (0x419503b3) sub     t2, a0, s9
3 0x8000136c (0x419503b3) x 7 0xfffffc02
core   0: 0xffffffff80001370 (0x00932133) slt     sp, t1, s1
3 0x80001370 (0x00932133) x 2 0x00000001
core   0: 0xffffffff80001374 (0x01819913) slli    s2, gp, 24
3 0x80001374 (0x01819913) x18 0x00000000
core   0: 0xffffffff80001378 (0x014d4db3) xor     s11, s10, s4
3 0x80001378 (0x014d4db3) x27 0x54936983
core   0: 0xffffffff8000137c (0x41c35433) sra     s0, t1, t3
3 0x8000137c (0x41c35433) x 8 0xf000218d
core   0: 0xffffffff80001380 (0x01801033) sll     zero, zero, s8
3 0x80001380 (0x01801033)
core   0: 0xffffffff80001384 (0x79fcdc37) lui     s8, 0x79fcd
3 0x80001384 (0x79fcdc37) x24 0x79fcd000
core   0: 0xffffffff80001388 (0x0243e513) ori     a0, t2, 36
3 0x80001388 (0x0243e513) x10 0xfffffc26
core   0: 0xffffffff8000138c (0x61899637) lui     a2, 0x61899
3 0x8000138c (0x61899637) x12 0x61899000
core   0: 0xffffffff80001390 (0x01341593) slli    a1, s0, 19
3 0x80001390 (0x01341593) x11 0x0c680000
core   0: 0xffffffff80001394 (0xcf05b113) sltiu   sp, a1, -784
3 0x80001394 (0xcf05b113) x 2 0x00000001
core   0: 0xffffffff80001398 (0xd4120a93) addi    s5, tp, -703
3 0x80001398 (0xd4120a93) x21 0xfffffd41
core   0: 0xffffffff8000139c (0x00cb46b3) xor     a3, s6, a2
3 0x8000139c (0x00cb46b3) x13 0x9e766c02
core   0: 0xffffffff800013a0 (0xd53b6b93) ori     s7, s6, -685
3 0x800013a0 (0xd53b6b93) x23 0xfffffd53
core   0: 0xffffffff800013a4 (0x00f6b5b3) sltu    a1, a3, a5
3 0x800013a4 (0x00f6b5b3) x11 0x00000000
core   0: 0xffffffff800013a8 (0xce642f93) slti    t6, s0, -794
3 0x800013a8 (0xce642f93) x31 0x00000001
core   0: 0xffffffff800013ac (0x0021fdb3) and     s11, gp, sp
3 0x800013ac (0x0021fdb3) x27 0x00000000
core   0: 0xffffffff800013b0 (0x01762f33) slt     t5, a2, s7
3 0x800013b0 (0x01762f33) x30 0x00000000
core   0: 0xffffffff800013b4 (0x4060d513) srai    a0, ra, 6
3 0x800013b4 (0x4060d513) x10 0x00000000
core   0: 0xffffffff800013b8 (0x404ddd93) srai    s11, s11, 4
3 0x800013b8 (0x404ddd93) x27 0x00000000
core   0: 0xffffffff800013bc (0x00d15ab3) srl     s5, sp, a3
3 0x800013bc (0x00d15ab3) x21 0x00000000
core   0: 0xffffffff800013c0 (0xe7c5c993) xori    s3, a1, -388
3 0x800013c0 (0xe7c5c993) x19 0xfffffe7c
core   0: 0xffffffff800013c4 (0x0023a433) slt     s0, t2, sp
3 0x800013c4 (0x0023a433) x 8 0x00000001
core   0: 0xffffffff800013c8 (0x41c15b33) sra     s6, sp, t3
3 0x800013c8 (0x41c15b33) x22 0x00000000
core   0: 0xffffffff800013cc (0x00777033) and     zero, a4, t2
3 0x800013cc (0x00777033)
core   0: 0xffffffff800013d0 (0x00685333) srl     t1, a6, t1
3 0x800013d0 (0x00685333) x 6 0x00000000
core   0: 0xffffffff800013d4 (0x2d3c2f13) slti    t5, s8, 723
3 0x800013d4 (0x2d3c2f13) x30 0x00000000
core   0: 0xffffffff800013d8 (0xb4d78837) lui     a6, 0xb4d78
3 0x800013d8 (0xb4d78837) x16 0xb4d78000
core   0: 0xffffffff800013dc (0xb3fa3bb7) lui     s7, 0xb3fa3
3 0x800013dc (0xb3fa3bb7) x23 0xb3fa3000
core   0: 0xffffffff800013e0 (0xcbf9c213) xori    tp, s3, -833
3 0x800013e0 (0xcbf9c213) x 4 0x000002c3
core   0: 0xffffffff800013e4 (0x41a75f93) srai    t6, a4, 26
3 0x800013e4 (0x41a75f93) x31 0x00000000
core   0: 0xffffffff800013e8 (0x40bad333) sra     t1, s5, a1
3 0x800013e8 (0x40bad333) x 6 0x00000000
core   0: 0xffffffff800013ec (0x3c768413) addi    s0, a3, 967
3 0x800013ec (0x3c768413) x 8 0x9e766fc9
core   0: 0xffffffff800013f0 (0xd94cfc13) andi    s8, s9, -620
3 0x800013f0 (0xd94cfc13) x24 0x00000000
core   0: 0xffffffff800013f4 (0x4169d913) srai    s2, s3, 22
3 0x800013f4 (0x4169d913) x18 0xffffffff
core   0: 0xffffffff800013f8 (0x005d3b33) sltu    s6, s10, t0
3 0x800013f8 (0x005d3b33) x22 0x00000000
core   0: 0xffffffff800013fc (0x01a3c233) xor     tp, t2, s10
3 0x800013fc (0x01a3c233) x 4 0x2b6dd965
core   0: 0xffffffff80001400 (0x002017b3) sll     a5, zero, sp
3 0x80001400 (0x002017b3) x15 0x00000000
core   0: 0xffffffff80001404 (0x34612e13) slti    t3, sp, 838
3 0x80001404 (0x34612e13) x28 0x00000001
core   0: 0xffffffff80001408 (0x016e5533) srl     a0, t3, s6
3 0x80001408 (0x016e5533) x10 0x00000001
core   0: 0xffffffff8000140c (0x00000013) nop
3 0x8000140c (0x00000013)
core   0: 0xffffffff80001410 (0x00f6f8b3) and     a7, a3, a5
3 0x80001410 (0x00f6f8b3) x17 0x00000000
core   0: 0xffffffff80001414 (0xc79f0293) addi    t0, t5, -903
3 0x80001414 (0xc79f0293) x 5 0xfffffc79
core   0: 0xffffffff80001418 (0x017c7033) and     zero, s8, s7
3 0x80001418 (0x017c7033)
core   0: 0xffffffff8000141c (0x009fb9b3) sltu    s3, t6, s1
3 0x8000141c (0x009fb9b3) x19 0x00000001
core   0: 0xffffffff80001420 (0x107f8c13) addi    s8, t6, 263
3 0x80001420 (0x107f8c13) x24 0x00000107
core   0: 0xffffffff80001424 (0x40b38533) sub     a0, t2, a1
3 0x80001424 (0x40b38533) x10 0xfffffc02
core   0: 0xffffffff80001428 (0x00682b33) slt     s6, a6, t1
3 0x80001428 (0x00682b33) x22 0x00000001
core   0: 0xffffffff8000142c (0x013be433) or      s0, s7, s3
3 0x8000142c (0x013be433) x 8 0xb3fa3001
core   0: 0xffffffff80001430 (0x00e84eb3) xor     t4, a6, a4
3 0x80001430 (0x00e84eb3) x29 0xb4d78000
core   0: 0xffffffff80001434 (0x41a10833) sub     a6, sp, s10
3 0x80001434 (0x41a10833) x16 0x2b6dda9a
core   0: 0xffffffff80001438 (0x4186de93) srai    t4, a3, 24
3 0x80001438 (0x4186de93) x29 0xffffff9e
core   0: 0xffffffff8000143c (0x01421533) sll     a0, tp, s4
3 0x8000143c (0x01421533) x10 0xb6dd9650
core   0: 0xffffffff80001440 (0x01eff933) and     s2, t6, t5
3 0x80001440 (0x01eff933) x18 0x00000000
core   0: 0xffffffff80001444 (0x40085bb3) sra     s7, a6, zero
3 0x80001444 (0x40085bb3) x23 0x2b6dda9a
core   0: 0xffffffff80001448 (0x014bc433) xor     s0, s7, s4
3 0x80001448 (0x014bc433) x 8 0xab6c967e
core   0: 0xffffffff8000144c (0x01d55bb3) srl     s7, a0, t4
3 0x8000144c (0x01d55bb3) x23 0x00000002
core   0: 0xffffffff80001450 (0x0064f233) and     tp, s1, t1
3 0x80001450 (0x0064f233) x 4 0x00000000
core   0: 0xffffffff80001454 (0xd8f63193) sltiu   gp, a2, -625
3 0x80001454 (0xd8f63193) x 3 0x00000001
core   0: 0xffffffff80001458 (0x1f7bef13) ori     t5, s7, 503
3 0x80001458 (0x1f7bef13) x30 0x000001f7
core   0: 0xffffffff8000145c (0x9af023b7) lui     t2, 0x9af02
3 0x8000145c (0x9af023b7) x 7 0x9af02000
core   0: 0xffffffff80001460 (0x01afa433) slt     s0, t6, s10
3 0x80001460 (0x01afa433) x 8 0x00000000
core   0: 0xffffffff80001464 (0x3a50b213) sltiu   tp, ra, 933
3 0x80001464 (0x3a50b213) x 4 0x00000001
core   0: 0xffffffff80001468 (0x00fa9db3) sll     s11, s5, a5
3 0x80001468 (0x00fa9db3) x27 0x00000000
core   0: 0xffffffff8000146c (0x12287913) andi    s2, a6, 290
3 0x8000146c (0x12287913) x18 0x00000002
core   0: 0xffffffff80001470 (0x0005de13) srli    t3, a1, 0
3 0x80001470 (0x0005de13) x28 0x00000000
core   0: 0xffffffff80001474 (0x00918bb3) add     s7, gp, s1
3 0x80001474 (0x00918bb3) x23 0x80010e65
core   0: 0xffffffff80001478 (0x01058833) add     a6, a1, a6
3 0x80001478 (0x01058833) x16 0x2b6dda9a
core   0: 0xffffffff8000147c (0x007cb1b3) sltu    gp, s9, t2
3 0x8000147c (0x007cb1b3) x 3 0x00000001
core   0: 0xffffffff80001480 (0x078ded93) ori     s11, s11, 120
3 0x80001480 (0x078ded93) x27 0x00000078
core   0: 0xffffffff80001484 (0xcc4a25b7) lui     a1, 0xcc4a2
3 0x80001484 (0xcc4a25b7) x11 0xcc4a2000
core   0: 0xffffffff80001488 (0x015589b3) add     s3, a1, s5
3 0x80001488 (0x015589b3) x19 0xcc4a2000
core   0: 0xffffffff8000148c (0x00ede533) or      a0, s11, a4
3 0x8000148c (0x00ede533) x10 0x00000078
core   0: 0xffffffff80001490 (0xcb00e613) ori     a2, ra, -848
3 0x80001490 (0xcb00e613) x12 0xfffffcb1
core   0: 0xffffffff80001494 (0x301a3e93) sltiu   t4, s4, 769
3 0x80001494 (0x301a3e93) x29 0x00000000
core   0: 0xffffffff80001498 (0x01ed5733) srl     a4, s10, t5
3 0x80001498 (0x01ed5733) x14 0x000001a9
core   0: 0xffffffff8000149c (0x6687b3b7) lui     t2, 0x6687b
3 0x8000149c (0x6687b3b7) x 7 0x6687b000
core   0: 0xffffffff800014a0 (0xeee7f913) andi    s2, a5, -274
3 0x800014a0 (0xeee7f913) x18 0x00000000
core   0: 0xffffffff800014a4 (0xe453e617) auipc   a2, 0xe453e
3 0x800014a4 (0xe453e617) x12 0x6453f4a4
core   0: 0xffffffff800014a8 (0x35744b93) xori    s7, s0, 855
3 0x800014a8 (0x35744b93) x23 0x00000357
core   0: 0xffffffff800014ac (0xe18a5cb7) lui     s9, 0xe18a5
3 0x800014ac (0xe18a5cb7) x25 0xe18a5000
core   0: 0xffffffff800014b0 (0x00a7fe33) and     t3, a5, a0
3 0x800014b0 (0x00a7fe33) x28 0x00000000
core   0: 0xffffffff800014b4 (0x0104d313) srli    t1, s1, 16
3 0x800014b4 (0x0104d313) x 6 0x00008001
core   0: 0xffffffff800014b8 (0x01b589b3) add     s3, a1, s11
3 0x800014b8 (0x01b589b3) x19 0xcc4a2078
core   0: 0xffffffff800014bc (0x01853bb3) sltu    s7, a0, s8
3 0x800014bc (0x01853bb3) x23 0x00000001
core   0: 0xffffffff800014c0 (0x01dcd313) srli    t1, s9, 29
3 0x800014c0 (0x01dcd313) x 6 0x00000007
core   0: 0xffffffff800014c4 (0x0124a533) slt     a0, s1, s2
3 0x800014c4 (0x0124a533) x10 0x00000001
core   0: 0xffffffff800014c8 (0x3b70c713) xori    a4, ra, 951
3 0x800014c8 (0x3b70c713) x14 0x000003b6
core   0: 0xffffffff800014cc (0x004db6b3) sltu    a3, s11, tp
3 0x800014cc (0x004db6b3) x13 0x00000000
core   0: 0xffffffff800014d0 (0x01194cb3) xor     s9, s2, a7
3 0x800014d0 (0x01194cb3) x25 0x00000000
core   0: 0xffffffff800014d4 (0x01a8d313) srli    t1, a7, 26
3 0x800014d4 (0x01a8d313) x 6 0x00000000
core   0: 0xffffffff800014d8 (0xfb478c93) addi    s9, a5, -76
3 0x800014d8 (0xfb478c93) x25 0xffffffb4
core   0: 0xffffffff800014dc (0x40d05bb3) sra     s7, zero, a3
3 0x800014dc (0x40d05bb3) x23 0x00000000
core   0: 0xffffffff800014e0 (0xc2cd4713) xori    a4, s10, -980
3 0x800014e0 (0xc2cd4713) x14 0x2b6dd94b
core   0: 0xffffffff800014e4 (0x00a09c13) slli    s8, ra, 10
3 0x800014e4 (0x00a09c13) x24 0x00000400
core   0: 0xffffffff800014e8 (0x408755b3) sra     a1, a4, s0
3 0x800014e8 (0x408755b3) x11 0x2b6dd94b
core   0: 0xffffffff800014ec (0x019d9db3) sll     s11, s11, s9
3 0x800014ec (0x019d9db3) x27 0x07800000
core   0: 0xffffffff800014f0 (0x01b648b3) xor     a7, a2, s11
3 0x800014f0 (0x01b648b3) x17 0x63d3f4a4
core   0: 0xffffffff800014f4 (0x0140f133) and     sp, ra, s4
3 0x800014f4 (0x0140f133) x 2 0x00000000
core   0: 0xffffffff800014f8 (0x016a4e93) xori    t4, s4, 22
3 0x800014f8 (0x016a4e93) x29 0x80014cf2
core   0: 0xffffffff800014fc (0x01d4f0b3) and     ra, s1, t4
3 0x800014fc (0x01d4f0b3) x 1 0x80010c60
core   0: 0xffffffff80001500 (0x01656b33) or      s6, a0, s6
3 0x80001500 (0x01656b33) x22 0x00000001
core   0: 0xffffffff80001504 (0x400fdfb3) sra     t6, t6, zero
3 0x80001504 (0x400fdfb3) x31 0x00000000
core   0: 0xffffffff80001508 (0x012ad2b3) srl     t0, s5, s2
3 0x80001508 (0x012ad2b3) x 5 0x00000000
core   0: 0xffffffff8000150c (0x01c853b3) srl     t2, a6, t3
3 0x8000150c (0x01c853b3) x 7 0x2b6dda9a
core   0: 0xffffffff80001510 (0x14d20993) addi    s3, tp, 333
3 0x80001510 (0x14d20993) x19 0x0000014e
core   0: 0xffffffff80001514 (0x00f90fb3) add     t6, s2, a5
3 0x80001514 (0x00f90fb3) x31 0x00000000
core   0: 0xffffffff80001518 (0x41f4d533) sra     a0, s1, t6
3 0x80001518 (0x41f4d533) x10 0x80010e64
core   0: 0xffffffff8000151c (0x41f7de93) srai    t4, a5, 31
3 0x8000151c (0x41f7de93) x29 0x00000000
core   0: 0xffffffff80001520 (0x0024f933) and     s2, s1, sp
3 0x80001520 (0x0024f933) x18 0x00000000
core   0: 0xffffffff80001524 (0xe425e693) ori     a3, a1, -446
3 0x80001524 (0xe425e693) x13 0xffffff4b
core   0: 0xffffffff80001528 (0x00ee5733) srl     a4, t3, a4
3 0x80001528 (0x00ee5733) x14 0x00000000
core   0: 0xffffffff8000152c (0xc387e293) ori     t0, a5, -968
3 0x8000152c (0xc387e293) x 5 0xfffffc38
core   0: 0xffffffff80001530 (0x00013933) sltu    s2, sp, zero
3 0x80001530 (0x00013933) x18 0x00000000
core   0: 0xffffffff80001534 (0xede9e093) ori     ra, s3, -290
3 0x80001534 (0xede9e093) x 1 0xffffffde
core   0: 0xffffffff80001538 (0x019a5993) srli    s3, s4, 25
3 0x80001538 (0x019a5993) x19 0x00000040
core   0: 0xffffffff8000153c (0x01ce8cb3) add     s9, t4, t3
3 0x8000153c (0x01ce8cb3) x25 0x00000000
core   0: 0xffffffff80001540 (0x418b58b3) sra     a7, s6, s8
3 0x80001540 (0x418b58b3) x17 0x00000001
core   0: 0xffffffff80001544 (0x1feabc93) sltiu   s9, s5, 510
3 0x80001544 (0x1feabc93) x25 0x00000001
core   0: 0xffffffff80001548 (0x0ee0b713) sltiu   a4, ra, 238
3 0x80001548 (0x0ee0b713) x14 0x00000000
core   0: 0xffffffff8000154c (0xc997cf13) xori    t5, a5, -871
3 0x8000154c (0xc997cf13) x30 0xfffffc99
core   0: 0xffffffff80001550 (0xf37dc413) xori    s0, s11, -201
3 0x80001550 (0xf37dc413) x 8 0xf87fff37
core   0: 0xffffffff80001554 (0x3d393213) sltiu   tp, s2, 979
3 0x80001554 (0x3d393213) x 4 0x00000001
core   0: 0xffffffff80001558 (0x3e344413) xori    s0, s0, 995
3 0x80001558 (0x3e344413) x 8 0xf87ffcd4
core   0: 0xffffffff8000155c (0x01400633) add     a2, zero, s4
3 0x8000155c (0x01400633) x12 0x80014ce4
core   0: 0xffffffff80001560 (0x3a6bf713) andi    a4, s7, 934
3 0x80001560 (0x3a6bf713) x14 0x00000000
core   0: 0xffffffff80001564 (0x01c8dd93) srli    s11, a7, 28
3 0x80001564 (0x01c8dd93) x27 0x00000000
core   0: 0xffffffff80001568 (0x41c85f33) sra     t5, a6, t3
3 0x80001568 (0x41c85f33) x30 0x2b6dda9a
core   0: 0xffffffff8000156c (0x00e9e9b3) or      s3, s3, a4
3 0x8000156c (0x00e9e9b3) x19 0x00000040
core   0: 0xffffffff80001570 (0x00cb8eb3) add     t4, s7, a2
3 0x80001570 (0x00cb8eb3) x29 0x80014ce4
core   0: 0xffffffff80001574 (0x00bca2b3) slt     t0, s9, a1
3 0x80001574 (0x00bca2b3) x 5 0x00000001
core   0: 0xffffffff80001578 (0xe64afe13) andi    t3, s5, -412
3 0x80001578 (0xe64afe13) x28 0x00000000
core   0: 0xffffffff8000157c (0x00056333) or      t1, a0, zero
3 0x8000157c (0x00056333) x 6 0x80010e64
core   0: 0xffffffff80001580 (0xc943aa93) slti    s5, t2, -876
3 0x80001580 (0xc943aa93) x21 0x00000000
core   0: 0xffffffff80001584 (0x0104cab3) xor     s5, s1, a6
3 0x80001584 (0x0104cab3) x21 0xab6cd4fe
core   0: 0xffffffff80001588 (0x01989d93) slli    s11, a7, 25
3 0x80001588 (0x01989d93) x27 0x02000000
core   0: 0xffffffff8000158c (0x287c6e13) ori     t3, s8, 647
3 0x8000158c (0x287c6e13) x28 0x00000687
core   0: 0xffffffff80001590 (0x03737093) andi    ra, t1, 55
3 0x80001590 (0x03737093) x 1 0x00000024
core   0: 0xffffffff80001594 (0x0104c8b3) xor     a7, s1, a6
3 0x80001594 (0x0104c8b3) x17 0xab6cd4fe
core   0: 0xffffffff80001598 (0xc8e0b393) sltiu   t2, ra, -882
3 0x80001598 (0xc8e0b393) x 7 0x00000001
core   0: 0xffffffff8000159c (0x00a9fc33) and     s8, s3, a0
3 0x8000159c (0x00a9fc33) x24 0x00000040
core   0: 0xffffffff800015a0 (0x01ee15b3) sll     a1, t3, t5
3 0x800015a0 (0x01ee15b3) x11 0x1c000000
core   0: 0xffffffff800015a4 (0x0aa7c297) auipc   t0, 0xaa7c
3 0x800015a4 (0x0aa7c297) x 5 0x8aa7d5a4
core   0: 0xffffffff800015a8 (0x01e21293) slli    t0, tp, 30
3 0x800015a8 (0x01e21293) x 5 0x40000000
core   0: 0xffffffff800015ac (0x013d6233) or      tp, s10, s3
3 0x800015ac (0x013d6233) x 4 0xd4922567
core   0: 0xffffffff800015b0 (0xfcae7813) andi    a6, t3, -54
3 0x800015b0 (0xfcae7813) x16 0x00000682
core   0: 0xffffffff800015b4 (0x9aaf7f97) auipc   t6, 0x9aaf7
3 0x800015b4 (0x9aaf7f97) x31 0x1aaf85b4
core   0: 0xffffffff800015b8 (0x00ca07b3) add     a5, s4, a2
3 0x800015b8 (0x00ca07b3) x15 0x000299c8
core   0: 0xffffffff800015bc (0x003d29b3) slt     s3, s10, gp
3 0x800015bc (0x003d29b3) x19 0x00000001
core   0: 0xffffffff800015c0 (0xfb7f8013) addi    zero, t6, -73
3 0x800015c0 (0xfb7f8013)
core   0: 0xffffffff800015c4 (0x00765eb3) srl     t4, a2, t2
3 0x800015c4 (0x00765eb3) x29 0x4000a672
core   0: 0xffffffff800015c8 (0xf67f6113) ori     sp, t5, -153
3 0x800015c8 (0xf67f6113) x 2 0xffffffff
core   0: 0xffffffff800015cc (0x01a13933) sltu    s2, sp, s10
3 0x800015cc (0x01a13933) x18 0x00000000
core   0: 0xffffffff800015d0 (0x00000013) nop
3 0x800015d0 (0x00000013)
core   0: 0xffffffff800015d4 (0x6f106e97) auipc   t4, 0x6f106
3 0x800015d4 (0x6f106e97) x29 0xef1075d4
core   0: 0xffffffff800015d8 (0xd6e28813) addi    a6, t0, -658
3 0x800015d8 (0xd6e28813) x16 0x3ffffd6e
core   0: 0xffffffff800015dc (0xf73f4f13) xori    t5, t5, -141
3 0x800015dc (0xf73f4f13) x30 0xd49225e9
core   0: 0xffffffff800015e0 (0x315d4413) xori    s0, s10, 789
3 0x800015e0 (0x315d4413) x 8 0xd4922672
core   0: 0xffffffff800015e4 (0x40760033) sub     zero, a2, t2
3 0x800015e4 (0x40760033)
core   0: 0xffffffff800015e8 (0x01626ab3) or      s5, tp, s6
3 0x800015e8 (0x01626ab3) x21 0xd4922567
core   0: 0xffffffff800015ec (0x010c0333) add     t1, s8, a6
3 0x800015ec (0x010c0333) x 6 0x3ffffdae
core   0: 0xffffffff800015f0 (0x01f3c933) xor     s2, t2, t6
3 0x800015f0 (0x01f3c933) x18 0x1aaf85b5
core   0: 0xffffffff800015f4 (0xf81d7113) andi    sp, s10, -127
3 0x800015f4 (0xf81d7113) x 2 0xd4922501
core   0: 0xffffffff800015f8 (0x01a3d593) srli    a1, t2, 26
3 0x800015f8 (0x01a3d593) x11 0x00000000
core   0: 0xffffffff800015fc (0x018e55b3) srl     a1, t3, s8
3 0x800015fc (0x018e55b3) x11 0x00000687
core   0: 0xffffffff80001600 (0x019378b3) and     a7, t1, s9
3 0x80001600 (0x019378b3) x17 0x00000000
core   0: 0xffffffff80001604 (0x41c1dd93) srai    s11, gp, 28
3 0x80001604 (0x41c1dd93) x27 0x00000000
core   0: 0xffffffff80001608 (0x0003d0b3) srl     ra, t2, zero
3 0x80001608 (0x0003d0b3) x 1 0x00000001
core   0: 0xffffffff8000160c (0x01a3f833) and     a6, t2, s10
3 0x8000160c (0x01a3f833) x16 0x00000001
core   0: 0xffffffff80001610 (0x2c4dc193) xori    gp, s11, 708
3 0x80001610 (0x2c4dc193) x 3 0x000002c4
core   0: 0xffffffff80001614 (0x0068beb3) sltu    t4, a7, t1
3 0x80001614 (0x0068beb3) x29 0x00000001
core   0: 0xffffffff80001618 (0x1bf0e613) ori     a2, ra, 447
3 0x80001618 (0x1bf0e613) x12 0x000001bf
core   0: 0xffffffff8000161c (0x002a1b13) slli    s6, s4, 2
3 0x8000161c (0x002a1b13) x22 0x00053390
core   0: 0xffffffff80001620 (0x01a1b533) sltu    a0, gp, s10
3 0x80001620 (0x01a1b533) x10 0x00000001
core   0: 0xffffffff80001624 (0x0139db93) srli    s7, s3, 19
3 0x80001624 (0x0139db93) x23 0x00000000
core   0: 0xffffffff80001628 (0x01045293) srli    t0, s0, 16
3 0x80001628 (0x01045293) x 5 0x0000d492
core   0: 0xffffffff8000162c (0x68afd017) auipc   zero, 0x68afd
3 0x8000162c (0x68afd017)
core   0: 0xffffffff80001630 (0x01794fb3) xor     t6, s2, s7
3 0x80001630 (0x01794fb3) x31 0x1aaf85b5
core   0: 0xffffffff80001634 (0x0183f133) and     sp, t2, s8
3 0x80001634 (0x0183f133) x 2 0x00000000
core   0: 0xffffffff80001638 (0x01539bb3) sll     s7, t2, s5
3 0x80001638 (0x01539bb3) x23 0x00000080
core   0: 0xffffffff8000163c (0xe59fe293) ori     t0, t6, -423
3 0x8000163c (0xe59fe293) x 5 0xfffffffd
core   0: 0xffffffff80001640 (0x900630b7) lui     ra, 0x90063
3 0x80001640 (0x900630b7) x 1 0x90063000
core   0: 0xffffffff80001644 (0x003ad233) srl     tp, s5, gp
3 0x80001644 (0x003ad233) x 4 0x0d492256
core   0: 0xffffffff80001648 (0xfde86a93) ori     s5, a6, -34
3 0x80001648 (0xfde86a93) x21 0xffffffdf
core   0: 0xffffffff8000164c (0x078e4193) xori    gp, t3, 120
3 0x8000164c (0x078e4193) x 3 0x000006ff
core   0: 0xffffffff80001650 (0x410d0533) sub     a0, s10, a6
3 0x80001650 (0x410d0533) x10 0xd4922566
core   0: 0xffffffff80001654 (0x4192d433) sra     s0, t0, s9
3 0x80001654 (0x4192d433) x 8 0xfffffffe
core   0: 0xffffffff80001658 (0x41b88cb3) sub     s9, a7, s11
3 0x80001658 (0x41b88cb3) x25 0x00000000
core   0: 0xffffffff8000165c (0x9d1aaf97) auipc   t6, 0x9d1aa
3 0x8000165c (0x9d1aaf97) x31 0x1d1ab65c
core   0: 0xffffffff80001660 (0x01372033) slt     zero, a4, s3
3 0x80001660 (0x01372033)
core   0: 0xffffffff80001664 (0x41615233) sra     tp, sp, s6
3 0x80001664 (0x41615233) x 4 0x00000000
core   0: 0xffffffff80001668 (0x010e1793) slli    a5, t3, 16
3 0x80001668 (0x010e1793) x15 0x06870000
core   0: 0xffffffff8000166c (0x0096a3b3) slt     t2, a3, s1
3 0x8000166c (0x0096a3b3) x 7 0x00000000
core   0: 0xffffffff80001670 (0x01fcaf33) slt     t5, s9, t6
3 0x80001670 (0x01fcaf33) x30 0x00000001
core   0: 0xffffffff80001674 (0x1cade693) ori     a3, s11, 458
3 0x80001674 (0x1cade693) x13 0x000001ca
core   0: 0xffffffff80001678 (0x1f3df713) andi    a4, s11, 499
3 0x80001678 (0x1f3df713) x14 0x00000000
core   0: 0xffffffff8000167c (0x00b65433) srl     s0, a2, a1
3 0x8000167c (0x00b65433) x 8 0x00000003
core   0: 0xffffffff80001680 (0xf7a7be93) sltiu   t4, a5, -134
3 0x80001680 (0xf7a7be93) x29 0x00000001
core   0: 0xffffffff80001684 (0xc5e45e17) auipc   t3, 0xc5e45
3 0x80001684 (0xc5e45e17) x28 0x45e46684
core   0: 0xffffffff80001688 (0x1867af93) slti    t6, a5, 390
3 0x80001688 (0x1867af93) x31 0x00000000
core   0: 0xffffffff8000168c (0x01e54033) xor     zero, a0, t5
3 0x8000168c (0x01e54033)
core   0: 0xffffffff80001690 (0x0115d893) srli    a7, a1, 17
3 0x80001690 (0x0115d893) x17 0x00000000
core   0: 0xffffffff80001694 (0xb3bf8e37) lui     t3, 0xb3bf8
3 0x80001694 (0xb3bf8e37) x28 0xb3bf8000
core   0: 0xffffffff80001698 (0x010a8533) add     a0, s5, a6
3 0x80001698 (0x010a8533) x10 0xffffffe0
core   0: 0xffffffff8000169c (0x3111ae93) slti    t4, gp, 785
3 0x8000169c (0x3111ae93) x29 0x00000000
core   0: 0xffffffff800016a0 (0x1463ba93) sltiu   s5, t2, 326
3 0x800016a0 (0x1463ba93) x21 0x00000001
core   0: 0xffffffff800016a4 (0xfeb6c193) xori    gp, a3, -21
3 0x800016a4 (0xfeb6c193) x 3 0xfffffe21
core   0: 0xffffffff800016a8 (0x011371b3) and     gp, t1, a7
3 0x800016a8 (0x011371b3) x 3 0x00000000
core   0: 0xffffffff800016ac (0x01ce2e33) slt     t3, t3, t3
3 0x800016ac (0x01ce2e33) x28 0x00000000
core   0: 0xffffffff800016b0 (0x007bdb13) srli    s6, s7, 7
3 0x800016b0 (0x007bdb13) x22 0x00000001
core   0: 0xffffffff800016b4 (0xf9893a93) sltiu   s5, s2, -104
3 0x800016b4 (0xf9893a93) x21 0x00000001
core   0: 0xffffffff800016b8 (0x015df433) and     s0, s11, s5
3 0x800016b8 (0x015df433) x 8 0x00000000
core   0: 0xffffffff800016bc (0x01238e33) add     t3, t2, s2
3 0x800016bc (0x01238e33) x28 0x1aaf85b5
core   0: 0xffffffff800016c0 (0x002ddfb3) srl     t6, s11, sp
3 0x800016c0 (0x002ddfb3) x31 0x00000000
core   0: 0xffffffff800016c4 (0x01c49313) slli    t1, s1, 28
3 0x800016c4 (0x01c49313) x 6 0x40000000
core   0: 0xffffffff800016c8 (0x41b65533) sra     a0, a2, s11
3 0x800016c8 (0x41b65533) x10 0x000001bf
core   0: 0xffffffff800016cc (0x001cc533) xor     a0, s9, ra
3 0x800016cc (0x001cc533) x10 0x90063000
core   0: 0xffffffff800016d0 (0x22e2c917) auipc   s2, 0x22e2c
3 0x800016d0 (0x22e2c917) x18 0xa2e2d6d0
core   0: 0xffffffff800016d4 (0x012f9393) slli    t2, t6, 18
3 0x800016d4 (0x012f9393) x 7 0x00000000
core   0: 0xffffffff800016d8 (0x00f69733) sll     a4, a3, a5
3 0x800016d8 (0x00f69733) x14 0x000001ca
core   0: 0xffffffff800016dc (0x016f0033) add     zero, t5, s6
3 0x800016dc (0x016f0033)
core   0: 0xffffffff800016e0 (0x00000013) nop
3 0x800016e0 (0x00000013)
core   0: 0xffffffff800016e4 (0x2577f913) andi    s2, a5, 599
3 0x800016e4 (0x2577f913) x18 0x00000000
core   0: 0xffffffff800016e8 (0x414206b3) sub     a3, tp, s4
3 0x800016e8 (0x414206b3) x13 0x7ffeb31c
core   0: 0xffffffff800016ec (0x00ba4533) xor     a0, s4, a1
3 0x800016ec (0x00ba4533) x10 0x80014a63
core   0: 0xffffffff800016f0 (0x4022df13) srai    t5, t0, 2
3 0x800016f0 (0x4022df13) x30 0xffffffff
core   0: 0xffffffff800016f4 (0x00bfd633) srl     a2, t6, a1
3 0x800016f4 (0x00bfd633) x12 0x00000000
core   0: 0xffffffff800016f8 (0x000fd633) srl     a2, t6, zero
3 0x800016f8 (0x000fd633) x12 0x00000000
core   0: 0xffffffff800016fc (0x33f40717) auipc   a4, 0x33f40
3 0x800016fc (0x33f40717) x14 0xb3f416fc
core   0: 0xffffffff80001700 (0x006a9a93) slli    s5, s5, 6
3 0x80001700 (0x006a9a93) x21 0x00000040
core   0: 0xffffffff80001704 (0xf0b64413) xori    s0, a2, -245
3 0x80001704 (0xf0b64413) x 8 0xffffff0b
core   0: 0xffffffff80001708 (0x013f5d93) srli    s11, t5, 19
3 0x80001708 (0x013f5d93) x27 0x00001fff
core   0: 0xffffffff8000170c (0x00000013) nop
3 0x8000170c (0x00000013)
core   0: 0xffffffff80001710 (0x003b5613) srli    a2, s6, 3
3 0x80001710 (0x003b5613) x12 0x00000000
core   0: 0xffffffff80001714 (0x005e1693) slli    a3, t3, 5
3 0x80001714 (0x005e1693) x13 0x55f0b6a0
core   0: 0xffffffff80001718 (0xdfabce93) xori    t4, s7, -518
3 0x80001718 (0xdfabce93) x29 0xfffffd7a
core   0: 0xffffffff8000171c (0xe0f9b093) sltiu   ra, s3, -497
3 0x8000171c (0xe0f9b093) x 1 0x00000001
core   0: 0xffffffff80001720 (0xc4193413) sltiu   s0, s2, -959
3 0x80001720 (0xc4193413) x 8 0x00000001
core   0: 0xffffffff80001724 (0x000035b3) snez    a1, zero
3 0x80001724 (0x000035b3) x11 0x00000000
core   0: 0xffffffff80001728 (0x15078593) addi    a1, a5, 336
3 0x80001728 (0x15078593) x11 0x06870150
core   0: 0xffffffff8000172c (0x00902833) slt     a6, zero, s1
3 0x8000172c (0x00902833) x16 0x00000000
core   0: 0xffffffff80001730 (0x019405b3) add     a1, s0, s9
3 0x80001730 (0x019405b3) x11 0x00000001
core   0: 0xffffffff80001734 (0x00c58433) add     s0, a1, a2
3 0x80001734 (0x00c58433) x 8 0x00000001
core   0: 0xffffffff80001738 (0xd9c53213) sltiu   tp, a0, -612
3 0x80001738 (0xd9c53213) x 4 0x00000001
core   0: 0xffffffff8000173c (0x00561533) sll     a0, a2, t0
3 0x8000173c (0x00561533) x10 0x00000000
core   0: 0xffffffff80001740 (0x41aa8433) sub     s0, s5, s10
3 0x80001740 (0x41aa8433) x 8 0x2b6ddad9
core   0: 0xffffffff80001744 (0x00000013) nop
3 0x80001744 (0x00000013)
core   0: 0xffffffff80001748 (0x01f198b3) sll     a7, gp, t6
3 0x80001748 (0x01f198b3) x17 0x00000000
core   0: 0xffffffff8000174c (0x01e5eb33) or      s6, a1, t5
3 0x8000174c (0x01e5eb33) x22 0xffffffff
core   0: 0xffffffff80001750 (0xfa89c793) xori    a5, s3, -88
3 0x80001750 (0xfa89c793) x15 0xffffffa9
core   0: 0xffffffff80001754 (0x008905b3) add     a1, s2, s0
3 0x80001754 (0x008905b3) x11 0x2b6ddad9
core   0: 0xffffffff80001758 (0xf2473897) auipc   a7, 0xf2473
3 0x80001758 (0xf2473897) x17 0x72474758
core   0: 0xffffffff8000175c (0x01856cb3) or      s9, a0, s8
3 0x8000175c (0x01856cb3) x25 0x00000040
core   0: 0xffffffff80001760 (0x01cf1193) slli    gp, t5, 28
3 0x80001760 (0x01cf1193) x 3 0xf0000000
core   0: 0xffffffff80001764 (0x01e70cb3) add     s9, a4, t5
3 0x80001764 (0x01e70cb3) x25 0xb3f416fb
core   0: 0xffffffff80001768 (0xe14b2113) slti    sp, s6, -492
3 0x80001768 (0xe14b2113) x 2 0x00000000
core   0: 0xffffffff8000176c (0x40785bb3) sra     s7, a6, t2
3 0x8000176c (0x40785bb3) x23 0x00000000
core   0: 0xffffffff80001770 (0x0158f1b3) and     gp, a7, s5
3 0x80001770 (0x0158f1b3) x 3 0x00000040
core   0: 0xffffffff80001774 (0x1431e437) lui     s0, 0x1431e
3 0x80001774 (0x1431e437) x 8 0x1431e000
core   0: 0xffffffff80001778 (0xdf9d7e13) andi    t3, s10, -519
3 0x80001778 (0xdf9d7e13) x28 0xd4922561
core   0: 0xffffffff8000177c (0x0105ecb3) or      s9, a1, a6
3 0x8000177c (0x0105ecb3) x25 0x2b6ddad9
core   0: 0xffffffff80001780 (0x010081b3) add     gp, ra, a6
3 0x80001780 (0x010081b3) x 3 0x00000001
core   0: 0xffffffff80001784 (0x5c0723b7) lui     t2, 0x5c072
3 0x80001784 (0x5c0723b7) x 7 0x5c072000
core   0: 0xffffffff80001788 (0x01874933) xor     s2, a4, s8
3 0x80001788 (0x01874933) x18 0xb3f416bc
core   0: 0xffffffff8000178c (0x416e0033) sub     zero, t3, s6
3 0x8000178c (0x416e0033)
core   0: 0xffffffff80001790 (0x00a350b3) srl     ra, t1, a0
3 0x80001790 (0x00a350b3) x 1 0x40000000
core   0: 0xffffffff80001794 (0x0085a633) slt     a2, a1, s0
3 0x80001794 (0x0085a633) x12 0x00000000
core   0: 0xffffffff80001798 (0x0a590013) addi    zero, s2, 165
3 0x80001798 (0x0a590013)
core   0: 0xffffffff8000179c (0x01f11513) slli    a0, sp, 31
3 0x8000179c (0x01f11513) x10 0x00000000
core   0: 0xffffffff800017a0 (0x01229b33) sll     s6, t0, s2
3 0x800017a0 (0x01229b33) x22 0xd0000000
core   0: 0xffffffff800017a4 (0x003db5b3) sltu    a1, s11, gp
3 0x800017a4 (0x003db5b3) x11 0x00000000
core   0: 0xffffffff800017a8 (0xcd21f693) andi    a3, gp, -814
3 0x800017a8 (0xcd21f693) x13 0x00000000
core   0: 0xffffffff800017ac (0x01c706b3) add     a3, a4, t3
3 0x800017ac (0x01c706b3) x13 0x88863c5d
core   0: 0xffffffff800017b0 (0x00000013) nop
3 0x800017b0 (0x00000013)
core   0: 0xffffffff800017b4 (0x3ab6da97) auipc   s5, 0x3ab6d
3 0x800017b4 (0x3ab6da97) x21 0xbab6e7b4
core   0: 0xffffffff800017b8 (0x40070db3) sub     s11, a4, zero
3 0x800017b8 (0x40070db3) x27 0xb3f416fc
core   0: 0xffffffff800017bc (0x00648e33) add     t3, s1, t1
3 0x800017bc (0x00648e33) x28 0xc0010e64
core   0: 0xffffffff800017c0 (0x30726f17) auipc   t5, 0x30726
3 0x800017c0 (0x30726f17) x30 0xb07277c0
core   0: 0xffffffff800017c4 (0x00000013) nop
3 0x800017c4 (0x00000013)
core   0: 0xffffffff800017c8 (0xd04dfd93) andi    s11, s11, -764
3 0x800017c8 (0xd04dfd93) x27 0xb3f41404
core   0: 0xffffffff800017cc (0x1c38b637) lui     a2, 0x1c38b
3 0x800017cc (0x1c38b637) x12 0x1c38b000
core   0: 0xffffffff800017d0 (0x1afdbf13) sltiu   t5, s11, 431
3 0x800017d0 (0x1afdbf13) x30 0x00000000
core   0: 0xffffffff800017d4 (0x167cc693) xori    a3, s9, 359
3 0x800017d4 (0x167cc693) x13 0x2b6ddbbe
core   0: 0xffffffff800017d8 (0x01aa85b3) add     a1, s5, s10
3 0x800017d8 (0x01aa85b3) x11 0x8f490d1b
core   0: 0xffffffff800017dc (0xcae94f93) xori    t6, s2, -850
3 0x800017dc (0xcae94f93) x31 0x4c0bea12
core   0: 0xffffffff800017e0 (0x18688593) addi    a1, a7, 390
3 0x800017e0 (0x18688593) x11 0x724748de
core   0: 0xffffffff800017e4 (0x01a9bbb3) sltu    s7, s3, s10
3 0x800017e4 (0x01a9bbb3) x23 0x00000001
core   0: 0xffffffff800017e8 (0x40835db3) sra     s11, t1, s0
3 0x800017e8 (0x40835db3) x27 0x40000000
core   0: 0xffffffff800017ec (0x31528293) addi    t0, t0, 789
3 0x800017ec (0x31528293) x 5 0x00000312
core   0: 0xffffffff800017f0 (0x0cbbf613) andi    a2, s7, 203
3 0x800017f0 (0x0cbbf613) x12 0x00000001
core   0: 0xffffffff800017f4 (0x188a6f13) ori     t5, s4, 392
3 0x800017f4 (0x188a6f13) x30 0x80014dec
core   0: 0xffffffff800017f8 (0x22797c93) andi    s9, s2, 551
3 0x800017f8 (0x22797c93) x25 0x00000224
core   0: 0xffffffff800017fc (0x012bc6b3) xor     a3, s7, s2
3 0x800017fc (0x012bc6b3) x13 0xb3f416bd
core   0: 0xffffffff80001800 (0x41de06b3) sub     a3, t3, t4
3 0x80001800 (0x41de06b3) x13 0xc00110ea
core   0: 0xffffffff80001804 (0x410dd193) srai    gp, s11, 16
3 0x80001804 (0x410dd193) x 3 0x00004000
core   0: 0xffffffff80001808 (0x005f97b3) sll     a5, t6, t0
3 0x80001808 (0x005f97b3) x15 0xa8480000
core   0: 0xffffffff8000180c (0x004b40b3) xor     ra, s6, tp
3 0x8000180c (0x004b40b3) x 1 0xd0000001
core   0: 0xffffffff80001810 (0x39500997) auipc   s3, 0x39500
3 0x80001810 (0x39500997) x19 0xb9501810
core   0: 0xffffffff80001814 (0x01230233) add     tp, t1, s2
3 0x80001814 (0x01230233) x 4 0xf3f416bc
core   0: 0xffffffff80001818 (0x00749e93) slli    t4, s1, 7
3 0x80001818 (0x00749e93) x29 0x00873200
core   0: 0xffffffff8000181c (0xfafcc813) xori    a6, s9, -81
3 0x8000181c (0xfafcc813) x16 0xfffffd8b
core   0: 0xffffffff80001820 (0x12187d93) andi    s11, a6, 289
3 0x80001820 (0x12187d93) x27 0x00000101
core   0: 0xffffffff80001824 (0x00295713) srli    a4, s2, 2
3 0x80001824 (0x00295713) x14 0x2cfd05af
core   0: 0xffffffff80001828 (0x0f913b13) sltiu   s6, sp, 249
3 0x80001828 (0x0f913b13) x22 0x00000001
core   0: 0xffffffff8000182c (0x40490bb3) sub     s7, s2, tp
3 0x8000182c (0x40490bb3) x23 0xc0000000
core   0: 0xffffffff80001830 (0x40515c93) srai    s9, sp, 5
3 0x80001830 (0x40515c93) x25 0x00000000
core   0: 0xffffffff80001834 (0x015c5833) srl     a6, s8, s5
3 0x80001834 (0x015c5833) x16 0x00000000
core   0: 0xffffffff80001838 (0x41038133) sub     sp, t2, a6
3 0x80001838 (0x41038133) x 2 0x5c072000
core   0: 0xffffffff8000183c (0x016c85b3) add     a1, s9, s6
3 0x8000183c (0x016c85b3) x11 0x00000001
core   0: 0xffffffff80001840 (0xd7dfa393) slti    t2, t6, -643
3 0x80001840 (0xd7dfa393) x 7 0x00000000
core   0: 0xffffffff80001844 (0x0084f733) and     a4, s1, s0
3 0x80001844 (0x0084f733) x14 0x00010000
core   0: 0xffffffff80001848 (0x01fd39b3) sltu    s3, s10, t6
3 0x80001848 (0x01fd39b3) x19 0x00000000
core   0: 0xffffffff8000184c (0x01914233) xor     tp, sp, s9
3 0x8000184c (0x01914233) x 4 0x5c072000
core   0: 0xffffffff80001850 (0x00f440b3) xor     ra, s0, a5
3 0x80001850 (0x00f440b3) x 1 0xbc79e000
core   0: 0xffffffff80001854 (0x02414537) lui     a0, 0x2414
3 0x80001854 (0x02414537) x10 0x02414000
core   0: 0xffffffff80001858 (0x014cd293) srli    t0, s9, 20
3 0x80001858 (0x014cd293) x 5 0x00000000
core   0: 0xffffffff8000185c (0x418783b3) sub     t2, a5, s8
3 0x8000185c (0x418783b3) x 7 0xa847ffc0
core   0: 0xffffffff80001860 (0x0d268513) addi    a0, a3, 210
3 0x80001860 (0x0d268513) x10 0xc00111bc
core   0: 0xffffffff80001864 (0x2009ac93) slti    s9, s3, 512
3 0x80001864 (0x2009ac93) x25 0x00000001
core   0: 0xffffffff80001868 (0x00000013) nop
3 0x80001868 (0x00000013)
core   0: 0xffffffff8000186c (0x008c47b3) xor     a5, s8, s0
3 0x8000186c (0x008c47b3) x15 0x1431e040
core   0: 0xffffffff80001870 (0x00000013) nop
3 0x80001870 (0x00000013)
core   0: 0xffffffff80001874 (0x01b410b3) sll     ra, s0, s11
3 0x80001874 (0x01b410b3) x 1 0x2863c000
core   0: 0xffffffff80001878 (0x2cb98893) addi    a7, s3, 715
3 0x80001878 (0x2cb98893) x17 0x000002cb
core   0: 0xffffffff8000187c (0x005907b3) add     a5, s2, t0
3 0x8000187c (0x005907b3) x15 0xb3f416bc
core   0: 0xffffffff80001880 (0x006dd913) srli    s2, s11, 6
3 0x80001880 (0x006dd913) x18 0x00000004
core   0: 0xffffffff80001884 (0xf0b74c13) xori    s8, a4, -245
3 0x80001884 (0xf0b74c13) x24 0xfffeff0b
core   0: 0xffffffff80001888 (0x014e06b3) add     a3, t3, s4
3 0x80001888 (0x014e06b3) x13 0x40025b48
core   0: 0xffffffff8000188c (0x0036aeb3) slt     t4, a3, gp
3 0x8000188c (0x0036aeb3) x29 0x00000000
core   0: 0xffffffff80001890 (0xa0847837) lui     a6, 0xa0847
3 0x80001890 (0xa0847837) x16 0xa0847000
core   0: 0xffffffff80001894 (0x41605c33) sra     s8, zero, s6
3 0x80001894 (0x41605c33) x24 0x00000000
core   0: 0xffffffff80001898 (0x265ff093) andi    ra, t6, 613
3 0x80001898 (0x265ff093) x 1 0x00000200
core   0: 0xffffffff8000189c (0x4168d833) sra     a6, a7, s6
3 0x8000189c (0x4168d833) x16 0x00000165
core   0: 0xffffffff800018a0 (0x647ced97) auipc   s11, 0x647ce
3 0x800018a0 (0x647ced97) x27 0xe47cf8a0
core   0: 0xffffffff800018a4 (0x6447e2b7) lui     t0, 0x6447e
3 0x800018a4 (0x6447e2b7) x 5 0x6447e000
core   0: 0xffffffff800018a8 (0x07ddcf93) xori    t6, s11, 125
3 0x800018a8 (0x07ddcf93) x31 0xe47cf8dd
core   0: 0xffffffff800018ac (0xc1aba413) slti    s0, s7, -998
3 0x800018ac (0xc1aba413) x 8 0x00000001
core   0: 0xffffffff800018b0 (0x40e48633) sub     a2, s1, a4
3 0x800018b0 (0x40e48633) x12 0x80000e64
core   0: 0xffffffff800018b4 (0x004a5b33) srl     s6, s4, tp
3 0x800018b4 (0x004a5b33) x22 0x80014ce4
core   0: 0xffffffff800018b8 (0xdd6c7013) andi    zero, s8, -554
3 0x800018b8 (0xdd6c7013)
core   0: 0xffffffff800018bc (0xe6e1a393) slti    t2, gp, -402
3 0x800018bc (0xe6e1a393) x 7 0x00000000
core   0: 0xffffffff800018c0 (0x01ff7ab3) and     s5, t5, t6
3 0x800018c0 (0x01ff7ab3) x21 0x800048cc
core   0: 0xffffffff800018c4 (0x011c1e33) sll     t3, s8, a7
3 0x800018c4 (0x011c1e33) x28 0x00000000
core   0: 0xffffffff800018c8 (0x12028213) addi    tp, t0, 288
3 0x800018c8 (0x12028213) x 4 0x6447e120
core   0: 0xffffffff800018cc (0x18cc2993) slti    s3, s8, 396
3 0x800018cc (0x18cc2993) x19 0x00000001
core   0: 0xffffffff800018d0 (0x41068333) sub     t1, a3, a6
3 0x800018d0 (0x41068333) x 6 0x400259e3
core   0: 0xffffffff800018d4 (0x41f48133) sub     sp, s1, t6
3 0x800018d4 (0x41f48133) x 2 0x9b841587
core   0: 0xffffffff800018d8 (0x26ea0f13) addi    t5, s4, 622
3 0x800018d8 (0x26ea0f13) x30 0x80014f52
core   0: 0xffffffff800018dc (0xe3331917) auipc   s2, 0xe3331
3 0x800018dc (0xe3331917) x18 0x633328dc
core   0: 0xffffffff800018e0 (0x00cc36b3) sltu    a3, s8, a2
3 0x800018e0 (0x00cc36b3) x13 0x00000001
core   0: 0xffffffff800018e4 (0x303d8093) addi    ra, s11, 771
3 0x800018e4 (0x303d8093) x 1 0xe47cfba3
core   0: 0xffffffff800018e8 (0xe01d4893) xori    a7, s10, -511
3 0x800018e8 (0xe01d4893) x17 0x2b6ddb66
core   0: 0xffffffff800018ec (0x01426e33) or      t3, tp, s4
3 0x800018ec (0x01426e33) x28 0xe447ede4
core   0: 0xffffffff800018f0 (0x014b88b3) add     a7, s7, s4
3 0x800018f0 (0x014b88b3) x17 0x40014ce4
core   0: 0xffffffff800018f4 (0x3295bb93) sltiu   s7, a1, 809
3 0x800018f4 (0x3295bb93) x23 0x00000001
core   0: 0xffffffff800018f8 (0x003f0733) add     a4, t5, gp
3 0x800018f8 (0x003f0733) x14 0x80018f52
core   0: 0xffffffff800018fc (0xe17f0993) addi    s3, t5, -489
3 0x800018fc (0xe17f0993) x19 0x80014d69
core   0: 0xffffffff80001900 (0x2698ca93) xori    s5, a7, 617
3 0x80001900 (0x2698ca93) x21 0x40014e8d
core   0: 0xffffffff80001904 (0x36edf813) andi    a6, s11, 878
3 0x80001904 (0x36edf813) x16 0x00000020
core   0: 0xffffffff80001908 (0x40710c33) sub     s8, sp, t2
3 0x80001908 (0x40710c33) x24 0x9b841587
core   0: 0xffffffff8000190c (0x40400cb3) sub     s9, zero, tp
3 0x8000190c (0x40400cb3) x25 0x9bb81ee0
core   0: 0xffffffff80001910 (0x0f674c13) xori    s8, a4, 246
3 0x80001910 (0x0f674c13) x24 0x80018fa4
core   0: 0xffffffff80001914 (0x5d236417) auipc   s0, 0x5d236
3 0x80001914 (0x5d236417) x 8 0xdd237914
core   0: 0xffffffff80001918 (0x588dd0b7) lui     ra, 0x588dd
3 0x80001918 (0x588dd0b7) x 1 0x588dd000
core   0: 0xffffffff8000191c (0x01a01213) slli    tp, zero, 26
3 0x8000191c (0x01a01213) x 4 0x00000000
core   0: 0xffffffff80001920 (0x00255213) srli    tp, a0, 2
3 0x80001920 (0x00255213) x 4 0x3000446f
core   0: 0xffffffff80001924 (0x00000013) nop
3 0x80001924 (0x00000013)
core   0: 0xffffffff80001928 (0x0a2aae13) slti    t3, s5, 162
3 0x80001928 (0x0a2aae13) x28 0x00000000
core   0: 0xffffffff8000192c (0x008191b3) sll     gp, gp, s0
3 0x8000192c (0x008191b3) x 3 0x00000000
core   0: 0xffffffff80001930 (0x1fdc1637) lui     a2, 0x1fdc1
3 0x80001930 (0x1fdc1637) x12 0x1fdc1000
core   0: 0xffffffff80001934 (0x15086e93) ori     t4, a6, 336
3 0x80001934 (0x15086e93) x29 0x00000170
core   0: 0xffffffff80001938 (0x01811b13) slli    s6, sp, 24
3 0x80001938 (0x01811b13) x22 0x87000000
core   0: 0xffffffff8000193c (0x00b82733) slt     a4, a6, a1
3 0x8000193c (0x00b82733) x14 0x00000000
core   0: 0xffffffff80001940 (0xd5eb6f13) ori     t5, s6, -674
3 0x80001940 (0xd5eb6f13) x30 0xfffffd5e
core   0: 0xffffffff80001944 (0x01749d93) slli    s11, s1, 23
3 0x80001944 (0x01749d93) x27 0x32000000
core   0: 0xffffffff80001948 (0x016f1e93) slli    t4, t5, 22
3 0x80001948 (0x016f1e93) x29 0x57800000
core   0: 0xffffffff8000194c (0x0078ef33) or      t5, a7, t2
3 0x8000194c (0x0078ef33) x30 0x40014ce4
core   0: 0xffffffff80001950 (0x018c1113) slli    sp, s8, 24
3 0x80001950 (0x018c1113) x 2 0xa4000000
core   0: 0xffffffff80001954 (0xc9d18d93) addi    s11, gp, -867
3 0x80001954 (0xc9d18d93) x27 0xfffffc9d
core   0: 0xffffffff80001958 (0x014f1793) slli    a5, t5, 20
3 0x80001958 (0x014f1793) x15 0xce400000
core   0: 0xffffffff8000195c (0x179ee713) ori     a4, t4, 377
3 0x8000195c (0x179ee713) x14 0x57800179
core   0: 0xffffffff80001960 (0x01215333) srl     t1, sp, s2
3 0x80001960 (0x01215333) x 6 0x0000000a
core   0: 0xffffffff80001964 (0xcac73593) sltiu   a1, a4, -852
3 0x80001964 (0xcac73593) x11 0x00000001
core   0: 0xffffffff80001968 (0x398dff93) andi    t6, s11, 920
3 0x80001968 (0x398dff93) x31 0x00000098
core   0: 0xffffffff8000196c (0x01c71f93) slli    t6, a4, 28
3 0x8000196c (0x01c71f93) x31 0x90000000
core   0: 0xffffffff80001970 (0x01daf2b3) and     t0, s5, t4
3 0x80001970 (0x01daf2b3) x 5 0x40000000
core   0: 0xffffffff80001974 (0x4093d393) srai    t2, t2, 9
3 0x80001974 (0x4093d393) x 7 0x00000000
core   0: 0xffffffff80001978 (0xebe7b717) auipc   a4, 0xebe7b
3 0x80001978 (0xebe7b717) x14 0x6be7c978
core   0: 0xffffffff8000197c (0x01eeddb3) srl     s11, t4, t5
3 0x8000197c (0x01eeddb3) x27 0x05780000
core   0: 0xffffffff80001980 (0x41b7da93) srai    s5, a5, 27
3 0x80001980 (0x41b7da93) x21 0xfffffff9
core   0: 0xffffffff80001984 (0x006fd913) srli    s2, t6, 6
3 0x80001984 (0x006fd913) x18 0x02400000
core   0: 0xffffffff80001988 (0xc0a48713) addi    a4, s1, -1014
3 0x80001988 (0xc0a48713) x14 0x80010a6e
core   0: 0xffffffff8000198c (0x00000013) nop
3 0x8000198c (0x00000013)
core   0: 0xffffffff80001990 (0x9f924e17) auipc   t3, 0x9f924
3 0x80001990 (0x9f924e17) x28 0x1f925990
core   0: 0xffffffff80001994 (0xacc3f817) auipc   a6, 0xacc3f
3 0x80001994 (0xacc3f817) x16 0x2cc40994
core   0: 0xffffffff80001998 (0x3d398f93) addi    t6, s3, 979
3 0x80001998 (0x3d398f93) x31 0x8001513c
core   0: 0xffffffff8000199c (0x01d29433) sll     s0, t0, t4
3 0x8000199c (0x01d29433) x 8 0x40000000
core   0: 0xffffffff800019a0 (0x00f5f6b3) and     a3, a1, a5
3 0x800019a0 (0x00f5f6b3) x13 0x00000000
core   0: 0xffffffff800019a4 (0xc96da693) slti    a3, s11, -874
3 0x800019a4 (0xc96da693) x13 0x00000000
core   0: 0xffffffff800019a8 (0x0154df13) srli    t5, s1, 21
3 0x800019a8 (0x0154df13) x30 0x00000400
core   0: 0xffffffff800019ac (0x01a1c893) xori    a7, gp, 26
3 0x800019ac (0x01a1c893) x17 0x0000001a
core   0: 0xffffffff800019b0 (0x00b11413) slli    s0, sp, 11
3 0x800019b0 (0x00b11413) x 8 0x00000000
core   0: 0xffffffff800019b4 (0x40025f93) srai    t6, tp, 0
3 0x800019b4 (0x40025f93) x31 0x3000446f
core   0: 0xffffffff800019b8 (0x0ca54e13) xori    t3, a0, 202
3 0x800019b8 (0x0ca54e13) x28 0xc0011176
core   0: 0xffffffff800019bc (0xb5b1dfb7) lui     t6, 0xb5b1d
3 0x800019bc (0xb5b1dfb7) x31 0xb5b1d000
core   0: 0xffffffff800019c0 (0xed6ce813) ori     a6, s9, -298
3 0x800019c0 (0xed6ce813) x16 0xfffffef6
core   0: 0xffffffff800019c4 (0x0145fb33) and     s6, a1, s4
3 0x800019c4 (0x0145fb33) x22 0x00000000
core   0: 0xffffffff800019c8 (0xce077e13) andi    t3, a4, -800
3 0x800019c8 (0xce077e13) x28 0x80010860
core   0: 0xffffffff800019cc (0x3d2d3c13) sltiu   s8, s10, 978
3 0x800019cc (0x3d2d3c13) x24 0x00000000
core   0: 0xffffffff800019d0 (0xfa49a093) slti    ra, s3, -92
3 0x800019d0 (0xfa49a093) x 1 0x00000001
core   0: 0xffffffff800019d4 (0x2c840393) addi    t2, s0, 712
3 0x800019d4 (0x2c840393) x 7 0x000002c8
core   0: 0xffffffff800019d8 (0x35058513) addi    a0, a1, 848
3 0x800019d8 (0x35058513) x10 0x00000351
core   0: 0xffffffff800019dc (0x0146f933) and     s2, a3, s4
3 0x800019dc (0x0146f933) x18 0x00000000
core   0: 0xffffffff800019e0 (0x016acb33) xor     s6, s5, s6
3 0x800019e0 (0x016acb33) x22 0xfffffff9
core   0: 0xffffffff800019e4 (0x014d7ab3) and     s5, s10, s4
3 0x800019e4 (0x014d7ab3) x21 0x80000464
core   0: 0xffffffff800019e8 (0x0167efb3) or      t6, a5, s6
3 0x800019e8 (0x0167efb3) x31 0xfffffff9
core   0: 0xffffffff800019ec (0x01f960b3) or      ra, s2, t6
3 0x800019ec (0x01f960b3) x 1 0xfffffff9
core   0: 0xffffffff800019f0 (0x22d02b93) slti    s7, zero, 557
3 0x800019f0 (0x22d02b93) x23 0x00000001
core   0: 0xffffffff800019f4 (0x00ec6b33) or      s6, s8, a4
3 0x800019f4 (0x00ec6b33) x22 0x80010a6e
core   0: 0xffffffff800019f8 (0x00281c33) sll     s8, a6, sp
3 0x800019f8 (0x00281c33) x24 0xfffffef6
core   0: 0xffffffff800019fc (0x80000837) lui     a6, 0x80000
3 0x800019fc (0x80000837) x16 0x80000000
core   0: 0xffffffff80001a00 (0xfff00913) li      s2, -1
3 0x80001a00 (0xfff00913) x18 0xffffffff
core   0: 0xffffffff80001a04 (0x800005b7) lui     a1, 0x80000
3 0x80001a04 (0x800005b7) x11 0x80000000
core   0: 0xffffffff80001a08 (0x8588a737) lui     a4, 0x8588a
3 0x80001a08 (0x8588a737) x14 0x8588a000
core   0: 0xffffffff80001a0c (0x02970713) addi    a4, a4, 41
3 0x80001a0c (0x02970713) x14 0x8588a029
core   0: 0xffffffff80001a10 (0x00000313) li      t1, 0
3 0x80001a10 (0x00000313) x 6 0x00000000
core   0: 0xffffffff80001a14 (0xd72c1c37) lui     s8, 0xd72c1
3 0x80001a14 (0xd72c1c37) x24 0xd72c1000
core   0: 0xffffffff80001a18 (0xb1ec0c13) addi    s8, s8, -1250
3 0x80001a18 (0xb1ec0c13) x24 0xd72c0b1e
core   0: 0xffffffff80001a1c (0xc0b549b7) lui     s3, 0xc0b54
3 0x80001a1c (0xc0b549b7) x19 0xc0b54000
core   0: 0xffffffff80001a20 (0x6dd98993) addi    s3, s3, 1757
3 0x80001a20 (0x6dd98993) x19 0xc0b546dd
core   0: 0xffffffff80001a24 (0x00000e93) li      t4, 0
3 0x80001a24 (0x00000e93) x29 0x00000000
core   0: 0xffffffff80001a28 (0xfff00293) li      t0, -1
3 0x80001a28 (0xfff00293) x 5 0xffffffff
core   0: 0xffffffff80001a2c (0xf0214237) lui     tp, 0xf0214
3 0x80001a2c (0xf0214237) x 4 0xf0214000
core   0: 0xffffffff80001a30 (0x4db20213) addi    tp, tp, 1243
3 0x80001a30 (0x4db20213) x 4 0xf02144db
core   0: 0xffffffff80001a34 (0x41d98233) sub     tp, s3, t4
3 0x80001a34 (0x41d98233) x 4 0xc0b546dd
core   0: 0xffffffff80001a38 (0x8e2b8837) lui     a6, 0x8e2b8
3 0x80001a38 (0x8e2b8837) x16 0x8e2b8000
core   0: 0xffffffff80001a3c (0x08b90e93) addi    t4, s2, 139
3 0x80001a3c (0x08b90e93) x29 0x0000008a
core   0: 0xffffffff80001a40 (0x006c0833) add     a6, s8, t1
3 0x80001a40 (0x006c0833) x16 0xd72c0b1e
core   0: 0xffffffff80001a44 (0x00458233) add     tp, a1, tp
3 0x80001a44 (0x00458233) x 4 0x40b546dd
core   0: 0xffffffff80001a48 (0xe5995837) lui     a6, 0xe5995
3 0x80001a48 (0xe5995837) x16 0xe5995000
core   0: 0xffffffff80001a4c (0x00000013) nop
3 0x80001a4c (0x00000013)
core   0: 0xffffffff80001a50 (0x404985b3) sub     a1, s3, tp
3 0x80001a50 (0x404985b3) x11 0x80000000
core   0: 0xffffffff80001a54 (0x01070333) add     t1, a4, a6
3 0x80001a54 (0x01070333) x 6 0x6b21f029
core   0: 0xffffffff80001a58 (0x006c0833) add     a6, s8, t1
3 0x80001a58 (0x006c0833) x16 0x424dfb47
core   0: 0xffffffff80001a5c (0x958f0317) auipc   t1, 0x958f0
3 0x80001a5c (0x958f0317) x 6 0x158f1a5c
core   0: 0xffffffff80001a60 (0x00530833) add     a6, t1, t0
3 0x80001a60 (0x00530833) x16 0x158f1a5b
core   0: 0xffffffff80001a64 (0x00000013) nop
3 0x80001a64 (0x00000013)
core   0: 0xffffffff80001a68 (0x35a43717) auipc   a4, 0x35a43
3 0x80001a68 (0x35a43717) x14 0xb5a44a68
core   0: 0xffffffff80001a6c (0x40458833) sub     a6, a1, tp
3 0x80001a6c (0x40458833) x16 0x3f4ab923
core   0: 0xffffffff80001a70 (0x01d358b3) srl     a7, t1, t4
3 0x80001a70 (0x01d358b3) x17 0x000563c6
core   0: 0xffffffff80001a74 (0x01593933) sltu    s2, s2, s5
3 0x80001a74 (0x01593933) x18 0x00000000
core   0: 0xffffffff80001a78 (0x006f5033) srl     zero, t5, t1
3 0x80001a78 (0x006f5033)
core   0: 0xffffffff80001a7c (0x01859b93) slli    s7, a1, 24
3 0x80001a7c (0x01859b93) x23 0x00000000
core   0: 0xffffffff80001a80 (0x415c5d93) srai    s11, s8, 21
3 0x80001a80 (0x415c5d93) x27 0xfffffeb9
core   0: 0xffffffff80001a84 (0x01891933) sll     s2, s2, s8
3 0x80001a84 (0x01891933) x18 0x00000000
core   0: 0xffffffff80001a88 (0x007f9c93) slli    s9, t6, 7
3 0x80001a88 (0x007f9c93) x25 0xfffffc80
core   0: 0xffffffff80001a8c (0x00ff67b3) or      a5, t5, a5
3 0x80001a8c (0x00ff67b3) x15 0xce400400
core   0: 0xffffffff80001a90 (0x503519b7) lui     s3, 0x50351
3 0x80001a90 (0x503519b7) x19 0x50351000
core   0: 0xffffffff80001a94 (0x00a90533) add     a0, s2, a0
3 0x80001a94 (0x00a90533) x10 0x00000351
core   0: 0xffffffff80001a98 (0x0178cb33) xor     s6, a7, s7
3 0x80001a98 (0x0178cb33) x22 0x000563c6
core   0: 0xffffffff80001a9c (0x00969113) slli    sp, a3, 9
3 0x80001a9c (0x00969113) x 2 0x00000000
core   0: 0xffffffff80001aa0 (0x01a45593) srli    a1, s0, 26
3 0x80001aa0 (0x01a45593) x11 0x00000000
core   0: 0xffffffff80001aa4 (0x488d3417) auipc   s0, 0x488d3
3 0x80001aa4 (0x488d3417) x 8 0xc88d4aa4
core   0: 0xffffffff80001aa8 (0x1f7bf693) andi    a3, s7, 503
3 0x80001aa8 (0x1f7bf693) x13 0x00000000
core   0: 0xffffffff80001aac (0x01016bb3) or      s7, sp, a6
3 0x80001aac (0x01016bb3) x23 0x3f4ab923
core   0: 0xffffffff80001ab0 (0xfe4a7937) lui     s2, 0xfe4a7
3 0x80001ab0 (0xfe4a7937) x18 0xfe4a7000
core   0: 0xffffffff80001ab4 (0x00000013) nop
3 0x80001ab4 (0x00000013)
core   0: 0xffffffff80001ab8 (0xb1d56797) auipc   a5, 0xb1d56
3 0x80001ab8 (0xb1d56797) x15 0x31d57ab8
core   0: 0xffffffff80001abc (0x00cc1833) sll     a6, s8, a2
3 0x80001abc (0x00cc1833) x16 0xd72c0b1e
core   0: 0xffffffff80001ac0 (0x00101513) slli    a0, zero, 1
3 0x80001ac0 (0x00101513) x10 0x00000000
core   0: 0xffffffff80001ac4 (0x001b5fb3) srl     t6, s6, ra
3 0x80001ac4 (0x001b5fb3) x31 0x00000000
core   0: 0xffffffff80001ac8 (0x62e1cb17) auipc   s6, 0x62e1c
3 0x80001ac8 (0x62e1cb17) x22 0xe2e1dac8
core   0: 0xffffffff80001acc (0x00ca1f13) slli    t5, s4, 12
3 0x80001acc (0x00ca1f13) x30 0x14ce4000
core   0: 0xffffffff80001ad0 (0x402b5933) sra     s2, s6, sp
3 0x80001ad0 (0x402b5933) x18 0xe2e1dac8
core   0: 0xffffffff80001ad4 (0x40dc02b3) sub     t0, s8, a3
3 0x80001ad4 (0x40dc02b3) x 5 0xd72c0b1e
core   0: 0xffffffff80001ad8 (0x0040eeb3) or      t4, ra, tp
3 0x80001ad8 (0x0040eeb3) x29 0xfffffffd
core   0: 0xffffffff80001adc (0xca928b93) addi    s7, t0, -855
3 0x80001adc (0xca928b93) x23 0xd72c07c7
core   0: 0xffffffff80001ae0 (0xccb42413) slti    s0, s0, -821
3 0x80001ae0 (0xccb42413) x 8 0x00000001
core   0: 0xffffffff80001ae4 (0x41c055b3) sra     a1, zero, t3
3 0x80001ae4 (0x41c055b3) x11 0x00000000
core   0: 0xffffffff80001ae8 (0xf8a4e713) ori     a4, s1, -118
3 0x80001ae8 (0xf8a4e713) x14 0xffffffee
core   0: 0xffffffff80001aec (0xd6b23997) auipc   s3, 0xd6b23
3 0x80001aec (0xd6b23997) x19 0x56b24aec
core   0: 0xffffffff80001af0 (0x014ceb33) or      s6, s9, s4
3 0x80001af0 (0x014ceb33) x22 0xfffffce4
core   0: 0xffffffff80001af4 (0x00724f33) xor     t5, tp, t2
3 0x80001af4 (0x00724f33) x30 0x40b54415
core   0: 0xffffffff80001af8 (0x016a9433) sll     s0, s5, s6
3 0x80001af8 (0x016a9433) x 8 0x00004640
core   0: 0xffffffff80001afc (0x4122de13) srai    t3, t0, 18
3 0x80001afc (0x4122de13) x28 0xfffff5cb
core   0: 0xffffffff80001b00 (0x002a1033) sll     zero, s4, sp
3 0x80001b00 (0x002a1033)
core   0: 0xffffffff80001b04 (0x01e93f33) sltu    t5, s2, t5
3 0x80001b04 (0x01e93f33) x30 0x00000000
core   0: 0xffffffff80001b08 (0x01536933) or      s2, t1, s5
3 0x80001b08 (0x01536933) x18 0x958f1e7c
core   0: 0xffffffff80001b0c (0x0011db93) srli    s7, gp, 1
3 0x80001b0c (0x0011db93) x23 0x00000000
core   0: 0xffffffff80001b10 (0x41018c33) sub     s8, gp, a6
3 0x80001b10 (0x41018c33) x24 0x28d3f4e2
core   0: 0xffffffff80001b14 (0xf6480393) addi    t2, a6, -156
3 0x80001b14 (0xf6480393) x 7 0xd72c0a82
core   0: 0xffffffff80001b18 (0x01d09293) slli    t0, ra, 29
3 0x80001b18 (0x01d09293) x 5 0x20000000
core   0: 0xffffffff80001b1c (0x08432d93) slti    s11, t1, 132
3 0x80001b1c (0x08432d93) x27 0x00000000
core   0: 0xffffffff80001b20 (0x41ba8fb3) sub     t6, s5, s11
3 0x80001b20 (0x41ba8fb3) x31 0x80000464
core   0: 0xffffffff80001b24 (0xccb2fa93) andi    s5, t0, -821
3 0x80001b24 (0xccb2fa93) x21 0x20000000
core   0: 0xffffffff80001b28 (0xea41fb13) andi    s6, gp, -348
3 0x80001b28 (0xea41fb13) x22 0x00000000
core   0: 0xffffffff80001b2c (0xd436c093) xori    ra, a3, -701
3 0x80001b2c (0xd436c093) x 1 0xfffffd43
core   0: 0xffffffff80001b30 (0x0d6f0693) addi    a3, t5, 214
3 0x80001b30 (0x0d6f0693) x13 0x000000d6
core   0: 0xffffffff80001b34 (0x01265ab3) srl     s5, a2, s2
3 0x80001b34 (0x01265ab3) x21 0x00000001
core   0: 0xffffffff80001b38 (0x3a6e3f93) sltiu   t6, t3, 934
3 0x80001b38 (0x3a6e3f93) x31 0x00000000
core   0: 0xffffffff80001b3c (0x411bdb93) srai    s7, s7, 17
3 0x80001b3c (0x411bdb93) x23 0x00000000
core   0: 0xffffffff80001b40 (0x414fd233) sra     tp, t6, s4
3 0x80001b40 (0x414fd233) x 4 0x00000000
core   0: 0xffffffff80001b44 (0x00161833) sll     a6, a2, ra
3 0x80001b44 (0x00161833) x16 0xfee08000
core   0: 0xffffffff80001b48 (0xc5093713) sltiu   a4, s2, -944
3 0x80001b48 (0xc5093713) x14 0x00000001
core   0: 0xffffffff80001b4c (0x0b593193) sltiu   gp, s2, 181
3 0x80001b4c (0x0b593193) x 3 0x00000000
core   0: 0xffffffff80001b50 (0x00d74033) xor     zero, a4, a3
3 0x80001b50 (0x00d74033)
core   0: 0xffffffff80001b54 (0x44a239b7) lui     s3, 0x44a23
3 0x80001b54 (0x44a239b7) x19 0x44a23000
core   0: 0xffffffff80001b58 (0x00bb5533) srl     a0, s6, a1
3 0x80001b58 (0x00bb5533) x10 0x00000000
core   0: 0xffffffff80001b5c (0x405ed2b3) sra     t0, t4, t0
3 0x80001b5c (0x405ed2b3) x 5 0xfffffffd
core   0: 0xffffffff80001b60 (0xcd14f093) andi    ra, s1, -815
3 0x80001b60 (0xcd14f093) x 1 0x80010c40
core   0: 0xffffffff80001b64 (0x41be03b3) sub     t2, t3, s11
3 0x80001b64 (0x41be03b3) x 7 0xfffff5cb
core   0: 0xffffffff80001b68 (0x1c770893) addi    a7, a4, 455
3 0x80001b68 (0x1c770893) x17 0x000001c8
core   0: 0xffffffff80001b6c (0xce256393) ori     t2, a0, -798
3 0x80001b6c (0xce256393) x 7 0xfffffce2
core   0: 0xffffffff80001b70 (0x019220b3) slt     ra, tp, s9
3 0x80001b70 (0x019220b3) x 1 0x00000000
core   0: 0xffffffff80001b74 (0xca113093) sltiu   ra, sp, -863
3 0x80001b74 (0xca113093) x 1 0x00000001
core   0: 0xffffffff80001b78 (0xb2576c97) auipc   s9, 0xb2576
3 0x80001b78 (0xb2576c97) x25 0x32577b78
core   0: 0xffffffff80001b7c (0xf5437613) andi    a2, t1, -172
3 0x80001b7c (0xf5437613) x12 0x158f1a54
core   0: 0xffffffff80001b80 (0x01a921b3) slt     gp, s2, s10
3 0x80001b80 (0x01a921b3) x 3 0x00000001
core   0: 0xffffffff80001b84 (0x2db50393) addi    t2, a0, 731
3 0x80001b84 (0x2db50393) x 7 0x000002db
core   0: 0xffffffff80001b88 (0xecdf7b13) andi    s6, t5, -307
3 0x80001b88 (0xecdf7b13) x22 0x00000000
core   0: 0xffffffff80001b8c (0x28df7593) andi    a1, t5, 653
3 0x80001b8c (0x28df7593) x11 0x00000000
core   0: 0xffffffff80001b90 (0x01a5e933) or      s2, a1, s10
3 0x80001b90 (0x01a5e933) x18 0xd4922567
core   0: 0xffffffff80001b94 (0x2f67cf93) xori    t6, a5, 758
3 0x80001b94 (0x2f67cf93) x31 0x31d5784e
core   0: 0xffffffff80001b98 (0xccc2ef13) ori     t5, t0, -820
3 0x80001b98 (0xccc2ef13) x30 0xfffffffd
core   0: 0xffffffff80001b9c (0x5cd63117) auipc   sp, 0x5cd63
3 0x80001b9c (0x5cd63117) x 2 0xdcd64b9c
core   0: 0xffffffff80001ba0 (0x01761213) slli    tp, a2, 23
3 0x80001ba0 (0x01761213) x 4 0x2a000000
core   0: 0xffffffff80001ba4 (0x16970d93) addi    s11, a4, 361
3 0x80001ba4 (0x16970d93) x27 0x0000016a
core   0: 0xffffffff80001ba8 (0x00b4efb3) or      t6, s1, a1
3 0x80001ba8 (0x00b4efb3) x31 0x80010e64
core   0: 0xffffffff80001bac (0x40ca08b3) sub     a7, s4, a2
3 0x80001bac (0x40ca08b3) x17 0x6a723290
core   0: 0xffffffff80001bb0 (0x408f56b3) sra     a3, t5, s0
3 0x80001bb0 (0x408f56b3) x13 0xfffffffd
core   0: 0xffffffff80001bb4 (0xc0daf793) andi    a5, s5, -1011
3 0x80001bb4 (0xc0daf793) x15 0x00000001
core   0: 0xffffffff80001bb8 (0x230cf513) andi    a0, s9, 560
3 0x80001bb8 (0x230cf513) x10 0x00000230
core   0: 0xffffffff80001bbc (0xfa2ec413) xori    s0, t4, -94
3 0x80001bbc (0xfa2ec413) x 8 0x0000005f
core   0: 0xffffffff80001bc0 (0xa9dc1ab7) lui     s5, 0xa9dc1
3 0x80001bc0 (0xa9dc1ab7) x21 0xa9dc1000
core   0: 0xffffffff80001bc4 (0x016d99b3) sll     s3, s11, s6
3 0x80001bc4 (0x016d99b3) x19 0x0000016a
core   0: 0xffffffff80001bc8 (0xca966693) ori     a3, a2, -855
3 0x80001bc8 (0xca966693) x13 0xfffffefd
core   0: 0xffffffff80001bcc (0x4160dfb3) sra     t6, ra, s6
3 0x80001bcc (0x4160dfb3) x31 0x00000001
core   0: 0xffffffff80001bd0 (0x04bab793) sltiu   a5, s5, 75
3 0x80001bd0 (0x04bab793) x15 0x00000000
core   0: 0xffffffff80001bd4 (0x01e49633) sll     a2, s1, t5
3 0x80001bd4 (0x01e49633) x12 0x80000000
core   0: 0xffffffff80001bd8 (0x01a72133) slt     sp, a4, s10
3 0x80001bd8 (0x01a72133) x 2 0x00000000
core   0: 0xffffffff80001bdc (0x8a497597) auipc   a1, 0x8a497
3 0x80001bdc (0x8a497597) x11 0x0a498bdc
core   0: 0xffffffff80001be0 (0xfffb8913) addi    s2, s7, -1
3 0x80001be0 (0xfffb8913) x18 0xffffffff
core   0: 0xffffffff80001be4 (0x0a186e93) ori     t4, a6, 161
3 0x80001be4 (0x0a186e93) x29 0xfee080a1
core   0: 0xffffffff80001be8 (0x30f9cf93) xori    t6, s3, 783
3 0x80001be8 (0x30f9cf93) x31 0x00000265
core   0: 0xffffffff80001bec (0x00000013) nop
3 0x80001bec (0x00000013)
core   0: 0xffffffff80001bf0 (0x14cae893) ori     a7, s5, 332
3 0x80001bf0 (0x14cae893) x17 0xa9dc114c
core   0: 0xffffffff80001bf4 (0x00985c13) srli    s8, a6, 9
3 0x80001bf4 (0x00985c13) x24 0x007f7040
core   0: 0xffffffff80001bf8 (0x172ffb13) andi    s6, t6, 370
3 0x80001bf8 (0x172ffb13) x22 0x00000060
core   0: 0xffffffff80001bfc (0x00000013) nop
3 0x80001bfc (0x00000013)
core   0: 0xffffffff80001c00 (0x01d55293) srli    t0, a0, 29
3 0x80001c00 (0x01d55293) x 5 0x00000000
core   0: 0xffffffff80001c04 (0x932f8db7) lui     s11, 0x932f8
3 0x80001c04 (0x932f8db7) x27 0x932f8000
core   0: 0xffffffff80001c08 (0x011f2033) slt     zero, t5, a7
3 0x80001c08 (0x011f2033)
core   0: 0xffffffff80001c0c (0x00e22cb3) slt     s9, tp, a4
3 0x80001c0c (0x00e22cb3) x25 0x00000000
core   0: 0xffffffff80001c10 (0x1f7df537) lui     a0, 0x1f7df
3 0x80001c10 (0x1f7df537) x10 0x1f7df000
core   0: 0xffffffff80001c14 (0x006393b3) sll     t2, t2, t1
3 0x80001c14 (0x006393b3) x 7 0xb0000000
core   0: 0xffffffff80001c18 (0x01dd9d93) slli    s11, s11, 29
3 0x80001c18 (0x01dd9d93) x27 0x00000000
core   0: 0xffffffff80001c1c (0x01c18cb3) add     s9, gp, t3
3 0x80001c1c (0x01c18cb3) x25 0xfffff5cc
core   0: 0xffffffff80001c20 (0x0023d213) srli    tp, t2, 2
3 0x80001c20 (0x0023d213) x 4 0x2c000000
core   0: 0xffffffff80001c24 (0x014471b3) and     gp, s0, s4
3 0x80001c24 (0x014471b3) x 3 0x00000044
core   0: 0xffffffff80001c28 (0x30a97a93) andi    s5, s2, 778
3 0x80001c28 (0x30a97a93) x21 0x0000030a
core   0: 0xffffffff80001c2c (0x0085b0b3) sltu    ra, a1, s0
3 0x80001c2c (0x0085b0b3) x 1 0x00000000
core   0: 0xffffffff80001c30 (0xf6dff193) andi    gp, t6, -147
3 0x80001c30 (0xf6dff193) x 3 0x00000265
core   0: 0xffffffff80001c34 (0x01ccf8b3) and     a7, s9, t3
3 0x80001c34 (0x01ccf8b3) x17 0xfffff5c8
core   0: 0xffffffff80001c38 (0x295be113) ori     sp, s7, 661
3 0x80001c38 (0x295be113) x 2 0x00000295
core   0: 0xffffffff80001c3c (0x001433b3) sltu    t2, s0, ra
3 0x80001c3c (0x001433b3) x 7 0x00000000
core   0: 0xffffffff80001c40 (0x003a5533) srl     a0, s4, gp
3 0x80001c40 (0x003a5533) x10 0x04000a67
core   0: 0xffffffff80001c44 (0x00c81413) slli    s0, a6, 12
3 0x80001c44 (0x00c81413) x 8 0x08000000
core   0: 0xffffffff80001c48 (0x019bee33) or      t3, s7, s9
3 0x80001c48 (0x019bee33) x28 0xfffff5cc
core   0: 0xffffffff80001c4c (0x319db213) sltiu   tp, s11, 793
3 0x80001c4c (0x319db213) x 4 0x00000001
core   0: 0xffffffff80001c50 (0x00959b33) sll     s6, a1, s1
3 0x80001c50 (0x00959b33) x22 0xa498bdc0
core   0: 0xffffffff80001c54 (0x41dcd0b3) sra     ra, s9, t4
3 0x80001c54 (0x41dcd0b3) x 1 0xfffffae6
core   0: 0xffffffff80001c58 (0x40ed5d93) srai    s11, s10, 14
3 0x80001c58 (0x40ed5d93) x27 0xffff5248
core   0: 0xffffffff80001c5c (0x0180e533) or      a0, ra, s8
3 0x80001c5c (0x0180e533) x10 0xfffffae6
core   0: 0xffffffff80001c60 (0x011a9413) slli    s0, s5, 17
3 0x80001c60 (0x011a9413) x 8 0x06140000
core   0: 0xffffffff80001c64 (0xcf22a137) lui     sp, 0xcf22a
3 0x80001c64 (0xcf22a137) x 2 0xcf22a000
core   0: 0xffffffff80001c68 (0x01509b13) slli    s6, ra, 21
3 0x80001c68 (0x01509b13) x22 0x5cc00000
core   0: 0xffffffff80001c6c (0x3ca8f113) andi    sp, a7, 970
3 0x80001c6c (0x3ca8f113) x 2 0x000001c8
core   0: 0xffffffff80001c70 (0x017a1b33) sll     s6, s4, s7
3 0x80001c70 (0x017a1b33) x22 0x80014ce4
core   0: 0xffffffff80001c74 (0x266c2537) lui     a0, 0x266c2
3 0x80001c74 (0x266c2537) x10 0x266c2000
core   0: 0xffffffff80001c78 (0xedfcbf93) sltiu   t6, s9, -289
3 0x80001c78 (0xedfcbf93) x31 0x00000001
core   0: 0xffffffff80001c7c (0x30c66113) ori     sp, a2, 780
3 0x80001c7c (0x30c66113) x 2 0x8000030c
core   0: 0xffffffff80001c80 (0x41af5cb3) sra     s9, t5, s10
3 0x80001c80 (0x41af5cb3) x25 0xffffffff
core   0: 0xffffffff80001c84 (0x00182ab3) slt     s5, a6, ra
3 0x80001c84 (0x00182ab3) x21 0x00000001
core   0: 0xffffffff80001c88 (0x0e4a6513) ori     a0, s4, 228
3 0x80001c88 (0x0e4a6513) x10 0x80014ce4
core   0: 0xffffffff80001c8c (0x37c0ca93) xori    s5, ra, 892
3 0x80001c8c (0x37c0ca93) x21 0xfffff99a
core   0: 0xffffffff80001c90 (0x00b2f433) and     s0, t0, a1
3 0x80001c90 (0x00b2f433) x 8 0x00000000
core   0: 0xffffffff80001c94 (0x4093d993) srai    s3, t2, 9
3 0x80001c94 (0x4093d993) x19 0x00000000
core   0: 0xffffffff80001c98 (0x1806e813) ori     a6, a3, 384
3 0x80001c98 (0x1806e813) x16 0xfffffffd
core   0: 0xffffffff80001c9c (0x3cf1ce13) xori    t3, gp, 975
3 0x80001c9c (0x3cf1ce13) x28 0x000001aa
core   0: 0xffffffff80001ca0 (0x73701c17) auipc   s8, 0x73701
3 0x80001ca0 (0x73701c17) x24 0xf3702ca0
core   0: 0xffffffff80001ca4 (0x13802117) auipc   sp, 0x13802
3 0x80001ca4 (0x13802117) x 2 0x93803ca4
core   0: 0xffffffff80001ca8 (0x00ad1b93) slli    s7, s10, 10
3 0x80001ca8 (0x00ad1b93) x23 0x48959c00
core   0: 0xffffffff80001cac (0x00b10733) add     a4, sp, a1
3 0x80001cac (0x00b10733) x14 0x9dc9c880
core   0: 0xffffffff80001cb0 (0x41aa5313) srai    t1, s4, 26
3 0x80001cb0 (0x41aa5313) x 6 0xffffffe0
core   0: 0xffffffff80001cb4 (0x21446e13) ori     t3, s0, 532
3 0x80001cb4 (0x21446e13) x28 0x00000214
core   0: 0xffffffff80001cb8 (0x0643b613) sltiu   a2, t2, 100
3 0x80001cb8 (0x0643b613) x12 0x00000001
core   0: 0xffffffff80001cbc (0x3871bc93) sltiu   s9, gp, 903
3 0x80001cbc (0x3871bc93) x25 0x00000001
core   0: 0xffffffff80001cc0 (0xfd2e4693) xori    a3, t3, -46
3 0x80001cc0 (0xfd2e4693) x13 0xfffffdc6
core   0: 0xffffffff80001cc4 (0x0078c9b3) xor     s3, a7, t2
3 0x80001cc4 (0x0078c9b3) x19 0xfffff5c8
core   0: 0xffffffff80001cc8 (0x31dc2113) slti    sp, s8, 797
3 0x80001cc8 (0x31dc2113) x 2 0x00000001
core   0: 0xffffffff80001ccc (0x008bf5b3) and     a1, s7, s0
3 0x80001ccc (0x008bf5b3) x11 0x00000000
core   0: 0xffffffff80001cd0 (0xe1558613) addi    a2, a1, -491
3 0x80001cd0 (0xe1558613) x12 0xfffffe15
core   0: 0xffffffff80001cd4 (0x0079dd93) srli    s11, s3, 7
3 0x80001cd4 (0x0079dd93) x27 0x01ffffeb
core   0: 0xffffffff80001cd8 (0x24cca413) slti    s0, s9, 588
3 0x80001cd8 (0x24cca413) x 8 0x00000001
core   0: 0xffffffff80001cdc (0xcf6ebf93) sltiu   t6, t4, -778
3 0x80001cdc (0xcf6ebf93) x31 0x00000001
core   0: 0xffffffff80001ce0 (0x388fb293) sltiu   t0, t6, 904
3 0x80001ce0 (0x388fb293) x 5 0x00000001
core   0: 0xffffffff80001ce4 (0x016cb833) sltu    a6, s9, s6
3 0x80001ce4 (0x016cb833) x16 0x00000001
core   0: 0xffffffff80001ce8 (0x0185c6b3) xor     a3, a1, s8
3 0x80001ce8 (0x0185c6b3) x13 0xf3702ca0
core   0: 0xffffffff80001cec (0x01c4e3b3) or      t2, s1, t3
3 0x80001cec (0x01c4e3b3) x 7 0x80010e74
core   0: 0xffffffff80001cf0 (0x0b137813) andi    a6, t1, 177
3 0x80001cf0 (0x0b137813) x16 0x000000a0
core   0: 0xffffffff80001cf4 (0x319d2993) slti    s3, s10, 793
3 0x80001cf4 (0x319d2993) x19 0x00000001
core   0: 0xffffffff80001cf8 (0x0168e533) or      a0, a7, s6
3 0x80001cf8 (0x0168e533) x10 0xfffffdec
core   0: 0xffffffff80001cfc (0x001731b3) sltu    gp, a4, ra
3 0x80001cfc (0x001731b3) x 3 0x00000001
core   0: 0xffffffff80001d00 (0xdce02193) slti    gp, zero, -562
3 0x80001d00 (0xdce02193) x 3 0x00000000
core   0: 0xffffffff80001d04 (0x00000013) nop
3 0x80001d04 (0x00000013)
core   0: 0xffffffff80001d08 (0xed70ab13) slti    s6, ra, -297
3 0x80001d08 (0xed70ab13) x22 0x00000001
core   0: 0xffffffff80001d0c (0x0e808893) addi    a7, ra, 232
3 0x80001d0c (0x0e808893) x17 0xfffffbce
core   0: 0xffffffff80001d10 (0x00000013) nop
3 0x80001d10 (0x00000013)
core   0: 0xffffffff80001d14 (0x414fdb93) srai    s7, t6, 20
3 0x80001d14 (0x414fdb93) x23 0x00000000
core   0: 0xffffffff80001d18 (0x00c07ab3) and     s5, zero, a2
3 0x80001d18 (0x00c07ab3) x21 0x00000000
core   0: 0xffffffff80001d1c (0x141db293) sltiu   t0, s11, 321
3 0x80001d1c (0x141db293) x 5 0x00000000
core   0: 0xffffffff80001d20 (0x418c88b3) sub     a7, s9, s8
3 0x80001d20 (0x418c88b3) x17 0x0c8fd361
core   0: 0xffffffff80001d24 (0x006b45b3) xor     a1, s6, t1
3 0x80001d24 (0x006b45b3) x11 0xffffffe1
core   0: 0xffffffff80001d28 (0x3bd23093) sltiu   ra, tp, 957
3 0x80001d28 (0x3bd23093) x 1 0x00000001
core   0: 0xffffffff80001d2c (0xd1f1f1b7) lui     gp, 0xd1f1f
3 0x80001d2c (0xd1f1f1b7) x 3 0xd1f1f000
core   0: 0xffffffff80001d30 (0x1dad7d93) andi    s11, s10, 474
3 0x80001d30 (0x1dad7d93) x27 0x00000142
core   0: 0xffffffff80001d34 (0x194be097) auipc   ra, 0x194be
3 0x80001d34 (0x194be097) x 1 0x994bfd34
core   0: 0xffffffff80001d38 (0x01a6ae33) slt     t3, a3, s10
3 0x80001d38 (0x01a6ae33) x28 0x00000000
core   0: 0xffffffff80001d3c (0x00359533) sll     a0, a1, gp
3 0x80001d3c (0x00359533) x10 0xffffffe1
core   0: 0xffffffff80001d40 (0x014dd093) srli    ra, s11, 20
3 0x80001d40 (0x014dd093) x 1 0x00000000
core   0: 0xffffffff80001d44 (0x01ba56b3) srl     a3, s4, s11
3 0x80001d44 (0x01ba56b3) x13 0x20005339
core   0: 0xffffffff80001d48 (0x01635693) srli    a3, t1, 22
3 0x80001d48 (0x01635693) x13 0x000003ff
core   0: 0xffffffff80001d4c (0xd95c1e37) lui     t3, 0xd95c1
3 0x80001d4c (0xd95c1e37) x28 0xd95c1000
core   0: 0xffffffff80001d50 (0x41870ab3) sub     s5, a4, s8
3 0x80001d50 (0x41870ab3) x21 0xaa599be0
core   0: 0xffffffff80001d54 (0x2c563613) sltiu   a2, a2, 709
3 0x80001d54 (0x2c563613) x12 0x00000000
core   0: 0xffffffff80001d58 (0x1c836e13) ori     t3, t1, 456
3 0x80001d58 (0x1c836e13) x28 0xffffffe8
core   0: 0xffffffff80001d5c (0xf4153613) sltiu   a2, a0, -191
3 0x80001d5c (0xf4153613) x12 0x00000000
core   0: 0xffffffff80001d60 (0x01887333) and     t1, a6, s8
3 0x80001d60 (0x01887333) x 6 0x000000a0
core   0: 0xffffffff80001d64 (0x407d01b3) sub     gp, s10, t2
3 0x80001d64 (0x407d01b3) x 3 0x549116f3
core   0: 0xffffffff80001d68 (0x27ae0193) addi    gp, t3, 634
3 0x80001d68 (0x27ae0193) x 3 0x00000262
core   0: 0xffffffff80001d6c (0x01a87133) and     sp, a6, s10
3 0x80001d6c (0x01a87133) x 2 0x00000020
core   0: 0xffffffff80001d70 (0x0071cf33) xor     t5, gp, t2
3 0x80001d70 (0x0071cf33) x30 0x80010c16
core   0: 0xffffffff80001d74 (0x01449c33) sll     s8, s1, s4
3 0x80001d74 (0x01449c33) x24 0x0010e640
core   0: 0xffffffff80001d78 (0xb4ec1e17) auipc   t3, 0xb4ec1
3 0x80001d78 (0xb4ec1e17) x28 0x34ec2d78
core   0: 0xffffffff80001d7c (0x01171f33) sll     t5, a4, a7
3 0x80001d7c (0x01171f33) x30 0x3b939100
core   0: 0xffffffff80001d80 (0x0156e6b3) or      a3, a3, s5
3 0x80001d80 (0x0156e6b3) x13 0xaa599bff
core   0: 0xffffffff80001d84 (0x15907993) andi    s3, zero, 345
3 0x80001d84 (0x15907993) x19 0x00000000
core   0: 0xffffffff80001d88 (0x40c5d033) sra     zero, a1, a2
3 0x80001d88 (0x40c5d033)
core   0: 0xffffffff80001d8c (0x414e5113) srai    sp, t3, 20
3 0x80001d8c (0x414e5113) x 2 0x0000034e
core   0: 0xffffffff80001d90 (0x3ad8b813) sltiu   a6, a7, 941
3 0x80001d90 (0x3ad8b813) x16 0x00000000
core   0: 0xffffffff80001d94 (0x2f03e813) ori     a6, t2, 752
3 0x80001d94 (0x2f03e813) x16 0x80010ef4
core   0: 0xffffffff80001d98 (0x007567b3) or      a5, a0, t2
3 0x80001d98 (0x007567b3) x15 0xfffffff5
core   0: 0xffffffff80001d9c (0x000d3933) sltu    s2, s10, zero
3 0x80001d9c (0x000d3933) x18 0x00000000
core   0: 0xffffffff80001da0 (0xe6a45817) auipc   a6, 0xe6a45
3 0x80001da0 (0xe6a45817) x16 0x66a46da0
core   0: 0xffffffff80001da4 (0xfc377193) andi    gp, a4, -61
3 0x80001da4 (0xfc377193) x 3 0x9dc9c880
core   0: 0xffffffff80001da8 (0x0049ebb3) or      s7, s3, tp
3 0x80001da8 (0x0049ebb3) x23 0x00000001
core   0: 0xffffffff80001dac (0x0125d893) srli    a7, a1, 18
3 0x80001dac (0x0125d893) x17 0x00003fff
core   0: 0xffffffff80001db0 (0x0183c1b3) xor     gp, t2, s8
3 0x80001db0 (0x0183c1b3) x 3 0x8011e834
core   0: 0xffffffff80001db4 (0x01ae0f33) add     t5, t3, s10
3 0x80001db4 (0x01ae0f33) x30 0x097e52df
core   0: 0xffffffff80001db8 (0x398d0513) addi    a0, s10, 920
3 0x80001db8 (0x398d0513) x10 0xd49228ff
core   0: 0xffffffff80001dbc (0x01c4efb3) or      t6, s1, t3
3 0x80001dbc (0x01c4efb3) x31 0xb4ed2f7c
core   0: 0xffffffff80001dc0 (0x2c282593) slti    a1, a6, 706
3 0x80001dc0 (0x2c282593) x11 0x00000000
core   0: 0xffffffff80001dc4 (0x001ad713) srli    a4, s5, 1
3 0x80001dc4 (0x001ad713) x14 0x552ccdf0
core   0: 0xffffffff80001dc8 (0x016fb333) sltu    t1, t6, s6
3 0x80001dc8 (0x016fb333) x 6 0x00000000
core   0: 0xffffffff80001dcc (0xcb19ae13) slti    t3, s3, -847
3 0x80001dcc (0xcb19ae13) x28 0x00000000
core   0: 0xffffffff80001dd0 (0xd6798a97) auipc   s5, 0xd6798
3 0x80001dd0 (0xd6798a97) x21 0x56799dd0
core   0: 0xffffffff80001dd4 (0x04b92913) slti    s2, s2, 75
3 0x80001dd4 (0x04b92913) x18 0x00000001
core   0: 0xffffffff80001dd8 (0x57d447b7) lui     a5, 0x57d44
3 0x80001dd8 (0x57d447b7) x15 0x57d44000
core   0: 0xffffffff80001ddc (0xe1f1fd93) andi    s11, gp, -481
3 0x80001ddc (0xe1f1fd93) x27 0x8011e814
core   0: 0xffffffff80001de0 (0x3f6ee513) ori     a0, t4, 1014
3 0x80001de0 (0x3f6ee513) x10 0xfee083f7
core   0: 0xffffffff80001de4 (0xf4e1ec13) ori     s8, gp, -178
3 0x80001de4 (0xf4e1ec13) x24 0xffffff7e
core   0: 0xffffffff80001de8 (0x0025b333) sltu    t1, a1, sp
3 0x80001de8 (0x0025b333) x 6 0x00000001
core   0: 0xffffffff80001dec (0x19cbbb13) sltiu   s6, s7, 412
3 0x80001dec (0x19cbbb13) x22 0x00000001
core   0: 0xffffffff80001df0 (0x50ebbdb7) lui     s11, 0x50ebb
3 0x80001df0 (0x50ebbdb7) x27 0x50ebb000
core   0: 0xffffffff80001df4 (0x016f7833) and     a6, t5, s6
3 0x80001df4 (0x016f7833) x16 0x00000001
core   0: 0xffffffff80001df8 (0x12d6e613) ori     a2, a3, 301
3 0x80001df8 (0x12d6e613) x12 0xaa599bff
core   0: 0xffffffff80001dfc (0x0024be33) sltu    t3, s1, sp
3 0x80001dfc (0x0024be33) x28 0x00000000
core   0: 0xffffffff80001e00 (0x004de133) or      sp, s11, tp
3 0x80001e00 (0x004de133) x 2 0x50ebb001
core   0: 0xffffffff80001e04 (0x0118da93) srli    s5, a7, 17
3 0x80001e04 (0x0118da93) x21 0x00000000
core   0: 0xffffffff80001e08 (0x00c61513) slli    a0, a2, 12
3 0x80001e08 (0x00c61513) x10 0x99bff000
core   0: 0xffffffff80001e0c (0x16930637) lui     a2, 0x16930
3 0x80001e0c (0x16930637) x12 0x16930000
core   0: 0xffffffff80001e10 (0x8770b817) auipc   a6, 0x8770b
3 0x80001e10 (0x8770b817) x16 0x0770ce10
core   0: 0xffffffff80001e14 (0x1a254e93) xori    t4, a0, 418
3 0x80001e14 (0x1a254e93) x29 0x99bff1a2
core   0: 0xffffffff80001e18 (0xfce8c317) auipc   t1, 0xfce8c
3 0x80001e18 (0xfce8c317) x 6 0x7ce8de18
core   0: 0xffffffff80001e1c (0xe2b2e893) ori     a7, t0, -469
3 0x80001e1c (0xe2b2e893) x17 0xfffffe2b
core   0: 0xffffffff80001e20 (0x0054afb3) slt     t6, s1, t0
3 0x80001e20 (0x0054afb3) x31 0x00000001
core   0: 0xffffffff80001e24 (0x80000b37) lui     s6, 0x80000
3 0x80001e24 (0x80000b37) x22 0x80000000
core   0: 0xffffffff80001e28 (0x0766a6b7) lui     a3, 0x766a
3 0x80001e28 (0x0766a6b7) x13 0x0766a000
core   0: 0xffffffff80001e2c (0xcdc68693) addi    a3, a3, -804
3 0x80001e2c (0xcdc68693) x13 0x07669cdc
core   0: 0xffffffff80001e30 (0x00000793) li      a5, 0
3 0x80001e30 (0x00000793) x15 0x00000000
core   0: 0xffffffff80001e34 (0x80000ab7) lui     s5, 0x80000
3 0x80001e34 (0x80000ab7) x21 0x80000000
core   0: 0xffffffff80001e38 (0x80000437) lui     s0, 0x80000
3 0x80001e38 (0x80000437) x 8 0x80000000
core   0: 0xffffffff80001e3c (0x800002b7) lui     t0, 0x80000
3 0x80001e3c (0x800002b7) x 5 0x80000000
core   0: 0xffffffff80001e40 (0x800009b7) lui     s3, 0x80000
3 0x80001e40 (0x800009b7) x19 0x80000000
core   0: 0xffffffff80001e44 (0xfff00213) li      tp, -1
3 0x80001e44 (0xfff00213) x 4 0xffffffff
core   0: 0xffffffff80001e48 (0x800005b7) lui     a1, 0x80000
3 0x80001e48 (0x800005b7) x11 0x80000000
core   0: 0xffffffff80001e4c (0xe604c537) lui     a0, 0xe604c
3 0x80001e4c (0xe604c537) x10 0xe604c000
core   0: 0xffffffff80001e50 (0x34150513) addi    a0, a0, 833
3 0x80001e50 (0x34150513) x10 0xe604c341
core   0: 0xffffffff80001e54 (0x40f28ab3) sub     s5, t0, a5
3 0x80001e54 (0x40f28ab3) x21 0x80000000
core   0: 0xffffffff80001e58 (0x00000013) nop
3 0x80001e58 (0x00000013)
core   0: 0xffffffff80001e5c (0x8520d2b7) lui     t0, 0x8520d
3 0x80001e5c (0x8520d2b7) x 5 0x8520d000
core   0: 0xffffffff80001e60 (0x800ca797) auipc   a5, 0x800ca
3 0x80001e60 (0x800ca797) x15 0x000cbe60
core   0: 0xffffffff80001e64 (0x015eeb37) lui     s6, 0x15ee
3 0x80001e64 (0x015eeb37) x22 0x015ee000
core   0: 0xffffffff80001e68 (0x00f987b3) add     a5, s3, a5
3 0x80001e68 (0x00f987b3) x15 0x800cbe60
core   0: 0xffffffff80001e6c (0x1f778513) addi    a0, a5, 503
3 0x80001e6c (0x1f778513) x10 0x800cc057
core   0: 0xffffffff80001e70 (0x3cb78213) addi    tp, a5, 971
3 0x80001e70 (0x3cb78213) x 4 0x800cc22b
core   0: 0xffffffff80001e74 (0x3bc68593) addi    a1, a3, 956
3 0x80001e74 (0x3bc68593) x11 0x0766a098
core   0: 0xffffffff80001e78 (0xf50b9517) auipc   a0, 0xf50b9
3 0x80001e78 (0xf50b9517) x10 0x750bae78
core   0: 0xffffffff80001e7c (0x07b7c7b7) lui     a5, 0x7b7c
3 0x80001e7c (0x07b7c7b7) x15 0x07b7c000
core   0: 0xffffffff80001e80 (0x00000013) nop
3 0x80001e80 (0x00000013)
core   0: 0xffffffff80001e84 (0xfda74697) auipc   a3, 0xfda74
3 0x80001e84 (0xfda74697) x13 0x7da75e84
core   0: 0xffffffff80001e88 (0x00000013) nop
3 0x80001e88 (0x00000013)
core   0: 0xffffffff80001e8c (0x6f86b437) lui     s0, 0x6f86b
3 0x80001e8c (0x6f86b437) x 8 0x6f86b000
core   0: 0xffffffff80001e90 (0x2f468593) addi    a1, a3, 756
3 0x80001e90 (0x2f468593) x11 0x7da76178
core   0: 0xffffffff80001e94 (0x8fa8c797) auipc   a5, 0x8fa8c
3 0x80001e94 (0x8fa8c797) x15 0x0fa8de94
core   0: 0xffffffff80001e98 (0x00000013) nop
3 0x80001e98 (0x00000013)
core   0: 0xffffffff80001e9c (0x01678233) add     tp, a5, s6
3 0x80001e9c (0x01678233) x 4 0x1107be94
core   0: 0xffffffff80001ea0 (0x40b78b33) sub     s6, a5, a1
3 0x80001ea0 (0x40b78b33) x22 0x92017d1c
core   0: 0xffffffff80001ea4 (0x012d7eb3) and     t4, s10, s2
3 0x80001ea4 (0x012d7eb3) x29 0x00000001
core   0: 0xffffffff80001ea8 (0xedc701b7) lui     gp, 0xedc70
3 0x80001ea8 (0xedc701b7) x 3 0xedc70000
core   0: 0xffffffff80001eac (0xcb85c313) xori    t1, a1, -840
3 0x80001eac (0xcb85c313) x 6 0x82589dc0
core   0: 0xffffffff80001eb0 (0x00000013) nop
3 0x80001eb0 (0x00000013)
core   0: 0xffffffff80001eb4 (0x00d39013) slli    zero, t2, 13
3 0x80001eb4 (0x00d39013)
core   0: 0xffffffff80001eb8 (0xda73c913) xori    s2, t2, -601
3 0x80001eb8 (0xda73c913) x18 0x7ffef3d3
core   0: 0xffffffff80001ebc (0x00791913) slli    s2, s2, 7
3 0x80001ebc (0x00791913) x18 0xff79e980
core   0: 0xffffffff80001ec0 (0x0026f433) and     s0, a3, sp
3 0x80001ec0 (0x0026f433) x 8 0x50a31000
core   0: 0xffffffff80001ec4 (0x0039c0b3) xor     ra, s3, gp
3 0x80001ec4 (0x0039c0b3) x 1 0x6dc70000
core   0: 0xffffffff80001ec8 (0x00000013) nop
3 0x80001ec8 (0x00000013)
core   0: 0xffffffff80001ecc (0xcd8b3f13) sltiu   t5, s6, -808
3 0x80001ecc (0xcd8b3f13) x30 0x00000001
core   0: 0xffffffff80001ed0 (0x75509037) lui     zero, 0x75509
3 0x80001ed0 (0x75509037)
core   0: 0xffffffff80001ed4 (0x30cb2393) slti    t2, s6, 780
3 0x80001ed4 (0x30cb2393) x 7 0x00000001
core   0: 0xffffffff80001ed8 (0xd3c43b13) sltiu   s6, s0, -708
3 0x80001ed8 (0xd3c43b13) x22 0x00000001
core   0: 0xffffffff80001edc (0x00cb4b33) xor     s6, s6, a2
3 0x80001edc (0x00cb4b33) x22 0x16930001
core   0: 0xffffffff80001ee0 (0x407a5e13) srai    t3, s4, 7
3 0x80001ee0 (0x407a5e13) x28 0xff000299
core   0: 0xffffffff80001ee4 (0x0055e533) or      a0, a1, t0
3 0x80001ee4 (0x0055e533) x10 0xfda7f178
core   0: 0xffffffff80001ee8 (0x00792433) slt     s0, s2, t2
3 0x80001ee8 (0x00792433) x 8 0x00000001
core   0: 0xffffffff80001eec (0x01057733) and     a4, a0, a6
3 0x80001eec (0x01057733) x14 0x0520c010
core   0: 0xffffffff80001ef0 (0x028c1397) auipc   t2, 0x28c1
3 0x80001ef0 (0x028c1397) x 7 0x828c2ef0
core   0: 0xffffffff80001ef4 (0x3aa03213) sltiu   tp, zero, 938
3 0x80001ef4 (0x3aa03213) x 4 0x00000001
core   0: 0xffffffff80001ef8 (0xb74a4697) auipc   a3, 0xb74a4
3 0x80001ef8 (0xb74a4697) x13 0x374a5ef8
core   0: 0xffffffff80001efc (0x01d802b3) add     t0, a6, t4
3 0x80001efc (0x01d802b3) x 5 0x0770ce11
core   0: 0xffffffff80001f00 (0x00428ab3) add     s5, t0, tp
3 0x80001f00 (0x00428ab3) x21 0x0770ce12
core   0: 0xffffffff80001f04 (0xd0473b13) sltiu   s6, a4, -764
3 0x80001f04 (0xd0473b13) x22 0x00000001
core   0: 0xffffffff80001f08 (0x008c6433) or      s0, s8, s0
3 0x80001f08 (0x008c6433) x 8 0xffffff7f
core   0: 0xffffffff80001f0c (0x01071f13) slli    t5, a4, 16
3 0x80001f0c (0x01071f13) x30 0xc0100000
core   0: 0xffffffff80001f10 (0x40aad3b3) sra     t2, s5, a0
3 0x80001f10 (0x40aad3b3) x 7 0x00000007
core   0: 0xffffffff80001f14 (0xccb5a613) slti    a2, a1, -821
3 0x80001f14 (0xccb5a613) x12 0x00000000
core   0: 0xffffffff80001f18 (0xc1917293) andi    t0, sp, -999
3 0x80001f18 (0xc1917293) x 5 0x50ebb001
core   0: 0xffffffff80001f1c (0x00f46633) or      a2, s0, a5
3 0x80001f1c (0x00f46633) x12 0xffffffff
core   0: 0xffffffff80001f20 (0x002208b3) add     a7, tp, sp
3 0x80001f20 (0x002208b3) x17 0x50ebb002
core   0: 0xffffffff80001f24 (0x2a574813) xori    a6, a4, 677
3 0x80001f24 (0x2a574813) x16 0x0520c2b5
core   0: 0xffffffff80001f28 (0xd5203813) sltiu   a6, zero, -686
3 0x80001f28 (0xd5203813) x16 0x00000001
core   0: 0xffffffff80001f2c (0x011ed7b3) srl     a5, t4, a7
3 0x80001f2c (0x011ed7b3) x15 0x00000000
core   0: 0xffffffff80001f30 (0x011da233) slt     tp, s11, a7
3 0x80001f30 (0x011da233) x 4 0x00000001
core   0: 0xffffffff80001f34 (0x01f99113) slli    sp, s3, 31
3 0x80001f34 (0x01f99113) x 2 0x00000000
core   0: 0xffffffff80001f38 (0x41a35593) srai    a1, t1, 26
3 0x80001f38 (0x41a35593) x11 0xffffffe0
core   0: 0xffffffff80001f3c (0xf8e88e93) addi    t4, a7, -114
3 0x80001f3c (0xf8e88e93) x29 0x50ebaf90
core   0: 0xffffffff80001f40 (0x7204ef17) auipc   t5, 0x7204e
3 0x80001f40 (0x7204ef17) x30 0xf204ff40
core   0: 0xffffffff80001f44 (0x01a03433) snez    s0, s10
3 0x80001f44 (0x01a03433) x 8 0x00000001
core   0: 0xffffffff80001f48 (0x00ac4033) xor     zero, s8, a0
3 0x80001f48 (0x00ac4033)
core   0: 0xffffffff80001f4c (0x010f1cb3) sll     s9, t5, a6
3 0x80001f4c (0x010f1cb3) x25 0xe409fe80
core   0: 0xffffffff80001f50 (0x01307233) and     tp, zero, s3
3 0x80001f50 (0x01307233) x 4 0x00000000
core   0: 0xffffffff80001f54 (0x0021ce33) xor     t3, gp, sp
3 0x80001f54 (0x0021ce33) x28 0xedc70000
core   0: 0xffffffff80001f58 (0x0125e833) or      a6, a1, s2
3 0x80001f58 (0x0125e833) x16 0xffffffe0
core   0: 0xffffffff80001f5c (0x00e06333) or      t1, zero, a4
3 0x80001f5c (0x00e06333) x 6 0x0520c010
core   0: 0xffffffff80001f60 (0x01da9793) slli    a5, s5, 29
3 0x80001f60 (0x01da9793) x15 0x40000000
core   0: 0xffffffff80001f64 (0x00b1d9b3) srl     s3, gp, a1
3 0x80001f64 (0x00b1d9b3) x19 0xedc70000
core   0: 0xffffffff80001f68 (0x331d2513) slti    a0, s10, 817
3 0x80001f68 (0x331d2513) x10 0x00000001
core   0: 0xffffffff80001f6c (0x018ad133) srl     sp, s5, s8
3 0x80001f6c (0x018ad133) x 2 0x00000000
core   0: 0xffffffff80001f70 (0x2da62393) slti    t2, a2, 730
3 0x80001f70 (0x2da62393) x 7 0x00000001
core   0: 0xffffffff80001f74 (0x01042cb3) slt     s9, s0, a6
3 0x80001f74 (0x01042cb3) x25 0x00000000
core   0: 0xffffffff80001f78 (0x003310b3) sll     ra, t1, gp
3 0x80001f78 (0x003310b3) x 1 0x0520c010
core   0: 0xffffffff80001f7c (0x00b413b3) sll     t2, s0, a1
3 0x80001f7c (0x00b413b3) x 7 0x00000001
core   0: 0xffffffff80001f80 (0xcc590b13) addi    s6, s2, -827
3 0x80001f80 (0xcc590b13) x22 0xff79e645
core   0: 0xffffffff80001f84 (0x41a080b3) sub     ra, ra, s10
3 0x80001f84 (0x41a080b3) x 1 0x308e9aa9
core   0: 0xffffffff80001f88 (0x01d6df93) srli    t6, a3, 29
3 0x80001f88 (0x01d6df93) x31 0x00000001
core   0: 0xffffffff80001f8c (0x017725b3) slt     a1, a4, s7
3 0x80001f8c (0x017725b3) x11 0x00000000
core   0: 0xffffffff80001f90 (0x003c5093) srli    ra, s8, 3
3 0x80001f90 (0x003c5093) x 1 0x1fffffef
core   0: 0xffffffff80001f94 (0x36b18193) addi    gp, gp, 875
3 0x80001f94 (0x36b18193) x 3 0xedc7036b
core   0: 0xffffffff80001f98 (0x01d8ee33) or      t3, a7, t4
3 0x80001f98 (0x01d8ee33) x28 0x50ebbf92
core   0: 0xffffffff80001f9c (0x40e8d813) srai    a6, a7, 14
3 0x80001f9c (0x40e8d813) x16 0x000143ae
core   0: 0xffffffff80001fa0 (0x40acd433) sra     s0, s9, a0
3 0x80001fa0 (0x40acd433) x 8 0x00000000
core   0: 0xffffffff80001fa4 (0x8b8dc6b7) lui     a3, 0x8b8dc
3 0x80001fa4 (0x8b8dc6b7) x13 0x8b8dc000
core   0: 0xffffffff80001fa8 (0x414309b3) sub     s3, t1, s4
3 0x80001fa8 (0x414309b3) x19 0x851f732c
core   0: 0xffffffff80001fac (0x41f0d6b3) sra     a3, ra, t6
3 0x80001fac (0x41f0d6b3) x13 0x0ffffff7
core   0: 0xffffffff80001fb0 (0x01331f13) slli    t5, t1, 19
3 0x80001fb0 (0x01331f13) x30 0x00800000
core   0: 0xffffffff80001fb4 (0x149fc093) xori    ra, t6, 329
3 0x80001fb4 (0x149fc093) x 1 0x00000148
core   0: 0xffffffff80001fb8 (0x003f6933) or      s2, t5, gp
3 0x80001fb8 (0x003f6933) x18 0xedc7036b
core   0: 0xffffffff80001fbc (0x01415433) srl     s0, sp, s4
3 0x80001fbc (0x01415433) x 8 0x00000000
core   0: 0xffffffff80001fc0 (0x009089b3) add     s3, ra, s1
3 0x80001fc0 (0x009089b3) x19 0x80010fac
core   0: 0xffffffff80001fc4 (0x41898733) sub     a4, s3, s8
3 0x80001fc4 (0x41898733) x14 0x8001102e
core   0: 0xffffffff80001fc8 (0x38da0193) addi    gp, s4, 909
3 0x80001fc8 (0x38da0193) x 3 0x80015071
core   0: 0xffffffff80001fcc (0x41005193) srai    gp, zero, 16
3 0x80001fcc (0x41005193) x 3 0x00000000
core   0: 0xffffffff80001fd0 (0x00cc2bb3) slt     s7, s8, a2
3 0x80001fd0 (0x00cc2bb3) x23 0x00000001
core   0: 0xffffffff80001fd4 (0x40040ab3) sub     s5, s0, zero
3 0x80001fd4 (0x40040ab3) x21 0x00000000
core   0: 0xffffffff80001fd8 (0xa0580e97) auipc   t4, 0xa0580
3 0x80001fd8 (0xa0580e97) x29 0x20581fd8
core   0: 0xffffffff80001fdc (0x00a7d2b3) srl     t0, a5, a0
3 0x80001fdc (0x00a7d2b3) x 5 0x20000000
core   0: 0xffffffff80001fe0 (0x03f67693) andi    a3, a2, 63
3 0x80001fe0 (0x03f67693) x13 0x0000003f
core   0: 0xffffffff80001fe4 (0x006ad693) srli    a3, s5, 6
3 0x80001fe4 (0x006ad693) x13 0x00000000
core   0: 0xffffffff80001fe8 (0x00cfa933) slt     s2, t6, a2
3 0x80001fe8 (0x00cfa933) x18 0x00000000
core   0: 0xffffffff80001fec (0x00000013) nop
3 0x80001fec (0x00000013)
core   0: 0xffffffff80001ff0 (0x00ee6cb3) or      s9, t3, a4
3 0x80001ff0 (0x00ee6cb3) x25 0xd0ebbfbe
core   0: 0xffffffff80001ff4 (0x0088cdb3) xor     s11, a7, s0
3 0x80001ff4 (0x0088cdb3) x27 0x50ebb002
core   0: 0xffffffff80001ff8 (0x00060ab3) add     s5, a2, zero
3 0x80001ff8 (0x00060ab3) x21 0xffffffff
core   0: 0xffffffff80001ffc (0x011cbe33) sltu    t3, s9, a7
3 0x80001ffc (0x011cbe33) x28 0x00000000
core   0: 0xffffffff80002000 (0x01b09893) slli    a7, ra, 27
3 0x80002000 (0x01b09893) x17 0x40000000
core   0: 0xffffffff80002004 (0x40c657b3) sra     a5, a2, a2
3 0x80002004 (0x40c657b3) x15 0xffffffff
core   0: 0xffffffff80002008 (0x416b8533) sub     a0, s7, s6
3 0x80002008 (0x416b8533) x10 0x008619bc
core   0: 0xffffffff8000200c (0x22f8c013) xori    zero, a7, 559
3 0x8000200c (0x22f8c013)
core   0: 0xffffffff80002010 (0x10715337) lui     t1, 0x10715
3 0x80002010 (0x10715337) x 6 0x10715000
core   0: 0xffffffff80002014 (0x05800613) li      a2, 88
3 0x80002014 (0x05800613) x12 0x00000058
core   0: 0xffffffff80002018 (0x00000013) nop
3 0x80002018 (0x00000013)
core   0: 0xffffffff8000201c (0x012af7b3) and     a5, s5, s2
3 0x8000201c (0x012af7b3) x15 0x00000000
core   0: 0xffffffff80002020 (0xf3b6be93) sltiu   t4, a3, -197
3 0x80002020 (0xf3b6be93) x29 0x00000001
core   0: 0xffffffff80002024 (0xdc0ceb97) auipc   s7, 0xdc0ce
3 0x80002024 (0xdc0ceb97) x23 0x5c0d0024
core   0: 0xffffffff80002028 (0x35cb6013) ori     zero, s6, 860
3 0x80002028 (0x35cb6013)
core   0: 0xffffffff8000202c (0x74421b97) auipc   s7, 0x74421
3 0x8000202c (0x74421b97) x23 0xf442302c
core   0: 0xffffffff80002030 (0xfaabc913) xori    s2, s7, -86
3 0x80002030 (0xfaabc913) x18 0x0bbdcf86
core   0: 0xffffffff80002034 (0x0171c933) xor     s2, gp, s7
3 0x80002034 (0x0171c933) x18 0xf442302c
core   0: 0xffffffff80002038 (0x41e30f33) sub     t5, t1, t5
3 0x80002038 (0x41e30f33) x30 0x0ff15000
core   0: 0xffffffff8000203c (0x01c89fb3) sll     t6, a7, t3
3 0x8000203c (0x01c89fb3) x31 0x40000000
core   0: 0xffffffff80002040 (0x01f487b3) add     a5, s1, t6
3 0x80002040 (0x01f487b3) x15 0xc0010e64
core   0: 0xffffffff80002044 (0xd7272593) slti    a1, a4, -654
3 0x80002044 (0xd7272593) x11 0x00000001
core   0: 0xffffffff80002048 (0xed834297) auipc   t0, 0xed834
3 0x80002048 (0xed834297) x 5 0x6d836048
core   0: 0xffffffff8000204c (0x40280eb3) sub     t4, a6, sp
3 0x8000204c (0x40280eb3) x29 0x000143ae
core   0: 0xffffffff80002050 (0x012283b3) add     t2, t0, s2
3 0x80002050 (0x012283b3) x 7 0x61c59074
core   0: 0xffffffff80002054 (0x008d9113) slli    sp, s11, 8
3 0x80002054 (0x008d9113) x 2 0xebb00200
core   0: 0xffffffff80002058 (0x00c672b3) and     t0, a2, a2
3 0x80002058 (0x00c672b3) x 5 0x00000058
core   0: 0xffffffff8000205c (0x01f039b3) snez    s3, t6
3 0x8000205c (0x01f039b3) x19 0x00000001
core   0: 0xffffffff80002060 (0x01e90433) add     s0, s2, t5
3 0x80002060 (0x01e90433) x 8 0x0433802c
core   0: 0xffffffff80002064 (0x00000013) nop
3 0x80002064 (0x00000013)
core   0: 0xffffffff80002068 (0x00f43b33) sltu    s6, s0, a5
3 0x80002068 (0x00f43b33) x22 0x00000001
core   0: 0xffffffff8000206c (0xfa58f013) andi    zero, a7, -91
3 0x8000206c (0xfa58f013)
core   0: 0xffffffff80002070 (0x01709693) slli    a3, ra, 23
3 0x80002070 (0x01709693) x13 0xa4000000
core   0: 0xffffffff80002074 (0x00000013) nop
3 0x80002074 (0x00000013)
core   0: 0xffffffff80002078 (0x01938eb3) add     t4, t2, s9
3 0x80002078 (0x01938eb3) x29 0x32b15032
core   0: 0xffffffff8000207c (0x0160b293) sltiu   t0, ra, 22
3 0x8000207c (0x0160b293) x 5 0x00000000
core   0: 0xffffffff80002080 (0x01f05713) srli    a4, zero, 31
3 0x80002080 (0x01f05713) x14 0x00000000
core   0: 0xffffffff80002084 (0x013bb033) sltu    zero, s7, s3
3 0x80002084 (0x013bb033)
core   0: 0xffffffff80002088 (0x01338433) add     s0, t2, s3
3 0x80002088 (0x01338433) x 8 0x61c59075
core   0: 0xffffffff8000208c (0x26b34f13) xori    t5, t1, 619
3 0x8000208c (0x26b34f13) x30 0x1071526b
core   0: 0xffffffff80002090 (0x00c162b3) or      t0, sp, a2
3 0x80002090 (0x00c162b3) x 5 0xebb00258
core   0: 0xffffffff80002094 (0x01fd2f33) slt     t5, s10, t6
3 0x80002094 (0x01fd2f33) x30 0x00000001
core   0: 0xffffffff80002098 (0xe9c9a993) slti    s3, s3, -356
3 0x80002098 (0xe9c9a993) x19 0x00000000
core   0: 0xffffffff8000209c (0x41e3d413) srai    s0, t2, 30
3 0x8000209c (0x41e3d413) x 8 0x00000001
core   0: 0xffffffff800020a0 (0x1e0378b7) lui     a7, 0x1e037
3 0x800020a0 (0x1e0378b7) x17 0x1e037000
core   0: 0xffffffff800020a4 (0x01c498b3) sll     a7, s1, t3
3 0x800020a4 (0x01c498b3) x17 0x80010e64
core   0: 0xffffffff800020a8 (0x00609f93) slli    t6, ra, 6
3 0x800020a8 (0x00609f93) x31 0x00005200
core   0: 0xffffffff800020ac (0xda330313) addi    t1, t1, -605
3 0x800020ac (0xda330313) x 6 0x10714da3
core   0: 0xffffffff800020b0 (0x01837b33) and     s6, t1, s8
3 0x800020b0 (0x01837b33) x22 0x10714d22
core   0: 0xffffffff800020b4 (0x0050f433) and     s0, ra, t0
3 0x800020b4 (0x0050f433) x 8 0x00000048
core   0: 0xffffffff800020b8 (0xee24a813) slti    a6, s1, -286
3 0x800020b8 (0xee24a813) x16 0x00000001
core   0: 0xffffffff800020bc (0x6bae19b7) lui     s3, 0x6bae1
3 0x800020bc (0x6bae19b7) x19 0x6bae1000
core   0: 0xffffffff800020c0 (0x41b18db3) sub     s11, gp, s11
3 0x800020c0 (0x41b18db3) x27 0xaf144ffe
core   0: 0xffffffff800020c4 (0xa1cea037) lui     zero, 0xa1cea
3 0x800020c4 (0xa1cea037)
core   0: 0xffffffff800020c8 (0x01276fb3) or      t6, a4, s2
3 0x800020c8 (0x01276fb3) x31 0xf442302c
core   0: 0xffffffff800020cc (0x00d2d913) srli    s2, t0, 13
3 0x800020cc (0x00d2d913) x18 0x00075d80
core   0: 0xffffffff800020d0 (0x35493993) sltiu   s3, s2, 852
3 0x800020d0 (0x35493993) x19 0x00000000
core   0: 0xffffffff800020d4 (0x159d4593) xori    a1, s10, 345
3 0x800020d4 (0x159d4593) x11 0xd492243e
core   0: 0xffffffff800020d8 (0x3960ab13) slti    s6, ra, 918
3 0x800020d8 (0x3960ab13) x22 0x00000001
core   0: 0xffffffff800020dc (0xaf680137) lui     sp, 0xaf680
3 0x800020dc (0xaf680137) x 2 0xaf680000
core   0: 0xffffffff800020e0 (0x41070fb3) sub     t6, a4, a6
3 0x800020e0 (0x41070fb3) x31 0xffffffff
core   0: 0xffffffff800020e4 (0x01bed633) srl     a2, t4, s11
3 0x800020e4 (0x01bed633) x12 0x00000000
core   0: 0xffffffff800020e8 (0x012ff1b3) and     gp, t6, s2
3 0x800020e8 (0x012ff1b3) x 3 0x00075d80
core   0: 0xffffffff800020ec (0x008a3733) sltu    a4, s4, s0
3 0x800020ec (0x008a3733) x14 0x00000000
core   0: 0xffffffff800020f0 (0xe3856b13) ori     s6, a0, -456
3 0x800020f0 (0xe3856b13) x22 0xffffffbc
core   0: 0xffffffff800020f4 (0x01a9d613) srli    a2, s3, 26
3 0x800020f4 (0x01a9d613) x12 0x00000000
core   0: 0xffffffff800020f8 (0x2be3a313) slti    t1, t2, 702
3 0x800020f8 (0x2be3a313) x 6 0x00000000
core   0: 0xffffffff800020fc (0x006a9713) slli    a4, s5, 6
3 0x800020fc (0x006a9713) x14 0xffffffc0
core   0: 0xffffffff80002100 (0xd2c37413) andi    s0, t1, -724
3 0x80002100 (0xd2c37413) x 8 0x00000000
core   0: 0xffffffff80002104 (0x0ecce193) ori     gp, s9, 236
3 0x80002104 (0x0ecce193) x 3 0xd0ebbffe
core   0: 0xffffffff80002108 (0x01ca1c93) slli    s9, s4, 28
3 0x80002108 (0x01ca1c93) x25 0x40000000
core   0: 0xffffffff8000210c (0x21b38393) addi    t2, t2, 539
3 0x8000210c (0x21b38393) x 7 0x61c5928f
core   0: 0xffffffff80002110 (0xfff00093) li      ra, -1
3 0x80002110 (0xfff00093) x 1 0xffffffff
core   0: 0xffffffff80002114 (0xe8cda9b7) lui     s3, 0xe8cda
3 0x80002114 (0xe8cda9b7) x19 0xe8cda000
core   0: 0xffffffff80002118 (0x20198993) addi    s3, s3, 513
3 0x80002118 (0x20198993) x19 0xe8cda201
core   0: 0xffffffff8000211c (0xfff00513) li      a0, -1
3 0x8000211c (0xfff00513) x10 0xffffffff
core   0: 0xffffffff80002120 (0x800008b7) lui     a7, 0x80000
3 0x80002120 (0x800008b7) x17 0x80000000
core   0: 0xffffffff80002124 (0xe0b68637) lui     a2, 0xe0b68
3 0x80002124 (0xe0b68637) x12 0xe0b68000
core   0: 0xffffffff80002128 (0x9b860613) addi    a2, a2, -1608
3 0x80002128 (0x9b860613) x12 0xe0b679b8
core   0: 0xffffffff8000212c (0xfff00813) li      a6, -1
3 0x8000212c (0xfff00813) x16 0xffffffff
core   0: 0xffffffff80002130 (0x00000393) li      t2, 0
3 0x80002130 (0x00000393) x 7 0x00000000
core   0: 0xffffffff80002134 (0xbf584f37) lui     t5, 0xbf584
3 0x80002134 (0xbf584f37) x30 0xbf584000
core   0: 0xffffffff80002138 (0x2f3f0f13) addi    t5, t5, 755
3 0x80002138 (0x2f3f0f13) x30 0xbf5842f3
core   0: 0xffffffff8000213c (0x80000eb7) lui     t4, 0x80000
3 0x8000213c (0x80000eb7) x29 0x80000000
core   0: 0xffffffff80002140 (0x455ed2b7) lui     t0, 0x455ed
3 0x80002140 (0x455ed2b7) x 5 0x455ed000
core   0: 0xffffffff80002144 (0x8e128293) addi    t0, t0, -1823
3 0x80002144 (0x8e128293) x 5 0x455ec8e1
core   0: 0xffffffff80002148 (0x40cf03b3) sub     t2, t5, a2
3 0x80002148 (0x40cf03b3) x 7 0xdea1c93b
core   0: 0xffffffff8000214c (0xf2750813) addi    a6, a0, -217
3 0x8000214c (0xf2750813) x16 0xffffff26
core   0: 0xffffffff80002150 (0xb559f837) lui     a6, 0xb559f
3 0x80002150 (0xb559f837) x16 0xb559f000
core   0: 0xffffffff80002154 (0x00a50633) add     a2, a0, a0
3 0x80002154 (0x00a50633) x12 0xfffffffe
core   0: 0xffffffff80002158 (0x00000013) nop
3 0x80002158 (0x00000013)
core   0: 0xffffffff8000215c (0x00000013) nop
3 0x8000215c (0x00000013)
core   0: 0xffffffff80002160 (0x00000013) nop
3 0x80002160 (0x00000013)
core   0: 0xffffffff80002164 (0x18f729b7) lui     s3, 0x18f72
3 0x80002164 (0x18f729b7) x19 0x18f72000
core   0: 0xffffffff80002168 (0xaad39997) auipc   s3, 0xaad39
3 0x80002168 (0xaad39997) x19 0x2ad3b168
core   0: 0xffffffff8000216c (0x01180f33) add     t5, a6, a7
3 0x8000216c (0x01180f33) x30 0x3559f000
core   0: 0xffffffff80002170 (0xb2c992b7) lui     t0, 0xb2c99
3 0x80002170 (0xb2c992b7) x 5 0xb2c99000
core   0: 0xffffffff80002174 (0x8e52f617) auipc   a2, 0x8e52f
3 0x80002174 (0x8e52f617) x12 0x0e531174
core   0: 0xffffffff80002178 (0x00788eb3) add     t4, a7, t2
3 0x80002178 (0x00788eb3) x29 0x5ea1c93b
core   0: 0xffffffff8000217c (0x013083b3) add     t2, ra, s3
3 0x8000217c (0x013083b3) x 7 0x2ad3b167
core   0: 0xffffffff80002180 (0x41108533) sub     a0, ra, a7
3 0x80002180 (0x41108533) x10 0x7fffffff
core   0: 0xffffffff80002184 (0x0dc38893) addi    a7, t2, 220
3 0x80002184 (0x0dc38893) x17 0x2ad3b243
core   0: 0xffffffff80002188 (0x00538533) add     a0, t2, t0
3 0x80002188 (0x00538533) x10 0xdd9d4167
core   0: 0xffffffff8000218c (0xac32e0b7) lui     ra, 0xac32e
3 0x8000218c (0xac32e0b7) x 1 0xac32e000
core   0: 0xffffffff80002190 (0x8752f637) lui     a2, 0x8752f
3 0x80002190 (0x8752f637) x12 0x8752f000
core   0: 0xffffffff80002194 (0xbc2fb817) auipc   a6, 0xbc2fb
3 0x80002194 (0xbc2fb817) x16 0x3c2fd194
core   0: 0xffffffff80002198 (0x401808b3) sub     a7, a6, ra
3 0x80002198 (0x401808b3) x17 0x8ffcf194
core   0: 0xffffffff8000219c (0xcfd88393) addi    t2, a7, -771
3 0x8000219c (0xcfd88393) x 7 0x8ffcee91
core   0: 0xffffffff800021a0 (0x6fbb4297) auipc   t0, 0x6fbb4
3 0x800021a0 (0x6fbb4297) x 5 0xefbb61a0
core   0: 0xffffffff800021a4 (0x005797b3) sll     a5, a5, t0
3 0x800021a4 (0x005797b3) x15 0xc0010e64
core   0: 0xffffffff800021a8 (0x01e647b3) xor     a5, a2, t5
3 0x800021a8 (0x01e647b3) x15 0xb20b0000
core   0: 0xffffffff800021ac (0x004b1193) slli    gp, s6, 4
3 0x800021ac (0x004b1193) x 3 0xfffffbc0
core   0: 0xffffffff800021b0 (0xa48c68b7) lui     a7, 0xa48c6
3 0x800021b0 (0xa48c68b7) x17 0xa48c6000
core   0: 0xffffffff800021b4 (0xefc7ef93) ori     t6, a5, -260
3 0x800021b4 (0xefc7ef93) x31 0xfffffefc
core   0: 0xffffffff800021b8 (0x00ed0cb3) add     s9, s10, a4
3 0x800021b8 (0x00ed0cb3) x25 0xd4922527
core   0: 0xffffffff800021bc (0x41355793) srai    a5, a0, 19
3 0x800021bc (0x41355793) x15 0xfffffbb3
core   0: 0xffffffff800021c0 (0x00000b93) li      s7, 0
3 0x800021c0 (0x00000b93) x23 0x00000000
core   0: 0xffffffff800021c4 (0x00000813) li      a6, 0
3 0x800021c4 (0x00000813) x16 0x00000000
core   0: 0xffffffff800021c8 (0x00000093) li      ra, 0
3 0x800021c8 (0x00000093) x 1 0x00000000
core   0: 0xffffffff800021cc (0xdd41b137) lui     sp, 0xdd41b
3 0x800021cc (0xdd41b137) x 2 0xdd41b000
core   0: 0xffffffff800021d0 (0x11610113) addi    sp, sp, 278
3 0x800021d0 (0x11610113) x 2 0xdd41b116
core   0: 0xffffffff800021d4 (0x00000293) li      t0, 0
3 0x800021d4 (0x00000293) x 5 0x00000000
core   0: 0xffffffff800021d8 (0x80000537) lui     a0, 0x80000
3 0x800021d8 (0x80000537) x10 0x80000000
core   0: 0xffffffff800021dc (0xfff00213) li      tp, -1
3 0x800021dc (0xfff00213) x 4 0xffffffff
core   0: 0xffffffff800021e0 (0x2d3d3eb7) lui     t4, 0x2d3d3
3 0x800021e0 (0x2d3d3eb7) x29 0x2d3d3000
core   0: 0xffffffff800021e4 (0x729e8e93) addi    t4, t4, 1833
3 0x800021e4 (0x729e8e93) x29 0x2d3d3729
core   0: 0xffffffff800021e8 (0x00000793) li      a5, 0
3 0x800021e8 (0x00000793) x15 0x00000000
core   0: 0xffffffff800021ec (0xfff00393) li      t2, -1
3 0x800021ec (0xfff00393) x 7 0xffffffff
core   0: 0xffffffff800021f0 (0xcdf0d117) auipc   sp, 0xcdf0d
3 0x800021f0 (0xcdf0d117) x 2 0x4df0f1f0
core   0: 0xffffffff800021f4 (0x5f7b3bb7) lui     s7, 0x5f7b3
3 0x800021f4 (0x5f7b3bb7) x23 0x5f7b3000
core   0: 0xffffffff800021f8 (0xeade2837) lui     a6, 0xeade2
3 0x800021f8 (0xeade2837) x16 0xeade2000
core   0: 0xffffffff800021fc (0x40f083b3) sub     t2, ra, a5
3 0x800021fc (0x40f083b3) x 7 0x00000000
core   0: 0xffffffff80002200 (0x410202b3) sub     t0, tp, a6
3 0x80002200 (0x410202b3) x 5 0x1521dfff
core   0: 0xffffffff80002204 (0x40178533) sub     a0, a5, ra
3 0x80002204 (0x40178533) x10 0x00000000
core   0: 0xffffffff80002208 (0x00000013) nop
3 0x80002208 (0x00000013)
core   0: 0xffffffff8000220c (0x33050093) addi    ra, a0, 816
3 0x8000220c (0x33050093) x 1 0x00000330
core   0: 0xffffffff80002210 (0x417283b3) sub     t2, t0, s7
3 0x80002210 (0x417283b3) x 7 0xb5a6afff
core   0: 0xffffffff80002214 (0xc372f117) auipc   sp, 0xc372f
3 0x80002214 (0xc372f117) x 2 0x43731214
core   0: 0xffffffff80002218 (0x405782b3) sub     t0, a5, t0
3 0x80002218 (0x405782b3) x 5 0xeade2001
core   0: 0xffffffff8000221c (0x01778833) add     a6, a5, s7
3 0x8000221c (0x01778833) x16 0x5f7b3000
core   0: 0xffffffff80002220 (0x00000013) nop
3 0x80002220 (0x00000013)
core   0: 0xffffffff80002224 (0x03a80513) addi    a0, a6, 58
3 0x80002224 (0x03a80513) x10 0x5f7b303a
core   0: 0xffffffff80002228 (0x28f80213) addi    tp, a6, 655
3 0x80002228 (0x28f80213) x 4 0x5f7b328f
core   0: 0xffffffff8000222c (0xa24173b7) lui     t2, 0xa2417
3 0x8000222c (0xa24173b7) x 7 0xa2417000
core   0: 0xffffffff80002230 (0x41d80bb3) sub     s7, a6, t4
3 0x80002230 (0x41d80bb3) x23 0x323df8d7
core   0: 0xffffffff80002234 (0x017787b3) add     a5, a5, s7
3 0x80002234 (0x017787b3) x15 0x323df8d7
core   0: 0xffffffff80002238 (0x00000013) nop
3 0x80002238 (0x00000013)
core   0: 0xffffffff8000223c (0x00000013) nop
3 0x8000223c (0x00000013)
core   0: 0xffffffff80002240 (0x3e4b8113) addi    sp, s7, 996
3 0x80002240 (0x3e4b8113) x 2 0x323dfcbb
core   0: 0xffffffff80002244 (0x404e8533) sub     a0, t4, tp
3 0x80002244 (0x404e8533) x10 0xcdc2049a
core   0: 0xffffffff80002248 (0x787d5237) lui     tp, 0x787d5
3 0x80002248 (0x787d5237) x 4 0x787d5000
core   0: 0xffffffff8000224c (0x00f507b3) add     a5, a0, a5
3 0x8000224c (0x00f507b3) x15 0xfffffd71
core   0: 0xffffffff80002250 (0x99d403b7) lui     t2, 0x99d40
3 0x80002250 (0x99d403b7) x 7 0x99d40000
core   0: 0xffffffff80002254 (0x01b69c33) sll     s8, a3, s11
3 0x80002254 (0x01b69c33) x24 0x00000000
core   0: 0xffffffff80002258 (0x003d6e33) or      t3, s10, gp
3 0x80002258 (0x003d6e33) x28 0xffffffe7
core   0: 0xffffffff8000225c (0x01ae55b3) srl     a1, t3, s10
3 0x8000225c (0x01ae55b3) x11 0x01ffffff
core   0: 0xffffffff80002260 (0x01dcdf93) srli    t6, s9, 29
3 0x80002260 (0x01dcdf93) x31 0x00000006
core   0: 0xffffffff80002264 (0x12f7a893) slti    a7, a5, 303
3 0x80002264 (0x12f7a893) x17 0x00000001
core   0: 0xffffffff80002268 (0x01a54fb3) xor     t6, a0, s10
3 0x80002268 (0x01a54fb3) x31 0x195021fd
core   0: 0xffffffff8000226c (0x00000013) nop
3 0x8000226c (0x00000013)
core   0: 0xffffffff80002270 (0x2a21b093) sltiu   ra, gp, 674
3 0x80002270 (0x2a21b093) x 1 0x00000000
core   0: 0xffffffff80002274 (0x25110093) addi    ra, sp, 593
3 0x80002274 (0x25110093) x 1 0x323dff0c
core   0: 0xffffffff80002278 (0x01856db3) or      s11, a0, s8
3 0x80002278 (0x01856db3) x27 0xcdc2049a
core   0: 0xffffffff8000227c (0x34514293) xori    t0, sp, 837
3 0x8000227c (0x34514293) x 5 0x323dfffe
core   0: 0xffffffff80002280 (0x12652293) slti    t0, a0, 294
3 0x80002280 (0x12652293) x 5 0x00000001
core   0: 0xffffffff80002284 (0x0093aab3) slt     s5, t2, s1
3 0x80002284 (0x0093aab3) x21 0x00000000
core   0: 0xffffffff80002288 (0x412b8f33) sub     t5, s7, s2
3 0x80002288 (0x412b8f33) x30 0x32369b57
core   0: 0xffffffff8000228c (0x01321293) slli    t0, tp, 19
3 0x8000228c (0x01321293) x 5 0x80000000
core   0: 0xffffffff80002290 (0x0000f133) and     sp, ra, zero
3 0x80002290 (0x0000f133) x 2 0x00000000
core   0: 0xffffffff80002294 (0x0e5170b7) lui     ra, 0xe517
3 0x80002294 (0x0e5170b7) x 1 0x0e517000
core   0: 0xffffffff80002298 (0x0022f433) and     s0, t0, sp
3 0x80002298 (0x0022f433) x 8 0x00000000
core   0: 0xffffffff8000229c (0x00cb0033) add     zero, s6, a2
3 0x8000229c (0x00cb0033)
core   0: 0xffffffff800022a0 (0x35c1c593) xori    a1, gp, 860
3 0x800022a0 (0x35c1c593) x11 0xfffff89c
core   0: 0xffffffff800022a4 (0x00000013) nop
3 0x800022a4 (0x00000013)
core   0: 0xffffffff800022a8 (0x2542a693) slti    a3, t0, 596
3 0x800022a8 (0x2542a693) x13 0x00000001
core   0: 0xffffffff800022ac (0xfa20b197) auipc   gp, 0xfa20b
3 0x800022ac (0xfa20b197) x 3 0x7a20d2ac
core   0: 0xffffffff800022b0 (0x59c91517) auipc   a0, 0x59c91
3 0x800022b0 (0x59c91517) x10 0xd9c932b0
core   0: 0xffffffff800022b4 (0x015387b3) add     a5, t2, s5
3 0x800022b4 (0x015387b3) x15 0x99d40000
core   0: 0xffffffff800022b8 (0x01bd68b3) or      a7, s10, s11
3 0x800022b8 (0x01bd68b3) x17 0xddd225ff
core   0: 0xffffffff800022bc (0xe2822e93) slti    t4, tp, -472
3 0x800022bc (0xe2822e93) x29 0x00000000
core   0: 0xffffffff800022c0 (0xc6843013) sltiu   zero, s0, -920
3 0x800022c0 (0xc6843013)
core   0: 0xffffffff800022c4 (0x00000013) nop
3 0x800022c4 (0x00000013)
core   0: 0xffffffff800022c8 (0x2a4f3797) auipc   a5, 0x2a4f3
3 0x800022c8 (0x2a4f3797) x15 0xaa4f52c8
core   0: 0xffffffff800022cc (0x03898b13) addi    s6, s3, 56
3 0x800022cc (0x03898b13) x22 0x2ad3b1a0
core   0: 0xffffffff800022d0 (0x00d0da93) srli    s5, ra, 13
3 0x800022d0 (0x00d0da93) x21 0x0000728b
core   0: 0xffffffff800022d4 (0x00a6b5b3) sltu    a1, a3, a0
3 0x800022d4 (0x00a6b5b3) x11 0x00000001
core   0: 0xffffffff800022d8 (0x0060c0b3) xor     ra, ra, t1
3 0x800022d8 (0x0060c0b3) x 1 0x0e517000
core   0: 0xffffffff800022dc (0x01243133) sltu    sp, s0, s2
3 0x800022dc (0x01243133) x 2 0x00000001
core   0: 0xffffffff800022e0 (0x01d41413) slli    s0, s0, 29
3 0x800022e0 (0x01d41413) x 8 0x00000000
core   0: 0xffffffff800022e4 (0xc291a693) slti    a3, gp, -983
3 0x800022e4 (0xc291a693) x13 0x00000000
core   0: 0xffffffff800022e8 (0x0de66693) ori     a3, a2, 222
3 0x800022e8 (0x0de66693) x13 0x8752f0de
core   0: 0xffffffff800022ec (0x0122e233) or      tp, t0, s2
3 0x800022ec (0x0122e233) x 4 0x80075d80
core   0: 0xffffffff800022f0 (0x40458c33) sub     s8, a1, tp
3 0x800022f0 (0x40458c33) x24 0x7ff8a281
core   0: 0xffffffff800022f4 (0x2cfd0713) addi    a4, s10, 719
3 0x800022f4 (0x2cfd0713) x14 0xd4922836
core   0: 0xffffffff800022f8 (0x00000013) nop
3 0x800022f8 (0x00000013)
core   0: 0xffffffff800022fc (0x012f5033) srl     zero, t5, s2
3 0x800022fc (0x012f5033)
core   0: 0xffffffff80002300 (0x01509f13) slli    t5, ra, 21
3 0x80002300 (0x01509f13) x30 0x00000000
core   0: 0xffffffff80002304 (0xecaa4e13) xori    t3, s4, -310
3 0x80002304 (0xecaa4e13) x28 0x7ffeb22e
core   0: 0xffffffff80002308 (0x004eecb3) or      s9, t4, tp
3 0x80002308 (0x004eecb3) x25 0x80075d80
core   0: 0xffffffff8000230c (0x31282e93) slti    t4, a6, 786
3 0x8000230c (0x31282e93) x29 0x00000000
core   0: 0xffffffff80002310 (0x006f1113) slli    sp, t5, 6
3 0x80002310 (0x006f1113) x 2 0x00000000
core   0: 0xffffffff80002314 (0x01a401b3) add     gp, s0, s10
3 0x80002314 (0x01a401b3) x 3 0xd4922567
core   0: 0xffffffff80002318 (0x1e9c4b93) xori    s7, s8, 489
3 0x80002318 (0x1e9c4b93) x23 0x7ff8a368
core   0: 0xffffffff8000231c (0x401ed113) srai    sp, t4, 1
3 0x8000231c (0x401ed113) x 2 0x00000000
core   0: 0xffffffff80002320 (0x1af13313) sltiu   t1, sp, 431
3 0x80002320 (0x1af13313) x 6 0x00000001
core   0: 0xffffffff80002324 (0x41775f13) srai    t5, a4, 23
3 0x80002324 (0x41775f13) x30 0xffffffa9
core   0: 0xffffffff80002328 (0x401dda93) srai    s5, s11, 1
3 0x80002328 (0x401dda93) x21 0xe6e1024d
core   0: 0xffffffff8000232c (0x000b07b3) add     a5, s6, zero
3 0x8000232c (0x000b07b3) x15 0x2ad3b1a0
core   0: 0xffffffff80002330 (0x256ab637) lui     a2, 0x256ab
3 0x80002330 (0x256ab637) x12 0x256ab000
core   0: 0xffffffff80002334 (0x3046a1b7) lui     gp, 0x3046a
3 0x80002334 (0x3046a1b7) x 3 0x3046a000
core   0: 0xffffffff80002338 (0x010b9bb3) sll     s7, s7, a6
3 0x80002338 (0x010b9bb3) x23 0x7ff8a368
core   0: 0xffffffff8000233c (0x41eb5d93) srai    s11, s6, 30
3 0x8000233c (0x41eb5d93) x27 0x00000000
core   0: 0xffffffff80002340 (0x008d5e93) srli    t4, s10, 8
3 0x80002340 (0x008d5e93) x29 0x00d49225
core   0: 0xffffffff80002344 (0x0187f2b3) and     t0, a5, s8
3 0x80002344 (0x0187f2b3) x 5 0x2ad0a080
core   0: 0xffffffff80002348 (0x001e8033) add     zero, t4, ra
3 0x80002348 (0x001e8033)
core   0: 0xffffffff8000234c (0x24ecf8b7) lui     a7, 0x24ecf
3 0x8000234c (0x24ecf8b7) x17 0x24ecf000
core   0: 0xffffffff80002350 (0x00315c93) srli    s9, sp, 3
3 0x80002350 (0x00315c93) x25 0x00000000
core   0: 0xffffffff80002354 (0x004b7fb3) and     t6, s6, tp
3 0x80002354 (0x004b7fb3) x31 0x00031180
core   0: 0xffffffff80002358 (0x01e21293) slli    t0, tp, 30
3 0x80002358 (0x01e21293) x 5 0x00000000
core   0: 0xffffffff8000235c (0x418189b3) sub     s3, gp, s8
3 0x8000235c (0x418189b3) x19 0xb04dfd7f
core   0: 0xffffffff80002360 (0x00efe2b3) or      t0, t6, a4
3 0x80002360 (0x00efe2b3) x 5 0xd49339b6
core   0: 0xffffffff80002364 (0x00000013) nop
3 0x80002364 (0x00000013)
core   0: 0xffffffff80002368 (0x266de313) ori     t1, s11, 614
3 0x80002368 (0x266de313) x 6 0x00000266
core   0: 0xffffffff8000236c (0x01291b13) slli    s6, s2, 18
3 0x8000236c (0x01291b13) x22 0x76000000
core   0: 0xffffffff80002370 (0x006d4733) xor     a4, s10, t1
3 0x80002370 (0x006d4733) x14 0xd4922701
core   0: 0xffffffff80002374 (0xf9f83513) sltiu   a0, a6, -97
3 0x80002374 (0xf9f83513) x10 0x00000001
core   0: 0xffffffff80002378 (0x40808933) sub     s2, ra, s0
3 0x80002378 (0x40808933) x18 0x0e517000
core   0: 0xffffffff8000237c (0x002b7533) and     a0, s6, sp
3 0x8000237c (0x002b7533) x10 0x00000000
core   0: 0xffffffff80002380 (0x0deeee93) ori     t4, t4, 222
3 0x80002380 (0x0deeee93) x29 0x00d492ff
core   0: 0xffffffff80002384 (0x00000013) nop
3 0x80002384 (0x00000013)
core   0: 0xffffffff80002388 (0x006f2ab3) slt     s5, t5, t1
3 0x80002388 (0x006f2ab3) x21 0x00000001
core   0: 0xffffffff8000238c (0x13472f93) slti    t6, a4, 308
3 0x8000238c (0x13472f93) x31 0x00000001
core   0: 0xffffffff80002390 (0x4011d3b3) sra     t2, gp, ra
3 0x80002390 (0x4011d3b3) x 7 0x3046a000
core   0: 0xffffffff80002394 (0x0108b333) sltu    t1, a7, a6
3 0x80002394 (0x0108b333) x 6 0x00000001
core   0: 0xffffffff80002398 (0x002bc6b3) xor     a3, s7, sp
3 0x80002398 (0x002bc6b3) x13 0x7ff8a368
core   0: 0xffffffff8000239c (0x00330db3) add     s11, t1, gp
3 0x8000239c (0x00330db3) x27 0x3046a001
core   0: 0xffffffff800023a0 (0x1c56e797) auipc   a5, 0x1c56e
3 0x800023a0 (0x1c56e797) x15 0x9c5703a0
core   0: 0xffffffff800023a4 (0x40e60bb3) sub     s7, a2, a4
3 0x800023a4 (0x40e60bb3) x23 0x50d888ff
core   0: 0xffffffff800023a8 (0x4079ddb3) sra     s11, s3, t2
3 0x800023a8 (0x4079ddb3) x27 0xb04dfd7f
core   0: 0xffffffff800023ac (0x0190dd93) srli    s11, ra, 25
3 0x800023ac (0x0190dd93) x27 0x00000007
core   0: 0xffffffff800023b0 (0x00f4d933) srl     s2, s1, a5
3 0x800023b0 (0x00f4d933) x18 0x80010e64
core   0: 0xffffffff800023b4 (0x01688233) add     tp, a7, s6
3 0x800023b4 (0x01688233) x 4 0x9aecf000
core   0: 0xffffffff800023b8 (0x3dd3bd93) sltiu   s11, t2, 989
3 0x800023b8 (0x3dd3bd93) x27 0x00000000
core   0: 0xffffffff800023bc (0x01995113) srli    sp, s2, 25
3 0x800023bc (0x01995113) x 2 0x00000040
core   0: 0xffffffff800023c0 (0x11eb0613) addi    a2, s6, 286
3 0x800023c0 (0x11eb0613) x12 0x7600011e
core   0: 0xffffffff800023c4 (0x00000013) nop
3 0x800023c4 (0x00000013)
core   0: 0xffffffff800023c8 (0x41b3d433) sra     s0, t2, s11
3 0x800023c8 (0x41b3d433) x 8 0x3046a000
core   0: 0xffffffff800023cc (0xd0fed437) lui     s0, 0xd0fed
3 0x800023cc (0xd0fed437) x 8 0xd0fed000
core   0: 0xffffffff800023d0 (0x01ab99b3) sll     s3, s7, s10
3 0x800023d0 (0x01ab99b3) x19 0x6c447f80
core   0: 0xffffffff800023d4 (0x404edf13) srai    t5, t4, 4
3 0x800023d4 (0x404edf13) x30 0x000d492f
core   0: 0xffffffff800023d8 (0x00bfbb33) sltu    s6, t6, a1
3 0x800023d8 (0x00bfbb33) x22 0x00000000
core   0: 0xffffffff800023dc (0x3858b817) auipc   a6, 0x3858b
3 0x800023dc (0x3858b817) x16 0xb858d3dc
core   0: 0xffffffff800023e0 (0x003e8e33) add     t3, t4, gp
3 0x800023e0 (0x003e8e33) x28 0x311b32ff
core   0: 0xffffffff800023e4 (0x01cff3b3) and     t2, t6, t3
3 0x800023e4 (0x01cff3b3) x 7 0x00000001
core   0: 0xffffffff800023e8 (0x40955eb3) sra     t4, a0, s1
3 0x800023e8 (0x40955eb3) x29 0x00000000
core   0: 0xffffffff800023ec (0x01499993) slli    s3, s3, 20
3 0x800023ec (0x01499993) x19 0xf8000000
core   0: 0xffffffff800023f0 (0x409f5cb3) sra     s9, t5, s1
3 0x800023f0 (0x409f5cb3) x25 0x0000d492
core   0: 0xffffffff800023f4 (0x01f60f33) add     t5, a2, t6
3 0x800023f4 (0x01f60f33) x30 0x7600011f
core   0: 0xffffffff800023f8 (0x415985b3) sub     a1, s3, s5
3 0x800023f8 (0x415985b3) x11 0xf7ffffff
core   0: 0xffffffff800023fc (0xf3a7f913) andi    s2, a5, -198
3 0x800023fc (0xf3a7f913) x18 0x9c570320
core   0: 0xffffffff80002400 (0x01c28133) add     sp, t0, t3
3 0x80002400 (0x01c28133) x 2 0x05ae6cb5
core   0: 0xffffffff80002404 (0x0a182593) slti    a1, a6, 161
3 0x80002404 (0x0a182593) x11 0x00000001
core   0: 0xffffffff80002408 (0x12dd0713) addi    a4, s10, 301
3 0x80002408 (0x12dd0713) x14 0xd4922694
core   0: 0xffffffff8000240c (0x0046b033) sltu    zero, a3, tp
3 0x8000240c (0x0046b033)
core   0: 0xffffffff80002410 (0x1bbaa893) slti    a7, s5, 443
3 0x80002410 (0x1bbaa893) x17 0x00000001
core   0: 0xffffffff80002414 (0x40895db3) sra     s11, s2, s0
3 0x80002414 (0x40895db3) x27 0x9c570320
core   0: 0xffffffff80002418 (0x75939fb7) lui     t6, 0x75939
3 0x80002418 (0x75939fb7) x31 0x75939000
core   0: 0xffffffff8000241c (0xe4014693) xori    a3, sp, -448
3 0x8000241c (0xe4014693) x13 0xfa5192f5
core   0: 0xffffffff80002420 (0x00069c33) sll     s8, a3, zero
3 0x80002420 (0x00069c33) x24 0xfa5192f5
core   0: 0xffffffff80002424 (0x34f7fb93) andi    s7, a5, 847
3 0x80002424 (0x34f7fb93) x23 0x00000300
core   0: 0xffffffff80002428 (0x01241013) slli    zero, s0, 18
3 0x80002428 (0x01241013)
core   0: 0xffffffff8000242c (0x41cf5693) srai    a3, t5, 28
3 0x8000242c (0x41cf5693) x13 0x00000007
core   0: 0xffffffff80002430 (0x006300b3) add     ra, t1, t1
3 0x80002430 (0x006300b3) x 1 0x00000002
core   0: 0xffffffff80002434 (0x01b65633) srl     a2, a2, s11
3 0x80002434 (0x01b65633) x12 0x7600011e
core   0: 0xffffffff80002438 (0x116a3e93) sltiu   t4, s4, 278
3 0x80002438 (0x116a3e93) x29 0x00000000
core   0: 0xffffffff8000243c (0x00000013) nop
3 0x8000243c (0x00000013)
core   0: 0xffffffff80002440 (0x40efd193) srai    gp, t6, 14
3 0x80002440 (0x40efd193) x 3 0x0001d64e
core   0: 0xffffffff80002444 (0xa7aad717) auipc   a4, 0xa7aad
3 0x80002444 (0xa7aad717) x14 0x27aaf444
core   0: 0xffffffff80002448 (0x008ad633) srl     a2, s5, s0
3 0x80002448 (0x008ad633) x12 0x00000001
core   0: 0xffffffff8000244c (0x45b87fb7) lui     t6, 0x45b87
3 0x8000244c (0x45b87fb7) x31 0x45b87000
core   0: 0xffffffff80002450 (0x0b014c17) auipc   s8, 0xb014
3 0x80002450 (0x0b014c17) x24 0x8b016450
core   0: 0xffffffff80002454 (0x406b8333) sub     t1, s7, t1
3 0x80002454 (0x406b8333) x 6 0x000002ff
core   0: 0xffffffff80002458 (0x011351b3) srl     gp, t1, a7
3 0x80002458 (0x011351b3) x 3 0x0000017f
core   0: 0xffffffff8000245c (0x0031f1b3) and     gp, gp, gp
3 0x8000245c (0x0031f1b3) x 3 0x0000017f
core   0: 0xffffffff80002460 (0x00631413) slli    s0, t1, 6
3 0x80002460 (0x00631413) x 8 0x0000bfc0
core   0: 0xffffffff80002464 (0x017d19b3) sll     s3, s10, s7
3 0x80002464 (0x017d19b3) x19 0xd4922567
core   0: 0xffffffff80002468 (0xe9486413) ori     s0, a6, -364
3 0x80002468 (0xe9486413) x 8 0xffffffdc
core   0: 0xffffffff8000246c (0x00e2dd93) srli    s11, t0, 14
3 0x8000246c (0x00e2dd93) x27 0x0003524c
core   0: 0xffffffff80002470 (0x01935b93) srli    s7, t1, 25
3 0x80002470 (0x01935b93) x23 0x00000000
core   0: 0xffffffff80002474 (0x00354fb3) xor     t6, a0, gp
3 0x80002474 (0x00354fb3) x31 0x0000017f
core   0: 0xffffffff80002478 (0x410b8633) sub     a2, s7, a6
3 0x80002478 (0x410b8633) x12 0x47a72c24
core   0: 0xffffffff8000247c (0x41ebd633) sra     a2, s7, t5
3 0x8000247c (0x41ebd633) x12 0x00000000
core   0: 0xffffffff80002480 (0xbe497937) lui     s2, 0xbe497
3 0x80002480 (0xbe497937) x18 0xbe497000
core   0: 0xffffffff80002484 (0x53f7ea97) auipc   s5, 0x53f7e
3 0x80002484 (0x53f7ea97) x21 0xd3f80484
core   0: 0xffffffff80002488 (0xf39d30b7) lui     ra, 0xf39d3
3 0x80002488 (0xf39d30b7) x 1 0xf39d3000
core   0: 0xffffffff8000248c (0x01713db3) sltu    s11, sp, s7
3 0x8000248c (0x01713db3) x27 0x00000000
core   0: 0xffffffff80002490 (0xc1264b13) xori    s6, a2, -1006
3 0x80002490 (0xc1264b13) x22 0xfffffc12
core   0: 0xffffffff80002494 (0xd349fd93) andi    s11, s3, -716
3 0x80002494 (0xd349fd93) x27 0xd4922524
core   0: 0xffffffff80002498 (0x00000013) nop
3 0x80002498 (0x00000013)
core   0: 0xffffffff8000249c (0x4129da93) srai    s5, s3, 18
3 0x8000249c (0x4129da93) x21 0xfffff524
core   0: 0xffffffff800024a0 (0xeae02193) slti    gp, zero, -338
3 0x800024a0 (0xeae02193) x 3 0x00000000
core   0: 0xffffffff800024a4 (0x00a8e533) or      a0, a7, a0
3 0x800024a4 (0x00a8e533) x10 0x00000001
core   0: 0xffffffff800024a8 (0x40465b93) srai    s7, a2, 4
3 0x800024a8 (0x40465b93) x23 0x00000000
core   0: 0xffffffff800024ac (0x00369833) sll     a6, a3, gp
3 0x800024ac (0x00369833) x16 0x00000007
core   0: 0xffffffff800024b0 (0x05187b13) andi    s6, a6, 81
3 0x800024b0 (0x05187b13) x22 0x00000001
core   0: 0xffffffff800024b4 (0x003ddb13) srli    s6, s11, 3
3 0x800024b4 (0x003ddb13) x22 0x1a9244a4
core   0: 0xffffffff800024b8 (0x0106beb3) sltu    t4, a3, a6
3 0x800024b8 (0x0106beb3) x29 0x00000000
core   0: 0xffffffff800024bc (0xf7356613) ori     a2, a0, -141
3 0x800024bc (0xf7356613) x12 0xffffff73
core   0: 0xffffffff800024c0 (0x11b37e93) andi    t4, t1, 283
3 0x800024c0 (0x11b37e93) x29 0x0000001b
core   0: 0xffffffff800024c4 (0x01029433) sll     s0, t0, a6
3 0x800024c4 (0x01029433) x 8 0x499cdb00
core   0: 0xffffffff800024c8 (0x00bde733) or      a4, s11, a1
3 0x800024c8 (0x00bde733) x14 0xd4922525
core   0: 0xffffffff800024cc (0x017bd993) srli    s3, s7, 23
3 0x800024cc (0x017bd993) x19 0x00000000
core   0: 0xffffffff800024d0 (0x008c4db3) xor     s11, s8, s0
3 0x800024d0 (0x008c4db3) x27 0xc29dbf50
core   0: 0xffffffff800024d4 (0x37846317) auipc   t1, 0x37846
3 0x800024d4 (0x37846317) x 6 0xb78484d4
core   0: 0xffffffff800024d8 (0x014bc533) xor     a0, s7, s4
3 0x800024d8 (0x014bc533) x10 0x80014ce4
core   0: 0xffffffff800024dc (0xd937f213) andi    tp, a5, -621
3 0x800024dc (0xd937f213) x 4 0x9c570180
core   0: 0xffffffff800024e0 (0x01a7a133) slt     sp, a5, s10
3 0x800024e0 (0x01a7a133) x 2 0x00000001
core   0: 0xffffffff800024e4 (0x015e3ab3) sltu    s5, t3, s5
3 0x800024e4 (0x015e3ab3) x21 0x00000001
core   0: 0xffffffff800024e8 (0x019c1eb3) sll     t4, s8, s9
3 0x800024e8 (0x019c1eb3) x29 0x91400000
core   0: 0xffffffff800024ec (0x41635c33) sra     s8, t1, s6
3 0x800024ec (0x41635c33) x24 0xfb78484d
core   0: 0xffffffff800024f0 (0x37c6b593) sltiu   a1, a3, 892
3 0x800024f0 (0x37c6b593) x11 0x00000001
core   0: 0xffffffff800024f4 (0x006ec133) xor     sp, t4, t1
3 0x800024f4 (0x006ec133) x 2 0x26c484d4
core   0: 0xffffffff800024f8 (0x01b76cb3) or      s9, a4, s11
3 0x800024f8 (0x01b76cb3) x25 0xd69fbf75
core   0: 0xffffffff800024fc (0x40e50533) sub     a0, a0, a4
3 0x800024fc (0x40e50533) x10 0xab6f27bf
core   0: 0xffffffff80002500 (0x41c95233) sra     tp, s2, t3
3 0x80002500 (0x41c95233) x 4 0xffffffff
core   0: 0xffffffff80002504 (0x40c7dcb3) sra     s9, a5, a2
3 0x80002504 (0x40c7dcb3) x25 0xfffff38a
core   0: 0xffffffff80002508 (0x42d70b97) auipc   s7, 0x42d70
3 0x80002508 (0x42d70b97) x23 0xc2d72508
core   0: 0xffffffff8000250c (0x00b55813) srli    a6, a0, 11
3 0x8000250c (0x00b55813) x16 0x00156de4
core   0: 0xffffffff80002510 (0x00e281b3) add     gp, t0, a4
3 0x80002510 (0x00e281b3) x 3 0xa9255edb
core   0: 0xffffffff80002514 (0x0084e733) or      a4, s1, s0
3 0x80002514 (0x0084e733) x14 0xc99ddf64
core   0: 0xffffffff80002518 (0x01ee0ab3) add     s5, t3, t5
3 0x80002518 (0x01ee0ab3) x21 0xa71b341e
core   0: 0xffffffff8000251c (0x00cd8733) add     a4, s11, a2
3 0x8000251c (0x00cd8733) x14 0xc29dbec3
core   0: 0xffffffff80002520 (0x01a85c13) srli    s8, a6, 26
3 0x80002520 (0x01a85c13) x24 0x00000000
core   0: 0xffffffff80002524 (0x41dd03b3) sub     t2, s10, t4
3 0x80002524 (0x41dd03b3) x 7 0x43522567
core   0: 0xffffffff80002528 (0x41f7d993) srai    s3, a5, 31
3 0x80002528 (0x41f7d993) x19 0xffffffff
core   0: 0xffffffff8000252c (0x41728cb3) sub     s9, t0, s7
3 0x8000252c (0x41728cb3) x25 0x11bc14ae
core   0: 0xffffffff80002530 (0x40e2d893) srai    a7, t0, 14
3 0x80002530 (0x40e2d893) x17 0xffff524c
core   0: 0xffffffff80002534 (0x002c36b3) sltu    a3, s8, sp
3 0x80002534 (0x002c36b3) x13 0x00000001
core   0: 0xffffffff80002538 (0x41148533) sub     a0, s1, a7
3 0x80002538 (0x41148533) x10 0x8001bc18
core   0: 0xffffffff8000253c (0xfd194c13) xori    s8, s2, -47
3 0x8000253c (0xfd194c13) x24 0x41b68fd1
core   0: 0xffffffff80002540 (0x012830b3) sltu    ra, a6, s2
3 0x80002540 (0x012830b3) x 1 0x00000001
core   0: 0xffffffff80002544 (0x00587733) and     a4, a6, t0
3 0x80002544 (0x00587733) x14 0x001129a4
core   0: 0xffffffff80002548 (0x00000013) nop
3 0x80002548 (0x00000013)
core   0: 0xffffffff8000254c (0x416bd1b3) sra     gp, s7, s6
3 0x8000254c (0x416bd1b3) x 3 0xfc2d7250
core   0: 0xffffffff80002550 (0xeb7a0b93) addi    s7, s4, -329
3 0x80002550 (0xeb7a0b93) x23 0x80014b9b
core   0: 0xffffffff80002554 (0x1ec6c893) xori    a7, a3, 492
3 0x80002554 (0x1ec6c893) x17 0x000001ed
core   0: 0xffffffff80002558 (0x624f6bb7) lui     s7, 0x624f6
3 0x80002558 (0x624f6bb7) x23 0x624f6000
core   0: 0xffffffff8000255c (0xed250413) addi    s0, a0, -302
3 0x8000255c (0xed250413) x 8 0x8001baea
core   0: 0xffffffff80002560 (0x2f7d0e13) addi    t3, s10, 759
3 0x80002560 (0x2f7d0e13) x28 0xd492285e
core   0: 0xffffffff80002564 (0x32ad6c93) ori     s9, s10, 810
3 0x80002564 (0x32ad6c93) x25 0xd492276f
core   0: 0xffffffff80002568 (0x0ed7e013) ori     zero, a5, 237
3 0x80002568 (0x0ed7e013)
core   0: 0xffffffff8000256c (0x0132f133) and     sp, t0, s3
3 0x8000256c (0x0132f133) x 2 0xd49339b6
core   0: 0xffffffff80002570 (0x015b97b3) sll     a5, s7, s5
3 0x80002570 (0x015b97b3) x15 0x00000000
core   0: 0xffffffff80002574 (0x09d7b793) sltiu   a5, a5, 157
3 0x80002574 (0x09d7b793) x15 0x00000001
core   0: 0xffffffff80002578 (0xf40fc713) xori    a4, t6, -192
3 0x80002578 (0xf40fc713) x14 0xfffffe3f
core   0: 0xffffffff8000257c (0xfeed6e13) ori     t3, s10, -18
3 0x8000257c (0xfeed6e13) x28 0xffffffef
core   0: 0xffffffff80002580 (0x252f6613) ori     a2, t5, 594
3 0x80002580 (0x252f6613) x12 0x7600035f
core   0: 0xffffffff80002584 (0x243b4293) xori    t0, s6, 579
3 0x80002584 (0x243b4293) x 5 0x1a9246e7
core   0: 0xffffffff80002588 (0x01608cb3) add     s9, ra, s6
3 0x80002588 (0x01608cb3) x25 0x1a9244a5
core   0: 0xffffffff8000258c (0x40cd0733) sub     a4, s10, a2
3 0x8000258c (0x40cd0733) x14 0x5e922208
core   0: 0xffffffff80002590 (0x00c36e33) or      t3, t1, a2
3 0x80002590 (0x00c36e33) x28 0xf78487df
core   0: 0xffffffff80002594 (0x01fefc33) and     s8, t4, t6
3 0x80002594 (0x01fefc33) x24 0x00000000
core   0: 0xffffffff80002598 (0xe28ae013) ori     zero, s5, -472
3 0x80002598 (0xe28ae013)
core   0: 0xffffffff8000259c (0x0054bab3) sltu    s5, s1, t0
3 0x8000259c (0x0054bab3) x21 0x00000000
core   0: 0xffffffff800025a0 (0x00969693) slli    a3, a3, 9
3 0x800025a0 (0x00969693) x13 0x00000200
core   0: 0xffffffff800025a4 (0x00000013) nop
3 0x800025a4 (0x00000013)
core   0: 0xffffffff800025a8 (0xfd1af537) lui     a0, 0xfd1af
3 0x800025a8 (0xfd1af537) x10 0xfd1af000
core   0: 0xffffffff800025ac (0x00766633) or      a2, a2, t2
3 0x800025ac (0x00766633) x12 0x7752277f
core   0: 0xffffffff800025b0 (0x402d8cb3) sub     s9, s11, sp
3 0x800025b0 (0x402d8cb3) x25 0xee0a859a
core   0: 0xffffffff800025b4 (0x00000013) nop
3 0x800025b4 (0x00000013)
core   0: 0xffffffff800025b8 (0x415558b3) sra     a7, a0, s5
3 0x800025b8 (0x415558b3) x17 0xfd1af000
core   0: 0xffffffff800025bc (0x8c26ae37) lui     t3, 0x8c26a
3 0x800025bc (0x8c26ae37) x28 0x8c26a000
core   0: 0xffffffff800025c0 (0x3d27e593) ori     a1, a5, 978
3 0x800025c0 (0x3d27e593) x11 0x000003d3
core   0: 0xffffffff800025c4 (0x00c21413) slli    s0, tp, 12
3 0x800025c4 (0x00c21413) x 8 0xfffff000
core   0: 0xffffffff800025c8 (0x010826b3) slt     a3, a6, a6
3 0x800025c8 (0x010826b3) x13 0x00000000
core   0: 0xffffffff800025cc (0x01600f33) add     t5, zero, s6
3 0x800025cc (0x01600f33) x30 0x1a9244a4
core   0: 0xffffffff800025d0 (0x00d798b3) sll     a7, a5, a3
3 0x800025d0 (0x00d798b3) x17 0x00000001
core   0: 0xffffffff800025d4 (0x00000013) nop
3 0x800025d4 (0x00000013)
core   0: 0xffffffff800025d8 (0x403edf93) srai    t6, t4, 3
3 0x800025d8 (0x403edf93) x31 0xf2280000
core   0: 0xffffffff800025dc (0x01520fb3) add     t6, tp, s5
3 0x800025dc (0x01520fb3) x31 0xffffffff
core   0: 0xffffffff800025e0 (0x01052133) slt     sp, a0, a6
3 0x800025e0 (0x01052133) x 2 0x00000001
core   0: 0xffffffff800025e4 (0x4175d9b3) sra     s3, a1, s7
3 0x800025e4 (0x4175d9b3) x19 0x000003d3
core   0: 0xffffffff800025e8 (0x00250433) add     s0, a0, sp
3 0x800025e8 (0x00250433) x 8 0xfd1af001
core   0: 0xffffffff800025ec (0x00366b33) or      s6, a2, gp
3 0x800025ec (0x00366b33) x22 0xff7f777f
core   0: 0xffffffff800025f0 (0x0f3dc893) xori    a7, s11, 243
3 0x800025f0 (0x0f3dc893) x17 0xc29dbfa3
core   0: 0xffffffff800025f4 (0x7658a037) lui     zero, 0x7658a
3 0x800025f4 (0x7658a037)
core   0: 0xffffffff800025f8 (0xf5accc13) xori    s8, s9, -166
3 0x800025f8 (0xf5accc13) x24 0x11f57ac0
core   0: 0xffffffff800025fc (0x01e379b3) and     s3, t1, t5
3 0x800025fc (0x01e379b3) x19 0x12800484
core   0: 0xffffffff80002600 (0x0080d7b3) srl     a5, ra, s0
3 0x80002600 (0x0080d7b3) x15 0x00000000
core   0: 0xffffffff80002604 (0x3eee0193) addi    gp, t3, 1006
3 0x80002604 (0x3eee0193) x 3 0x8c26a3ee
core   0: 0xffffffff80002608 (0x40a0dab3) sra     s5, ra, a0
3 0x80002608 (0x40a0dab3) x21 0x00000001
core   0: 0xffffffff8000260c (0x01286833) or      a6, a6, s2
3 0x8000260c (0x01286833) x16 0xbe5d7de4
core   0: 0xffffffff80002610 (0xea2e4193) xori    gp, t3, -350
3 0x80002610 (0xea2e4193) x 3 0x73d95ea2
core   0: 0xffffffff80002614 (0x01fc4bb3) xor     s7, s8, t6
3 0x80002614 (0x01fc4bb3) x23 0xee0a853f
core   0: 0xffffffff80002618 (0x41670fb3) sub     t6, a4, s6
3 0x80002618 (0x41670fb3) x31 0x5f12aa89
core   0: 0xffffffff8000261c (0x01715733) srl     a4, sp, s7
3 0x8000261c (0x01715733) x14 0x00000000
core   0: 0xffffffff80002620 (0x00000013) nop
3 0x80002620 (0x00000013)
core   0: 0xffffffff80002624 (0x41575cb3) sra     s9, a4, s5
3 0x80002624 (0x41575cb3) x25 0x00000000
core   0: 0xffffffff80002628 (0x00fed333) srl     t1, t4, a5
3 0x80002628 (0x00fed333) x 6 0x91400000
core   0: 0xffffffff8000262c (0xd42dfc93) andi    s9, s11, -702
3 0x8000262c (0xd42dfc93) x25 0xc29dbd40
core   0: 0xffffffff80002630 (0xe8dbab13) slti    s6, s7, -371
3 0x80002630 (0xe8dbab13) x22 0x00000001
core   0: 0xffffffff80002634 (0x70c27317) auipc   t1, 0x70c27
3 0x80002634 (0x70c27317) x 6 0xf0c29634
core   0: 0xffffffff80002638 (0x01905c13) srli    s8, zero, 25
3 0x80002638 (0x01905c13) x24 0x00000000
core   0: 0xffffffff8000263c (0xd237f117) auipc   sp, 0xd237f
3 0x8000263c (0xd237f117) x 2 0x5238163c
core   0: 0xffffffff80002640 (0x00c3a333) slt     t1, t2, a2
3 0x80002640 (0x00c3a333) x 6 0x00000001
core   0: 0xffffffff80002644 (0x2f2ead93) slti    s11, t4, 754
3 0x80002644 (0x2f2ead93) x27 0x00000001
core   0: 0xffffffff80002648 (0x40e3d0b3) sra     ra, t2, a4
3 0x80002648 (0x40e3d0b3) x 1 0x43522567
core   0: 0xffffffff8000264c (0x3fd26893) ori     a7, tp, 1021
3 0x8000264c (0x3fd26893) x17 0xffffffff
core   0: 0xffffffff80002650 (0x002f3c33) sltu    s8, t5, sp
3 0x80002650 (0x002f3c33) x24 0x00000001
core   0: 0xffffffff80002654 (0x008a8833) add     a6, s5, s0
3 0x80002654 (0x008a8833) x16 0xfd1af002
core   0: 0xffffffff80002658 (0xa26df037) lui     zero, 0xa26df
3 0x80002658 (0xa26df037)
core   0: 0xffffffff8000265c (0x007f3fb3) sltu    t6, t5, t2
3 0x8000265c (0x007f3fb3) x31 0x00000001
core   0: 0xffffffff80002660 (0x007e3433) sltu    s0, t3, t2
3 0x80002660 (0x007e3433) x 8 0x00000000
core   0: 0xffffffff80002664 (0xeddd6013) ori     zero, s10, -291
3 0x80002664 (0xeddd6013)
core   0: 0xffffffff80002668 (0x50ac2037) lui     zero, 0x50ac2
3 0x80002668 (0x50ac2037)
core   0: 0xffffffff8000266c (0x01a621b3) slt     gp, a2, s10
3 0x8000266c (0x01a621b3) x 3 0x00000000
core   0: 0xffffffff80002670 (0x017d2cb3) slt     s9, s10, s7
3 0x80002670 (0x017d2cb3) x25 0x00000001
core   0: 0xffffffff80002674 (0x41a20133) sub     sp, tp, s10
3 0x80002674 (0x41a20133) x 2 0x2b6dda98
core   0: 0xffffffff80002678 (0x23713713) sltiu   a4, sp, 567
3 0x80002678 (0x23713713) x14 0x00000000
core   0: 0xffffffff8000267c (0x41bfd733) sra     a4, t6, s11
3 0x8000267c (0x41bfd733) x14 0x00000000
core   0: 0xffffffff80002680 (0x01de1133) sll     sp, t3, t4
3 0x80002680 (0x01de1133) x 2 0x8c26a000
core   0: 0xffffffff80002684 (0x01c6f1b3) and     gp, a3, t3
3 0x80002684 (0x01c6f1b3) x 3 0x00000000
core   0: 0xffffffff80002688 (0x17d93613) sltiu   a2, s2, 381
3 0x80002688 (0x17d93613) x12 0x00000000
core   0: 0xffffffff8000268c (0x00758533) add     a0, a1, t2
3 0x8000268c (0x00758533) x10 0x4352293a
core   0: 0xffffffff80002690 (0x01a6f9b3) and     s3, a3, s10
3 0x80002690 (0x01a6f9b3) x19 0x00000000
core   0: 0xffffffff80002694 (0x01599233) sll     tp, s3, s5
3 0x80002694 (0x01599233) x 4 0x00000000
core   0: 0xffffffff80002698 (0x008d39b3) sltu    s3, s10, s0
3 0x80002698 (0x008d39b3) x19 0x00000000
core   0: 0xffffffff8000269c (0x11f1e793) ori     a5, gp, 287
3 0x8000269c (0x11f1e793) x15 0x0000011f
core   0: 0xffffffff800026a0 (0x40885313) srai    t1, a6, 8
3 0x800026a0 (0x40885313) x 6 0xfffd1af0
core   0: 0xffffffff800026a4 (0x015adf93) srli    t6, s5, 21
3 0x800026a4 (0x015adf93) x31 0x00000000
core   0: 0xffffffff800026a8 (0x3f7dcc93) xori    s9, s11, 1015
3 0x800026a8 (0x3f7dcc93) x25 0x000003f6
core   0: 0xffffffff800026ac (0x00f9a693) slti    a3, s3, 15
3 0x800026ac (0x00f9a693) x13 0x00000001
core   0: 0xffffffff800026b0 (0x01bcaab3) slt     s5, s9, s11
3 0x800026b0 (0x01bcaab3) x21 0x00000000
core   0: 0xffffffff800026b4 (0xcd7bfc13) andi    s8, s7, -809
3 0x800026b4 (0xcd7bfc13) x24 0xee0a8417
core   0: 0xffffffff800026b8 (0x2809bd93) sltiu   s11, s3, 640
3 0x800026b8 (0x2809bd93) x27 0x00000001
core   0: 0xffffffff800026bc (0x00000013) nop
3 0x800026bc (0x00000013)
core   0: 0xffffffff800026c0 (0xfd58fe93) andi    t4, a7, -43
3 0x800026c0 (0xfd58fe93) x29 0xffffffd5
core   0: 0xffffffff800026c4 (0x001c9793) slli    a5, s9, 1
3 0x800026c4 (0x001c9793) x15 0x000007ec
core   0: 0xffffffff800026c8 (0x01ec2233) slt     tp, s8, t5
3 0x800026c8 (0x01ec2233) x 4 0x00000001
core   0: 0xffffffff800026cc (0xfa3d7413) andi    s0, s10, -93
3 0x800026cc (0xfa3d7413) x 8 0xd4922523
core   0: 0xffffffff800026d0 (0xfe278c93) addi    s9, a5, -30
3 0x800026d0 (0xfe278c93) x25 0x000007ce
core   0: 0xffffffff800026d4 (0x2aa74e13) xori    t3, a4, 682
3 0x800026d4 (0x2aa74e13) x28 0x000002aa
core   0: 0xffffffff800026d8 (0x013e5893) srli    a7, t3, 19
3 0x800026d8 (0x013e5893) x17 0x00000000
core   0: 0xffffffff800026dc (0x413b08b3) sub     a7, s6, s3
3 0x800026dc (0x413b08b3) x17 0x00000001
core   0: 0xffffffff800026e0 (0x05d7ef13) ori     t5, a5, 93
3 0x800026e0 (0x05d7ef13) x30 0x000007fd
core   0: 0xffffffff800026e4 (0x00ae7c33) and     s8, t3, a0
3 0x800026e4 (0x00ae7c33) x24 0x0000002a
core   0: 0xffffffff800026e8 (0x00000013) nop
3 0x800026e8 (0x00000013)
core   0: 0xffffffff800026ec (0x4f2541b7) lui     gp, 0x4f254
3 0x800026ec (0x4f2541b7) x 3 0x4f254000
core   0: 0xffffffff800026f0 (0x00000013) nop
3 0x800026f0 (0x00000013)
core   0: 0xffffffff800026f4 (0x00411893) slli    a7, sp, 4
3 0x800026f4 (0x00411893) x17 0xc26a0000
core   0: 0xffffffff800026f8 (0x381fac93) slti    s9, t6, 897
3 0x800026f8 (0x381fac93) x25 0x00000001
core   0: 0xffffffff800026fc (0x41c158b3) sra     a7, sp, t3
3 0x800026fc (0x41c158b3) x17 0xffe309a8
core   0: 0xffffffff80002700 (0x01092e33) slt     t3, s2, a6
3 0x80002700 (0x01092e33) x28 0x00000001
core   0: 0xffffffff80002704 (0x24874c93) xori    s9, a4, 584
3 0x80002704 (0x24874c93) x25 0x00000248
core   0: 0xffffffff80002708 (0xd588a793) slti    a5, a7, -680
3 0x80002708 (0xd588a793) x15 0x00000001
core   0: 0xffffffff8000270c (0x018bd033) srl     zero, s7, s8
3 0x8000270c (0x018bd033)
core   0: 0xffffffff80002710 (0x282b8737) lui     a4, 0x282b8
3 0x80002710 (0x282b8737) x14 0x282b8000
core   0: 0xffffffff80002714 (0x003af0b3) and     ra, s5, gp
3 0x80002714 (0x003af0b3) x 1 0x00000000
core   0: 0xffffffff80002718 (0x21f57e13) andi    t3, a0, 543
3 0x80002718 (0x21f57e13) x28 0x0000001a
core   0: 0xffffffff8000271c (0x297cc193) xori    gp, s9, 663
3 0x8000271c (0x297cc193) x 3 0x000000df
core   0: 0xffffffff80002720 (0xf4dcf293) andi    t0, s9, -179
3 0x80002720 (0xf4dcf293) x 5 0x00000248
core   0: 0xffffffff80002724 (0x00e1e7b3) or      a5, gp, a4
3 0x80002724 (0x00e1e7b3) x15 0x282b80df
core   0: 0xffffffff80002728 (0xe1b64193) xori    gp, a2, -485
3 0x80002728 (0xe1b64193) x 3 0xfffffe1b
core   0: 0xffffffff8000272c (0x40420833) sub     a6, tp, tp
3 0x8000272c (0x40420833) x16 0x00000000
core   0: 0xffffffff80002730 (0x40338533) sub     a0, t2, gp
3 0x80002730 (0x40338533) x10 0x4352274c
core   0: 0xffffffff80002734 (0x00335db3) srl     s11, t1, gp
3 0x80002734 (0x00335db3) x27 0x0000001f
core   0: 0xffffffff80002738 (0x206ff713) andi    a4, t6, 518
3 0x80002738 (0x206ff713) x14 0x00000000
core   0: 0xffffffff8000273c (0x00757bb3) and     s7, a0, t2
3 0x8000273c (0x00757bb3) x23 0x43522544
core   0: 0xffffffff80002740 (0xc8e44f93) xori    t6, s0, -882
3 0x80002740 (0xc8e44f93) x31 0x2b6dd9ad
core   0: 0xffffffff80002744 (0x404bd7b3) sra     a5, s7, tp
3 0x80002744 (0x404bd7b3) x15 0x21a912a2
core   0: 0xffffffff80002748 (0xf1880813) addi    a6, a6, -232
3 0x80002748 (0xf1880813) x16 0xffffff18
core   0: 0xffffffff8000274c (0xe2b4b613) sltiu   a2, s1, -469
3 0x8000274c (0xe2b4b613) x12 0x00000001
core   0: 0xffffffff80002750 (0x406adc13) srai    s8, s5, 6
3 0x80002750 (0x406adc13) x24 0x00000000
core   0: 0xffffffff80002754 (0x27193ab7) lui     s5, 0x27193
3 0x80002754 (0x27193ab7) x21 0x27193000
core   0: 0xffffffff80002758 (0x01756b33) or      s6, a0, s7
3 0x80002758 (0x01756b33) x22 0x4352274c
core   0: 0xffffffff8000275c (0xdcab9537) lui     a0, 0xdcab9
3 0x8000275c (0xdcab9537) x10 0xdcab9000
core   0: 0xffffffff80002760 (0x00000013) nop
3 0x80002760 (0x00000013)
core   0: 0xffffffff80002764 (0x15137113) andi    sp, t1, 337
3 0x80002764 (0x15137113) x 2 0x00000050
core   0: 0xffffffff80002768 (0x012ab233) sltu    tp, s5, s2
3 0x80002768 (0x012ab233) x 4 0x00000001
core   0: 0xffffffff8000276c (0x0059ffb3) and     t6, s3, t0
3 0x8000276c (0x0059ffb3) x31 0x00000000
core   0: 0xffffffff80002770 (0x01898db3) add     s11, s3, s8
3 0x80002770 (0x01898db3) x27 0x00000000
core   0: 0xffffffff80002774 (0xf5d7b693) sltiu   a3, a5, -163
3 0x80002774 (0xf5d7b693) x13 0x00000001
core   0: 0xffffffff80002778 (0x0919b013) sltiu   zero, s3, 145
3 0x80002778 (0x0919b013)
core   0: 0xffffffff8000277c (0xfd502693) slti    a3, zero, -43
3 0x8000277c (0xfd502693) x13 0x00000000
core   0: 0xffffffff80002780 (0x0089fe33) and     t3, s3, s0
3 0x80002780 (0x0089fe33) x28 0x00000000
core   0: 0xffffffff80002784 (0x00b16533) or      a0, sp, a1
3 0x80002784 (0x00b16533) x10 0x000003d3
core   0: 0xffffffff80002788 (0x3201a817) auipc   a6, 0x3201a
3 0x80002788 (0x3201a817) x16 0xb201c788
core   0: 0xffffffff8000278c (0x194dba93) sltiu   s5, s11, 404
3 0x8000278c (0x194dba93) x21 0x00000001
core   0: 0xffffffff80002790 (0x0123b2b3) sltu    t0, t2, s2
3 0x80002790 (0x0123b2b3) x 5 0x00000001
core   0: 0xffffffff80002794 (0x416b86b3) sub     a3, s7, s6
3 0x80002794 (0x416b86b3) x13 0xfffffdf8
core   0: 0xffffffff80002798 (0x00000013) nop
3 0x80002798 (0x00000013)
core   0: 0xffffffff8000279c (0x413e82b3) sub     t0, t4, s3
3 0x8000279c (0x413e82b3) x 5 0xffffffd5
core   0: 0xffffffff800027a0 (0x013505b3) add     a1, a0, s3
3 0x800027a0 (0x013505b3) x11 0x000003d3
core   0: 0xffffffff800027a4 (0x00929833) sll     a6, t0, s1
3 0x800027a4 (0x00929833) x16 0xfffffd50
core   0: 0xffffffff800027a8 (0x01d547b3) xor     a5, a0, t4
3 0x800027a8 (0x01d547b3) x15 0xfffffc06
core   0: 0xffffffff800027ac (0x00c77633) and     a2, a4, a2
3 0x800027ac (0x00c77633) x12 0x00000000
core   0: 0xffffffff800027b0 (0x01a8d133) srl     sp, a7, s10
3 0x800027b0 (0x01a8d133) x 2 0x01ffc613
core   0: 0xffffffff800027b4 (0x01a69eb3) sll     t4, a3, s10
3 0x800027b4 (0x01a69eb3) x29 0xfffefc00
core   0: 0xffffffff800027b8 (0x40745813) srai    a6, s0, 7
3 0x800027b8 (0x40745813) x16 0xffa9244a
core   0: 0xffffffff800027bc (0x00ba93b3) sll     t2, s5, a1
3 0x800027bc (0x00ba93b3) x 7 0x00080000
core   0: 0xffffffff800027c0 (0x00000013) nop
3 0x800027c0 (0x00000013)
core   0: 0xffffffff800027c4 (0xfbc26213) ori     tp, tp, -68
3 0x800027c4 (0xfbc26213) x 4 0xffffffbd
core   0: 0xffffffff800027c8 (0x007b2e33) slt     t3, s6, t2
3 0x800027c8 (0x007b2e33) x28 0x00000000
core   0: 0xffffffff800027cc (0x30f94b13) xori    s6, s2, 783
3 0x800027cc (0x30f94b13) x22 0xbe49730f
core   0: 0xffffffff800027d0 (0x0156bab3) sltu    s5, a3, s5
3 0x800027d0 (0x0156bab3) x21 0x00000000
core   0: 0xffffffff800027d4 (0x27db2f13) slti    t5, s6, 637
3 0x800027d4 (0x27db2f13) x30 0x00000001
core   0: 0xffffffff800027d8 (0x014b9ab3) sll     s5, s7, s4
3 0x800027d8 (0x014b9ab3) x21 0x35225440
core   0: 0xffffffff800027dc (0x2e7eb093) sltiu   ra, t4, 743
3 0x800027dc (0x2e7eb093) x 1 0x00000000
core   0: 0xffffffff800027e0 (0x419fd433) sra     s0, t6, s9
3 0x800027e0 (0x419fd433) x 8 0x00000000
core   0: 0xffffffff800027e4 (0x00d9cc33) xor     s8, s3, a3
3 0x800027e4 (0x00d9cc33) x24 0xfffffdf8
core   0: 0xffffffff800027e8 (0x01dc9893) slli    a7, s9, 29
3 0x800027e8 (0x01dc9893) x17 0x00000000
core   0: 0xffffffff800027ec (0x01a89033) sll     zero, a7, s10
3 0x800027ec (0x01a89033)
core   0: 0xffffffff800027f0 (0xf879e993) ori     s3, s3, -121
3 0x800027f0 (0xf879e993) x19 0xffffff87
core   0: 0xffffffff800027f4 (0x0107e2b3) or      t0, a5, a6
3 0x800027f4 (0x0107e2b3) x 5 0xfffffc4e
core   0: 0xffffffff800027f8 (0x01ac65b3) or      a1, s8, s10
3 0x800027f8 (0x01ac65b3) x11 0xfffffdff
core   0: 0xffffffff800027fc (0xd7396593) ori     a1, s2, -653
3 0x800027fc (0xd7396593) x11 0xfffffd73
core   0: 0xffffffff80002800 (0x4181d1b3) sra     gp, gp, s8
3 0x80002800 (0x4181d1b3) x 3 0xffffffff
core   0: 0xffffffff80002804 (0x00cb60b3) or      ra, s6, a2
3 0x80002804 (0x00cb60b3) x 1 0xbe49730f
core   0: 0xffffffff80002808 (0x01eb9833) sll     a6, s7, t5
3 0x80002808 (0x01eb9833) x16 0x86a44a88
core   0: 0xffffffff8000280c (0x00f65333) srl     t1, a2, a5
3 0x8000280c (0x00f65333) x 6 0x00000000
core   0: 0xffffffff80002810 (0x1c98e313) ori     t1, a7, 457
3 0x80002810 (0x1c98e313) x 6 0x000001c9
core   0: 0xffffffff80002814 (0xfba12013) slti    zero, sp, -70
3 0x80002814 (0xfba12013)
core   0: 0xffffffff80002818 (0x01fc0733) add     a4, s8, t6
3 0x80002818 (0x01fc0733) x14 0xfffffdf8
core   0: 0xffffffff8000281c (0x0060e7b3) or      a5, ra, t1
3 0x8000281c (0x0060e7b3) x15 0xbe4973cf
core   0: 0xffffffff80002820 (0x00185db3) srl     s11, a6, ra
3 0x80002820 (0x00185db3) x27 0x00010d48
core   0: 0xffffffff80002824 (0x41398533) sub     a0, s3, s3
3 0x80002824 (0x41398533) x10 0x00000000
core   0: 0xffffffff80002828 (0xb8d702b7) lui     t0, 0xb8d70
3 0x80002828 (0xb8d702b7) x 5 0xb8d70000
core   0: 0xffffffff8000282c (0x00000013) nop
3 0x8000282c (0x00000013)
core   0: 0xffffffff80002830 (0x408a8233) sub     tp, s5, s0
3 0x80002830 (0x408a8233) x 4 0x35225440
core   0: 0xffffffff80002834 (0x41b3d993) srai    s3, t2, 27
3 0x80002834 (0x41b3d993) x19 0x00000000
core   0: 0xffffffff80002838 (0x008f1613) slli    a2, t5, 8
3 0x80002838 (0x008f1613) x12 0x00000100
core   0: 0xffffffff8000283c (0x016c58b3) srl     a7, s8, s6
3 0x8000283c (0x016c58b3) x17 0x0001ffff
core   0: 0xffffffff80002840 (0x0022bf33) sltu    t5, t0, sp
3 0x80002840 (0x0022bf33) x30 0x00000000
core   0: 0xffffffff80002844 (0x406156b3) sra     a3, sp, t1
3 0x80002844 (0x406156b3) x13 0x0000ffe3
core   0: 0xffffffff80002848 (0x4166d413) srai    s0, a3, 22
3 0x80002848 (0x4166d413) x 8 0x00000000
core   0: 0xffffffff8000284c (0x2127b093) sltiu   ra, a5, 530
3 0x8000284c (0x2127b093) x 1 0x00000000
core   0: 0xffffffff80002850 (0x015390b3) sll     ra, t2, s5
3 0x80002850 (0x015390b3) x 1 0x00080000
core   0: 0xffffffff80002854 (0x013b1e93) slli    t4, s6, 19
3 0x80002854 (0x013b1e93) x29 0x98780000
core   0: 0xffffffff80002858 (0x00149913) slli    s2, s1, 1
3 0x80002858 (0x00149913) x18 0x00021cc8
core   0: 0xffffffff8000285c (0x13d3a093) slti    ra, t2, 317
3 0x8000285c (0x13d3a093) x 1 0x00000000
core   0: 0xffffffff80002860 (0x40135e93) srai    t4, t1, 1
3 0x80002860 (0x40135e93) x29 0x000000e4
core   0: 0xffffffff80002864 (0x1387b013) sltiu   zero, a5, 312
3 0x80002864 (0x1387b013)
core   0: 0xffffffff80002868 (0x0505be13) sltiu   t3, a1, 80
3 0x80002868 (0x0505be13) x28 0x00000000
core   0: 0xffffffff8000286c (0x40c201b3) sub     gp, tp, a2
3 0x8000286c (0x40c201b3) x 3 0x35225340
core   0: 0xffffffff80002870 (0x002fcc33) xor     s8, t6, sp
3 0x80002870 (0x002fcc33) x24 0x01ffc613
core   0: 0xffffffff80002874 (0x01a6e8b3) or      a7, a3, s10
3 0x80002874 (0x01a6e8b3) x17 0xd492ffe7
core   0: 0xffffffff80002878 (0x01b45733) srl     a4, s0, s11
3 0x80002878 (0x01b45733) x14 0x00000000
core   0: 0xffffffff8000287c (0xd7f24ab7) lui     s5, 0xd7f24
3 0x8000287c (0xd7f24ab7) x21 0xd7f24000
core   0: 0xffffffff80002880 (0x01b6a533) slt     a0, a3, s11
3 0x80002880 (0x01b6a533) x10 0x00000001
core   0: 0xffffffff80002884 (0xe6a77a93) andi    s5, a4, -406
3 0x80002884 (0xe6a77a93) x21 0x00000000
core   0: 0xffffffff80002888 (0x409dde33) sra     t3, s11, s1
3 0x80002888 (0x409dde33) x28 0x000010d4
core   0: 0xffffffff8000288c (0x41d2d293) srai    t0, t0, 29
3 0x8000288c (0x41d2d293) x 5 0xfffffffd
core   0: 0xffffffff80002890 (0x01be1693) slli    a3, t3, 27
3 0x80002890 (0x01be1693) x13 0xa0000000
core   0: 0xffffffff80002894 (0x00a01f33) sll     t5, zero, a0
3 0x80002894 (0x00a01f33) x30 0x00000000
core   0: 0xffffffff80002898 (0x0187d413) srli    s0, a5, 24
3 0x80002898 (0x0187d413) x 8 0x000000be
core   0: 0xffffffff8000289c (0x0d724f13) xori    t5, tp, 215
3 0x8000289c (0x0d724f13) x30 0x35225497
core   0: 0xffffffff800028a0 (0x00a761b3) or      gp, a4, a0
3 0x800028a0 (0x00a761b3) x 3 0x00000001
core   0: 0xffffffff800028a4 (0x40f2d893) srai    a7, t0, 15
3 0x800028a4 (0x40f2d893) x17 0xffffffff
core   0: 0xffffffff800028a8 (0x3da271b7) lui     gp, 0x3da27
3 0x800028a8 (0x3da271b7) x 3 0x3da27000
core   0: 0xffffffff800028ac (0x00000013) nop
3 0x800028ac (0x00000013)
core   0: 0xffffffff800028b0 (0x000326b3) slt     a3, t1, zero
3 0x800028b0 (0x000326b3) x13 0x00000000
core   0: 0xffffffff800028b4 (0x003883b3) add     t2, a7, gp
3 0x800028b4 (0x003883b3) x 7 0x3da26fff
core   0: 0xffffffff800028b8 (0x41e88533) sub     a0, a7, t5
3 0x800028b8 (0x41e88533) x10 0xcaddab68
core   0: 0xffffffff800028bc (0x0641c593) xori    a1, gp, 100
3 0x800028bc (0x0641c593) x11 0x3da27064
core   0: 0xffffffff800028c0 (0x004b1b93) slli    s7, s6, 4
3 0x800028c0 (0x004b1b93) x23 0xe49730f0
core   0: 0xffffffff800028c4 (0x00df27b3) slt     a5, t5, a3
3 0x800028c4 (0x00df27b3) x15 0x00000000
core   0: 0xffffffff800028c8 (0x01f5e233) or      tp, a1, t6
3 0x800028c8 (0x01f5e233) x 4 0x3da27064
core   0: 0xffffffff800028cc (0xf98db193) sltiu   gp, s11, -104
3 0x800028cc (0xf98db193) x 3 0x00000001
core   0: 0xffffffff800028d0 (0x004310b3) sll     ra, t1, tp
3 0x800028d0 (0x004310b3) x 1 0x00001c90
core   0: 0xffffffff800028d4 (0x143b2a93) slti    s5, s6, 323
3 0x800028d4 (0x143b2a93) x21 0x00000001
core   0: 0xffffffff800028d8 (0x01945513) srli    a0, s0, 25
3 0x800028d8 (0x01945513) x10 0x00000000
core   0: 0xffffffff800028dc (0xc9214793) xori    a5, sp, -878
3 0x800028dc (0xc9214793) x15 0xfe003a81
core   0: 0xffffffff800028e0 (0x413cd833) sra     a6, s9, s3
3 0x800028e0 (0x413cd833) x16 0x00000248
core   0: 0xffffffff800028e4 (0x406050b3) sra     ra, zero, t1
3 0x800028e4 (0x406050b3) x 1 0x00000000
core   0: 0xffffffff800028e8 (0x02206f93) ori     t6, zero, 34
3 0x800028e8 (0x02206f93) x31 0x00000022
core   0: 0xffffffff800028ec (0xf4b86837) lui     a6, 0xf4b86
3 0x800028ec (0xf4b86837) x16 0xf4b86000
core   0: 0xffffffff800028f0 (0x012d8533) add     a0, s11, s2
3 0x800028f0 (0x012d8533) x10 0x00032a10
core   0: 0xffffffff800028f4 (0x009f1633) sll     a2, t5, s1
3 0x800028f4 (0x009f1633) x12 0x52254970
core   0: 0xffffffff800028f8 (0x014bfb33) and     s6, s7, s4
3 0x800028f8 (0x014bfb33) x22 0x800100e0
core   0: 0xffffffff800028fc (0x01683f33) sltu    t5, a6, s6
3 0x800028fc (0x01683f33) x30 0x00000000
core   0: 0xffffffff80002900 (0xfff00713) li      a4, -1
3 0x80002900 (0xfff00713) x14 0xffffffff
core   0: 0xffffffff80002904 (0x80000537) lui     a0, 0x80000
3 0x80002904 (0x80000537) x10 0x80000000
core   0: 0xffffffff80002908 (0x0b62f5b7) lui     a1, 0xb62f
3 0x80002908 (0x0b62f5b7) x11 0x0b62f000
core   0: 0xffffffff8000290c (0xa1658593) addi    a1, a1, -1514
3 0x8000290c (0xa1658593) x11 0x0b62ea16
core   0: 0xffffffff80002910 (0x00000293) li      t0, 0
3 0x80002910 (0x00000293) x 5 0x00000000
core   0: 0xffffffff80002914 (0x84254fb7) lui     t6, 0x84254
3 0x80002914 (0x84254fb7) x31 0x84254000
core   0: 0xffffffff80002918 (0xdbdf8f93) addi    t6, t6, -579
3 0x80002918 (0xdbdf8f93) x31 0x84253dbd
core   0: 0xffffffff8000291c (0x00000793) li      a5, 0
3 0x8000291c (0x00000793) x15 0x00000000
core   0: 0xffffffff80002920 (0x3e9bbdb7) lui     s11, 0x3e9bb
3 0x80002920 (0x3e9bbdb7) x27 0x3e9bb000
core   0: 0xffffffff80002924 (0x021d8d93) addi    s11, s11, 33
3 0x80002924 (0x021d8d93) x27 0x3e9bb021
core   0: 0xffffffff80002928 (0xe53619b7) lui     s3, 0xe5361
3 0x80002928 (0xe53619b7) x19 0xe5361000
core   0: 0xffffffff8000292c (0x68898993) addi    s3, s3, 1672
3 0x8000292c (0x68898993) x19 0xe5361688
core   0: 0xffffffff80002930 (0x00000413) li      s0, 0
3 0x80002930 (0x00000413) x 8 0x00000000
core   0: 0xffffffff80002934 (0x00000893) li      a7, 0
3 0x80002934 (0x00000893) x17 0x00000000
core   0: 0xffffffff80002938 (0x008702b3) add     t0, a4, s0
3 0x80002938 (0x008702b3) x 5 0xffffffff
core   0: 0xffffffff8000293c (0x0cf50893) addi    a7, a0, 207
3 0x8000293c (0x0cf50893) x17 0x800000cf
core   0: 0xffffffff80002940 (0x0eb68797) auipc   a5, 0xeb68
3 0x80002940 (0x0eb68797) x15 0x8eb6a940
core   0: 0xffffffff80002944 (0x41b98fb3) sub     t6, s3, s11
3 0x80002944 (0x41b98fb3) x31 0xa69a6667
core   0: 0xffffffff80002948 (0x00000013) nop
3 0x80002948 (0x00000013)
core   0: 0xffffffff8000294c (0x01ff8733) add     a4, t6, t6
3 0x8000294c (0x01ff8733) x14 0x4d34ccce
core   0: 0xffffffff80002950 (0x00e787b3) add     a5, a5, a4
3 0x80002950 (0x00e787b3) x15 0xdbeb760e
core   0: 0xffffffff80002954 (0x53c66297) auipc   t0, 0x53c66
3 0x80002954 (0x53c66297) x 5 0xd3c68954
core   0: 0xffffffff80002958 (0x013705b3) add     a1, a4, s3
3 0x80002958 (0x013705b3) x11 0x326ae356
core   0: 0xffffffff8000295c (0x00840433) add     s0, s0, s0
3 0x8000295c (0x00840433) x 8 0x00000000
core   0: 0xffffffff80002960 (0xf82d8413) addi    s0, s11, -126
3 0x80002960 (0xf82d8413) x 8 0x3e9bafa3
core   0: 0xffffffff80002964 (0x413785b3) sub     a1, a5, s3
3 0x80002964 (0x413785b3) x11 0xf6b55f86
core   0: 0xffffffff80002968 (0x41370fb3) sub     t6, a4, s3
3 0x80002968 (0x41370fb3) x31 0x67feb646
core   0: 0xffffffff8000296c (0x3d9d3417) auipc   s0, 0x3d9d3
3 0x8000296c (0x3d9d3417) x 8 0xbd9d596c
core   0: 0xffffffff80002970 (0x637d6537) lui     a0, 0x637d6
3 0x80002970 (0x637d6537) x10 0x637d6000
core   0: 0xffffffff80002974 (0xdf5d8d93) addi    s11, s11, -523
3 0x80002974 (0xdf5d8d93) x27 0x3e9bae16
core   0: 0xffffffff80002978 (0x00000013) nop
3 0x80002978 (0x00000013)
core   0: 0xffffffff8000297c (0x41340533) sub     a0, s0, s3
3 0x8000297c (0x41340533) x10 0xd86742e4
core   0: 0xffffffff80002980 (0x00ef8533) add     a0, t6, a4
3 0x80002980 (0x00ef8533) x10 0xb5338314
core   0: 0xffffffff80002984 (0xa83aef97) auipc   t6, 0xa83ae
3 0x80002984 (0xa83aef97) x31 0x283b0984
core   0: 0xffffffff80002988 (0x90747f97) auipc   t6, 0x90747
3 0x80002988 (0x90747f97) x31 0x10749988
core   0: 0xffffffff8000298c (0x2a9d8f93) addi    t6, s11, 681
3 0x8000298c (0x2a9d8f93) x31 0x3e9bb0bf
core   0: 0xffffffff80002990 (0x41f507b3) sub     a5, a0, t6
3 0x80002990 (0x41f507b3) x15 0x7697d255
core   0: 0xffffffff80002994 (0xe1e3c2b7) lui     t0, 0xe1e3c
3 0x80002994 (0xe1e3c2b7) x 5 0xe1e3c000
core   0: 0xffffffff80002998 (0x40898db3) sub     s11, s3, s0
3 0x80002998 (0x40898db3) x27 0x2798bd1c
core   0: 0xffffffff8000299c (0xc0f70d93) addi    s11, a4, -1009
3 0x8000299c (0xc0f70d93) x27 0x4d34c8dd
core   0: 0xffffffff800029a0 (0xf9488793) addi    a5, a7, -108
3 0x800029a0 (0xf9488793) x15 0x80000063
core   0: 0xffffffff800029a4 (0x26a4f417) auipc   s0, 0x26a4f
3 0x800029a4 (0x26a4f417) x 8 0xa6a519a4
core   0: 0xffffffff800029a8 (0x65a43737) lui     a4, 0x65a43
3 0x800029a8 (0x65a43737) x14 0x65a43000
core   0: 0xffffffff800029ac (0xc0b75fb7) lui     t6, 0xc0b75
3 0x800029ac (0xc0b75fb7) x31 0xc0b75000
core   0: 0xffffffff800029b0 (0x98b84eb7) lui     t4, 0x98b84
3 0x800029b0 (0x98b84eb7) x29 0x98b84000
core   0: 0xffffffff800029b4 (0x012856b3) srl     a3, a6, s2
3 0x800029b4 (0x012856b3) x13 0x00f4b860
core   0: 0xffffffff800029b8 (0x016d71b3) and     gp, s10, s6
3 0x800029b8 (0x016d71b3) x 3 0x80000060
core   0: 0xffffffff800029bc (0x404f58b3) sra     a7, t5, tp
3 0x800029bc (0x404f58b3) x17 0x00000000
core   0: 0xffffffff800029c0 (0x411703b3) sub     t2, a4, a7
3 0x800029c0 (0x411703b3) x 7 0x65a43000
core   0: 0xffffffff800029c4 (0x01182133) slt     sp, a6, a7
3 0x800029c4 (0x01182133) x 2 0x00000001
core   0: 0xffffffff800029c8 (0x00c8de13) srli    t3, a7, 12
3 0x800029c8 (0x00c8de13) x28 0x00000000
core   0: 0xffffffff800029cc (0x007495b3) sll     a1, s1, t2
3 0x800029cc (0x007495b3) x11 0x80010e64
core   0: 0xffffffff800029d0 (0x19346593) ori     a1, s0, 403
3 0x800029d0 (0x19346593) x11 0xa6a519b7
core   0: 0xffffffff800029d4 (0x01c08bb3) add     s7, ra, t3
3 0x800029d4 (0x01c08bb3) x23 0x00000000
core   0: 0xffffffff800029d8 (0xea8fc393) xori    t2, t6, -344
3 0x800029d8 (0xea8fc393) x 7 0x3f48aea8
core   0: 0xffffffff800029dc (0xc9762717) auipc   a4, 0xc9762
3 0x800029dc (0xc9762717) x14 0x497649dc
core   0: 0xffffffff800029e0 (0x01fd89b3) add     s3, s11, t6
3 0x800029e0 (0x01fd89b3) x19 0x0dec18dd
core   0: 0xffffffff800029e4 (0x62715d97) auipc   s11, 0x62715
3 0x800029e4 (0x62715d97) x27 0xe27179e4
core   0: 0xffffffff800029e8 (0x011651b3) srl     gp, a2, a7
3 0x800029e8 (0x011651b3) x 3 0x52254970
core   0: 0xffffffff800029ec (0xed161337) lui     t1, 0xed161
3 0x800029ec (0xed161337) x 6 0xed161000
core   0: 0xffffffff800029f0 (0x30950e13) addi    t3, a0, 777
3 0x800029f0 (0x30950e13) x28 0xb533861d
core   0: 0xffffffff800029f4 (0x4092d133) sra     sp, t0, s1
3 0x800029f4 (0x4092d133) x 2 0xfe1e3c00
core   0: 0xffffffff800029f8 (0x41dd86b3) sub     a3, s11, t4
3 0x800029f8 (0x41dd86b3) x13 0x49b939e4
core   0: 0xffffffff800029fc (0x005760b3) or      ra, a4, t0
3 0x800029fc (0x005760b3) x 1 0xe9f7c9dc
core   0: 0xffffffff80002a00 (0x002f6933) or      s2, t5, sp
3 0x80002a00 (0x002f6933) x18 0xfe1e3c00
core   0: 0xffffffff80002a04 (0x01795313) srli    t1, s2, 23
3 0x80002a04 (0x01795313) x 6 0x000001fc
core   0: 0xffffffff80002a08 (0x0026edb3) or      s11, a3, sp
3 0x80002a08 (0x0026edb3) x27 0xffbf3de4
core   0: 0xffffffff80002a0c (0xdf668393) addi    t2, a3, -522
3 0x80002a0c (0xdf668393) x 7 0x49b937da
core   0: 0xffffffff80002a10 (0x019a5513) srli    a0, s4, 25
3 0x80002a10 (0x019a5513) x10 0x00000040
core   0: 0xffffffff80002a14 (0x33536693) ori     a3, t1, 821
3 0x80002a14 (0x33536693) x13 0x000003fd
core   0: 0xffffffff80002a18 (0x014398b3) sll     a7, t2, s4
3 0x80002a18 (0x014398b3) x17 0x9b937da0
core   0: 0xffffffff80002a1c (0x01269b13) slli    s6, a3, 18
3 0x80002a1c (0x01269b13) x22 0x0ff40000
core   0: 0xffffffff80002a20 (0x01f279b3) and     s3, tp, t6
3 0x80002a20 (0x01f279b3) x19 0x00a25000
core   0: 0xffffffff80002a24 (0x01829db3) sll     s11, t0, s8
3 0x80002a24 (0x01829db3) x27 0x00000000
core   0: 0xffffffff80002a28 (0x413989b3) sub     s3, s3, s3
3 0x80002a28 (0x413989b3) x19 0x00000000
core   0: 0xffffffff80002a2c (0x01ed9093) slli    ra, s11, 30
3 0x80002a2c (0x01ed9093) x 1 0x00000000
core   0: 0xffffffff80002a30 (0xec91a993) slti    s3, gp, -311
3 0x80002a30 (0xec91a993) x19 0x00000000
core   0: 0xffffffff80002a34 (0x00c29813) slli    a6, t0, 12
3 0x80002a34 (0x00c29813) x16 0x3c000000
core   0: 0xffffffff80002a38 (0x01aabfb3) sltu    t6, s5, s10
3 0x80002a38 (0x01aabfb3) x31 0x00000001
core   0: 0xffffffff80002a3c (0x006fdbb3) srl     s7, t6, t1
3 0x80002a3c (0x006fdbb3) x23 0x00000000
core   0: 0xffffffff80002a40 (0x017eb933) sltu    s2, t4, s7
3 0x80002a40 (0x017eb933) x18 0x00000000
core   0: 0xffffffff80002a44 (0x00447233) and     tp, s0, tp
3 0x80002a44 (0x00447233) x 4 0x24a01024
core   0: 0xffffffff80002a48 (0xef74b813) sltiu   a6, s1, -265
3 0x80002a48 (0xef74b813) x16 0x00000001
core   0: 0xffffffff80002a4c (0xdc7ef093) andi    ra, t4, -569
3 0x80002a4c (0xdc7ef093) x 1 0x98b84000
core   0: 0xffffffff80002a50 (0x0027ab33) slt     s6, a5, sp
3 0x80002a50 (0x0027ab33) x22 0x00000001
core   0: 0xffffffff80002a54 (0x0076d9b3) srl     s3, a3, t2
3 0x80002a54 (0x0076d9b3) x19 0x00000000
core   0: 0xffffffff80002a58 (0xc96ef393) andi    t2, t4, -874
3 0x80002a58 (0xc96ef393) x 7 0x98b84000
core   0: 0xffffffff80002a5c (0x00be8db3) add     s11, t4, a1
3 0x80002a5c (0x00be8db3) x27 0x3f5d59b7
core   0: 0xffffffff80002a60 (0x3d7ae513) ori     a0, s5, 983
3 0x80002a60 (0x3d7ae513) x10 0x000003d7
core   0: 0xffffffff80002a64 (0x41ad5f93) srai    t6, s10, 26
3 0x80002a64 (0x41ad5f93) x31 0xfffffff5
core   0: 0xffffffff80002a68 (0x00585f13) srli    t5, a6, 5
3 0x80002a68 (0x00585f13) x30 0x00000000
core   0: 0xffffffff80002a6c (0x00000013) nop
3 0x80002a6c (0x00000013)
core   0: 0xffffffff80002a70 (0x00b50ab3) add     s5, a0, a1
3 0x80002a70 (0x00b50ab3) x21 0xa6a51d8e
core   0: 0xffffffff80002a74 (0x49b2fb17) auipc   s6, 0x49b2f
3 0x80002a74 (0x49b2fb17) x22 0xc9b31a74
core   0: 0xffffffff80002a78 (0x00cf2b33) slt     s6, t5, a2
3 0x80002a78 (0x00cf2b33) x22 0x00000001
core   0: 0xffffffff80002a7c (0x00238bb3) add     s7, t2, sp
3 0x80002a7c (0x00238bb3) x23 0x96d67c00
core   0: 0xffffffff80002a80 (0x00f6b233) sltu    tp, a3, a5
3 0x80002a80 (0x00f6b233) x 4 0x00000001
core   0: 0xffffffff80002a84 (0x0111e533) or      a0, gp, a7
3 0x80002a84 (0x0111e533) x10 0xdbb77df0
core   0: 0xffffffff80002a88 (0x0103eeb3) or      t4, t2, a6
3 0x80002a88 (0x0103eeb3) x29 0x98b84001
core   0: 0xffffffff80002a8c (0x000b9cb3) sll     s9, s7, zero
3 0x80002a8c (0x000b9cb3) x25 0x96d67c00
core   0: 0xffffffff80002a90 (0x00058db3) add     s11, a1, zero
3 0x80002a90 (0x00058db3) x27 0xa6a519b7
core   0: 0xffffffff80002a94 (0x40edd193) srai    gp, s11, 14
3 0x80002a94 (0x40edd193) x 3 0xfffe9a94
core   0: 0xffffffff80002a98 (0x01d17b33) and     s6, sp, t4
3 0x80002a98 (0x01d17b33) x22 0x98180000
core   0: 0xffffffff80002a9c (0x01899e93) slli    t4, s3, 24
3 0x80002a9c (0x01899e93) x29 0x00000000
core   0: 0xffffffff80002aa0 (0x412f8ab3) sub     s5, t6, s2
3 0x80002aa0 (0x412f8ab3) x21 0xfffffff5
core   0: 0xffffffff80002aa4 (0x8e35ec17) auipc   s8, 0x8e35e
3 0x80002aa4 (0x8e35ec17) x24 0x0e360aa4
core   0: 0xffffffff80002aa8 (0x004b0c33) add     s8, s6, tp
3 0x80002aa8 (0x004b0c33) x24 0x98180001
core   0: 0xffffffff80002aac (0x00494533) xor     a0, s2, tp
3 0x80002aac (0x00494533) x10 0x00000001
core   0: 0xffffffff80002ab0 (0x213a7693) andi    a3, s4, 531
3 0x80002ab0 (0x213a7693) x13 0x00000000
core   0: 0xffffffff80002ab4 (0x01c5f013) andi    zero, a1, 28
3 0x80002ab4 (0x01c5f013)
core   0: 0xffffffff80002ab8 (0x007a59b3) srl     s3, s4, t2
3 0x80002ab8 (0x007a59b3) x19 0x80014ce4
core   0: 0xffffffff80002abc (0x013340b3) xor     ra, t1, s3
3 0x80002abc (0x013340b3) x 1 0x80014d18
core   0: 0xffffffff80002ac0 (0x016ddf33) srl     t5, s11, s6
3 0x80002ac0 (0x016ddf33) x30 0xa6a519b7
core   0: 0xffffffff80002ac4 (0x01e23133) sltu    sp, tp, t5
3 0x80002ac4 (0x01e23133) x 2 0x00000001
core   0: 0xffffffff80002ac8 (0x01ac3f33) sltu    t5, s8, s10
3 0x80002ac8 (0x01ac3f33) x30 0x00000001
core   0: 0xffffffff80002acc (0xc544a313) slti    t1, s1, -940
3 0x80002acc (0xc544a313) x 6 0x00000001
core   0: 0xffffffff80002ad0 (0x00b009b3) add     s3, zero, a1
3 0x80002ad0 (0x00b009b3) x19 0xa6a519b7
core   0: 0xffffffff80002ad4 (0x41470c33) sub     s8, a4, s4
3 0x80002ad4 (0x41470c33) x24 0xc974fcf8
core   0: 0xffffffff80002ad8 (0x01f1c5b3) xor     a1, gp, t6
3 0x80002ad8 (0x01f1c5b3) x11 0x00016561
core   0: 0xffffffff80002adc (0xd0d03317) auipc   t1, 0xd0d03
3 0x80002adc (0xd0d03317) x 6 0x50d05adc
core   0: 0xffffffff80002ae0 (0x3bfc81b7) lui     gp, 0x3bfc8
3 0x80002ae0 (0x3bfc81b7) x 3 0x3bfc8000
core   0: 0xffffffff80002ae4 (0x24cba913) slti    s2, s7, 588
3 0x80002ae4 (0x24cba913) x18 0x00000001
core   0: 0xffffffff80002ae8 (0xf39ea893) slti    a7, t4, -199
3 0x80002ae8 (0xf39ea893) x17 0x00000000
core   0: 0xffffffff80002aec (0x0192d513) srli    a0, t0, 25
3 0x80002aec (0x0192d513) x10 0x00000070
core   0: 0xffffffff80002af0 (0x40cb0bb3) sub     s7, s6, a2
3 0x80002af0 (0x40cb0bb3) x23 0x45f2b690
core   0: 0xffffffff80002af4 (0x3ccdfe93) andi    t4, s11, 972
3 0x80002af4 (0x3ccdfe93) x29 0x00000184
core   0: 0xffffffff80002af8 (0x002da333) slt     t1, s11, sp
3 0x80002af8 (0x002da333) x 6 0x00000001
core   0: 0xffffffff80002afc (0x01221d93) slli    s11, tp, 18
3 0x80002afc (0x01221d93) x27 0x00040000
core   0: 0xffffffff80002b00 (0x40800333) sub     t1, zero, s0
3 0x80002b00 (0x40800333) x 6 0x595ae65c
core   0: 0xffffffff80002b04 (0x00ad6b33) or      s6, s10, a0
3 0x80002b04 (0x00ad6b33) x22 0xd4922577
core   0: 0xffffffff80002b08 (0x0187ceb3) xor     t4, a5, s8
3 0x80002b08 (0x0187ceb3) x29 0x4974fc9b
core   0: 0xffffffff80002b0c (0x01c4c1b3) xor     gp, s1, t3
3 0x80002b0c (0x01c4c1b3) x 3 0x35328879
core   0: 0xffffffff80002b10 (0x018f0b33) add     s6, t5, s8
3 0x80002b10 (0x018f0b33) x22 0xc974fcf9
core   0: 0xffffffff80002b14 (0x01054733) xor     a4, a0, a6
3 0x80002b14 (0x01054733) x14 0x00000071
core   0: 0xffffffff80002b18 (0x00e2f8b3) and     a7, t0, a4
3 0x80002b18 (0x00e2f8b3) x17 0x00000000
core   0: 0xffffffff80002b1c (0x17190813) addi    a6, s2, 369
3 0x80002b1c (0x17190813) x16 0x00000172
core   0: 0xffffffff80002b20 (0x00959c13) slli    s8, a1, 9
3 0x80002b20 (0x00959c13) x24 0x02cac200
core   0: 0xffffffff80002b24 (0x00000013) nop
3 0x80002b24 (0x00000013)
core   0: 0xffffffff80002b28 (0xea822e13) slti    t3, tp, -344
3 0x80002b28 (0xea822e13) x28 0x00000000
core   0: 0xffffffff80002b2c (0x006d90b3) sll     ra, s11, t1
3 0x80002b2c (0x006d90b3) x 1 0x00000000
core   0: 0xffffffff80002b30 (0x00646633) or      a2, s0, t1
3 0x80002b30 (0x00646633) x12 0xfffffffc
core   0: 0xffffffff80002b34 (0x01eb1293) slli    t0, s6, 30
3 0x80002b34 (0x01eb1293) x 5 0x40000000
core   0: 0xffffffff80002b38 (0x006c5233) srl     tp, s8, t1
3 0x80002b38 (0x006c5233) x 4 0x00000000
core   0: 0xffffffff80002b3c (0x01013733) sltu    a4, sp, a6
3 0x80002b3c (0x01013733) x14 0x00000001
core   0: 0xffffffff80002b40 (0x39893d93) sltiu   s11, s2, 920
3 0x80002b40 (0x39893d93) x27 0x00000001
core   0: 0xffffffff80002b44 (0x00e5b3b3) sltu    t2, a1, a4
3 0x80002b44 (0x00e5b3b3) x 7 0x00000000
core   0: 0xffffffff80002b48 (0x0088de33) srl     t3, a7, s0
3 0x80002b48 (0x0088de33) x28 0x00000000
core   0: 0xffffffff80002b4c (0x00b11b33) sll     s6, sp, a1
3 0x80002b4c (0x00b11b33) x22 0x00000002
core   0: 0xffffffff80002b50 (0x00fb8b33) add     s6, s7, a5
3 0x80002b50 (0x00fb8b33) x22 0xc5f2b6f3
core   0: 0xffffffff80002b54 (0x00698b33) add     s6, s3, t1
3 0x80002b54 (0x00698b33) x22 0x00000013
core   0: 0xffffffff80002b58 (0x0157b3b3) sltu    t2, a5, s5
3 0x80002b58 (0x0157b3b3) x 7 0x00000001
core   0: 0xffffffff80002b5c (0x00b5df33) srl     t5, a1, a1
3 0x80002b5c (0x00b5df33) x30 0x0000b2b0
core   0: 0xffffffff80002b60 (0x011a4bb3) xor     s7, s4, a7
3 0x80002b60 (0x011a4bb3) x23 0x80014ce4
core   0: 0xffffffff80002b64 (0x41130933) sub     s2, t1, a7
3 0x80002b64 (0x41130933) x18 0x595ae65c
core   0: 0xffffffff80002b68 (0x00510633) add     a2, sp, t0
3 0x80002b68 (0x00510633) x12 0x40000001
core   0: 0xffffffff80002b6c (0x00102cb3) slt     s9, zero, ra
3 0x80002b6c (0x00102cb3) x25 0x00000000
core   0: 0xffffffff80002b70 (0x41dfd393) srai    t2, t6, 29
3 0x80002b70 (0x41dfd393) x 7 0xffffffff
core   0: 0xffffffff80002b74 (0x40a75913) srai    s2, a4, 10
3 0x80002b74 (0x40a75913) x18 0x00000000
core   0: 0xffffffff80002b78 (0x40a10333) sub     t1, sp, a0
3 0x80002b78 (0x40a10333) x 6 0xffffff91
core   0: 0xffffffff80002b7c (0x0056bdb3) sltu    s11, a3, t0
3 0x80002b7c (0x0056bdb3) x27 0x00000001
core   0: 0xffffffff80002b80 (0x4130d5b3) sra     a1, ra, s3
3 0x80002b80 (0x4130d5b3) x11 0x00000000
core   0: 0xffffffff80002b84 (0x4abea437) lui     s0, 0x4abea
3 0x80002b84 (0x4abea437) x 8 0x4abea000
core   0: 0xffffffff80002b88 (0x416dd113) srai    sp, s11, 22
3 0x80002b88 (0x416dd113) x 2 0x00000000
core   0: 0xffffffff80002b8c (0xe3172b13) slti    s6, a4, -463
3 0x80002b8c (0xe3172b13) x22 0x00000000
core   0: 0xffffffff80002b90 (0x00000013) nop
3 0x80002b90 (0x00000013)
core   0: 0xffffffff80002b94 (0x0054e033) or      zero, s1, t0
3 0x80002b94 (0x0054e033)
core   0: 0xffffffff80002b98 (0x00f5a0b3) slt     ra, a1, a5
3 0x80002b98 (0x00f5a0b3) x 1 0x00000000
core   0: 0xffffffff80002b9c (0xd996f093) andi    ra, a3, -615
3 0x80002b9c (0xd996f093) x 1 0x00000000
core   0: 0xffffffff80002ba0 (0x40865a93) srai    s5, a2, 8
3 0x80002ba0 (0x40865a93) x21 0x00400000
core   0: 0xffffffff80002ba4 (0x36a6f113) andi    sp, a3, 874
3 0x80002ba4 (0x36a6f113) x 2 0x00000000
core   0: 0xffffffff80002ba8 (0x10e10413) addi    s0, sp, 270
3 0x80002ba8 (0x10e10413) x 8 0x0000010e
core   0: 0xffffffff80002bac (0x415b5bb3) sra     s7, s6, s5
3 0x80002bac (0x415b5bb3) x23 0x00000000
core   0: 0xffffffff80002bb0 (0x0153e433) or      s0, t2, s5
3 0x80002bb0 (0x0153e433) x 8 0xffffffff
core   0: 0xffffffff80002bb4 (0x00000013) nop
3 0x80002bb4 (0x00000013)
core   0: 0xffffffff80002bb8 (0x019e4833) xor     a6, t3, s9
3 0x80002bb8 (0x019e4833) x16 0x00000000
core   0: 0xffffffff80002bbc (0x0162f533) and     a0, t0, s6
3 0x80002bbc (0x0162f533) x10 0x00000000
core   0: 0xffffffff80002bc0 (0x01512833) slt     a6, sp, s5
3 0x80002bc0 (0x01512833) x16 0x00000001
core   0: 0xffffffff80002bc4 (0x410ed633) sra     a2, t4, a6
3 0x80002bc4 (0x410ed633) x12 0x24ba7e4d
core   0: 0xffffffff80002bc8 (0x40f3d033) sra     zero, t2, a5
3 0x80002bc8 (0x40f3d033)
core   0: 0xffffffff80002bcc (0x00b17fb3) and     t6, sp, a1
3 0x80002bcc (0x00b17fb3) x31 0x00000000
core   0: 0xffffffff80002bd0 (0x5bf31817) auipc   a6, 0x5bf31
3 0x80002bd0 (0x5bf31817) x16 0xdbf33bd0
core   0: 0xffffffff80002bd4 (0x0149fe33) and     t3, s3, s4
3 0x80002bd4 (0x0149fe33) x28 0x800108a4
core   0: 0xffffffff80002bd8 (0x4003d733) sra     a4, t2, zero
3 0x80002bd8 (0x4003d733) x14 0xffffffff
core   0: 0xffffffff80002bdc (0x01491813) slli    a6, s2, 20
3 0x80002bdc (0x01491813) x16 0x00000000
core   0: 0xffffffff80002be0 (0xff59b413) sltiu   s0, s3, -11
3 0x80002be0 (0xff59b413) x 8 0x00000001
core   0: 0xffffffff80002be4 (0x4052dcb3) sra     s9, t0, t0
3 0x80002be4 (0x4052dcb3) x25 0x40000000
core   0: 0xffffffff80002be8 (0x3951bc93) sltiu   s9, gp, 917
3 0x80002be8 (0x3951bc93) x25 0x00000000
core   0: 0xffffffff80002bec (0x01b21c33) sll     s8, tp, s11
3 0x80002bec (0x01b21c33) x24 0x00000000
core   0: 0xffffffff80002bf0 (0x40c6df33) sra     t5, a3, a2
3 0x80002bf0 (0x40c6df33) x30 0x00000000
core   0: 0xffffffff80002bf4 (0xe898a713) slti    a4, a7, -375
3 0x80002bf4 (0xe898a713) x14 0x00000000
core   0: 0xffffffff80002bf8 (0x0e5aa713) slti    a4, s5, 229
3 0x80002bf8 (0x0e5aa713) x14 0x00000000
core   0: 0xffffffff80002bfc (0x00756db3) or      s11, a0, t2
3 0x80002bfc (0x00756db3) x27 0xffffffff
core   0: 0xffffffff80002c00 (0x00f095b3) sll     a1, ra, a5
3 0x80002c00 (0x00f095b3) x11 0x00000000
core   0: 0xffffffff80002c04 (0xcaadf893) andi    a7, s11, -854
3 0x80002c04 (0xcaadf893) x17 0xfffffcaa
core   0: 0xffffffff80002c08 (0xc6a75037) lui     zero, 0xc6a75
3 0x80002c08 (0xc6a75037)
core   0: 0xffffffff80002c0c (0x40e15133) sra     sp, sp, a4
3 0x80002c0c (0x40e15133) x 2 0x00000000
core   0: 0xffffffff80002c10 (0x015e72b3) and     t0, t3, s5
3 0x80002c10 (0x015e72b3) x 5 0x00000000
core   0: 0xffffffff80002c14 (0x08bbea93) ori     s5, s7, 139
3 0x80002c14 (0x08bbea93) x21 0x0000008b
core   0: 0xffffffff80002c18 (0x00c15633) srl     a2, sp, a2
3 0x80002c18 (0x00c15633) x12 0x00000000
core   0: 0xffffffff80002c1c (0xd3340c13) addi    s8, s0, -717
3 0x80002c1c (0xd3340c13) x24 0xfffffd34
core   0: 0xffffffff80002c20 (0x009ddb93) srli    s7, s11, 9
3 0x80002c20 (0x009ddb93) x23 0x007fffff
core   0: 0xffffffff80002c24 (0x01ffc433) xor     s0, t6, t6
3 0x80002c24 (0x01ffc433) x 8 0x00000000
core   0: 0xffffffff80002c28 (0x00000013) nop
3 0x80002c28 (0x00000013)
core   0: 0xffffffff80002c2c (0xceafd317) auipc   t1, 0xceafd
3 0x80002c2c (0xceafd317) x 6 0x4eaffc2c
core   0: 0xffffffff80002c30 (0xf6cae513) ori     a0, s5, -148
3 0x80002c30 (0xf6cae513) x10 0xffffffef
core   0: 0xffffffff80002c34 (0x014c9313) slli    t1, s9, 20
3 0x80002c34 (0x014c9313) x 6 0x00000000
core   0: 0xffffffff80002c38 (0xe0627f13) andi    t5, tp, -506
3 0x80002c38 (0xe0627f13) x30 0x00000000
core   0: 0xffffffff80002c3c (0x01dc9fb3) sll     t6, s9, t4
3 0x80002c3c (0x01dc9fb3) x31 0x00000000
core   0: 0xffffffff80002c40 (0x022d2993) slti    s3, s10, 34
3 0x80002c40 (0x022d2993) x19 0x00000001
core   0: 0xffffffff80002c44 (0x405755b3) sra     a1, a4, t0
3 0x80002c44 (0x405755b3) x11 0x00000000
core   0: 0xffffffff80002c48 (0x01966033) or      zero, a2, s9
3 0x80002c48 (0x01966033)
core   0: 0xffffffff80002c4c (0x40fd5b13) srai    s6, s10, 15
3 0x80002c4c (0x40fd5b13) x22 0xffffa924
core   0: 0xffffffff80002c50 (0x005be7b3) or      a5, s7, t0
3 0x80002c50 (0x005be7b3) x15 0x007fffff
core   0: 0xffffffff80002c54 (0xc2f72b13) slti    s6, a4, -977
3 0x80002c54 (0xc2f72b13) x22 0x00000000
core   0: 0xffffffff80002c58 (0x1b13f693) andi    a3, t2, 433
3 0x80002c58 (0x1b13f693) x13 0x000001b1
core   0: 0xffffffff80002c5c (0x07bd7c13) andi    s8, s10, 123
3 0x80002c5c (0x07bd7c13) x24 0x00000063
core   0: 0xffffffff80002c60 (0xd83bf193) andi    gp, s7, -637
3 0x80002c60 (0xd83bf193) x 3 0x007ffd83
core   0: 0xffffffff80002c64 (0xd5013893) sltiu   a7, sp, -688
3 0x80002c64 (0xd5013893) x17 0x00000001
core   0: 0xffffffff80002c68 (0x00c94333) xor     t1, s2, a2
3 0x80002c68 (0x00c94333) x 6 0x00000000
core   0: 0xffffffff80002c6c (0x3e1acf37) lui     t5, 0x3e1ac
3 0x80002c6c (0x3e1acf37) x30 0x3e1ac000
core   0: 0xffffffff80002c70 (0xf0197513) andi    a0, s2, -255
3 0x80002c70 (0xf0197513) x10 0x00000000
core   0: 0xffffffff80002c74 (0x75df2137) lui     sp, 0x75df2
3 0x80002c74 (0x75df2137) x 2 0x75df2000
core   0: 0xffffffff80002c78 (0x00660b33) add     s6, a2, t1
3 0x80002c78 (0x00660b33) x22 0x00000000
core   0: 0xffffffff80002c7c (0x010c6bb3) or      s7, s8, a6
3 0x80002c7c (0x010c6bb3) x23 0x00000063
core   0: 0xffffffff80002c80 (0x4162d613) srai    a2, t0, 22
3 0x80002c80 (0x4162d613) x12 0x00000000
core   0: 0xffffffff80002c84 (0x00000013) nop
3 0x80002c84 (0x00000013)
core   0: 0xffffffff80002c88 (0x01a1ebb3) or      s7, gp, s10
3 0x80002c88 (0x01a1ebb3) x23 0xd4fffde7
core   0: 0xffffffff80002c8c (0x9302e817) auipc   a6, 0x9302e
3 0x80002c8c (0x9302e817) x16 0x13030c8c
core   0: 0xffffffff80002c90 (0x415b0133) sub     sp, s6, s5
3 0x80002c90 (0x415b0133) x 2 0xffffff75
core   0: 0xffffffff80002c94 (0xf38fc813) xori    a6, t6, -200
3 0x80002c94 (0xf38fc813) x16 0xffffff38
core   0: 0xffffffff80002c98 (0xffa90e93) addi    t4, s2, -6
3 0x80002c98 (0xffa90e93) x29 0xfffffffa
core   0: 0xffffffff80002c9c (0xd5367293) andi    t0, a2, -685
3 0x80002c9c (0xd5367293) x 5 0x00000000
core   0: 0xffffffff80002ca0 (0x1a73a213) slti    tp, t2, 423
3 0x80002ca0 (0x1a73a213) x 4 0x00000001
core   0: 0xffffffff80002ca4 (0x016acdb3) xor     s11, s5, s6
3 0x80002ca4 (0x016acdb3) x27 0x0000008b
core   0: 0xffffffff80002ca8 (0x1492c417) auipc   s0, 0x1492c
3 0x80002ca8 (0x1492c417) x 8 0x9492eca8
core   0: 0xffffffff80002cac (0x36a6fe13) andi    t3, a3, 874
3 0x80002cac (0x36a6fe13) x28 0x00000120
core   0: 0xffffffff80002cb0 (0x01ca5613) srli    a2, s4, 28
3 0x80002cb0 (0x01ca5613) x12 0x00000008
core   0: 0xffffffff80002cb4 (0xf3102113) slti    sp, zero, -207
3 0x80002cb4 (0xf3102113) x 2 0x00000000
core   0: 0xffffffff80002cb8 (0x011802b3) add     t0, a6, a7
3 0x80002cb8 (0x011802b3) x 5 0xffffff39
core   0: 0xffffffff80002cbc (0x01955613) srli    a2, a0, 25
3 0x80002cbc (0x01955613) x12 0x00000000
core   0: 0xffffffff80002cc0 (0x01e65f93) srli    t6, a2, 30
3 0x80002cc0 (0x01e65f93) x31 0x00000000
core   0: 0xffffffff80002cc4 (0x3f497313) andi    t1, s2, 1012
3 0x80002cc4 (0x3f497313) x 6 0x00000000
core   0: 0xffffffff80002cc8 (0x016cf433) and     s0, s9, s6
3 0x80002cc8 (0x016cf433) x 8 0x00000000
core   0: 0xffffffff80002ccc (0x0d1b0293) addi    t0, s6, 209
3 0x80002ccc (0x0d1b0293) x 5 0x000000d1
core   0: 0xffffffff80002cd0 (0x4185dfb3) sra     t6, a1, s8
3 0x80002cd0 (0x4185dfb3) x31 0x00000000
core   0: 0xffffffff80002cd4 (0xf36a8093) addi    ra, s5, -202
3 0x80002cd4 (0xf36a8093) x 1 0xffffffc1
core   0: 0xffffffff80002cd8 (0x01029f13) slli    t5, t0, 16
3 0x80002cd8 (0x01029f13) x30 0x00d10000
core   0: 0xffffffff80002cdc (0x386d7b13) andi    s6, s10, 902
3 0x80002cdc (0x386d7b13) x22 0x00000106
core   0: 0xffffffff80002ce0 (0xd38cce37) lui     t3, 0xd38cc
3 0x80002ce0 (0xd38cce37) x28 0xd38cc000
core   0: 0xffffffff80002ce4 (0x10558b93) addi    s7, a1, 261
3 0x80002ce4 (0x10558b93) x23 0x00000105
core   0: 0xffffffff80002ce8 (0x0da92d93) slti    s11, s2, 218
3 0x80002ce8 (0x0da92d93) x27 0x00000001
core   0: 0xffffffff80002cec (0xf0260f93) addi    t6, a2, -254
3 0x80002cec (0xf0260f93) x31 0xffffff02
core   0: 0xffffffff80002cf0 (0x00b20033) add     zero, tp, a1
3 0x80002cf0 (0x00b20033)
core   0: 0xffffffff80002cf4 (0x01a38eb3) add     t4, t2, s10
3 0x80002cf4 (0x01a38eb3) x29 0xd4922566
core   0: 0xffffffff80002cf8 (0xd6e33693) sltiu   a3, t1, -658
3 0x80002cf8 (0xd6e33693) x13 0x00000001
core   0: 0xffffffff80002cfc (0x41380e33) sub     t3, a6, s3
3 0x80002cfc (0x41380e33) x28 0xffffff37
core   0: 0xffffffff80002d00 (0x00000013) nop
3 0x80002d00 (0x00000013)
core   0: 0xffffffff80002d04 (0x4073d533) sra     a0, t2, t2
3 0x80002d04 (0x4073d533) x10 0xffffffff
core   0: 0xffffffff80002d08 (0x01721b93) slli    s7, tp, 23
3 0x80002d08 (0x01721b93) x23 0x00800000
core   0: 0xffffffff80002d0c (0x01e37eb3) and     t4, t1, t5
3 0x80002d0c (0x01e37eb3) x29 0x00000000
core   0: 0xffffffff80002d10 (0xfe196013) ori     zero, s2, -31
3 0x80002d10 (0xfe196013)
core   0: 0xffffffff80002d14 (0x01df5593) srli    a1, t5, 29
3 0x80002d14 (0x01df5593) x11 0x00000000
core   0: 0xffffffff80002d18 (0x4137de33) sra     t3, a5, s3
3 0x80002d18 (0x4137de33) x28 0x003fffff
core   0: 0xffffffff80002d1c (0x003749b3) xor     s3, a4, gp
3 0x80002d1c (0x003749b3) x19 0x007ffd83
core   0: 0xffffffff80002d20 (0xc1124213) xori    tp, tp, -1007
3 0x80002d20 (0xc1124213) x 4 0xfffffc10
core   0: 0xffffffff80002d24 (0x00c7b9b3) sltu    s3, a5, a2
3 0x80002d24 (0x00c7b9b3) x19 0x00000000
core   0: 0xffffffff80002d28 (0x92bcb8b7) lui     a7, 0x92bcb
3 0x80002d28 (0x92bcb8b7) x17 0x92bcb000
core   0: 0xffffffff80002d2c (0x0cbb7f93) andi    t6, s6, 203
3 0x80002d2c (0x0cbb7f93) x31 0x00000002
core   0: 0xffffffff80002d30 (0xb57250b7) lui     ra, 0xb5725
3 0x80002d30 (0xb57250b7) x 1 0xb5725000
core   0: 0xffffffff80002d34 (0x01bd5013) srli    zero, s10, 27
3 0x80002d34 (0x01bd5013)
core   0: 0xffffffff80002d38 (0xedaa72b7) lui     t0, 0xedaa7
3 0x80002d38 (0xedaa72b7) x 5 0xedaa7000
core   0: 0xffffffff80002d3c (0xf1f5f713) andi    a4, a1, -225
3 0x80002d3c (0xf1f5f713) x14 0x00000000
core   0: 0xffffffff80002d40 (0x010ec0b3) xor     ra, t4, a6
3 0x80002d40 (0x010ec0b3) x 1 0xffffff38
core   0: 0xffffffff80002d44 (0x00f9d513) srli    a0, s3, 15
3 0x80002d44 (0x00f9d513) x10 0x00000000
core   0: 0xffffffff80002d48 (0x402e5533) sra     a0, t3, sp
3 0x80002d48 (0x402e5533) x10 0x003fffff
core   0: 0xffffffff80002d4c (0x40dcd633) sra     a2, s9, a3
3 0x80002d4c (0x40dcd633) x12 0x00000000
core   0: 0xffffffff80002d50 (0x01e3f1b3) and     gp, t2, t5
3 0x80002d50 (0x01e3f1b3) x 3 0x00d10000
core   0: 0xffffffff80002d54 (0x00151e13) slli    t3, a0, 1
3 0x80002d54 (0x00151e13) x28 0x007ffffe
core   0: 0xffffffff80002d58 (0xf84d0a93) addi    s5, s10, -124
3 0x80002d58 (0xf84d0a93) x21 0xd49224eb
core   0: 0xffffffff80002d5c (0x28f52e13) slti    t3, a0, 655
3 0x80002d5c (0x28f52e13) x28 0x00000000
core   0: 0xffffffff80002d60 (0xc20b7f13) andi    t5, s6, -992
3 0x80002d60 (0xc20b7f13) x30 0x00000000
core   0: 0xffffffff80002d64 (0x00d350b3) srl     ra, t1, a3
3 0x80002d64 (0x00d350b3) x 1 0x00000000
core   0: 0xffffffff80002d68 (0x002f9513) slli    a0, t6, 2
3 0x80002d68 (0x002f9513) x10 0x00000008
core   0: 0xffffffff80002d6c (0x5ec36b37) lui     s6, 0x5ec36
3 0x80002d6c (0x5ec36b37) x22 0x5ec36000
core   0: 0xffffffff80002d70 (0x005a71b3) and     gp, s4, t0
3 0x80002d70 (0x005a71b3) x 3 0x80004000
core   0: 0xffffffff80002d74 (0x2e770513) addi    a0, a4, 743
3 0x80002d74 (0x2e770513) x10 0x000002e7
core   0: 0xffffffff80002d78 (0xcda1f313) andi    t1, gp, -806
3 0x80002d78 (0xcda1f313) x 6 0x80004000
core   0: 0xffffffff80002d7c (0x409455b3) sra     a1, s0, s1
3 0x80002d7c (0x409455b3) x11 0x00000000
core   0: 0xffffffff80002d80 (0x414ed933) sra     s2, t4, s4
3 0x80002d80 (0x414ed933) x18 0x00000000
core   0: 0xffffffff80002d84 (0x00222bb3) slt     s7, tp, sp
3 0x80002d84 (0x00222bb3) x23 0x00000001
core   0: 0xffffffff80002d88 (0x27368893) addi    a7, a3, 627
3 0x80002d88 (0x27368893) x17 0x00000274
core   0: 0xffffffff80002d8c (0x009bc833) xor     a6, s7, s1
3 0x80002d8c (0x009bc833) x16 0x80010e65
core   0: 0xffffffff80002d90 (0x01ce8e33) add     t3, t4, t3
3 0x80002d90 (0x01ce8e33) x28 0x00000000
core   0: 0xffffffff80002d94 (0x40e5db13) srai    s6, a1, 14
3 0x80002d94 (0x40e5db13) x22 0x00000000
core   0: 0xffffffff80002d98 (0x1a1d2293) slti    t0, s10, 417
3 0x80002d98 (0x1a1d2293) x 5 0x00000001
core   0: 0xffffffff80002d9c (0xc2def213) andi    tp, t4, -979
3 0x80002d9c (0xc2def213) x 4 0x00000000
core   0: 0xffffffff80002da0 (0x41a250b3) sra     ra, tp, s10
3 0x80002da0 (0x41a250b3) x 1 0x00000000
core   0: 0xffffffff80002da4 (0x00000013) nop
3 0x80002da4 (0x00000013)
core   0: 0xffffffff80002da8 (0x00e45c93) srli    s9, s0, 14
3 0x80002da8 (0x00e45c93) x25 0x00000000
core   0: 0xffffffff80002dac (0x00b31e93) slli    t4, t1, 11
3 0x80002dac (0x00b31e93) x29 0x02000000
core   0: 0xffffffff80002db0 (0x15539c37) lui     s8, 0x15539
3 0x80002db0 (0x15539c37) x24 0x15539000
core   0: 0xffffffff80002db4 (0x3a097a93) andi    s5, s2, 928
3 0x80002db4 (0x3a097a93) x21 0x00000000
core   0: 0xffffffff80002db8 (0xc9bdb813) sltiu   a6, s11, -869
3 0x80002db8 (0xc9bdb813) x16 0x00000001
core   0: 0xffffffff80002dbc (0x012047b3) xor     a5, zero, s2
3 0x80002dbc (0x012047b3) x15 0x00000000
core   0: 0xffffffff80002dc0 (0x00401e33) sll     t3, zero, tp
3 0x80002dc0 (0x00401e33) x28 0x00000000
core   0: 0xffffffff80002dc4 (0x00d18833) add     a6, gp, a3
3 0x80002dc4 (0x00d18833) x16 0x80004001
core   0: 0xffffffff80002dc8 (0x00fce0b3) or      ra, s9, a5
3 0x80002dc8 (0x00fce0b3) x 1 0x00000000
core   0: 0xffffffff80002dcc (0x00000013) nop
3 0x80002dcc (0x00000013)
core   0: 0xffffffff80002dd0 (0xf6d98e13) addi    t3, s3, -147
3 0x80002dd0 (0xf6d98e13) x28 0xffffff6d
core   0: 0xffffffff80002dd4 (0x0100b3b3) sltu    t2, ra, a6
3 0x80002dd4 (0x0100b3b3) x 7 0x00000001
core   0: 0xffffffff80002dd8 (0x01f9af33) slt     t5, s3, t6
3 0x80002dd8 (0x01f9af33) x30 0x00000001
core   0: 0xffffffff80002ddc (0x40d358b3) sra     a7, t1, a3
3 0x80002ddc (0x40d358b3) x17 0xc0002000
core   0: 0xffffffff80002de0 (0x00c182b3) add     t0, gp, a2
3 0x80002de0 (0x00c182b3) x 5 0x80004000
core   0: 0xffffffff80002de4 (0x3b88ac17) auipc   s8, 0x3b88a
3 0x80002de4 (0x3b88ac17) x24 0xbb88cde4
core   0: 0xffffffff80002de8 (0x00000013) nop
3 0x80002de8 (0x00000013)
core   0: 0xffffffff80002dec (0x6a579697) auipc   a3, 0x6a579
3 0x80002dec (0x6a579697) x13 0xea57bdec
core   0: 0xffffffff80002df0 (0xabe08f97) auipc   t6, 0xabe08
3 0x80002df0 (0xabe08f97) x31 0x2be0adf0
core   0: 0xffffffff80002df4 (0x00000013) nop
3 0x80002df4 (0x00000013)
core   0: 0xffffffff80002df8 (0xd9988893) addi    a7, a7, -615
3 0x80002df8 (0xd9988893) x17 0xc0001d99
core   0: 0xffffffff80002dfc (0x01081c13) slli    s8, a6, 16
3 0x80002dfc (0x01081c13) x24 0x40010000
core   0: 0xffffffff80002e00 (0x01fb1b93) slli    s7, s6, 31
3 0x80002e00 (0x01fb1b93) x23 0x00000000
core   0: 0xffffffff80002e04 (0x00000013) nop
3 0x80002e04 (0x00000013)
core   0: 0xffffffff80002e08 (0x00000013) nop
3 0x80002e08 (0x00000013)
core   0: 0xffffffff80002e0c (0x00b11093) slli    ra, sp, 11
3 0x80002e0c (0x00b11093) x 1 0x00000000
core   0: 0xffffffff80002e10 (0x01f02133) slt     sp, zero, t6
3 0x80002e10 (0x01f02133) x 2 0x00000001
core   0: 0xffffffff80002e14 (0x01d77133) and     sp, a4, t4
3 0x80002e14 (0x01d77133) x 2 0x00000000
core   0: 0xffffffff80002e18 (0x010e33b3) sltu    t2, t3, a6
3 0x80002e18 (0x010e33b3) x 7 0x00000000
core   0: 0xffffffff80002e1c (0x00093bb3) sltu    s7, s2, zero
3 0x80002e1c (0x00093bb3) x23 0x00000000
core   0: 0xffffffff80002e20 (0x00029533) sll     a0, t0, zero
3 0x80002e20 (0x00029533) x10 0x80004000
core   0: 0xffffffff80002e24 (0xc1a53713) sltiu   a4, a0, -998
3 0x80002e24 (0xc1a53713) x14 0x00000001
core   0: 0xffffffff80002e28 (0x6d089a97) auipc   s5, 0x6d089
3 0x80002e28 (0x6d089a97) x21 0xed08be28
core   0: 0xffffffff80002e2c (0xd13f7993) andi    s3, t5, -749
3 0x80002e2c (0xd13f7993) x19 0x00000001
core   0: 0xffffffff80002e30 (0x01d29d93) slli    s11, t0, 29
3 0x80002e30 (0x01d29d93) x27 0x00000000
core   0: 0xffffffff80002e34 (0xea1b4593) xori    a1, s6, -351
3 0x80002e34 (0xea1b4593) x11 0xfffffea1
core   0: 0xffffffff80002e38 (0x004f71b3) and     gp, t5, tp
3 0x80002e38 (0x004f71b3) x 3 0x00000000
core   0: 0xffffffff80002e3c (0x00de9e93) slli    t4, t4, 13
3 0x80002e3c (0x00de9e93) x29 0x00000000
core   0: 0xffffffff80002e40 (0x01af1413) slli    s0, t5, 26
3 0x80002e40 (0x01af1413) x 8 0x04000000
core   0: 0xffffffff80002e44 (0x01bcc433) xor     s0, s9, s11
3 0x80002e44 (0x01bcc433) x 8 0x00000000
core   0: 0xffffffff80002e48 (0x00ab5533) srl     a0, s6, a0
3 0x80002e48 (0x00ab5533) x10 0x00000000
core   0: 0xffffffff80002e4c (0x0151d5b3) srl     a1, gp, s5
3 0x80002e4c (0x0151d5b3) x11 0x00000000
core   0: 0xffffffff80002e50 (0x01d7db33) srl     s6, a5, t4
3 0x80002e50 (0x01d7db33) x22 0x00000000
core   0: 0xffffffff80002e54 (0x00025e33) srl     t3, tp, zero
3 0x80002e54 (0x00025e33) x28 0x00000000
core   0: 0xffffffff80002e58 (0x3a376713) ori     a4, a4, 931
3 0x80002e58 (0x3a376713) x14 0x000003a3
core   0: 0xffffffff80002e5c (0x00928733) add     a4, t0, s1
3 0x80002e5c (0x00928733) x14 0x00014e64
core   0: 0xffffffff80002e60 (0x00aeb5b3) sltu    a1, t4, a0
3 0x80002e60 (0x00aeb5b3) x11 0x00000000
core   0: 0xffffffff80002e64 (0x003c4bb3) xor     s7, s8, gp
3 0x80002e64 (0x003c4bb3) x23 0x40010000
core   0: 0xffffffff80002e68 (0x0140d7b3) srl     a5, ra, s4
3 0x80002e68 (0x0140d7b3) x15 0x00000000
core   0: 0xffffffff80002e6c (0x013bc733) xor     a4, s7, s3
3 0x80002e6c (0x013bc733) x14 0x40010001
core   0: 0xffffffff80002e70 (0x0174db33) srl     s6, s1, s7
3 0x80002e70 (0x0174db33) x22 0x80010e64
core   0: 0xffffffff80002e74 (0x486e8697) auipc   a3, 0x486e8
3 0x80002e74 (0x486e8697) x13 0xc86eae74
core   0: 0xffffffff80002e78 (0x00000013) nop
3 0x80002e78 (0x00000013)
core   0: 0xffffffff80002e7c (0x01161f13) slli    t5, a2, 17
3 0x80002e7c (0x01161f13) x30 0x00000000
core   0: 0xffffffff80002e80 (0x01e57b33) and     s6, a0, t5
3 0x80002e80 (0x01e57b33) x22 0x00000000
core   0: 0xffffffff80002e84 (0x0d190693) addi    a3, s2, 209
3 0x80002e84 (0x0d190693) x13 0x000000d1
core   0: 0xffffffff80002e88 (0x252da713) slti    a4, s11, 594
3 0x80002e88 (0x252da713) x14 0x00000001
core   0: 0xffffffff80002e8c (0x018a9413) slli    s0, s5, 24
3 0x80002e8c (0x018a9413) x 8 0x28000000
core   0: 0xffffffff80002e90 (0x006fb333) sltu    t1, t6, t1
3 0x80002e90 (0x006fb333) x 6 0x00000001
core   0: 0xffffffff80002e94 (0x417a0633) sub     a2, s4, s7
3 0x80002e94 (0x417a0633) x12 0x40004ce4
core   0: 0xffffffff80002e98 (0x00cc1ab3) sll     s5, s8, a2
3 0x80002e98 (0x00cc1ab3) x21 0x00100000
core   0: 0xffffffff80002e9c (0x00211613) slli    a2, sp, 2
3 0x80002e9c (0x00211613) x12 0x00000000
core   0: 0xffffffff80002ea0 (0xeec10613) addi    a2, sp, -276
3 0x80002ea0 (0xeec10613) x12 0xfffffeec
core   0: 0xffffffff80002ea4 (0x01779433) sll     s0, a5, s7
3 0x80002ea4 (0x01779433) x 8 0x00000000
core   0: 0xffffffff80002ea8 (0x0196deb3) srl     t4, a3, s9
3 0x80002ea8 (0x0196deb3) x29 0x000000d1
core   0: 0xffffffff80002eac (0xd8ac0e13) addi    t3, s8, -630
3 0x80002eac (0xd8ac0e13) x28 0x4000fd8a
core   0: 0xffffffff80002eb0 (0x64888fb7) lui     t6, 0x64888
3 0x80002eb0 (0x64888fb7) x31 0x64888000
core   0: 0xffffffff80002eb4 (0xe3e8ff93) andi    t6, a7, -450
3 0x80002eb4 (0xe3e8ff93) x31 0xc0001c18
core   0: 0xffffffff80002eb8 (0xd3a7f293) andi    t0, a5, -710
3 0x80002eb8 (0xd3a7f293) x 5 0x00000000
core   0: 0xffffffff80002ebc (0xc5108f17) auipc   t5, 0xc5108
3 0x80002ebc (0xc5108f17) x30 0x4510aebc
core   0: 0xffffffff80002ec0 (0x321ea913) slti    s2, t4, 801
3 0x80002ec0 (0x321ea913) x18 0x00000001
core   0: 0xffffffff80002ec4 (0x01aaa9b3) slt     s3, s5, s10
3 0x80002ec4 (0x01aaa9b3) x19 0x00000000
core   0: 0xffffffff80002ec8 (0x118ab913) sltiu   s2, s5, 280
3 0x80002ec8 (0x118ab913) x18 0x00000000
core   0: 0xffffffff80002ecc (0x0144ee33) or      t3, s1, s4
3 0x80002ecc (0x0144ee33) x28 0x80014ee4
core   0: 0xffffffff80002ed0 (0x221cf693) andi    a3, s9, 545
3 0x80002ed0 (0x221cf693) x13 0x00000000
core   0: 0xffffffff80002ed4 (0xffef5137) lui     sp, 0xffef5
3 0x80002ed4 (0xffef5137) x 2 0xffef5000
core   0: 0xffffffff80002ed8 (0x2ffca113) slti    sp, s9, 767
3 0x80002ed8 (0x2ffca113) x 2 0x00000001
core   0: 0xffffffff80002edc (0x01afc733) xor     a4, t6, s10
3 0x80002edc (0x01afc733) x14 0x1492397f
core   0: 0xffffffff80002ee0 (0x00d21793) slli    a5, tp, 13
3 0x80002ee0 (0x00d21793) x15 0x00000000
core   0: 0xffffffff80002ee4 (0x410bdc13) srai    s8, s7, 16
3 0x80002ee4 (0x410bdc13) x24 0x00004001
core   0: 0xffffffff80002ee8 (0x1a353817) auipc   a6, 0x1a353
3 0x80002ee8 (0x1a353817) x16 0x9a355ee8
core   0: 0xffffffff80002eec (0x011255b3) srl     a1, tp, a7
3 0x80002eec (0x011255b3) x11 0x00000000
core   0: 0xffffffff80002ef0 (0x00000013) nop
3 0x80002ef0 (0x00000013)
core   0: 0xffffffff80002ef4 (0xe6489237) lui     tp, 0xe6489
3 0x80002ef4 (0xe6489237) x 4 0xe6489000
core   0: 0xffffffff80002ef8 (0x23fbb313) sltiu   t1, s7, 575
3 0x80002ef8 (0x23fbb313) x 6 0x00000000
core   0: 0xffffffff80002efc (0x014f5e33) srl     t3, t5, s4
3 0x80002efc (0x014f5e33) x28 0x04510aeb
core   0: 0xffffffff80002f00 (0xed19b393) sltiu   t2, s3, -303
3 0x80002f00 (0xed19b393) x 7 0x00000001
core   0: 0xffffffff80002f04 (0x19f3e513) ori     a0, t2, 415
3 0x80002f04 (0x19f3e513) x10 0x0000019f
core   0: 0xffffffff80002f08 (0x877a25b7) lui     a1, 0x877a2
3 0x80002f08 (0x877a25b7) x11 0x877a2000
core   0: 0xffffffff80002f0c (0xd4fd8393) addi    t2, s11, -689
3 0x80002f0c (0xd4fd8393) x 7 0xfffffd4f
core   0: 0xffffffff80002f10 (0x4065d593) srai    a1, a1, 6
3 0x80002f10 (0x4065d593) x11 0xfe1de880
core   0: 0xffffffff80002f14 (0x01663433) sltu    s0, a2, s6
3 0x80002f14 (0x01663433) x 8 0x00000000
core   0: 0xffffffff80002f18 (0x0050d613) srli    a2, ra, 5
3 0x80002f18 (0x0050d613) x12 0x00000000
core   0: 0xffffffff80002f1c (0x0fe80193) addi    gp, a6, 254
3 0x80002f1c (0x0fe80193) x 3 0x9a355fe6
core   0: 0xffffffff80002f20 (0x00006433) or      s0, zero, zero
3 0x80002f20 (0x00006433) x 8 0x00000000
core   0: 0xffffffff80002f24 (0x00000013) nop
3 0x80002f24 (0x00000013)
core   0: 0xffffffff80002f28 (0x0175d733) srl     a4, a1, s7
3 0x80002f28 (0x0175d733) x14 0xfe1de880
core   0: 0xffffffff80002f2c (0x01ec0e33) add     t3, s8, t5
3 0x80002f2c (0x01ec0e33) x28 0x4510eebd
core   0: 0xffffffff80002f30 (0x00671213) slli    tp, a4, 6
3 0x80002f30 (0x00671213) x 4 0x877a2000
core   0: 0xffffffff80002f34 (0x0197df33) srl     t5, a5, s9
3 0x80002f34 (0x0197df33) x30 0x00000000
core   0: 0xffffffff80002f38 (0x01e4db13) srli    s6, s1, 30
3 0x80002f38 (0x01e4db13) x22 0x00000002
core   0: 0xffffffff80002f3c (0x00d85193) srli    gp, a6, 13
3 0x80002f3c (0x00d85193) x 3 0x0004d1aa
core   0: 0xffffffff80002f40 (0xe2138b93) addi    s7, t2, -479
3 0x80002f40 (0xe2138b93) x23 0xfffffb70
core   0: 0xffffffff80002f44 (0x01eb4f33) xor     t5, s6, t5
3 0x80002f44 (0x01eb4f33) x30 0x00000002
core   0: 0xffffffff80002f48 (0xfd46c813) xori    a6, a3, -44
3 0x80002f48 (0xfd46c813) x16 0xffffffd4
core   0: 0xffffffff80002f4c (0x012f9233) sll     tp, t6, s2
3 0x80002f4c (0x012f9233) x 4 0xc0001c18
core   0: 0xffffffff80002f50 (0x417d5713) srai    a4, s10, 23
3 0x80002f50 (0x417d5713) x14 0xffffffa9
core   0: 0xffffffff80002f54 (0x3b9aa213) slti    tp, s5, 953
3 0x80002f54 (0x3b9aa213) x 4 0x00000000
core   0: 0xffffffff80002f58 (0x3d596193) ori     gp, s2, 981
3 0x80002f58 (0x3d596193) x 3 0x000003d5
core   0: 0xffffffff80002f5c (0x36133737) lui     a4, 0x36133
3 0x80002f5c (0x36133737) x14 0x36133000
core   0: 0xffffffff80002f60 (0x4185d5b3) sra     a1, a1, s8
3 0x80002f60 (0x4185d5b3) x11 0xff0ef440
core   0: 0xffffffff80002f64 (0x01ba1fb3) sll     t6, s4, s11
3 0x80002f64 (0x01ba1fb3) x31 0x80014ce4
core   0: 0xffffffff80002f68 (0xc2894793) xori    a5, s2, -984
3 0x80002f68 (0xc2894793) x15 0xfffffc28
core   0: 0xffffffff80002f6c (0x4140de13) srai    t3, ra, 20
3 0x80002f6c (0x4140de13) x28 0x00000000
core   0: 0xffffffff80002f70 (0x419cdf33) sra     t5, s9, s9
3 0x80002f70 (0x419cdf33) x30 0x00000000
core   0: 0xffffffff80002f74 (0x01edbbb3) sltu    s7, s11, t5
3 0x80002f74 (0x01edbbb3) x23 0x00000000
core   0: 0xffffffff80002f78 (0x24fcfe13) andi    t3, s9, 591
3 0x80002f78 (0x24fcfe13) x28 0x00000000
core   0: 0xffffffff80002f7c (0x00705b13) srli    s6, zero, 7
3 0x80002f7c (0x00705b13) x22 0x00000000
core   0: 0xffffffff80002f80 (0x41415a93) srai    s5, sp, 20
3 0x80002f80 (0x41415a93) x21 0x00000000
core   0: 0xffffffff80002f84 (0x009e97b3) sll     a5, t4, s1
3 0x80002f84 (0x009e97b3) x15 0x00000d10
core   0: 0xffffffff80002f88 (0x006b82b3) add     t0, s7, t1
3 0x80002f88 (0x006b82b3) x 5 0x00000000
core   0: 0xffffffff80002f8c (0x00bde533) or      a0, s11, a1
3 0x80002f8c (0x00bde533) x10 0xff0ef440
core   0: 0xffffffff80002f90 (0x0f484c13) xori    s8, a6, 244
3 0x80002f90 (0x0f484c13) x24 0xffffff20
core   0: 0xffffffff80002f94 (0x01380733) add     a4, a6, s3
3 0x80002f94 (0x01380733) x14 0xffffffd4
core   0: 0xffffffff80002f98 (0x00c60db3) add     s11, a2, a2
3 0x80002f98 (0x00c60db3) x27 0x00000000
core   0: 0xffffffff80002f9c (0x0123b933) sltu    s2, t2, s2
3 0x80002f9c (0x0123b933) x18 0x00000000
core   0: 0xffffffff80002fa0 (0x00000013) nop
3 0x80002fa0 (0x00000013)
core   0: 0xffffffff80002fa4 (0x005a8233) add     tp, s5, t0
3 0x80002fa4 (0x005a8233) x 4 0x00000000
core   0: 0xffffffff80002fa8 (0x006d6fb3) or      t6, s10, t1
3 0x80002fa8 (0x006d6fb3) x31 0xd4922567
core   0: 0xffffffff80002fac (0x007f57b3) srl     a5, t5, t2
3 0x80002fac (0x007f57b3) x15 0x00000000
core   0: 0xffffffff80002fb0 (0xedc57513) andi    a0, a0, -292
3 0x80002fb0 (0xedc57513) x10 0xff0ef440
core   0: 0xffffffff80002fb4 (0x010b30b3) sltu    ra, s6, a6
3 0x80002fb4 (0x010b30b3) x 1 0x00000001
core   0: 0xffffffff80002fb8 (0x00c7d333) srl     t1, a5, a2
3 0x80002fb8 (0x00c7d333) x 6 0x00000000
core   0: 0xffffffff80002fbc (0x41e95133) sra     sp, s2, t5
3 0x80002fbc (0x41e95133) x 2 0x00000000
core   0: 0xffffffff80002fc0 (0x005b95b3) sll     a1, s7, t0
3 0x80002fc0 (0x005b95b3) x11 0x00000000
core   0: 0xffffffff80002fc4 (0x40305fb3) sra     t6, zero, gp
3 0x80002fc4 (0x40305fb3) x31 0x00000000
core   0: 0xffffffff80002fc8 (0x00000013) nop
3 0x80002fc8 (0x00000013)
core   0: 0xffffffff80002fcc (0x01e7b0b3) sltu    ra, a5, t5
3 0x80002fcc (0x01e7b0b3) x 1 0x00000000
core   0: 0xffffffff80002fd0 (0x013fd713) srli    a4, t6, 19
3 0x80002fd0 (0x013fd713) x14 0x00000000
core   0: 0xffffffff80002fd4 (0xcae36913) ori     s2, t1, -850
3 0x80002fd4 (0xcae36913) x18 0xfffffcae
core   0: 0xffffffff80002fd8 (0x41cc5813) srai    a6, s8, 28
3 0x80002fd8 (0x41cc5813) x16 0xffffffff
core   0: 0xffffffff80002fdc (0x361a78b7) lui     a7, 0x361a7
3 0x80002fdc (0x361a78b7) x17 0x361a7000
core   0: 0xffffffff80002fe0 (0x14c9f113) andi    sp, s3, 332
3 0x80002fe0 (0x14c9f113) x 2 0x00000000
core   0: 0xffffffff80002fe4 (0x400889b3) sub     s3, a7, zero
3 0x80002fe4 (0x400889b3) x19 0x361a7000
core   0: 0xffffffff80002fe8 (0xf8046937) lui     s2, 0xf8046
3 0x80002fe8 (0xf8046937) x18 0xf8046000
core   0: 0xffffffff80002fec (0xd1b33013) sltiu   zero, t1, -741
3 0x80002fec (0xd1b33013)
core   0: 0xffffffff80002ff0 (0x00158e33) add     t3, a1, ra
3 0x80002ff0 (0x00158e33) x28 0x00000000
core   0: 0xffffffff80002ff4 (0x41575633) sra     a2, a4, s5
3 0x80002ff4 (0x41575633) x12 0x00000000
core   0: 0xffffffff80002ff8 (0x012ccb33) xor     s6, s9, s2
3 0x80002ff8 (0x012ccb33) x22 0xf8046000
core   0: 0xffffffff80002ffc (0xc2550293) addi    t0, a0, -987
3 0x80002ffc (0xc2550293) x 5 0xff0ef065
core   0: 0xffffffff80003000 (0xe95a6993) ori     s3, s4, -363
3 0x80003000 (0xe95a6993) x19 0xfffffef5
core   0: 0xffffffff80003004 (0x01ce61b3) or      gp, t3, t3
3 0x80003004 (0x01ce61b3) x 3 0x00000000
core   0: 0xffffffff80003008 (0x0001d633) srl     a2, gp, zero
3 0x80003008 (0x0001d633) x12 0x00000000
core   0: 0xffffffff8000300c (0x01cb1c33) sll     s8, s6, t3
3 0x8000300c (0x01cb1c33) x24 0xf8046000
core   0: 0xffffffff80003010 (0x01965c93) srli    s9, a2, 25
3 0x80003010 (0x01965c93) x25 0x00000000
core   0: 0xffffffff80003014 (0x1a7e8413) addi    s0, t4, 423
3 0x80003014 (0x1a7e8413) x 8 0x00000278
core   0: 0xffffffff80003018 (0x00f79bb3) sll     s7, a5, a5
3 0x80003018 (0x00f79bb3) x23 0x00000000
core   0: 0xffffffff8000301c (0x00798533) add     a0, s3, t2
3 0x8000301c (0x00798533) x10 0xfffffc44
core   0: 0xffffffff80003020 (0x018ef633) and     a2, t4, s8
3 0x80003020 (0x018ef633) x12 0x00000000
core   0: 0xffffffff80003024 (0x4061d613) srai    a2, gp, 6
3 0x80003024 (0x4061d613) x12 0x00000000
core   0: 0xffffffff80003028 (0x0105bfb3) sltu    t6, a1, a6
3 0x80003028 (0x0105bfb3) x31 0x00000001
core   0: 0xffffffff8000302c (0x35e73693) sltiu   a3, a4, 862
3 0x8000302c (0x35e73693) x13 0x00000001
core   0: 0xffffffff80003030 (0xeb49b117) auipc   sp, 0xeb49b
3 0x80003030 (0xeb49b117) x 2 0x6b49e030
core   0: 0xffffffff80003034 (0x01924c33) xor     s8, tp, s9
3 0x80003034 (0x01924c33) x24 0x00000000
core   0: 0xffffffff80003038 (0x019a2db3) slt     s11, s4, s9
3 0x80003038 (0x019a2db3) x27 0x00000001
core   0: 0xffffffff8000303c (0x097cf513) andi    a0, s9, 151
3 0x8000303c (0x097cf513) x10 0x00000000
core   0: 0xffffffff80003040 (0x00366133) or      sp, a2, gp
3 0x80003040 (0x00366133) x 2 0x00000000
core   0: 0xffffffff80003044 (0x00000013) nop
3 0x80003044 (0x00000013)
core   0: 0xffffffff80003048 (0xcf1791b7) lui     gp, 0xcf179
3 0x80003048 (0xcf1791b7) x 3 0xcf179000
core   0: 0xffffffff8000304c (0x34ae2c13) slti    s8, t3, 842
3 0x8000304c (0x34ae2c13) x24 0x00000001
core   0: 0xffffffff80003050 (0x01b76913) ori     s2, a4, 27
3 0x80003050 (0x01b76913) x18 0x0000001b
core   0: 0xffffffff80003054 (0x00000013) nop
3 0x80003054 (0x00000013)
core   0: 0xffffffff80003058 (0x013921b3) slt     gp, s2, s3
3 0x80003058 (0x013921b3) x 3 0x00000000
core   0: 0xffffffff8000305c (0x01154133) xor     sp, a0, a7
3 0x8000305c (0x01154133) x 2 0x361a7000
core   0: 0xffffffff80003060 (0xe6378513) addi    a0, a5, -413
3 0x80003060 (0xe6378513) x10 0xfffffe63
core   0: 0xffffffff80003064 (0x1ccd4193) xori    gp, s10, 460
3 0x80003064 (0x1ccd4193) x 3 0xd49224ab
core   0: 0xffffffff80003068 (0x00a85293) srli    t0, a6, 10
3 0x80003068 (0x00a85293) x 5 0x003fffff
core   0: 0xffffffff8000306c (0xd3e14713) xori    a4, sp, -706
3 0x8000306c (0xd3e14713) x14 0xc9e58d3e
core   0: 0xffffffff80003070 (0x002aabb3) slt     s7, s5, sp
3 0x80003070 (0x002aabb3) x23 0x00000001
core   0: 0xffffffff80003074 (0xcc756b93) ori     s7, a0, -825
3 0x80003074 (0xcc756b93) x23 0xfffffee7
core   0: 0xffffffff80003078 (0x154e3913) sltiu   s2, t3, 340
3 0x80003078 (0x154e3913) x18 0x00000001
core   0: 0xffffffff8000307c (0x01ac5ab3) srl     s5, s8, s10
3 0x8000307c (0x01ac5ab3) x21 0x00000000
core   0: 0xffffffff80003080 (0x00fd5c93) srli    s9, s10, 15
3 0x80003080 (0x00fd5c93) x25 0x0001a924
core   0: 0xffffffff80003084 (0xc5b63c13) sltiu   s8, a2, -933
3 0x80003084 (0xc5b63c13) x24 0x00000001
core   0: 0xffffffff80003088 (0x97d031b7) lui     gp, 0x97d03
3 0x80003088 (0x97d031b7) x 3 0x97d03000
core   0: 0xffffffff8000308c (0x01845193) srli    gp, s0, 24
3 0x8000308c (0x01845193) x 3 0x00000000
core   0: 0xffffffff80003090 (0x01dbd213) srli    tp, s7, 29
3 0x80003090 (0x01dbd213) x 4 0x00000007
core   0: 0xffffffff80003094 (0x3d987a93) andi    s5, a6, 985
3 0x80003094 (0x3d987a93) x21 0x000003d9
core   0: 0xffffffff80003098 (0x013cd3b3) srl     t2, s9, s3
3 0x80003098 (0x013cd3b3) x 7 0x00000000
core   0: 0xffffffff8000309c (0x000cecb3) or      s9, s9, zero
3 0x8000309c (0x000cecb3) x25 0x0001a924
core   0: 0xffffffff800030a0 (0xfa60af93) slti    t6, ra, -90
3 0x800030a0 (0xfa60af93) x31 0x00000000
core   0: 0xffffffff800030a4 (0x2a2a8313) addi    t1, s5, 674
3 0x800030a4 (0x2a2a8313) x 6 0x0000067b
core   0: 0xffffffff800030a8 (0x031acd93) xori    s11, s5, 49
3 0x800030a8 (0x031acd93) x27 0x000003e8
core   0: 0xffffffff800030ac (0x413f5793) srai    a5, t5, 19
3 0x800030ac (0x413f5793) x15 0x00000000
core   0: 0xffffffff800030b0 (0x417355b3) sra     a1, t1, s7
3 0x800030b0 (0x417355b3) x11 0x0000000c
core   0: 0xffffffff800030b4 (0xe5386f13) ori     t5, a6, -429
3 0x800030b4 (0xe5386f13) x30 0xffffffff
core   0: 0xffffffff800030b8 (0x01bd7533) and     a0, s10, s11
3 0x800030b8 (0x01bd7533) x10 0x00000160
core   0: 0xffffffff800030bc (0x015ac7b3) xor     a5, s5, s5
3 0x800030bc (0x015ac7b3) x15 0x00000000
core   0: 0xffffffff800030c0 (0x00000013) nop
3 0x800030c0 (0x00000013)
core   0: 0xffffffff800030c4 (0x039df993) andi    s3, s11, 57
3 0x800030c4 (0x039df993) x19 0x00000028
core   0: 0xffffffff800030c8 (0x406f5d93) srai    s11, t5, 6
3 0x800030c8 (0x406f5d93) x27 0xffffffff
core   0: 0xffffffff800030cc (0x00f6c9b3) xor     s3, a3, a5
3 0x800030cc (0x00f6c9b3) x19 0x00000001
core   0: 0xffffffff800030d0 (0x01e29933) sll     s2, t0, t5
3 0x800030d0 (0x01e29933) x18 0x80000000
core   0: 0xffffffff800030d4 (0x01051c33) sll     s8, a0, a6
3 0x800030d4 (0x01051c33) x24 0x00000000
core   0: 0xffffffff800030d8 (0x40bb0eb3) sub     t4, s6, a1
3 0x800030d8 (0x40bb0eb3) x29 0xf8045ff4
core   0: 0xffffffff800030dc (0x004bd7b3) srl     a5, s7, tp
3 0x800030dc (0x004bd7b3) x15 0x01fffffd
core   0: 0xffffffff800030e0 (0x377ae093) ori     ra, s5, 887
3 0x800030e0 (0x377ae093) x 1 0x000003ff
core   0: 0xffffffff800030e4 (0x01933433) sltu    s0, t1, s9
3 0x800030e4 (0x01933433) x 8 0x00000001
core   0: 0xffffffff800030e8 (0x0013f333) and     t1, t2, ra
3 0x800030e8 (0x0013f333) x 6 0x00000000
core   0: 0xffffffff800030ec (0x006ec533) xor     a0, t4, t1
3 0x800030ec (0x006ec533) x10 0xf8045ff4
core   0: 0xffffffff800030f0 (0xda56f913) andi    s2, a3, -603
3 0x800030f0 (0xda56f913) x18 0x00000001
core   0: 0xffffffff800030f4 (0x00843333) sltu    t1, s0, s0
3 0x800030f4 (0x00843333) x 6 0x00000000
core   0: 0xffffffff800030f8 (0x35163e13) sltiu   t3, a2, 849
3 0x800030f8 (0x35163e13) x28 0x00000001
core   0: 0xffffffff800030fc (0x15457713) andi    a4, a0, 340
3 0x800030fc (0x15457713) x14 0x00000154
core   0: 0xffffffff80003100 (0x4199d413) srai    s0, s3, 25
3 0x80003100 (0x4199d413) x 8 0x00000000
core   0: 0xffffffff80003104 (0xea63c693) xori    a3, t2, -346
3 0x80003104 (0xea63c693) x13 0xfffffea6
core   0: 0xffffffff80003108 (0x41785113) srai    sp, a6, 23
3 0x80003108 (0x41785113) x 2 0xffffffff
core   0: 0xffffffff8000310c (0x258d6913) ori     s2, s10, 600
3 0x8000310c (0x258d6913) x18 0xd492277f
core   0: 0xffffffff80003110 (0x40b48433) sub     s0, s1, a1
3 0x80003110 (0x40b48433) x 8 0x80010e58
core   0: 0xffffffff80003114 (0x0184dc93) srli    s9, s1, 24
3 0x80003114 (0x0184dc93) x25 0x00000080
core   0: 0xffffffff80003118 (0x00a3b133) sltu    sp, t2, a0
3 0x80003118 (0x00a3b133) x 2 0x00000001
core   0: 0xffffffff8000311c (0x0d4957b7) lui     a5, 0xd495
3 0x8000311c (0x0d4957b7) x15 0x0d495000
core   0: 0xffffffff80003120 (0xffc36693) ori     a3, t1, -4
3 0x80003120 (0xffc36693) x13 0xfffffffc
core   0: 0xffffffff80003124 (0x00c39193) slli    gp, t2, 12
3 0x80003124 (0x00c39193) x 3 0x00000000
core   0: 0xffffffff80003128 (0x00839f33) sll     t5, t2, s0
3 0x80003128 (0x00839f33) x30 0x00000000
core   0: 0xffffffff8000312c (0x41d853b3) sra     t2, a6, t4
3 0x8000312c (0x41d853b3) x 7 0xffffffff
core   0: 0xffffffff80003130 (0x11a3d1b7) lui     gp, 0x11a3d
3 0x80003130 (0x11a3d1b7) x 3 0x11a3d000
core   0: 0xffffffff80003134 (0x241bc293) xori    t0, s7, 577
3 0x80003134 (0x241bc293) x 5 0xfffffca6
core   0: 0xffffffff80003138 (0x40b9d333) sra     t1, s3, a1
3 0x80003138 (0x40b9d333) x 6 0x00000000
core   0: 0xffffffff8000313c (0x3a266e13) ori     t3, a2, 930
3 0x8000313c (0x3a266e13) x28 0x000003a2
core   0: 0xffffffff80003140 (0x0056d233) srl     tp, a3, t0
3 0x80003140 (0x0056d233) x 4 0x03ffffff
core   0: 0xffffffff80003144 (0x10702593) slti    a1, zero, 263
3 0x80003144 (0x10702593) x11 0x00000001
core   0: 0xffffffff80003148 (0x01c7df13) srli    t5, a5, 28
3 0x80003148 (0x01c7df13) x30 0x00000000
core   0: 0xffffffff8000314c (0x0fc96b93) ori     s7, s2, 252
3 0x8000314c (0x0fc96b93) x23 0xd49227ff
core   0: 0xffffffff80003150 (0x00cdc733) xor     a4, s11, a2
3 0x80003150 (0x00cdc733) x14 0xffffffff
core   0: 0xffffffff80003154 (0x013b0fb3) add     t6, s6, s3
3 0x80003154 (0x013b0fb3) x31 0xf8046001
core   0: 0xffffffff80003158 (0x0dda6913) ori     s2, s4, 221
3 0x80003158 (0x0dda6913) x18 0x80014cfd
core   0: 0xffffffff8000315c (0x002ba8b3) slt     a7, s7, sp
3 0x8000315c (0x002ba8b3) x17 0x00000001
core   0: 0xffffffff80003160 (0xc6c75d97) auipc   s11, 0xc6c75
3 0x80003160 (0xc6c75d97) x27 0x46c78160
core   0: 0xffffffff80003164 (0x01566f33) or      t5, a2, s5
3 0x80003164 (0x01566f33) x30 0x000003d9
core   0: 0xffffffff80003168 (0x0063be33) sltu    t3, t2, t1
3 0x80003168 (0x0063be33) x28 0x00000000
core   0: 0xffffffff8000316c (0x012a6633) or      a2, s4, s2
3 0x8000316c (0x012a6633) x12 0x80014cfd
core   0: 0xffffffff80003170 (0x4006d8b3) sra     a7, a3, zero
3 0x80003170 (0x4006d8b3) x17 0xfffffffc
core   0: 0xffffffff80003174 (0x0dde4693) xori    a3, t3, 221
3 0x80003174 (0x0dde4693) x13 0x000000dd
core   0: 0xffffffff80003178 (0x002aa733) slt     a4, s5, sp
3 0x80003178 (0x002aa733) x14 0x00000000
core   0: 0xffffffff8000317c (0x00052933) slt     s2, a0, zero
3 0x8000317c (0x00052933) x18 0x00000001
core   0: 0xffffffff80003180 (0x01665893) srli    a7, a2, 22
3 0x80003180 (0x01665893) x17 0x00000200
core   0: 0xffffffff80003184 (0x409ad413) srai    s0, s5, 9
3 0x80003184 (0x409ad413) x 8 0x00000001
core   0: 0xffffffff80003188 (0x00281433) sll     s0, a6, sp
3 0x80003188 (0x00281433) x 8 0xfffffffe
core   0: 0xffffffff8000318c (0x41a850b3) sra     ra, a6, s10
3 0x8000318c (0x41a850b3) x 1 0xffffffff
core   0: 0xffffffff80003190 (0x96eb9517) auipc   a0, 0x96eb9
3 0x80003190 (0x96eb9517) x10 0x16ebc190
core   0: 0xffffffff80003194 (0x01c3c5b3) xor     a1, t2, t3
3 0x80003194 (0x01c3c5b3) x11 0xffffffff
core   0: 0xffffffff80003198 (0x01da1f93) slli    t6, s4, 29
3 0x80003198 (0x01da1f93) x31 0x80000000
core   0: 0xffffffff8000319c (0x9e660637) lui     a2, 0x9e660
3 0x8000319c (0x9e660637) x12 0x9e660000
core   0: 0xffffffff800031a0 (0xcfa00093) li      ra, -774
3 0x800031a0 (0xcfa00093) x 1 0xfffffcfa
core   0: 0xffffffff800031a4 (0x40a9de93) srai    t4, s3, 10
3 0x800031a4 (0x40a9de93) x29 0x00000000
core   0: 0xffffffff800031a8 (0x2e917113) andi    sp, sp, 745
3 0x800031a8 (0x2e917113) x 2 0x00000001
core   0: 0xffffffff800031ac (0x1659ed93) ori     s11, s3, 357
3 0x800031ac (0x1659ed93) x27 0x00000165
core   0: 0xffffffff800031b0 (0x00a97233) and     tp, s2, a0
3 0x800031b0 (0x00a97233) x 4 0x00000000
core   0: 0xffffffff800031b4 (0x00000013) nop
3 0x800031b4 (0x00000013)
core   0: 0xffffffff800031b8 (0x01cb5533) srl     a0, s6, t3
3 0x800031b8 (0x01cb5533) x10 0xf8046000
core   0: 0xffffffff800031bc (0x64c73f17) auipc   t5, 0x64c73
3 0x800031bc (0x64c73f17) x30 0xe4c761bc
core   0: 0xffffffff800031c0 (0xe7aa2e93) slti    t4, s4, -390
3 0x800031c0 (0xe7aa2e93) x29 0x00000001
core   0: 0xffffffff800031c4 (0x41355513) srai    a0, a0, 19
3 0x800031c4 (0x41355513) x10 0xffffff00
core   0: 0xffffffff800031c8 (0x89553437) lui     s0, 0x89553
3 0x800031c8 (0x89553437) x 8 0x89553000
core   0: 0xffffffff800031cc (0x24284c13) xori    s8, a6, 578
3 0x800031cc (0x24284c13) x24 0xfffffdbd
core   0: 0xffffffff800031d0 (0x01a4d5b3) srl     a1, s1, s10
3 0x800031d0 (0x01a4d5b3) x11 0x0100021c
core   0: 0xffffffff800031d4 (0xcab28f13) addi    t5, t0, -853
3 0x800031d4 (0xcab28f13) x30 0xfffff951
core   0: 0xffffffff800031d8 (0x38d09b17) auipc   s6, 0x38d09
3 0x800031d8 (0x38d09b17) x22 0xb8d0c1d8
core   0: 0xffffffff800031dc (0x40ae0833) sub     a6, t3, a0
3 0x800031dc (0x40ae0833) x16 0x00000100
core   0: 0xffffffff800031e0 (0xe2c0c313) xori    t1, ra, -468
3 0x800031e0 (0xe2c0c313) x 6 0x000002d6
core   0: 0xffffffff800031e4 (0x008857b3) srl     a5, a6, s0
3 0x800031e4 (0x008857b3) x15 0x00000100
core   0: 0xffffffff800031e8 (0x007c2db3) slt     s11, s8, t2
3 0x800031e8 (0x007c2db3) x27 0x00000001
core   0: 0xffffffff800031ec (0xd92d0913) addi    s2, s10, -622
3 0x800031ec (0xd92d0913) x18 0xd49222f9
core   0: 0xffffffff800031f0 (0x40a1dc93) srai    s9, gp, 10
3 0x800031f0 (0x40a1dc93) x25 0x000468f4
core   0: 0xffffffff800031f4 (0x40765f13) srai    t5, a2, 7
3 0x800031f4 (0x40765f13) x30 0xff3ccc00
core   0: 0xffffffff800031f8 (0x01665013) srli    zero, a2, 22
3 0x800031f8 (0x01665013)
core   0: 0xffffffff800031fc (0xd2ef2b93) slti    s7, t5, -722
3 0x800031fc (0xd2ef2b93) x23 0x00000001
core   0: 0xffffffff80003200 (0x016fb833) sltu    a6, t6, s6
3 0x80003200 (0x016fb833) x16 0x00000001
core   0: 0xffffffff80003204 (0x748cb597) auipc   a1, 0x748cb
3 0x80003204 (0x748cb597) x11 0xf48ce204
core   0: 0xffffffff80003208 (0x40dfd713) srai    a4, t6, 13
3 0x80003208 (0x40dfd713) x14 0xfffc0000
core   0: 0xffffffff8000320c (0xc5208993) addi    s3, ra, -942
3 0x8000320c (0xc5208993) x19 0xfffff94c
core   0: 0xffffffff80003210 (0x59377397) auipc   t2, 0x59377
3 0x80003210 (0x59377397) x 7 0xd937a210
core   0: 0xffffffff80003214 (0x1ff43b93) sltiu   s7, s0, 511
3 0x80003214 (0x1ff43b93) x23 0x00000000
core   0: 0xffffffff80003218 (0xd62d2d93) slti    s11, s10, -670
3 0x80003218 (0xd62d2d93) x27 0x00000001
core   0: 0xffffffff8000321c (0x4051d033) sra     zero, gp, t0
3 0x8000321c (0x4051d033)
core   0: 0xffffffff80003220 (0x41c05b93) srai    s7, zero, 28
3 0x80003220 (0x41c05b93) x23 0x00000000
core   0: 0xffffffff80003224 (0x41c509b3) sub     s3, a0, t3
3 0x80003224 (0x41c509b3) x19 0xffffff00
core   0: 0xffffffff80003228 (0x41c98bb3) sub     s7, s3, t3
3 0x80003228 (0x41c98bb3) x23 0xffffff00
core   0: 0xffffffff8000322c (0xf0d1c793) xori    a5, gp, -243
3 0x8000322c (0xf0d1c793) x15 0xee5c2f0d
core   0: 0xffffffff80003230 (0xe43d8393) addi    t2, s11, -445
3 0x80003230 (0xe43d8393) x 7 0xfffffe44
core   0: 0xffffffff80003234 (0x40e95b33) sra     s6, s2, a4
3 0x80003234 (0x40e95b33) x22 0xd49222f9
core   0: 0xffffffff80003238 (0x009ad913) srli    s2, s5, 9
3 0x80003238 (0x009ad913) x18 0x00000001
core   0: 0xffffffff8000323c (0x00000013) nop
3 0x8000323c (0x00000013)
core   0: 0xffffffff80003240 (0xc9ddae93) slti    t4, s11, -867
3 0x80003240 (0xc9ddae93) x29 0x00000000
core   0: 0xffffffff80003244 (0x0051b033) sltu    zero, gp, t0
3 0x80003244 (0x0051b033)
core   0: 0xffffffff80003248 (0x00a7ee33) or      t3, a5, a0
3 0x80003248 (0x00a7ee33) x28 0xffffff0d
core   0: 0xffffffff8000324c (0x2c266e93) ori     t4, a2, 706
3 0x8000324c (0x2c266e93) x29 0x9e6602c2
core   0: 0xffffffff80003250 (0x01425633) srl     a2, tp, s4
3 0x80003250 (0x01425633) x12 0x00000000
core   0: 0xffffffff80003254 (0x40fe56b3) sra     a3, t3, a5
3 0x80003254 (0x40fe56b3) x13 0xffffffff
core   0: 0xffffffff80003258 (0xe348b8b7) lui     a7, 0xe348b
3 0x80003258 (0xe348b8b7) x17 0xe348b000
core   0: 0xffffffff8000325c (0x0177bbb3) sltu    s7, a5, s7
3 0x8000325c (0x0177bbb3) x23 0x00000001
core   0: 0xffffffff80003260 (0x01e2f1b3) and     gp, t0, t5
3 0x80003260 (0x01e2f1b3) x 3 0xff3ccc00
core   0: 0xffffffff80003264 (0xf0f52513) slti    a0, a0, -241
3 0x80003264 (0xf0f52513) x10 0x00000001
core   0: 0xffffffff80003268 (0x1c10ec17) auipc   s8, 0x1c10e
3 0x80003268 (0x1c10ec17) x24 0x9c111268
core   0: 0xffffffff8000326c (0x9b88e537) lui     a0, 0x9b88e
3 0x8000326c (0x9b88e537) x10 0x9b88e000
core   0: 0xffffffff80003270 (0x41275333) sra     t1, a4, s2
3 0x80003270 (0x41275333) x 6 0xfffe0000
core   0: 0xffffffff80003274 (0x114c2c93) slti    s9, s8, 276
3 0x80003274 (0x114c2c93) x25 0x00000001
core   0: 0xffffffff80003278 (0x41775c33) sra     s8, a4, s7
3 0x80003278 (0x41775c33) x24 0xfffe0000
core   0: 0xffffffff8000327c (0xc432ff93) andi    t6, t0, -957
3 0x8000327c (0xc432ff93) x31 0xfffffc02
core   0: 0xffffffff80003280 (0x405d8433) sub     s0, s11, t0
3 0x80003280 (0x405d8433) x 8 0x0000035b
core   0: 0xffffffff80003284 (0x01aa8833) add     a6, s5, s10
3 0x80003284 (0x01aa8833) x16 0xd4922940
core   0: 0xffffffff80003288 (0x00d1a5b3) slt     a1, gp, a3
3 0x80003288 (0x00d1a5b3) x11 0x00000001
core   0: 0xffffffff8000328c (0x39c53893) sltiu   a7, a0, 924
3 0x8000328c (0x39c53893) x17 0x00000000
core   0: 0xffffffff80003290 (0x3dfc4537) lui     a0, 0x3dfc4
3 0x80003290 (0x3dfc4537) x10 0x3dfc4000
core   0: 0xffffffff80003294 (0x01df6e33) or      t3, t5, t4
3 0x80003294 (0x01df6e33) x28 0xff7ecec2
core   0: 0xffffffff80003298 (0x3a463593) sltiu   a1, a2, 932
3 0x80003298 (0x3a463593) x11 0x00000001
core   0: 0xffffffff8000329c (0x0043dcb3) srl     s9, t2, tp
3 0x8000329c (0x0043dcb3) x25 0xfffffe44
core   0: 0xffffffff800032a0 (0x01cb7033) and     zero, s6, t3
3 0x800032a0 (0x01cb7033)
core   0: 0xffffffff800032a4 (0x00ae29b3) slt     s3, t3, a0
3 0x800032a4 (0x00ae29b3) x19 0x00000001
core   0: 0xffffffff800032a8 (0x00d7f733) and     a4, a5, a3
3 0x800032a8 (0x00d7f733) x14 0xee5c2f0d
core   0: 0xffffffff800032ac (0x005065b3) or      a1, zero, t0
3 0x800032ac (0x005065b3) x11 0xfffffca6
core   0: 0xffffffff800032b0 (0x41235093) srai    ra, t1, 18
3 0x800032b0 (0x41235093) x 1 0xffffffff
core   0: 0xffffffff800032b4 (0x01956e93) ori     t4, a0, 25
3 0x800032b4 (0x01956e93) x29 0x3dfc4019
core   0: 0xffffffff800032b8 (0x01f76ab3) or      s5, a4, t6
3 0x800032b8 (0x01f76ab3) x21 0xffffff0f
core   0: 0xffffffff800032bc (0x01b8d313) srli    t1, a7, 27
3 0x800032bc (0x01b8d313) x 6 0x00000000
core   0: 0xffffffff800032c0 (0x02e00893) li      a7, 46
3 0x800032c0 (0x02e00893) x17 0x0000002e
core   0: 0xffffffff800032c4 (0x41db5093) srai    ra, s6, 29
3 0x800032c4 (0x41db5093) x 1 0xfffffffe
core   0: 0xffffffff800032c8 (0xde5bab93) slti    s7, s7, -539
3 0x800032c8 (0xde5bab93) x23 0x00000000
core   0: 0xffffffff800032cc (0x001ff333) and     t1, t6, ra
3 0x800032cc (0x001ff333) x 6 0xfffffc02
core   0: 0xffffffff800032d0 (0x3c15dc17) auipc   s8, 0x3c15d
3 0x800032d0 (0x3c15dc17) x24 0xbc1602d0
core   0: 0xffffffff800032d4 (0x0185e933) or      s2, a1, s8
3 0x800032d4 (0x0185e933) x18 0xfffffef6
core   0: 0xffffffff800032d8 (0xd795c893) xori    a7, a1, -647
3 0x800032d8 (0xd795c893) x17 0x000001df
core   0: 0xffffffff800032dc (0x4031d5b3) sra     a1, gp, gp
3 0x800032dc (0x4031d5b3) x11 0xff3ccc00
core   0: 0xffffffff800032e0 (0x008af333) and     t1, s5, s0
3 0x800032e0 (0x008af333) x 6 0x0000030b
core   0: 0xffffffff800032e4 (0x00240633) add     a2, s0, sp
3 0x800032e4 (0x00240633) x12 0x0000035c
core   0: 0xffffffff800032e8 (0x40845e13) srai    t3, s0, 8
3 0x800032e8 (0x40845e13) x28 0x00000003
core   0: 0xffffffff800032ec (0x006b6f33) or      t5, s6, t1
3 0x800032ec (0x006b6f33) x30 0xd49223fb
core   0: 0xffffffff800032f0 (0x003f4533) xor     a0, t5, gp
3 0x800032f0 (0x003f4533) x10 0x2baeeffb
core   0: 0xffffffff800032f4 (0x40995c93) srai    s9, s2, 9
3 0x800032f4 (0x40995c93) x25 0xffffffff
core   0: 0xffffffff800032f8 (0x01f09db3) sll     s11, ra, t6
3 0x800032f8 (0x01f09db3) x27 0xfffffff8
core   0: 0xffffffff800032fc (0x77323217) auipc   tp, 0x77323
3 0x800032fc (0x77323217) x 4 0xf73262fc
core   0: 0xffffffff80003300 (0x00000013) nop
3 0x80003300 (0x00000013)
core   0: 0xffffffff80003304 (0x110e6c17) auipc   s8, 0x110e6
3 0x80003304 (0x110e6c17) x24 0x910e9304
core   0: 0xffffffff80003308 (0x01af9b93) slli    s7, t6, 26
3 0x80003308 (0x01af9b93) x23 0x08000000
core   0: 0xffffffff8000330c (0x41c087b3) sub     a5, ra, t3
3 0x8000330c (0x41c087b3) x15 0xfffffffb
core   0: 0xffffffff80003310 (0x01f89e93) slli    t4, a7, 31
3 0x80003310 (0x01f89e93) x29 0x80000000
core   0: 0xffffffff80003314 (0x003b73b3) and     t2, s6, gp
3 0x80003314 (0x003b73b3) x 7 0xd4100000
core   0: 0xffffffff80003318 (0x01326833) or      a6, tp, s3
3 0x80003318 (0x01326833) x16 0xf73262fd
core   0: 0xffffffff8000331c (0x4078dfb3) sra     t6, a7, t2
3 0x8000331c (0x4078dfb3) x31 0x000001df
core   0: 0xffffffff80003320 (0x21e96213) ori     tp, s2, 542
3 0x80003320 (0x21e96213) x 4 0xfffffefe
core   0: 0xffffffff80003324 (0x01d34f33) xor     t5, t1, t4
3 0x80003324 (0x01d34f33) x30 0x8000030b
core   0: 0xffffffff80003328 (0x000423b3) slt     t2, s0, zero
3 0x80003328 (0x000423b3) x 7 0x00000000
core   0: 0xffffffff8000332c (0x413ddc33) sra     s8, s11, s3
3 0x8000332c (0x413ddc33) x24 0xfffffffc
core   0: 0xffffffff80003330 (0x01705933) srl     s2, zero, s7
3 0x80003330 (0x01705933) x18 0x00000000
core   0: 0xffffffff80003334 (0x01eea9b3) slt     s3, t4, t5
3 0x80003334 (0x01eea9b3) x19 0x00000001
core   0: 0xffffffff80003338 (0x29563013) sltiu   zero, a2, 661
3 0x80003338 (0x29563013)
core   0: 0xffffffff8000333c (0x00000013) nop
3 0x8000333c (0x00000013)
core   0: 0xffffffff80003340 (0x4031d933) sra     s2, gp, gp
3 0x80003340 (0x4031d933) x18 0xff3ccc00
core   0: 0xffffffff80003344 (0x00998633) add     a2, s3, s1
3 0x80003344 (0x00998633) x12 0x80010e65
core   0: 0xffffffff80003348 (0x012b07b3) add     a5, s6, s2
3 0x80003348 (0x012b07b3) x15 0xd3ceeef9
core   0: 0xffffffff8000334c (0x01c4c633) xor     a2, s1, t3
3 0x8000334c (0x01c4c633) x12 0x80010e67
core   0: 0xffffffff80003350 (0x05b92813) slti    a6, s2, 91
3 0x80003350 (0x05b92813) x16 0x00000001
core   0: 0xffffffff80003354 (0x00501813) slli    a6, zero, 5
3 0x80003354 (0x00501813) x16 0x00000000
core   0: 0xffffffff80003358 (0x41235893) srai    a7, t1, 18
3 0x80003358 (0x41235893) x17 0x00000000
core   0: 0xffffffff8000335c (0x01261f93) slli    t6, a2, 18
3 0x8000335c (0x01261f93) x31 0x399c0000
core   0: 0xffffffff80003360 (0x40fb8cb3) sub     s9, s7, a5
3 0x80003360 (0x40fb8cb3) x25 0x34311107
core   0: 0xffffffff80003364 (0x37a4bf93) sltiu   t6, s1, 890
3 0x80003364 (0x37a4bf93) x31 0x00000000
core   0: 0xffffffff80003368 (0x00f59833) sll     a6, a1, a5
3 0x80003368 (0x00f59833) x16 0x00000000
core   0: 0xffffffff8000336c (0x00ac5693) srli    a3, s8, 10
3 0x8000336c (0x00ac5693) x13 0x003fffff
core   0: 0xffffffff80003370 (0x55a51397) auipc   t2, 0x55a51
3 0x80003370 (0x55a51397) x 7 0xd5a54370
core   0: 0xffffffff80003374 (0x40535533) sra     a0, t1, t0
3 0x80003374 (0x40535533) x10 0x0000000c
core   0: 0xffffffff80003378 (0x0f7ec993) xori    s3, t4, 247
3 0x80003378 (0x0f7ec993) x19 0x800000f7
core   0: 0xffffffff8000337c (0x00acddb3) srl     s11, s9, a0
3 0x8000337c (0x00acddb3) x27 0x00034311
core   0: 0xffffffff80003380 (0x00bd9b93) slli    s7, s11, 11
3 0x80003380 (0x00bd9b93) x23 0x1a188800
core   0: 0xffffffff80003384 (0x33b8bd93) sltiu   s11, a7, 827
3 0x80003384 (0x33b8bd93) x27 0x00000001
core   0: 0xffffffff80003388 (0x016ae9b3) or      s3, s5, s6
3 0x80003388 (0x016ae9b3) x19 0xffffffff
core   0: 0xffffffff8000338c (0x400d0c33) sub     s8, s10, zero
3 0x8000338c (0x400d0c33) x24 0xd4922567
core   0: 0xffffffff80003390 (0xfed52213) slti    tp, a0, -19
3 0x80003390 (0xfed52213) x 4 0x00000000
core   0: 0xffffffff80003394 (0x01d403b3) add     t2, s0, t4
3 0x80003394 (0x01d403b3) x 7 0x8000035b
core   0: 0xffffffff80003398 (0x00f83cb3) sltu    s9, a6, a5
3 0x80003398 (0x00f83cb3) x25 0x00000001
core   0: 0xffffffff8000339c (0x01879713) slli    a4, a5, 24
3 0x8000339c (0x01879713) x14 0xf9000000
core   0: 0xffffffff800033a0 (0xa3062f37) lui     t5, 0xa3062
3 0x800033a0 (0xa3062f37) x30 0xa3062000
core   0: 0xffffffff800033a4 (0x0040adb3) slt     s11, ra, tp
3 0x800033a4 (0x0040adb3) x27 0x00000001
core   0: 0xffffffff800033a8 (0x01d2f1b3) and     gp, t0, t4
3 0x800033a8 (0x01d2f1b3) x 3 0x80000000
core   0: 0xffffffff800033ac (0x07f2a313) slti    t1, t0, 127
3 0x800033ac (0x07f2a313) x 6 0x00000001
core   0: 0xffffffff800033b0 (0x00000013) nop
3 0x800033b0 (0x00000013)
core   0: 0xffffffff800033b4 (0x004b4b33) xor     s6, s6, tp
3 0x800033b4 (0x004b4b33) x22 0xd49222f9
core   0: 0xffffffff800033b8 (0x01795f93) srli    t6, s2, 23
3 0x800033b8 (0x01795f93) x31 0x000001fe
core   0: 0xffffffff800033bc (0x0075bf33) sltu    t5, a1, t2
3 0x800033bc (0x0075bf33) x30 0x00000000
core   0: 0xffffffff800033c0 (0x001c9413) slli    s0, s9, 1
3 0x800033c0 (0x001c9413) x 8 0x00000002
core   0: 0xffffffff800033c4 (0xc46a8593) addi    a1, s5, -954
3 0x800033c4 (0xc46a8593) x11 0xfffffb55
core   0: 0xffffffff800033c8 (0x02e52613) slti    a2, a0, 46
3 0x800033c8 (0x02e52613) x12 0x00000001
core   0: 0xffffffff800033cc (0x01e29b13) slli    s6, t0, 30
3 0x800033cc (0x01e29b13) x22 0x80000000
core   0: 0xffffffff800033d0 (0x2077cb17) auipc   s6, 0x2077c
3 0x800033d0 (0x2077cb17) x22 0xa077f3d0
core   0: 0xffffffff800033d4 (0x00e82fb3) slt     t6, a6, a4
3 0x800033d4 (0x00e82fb3) x31 0x00000000
core   0: 0xffffffff800033d8 (0x006773b3) and     t2, a4, t1
3 0x800033d8 (0x006773b3) x 7 0x00000000
core   0: 0xffffffff800033dc (0x01665f13) srli    t5, a2, 22
3 0x800033dc (0x01665f13) x30 0x00000000
core   0: 0xffffffff800033e0 (0x3eee2713) slti    a4, t3, 1006
3 0x800033e0 (0x3eee2713) x14 0x00000001
core   0: 0xffffffff800033e4 (0x40bfd313) srai    t1, t6, 11
3 0x800033e4 (0x40bfd313) x 6 0x00000000
core   0: 0xffffffff800033e8 (0xf55a2313) slti    t1, s4, -171
3 0x800033e8 (0xf55a2313) x 6 0x00000001
core   0: 0xffffffff800033ec (0x48502717) auipc   a4, 0x48502
3 0x800033ec (0x48502717) x14 0xc85053ec
core   0: 0xffffffff800033f0 (0xf39cc393) xori    t2, s9, -199
3 0x800033f0 (0xf39cc393) x 7 0xffffff38
core   0: 0xffffffff800033f4 (0x01f562b3) or      t0, a0, t6
3 0x800033f4 (0x01f562b3) x 5 0x0000000c
core   0: 0xffffffff800033f8 (0x01c55733) srl     a4, a0, t3
3 0x800033f8 (0x01c55733) x14 0x00000001
core   0: 0xffffffff800033fc (0x0048ff33) and     t5, a7, tp
3 0x800033fc (0x0048ff33) x30 0x00000000
core   0: 0xffffffff80003400 (0x00b7b6b3) sltu    a3, a5, a1
3 0x80003400 (0x00b7b6b3) x13 0x00000001
core   0: 0xffffffff80003404 (0x016662b3) or      t0, a2, s6
3 0x80003404 (0x016662b3) x 5 0xa077f3d1
core   0: 0xffffffff80003408 (0xb12dfcb7) lui     s9, 0xb12df
3 0x80003408 (0xb12dfcb7) x25 0xb12df000
core   0: 0xffffffff8000340c (0x20b3eb17) auipc   s6, 0x20b3e
3 0x8000340c (0x20b3eb17) x22 0xa0b4140c
core   0: 0xffffffff80003410 (0x00f75cb3) srl     s9, a4, a5
3 0x80003410 (0x00f75cb3) x25 0x00000000
core   0: 0xffffffff80003414 (0x40f50633) sub     a2, a0, a5
3 0x80003414 (0x40f50633) x12 0x2c311113
core   0: 0xffffffff80003418 (0x10b94693) xori    a3, s2, 267
3 0x80003418 (0x10b94693) x13 0xff3ccd0b
core   0: 0xffffffff8000341c (0x01ecdb13) srli    s6, s9, 30
3 0x8000341c (0x01ecdb13) x22 0x00000000
core   0: 0xffffffff80003420 (0x001b6093) ori     ra, s6, 1
3 0x80003420 (0x001b6093) x 1 0x00000001
core   0: 0xffffffff80003424 (0x01848cb3) add     s9, s1, s8
3 0x80003424 (0x01848cb3) x25 0x549333cb
core   0: 0xffffffff80003428 (0x000c93b3) sll     t2, s9, zero
3 0x80003428 (0x000c93b3) x 7 0x549333cb
core   0: 0xffffffff8000342c (0x00a39b13) slli    s6, t2, 10
3 0x8000342c (0x00a39b13) x22 0x4ccf2c00
core   0: 0xffffffff80003430 (0x00fb03b3) add     t2, s6, a5
3 0x80003430 (0x00fb03b3) x 7 0x209e1af9
core   0: 0xffffffff80003434 (0x01884eb3) xor     t4, a6, s8
3 0x80003434 (0x01884eb3) x29 0xd4922567
core   0: 0xffffffff80003438 (0x0d840e13) addi    t3, s0, 216
3 0x80003438 (0x0d840e13) x28 0x000000da
core   0: 0xffffffff8000343c (0x003473b3) and     t2, s0, gp
3 0x8000343c (0x003473b3) x 7 0x00000000
core   0: 0xffffffff80003440 (0xf294b293) sltiu   t0, s1, -215
3 0x80003440 (0xf294b293) x 5 0x00000001
core   0: 0xffffffff80003444 (0x01fc7fb3) and     t6, s8, t6
3 0x80003444 (0x01fc7fb3) x31 0x00000000
core   0: 0xffffffff80003448 (0x00ea1013) slli    zero, s4, 14
3 0x80003448 (0x00ea1013)
core   0: 0xffffffff8000344c (0x00f6f433) and     s0, a3, a5
3 0x8000344c (0x00f6f433) x 8 0xd30ccc09
core   0: 0xffffffff80003450 (0x01ef3eb3) sltu    t4, t5, t5
3 0x80003450 (0x01ef3eb3) x29 0x00000000
core   0: 0xffffffff80003454 (0x41328233) sub     tp, t0, s3
3 0x80003454 (0x41328233) x 4 0x00000002
core   0: 0xffffffff80003458 (0x91ccdf17) auipc   t5, 0x91ccd
3 0x80003458 (0x91ccdf17) x30 0x11cd0458
core   0: 0xffffffff8000345c (0x01b750b3) srl     ra, a4, s11
3 0x8000345c (0x01b750b3) x 1 0x00000000
core   0: 0xffffffff80003460 (0x40f90bb3) sub     s7, s2, a5
3 0x80003460 (0x40f90bb3) x23 0x2b6ddd07
core   0: 0xffffffff80003464 (0x6a1bae17) auipc   t3, 0x6a1ba
3 0x80003464 (0x6a1bae17) x28 0xea1bd464
core   0: 0xffffffff80003468 (0x0103a933) slt     s2, t2, a6
3 0x80003468 (0x0103a933) x18 0x00000000
core   0: 0xffffffff8000346c (0x412addb3) sra     s11, s5, s2
3 0x8000346c (0x412addb3) x27 0xffffff0f
core   0: 0xffffffff80003470 (0x3377cb93) xori    s7, a5, 823
3 0x80003470 (0x3377cb93) x23 0xd3ceedce
core   0: 0xffffffff80003474 (0x011fbf33) sltu    t5, t6, a7
3 0x80003474 (0x011fbf33) x30 0x00000000
core   0: 0xffffffff80003478 (0xef1c6513) ori     a0, s8, -271
3 0x80003478 (0xef1c6513) x10 0xfffffff7
core   0: 0xffffffff8000347c (0x0155f0b3) and     ra, a1, s5
3 0x8000347c (0x0155f0b3) x 1 0xfffffb05
core   0: 0xffffffff80003480 (0x40f18db3) sub     s11, gp, a5
3 0x80003480 (0x40f18db3) x27 0xac311107
core   0: 0xffffffff80003484 (0x015a9033) sll     zero, s5, s5
3 0x80003484 (0x015a9033)
core   0: 0xffffffff80003488 (0x0004d8b3) srl     a7, s1, zero
3 0x80003488 (0x0004d8b3) x17 0x80010e64
core   0: 0xffffffff8000348c (0x41e95e93) srai    t4, s2, 30
3 0x8000348c (0x41e95e93) x29 0x00000000
core   0: 0xffffffff80003490 (0xfbc08893) addi    a7, ra, -68
3 0x80003490 (0xfbc08893) x17 0xfffffac1
core   0: 0xffffffff80003494 (0x00ece333) or      t1, s9, a4
3 0x80003494 (0x00ece333) x 6 0x549333cb
core   0: 0xffffffff80003498 (0x90b46817) auipc   a6, 0x90b46
3 0x80003498 (0x90b46817) x16 0x10b49498
core   0: 0xffffffff8000349c (0xe3cb3193) sltiu   gp, s6, -452
3 0x8000349c (0xe3cb3193) x 3 0x00000001
core   0: 0xffffffff800034a0 (0x0069e3b3) or      t2, s3, t1
3 0x800034a0 (0x0069e3b3) x 7 0xffffffff
core   0: 0xffffffff800034a4 (0x00b6a7b3) slt     a5, a3, a1
3 0x800034a4 (0x00b6a7b3) x15 0x00000001
core   0: 0xffffffff800034a8 (0x00739513) slli    a0, t2, 7
3 0x800034a8 (0x00739513) x10 0xffffff80
core   0: 0xffffffff800034ac (0x13066d93) ori     s11, a2, 304
3 0x800034ac (0x13066d93) x27 0x2c311133
core   0: 0xffffffff800034b0 (0xc4794113) xori    sp, s2, -953
3 0x800034b0 (0xc4794113) x 2 0xfffffc47
core   0: 0xffffffff800034b4 (0x013320b3) slt     ra, t1, s3
3 0x800034b4 (0x013320b3) x 1 0x00000000
core   0: 0xffffffff800034b8 (0x419a8933) sub     s2, s5, s9
3 0x800034b8 (0x419a8933) x18 0xab6ccb44
core   0: 0xffffffff800034bc (0xc2b08a93) addi    s5, ra, -981
3 0x800034bc (0xc2b08a93) x21 0xfffffc2b
core   0: 0xffffffff800034c0 (0x00d09c33) sll     s8, ra, a3
3 0x800034c0 (0x00d09c33) x24 0x00000000
core   0: 0xffffffff800034c4 (0x0068c2b3) xor     t0, a7, t1
3 0x800034c4 (0x0068c2b3) x 5 0xab6cc90a
core   0: 0xffffffff800034c8 (0xc56b6037) lui     zero, 0xc56b6
3 0x800034c8 (0xc56b6037)
core   0: 0xffffffff800034cc (0x000adc93) srli    s9, s5, 0
3 0x800034cc (0x000adc93) x25 0xfffffc2b
core   0: 0xffffffff800034d0 (0x13e4e813) ori     a6, s1, 318
3 0x800034d0 (0x13e4e813) x16 0x80010f7e
core   0: 0xffffffff800034d4 (0xe0a57793) andi    a5, a0, -502
3 0x800034d4 (0xe0a57793) x15 0xfffffe00
core   0: 0xffffffff800034d8 (0x14fb8b93) addi    s7, s7, 335
3 0x800034d8 (0x14fb8b93) x23 0xd3ceef1d
core   0: 0xffffffff800034dc (0x40c9de93) srai    t4, s3, 12
3 0x800034dc (0x40c9de93) x29 0xffffffff
core   0: 0xffffffff800034e0 (0x009243b3) xor     t2, tp, s1
3 0x800034e0 (0x009243b3) x 7 0x80010e66
core   0: 0xffffffff800034e4 (0x419a5a93) srai    s5, s4, 25
3 0x800034e4 (0x419a5a93) x21 0xffffffc0
core   0: 0xffffffff800034e8 (0x0100ef33) or      t5, ra, a6
3 0x800034e8 (0x0100ef33) x30 0x80010f7e
core   0: 0xffffffff800034ec (0x41b60c33) sub     s8, a2, s11
3 0x800034ec (0x41b60c33) x24 0xffffffe0
core   0: 0xffffffff800034f0 (0x01e8b933) sltu    s2, a7, t5
3 0x800034f0 (0x01e8b933) x18 0x00000000
core   0: 0xffffffff800034f4 (0x003d9d93) slli    s11, s11, 3
3 0x800034f4 (0x003d9d93) x27 0x61888998
core   0: 0xffffffff800034f8 (0x014396b3) sll     a3, t2, s4
3 0x800034f8 (0x014396b3) x13 0x0010e660
core   0: 0xffffffff800034fc (0x009a1433) sll     s0, s4, s1
3 0x800034fc (0x009a1433) x 8 0x0014ce40
core   0: 0xffffffff80003500 (0x01ac56b3) srl     a3, s8, s10
3 0x80003500 (0x01ac56b3) x13 0x01ffffff
core   0: 0xffffffff80003504 (0x01711013) slli    zero, sp, 23
3 0x80003504 (0x01711013)
core   0: 0xffffffff80003508 (0xf14e8893) addi    a7, t4, -236
3 0x80003508 (0xf14e8893) x17 0xffffff13
core   0: 0xffffffff8000350c (0x00f01e93) slli    t4, zero, 15
3 0x8000350c (0x00f01e93) x29 0x00000000
core   0: 0xffffffff80003510 (0x087e7f93) andi    t6, t3, 135
3 0x80003510 (0x087e7f93) x31 0x00000004
core   0: 0xffffffff80003514 (0x01b19cb3) sll     s9, gp, s11
3 0x80003514 (0x01b19cb3) x25 0x01000000
core   0: 0xffffffff80003518 (0x01cb6233) or      tp, s6, t3
3 0x80003518 (0x01cb6233) x 4 0xeedffc64
core   0: 0xffffffff8000351c (0x01a03633) snez    a2, s10
3 0x8000351c (0x01a03633) x12 0x00000001
core   0: 0xffffffff80003520 (0xe9ed4693) xori    a3, s10, -354
3 0x80003520 (0xe9ed4693) x13 0x2b6ddbf9
core   0: 0xffffffff80003524 (0xff38a293) slti    t0, a7, -13
3 0x80003524 (0xff38a293) x 5 0x00000001
core   0: 0xffffffff80003528 (0x018d5db3) srl     s11, s10, s8
3 0x80003528 (0x018d5db3) x27 0xd4922567
core   0: 0xffffffff8000352c (0x0067bcb3) sltu    s9, a5, t1
3 0x8000352c (0x0067bcb3) x25 0x00000000
core   0: 0xffffffff80003530 (0x00c17e33) and     t3, sp, a2
3 0x80003530 (0x00c17e33) x28 0x00000001
core   0: 0xffffffff80003534 (0x0bd5a193) slti    gp, a1, 189
3 0x80003534 (0x0bd5a193) x 3 0x00000001
core   0: 0xffffffff80003538 (0xddd47913) andi    s2, s0, -547
3 0x80003538 (0xddd47913) x18 0x0014cc40
core   0: 0xffffffff8000353c (0x400e8eb3) sub     t4, t4, zero
3 0x8000353c (0x400e8eb3) x29 0x00000000
core   0: 0xffffffff80003540 (0x9530d617) auipc   a2, 0x9530d
3 0x80003540 (0x9530d617) x12 0x15310540
core   0: 0xffffffff80003544 (0xd7e9c693) xori    a3, s3, -642
3 0x80003544 (0xd7e9c693) x13 0x00000281
core   0: 0xffffffff80003548 (0x00000013) nop
3 0x80003548 (0x00000013)
core   0: 0xffffffff8000354c (0x402d8833) sub     a6, s11, sp
3 0x8000354c (0x402d8833) x16 0xd4922920
core   0: 0xffffffff80003550 (0x40d70c33) sub     s8, a4, a3
3 0x80003550 (0x40d70c33) x24 0xfffffd80
core   0: 0xffffffff80003554 (0x01e95e33) srl     t3, s2, t5
3 0x80003554 (0x01e95e33) x28 0x00000000
core   0: 0xffffffff80003558 (0x0095c2b3) xor     t0, a1, s1
3 0x80003558 (0x0095c2b3) x 5 0x7ffef531
core   0: 0xffffffff8000355c (0xe212c413) xori    s0, t0, -479
3 0x8000355c (0xe212c413) x 8 0x80010b10
core   0: 0xffffffff80003560 (0x0000d7b3) srl     a5, ra, zero
3 0x80003560 (0x0000d7b3) x15 0x00000000
core   0: 0xffffffff80003564 (0x4116d833) sra     a6, a3, a7
3 0x80003564 (0x4116d833) x16 0x00000000
core   0: 0xffffffff80003568 (0x147df417) auipc   s0, 0x147df
3 0x80003568 (0x147df417) x 8 0x947e2568
core   0: 0xffffffff8000356c (0x0171f1b3) and     gp, gp, s7
3 0x8000356c (0x0171f1b3) x 3 0x00000001
core   0: 0xffffffff80003570 (0x404758b3) sra     a7, a4, tp
3 0x80003570 (0x404758b3) x17 0x00000000
core   0: 0xffffffff80003574 (0x0083b733) sltu    a4, t2, s0
3 0x80003574 (0x0083b733) x14 0x00000001
core   0: 0xffffffff80003578 (0xbd132cb7) lui     s9, 0xbd132
3 0x80003578 (0xbd132cb7) x25 0xbd132000
core   0: 0xffffffff8000357c (0x00c91833) sll     a6, s2, a2
3 0x8000357c (0x00c91833) x16 0x0014cc40
core   0: 0xffffffff80003580 (0x01fd9433) sll     s0, s11, t6
3 0x80003580 (0x01fd9433) x 8 0x49225670
core   0: 0xffffffff80003584 (0x01fb1813) slli    a6, s6, 31
3 0x80003584 (0x01fb1813) x16 0x00000000
core   0: 0xffffffff80003588 (0x36ad8613) addi    a2, s11, 874
3 0x80003588 (0x36ad8613) x12 0xd49228d1
core   0: 0xffffffff8000358c (0x0192c6b3) xor     a3, t0, s9
3 0x8000358c (0x0192c6b3) x13 0xc2edd531
core   0: 0xffffffff80003590 (0x01888db3) add     s11, a7, s8
3 0x80003590 (0x01888db3) x27 0xfffffd80
core   0: 0xffffffff80003594 (0x23d37d93) andi    s11, t1, 573
3 0x80003594 (0x23d37d93) x27 0x00000209
core   0: 0xffffffff80003598 (0x17d42313) slti    t1, s0, 381
3 0x80003598 (0x17d42313) x 6 0x00000000
core   0: 0xffffffff8000359c (0x00000013) nop
3 0x8000359c (0x00000013)
core   0: 0xffffffff800035a0 (0xcd1ae5b7) lui     a1, 0xcd1ae
3 0x800035a0 (0xcd1ae5b7) x11 0xcd1ae000
core   0: 0xffffffff800035a4 (0x00249f13) slli    t5, s1, 2
3 0x800035a4 (0x00249f13) x30 0x00043990
core   0: 0xffffffff800035a8 (0x41845113) srai    sp, s0, 24
3 0x800035a8 (0x41845113) x 2 0x00000049
core   0: 0xffffffff800035ac (0x01e42cb3) slt     s9, s0, t5
3 0x800035ac (0x01e42cb3) x25 0x00000000
core   0: 0xffffffff800035b0 (0x070eff93) andi    t6, t4, 112
3 0x800035b0 (0x070eff93) x31 0x00000000
core   0: 0xffffffff800035b4 (0x1de53713) sltiu   a4, a0, 478
3 0x800035b4 (0x1de53713) x14 0x00000000
core   0: 0xffffffff800035b8 (0x01eadf13) srli    t5, s5, 30
3 0x800035b8 (0x01eadf13) x30 0x00000003
core   0: 0xffffffff800035bc (0x40b48833) sub     a6, s1, a1
3 0x800035bc (0x40b48833) x16 0xb2e62e64
core   0: 0xffffffff800035c0 (0x01c57893) andi    a7, a0, 28
3 0x800035c0 (0x01c57893) x17 0x00000000
core   0: 0xffffffff800035c4 (0x012b18b3) sll     a7, s6, s2
3 0x800035c4 (0x012b18b3) x17 0x4ccf2c00
core   0: 0xffffffff800035c8 (0x01fd0233) add     tp, s10, t6
3 0x800035c8 (0x01fd0233) x 4 0xd4922567
core   0: 0xffffffff800035cc (0x40fc5b13) srai    s6, s8, 15
3 0x800035cc (0x40fc5b13) x22 0xffffffff
core   0: 0xffffffff800035d0 (0x14dbed93) ori     s11, s7, 333
3 0x800035d0 (0x14dbed93) x27 0xd3ceef5d
core   0: 0xffffffff800035d4 (0xf1d30013) addi    zero, t1, -227
3 0x800035d4 (0xf1d30013)
core   0: 0xffffffff800035d8 (0x058b2a93) slti    s5, s6, 88
3 0x800035d8 (0x058b2a93) x21 0x00000001
core   0: 0xffffffff800035dc (0x3fa7ed93) ori     s11, a5, 1018
3 0x800035dc (0x3fa7ed93) x27 0x000003fa
core   0: 0xffffffff800035e0 (0x01aa2cb3) slt     s9, s4, s10
3 0x800035e0 (0x01aa2cb3) x25 0x00000001
core   0: 0xffffffff800035e4 (0x000e5333) srl     t1, t3, zero
3 0x800035e4 (0x000e5333) x 6 0x00000000
core   0: 0xffffffff800035e8 (0x411e0533) sub     a0, t3, a7
3 0x800035e8 (0x411e0533) x10 0xb330d400
core   0: 0xffffffff800035ec (0x013a2cb3) slt     s9, s4, s3
3 0x800035ec (0x013a2cb3) x25 0x00000001
core   0: 0xffffffff800035f0 (0x01cd9133) sll     sp, s11, t3
3 0x800035f0 (0x01cd9133) x 2 0x000003fa
core   0: 0xffffffff800035f4 (0x00960633) add     a2, a2, s1
3 0x800035f4 (0x00960633) x12 0x54933735
core   0: 0xffffffff800035f8 (0x4084d933) sra     s2, s1, s0
3 0x800035f8 (0x4084d933) x18 0xffff8001
core   0: 0xffffffff800035fc (0x00767f33) and     t5, a2, t2
3 0x800035fc (0x00767f33) x30 0x00010624
core   0: 0xffffffff80003600 (0x41858f33) sub     t5, a1, s8
3 0x80003600 (0x41858f33) x30 0xcd1ae280
core   0: 0xffffffff80003604 (0x2fe58013) addi    zero, a1, 766
3 0x80003604 (0x2fe58013)
core   0: 0xffffffff80003608 (0x00bd4933) xor     s2, s10, a1
3 0x80003608 (0x00bd4933) x18 0x1988c567
core   0: 0xffffffff8000360c (0x0164d893) srli    a7, s1, 22
3 0x8000360c (0x0164d893) x17 0x00000200
core   0: 0xffffffff80003610 (0x418cd713) srai    a4, s9, 24
3 0x80003610 (0x418cd713) x14 0x00000000
core   0: 0xffffffff80003614 (0xeaba7713) andi    a4, s4, -341
3 0x80003614 (0xeaba7713) x14 0x80014ca0
core   0: 0xffffffff80003618 (0x00e7ceb3) xor     t4, a5, a4
3 0x80003618 (0x00e7ceb3) x29 0x80014ca0
core   0: 0xffffffff8000361c (0x00f460b3) or      ra, s0, a5
3 0x8000361c (0x00f460b3) x 1 0x49225670
core   0: 0xffffffff80003620 (0x3c1a7513) andi    a0, s4, 961
3 0x80003620 (0x3c1a7513) x10 0x000000c0
core   0: 0xffffffff80003624 (0x01f95733) srl     a4, s2, t6
3 0x80003624 (0x01f95733) x14 0x1988c567
core   0: 0xffffffff80003628 (0x0020db13) srli    s6, ra, 2
3 0x80003628 (0x0020db13) x22 0x1248959c
core   0: 0xffffffff8000362c (0x1ab73593) sltiu   a1, a4, 427
3 0x8000362c (0x1ab73593) x11 0x00000000
core   0: 0xffffffff80003630 (0xf6454693) xori    a3, a0, -156
3 0x80003630 (0xf6454693) x13 0xffffffa4
core   0: 0xffffffff80003634 (0x0174f8b3) and     a7, s1, s7
3 0x80003634 (0x0174f8b3) x17 0x80000e04
core   0: 0xffffffff80003638 (0x01b107b3) add     a5, sp, s11
3 0x80003638 (0x01b107b3) x15 0x000007f4
core   0: 0xffffffff8000363c (0x005f50b3) srl     ra, t5, t0
3 0x8000363c (0x005f50b3) x 1 0x0000668d
core   0: 0xffffffff80003640 (0x00a59e93) slli    t4, a1, 10
3 0x80003640 (0x00a59e93) x29 0x00000000
core   0: 0xffffffff80003644 (0x01835a93) srli    s5, t1, 24
3 0x80003644 (0x01835a93) x21 0x00000000
core   0: 0xffffffff80003648 (0x004149b3) xor     s3, sp, tp
3 0x80003648 (0x004149b3) x19 0xd492269d
core   0: 0xffffffff8000364c (0x29aec813) xori    a6, t4, 666
3 0x8000364c (0x29aec813) x16 0x0000029a
core   0: 0xffffffff80003650 (0x2be4e913) ori     s2, s1, 702
3 0x80003650 (0x2be4e913) x18 0x80010efe
core   0: 0xffffffff80003654 (0x00b69533) sll     a0, a3, a1
3 0x80003654 (0x00b69533) x10 0xffffffa4
core   0: 0xffffffff80003658 (0x00c36ab3) or      s5, t1, a2
3 0x80003658 (0x00c36ab3) x21 0x54933735
core   0: 0xffffffff8000365c (0xe2818e93) addi    t4, gp, -472
3 0x8000365c (0xe2818e93) x29 0xfffffe29
core   0: 0xffffffff80003660 (0x00dad293) srli    t0, s5, 13
3 0x80003660 (0x00dad293) x 5 0x0002a499
core   0: 0xffffffff80003664 (0x403f0033) sub     zero, t5, gp
3 0x80003664 (0x403f0033)
core   0: 0xffffffff80003668 (0x1189f413) andi    s0, s3, 280
3 0x80003668 (0x1189f413) x 8 0x00000018
core   0: 0xffffffff8000366c (0x0ef060b7) lui     ra, 0xef06
3 0x8000366c (0x0ef060b7) x 1 0x0ef06000
core   0: 0xffffffff80003670 (0x01f31793) slli    a5, t1, 31
3 0x80003670 (0x01f31793) x15 0x00000000
core   0: 0xffffffff80003674 (0xcf0dc613) xori    a2, s11, -784
3 0x80003674 (0xcf0dc613) x12 0xffffff0a
core   0: 0xffffffff80003678 (0x3045e713) ori     a4, a1, 772
3 0x80003678 (0x3045e713) x14 0x00000304
core   0: 0xffffffff8000367c (0x00000013) nop
3 0x8000367c (0x00000013)
core   0: 0xffffffff80003680 (0x41c15b33) sra     s6, sp, t3
3 0x80003680 (0x41c15b33) x22 0x000003fa
core   0: 0xffffffff80003684 (0x4194d293) srai    t0, s1, 25
3 0x80003684 (0x4194d293) x 5 0xffffffc0
core   0: 0xffffffff80003688 (0x01c79993) slli    s3, a5, 28
3 0x80003688 (0x01c79993) x19 0x00000000
core   0: 0xffffffff8000368c (0xe4c54593) xori    a1, a0, -436
3 0x8000368c (0xe4c54593) x11 0x000001e8
core   0: 0xffffffff80003690 (0x01b79133) sll     sp, a5, s11
3 0x80003690 (0x01b79133) x 2 0x00000000
core   0: 0xffffffff80003694 (0x007d0cb3) add     s9, s10, t2
3 0x80003694 (0x007d0cb3) x25 0x549333cd
core   0: 0xffffffff80003698 (0x01185cb3) srl     s9, a6, a7
3 0x80003698 (0x01185cb3) x25 0x00000029
core   0: 0xffffffff8000369c (0x00000013) nop
3 0x8000369c (0x00000013)
core   0: 0xffffffff800036a0 (0x00e62eb3) slt     t4, a2, a4
3 0x800036a0 (0x00e62eb3) x29 0x00000001
core   0: 0xffffffff800036a4 (0x00000013) nop
3 0x800036a4 (0x00000013)
core   0: 0xffffffff800036a8 (0x00cef7b3) and     a5, t4, a2
3 0x800036a8 (0x00cef7b3) x15 0x00000000
core   0: 0xffffffff800036ac (0x00b46ab3) or      s5, s0, a1
3 0x800036ac (0x00b46ab3) x21 0x000001f8
core   0: 0xffffffff800036b0 (0x00b55b33) srl     s6, a0, a1
3 0x800036b0 (0x00b55b33) x22 0x00ffffff
core   0: 0xffffffff800036b4 (0x00a130b3) sltu    ra, sp, a0
3 0x800036b4 (0x00a130b3) x 1 0x00000001
core   0: 0xffffffff800036b8 (0x00000013) nop
3 0x800036b8 (0x00000013)
core   0: 0xffffffff800036bc (0x006a1f13) slli    t5, s4, 6
3 0x800036bc (0x006a1f13) x30 0x00533900
core   0: 0xffffffff800036c0 (0xc27ca397) auipc   t2, 0xc27ca
3 0x800036c0 (0xc27ca397) x 7 0x427cd6c0
core   0: 0xffffffff800036c4 (0x00367633) and     a2, a2, gp
3 0x800036c4 (0x00367633) x12 0x00000000
core   0: 0xffffffff800036c8 (0xebb12813) slti    a6, sp, -325
3 0x800036c8 (0xebb12813) x16 0x00000000
core   0: 0xffffffff800036cc (0x00cc6fb3) or      t6, s8, a2
3 0x800036cc (0x00cc6fb3) x31 0xfffffd80
core   0: 0xffffffff800036d0 (0x01f5db13) srli    s6, a1, 31
3 0x800036d0 (0x01f5db13) x22 0x00000000
core   0: 0xffffffff800036d4 (0x40c180b3) sub     ra, gp, a2
3 0x800036d4 (0x40c180b3) x 1 0x00000001
core   0: 0xffffffff800036d8 (0x119e8793) addi    a5, t4, 281
3 0x800036d8 (0x119e8793) x15 0x0000011a
core   0: 0xffffffff800036dc (0x00937133) and     sp, t1, s1
3 0x800036dc (0x00937133) x 2 0x00000000
core   0: 0xffffffff800036e0 (0x01868e33) add     t3, a3, s8
3 0x800036e0 (0x01868e33) x28 0xfffffd24
core   0: 0xffffffff800036e4 (0x0ee72f13) slti    t5, a4, 238
3 0x800036e4 (0x0ee72f13) x30 0x00000000
core   0: 0xffffffff800036e8 (0x3b164c13) xori    s8, a2, 945
3 0x800036e8 (0x3b164c13) x24 0x000003b1
core   0: 0xffffffff800036ec (0x012783b3) add     t2, a5, s2
3 0x800036ec (0x012783b3) x 7 0x80011018
core   0: 0xffffffff800036f0 (0x01959e13) slli    t3, a1, 25
3 0x800036f0 (0x01959e13) x28 0xd0000000
core   0: 0xffffffff800036f4 (0x40b75b33) sra     s6, a4, a1
3 0x800036f4 (0x40b75b33) x22 0x00000003
core   0: 0xffffffff800036f8 (0x412e85b3) sub     a1, t4, s2
3 0x800036f8 (0x412e85b3) x11 0x7ffef103
core   0: 0xffffffff800036fc (0x01fb09b3) add     s3, s6, t6
3 0x800036fc (0x01fb09b3) x19 0xfffffd83
core   0: 0xffffffff80003700 (0xda01a513) slti    a0, gp, -608
3 0x80003700 (0xda01a513) x10 0x00000000
core   0: 0xffffffff80003704 (0x3ed22d93) slti    s11, tp, 1005
3 0x80003704 (0x3ed22d93) x27 0x00000001
core   0: 0xffffffff80003708 (0x00641933) sll     s2, s0, t1
3 0x80003708 (0x00641933) x18 0x00000018
core   0: 0xffffffff8000370c (0x0a192893) slti    a7, s2, 161
3 0x8000370c (0x0a192893) x17 0x00000001
core   0: 0xffffffff80003710 (0xd73e2793) slti    a5, t3, -653
3 0x80003710 (0xd73e2793) x15 0x00000001
core   0: 0xffffffff80003714 (0x165b2b13) slti    s6, s6, 357
3 0x80003714 (0x165b2b13) x22 0x00000001
core   0: 0xffffffff80003718 (0x00000013) nop
3 0x80003718 (0x00000013)
core   0: 0xffffffff8000371c (0x5f9308b7) lui     a7, 0x5f930
3 0x8000371c (0x5f9308b7) x17 0x5f930000
core   0: 0xffffffff80003720 (0xe55d2393) slti    t2, s10, -427
3 0x80003720 (0xe55d2393) x 7 0x00000001
core   0: 0xffffffff80003724 (0x1423ac93) slti    s9, t2, 322
3 0x80003724 (0x1423ac93) x25 0x00000001
core   0: 0xffffffff80003728 (0x40ac5e33) sra     t3, s8, a0
3 0x80003728 (0x40ac5e33) x28 0x000003b1
core   0: 0xffffffff8000372c (0xd748b693) sltiu   a3, a7, -652
3 0x8000372c (0xd748b693) x13 0x00000001
core   0: 0xffffffff80003730 (0x008c89b3) add     s3, s9, s0
3 0x80003730 (0x008c89b3) x19 0x00000019
core   0: 0xffffffff80003734 (0xc760df17) auipc   t5, 0xc760d
3 0x80003734 (0xc760df17) x30 0x47610734
core   0: 0xffffffff80003738 (0x78f86137) lui     sp, 0x78f86
3 0x80003738 (0x78f86137) x 2 0x78f86000
core   0: 0xffffffff8000373c (0x1b6e7293) andi    t0, t3, 438
3 0x8000373c (0x1b6e7293) x 5 0x000001b0
core   0: 0xffffffff80003740 (0x40cd5913) srai    s2, s10, 12
3 0x80003740 (0x40cd5913) x18 0xfffd4922
core   0: 0xffffffff80003744 (0x0116c833) xor     a6, a3, a7
3 0x80003744 (0x0116c833) x16 0x5f930001
core   0: 0xffffffff80003748 (0x0120f0b3) and     ra, ra, s2
3 0x80003748 (0x0120f0b3) x 1 0x00000000
core   0: 0xffffffff8000374c (0xf06f2293) slti    t0, t5, -250
3 0x8000374c (0xf06f2293) x 5 0x00000000
core   0: 0xffffffff80003750 (0x01f20533) add     a0, tp, t6
3 0x80003750 (0x01f20533) x10 0xd49222e7
core   0: 0xffffffff80003754 (0xef81e593) ori     a1, gp, -264
3 0x80003754 (0xef81e593) x11 0xfffffef9
core   0: 0xffffffff80003758 (0x00971613) slli    a2, a4, 9
3 0x80003758 (0x00971613) x12 0x00060800
core   0: 0xffffffff8000375c (0x99aa6937) lui     s2, 0x99aa6
3 0x8000375c (0x99aa6937) x18 0x99aa6000
core   0: 0xffffffff80003760 (0x00157133) and     sp, a0, ra
3 0x80003760 (0x00157133) x 2 0x00000000
core   0: 0xffffffff80003764 (0xc14be113) ori     sp, s7, -1004
3 0x80003764 (0xc14be113) x 2 0xffffff1d
core   0: 0xffffffff80003768 (0x209aa213) slti    tp, s5, 521
3 0x80003768 (0x209aa213) x 4 0x00000001
core   0: 0xffffffff8000376c (0x00000013) nop
3 0x8000376c (0x00000013)
core   0: 0xffffffff80003770 (0x4c018997) auipc   s3, 0x4c018
3 0x80003770 (0x4c018997) x19 0xcc01b770
core   0: 0xffffffff80003774 (0x01b34533) xor     a0, t1, s11
3 0x80003774 (0x01b34533) x10 0x00000001
core   0: 0xffffffff80003778 (0x0091aeb3) slt     t4, gp, s1
3 0x80003778 (0x0091aeb3) x29 0x00000000
core   0: 0xffffffff8000377c (0x00c76933) or      s2, a4, a2
3 0x8000377c (0x00c76933) x18 0x00060b04
core   0: 0xffffffff80003780 (0x404b5613) srai    a2, s6, 4
3 0x80003780 (0x404b5613) x12 0x00000000
core   0: 0xffffffff80003784 (0x01161fb3) sll     t6, a2, a7
3 0x80003784 (0x01161fb3) x31 0x00000000
core   0: 0xffffffff80003788 (0x018f5833) srl     a6, t5, s8
3 0x80003788 (0x018f5833) x16 0x000023b0
core   0: 0xffffffff8000378c (0x26e54813) xori    a6, a0, 622
3 0x8000378c (0x26e54813) x16 0x0000026f
core   0: 0xffffffff80003790 (0x01779113) slli    sp, a5, 23
3 0x80003790 (0x01779113) x 2 0x00800000
core   0: 0xffffffff80003794 (0xf9eec713) xori    a4, t4, -98
3 0x80003794 (0xf9eec713) x14 0xffffff9e
core   0: 0xffffffff80003798 (0x417fdb93) srai    s7, t6, 23
3 0x80003798 (0x417fdb93) x23 0x00000000
core   0: 0xffffffff8000379c (0x667b0097) auipc   ra, 0x667b0
3 0x8000379c (0x667b0097) x 1 0xe67b379c
core   0: 0xffffffff800037a0 (0x010e7333) and     t1, t3, a6
3 0x800037a0 (0x010e7333) x 6 0x00000221
core   0: 0xffffffff800037a4 (0x409e0c33) sub     s8, t3, s1
3 0x800037a4 (0x409e0c33) x24 0x7ffef54d
core   0: 0xffffffff800037a8 (0xc98b4eb7) lui     t4, 0xc98b4
3 0x800037a8 (0xc98b4eb7) x29 0xc98b4000
core   0: 0xffffffff800037ac (0x2f5d4b93) xori    s7, s10, 757
3 0x800037ac (0x2f5d4b93) x23 0xd4922792
core   0: 0xffffffff800037b0 (0x01cf7433) and     s0, t5, t3
3 0x800037b0 (0x01cf7433) x 8 0x00000330
core   0: 0xffffffff800037b4 (0x00000013) nop
3 0x800037b4 (0x00000013)
core   0: 0xffffffff800037b8 (0x41d05013) srai    zero, zero, 29
3 0x800037b8 (0x41d05013)
core   0: 0xffffffff800037bc (0x0ee7ad93) slti    s11, a5, 238
3 0x800037bc (0x0ee7ad93) x27 0x00000001
core   0: 0xffffffff800037c0 (0x4018d1b3) sra     gp, a7, ra
3 0x800037c0 (0x4018d1b3) x 3 0x00000005
core   0: 0xffffffff800037c4 (0x31beb093) sltiu   ra, t4, 795
3 0x800037c4 (0x31beb093) x 1 0x00000000
core   0: 0xffffffff800037c8 (0x403cde33) sra     t3, s9, gp
3 0x800037c8 (0x403cde33) x28 0x00000000
core   0: 0xffffffff800037cc (0x5170f2b7) lui     t0, 0x5170f
3 0x800037cc (0x5170f2b7) x 5 0x5170f000
core   0: 0xffffffff800037d0 (0x285d7e93) andi    t4, s10, 645
3 0x800037d0 (0x285d7e93) x29 0x00000005
core   0: 0xffffffff800037d4 (0x5f6d1917) auipc   s2, 0x5f6d1
3 0x800037d4 (0x5f6d1917) x18 0xdf6d47d4
core   0: 0xffffffff800037d8 (0x01bbd433) srl     s0, s7, s11
3 0x800037d8 (0x01bbd433) x 8 0x6a4913c9
core   0: 0xffffffff800037dc (0x00535e93) srli    t4, t1, 5
3 0x800037dc (0x00535e93) x29 0x00000011
core   0: 0xffffffff800037e0 (0x3e14b193) sltiu   gp, s1, 993
3 0x800037e0 (0x3e14b193) x 3 0x00000000
core   0: 0xffffffff800037e4 (0x0000fdb3) and     s11, ra, zero
3 0x800037e4 (0x0000fdb3) x27 0x00000000
core   0: 0xffffffff800037e8 (0x00a4b7b3) sltu    a5, s1, a0
3 0x800037e8 (0x00a4b7b3) x15 0x00000000
core   0: 0xffffffff800037ec (0x008c4633) xor     a2, s8, s0
3 0x800037ec (0x008c4633) x12 0x15b7e684
core   0: 0xffffffff800037f0 (0x00000013) nop
3 0x800037f0 (0x00000013)
core   0: 0xffffffff800037f4 (0x01b025b3) slt     a1, zero, s11
3 0x800037f4 (0x01b025b3) x11 0x00000000
core   0: 0xffffffff800037f8 (0x017e97b3) sll     a5, t4, s7
3 0x800037f8 (0x017e97b3) x15 0x00440000
core   0: 0xffffffff800037fc (0x012003b3) add     t2, zero, s2
3 0x800037fc (0x012003b3) x 7 0xdf6d47d4
core   0: 0xffffffff80003800 (0x403adb93) srai    s7, s5, 3
3 0x80003800 (0x403adb93) x23 0x0000003f
core   0: 0xffffffff80003804 (0x011c39b3) sltu    s3, s8, a7
3 0x80003804 (0x011c39b3) x19 0x00000000
core   0: 0xffffffff80003808 (0x539ea9b7) lui     s3, 0x539ea
3 0x80003808 (0x539ea9b7) x19 0x539ea000
core   0: 0xffffffff8000380c (0xeed04293) xori    t0, zero, -275
3 0x8000380c (0xeed04293) x 5 0xfffffeed
core   0: 0xffffffff80003810 (0x00b23833) sltu    a6, tp, a1
3 0x80003810 (0x00b23833) x16 0x00000000
core   0: 0xffffffff80003814 (0x28d14993) xori    s3, sp, 653
3 0x80003814 (0x28d14993) x19 0x0080028d
core   0: 0xffffffff80003818 (0x01e8b7b3) sltu    a5, a7, t5
3 0x80003818 (0x01e8b7b3) x15 0x00000000
core   0: 0xffffffff8000381c (0x00b2f8b3) and     a7, t0, a1
3 0x8000381c (0x00b2f8b3) x17 0x00000000
core   0: 0xffffffff80003820 (0x01671613) slli    a2, a4, 22
3 0x80003820 (0x01671613) x12 0xe7800000
core   0: 0xffffffff80003824 (0x41afde13) srai    t3, t6, 26
3 0x80003824 (0x41afde13) x28 0x00000000
core   0: 0xffffffff80003828 (0x064d2893) slti    a7, s10, 100
3 0x80003828 (0x064d2893) x17 0x00000001
core   0: 0xffffffff8000382c (0x01eb1b13) slli    s6, s6, 30
3 0x8000382c (0x01eb1b13) x22 0x40000000
core   0: 0xffffffff80003830 (0x004c3933) sltu    s2, s8, tp
3 0x80003830 (0x004c3933) x18 0x00000000
core   0: 0xffffffff80003834 (0x0120c393) xori    t2, ra, 18
3 0x80003834 (0x0120c393) x 7 0x00000012
core   0: 0xffffffff80003838 (0xeb5fc513) xori    a0, t6, -331
3 0x80003838 (0xeb5fc513) x10 0xfffffeb5
core   0: 0xffffffff8000383c (0x00995e33) srl     t3, s2, s1
3 0x8000383c (0x00995e33) x28 0x00000000
core   0: 0xffffffff80003840 (0x410d0333) sub     t1, s10, a6
3 0x80003840 (0x410d0333) x 6 0xd4922567
core   0: 0xffffffff80003844 (0x14666913) ori     s2, a2, 326
3 0x80003844 (0x14666913) x18 0xe7800146
core   0: 0xffffffff80003848 (0x01291633) sll     a2, s2, s2
3 0x80003848 (0x01291633) x12 0xe0005180
core   0: 0xffffffff8000384c (0x00000013) nop
3 0x8000384c (0x00000013)
core   0: 0xffffffff80003850 (0x016a7433) and     s0, s4, s6
3 0x80003850 (0x016a7433) x 8 0x00000000
core   0: 0xffffffff80003854 (0xe8da6e93) ori     t4, s4, -371
3 0x80003854 (0xe8da6e93) x29 0xfffffeed
core   0: 0xffffffff80003858 (0x03430313) addi    t1, t1, 52
3 0x80003858 (0x03430313) x 6 0xd492259b
core   0: 0xffffffff8000385c (0x6139aeb7) lui     t4, 0x6139a
3 0x8000385c (0x6139aeb7) x29 0x6139a000
core   0: 0xffffffff80003860 (0x01135fb3) srl     t6, t1, a7
3 0x80003860 (0x01135fb3) x31 0x6a4912cd
core   0: 0xffffffff80003864 (0x0056c793) xori    a5, a3, 5
3 0x80003864 (0x0056c793) x15 0x00000004
core   0: 0xffffffff80003868 (0x011be0b3) or      ra, s7, a7
3 0x80003868 (0x011be0b3) x 1 0x0000003f
core   0: 0xffffffff8000386c (0x01f1d293) srli    t0, gp, 31
3 0x8000386c (0x01f1d293) x 5 0x00000000
core   0: 0xffffffff80003870 (0x00669cb3) sll     s9, a3, t1
3 0x80003870 (0x00669cb3) x25 0x08000000
core   0: 0xffffffff80003874 (0x30c60c13) addi    s8, a2, 780
3 0x80003874 (0x30c60c13) x24 0xe000548c
core   0: 0xffffffff80003878 (0x41be82b3) sub     t0, t4, s11
3 0x80003878 (0x41be82b3) x 5 0x6139a000
core   0: 0xffffffff8000387c (0x090bf313) andi    t1, s7, 144
3 0x8000387c (0x090bf313) x 6 0x00000010
core   0: 0xffffffff80003880 (0x895b0717) auipc   a4, 0x895b0
3 0x80003880 (0x895b0717) x14 0x095b3880
core   0: 0xffffffff80003884 (0x01071b13) slli    s6, a4, 16
3 0x80003884 (0x01071b13) x22 0x38800000
core   0: 0xffffffff80003888 (0x04810613) addi    a2, sp, 72
3 0x80003888 (0x04810613) x12 0x00800048
core   0: 0xffffffff8000388c (0x2d9abf13) sltiu   t5, s5, 729
3 0x8000388c (0x2d9abf13) x30 0x00000001
core   0: 0xffffffff80003890 (0x01c99e13) slli    t3, s3, 28
3 0x80003890 (0x01c99e13) x28 0xd0000000
core   0: 0xffffffff80003894 (0x00eb8b33) add     s6, s7, a4
3 0x80003894 (0x00eb8b33) x22 0x095b38bf
core   0: 0xffffffff80003898 (0x016c6533) or      a0, s8, s6
3 0x80003898 (0x016c6533) x10 0xe95b7cbf
core   0: 0xffffffff8000389c (0x41850cb3) sub     s9, a0, s8
3 0x8000389c (0x41850cb3) x25 0x095b2833
core   0: 0xffffffff800038a0 (0x00000013) nop
3 0x800038a0 (0x00000013)
core   0: 0xffffffff800038a4 (0xd4c4f213) andi    tp, s1, -692
3 0x800038a4 (0xd4c4f213) x 4 0x80010c44
core   0: 0xffffffff800038a8 (0x41380e33) sub     t3, a6, s3
3 0x800038a8 (0x41380e33) x28 0xff7ffd73
core   0: 0xffffffff800038ac (0x00903233) snez    tp, s1
3 0x800038ac (0x00903233) x 4 0x00000001
core   0: 0xffffffff800038b0 (0x11f60893) addi    a7, a2, 287
3 0x800038b0 (0x11f60893) x17 0x00800167
core   0: 0xffffffff800038b4 (0xeb088213) addi    tp, a7, -336
3 0x800038b4 (0xeb088213) x 4 0x00800017
core   0: 0xffffffff800038b8 (0xe7737313) andi    t1, t1, -393
3 0x800038b8 (0xe7737313) x 6 0x00000010
core   0: 0xffffffff800038bc (0x2e790913) addi    s2, s2, 743
3 0x800038bc (0x2e790913) x18 0xe780042d
core   0: 0xffffffff800038c0 (0xf27e6c13) ori     s8, t3, -217
3 0x800038c0 (0xf27e6c13) x24 0xffffff77
core   0: 0xffffffff800038c4 (0x327e0413) addi    s0, t3, 807
3 0x800038c4 (0x327e0413) x 8 0xff80009a
core   0: 0xffffffff800038c8 (0x01bcd9b3) srl     s3, s9, s11
3 0x800038c8 (0x01bcd9b3) x19 0x095b2833
core   0: 0xffffffff800038cc (0x40765593) srai    a1, a2, 7
3 0x800038cc (0x40765593) x11 0x00010000
core   0: 0xffffffff800038d0 (0x012a9b93) slli    s7, s5, 18
3 0x800038d0 (0x012a9b93) x23 0x07e00000
core   0: 0xffffffff800038d4 (0x3a4c2113) slti    sp, s8, 932
3 0x800038d4 (0x3a4c2113) x 2 0x00000001
core   0: 0xffffffff800038d8 (0x008adc13) srli    s8, s5, 8
3 0x800038d8 (0x008adc13) x24 0x00000001
core   0: 0xffffffff800038dc (0x41165f33) sra     t5, a2, a7
3 0x800038dc (0x41165f33) x30 0x00010000
core   0: 0xffffffff800038e0 (0x0074adb3) slt     s11, s1, t2
3 0x800038e0 (0x0074adb3) x27 0x00000001
core   0: 0xffffffff800038e4 (0x401f5833) sra     a6, t5, ra
3 0x800038e4 (0x401f5833) x16 0x00000000
core   0: 0xffffffff800038e8 (0x416dde13) srai    t3, s11, 22
3 0x800038e8 (0x416dde13) x28 0x00000000
core   0: 0xffffffff800038ec (0xcd221997) auipc   s3, 0xcd221
3 0x800038ec (0xcd221997) x19 0x4d2248ec
core   0: 0xffffffff800038f0 (0x00f2d333) srl     t1, t0, a5
3 0x800038f0 (0x00f2d333) x 6 0x06139a00
core   0: 0xffffffff800038f4 (0x40905cb3) sra     s9, zero, s1
3 0x800038f4 (0x40905cb3) x25 0x00000000
core   0: 0xffffffff800038f8 (0x4171d433) sra     s0, gp, s7
3 0x800038f8 (0x4171d433) x 8 0x00000000
core   0: 0xffffffff800038fc (0x017cebb3) or      s7, s9, s7
3 0x800038fc (0x017cebb3) x23 0x07e00000
core   0: 0xffffffff80003900 (0x00000013) nop
3 0x80003900 (0x00000013)
core   0: 0xffffffff80003904 (0x1e5e0793) addi    a5, t3, 485
3 0x80003904 (0x1e5e0793) x15 0x000001e5
core   0: 0xffffffff80003908 (0x018c58b3) srl     a7, s8, s8
3 0x80003908 (0x018c58b3) x17 0x00000000
core   0: 0xffffffff8000390c (0x33317093) andi    ra, sp, 819
3 0x8000390c (0x33317093) x 1 0x00000001
core   0: 0xffffffff80003910 (0x1bd2c093) xori    ra, t0, 445
3 0x80003910 (0x1bd2c093) x 1 0x6139a1bd
core   0: 0xffffffff80003914 (0xeb336c93) ori     s9, t1, -333
3 0x80003914 (0xeb336c93) x25 0xfffffeb3
core   0: 0xffffffff80003918 (0x05947e13) andi    t3, s0, 89
3 0x80003918 (0x05947e13) x28 0x00000000
core   0: 0xffffffff8000391c (0x3df1bf13) sltiu   t5, gp, 991
3 0x8000391c (0x3df1bf13) x30 0x00000001
core   0: 0xffffffff80003920 (0x407b0db3) sub     s11, s6, t2
3 0x80003920 (0x407b0db3) x27 0x095b38ad
core   0: 0xffffffff80003924 (0x01863233) sltu    tp, a2, s8
3 0x80003924 (0x01863233) x 4 0x00000000
core   0: 0xffffffff80003928 (0xb21ab717) auipc   a4, 0xb21ab
3 0x80003928 (0xb21ab717) x14 0x321ae928
core   0: 0xffffffff8000392c (0xcffb6113) ori     sp, s6, -769
3 0x8000392c (0xcffb6113) x 2 0xfffffcff
core   0: 0xffffffff80003930 (0x052af313) andi    t1, s5, 82
3 0x80003930 (0x052af313) x 6 0x00000050
core   0: 0xffffffff80003934 (0x926a0897) auipc   a7, 0x926a0
3 0x80003934 (0x926a0897) x17 0x126a3934
core   0: 0xffffffff80003938 (0x004d9bb3) sll     s7, s11, tp
3 0x80003938 (0x004d9bb3) x23 0x095b38ad
core   0: 0xffffffff8000393c (0xc7d63113) sltiu   sp, a2, -899
3 0x8000393c (0xc7d63113) x 2 0x00000001
core   0: 0xffffffff80003940 (0xc5aff417) auipc   s0, 0xc5aff
3 0x80003940 (0xc5aff417) x 8 0x45b02940
core   0: 0xffffffff80003944 (0x01e75c13) srli    s8, a4, 30
3 0x80003944 (0x01e75c13) x24 0x00000000
core   0: 0xffffffff80003948 (0x019209b3) add     s3, tp, s9
3 0x80003948 (0x019209b3) x19 0xfffffeb3
core   0: 0xffffffff8000394c (0xd4d0b693) sltiu   a3, ra, -691
3 0x8000394c (0xd4d0b693) x13 0x00000001
core   0: 0xffffffff80003950 (0x41d45993) srai    s3, s0, 29
3 0x80003950 (0x41d45993) x19 0x00000002
core   0: 0xffffffff80003954 (0x0dc1ee13) ori     t3, gp, 220
3 0x80003954 (0x0dc1ee13) x28 0x000000dc
core   0: 0xffffffff80003958 (0x1e583613) sltiu   a2, a6, 485
3 0x80003958 (0x1e583613) x12 0x00000001
core   0: 0xffffffff8000395c (0x09d14313) xori    t1, sp, 157
3 0x8000395c (0x09d14313) x 6 0x0000009c
core   0: 0xffffffff80003960 (0x010d3c33) sltu    s8, s10, a6
3 0x80003960 (0x010d3c33) x24 0x00000000
core   0: 0xffffffff80003964 (0x00e41113) slli    sp, s0, 14
3 0x80003964 (0x00e41113) x 2 0x0a500000
core   0: 0xffffffff80003968 (0x41f25ab3) sra     s5, tp, t6
3 0x80003968 (0x41f25ab3) x21 0x00000000
core   0: 0xffffffff8000396c (0xb597ec37) lui     s8, 0xb597e
3 0x8000396c (0xb597ec37) x24 0xb597e000
core   0: 0xffffffff80003970 (0x00b233b3) sltu    t2, tp, a1
3 0x80003970 (0x00b233b3) x 7 0x00000001
core   0: 0xffffffff80003974 (0xff816e13) ori     t3, sp, -8
3 0x80003974 (0xff816e13) x28 0xfffffff8
core   0: 0xffffffff80003978 (0x4157de13) srai    t3, a5, 21
3 0x80003978 (0x4157de13) x28 0x00000000
core   0: 0xffffffff8000397c (0xc3033713) sltiu   a4, t1, -976
3 0x8000397c (0xc3033713) x14 0x00000001
core   0: 0xffffffff80003980 (0x012fe9b3) or      s3, t6, s2
3 0x80003980 (0x012fe9b3) x19 0xefc916ed
core   0: 0xffffffff80003984 (0x00000013) nop
3 0x80003984 (0x00000013)
core   0: 0xffffffff80003988 (0x01ea7bb3) and     s7, s4, t5
3 0x80003988 (0x01ea7bb3) x23 0x00000000
core   0: 0xffffffff8000398c (0x388e8b93) addi    s7, t4, 904
3 0x8000398c (0x388e8b93) x23 0x6139a388
core   0: 0xffffffff80003990 (0x00000013) nop
3 0x80003990 (0x00000013)
core   0: 0xffffffff80003994 (0x40825833) sra     a6, tp, s0
3 0x80003994 (0x40825833) x16 0x00000000
core   0: 0xffffffff80003998 (0x2c2b8093) addi    ra, s7, 706
3 0x80003998 (0x2c2b8093) x 1 0x6139a64a
core   0: 0xffffffff8000399c (0x00e17133) and     sp, sp, a4
3 0x8000399c (0x00e17133) x 2 0x00000000
core   0: 0xffffffff800039a0 (0x019f8fb3) add     t6, t6, s9
3 0x800039a0 (0x019f8fb3) x31 0x6a491180
core   0: 0xffffffff800039a4 (0xef14b113) sltiu   sp, s1, -271
3 0x800039a4 (0xef14b113) x 2 0x00000001
core   0: 0xffffffff800039a8 (0x01a87333) and     t1, a6, s10
3 0x800039a8 (0x01a87333) x 6 0x00000000
core   0: 0xffffffff800039ac (0x00eff3b3) and     t2, t6, a4
3 0x800039ac (0x00eff3b3) x 7 0x00000000
core   0: 0xffffffff800039b0 (0x010189b3) add     s3, gp, a6
3 0x800039b0 (0x010189b3) x19 0x00000000
core   0: 0xffffffff800039b4 (0x6380e437) lui     s0, 0x6380e
3 0x800039b4 (0x6380e437) x 8 0x6380e000
core   0: 0xffffffff800039b8 (0x009edeb3) srl     t4, t4, s1
3 0x800039b8 (0x009edeb3) x29 0x06139a00
core   0: 0xffffffff800039bc (0x41dad8b3) sra     a7, s5, t4
3 0x800039bc (0x41dad8b3) x17 0x00000000
core   0: 0xffffffff800039c0 (0x0c198d93) addi    s11, s3, 193
3 0x800039c0 (0x0c198d93) x27 0x000000c1
core   0: 0xffffffff800039c4 (0x02d9e513) ori     a0, s3, 45
3 0x800039c4 (0x02d9e513) x10 0x0000002d
core   0: 0xffffffff800039c8 (0x003d05b3) add     a1, s10, gp
3 0x800039c8 (0x003d05b3) x11 0xd4922567
core   0: 0xffffffff800039cc (0x00e31b93) slli    s7, t1, 14
3 0x800039cc (0x00e31b93) x23 0x00000000
core   0: 0xffffffff800039d0 (0x00f4d813) srli    a6, s1, 15
3 0x800039d0 (0x00f4d813) x16 0x00010002
core   0: 0xffffffff800039d4 (0x0160df93) srli    t6, ra, 22
3 0x800039d4 (0x0160df93) x31 0x00000184
core   0: 0xffffffff800039d8 (0xe8298393) addi    t2, s3, -382
3 0x800039d8 (0xe8298393) x 7 0xfffffe82
core   0: 0xffffffff800039dc (0xec788a93) addi    s5, a7, -313
3 0x800039dc (0xec788a93) x21 0xfffffec7
core   0: 0xffffffff800039e0 (0x2ad6f293) andi    t0, a3, 685
3 0x800039e0 (0x2ad6f293) x 5 0x00000001
core   0: 0xffffffff800039e4 (0x419c5eb3) sra     t4, s8, s9
3 0x800039e4 (0x419c5eb3) x29 0xfffff6b2
core   0: 0xffffffff800039e8 (0xf1a56913) ori     s2, a0, -230
3 0x800039e8 (0xf1a56913) x18 0xffffff3f
core   0: 0xffffffff800039ec (0x00b39313) slli    t1, t2, 11
3 0x800039ec (0x00b39313) x 6 0xfff41000
core   0: 0xffffffff800039f0 (0x00000013) nop
3 0x800039f0 (0x00000013)
core   0: 0xffffffff800039f4 (0xf2553837) lui     a6, 0xf2553
3 0x800039f4 (0xf2553837) x16 0xf2553000
core   0: 0xffffffff800039f8 (0x005e6733) or      a4, t3, t0
3 0x800039f8 (0x005e6733) x14 0x00000001
core   0: 0xffffffff800039fc (0x000fc833) xor     a6, t6, zero
3 0x800039fc (0x000fc833) x16 0x00000184
core   0: 0xffffffff80003a00 (0x00ce0233) add     tp, t3, a2
3 0x80003a00 (0x00ce0233) x 4 0x00000001
core   0: 0xffffffff80003a04 (0x00c79cb3) sll     s9, a5, a2
3 0x80003a04 (0x00c79cb3) x25 0x000003ca
core   0: 0xffffffff80003a08 (0xdeb43693) sltiu   a3, s0, -533
3 0x80003a08 (0xdeb43693) x13 0x00000001
core   0: 0xffffffff80003a0c (0xcc0e2c93) slti    s9, t3, -832
3 0x80003a0c (0xcc0e2c93) x25 0x00000000
core   0: 0xffffffff80003a10 (0x018d8633) add     a2, s11, s8
3 0x80003a10 (0x018d8633) x12 0xb597e0c1
core   0: 0xffffffff80003a14 (0x00000013) nop
3 0x80003a14 (0x00000013)
core   0: 0xffffffff80003a18 (0x000f5393) srli    t2, t5, 0
3 0x80003a18 (0x000f5393) x 7 0x00000001
core   0: 0xffffffff80003a1c (0x41da5293) srai    t0, s4, 29
3 0x80003a1c (0x41da5293) x 5 0xfffffffc
core   0: 0xffffffff80003a20 (0x01849c93) slli    s9, s1, 24
3 0x80003a20 (0x01849c93) x25 0x64000000
core   0: 0xffffffff80003a24 (0x010019b3) sll     s3, zero, a6
3 0x80003a24 (0x010019b3) x19 0x00000000
core   0: 0xffffffff80003a28 (0x00225fb3) srl     t6, tp, sp
3 0x80003a28 (0x00225fb3) x31 0x00000000
core   0: 0xffffffff80003a2c (0x01f280b3) add     ra, t0, t6
3 0x80003a2c (0x01f280b3) x 1 0xfffffffc
core   0: 0xffffffff80003a30 (0x3d03bd93) sltiu   s11, t2, 976
3 0x80003a30 (0x3d03bd93) x27 0x00000001
core   0: 0xffffffff80003a34 (0x010cd533) srl     a0, s9, a6
3 0x80003a34 (0x010cd533) x10 0x06400000
core   0: 0xffffffff80003a38 (0x009d52b3) srl     t0, s10, s1
3 0x80003a38 (0x009d52b3) x 5 0x0d492256
core   0: 0xffffffff80003a3c (0xc7c36c13) ori     s8, t1, -900
3 0x80003a3c (0xc7c36c13) x24 0xfffffc7c
core   0: 0xffffffff80003a40 (0x01e425b3) slt     a1, s0, t5
3 0x80003a40 (0x01e425b3) x11 0x00000000
core   0: 0xffffffff80003a44 (0x9521e5b7) lui     a1, 0x9521e
3 0x80003a44 (0x9521e5b7) x11 0x9521e000
core   0: 0xffffffff80003a48 (0x015d2b33) slt     s6, s10, s5
3 0x80003a48 (0x015d2b33) x22 0x00000001
core   0: 0xffffffff80003a4c (0xb8267ab7) lui     s5, 0xb8267
3 0x80003a4c (0xb8267ab7) x21 0xb8267000
core   0: 0xffffffff80003a50 (0x001423b3) slt     t2, s0, ra
3 0x80003a50 (0x001423b3) x 7 0x00000000
core   0: 0xffffffff80003a54 (0x01a648b3) xor     a7, a2, s10
3 0x80003a54 (0x01a648b3) x17 0x6105c5a6
core   0: 0xffffffff80003a58 (0x00a64b33) xor     s6, a2, a0
3 0x80003a58 (0x00a64b33) x22 0xb3d7e0c1
core   0: 0xffffffff80003a5c (0x41c50db3) sub     s11, a0, t3
3 0x80003a5c (0x41c50db3) x27 0x06400000
core   0: 0xffffffff80003a60 (0x01106633) or      a2, zero, a7
3 0x80003a60 (0x01106633) x12 0x6105c5a6
core   0: 0xffffffff80003a64 (0xd91b7293) andi    t0, s6, -623
3 0x80003a64 (0xd91b7293) x 5 0xb3d7e081
core   0: 0xffffffff80003a68 (0x41ccd433) sra     s0, s9, t3
3 0x80003a68 (0x41ccd433) x 8 0x64000000
core   0: 0xffffffff80003a6c (0x4014dcb3) sra     s9, s1, ra
3 0x80003a6c (0x4014dcb3) x25 0xfffffff8
core   0: 0xffffffff80003a70 (0x01936433) or      s0, t1, s9
3 0x80003a70 (0x01936433) x 8 0xfffffff8
core   0: 0xffffffff80003a74 (0x41d6d133) sra     sp, a3, t4
3 0x80003a74 (0x41d6d133) x 2 0x00000000
core   0: 0xffffffff80003a78 (0xeccc3597) auipc   a1, 0xeccc3
3 0x80003a78 (0xeccc3597) x11 0x6ccc6a78
core   0: 0xffffffff80003a7c (0x25c4e913) ori     s2, s1, 604
3 0x80003a7c (0x25c4e913) x18 0x80010e7c
core   0: 0xffffffff80003a80 (0xa0bede37) lui     t3, 0xa0bed
3 0x80003a80 (0xa0bede37) x28 0xa0bed000
core   0: 0xffffffff80003a84 (0x24d4e293) ori     t0, s1, 589
3 0x80003a84 (0x24d4e293) x 5 0x80010e6d
core   0: 0xffffffff80003a88 (0x342a35b7) lui     a1, 0x342a3
3 0x80003a88 (0x342a35b7) x11 0x342a3000
core   0: 0xffffffff80003a8c (0x3b320213) addi    tp, tp, 947
3 0x80003a8c (0x3b320213) x 4 0x000003b4
core   0: 0xffffffff80003a90 (0x40fcdfb3) sra     t6, s9, a5
3 0x80003a90 (0x40fcdfb3) x31 0xffffffff
core   0: 0xffffffff80003a94 (0xdd89bf93) sltiu   t6, s3, -552
3 0x80003a94 (0xdd89bf93) x31 0x00000001
core   0: 0xffffffff80003a98 (0x0129c833) xor     a6, s3, s2
3 0x80003a98 (0x0129c833) x16 0x80010e7c
core   0: 0xffffffff80003a9c (0xaada5897) auipc   a7, 0xaada5
3 0x80003a9c (0xaada5897) x17 0x2ada8a9c
core   0: 0xffffffff80003aa0 (0xea1d6e93) ori     t4, s10, -351
3 0x80003aa0 (0xea1d6e93) x29 0xffffffe7
core   0: 0xffffffff80003aa4 (0x00000013) nop
3 0x80003aa4 (0x00000013)
core   0: 0xffffffff80003aa8 (0x010f2c33) slt     s8, t5, a6
3 0x80003aa8 (0x010f2c33) x24 0x00000000
core   0: 0xffffffff80003aac (0x415786b3) sub     a3, a5, s5
3 0x80003aac (0x415786b3) x13 0x47d991e5
core   0: 0xffffffff80003ab0 (0x00967633) and     a2, a2, s1
3 0x80003ab0 (0x00967633) x12 0x00010424
core   0: 0xffffffff80003ab4 (0x0009b633) sltu    a2, s3, zero
3 0x80003ab4 (0x0009b633) x12 0x00000000
core   0: 0xffffffff80003ab8 (0x00368333) add     t1, a3, gp
3 0x80003ab8 (0x00368333) x 6 0x47d991e5
core   0: 0xffffffff80003abc (0x00e3b633) sltu    a2, t2, a4
3 0x80003abc (0x00e3b633) x12 0x00000001
core   0: 0xffffffff80003ac0 (0x01718633) add     a2, gp, s7
3 0x80003ac0 (0x01718633) x12 0x00000000
core   0: 0xffffffff80003ac4 (0x3523ca93) xori    s5, t2, 850
3 0x80003ac4 (0x3523ca93) x21 0x00000352
core   0: 0xffffffff80003ac8 (0x01710bb3) add     s7, sp, s7
3 0x80003ac8 (0x01710bb3) x23 0x00000000
core   0: 0xffffffff80003acc (0x017b9fb3) sll     t6, s7, s7
3 0x80003acc (0x017b9fb3) x31 0x00000000
core   0: 0xffffffff80003ad0 (0x00e6c6b3) xor     a3, a3, a4
3 0x80003ad0 (0x00e6c6b3) x13 0x47d991e4
core   0: 0xffffffff80003ad4 (0x8d3a13b7) lui     t2, 0x8d3a1
3 0x80003ad4 (0x8d3a13b7) x 7 0x8d3a1000
core   0: 0xffffffff80003ad8 (0x060a3e17) auipc   t3, 0x60a3
3 0x80003ad8 (0x060a3e17) x28 0x860a6ad8
core   0: 0xffffffff80003adc (0x01184eb3) xor     t4, a6, a7
3 0x80003adc (0x01184eb3) x29 0xaadb84e0
core   0: 0xffffffff80003ae0 (0x01252313) slti    t1, a0, 18
3 0x80003ae0 (0x01252313) x 6 0x00000000
core   0: 0xffffffff80003ae4 (0x08b6ff93) andi    t6, a3, 139
3 0x80003ae4 (0x08b6ff93) x31 0x00000080
core   0: 0xffffffff80003ae8 (0x404ddbb3) sra     s7, s11, tp
3 0x80003ae8 (0x404ddbb3) x23 0x00000064
core   0: 0xffffffff80003aec (0x016c1e93) slli    t4, s8, 22
3 0x80003aec (0x016c1e93) x29 0x00000000
core   0: 0xffffffff80003af0 (0xeba9a913) slti    s2, s3, -326
3 0x80003af0 (0xeba9a913) x18 0x00000000
core   0: 0xffffffff80003af4 (0x4024d133) sra     sp, s1, sp
3 0x80003af4 (0x4024d133) x 2 0x80010e64
core   0: 0xffffffff80003af8 (0x003c0033) add     zero, s8, gp
3 0x80003af8 (0x003c0033)
core   0: 0xffffffff80003afc (0x01615293) srli    t0, sp, 22
3 0x80003afc (0x01615293) x 5 0x00000200
core   0: 0xffffffff80003b00 (0x00000013) nop
3 0x80003b00 (0x00000013)
core   0: 0xffffffff80003b04 (0x01f57133) and     sp, a0, t6
3 0x80003b04 (0x01f57133) x 2 0x00000000
core   0: 0xffffffff80003b08 (0x007e1713) slli    a4, t3, 7
3 0x80003b08 (0x007e1713) x14 0x05356c00
core   0: 0xffffffff80003b0c (0x01f3dc33) srl     s8, t2, t6
3 0x80003b0c (0x01f3dc33) x24 0x8d3a1000
core   0: 0xffffffff80003b10 (0x83cabb37) lui     s6, 0x83cab
3 0x80003b10 (0x83cabb37) x22 0x83cab000
core   0: 0xffffffff80003b14 (0x406c5733) sra     a4, s8, t1
3 0x80003b14 (0x406c5733) x14 0x8d3a1000
core   0: 0xffffffff80003b18 (0x003976b3) and     a3, s2, gp
3 0x80003b18 (0x003976b3) x13 0x00000000
core   0: 0xffffffff80003b1c (0x00ef9133) sll     sp, t6, a4
3 0x80003b1c (0x00ef9133) x 2 0x00000080
core   0: 0xffffffff80003b20 (0x0109d8b3) srl     a7, s3, a6
3 0x80003b20 (0x0109d8b3) x17 0x00000000
core   0: 0xffffffff80003b24 (0x0515a217) auipc   tp, 0x515a
3 0x80003b24 (0x0515a217) x 4 0x8515db24
core   0: 0xffffffff80003b28 (0x014b1793) slli    a5, s6, 20
3 0x80003b28 (0x014b1793) x15 0x00000000
core   0: 0xffffffff80003b2c (0x146ca293) slti    t0, s9, 326
3 0x80003b2c (0x146ca293) x 5 0x00000001
core   0: 0xffffffff80003b30 (0xec33fe13) andi    t3, t2, -317
3 0x80003b30 (0xec33fe13) x28 0x8d3a1000
core   0: 0xffffffff80003b34 (0x127acb13) xori    s6, s5, 295
3 0x80003b34 (0x127acb13) x22 0x00000275
core   0: 0xffffffff80003b38 (0x01eb29b3) slt     s3, s6, t5
3 0x80003b38 (0x01eb29b3) x19 0x00000000
core   0: 0xffffffff80003b3c (0x037ae593) ori     a1, s5, 55
3 0x80003b3c (0x037ae593) x11 0x00000377
core   0: 0xffffffff80003b40 (0x00000013) nop
3 0x80003b40 (0x00000013)
core   0: 0xffffffff80003b44 (0x2553e993) ori     s3, t2, 597
3 0x80003b44 (0x2553e993) x19 0x8d3a1255
core   0: 0xffffffff80003b48 (0x01b9f3b3) and     t2, s3, s11
3 0x80003b48 (0x01b9f3b3) x 7 0x04000000
core   0: 0xffffffff80003b4c (0x00d39793) slli    a5, t2, 13
3 0x80003b4c (0x00d39793) x15 0x00000000
core   0: 0xffffffff80003b50 (0x04cb4097) auipc   ra, 0x4cb4
3 0x80003b50 (0x04cb4097) x 1 0x84cb7b50
core   0: 0xffffffff80003b54 (0x005bc8b3) xor     a7, s7, t0
3 0x80003b54 (0x005bc8b3) x17 0x00000065
core   0: 0xffffffff80003b58 (0x01088ab3) add     s5, a7, a6
3 0x80003b58 (0x01088ab3) x21 0x80010ee1
core   0: 0xffffffff80003b5c (0x00000013) nop
3 0x80003b5c (0x00000013)
core   0: 0xffffffff80003b60 (0x3fb2e913) ori     s2, t0, 1019
3 0x80003b60 (0x3fb2e913) x18 0x000003fb
core   0: 0xffffffff80003b64 (0x00fad533) srl     a0, s5, a5
3 0x80003b64 (0x00fad533) x10 0x80010ee1
core   0: 0xffffffff80003b68 (0x40f25093) srai    ra, tp, 15
3 0x80003b68 (0x40f25093) x 1 0xffff0a2b
core   0: 0xffffffff80003b6c (0x015b3fb3) sltu    t6, s6, s5
3 0x80003b6c (0x015b3fb3) x31 0x00000001
core   0: 0xffffffff80003b70 (0x0046dab3) srl     s5, a3, tp
3 0x80003b70 (0x0046dab3) x21 0x00000000
core   0: 0xffffffff80003b74 (0x0185d113) srli    sp, a1, 24
3 0x80003b74 (0x0185d113) x 2 0x00000000
core   0: 0xffffffff80003b78 (0xc9272693) slti    a3, a4, -878
3 0x80003b78 (0xc9272693) x13 0x00000001
core   0: 0xffffffff80003b7c (0x01d77633) and     a2, a4, t4
3 0x80003b7c (0x01d77633) x12 0x00000000
core   0: 0xffffffff80003b80 (0xe0ee7b93) andi    s7, t3, -498
3 0x80003b80 (0xe0ee7b93) x23 0x8d3a1000
core   0: 0xffffffff80003b84 (0x41bd5cb3) sra     s9, s10, s11
3 0x80003b84 (0x41bd5cb3) x25 0xd4922567
core   0: 0xffffffff80003b88 (0x000f8433) add     s0, t6, zero
3 0x80003b88 (0x000f8433) x 8 0x00000001
core   0: 0xffffffff80003b8c (0xfccfcf93) xori    t6, t6, -52
3 0x80003b8c (0xfccfcf93) x31 0xffffffcd
core   0: 0xffffffff80003b90 (0x01309293) slli    t0, ra, 19
3 0x80003b90 (0x01309293) x 5 0x51580000
core   0: 0xffffffff80003b94 (0x00390eb3) add     t4, s2, gp
3 0x80003b94 (0x00390eb3) x29 0x000003fb
core   0: 0xffffffff80003b98 (0x41aed133) sra     sp, t4, s10
3 0x80003b98 (0x41aed133) x 2 0x00000007
core   0: 0xffffffff80003b9c (0x009a86b3) add     a3, s5, s1
3 0x80003b9c (0x009a86b3) x13 0x80010e64
core   0: 0xffffffff80003ba0 (0x00000013) nop
3 0x80003ba0 (0x00000013)
core   0: 0xffffffff80003ba4 (0x0011be33) sltu    t3, gp, ra
3 0x80003ba4 (0x0011be33) x28 0x00000001
core   0: 0xffffffff80003ba8 (0x00ba5833) srl     a6, s4, a1
3 0x80003ba8 (0x00ba5833) x16 0x00000100
core   0: 0xffffffff80003bac (0x01639313) slli    t1, t2, 22
3 0x80003bac (0x01639313) x 6 0x00000000
core   0: 0xffffffff80003bb0 (0x01d0b0b3) sltu    ra, ra, t4
3 0x80003bb0 (0x01d0b0b3) x 1 0x00000000
core   0: 0xffffffff80003bb4 (0x01d2ddb3) srl     s11, t0, t4
3 0x80003bb4 (0x01d2ddb3) x27 0x0000000a
core   0: 0xffffffff80003bb8 (0xeb78a893) slti    a7, a7, -329
3 0x80003bb8 (0xeb78a893) x17 0x00000000
core   0: 0xffffffff80003bbc (0x3956c693) xori    a3, a3, 917
3 0x80003bbc (0x3956c693) x13 0x80010df1
core   0: 0xffffffff80003bc0 (0x00aa9c33) sll     s8, s5, a0
3 0x80003bc0 (0x00aa9c33) x24 0x00000000
core   0: 0xffffffff80003bc4 (0x410d5593) srai    a1, s10, 16
3 0x80003bc4 (0x410d5593) x11 0xffffd492
core   0: 0xffffffff80003bc8 (0x41f5deb3) sra     t4, a1, t6
3 0x80003bc8 (0x41f5deb3) x29 0xfffffffe
core   0: 0xffffffff80003bcc (0x0067dbb3) srl     s7, a5, t1
3 0x80003bcc (0x0067dbb3) x23 0x00000000
core   0: 0xffffffff80003bd0 (0x0e1e2093) slti    ra, t3, 225
3 0x80003bd0 (0x0e1e2093) x 1 0x00000001
core   0: 0xffffffff80003bd4 (0x0118f033) and     zero, a7, a7
3 0x80003bd4 (0x0118f033)
core   0: 0xffffffff80003bd8 (0x00b11993) slli    s3, sp, 11
3 0x80003bd8 (0x00b11993) x19 0x00003800
core   0: 0xffffffff80003bdc (0x04a02b13) slti    s6, zero, 74
3 0x80003bdc (0x04a02b13) x22 0x00000001
core   0: 0xffffffff80003be0 (0x00e07ab3) and     s5, zero, a4
3 0x80003be0 (0x00e07ab3) x21 0x00000000
core   0: 0xffffffff80003be4 (0x00bf9f93) slli    t6, t6, 11
3 0x80003be4 (0x00bf9f93) x31 0xfffe6800
core   0: 0xffffffff80003be8 (0x014a2933) slt     s2, s4, s4
3 0x80003be8 (0x014a2933) x18 0x00000000
core   0: 0xffffffff80003bec (0x009a0db3) add     s11, s4, s1
3 0x80003bec (0x009a0db3) x27 0x00025b48
core   0: 0xffffffff80003bf0 (0x41d85793) srai    a5, a6, 29
3 0x80003bf0 (0x41d85793) x15 0x00000000
core   0: 0xffffffff80003bf4 (0x01f15813) srli    a6, sp, 31
3 0x80003bf4 (0x01f15813) x16 0x00000000
core   0: 0xffffffff80003bf8 (0x00f80b33) add     s6, a6, a5
3 0x80003bf8 (0x00f80b33) x22 0x00000000
core   0: 0xffffffff80003bfc (0x00d527b3) slt     a5, a0, a3
3 0x80003bfc (0x00d527b3) x15 0x00000000
core   0: 0xffffffff80003c00 (0x2b41a213) slti    tp, gp, 692
3 0x80003c00 (0x2b41a213) x 4 0x00000001
core   0: 0xffffffff80003c04 (0x011b5713) srli    a4, s6, 17
3 0x80003c04 (0x011b5713) x14 0x00000000
core   0: 0xffffffff80003c08 (0x417d8133) sub     sp, s11, s7
3 0x80003c08 (0x417d8133) x 2 0x00025b48
core   0: 0xffffffff80003c0c (0xd620b393) sltiu   t2, ra, -670
3 0x80003c0c (0xd620b393) x 7 0x00000001
core   0: 0xffffffff80003c10 (0x17e85c97) auipc   s9, 0x17e85
3 0x80003c10 (0x17e85c97) x25 0x97e88c10
core   0: 0xffffffff80003c14 (0x1860fc13) andi    s8, ra, 390
3 0x80003c14 (0x1860fc13) x24 0x00000000
core   0: 0xffffffff80003c18 (0x00d9fab3) and     s5, s3, a3
3 0x80003c18 (0x00d9fab3) x21 0x00000800
core   0: 0xffffffff80003c1c (0x0100bdb3) sltu    s11, ra, a6
3 0x80003c1c (0x0100bdb3) x27 0x00000000
core   0: 0xffffffff80003c20 (0x3c867d93) andi    s11, a2, 968
3 0x80003c20 (0x3c867d93) x27 0x00000000
core   0: 0xffffffff80003c24 (0x001f4c33) xor     s8, t5, ra
3 0x80003c24 (0x001f4c33) x24 0x00000000
core   0: 0xffffffff80003c28 (0x00a9d813) srli    a6, s3, 10
3 0x80003c28 (0x00a9d813) x16 0x0000000e
core   0: 0xffffffff80003c2c (0x01a19913) slli    s2, gp, 26
3 0x80003c2c (0x01a19913) x18 0x00000000
core   0: 0xffffffff80003c30 (0x513418b7) lui     a7, 0x51341
3 0x80003c30 (0x513418b7) x17 0x51341000
core   0: 0xffffffff80003c34 (0x40ad5c33) sra     s8, s10, a0
3 0x80003c34 (0x40ad5c33) x24 0xea4912b3
core   0: 0xffffffff80003c38 (0x00fb6b33) or      s6, s6, a5
3 0x80003c38 (0x00fb6b33) x22 0x00000000
core   0: 0xffffffff80003c3c (0x306a8413) addi    s0, s5, 774
3 0x80003c3c (0x306a8413) x 8 0x00000b06
core   0: 0xffffffff80003c40 (0x00545433) srl     s0, s0, t0
3 0x80003c40 (0x00545433) x 8 0x00000b06
core   0: 0xffffffff80003c44 (0x005de033) or      zero, s11, t0
3 0x80003c44 (0x005de033)
core   0: 0xffffffff80003c48 (0x413cd593) srai    a1, s9, 19
3 0x80003c48 (0x413cd593) x11 0xfffff2fd
core   0: 0xffffffff80003c4c (0x417d5cb3) sra     s9, s10, s7
3 0x80003c4c (0x417d5cb3) x25 0xd4922567
core   0: 0xffffffff80003c50 (0x00beaf33) slt     t5, t4, a1
3 0x80003c50 (0x00beaf33) x30 0x00000000
core   0: 0xffffffff80003c54 (0x3d96b713) sltiu   a4, a3, 985
3 0x80003c54 (0x3d96b713) x14 0x00000000
core   0: 0xffffffff80003c58 (0x406c89b3) sub     s3, s9, t1
3 0x80003c58 (0x406c89b3) x19 0xd4922567
core   0: 0xffffffff80003c5c (0x012469b3) or      s3, s0, s2
3 0x80003c5c (0x012469b3) x19 0x00000b06
core   0: 0xffffffff80003c60 (0xef5eec13) ori     s8, t4, -267
3 0x80003c60 (0xef5eec13) x24 0xffffffff
core   0: 0xffffffff80003c64 (0x3d3ac313) xori    t1, s5, 979
3 0x80003c64 (0x3d3ac313) x 6 0x00000bd3
core   0: 0xffffffff80003c68 (0x008cdcb3) srl     s9, s9, s0
3 0x80003c68 (0x008cdcb3) x25 0x03524895
core   0: 0xffffffff80003c6c (0x00704433) xor     s0, zero, t2
3 0x80003c6c (0x00704433) x 8 0x00000001
core   0: 0xffffffff80003c70 (0x4137dcb3) sra     s9, a5, s3
3 0x80003c70 (0x4137dcb3) x25 0x00000000
core   0: 0xffffffff80003c74 (0x003b19b3) sll     s3, s6, gp
3 0x80003c74 (0x003b19b3) x19 0x00000000
core   0: 0xffffffff80003c78 (0x010a3533) sltu    a0, s4, a6
3 0x80003c78 (0x010a3533) x10 0x00000000
core   0: 0xffffffff80003c7c (0x0196d893) srli    a7, a3, 25
3 0x80003c7c (0x0196d893) x17 0x00000040
core   0: 0xffffffff80003c80 (0xce143593) sltiu   a1, s0, -799
3 0x80003c80 (0xce143593) x11 0x00000001
core   0: 0xffffffff80003c84 (0x00910cb3) add     s9, sp, s1
3 0x80003c84 (0x00910cb3) x25 0x800369ac
core   0: 0xffffffff80003c88 (0xb143f297) auipc   t0, 0xb143f
3 0x80003c88 (0xb143f297) x 5 0x31442c88
core   0: 0xffffffff80003c8c (0xded20213) addi    tp, tp, -531
3 0x80003c8c (0xded20213) x 4 0xfffffdee
core   0: 0xffffffff80003c90 (0x41588933) sub     s2, a7, s5
3 0x80003c90 (0x41588933) x18 0xfffff840
core   0: 0xffffffff80003c94 (0x00df1b13) slli    s6, t5, 13
3 0x80003c94 (0x00df1b13) x22 0x00000000
core   0: 0xffffffff80003c98 (0x00af6e33) or      t3, t5, a0
3 0x80003c98 (0x00af6e33) x28 0x00000000
core   0: 0xffffffff80003c9c (0x00164db3) xor     s11, a2, ra
3 0x80003c9c (0x00164db3) x27 0x00000001
core   0: 0xffffffff80003ca0 (0x037fe393) ori     t2, t6, 55
3 0x80003ca0 (0x037fe393) x 7 0xfffe6837
core   0: 0xffffffff80003ca4 (0xe563a193) slti    gp, t2, -426
3 0x80003ca4 (0xe563a193) x 3 0x00000001
core   0: 0xffffffff80003ca8 (0xc994fe13) andi    t3, s1, -871
3 0x80003ca8 (0xc994fe13) x28 0x80010c00
core   0: 0xffffffff80003cac (0xd72e3693) sltiu   a3, t3, -654
3 0x80003cac (0xd72e3693) x13 0x00000001
core   0: 0xffffffff80003cb0 (0xc09ca713) slti    a4, s9, -1015
3 0x80003cb0 (0xc09ca713) x14 0x00000001
core   0: 0xffffffff80003cb4 (0x00000013) nop
3 0x80003cb4 (0x00000013)
core   0: 0xffffffff80003cb8 (0xe25aee13) ori     t3, s5, -475
3 0x80003cb8 (0xe25aee13) x28 0xfffffe25
core   0: 0xffffffff80003cbc (0x00000013) nop
3 0x80003cbc (0x00000013)
core   0: 0xffffffff80003cc0 (0x00000013) nop
3 0x80003cc0 (0x00000013)
core   0: 0xffffffff80003cc4 (0x40665193) srai    gp, a2, 6
3 0x80003cc4 (0x40665193) x 3 0x00000000
core   0: 0xffffffff80003cc8 (0x15ae4513) xori    a0, t3, 346
3 0x80003cc8 (0x15ae4513) x10 0xffffff7f
core   0: 0xffffffff80003ccc (0x41d15633) sra     a2, sp, t4
3 0x80003ccc (0x41d15633) x12 0x00000000
core   0: 0xffffffff80003cd0 (0x00fc39b3) sltu    s3, s8, a5
3 0x80003cd0 (0x00fc39b3) x19 0x00000000
core   0: 0xffffffff80003cd4 (0x401ed393) srai    t2, t4, 1
3 0x80003cd4 (0x401ed393) x 7 0xffffffff
core   0: 0xffffffff80003cd8 (0x41f159b3) sra     s3, sp, t6
3 0x80003cd8 (0x41f159b3) x19 0x00025b48
core   0: 0xffffffff80003cdc (0x00000013) nop
3 0x80003cdc (0x00000013)
core   0: 0xffffffff80003ce0 (0x0025cdb3) xor     s11, a1, sp
3 0x80003ce0 (0x0025cdb3) x27 0x00025b49
core   0: 0xffffffff80003ce4 (0x4165dc33) sra     s8, a1, s6
3 0x80003ce4 (0x4165dc33) x24 0x00000001
core   0: 0xffffffff80003ce8 (0x00059093) slli    ra, a1, 0
3 0x80003ce8 (0x00059093) x 1 0x00000001
core   0: 0xffffffff80003cec (0x0191cab3) xor     s5, gp, s9
3 0x80003cec (0x0191cab3) x21 0x800369ac
core   0: 0xffffffff80003cf0 (0x33d96013) ori     zero, s2, 829
3 0x80003cf0 (0x33d96013)
core   0: 0xffffffff80003cf4 (0xccb23893) sltiu   a7, tp, -821
3 0x80003cf4 (0xccb23893) x17 0x00000000
core   0: 0xffffffff80003cf8 (0xf8693113) sltiu   sp, s2, -122
3 0x80003cf8 (0xf8693113) x 2 0x00000001
core   0: 0xffffffff80003cfc (0x317c7293) andi    t0, s8, 791
3 0x80003cfc (0x317c7293) x 5 0x00000001
core   0: 0xffffffff80003d00 (0x00000013) nop
3 0x80003d00 (0x00000013)
core   0: 0xffffffff80003d04 (0x01594c33) xor     s8, s2, s5
3 0x80003d04 (0x01594c33) x24 0x7ffc91ec
core   0: 0xffffffff80003d08 (0x40165913) srai    s2, a2, 1
3 0x80003d08 (0x40165913) x18 0x00000000
core   0: 0xffffffff80003d0c (0x1b098313) addi    t1, s3, 432
3 0x80003d0c (0x1b098313) x 6 0x00025cf8
core   0: 0xffffffff80003d10 (0x018e1913) slli    s2, t3, 24
3 0x80003d10 (0x018e1913) x18 0x25000000
core   0: 0xffffffff80003d14 (0x00a56733) or      a4, a0, a0
3 0x80003d14 (0x00a56733) x14 0xffffff7f
core   0: 0xffffffff80003d18 (0xd557be93) sltiu   t4, a5, -683
3 0x80003d18 (0xd557be93) x29 0x00000001
core   0: 0xffffffff80003d1c (0x18666d93) ori     s11, a2, 390
3 0x80003d1c (0x18666d93) x27 0x00000186
core   0: 0xffffffff80003d20 (0x01ea0933) add     s2, s4, t5
3 0x80003d20 (0x01ea0933) x18 0x80014ce4
core   0: 0xffffffff80003d24 (0x0089fc33) and     s8, s3, s0
3 0x80003d24 (0x0089fc33) x24 0x00000000
core   0: 0xffffffff80003d28 (0x01d785b3) add     a1, a5, t4
3 0x80003d28 (0x01d785b3) x11 0x00000001
core   0: 0xffffffff80003d2c (0x4f66fc37) lui     s8, 0x4f66f
3 0x80003d2c (0x4f66fc37) x24 0x4f66f000
core   0: 0xffffffff80003d30 (0x01a99913) slli    s2, s3, 26
3 0x80003d30 (0x01a99913) x18 0x20000000
core   0: 0xffffffff80003d34 (0x00cb1933) sll     s2, s6, a2
3 0x80003d34 (0x00cb1933) x18 0x00000000
core   0: 0xffffffff80003d38 (0x40c30ab3) sub     s5, t1, a2
3 0x80003d38 (0x40c30ab3) x21 0x00025cf8
core   0: 0xffffffff80003d3c (0x0493f313) andi    t1, t2, 73
3 0x80003d3c (0x0493f313) x 6 0x00000049
core   0: 0xffffffff80003d40 (0x0194d633) srl     a2, s1, s9
3 0x80003d40 (0x0194d633) x12 0x00080010
core   0: 0xffffffff80003d44 (0x2f546713) ori     a4, s0, 757
3 0x80003d44 (0x2f546713) x14 0x000002f5
core   0: 0xffffffff80003d48 (0x414202b3) sub     t0, tp, s4
3 0x80003d48 (0x414202b3) x 5 0x7ffeb10a
core   0: 0xffffffff80003d4c (0x119942b7) lui     t0, 0x11994
3 0x80003d4c (0x119942b7) x 5 0x11994000
core   0: 0xffffffff80003d50 (0xe4eb0813) addi    a6, s6, -434
3 0x80003d50 (0xe4eb0813) x16 0xfffffe4e
core   0: 0xffffffff80003d54 (0xde7a4b93) xori    s7, s4, -537
3 0x80003d54 (0xde7a4b93) x23 0x7ffeb103
core   0: 0xffffffff80003d58 (0x38e0e793) ori     a5, ra, 910
3 0x80003d58 (0x38e0e793) x15 0x0000038f
core   0: 0xffffffff80003d5c (0x070bf213) andi    tp, s7, 112
3 0x80003d5c (0x070bf213) x 4 0x00000000
core   0: 0xffffffff80003d60 (0xe2ab0413) addi    s0, s6, -470
3 0x80003d60 (0xe2ab0413) x 8 0xfffffe2a
core   0: 0xffffffff80003d64 (0x01505193) srli    gp, zero, 21
3 0x80003d64 (0x01505193) x 3 0x00000000
core   0: 0xffffffff80003d68 (0x41305833) sra     a6, zero, s3
3 0x80003d68 (0x41305833) x16 0x00000000
core   0: 0xffffffff80003d6c (0x01ee9293) slli    t0, t4, 30
3 0x80003d6c (0x01ee9293) x 5 0x40000000
core   0: 0xffffffff80003d70 (0x17958897) auipc   a7, 0x17958
3 0x80003d70 (0x17958897) x17 0x9795bd70
core   0: 0xffffffff80003d74 (0xeabdc013) xori    zero, s11, -341
3 0x80003d74 (0xeabdc013)
core   0: 0xffffffff80003d78 (0x4bea6cb7) lui     s9, 0x4bea6
3 0x80003d78 (0x4bea6cb7) x25 0x4bea6000
core   0: 0xffffffff80003d7c (0x01d99e33) sll     t3, s3, t4
3 0x80003d7c (0x01d99e33) x28 0x0004b690
core   0: 0xffffffff80003d80 (0x01435a93) srli    s5, t1, 20
3 0x80003d80 (0x01435a93) x21 0x00000000
core   0: 0xffffffff80003d84 (0xda1bbd93) sltiu   s11, s7, -607
3 0x80003d84 (0xda1bbd93) x27 0x00000001
core   0: 0xffffffff80003d88 (0x25cb3193) sltiu   gp, s6, 604
3 0x80003d88 (0x25cb3193) x 3 0x00000001
core   0: 0xffffffff80003d8c (0xb7fa8cb7) lui     s9, 0xb7fa8
3 0x80003d8c (0xb7fa8cb7) x25 0xb7fa8000
core   0: 0xffffffff80003d90 (0x01f9e833) or      a6, s3, t6
3 0x80003d90 (0x01f9e833) x16 0xfffe7b48
core   0: 0xffffffff80003d94 (0x01abec33) or      s8, s7, s10
3 0x80003d94 (0x01abec33) x24 0xfffeb567
core   0: 0xffffffff80003d98 (0x01aa1513) slli    a0, s4, 26
3 0x80003d98 (0x01aa1513) x10 0x90000000
core   0: 0xffffffff80003d9c (0x01221293) slli    t0, tp, 18
3 0x80003d9c (0x01221293) x 5 0x00000000
core   0: 0xffffffff80003da0 (0x017bd533) srl     a0, s7, s7
3 0x80003da0 (0x017bd533) x10 0x0fffd620
core   0: 0xffffffff80003da4 (0x013b1033) sll     zero, s6, s3
3 0x80003da4 (0x013b1033)
core   0: 0xffffffff80003da8 (0x298aa337) lui     t1, 0x298aa
3 0x80003da8 (0x298aa337) x 6 0x298aa000
core   0: 0xffffffff80003dac (0x5913df17) auipc   t5, 0x5913d
3 0x80003dac (0x5913df17) x30 0xd9140dac
core   0: 0xffffffff80003db0 (0x00425813) srli    a6, tp, 4
3 0x80003db0 (0x00425813) x16 0x00000000
core   0: 0xffffffff80003db4 (0x008287b3) add     a5, t0, s0
3 0x80003db4 (0x008287b3) x15 0xfffffe2a
core   0: 0xffffffff80003db8 (0x011300b3) add     ra, t1, a7
3 0x80003db8 (0x011300b3) x 1 0xc1205d70
core   0: 0xffffffff80003dbc (0x4125ddb3) sra     s11, a1, s2
3 0x80003dbc (0x4125ddb3) x27 0x00000001
core   0: 0xffffffff80003dc0 (0x01a25e13) srli    t3, tp, 26
3 0x80003dc0 (0x01a25e13) x28 0x00000000
core   0: 0xffffffff80003dc4 (0x40060ab3) sub     s5, a2, zero
3 0x80003dc4 (0x40060ab3) x21 0x00080010
core   0: 0xffffffff80003dc8 (0x00000013) nop
3 0x80003dc8 (0x00000013)
core   0: 0xffffffff80003dcc (0x0160f233) and     tp, ra, s6
3 0x80003dcc (0x0160f233) x 4 0x00000000
core   0: 0xffffffff80003dd0 (0x019bd5b3) srl     a1, s7, s9
3 0x80003dd0 (0x019bd5b3) x11 0x7ffeb103
core   0: 0xffffffff80003dd4 (0x4012d293) srai    t0, t0, 1
3 0x80003dd4 (0x4012d293) x 5 0x00000000
core   0: 0xffffffff80003dd8 (0x00038b33) add     s6, t2, zero
3 0x80003dd8 (0x00038b33) x22 0xffffffff
core   0: 0xffffffff80003ddc (0x00510bb3) add     s7, sp, t0
3 0x80003ddc (0x00510bb3) x23 0x00000001
core   0: 0xffffffff80003de0 (0x0142f1b3) and     gp, t0, s4
3 0x80003de0 (0x0142f1b3) x 3 0x00000000
core   0: 0xffffffff80003de4 (0x01db1f33) sll     t5, s6, t4
3 0x80003de4 (0x01db1f33) x30 0xfffffffe
core   0: 0xffffffff80003de8 (0xd8b66113) ori     sp, a2, -629
3 0x80003de8 (0xd8b66113) x 2 0xfffffd9b
core   0: 0xffffffff80003dec (0x41b8d013) srai    zero, a7, 27
3 0x80003dec (0x41b8d013)
core   0: 0xffffffff80003df0 (0x412a8bb3) sub     s7, s5, s2
3 0x80003df0 (0x412a8bb3) x23 0x00080010
core   0: 0xffffffff80003df4 (0x009cf533) and     a0, s9, s1
3 0x80003df4 (0x009cf533) x10 0x80000000
core   0: 0xffffffff80003df8 (0x51dcc9b7) lui     s3, 0x51dcc
3 0x80003df8 (0x51dcc9b7) x19 0x51dcc000
core   0: 0xffffffff80003dfc (0x3011f793) andi    a5, gp, 769
3 0x80003dfc (0x3011f793) x15 0x00000000
core   0: 0xffffffff80003e00 (0xebc0e513) ori     a0, ra, -324
3 0x80003e00 (0xebc0e513) x10 0xfffffffc
core   0: 0xffffffff80003e04 (0x00c51f93) slli    t6, a0, 12
3 0x80003e04 (0x00c51f93) x31 0xffffc000
core   0: 0xffffffff80003e08 (0x0150f3b3) and     t2, ra, s5
3 0x80003e08 (0x0150f3b3) x 7 0x00000010
core   0: 0xffffffff80003e0c (0xd053e3b7) lui     t2, 0xd053e
3 0x80003e0c (0xd053e3b7) x 7 0xd053e000
core   0: 0xffffffff80003e10 (0x0151db33) srl     s6, gp, s5
3 0x80003e10 (0x0151db33) x22 0x00000000
core   0: 0xffffffff80003e14 (0x0fb86593) ori     a1, a6, 251
3 0x80003e14 (0x0fb86593) x11 0x000000fb
core   0: 0xffffffff80003e18 (0x001b6e33) or      t3, s6, ra
3 0x80003e18 (0x001b6e33) x28 0xc1205d70
core   0: 0xffffffff80003e1c (0x1c3d8613) addi    a2, s11, 451
3 0x80003e1c (0x1c3d8613) x12 0x000001c4
core   0: 0xffffffff80003e20 (0xd0670913) addi    s2, a4, -762
3 0x80003e20 (0xd0670913) x18 0xfffffffb
core   0: 0xffffffff80003e24 (0x52b0e1b7) lui     gp, 0x52b0e
3 0x80003e24 (0x52b0e1b7) x 3 0x52b0e000
core   0: 0xffffffff80003e28 (0x41b00b33) sub     s6, zero, s11
3 0x80003e28 (0x41b00b33) x22 0xffffffff
core   0: 0xffffffff80003e2c (0xf00a3393) sltiu   t2, s4, -256
3 0x80003e2c (0xf00a3393) x 7 0x00000001
core   0: 0xffffffff80003e30 (0x01c09513) slli    a0, ra, 28
3 0x80003e30 (0x01c09513) x10 0x00000000
core   0: 0xffffffff80003e34 (0xd384e2b7) lui     t0, 0xd384e
3 0x80003e34 (0xd384e2b7) x 5 0xd384e000
core   0: 0xffffffff80003e38 (0x01ed8db3) add     s11, s11, t5
3 0x80003e38 (0x01ed8db3) x27 0xffffffff
core   0: 0xffffffff80003e3c (0x01111b13) slli    s6, sp, 17
3 0x80003e3c (0x01111b13) x22 0xfb360000
core   0: 0xffffffff80003e40 (0x00fcd713) srli    a4, s9, 15
3 0x80003e40 (0x00fcd713) x14 0x00016ff5
core   0: 0xffffffff80003e44 (0x2063f713) andi    a4, t2, 518
3 0x80003e44 (0x2063f713) x14 0x00000000
core   0: 0xffffffff80003e48 (0xe2636f13) ori     t5, t1, -474
3 0x80003e48 (0xe2636f13) x30 0xfffffe26
core   0: 0xffffffff80003e4c (0x00a9abb3) slt     s7, s3, a0
3 0x80003e4c (0x00a9abb3) x23 0x00000000
core   0: 0xffffffff80003e50 (0x40350ab3) sub     s5, a0, gp
3 0x80003e50 (0x40350ab3) x21 0xad4f2000
core   0: 0xffffffff80003e54 (0x00000013) nop
3 0x80003e54 (0x00000013)
core   0: 0xffffffff80003e58 (0x01c84333) xor     t1, a6, t3
3 0x80003e58 (0x01c84333) x 6 0xc1205d70
core   0: 0xffffffff80003e5c (0x013cf3b3) and     t2, s9, s3
3 0x80003e5c (0x013cf3b3) x 7 0x11d88000
core   0: 0xffffffff80003e60 (0x01221933) sll     s2, tp, s2
3 0x80003e60 (0x01221933) x18 0x00000000
core   0: 0xffffffff80003e64 (0xd0c6cf93) xori    t6, a3, -756
3 0x80003e64 (0xd0c6cf93) x31 0xfffffd0d
core   0: 0xffffffff80003e68 (0x06a3bf93) sltiu   t6, t2, 106
3 0x80003e68 (0x06a3bf93) x31 0x00000000
core   0: 0xffffffff80003e6c (0x0073d7b3) srl     a5, t2, t2
3 0x80003e6c (0x0073d7b3) x15 0x11d88000
core   0: 0xffffffff80003e70 (0x08615297) auipc   t0, 0x8615
3 0x80003e70 (0x08615297) x 5 0x88618e70
core   0: 0xffffffff80003e74 (0x01bec7b3) xor     a5, t4, s11
3 0x80003e74 (0x01bec7b3) x15 0xfffffffe
core   0: 0xffffffff80003e78 (0x008a1f33) sll     t5, s4, s0
3 0x80003e78 (0x008a1f33) x30 0x05339000
core   0: 0xffffffff80003e7c (0x412edf13) srai    t5, t4, 18
3 0x80003e7c (0x412edf13) x30 0x00000000
core   0: 0xffffffff80003e80 (0xe5dffe13) andi    t3, t6, -419
3 0x80003e80 (0xe5dffe13) x28 0x00000000
core   0: 0xffffffff80003e84 (0xfff00813) li      a6, -1
3 0x80003e84 (0xfff00813) x16 0xffffffff
core   0: 0xffffffff80003e88 (0x80000437) lui     s0, 0x80000
3 0x80003e88 (0x80000437) x 8 0x80000000
core   0: 0xffffffff80003e8c (0x00000b13) li      s6, 0
3 0x80003e8c (0x00000b13) x22 0x00000000
core   0: 0xffffffff80003e90 (0x1176a237) lui     tp, 0x1176a
3 0x80003e90 (0x1176a237) x 4 0x1176a000
core   0: 0xffffffff80003e94 (0x99c20213) addi    tp, tp, -1636
3 0x80003e94 (0x99c20213) x 4 0x1176999c
core   0: 0xffffffff80003e98 (0xfff00a93) li      s5, -1
3 0x80003e98 (0xfff00a93) x21 0xffffffff
core   0: 0xffffffff80003e9c (0x800009b7) lui     s3, 0x80000
3 0x80003e9c (0x800009b7) x19 0x80000000
core   0: 0xffffffff80003ea0 (0x800006b7) lui     a3, 0x80000
3 0x80003ea0 (0x800006b7) x13 0x80000000
core   0: 0xffffffff80003ea4 (0x00000193) li      gp, 0
3 0x80003ea4 (0x00000193) x 3 0x00000000
core   0: 0xffffffff80003ea8 (0x00000313) li      t1, 0
3 0x80003ea8 (0x00000313) x 6 0x00000000
core   0: 0xffffffff80003eac (0xfff00613) li      a2, -1
3 0x80003eac (0xfff00613) x12 0xffffffff
core   0: 0xffffffff80003eb0 (0x34a6c9b7) lui     s3, 0x34a6c
3 0x80003eb0 (0x34a6c9b7) x19 0x34a6c000
core   0: 0xffffffff80003eb4 (0x40320b33) sub     s6, tp, gp
3 0x80003eb4 (0x40320b33) x22 0x1176999c
core   0: 0xffffffff80003eb8 (0x7c1ba697) auipc   a3, 0x7c1ba
3 0x80003eb8 (0x7c1ba697) x13 0xfc1bdeb8
core   0: 0xffffffff80003ebc (0x48c12437) lui     s0, 0x48c12
3 0x80003ebc (0x48c12437) x 8 0x48c12000
core   0: 0xffffffff80003ec0 (0x006209b3) add     s3, tp, t1
3 0x80003ec0 (0x006209b3) x19 0x1176999c
core   0: 0xffffffff80003ec4 (0x01640ab3) add     s5, s0, s6
3 0x80003ec4 (0x01640ab3) x21 0x5a37b99c
core   0: 0xffffffff80003ec8 (0xa7907437) lui     s0, 0xa7907
3 0x80003ec8 (0xa7907437) x 8 0xa7907000
core   0: 0xffffffff80003ecc (0x1ec80a93) addi    s5, a6, 492
3 0x80003ecc (0x1ec80a93) x21 0x000001eb
core   0: 0xffffffff80003ed0 (0xe64a0ab7) lui     s5, 0xe64a0
3 0x80003ed0 (0xe64a0ab7) x21 0xe64a0000
core   0: 0xffffffff80003ed4 (0xb3102837) lui     a6, 0xb3102
3 0x80003ed4 (0xb3102837) x16 0xb3102000
core   0: 0xffffffff80003ed8 (0xac837337) lui     t1, 0xac837
3 0x80003ed8 (0xac837337) x 6 0xac837000
core   0: 0xffffffff80003edc (0x3a340413) addi    s0, s0, 931
3 0x80003edc (0x3a340413) x 8 0xa79073a3
core   0: 0xffffffff80003ee0 (0xca820b13) addi    s6, tp, -856
3 0x80003ee0 (0xca820b13) x22 0x11769644
core   0: 0xffffffff80003ee4 (0x472a8697) auipc   a3, 0x472a8
3 0x80003ee4 (0x472a8697) x13 0xc72abee4
core   0: 0xffffffff80003ee8 (0x40498ab3) sub     s5, s3, tp
3 0x80003ee8 (0x40498ab3) x21 0x00000000
core   0: 0xffffffff80003eec (0x0f66ca97) auipc   s5, 0xf66c
3 0x80003eec (0x0f66ca97) x21 0x8f66feec
core   0: 0xffffffff80003ef0 (0x2be60317) auipc   t1, 0x2be60
3 0x80003ef0 (0x2be60317) x 6 0xabe63ef0
core   0: 0xffffffff80003ef4 (0xf5dfc217) auipc   tp, 0xf5dfc
3 0x80003ef4 (0xf5dfc217) x 4 0x75dffef4
core   0: 0xffffffff80003ef8 (0xf33b7617) auipc   a2, 0xf33b7
3 0x80003ef8 (0xf33b7617) x12 0x733baef8
core   0: 0xffffffff80003efc (0x414b03b3) sub     t2, s6, s4
3 0x80003efc (0x414b03b3) x 7 0x91754960
core   0: 0xffffffff80003f00 (0x00c3df93) srli    t6, t2, 12
3 0x80003f00 (0x00c3df93) x31 0x00091754
core   0: 0xffffffff80003f04 (0x1e1ae713) ori     a4, s5, 481
3 0x80003f04 (0x1e1ae713) x14 0x8f66ffed
core   0: 0xffffffff80003f08 (0x012fb333) sltu    t1, t6, s2
3 0x80003f08 (0x012fb333) x 6 0x00000000
core   0: 0xffffffff80003f0c (0x12a92c97) auipc   s9, 0x12a92
3 0x80003f0c (0x12a92c97) x25 0x92a95f0c
core   0: 0xffffffff80003f10 (0x00927b33) and     s6, tp, s1
3 0x80003f10 (0x00927b33) x22 0x00010e64
core   0: 0xffffffff80003f14 (0x01129893) slli    a7, t0, 17
3 0x80003f14 (0x01129893) x17 0x1ce00000
core   0: 0xffffffff80003f18 (0xd691ef13) ori     t5, gp, -663
3 0x80003f18 (0xd691ef13) x30 0xfffffd69
core   0: 0xffffffff80003f1c (0x5588d817) auipc   a6, 0x5588d
3 0x80003f1c (0x5588d817) x16 0xd5890f1c
core   0: 0xffffffff80003f20 (0x41c28db3) sub     s11, t0, t3
3 0x80003f20 (0x41c28db3) x27 0x88618e70
core   0: 0xffffffff80003f24 (0x06cfe813) ori     a6, t6, 108
3 0x80003f24 (0x06cfe813) x16 0x0009177c
core   0: 0xffffffff80003f28 (0x33c5b393) sltiu   t2, a1, 828
3 0x80003f28 (0x33c5b393) x 7 0x00000001
core   0: 0xffffffff80003f2c (0x01965bb3) srl     s7, a2, s9
3 0x80003f2c (0x01965bb3) x23 0x000733ba
core   0: 0xffffffff80003f30 (0x01799eb3) sll     t4, s3, s7
3 0x80003f30 (0x01799eb3) x29 0x70000000
core   0: 0xffffffff80003f34 (0x40f502b3) sub     t0, a0, a5
3 0x80003f34 (0x40f502b3) x 5 0x00000002
core   0: 0xffffffff80003f38 (0x01bda033) slt     zero, s11, s11
3 0x80003f38 (0x01bda033)
core   0: 0xffffffff80003f3c (0xd0cc6937) lui     s2, 0xd0cc6
3 0x80003f3c (0xd0cc6937) x18 0xd0cc6000
core   0: 0xffffffff80003f40 (0x0043b733) sltu    a4, t2, tp
3 0x80003f40 (0x0043b733) x14 0x00000001
core   0: 0xffffffff80003f44 (0x1f40f313) andi    t1, ra, 500
3 0x80003f44 (0x1f40f313) x 6 0x00000170
core   0: 0xffffffff80003f48 (0xc0438593) addi    a1, t2, -1020
3 0x80003f48 (0xc0438593) x11 0xfffffc05
core   0: 0xffffffff80003f4c (0xce882993) slti    s3, a6, -792
3 0x80003f4c (0xce882993) x19 0x00000000
core   0: 0xffffffff80003f50 (0x00afe333) or      t1, t6, a0
3 0x80003f50 (0x00afe333) x 6 0x00091754
core   0: 0xffffffff80003f54 (0x41dcdbb3) sra     s7, s9, t4
3 0x80003f54 (0x41dcdbb3) x23 0x92a95f0c
core   0: 0xffffffff80003f58 (0x40615233) sra     tp, sp, t1
3 0x80003f58 (0x40615233) x 4 0xffffffff
core   0: 0xffffffff80003f5c (0xa0603737) lui     a4, 0xa0603
3 0x80003f5c (0xa0603737) x14 0xa0603000
core   0: 0xffffffff80003f60 (0x00265133) srl     sp, a2, sp
3 0x80003f60 (0x00265133) x 2 0x0000000e
core   0: 0xffffffff80003f64 (0x001955b3) srl     a1, s2, ra
3 0x80003f64 (0x001955b3) x11 0x0000d0cc
core   0: 0xffffffff80003f68 (0xdefda013) slti    zero, s11, -529
3 0x80003f68 (0xdefda013)
core   0: 0xffffffff80003f6c (0xfd9fc893) xori    a7, t6, -39
3 0x80003f6c (0xfd9fc893) x17 0xfff6e88d
core   0: 0xffffffff80003f70 (0x4054d533) sra     a0, s1, t0
3 0x80003f70 (0x4054d533) x10 0xe0004399
core   0: 0xffffffff80003f74 (0x01fa9893) slli    a7, s5, 31
3 0x80003f74 (0x01fa9893) x17 0x00000000
core   0: 0xffffffff80003f78 (0x45fa38b7) lui     a7, 0x45fa3
3 0x80003f78 (0x45fa38b7) x17 0x45fa3000
core   0: 0xffffffff80003f7c (0x017c8233) add     tp, s9, s7
3 0x80003f7c (0x017c8233) x 4 0x2552be18
core   0: 0xffffffff80003f80 (0x40425413) srai    s0, tp, 4
3 0x80003f80 (0x40425413) x 8 0x02552be1
core   0: 0xffffffff80003f84 (0x01cfa233) slt     tp, t6, t3
3 0x80003f84 (0x01cfa233) x 4 0x00000000
core   0: 0xffffffff80003f88 (0x00f8efb3) or      t6, a7, a5
3 0x80003f88 (0x00f8efb3) x31 0xfffffffe
core   0: 0xffffffff80003f8c (0x40ea8ab3) sub     s5, s5, a4
3 0x80003f8c (0x40ea8ab3) x21 0xef06ceec
core   0: 0xffffffff80003f90 (0xc6496713) ori     a4, s2, -924
3 0x80003f90 (0xc6496713) x14 0xfffffc64
core   0: 0xffffffff80003f94 (0x40075193) srai    gp, a4, 0
3 0x80003f94 (0x40075193) x 3 0xfffffc64
core   0: 0xffffffff80003f98 (0xfc1c7813) andi    a6, s8, -63
3 0x80003f98 (0xfc1c7813) x16 0xfffeb541
core   0: 0xffffffff80003f9c (0xc32f0013) addi    zero, t5, -974
3 0x80003f9c (0xc32f0013)
core   0: 0xffffffff80003fa0 (0x00610fb3) add     t6, sp, t1
3 0x80003fa0 (0x00610fb3) x31 0x00091762
core   0: 0xffffffff80003fa4 (0x414b00b3) sub     ra, s6, s4
3 0x80003fa4 (0x414b00b3) x 1 0x7fffc180
core   0: 0xffffffff80003fa8 (0x41e7de33) sra     t3, a5, t5
3 0x80003fa8 (0x41e7de33) x28 0xffffffff
core   0: 0xffffffff80003fac (0x01ece033) or      zero, s9, t5
3 0x80003fac (0x01ece033)
core   0: 0xffffffff80003fb0 (0x01568433) add     s0, a3, s5
3 0x80003fb0 (0x01568433) x 8 0xb6318dd0
core   0: 0xffffffff80003fb4 (0xd81b3813) sltiu   a6, s6, -639
3 0x80003fb4 (0xd81b3813) x16 0x00000001
core   0: 0xffffffff80003fb8 (0x41175f33) sra     t5, a4, a7
3 0x80003fb8 (0x41175f33) x30 0xfffffc64
core   0: 0xffffffff80003fbc (0x019295b3) sll     a1, t0, s9
3 0x80003fbc (0x019295b3) x11 0x00002000
core   0: 0xffffffff80003fc0 (0x40d70733) sub     a4, a4, a3
3 0x80003fc0 (0x40d70733) x14 0x38d53d80
core   0: 0xffffffff80003fc4 (0x0115c6b3) xor     a3, a1, a7
3 0x80003fc4 (0x0115c6b3) x13 0x45fa1000
core   0: 0xffffffff80003fc8 (0x00a1d313) srli    t1, gp, 10
3 0x80003fc8 (0x00a1d313) x 6 0x003fffff
core   0: 0xffffffff80003fcc (0x011a5e13) srli    t3, s4, 17
3 0x80003fcc (0x011a5e13) x28 0x00004000
core   0: 0xffffffff80003fd0 (0x00d0b5b3) sltu    a1, ra, a3
3 0x80003fd0 (0x00d0b5b3) x11 0x00000000
core   0: 0xffffffff80003fd4 (0x40a48033) sub     zero, s1, a0
3 0x80003fd4 (0x40a48033)
core   0: 0xffffffff80003fd8 (0x4071d233) sra     tp, gp, t2
3 0x80003fd8 (0x4071d233) x 4 0xfffffe32
core   0: 0xffffffff80003fdc (0x011f83b3) add     t2, t6, a7
3 0x80003fdc (0x011f83b3) x 7 0x46034762
core   0: 0xffffffff80003fe0 (0x40d108b3) sub     a7, sp, a3
3 0x80003fe0 (0x40d108b3) x17 0xba05f00e
core   0: 0xffffffff80003fe4 (0x416a5d93) srai    s11, s4, 22
3 0x80003fe4 (0x416a5d93) x27 0xfffffe00
core   0: 0xffffffff80003fe8 (0x1aece893) ori     a7, s9, 430
3 0x80003fe8 (0x1aece893) x17 0x92a95fae
core   0: 0xffffffff80003fec (0x4169d793) srai    a5, s3, 22
3 0x80003fec (0x4169d793) x15 0x00000000
core   0: 0xffffffff80003ff0 (0x40270db3) sub     s11, a4, sp
3 0x80003ff0 (0x40270db3) x27 0x38d53d72
core   0: 0xffffffff80003ff4 (0x00000013) nop
3 0x80003ff4 (0x00000013)
core   0: 0xffffffff80003ff8 (0x00c491b3) sll     gp, s1, a2
3 0x80003ff8 (0x00c491b3) x 3 0x64000000
core   0: 0xffffffff80003ffc (0x01ca5033) srl     zero, s4, t3
3 0x80003ffc (0x01ca5033)
core   0: 0xffffffff80004000 (0x00cf27b3) slt     a5, t5, a2
3 0x80004000 (0x00cf27b3) x15 0x00000001
core   0: 0xffffffff80004004 (0x01e6efb3) or      t6, a3, t5
3 0x80004004 (0x01e6efb3) x31 0xfffffc64
core   0: 0xffffffff80004008 (0xf56aa613) slti    a2, s5, -170
3 0x80004008 (0xf56aa613) x12 0x00000001
core   0: 0xffffffff8000400c (0x768bcdb7) lui     s11, 0x768bc
3 0x8000400c (0x768bcdb7) x27 0x768bc000
core   0: 0xffffffff80004010 (0x2d6e4b93) xori    s7, t3, 726
3 0x80004010 (0x2d6e4b93) x23 0x000042d6
core   0: 0xffffffff80004014 (0x379e21b7) lui     gp, 0x379e2
3 0x80004014 (0x379e21b7) x 3 0x379e2000
core   0: 0xffffffff80004018 (0xfb9be613) ori     a2, s7, -71
3 0x80004018 (0xfb9be613) x12 0xffffffff
core   0: 0xffffffff8000401c (0x00000013) nop
3 0x8000401c (0x00000013)
core   0: 0xffffffff80004020 (0xff8dc713) xori    a4, s11, -8
3 0x80004020 (0xff8dc713) x14 0x89743ff8
core   0: 0xffffffff80004024 (0x40afd313) srai    t1, t6, 10
3 0x80004024 (0x40afd313) x 6 0xffffffff
core   0: 0xffffffff80004028 (0x00000013) nop
3 0x80004028 (0x00000013)
core   0: 0xffffffff8000402c (0x8f4b6337) lui     t1, 0x8f4b6
3 0x8000402c (0x8f4b6337) x 6 0x8f4b6000
core   0: 0xffffffff80004030 (0x33dd0793) addi    a5, s10, 829
3 0x80004030 (0x33dd0793) x15 0xd49228a4
core   0: 0xffffffff80004034 (0x04edc293) xori    t0, s11, 78
3 0x80004034 (0x04edc293) x 5 0x768bc04e
core   0: 0xffffffff80004038 (0xe5194913) xori    s2, s2, -431
3 0x80004038 (0xe5194913) x18 0x2f339e51
core   0: 0xffffffff8000403c (0x011331b3) sltu    gp, t1, a7
3 0x8000403c (0x011331b3) x 3 0x00000001
core   0: 0xffffffff80004040 (0x01a546b3) xor     a3, a0, s10
3 0x80004040 (0x01a546b3) x13 0x349266fe
core   0: 0xffffffff80004044 (0x41fb0133) sub     sp, s6, t6
3 0x80004044 (0x41fb0133) x 2 0x00011200
core   0: 0xffffffff80004048 (0x0156c833) xor     a6, a3, s5
3 0x80004048 (0x0156c833) x16 0xdb94a812
core   0: 0xffffffff8000404c (0xccc6a117) auipc   sp, 0xccc6a
3 0x8000404c (0xccc6a117) x 2 0x4cc6e04c
core   0: 0xffffffff80004050 (0x058fac93) slti    s9, t6, 88
3 0x80004050 (0x058fac93) x25 0x00000001
core   0: 0xffffffff80004054 (0x0150c233) xor     tp, ra, s5
3 0x80004054 (0x0150c233) x 4 0x90f90f6c
core   0: 0xffffffff80004058 (0xd6060193) addi    gp, a2, -672
3 0x80004058 (0xd6060193) x 3 0xfffffd5f
core   0: 0xffffffff8000405c (0x29884213) xori    tp, a6, 664
3 0x8000405c (0x29884213) x 4 0xdb94aa8a
core   0: 0xffffffff80004060 (0x00000013) nop
3 0x80004060 (0x00000013)
core   0: 0xffffffff80004064 (0x01221e93) slli    t4, tp, 18
3 0x80004064 (0x01221e93) x29 0xaa280000
core   0: 0xffffffff80004068 (0x013790b3) sll     ra, a5, s3
3 0x80004068 (0x013790b3) x 1 0xd49228a4
core   0: 0xffffffff8000406c (0x0033b6b3) sltu    a3, t2, gp
3 0x8000406c (0x0033b6b3) x13 0x00000001
core   0: 0xffffffff80004070 (0xd38b2713) slti    a4, s6, -712
3 0x80004070 (0xd38b2713) x14 0x00000000
core   0: 0xffffffff80004074 (0x401c5333) sra     t1, s8, ra
3 0x80004074 (0x401c5333) x 6 0xffffeb56
core   0: 0xffffffff80004078 (0xd13c4bb7) lui     s7, 0xd13c4
3 0x80004078 (0xd13c4bb7) x23 0xd13c4000
core   0: 0xffffffff8000407c (0x00000013) nop
3 0x8000407c (0x00000013)
core   0: 0xffffffff80004080 (0x006c6933) or      s2, s8, t1
3 0x80004080 (0x006c6933) x18 0xffffff77
core   0: 0xffffffff80004084 (0x01d199b3) sll     s3, gp, t4
3 0x80004084 (0x01d199b3) x19 0xfffffd5f
core   0: 0xffffffff80004088 (0x0062deb3) srl     t4, t0, t1
3 0x80004088 (0x0062deb3) x29 0x000001da
core   0: 0xffffffff8000408c (0x01139e33) sll     t3, t2, a7
3 0x8000408c (0x01139e33) x28 0xd1d88000
core   0: 0xffffffff80004090 (0x01d5c533) xor     a0, a1, t4
3 0x80004090 (0x01d5c533) x10 0x000001da
core   0: 0xffffffff80004094 (0x01b22233) slt     tp, tp, s11
3 0x80004094 (0x01b22233) x 4 0x00000001
core   0: 0xffffffff80004098 (0xc4207797) auipc   a5, 0xc4207
3 0x80004098 (0xc4207797) x15 0x4420b098
core   0: 0xffffffff8000409c (0x00000013) nop
3 0x8000409c (0x00000013)
core   0: 0xffffffff800040a0 (0xd52cf993) andi    s3, s9, -686
3 0x800040a0 (0xd52cf993) x19 0x00000000
core   0: 0xffffffff800040a4 (0xd7e2ca93) xori    s5, t0, -642
3 0x800040a4 (0xd7e2ca93) x21 0x89743d30
core   0: 0xffffffff800040a8 (0x004447b3) xor     a5, s0, tp
3 0x800040a8 (0x004447b3) x15 0xb6318dd1
core   0: 0xffffffff800040ac (0x417e8eb3) sub     t4, t4, s7
3 0x800040ac (0x417e8eb3) x29 0x2ec3c1da
core   0: 0xffffffff800040b0 (0x001a1233) sll     tp, s4, ra
3 0x800040b0 (0x001a1233) x 4 0x0014ce40
core   0: 0xffffffff800040b4 (0xf6a77113) andi    sp, a4, -150
3 0x800040b4 (0xf6a77113) x 2 0x00000000
core   0: 0xffffffff800040b8 (0x41c98633) sub     a2, s3, t3
3 0x800040b8 (0x41c98633) x12 0x2e278000
core   0: 0xffffffff800040bc (0x0019a933) slt     s2, s3, ra
3 0x800040bc (0x0019a933) x18 0x00000000
core   0: 0xffffffff800040c0 (0x00a11833) sll     a6, sp, a0
3 0x800040c0 (0x00a11833) x16 0x00000000
core   0: 0xffffffff800040c4 (0x00f63893) sltiu   a7, a2, 15
3 0x800040c4 (0x00f63893) x17 0x00000000
core   0: 0xffffffff800040c8 (0x00c89793) slli    a5, a7, 12
3 0x800040c8 (0x00c89793) x15 0x00000000
core   0: 0xffffffff800040cc (0x00d31db3) sll     s11, t1, a3
3 0x800040cc (0x00d31db3) x27 0xffffd6ac
core   0: 0xffffffff800040d0 (0xe0eee293) ori     t0, t4, -498
3 0x800040d0 (0xe0eee293) x 5 0xffffffde
core   0: 0xffffffff800040d4 (0x01ea1133) sll     sp, s4, t5
3 0x800040d4 (0x01ea1133) x 2 0x0014ce40
core   0: 0xffffffff800040d8 (0xdfe02e37) lui     t3, 0xdfe02
3 0x800040d8 (0xdfe02e37) x28 0xdfe02000
core   0: 0xffffffff800040dc (0x01039393) slli    t2, t2, 16
3 0x800040dc (0x01039393) x 7 0x47620000
core   0: 0xffffffff800040e0 (0x41d38333) sub     t1, t2, t4
3 0x800040e0 (0x41d38333) x 6 0x189e3e26
core   0: 0xffffffff800040e4 (0x41e05c13) srai    s8, zero, 30
3 0x800040e4 (0x41e05c13) x24 0x00000000
core   0: 0xffffffff800040e8 (0xfabe6c13) ori     s8, t3, -85
3 0x800040e8 (0xfabe6c13) x24 0xffffffab
core   0: 0xffffffff800040ec (0x008e3433) sltu    s0, t3, s0
3 0x800040ec (0x008e3433) x 8 0x00000000
core   0: 0xffffffff800040f0 (0x00d01213) slli    tp, zero, 13
3 0x800040f0 (0x00d01213) x 4 0x00000000
core   0: 0xffffffff800040f4 (0x00000013) nop
3 0x800040f4 (0x00000013)
core   0: 0xffffffff800040f8 (0x12e94013) xori    zero, s2, 302
3 0x800040f8 (0x12e94013)
core   0: 0xffffffff800040fc (0x001dc433) xor     s0, s11, ra
3 0x800040fc (0x001dc433) x 8 0x2b6dfe08
core   0: 0xffffffff80004100 (0x007eceb3) xor     t4, t4, t2
3 0x80004100 (0x007eceb3) x29 0x69a1c1da
core   0: 0xffffffff80004104 (0x00d10833) add     a6, sp, a3
3 0x80004104 (0x00d10833) x16 0x0014ce41
core   0: 0xffffffff80004108 (0xc7297f17) auipc   t5, 0xc7297
3 0x80004108 (0xc7297f17) x30 0x4729b108
core   0: 0xffffffff8000410c (0xc88f7793) andi    a5, t5, -888
3 0x8000410c (0xc88f7793) x15 0x4729b008
core   0: 0xffffffff80004110 (0x00098ab3) add     s5, s3, zero
3 0x80004110 (0x00098ab3) x21 0x00000000
core   0: 0xffffffff80004114 (0x00000013) nop
3 0x80004114 (0x00000013)
core   0: 0xffffffff80004118 (0x01301913) slli    s2, zero, 19
3 0x80004118 (0x01301913) x18 0x00000000
core   0: 0xffffffff8000411c (0x405c5893) srai    a7, s8, 5
3 0x8000411c (0x405c5893) x17 0xfffffffd
core   0: 0xffffffff80004120 (0x27bd2b93) slti    s7, s10, 635
3 0x80004120 (0x27bd2b93) x23 0x00000001
core   0: 0xffffffff80004124 (0x40dc5e93) srai    t4, s8, 13
3 0x80004124 (0x40dc5e93) x29 0xffffffff
core   0: 0xffffffff80004128 (0x01ea1013) slli    zero, s4, 30
3 0x80004128 (0x01ea1013)
core   0: 0xffffffff8000412c (0xff3e7093) andi    ra, t3, -13
3 0x8000412c (0xff3e7093) x 1 0xdfe02000
core   0: 0xffffffff80004130 (0x01984733) xor     a4, a6, s9
3 0x80004130 (0x01984733) x14 0x0014ce40
core   0: 0xffffffff80004134 (0x00052433) slt     s0, a0, zero
3 0x80004134 (0x00052433) x 8 0x00000000
core   0: 0xffffffff80004138 (0x00fbecb3) or      s9, s7, a5
3 0x80004138 (0x00fbecb3) x25 0x4729b009
core   0: 0xffffffff8000413c (0x40d9d1b3) sra     gp, s3, a3
3 0x8000413c (0x40d9d1b3) x 3 0x00000000
core   0: 0xffffffff80004140 (0x0188ef33) or      t5, a7, s8
3 0x80004140 (0x0188ef33) x30 0xffffffff
core   0: 0xffffffff80004144 (0xc5fb7913) andi    s2, s6, -929
3 0x80004144 (0xc5fb7913) x18 0x00010c44
core   0: 0xffffffff80004148 (0xdd113393) sltiu   t2, sp, -559
3 0x80004148 (0xdd113393) x 7 0x00000001
core   0: 0xffffffff8000414c (0x00b0c6b3) xor     a3, ra, a1
3 0x8000414c (0x00b0c6b3) x13 0xdfe02000
core   0: 0xffffffff80004150 (0x09e68693) addi    a3, a3, 158
3 0x80004150 (0x09e68693) x13 0xdfe0209e
core   0: 0xffffffff80004154 (0x00d31833) sll     a6, t1, a3
3 0x80004154 (0x00d31833) x16 0x80000000
core   0: 0xffffffff80004158 (0x01daa3b3) slt     t2, s5, t4
3 0x80004158 (0x01daa3b3) x 7 0x00000000
core   0: 0xffffffff8000415c (0x05dff097) auipc   ra, 0x5dff
3 0x8000415c (0x05dff097) x 1 0x85e0315c
core   0: 0xffffffff80004160 (0x3dbdff93) andi    t6, s11, 987
3 0x80004160 (0x3dbdff93) x31 0x00000288
core   0: 0xffffffff80004164 (0x0f398a93) addi    s5, s3, 243
3 0x80004164 (0x0f398a93) x21 0x000000f3
core   0: 0xffffffff80004168 (0x00b35913) srli    s2, t1, 11
3 0x80004168 (0x00b35913) x18 0x000313c7
core   0: 0xffffffff8000416c (0x017cd933) srl     s2, s9, s7
3 0x8000416c (0x017cd933) x18 0x2394d804
core   0: 0xffffffff80004170 (0x002db033) sltu    zero, s11, sp
3 0x80004170 (0x002db033)
core   0: 0xffffffff80004174 (0x25c1b793) sltiu   a5, gp, 604
3 0x80004174 (0x25c1b793) x15 0x00000001
core   0: 0xffffffff80004178 (0x012d26b3) slt     a3, s10, s2
3 0x80004178 (0x012d26b3) x13 0x00000001
core   0: 0xffffffff8000417c (0x40325093) srai    ra, tp, 3
3 0x8000417c (0x40325093) x 1 0x00000000
core   0: 0xffffffff80004180 (0x40635c33) sra     s8, t1, t1
3 0x80004180 (0x40635c33) x24 0x006278f8
core   0: 0xffffffff80004184 (0x005d36b3) sltu    a3, s10, t0
3 0x80004184 (0x005d36b3) x13 0x00000001
core   0: 0xffffffff80004188 (0xad73f717) auipc   a4, 0xad73f
3 0x80004188 (0xad73f717) x14 0x2d743188
core   0: 0xffffffff8000418c (0x011e98b3) sll     a7, t4, a7
3 0x8000418c (0x011e98b3) x17 0xe0000000
core   0: 0xffffffff80004190 (0x03257293) andi    t0, a0, 50
3 0x80004190 (0x03257293) x 5 0x00000012
core   0: 0xffffffff80004194 (0x01d09213) slli    tp, ra, 29
3 0x80004194 (0x01d09213) x 4 0x00000000
core   0: 0xffffffff80004198 (0x4121dab3) sra     s5, gp, s2
3 0x80004198 (0x4121dab3) x21 0x00000000
core   0: 0xffffffff8000419c (0x41308633) sub     a2, ra, s3
3 0x8000419c (0x41308633) x12 0x00000000
core   0: 0xffffffff800041a0 (0x01785bb3) srl     s7, a6, s7
3 0x800041a0 (0x01785bb3) x23 0x40000000
core   0: 0xffffffff800041a4 (0x01b553b3) srl     t2, a0, s11
3 0x800041a4 (0x01b553b3) x 7 0x00000000
core   0: 0xffffffff800041a8 (0x01fdf333) and     t1, s11, t6
3 0x800041a8 (0x01fdf333) x 6 0x00000288
core   0: 0xffffffff800041ac (0x000d0c33) add     s8, s10, zero
3 0x800041ac (0x000d0c33) x24 0xd4922567
core   0: 0xffffffff800041b0 (0x41395c33) sra     s8, s2, s3
3 0x800041b0 (0x41395c33) x24 0x2394d804
core   0: 0xffffffff800041b4 (0x00000013) nop
3 0x800041b4 (0x00000013)
core   0: 0xffffffff800041b8 (0xdfcdfd93) andi    s11, s11, -516
3 0x800041b8 (0xdfcdfd93) x27 0xffffd4ac
core   0: 0xffffffff800041bc (0x001009b3) add     s3, zero, ra
3 0x800041bc (0x001009b3) x19 0x00000000
core   0: 0xffffffff800041c0 (0xe38bf593) andi    a1, s7, -456
3 0x800041c0 (0xe38bf593) x11 0x40000000
core   0: 0xffffffff800041c4 (0x00791213) slli    tp, s2, 7
3 0x800041c4 (0x00791213) x 4 0xca6c0200
core   0: 0xffffffff800041c8 (0xcc247513) andi    a0, s0, -830
3 0x800041c8 (0xcc247513) x10 0x00000000
core   0: 0xffffffff800041cc (0x41c7d9b3) sra     s3, a5, t3
3 0x800041cc (0x41c7d9b3) x19 0x00000001
core   0: 0xffffffff800041d0 (0x40c6d993) srai    s3, a3, 12
3 0x800041d0 (0x40c6d993) x19 0x00000000
core   0: 0xffffffff800041d4 (0x008a5893) srli    a7, s4, 8
3 0x800041d4 (0x008a5893) x17 0x0080014c
core   0: 0xffffffff800041d8 (0xd666f897) auipc   a7, 0xd666f
3 0x800041d8 (0xd666f897) x17 0x566731d8
core   0: 0xffffffff800041dc (0xc8822893) slti    a7, tp, -888
3 0x800041dc (0xc8822893) x17 0x00000001
core   0: 0xffffffff800041e0 (0xf1d1e793) ori     a5, gp, -227
3 0x800041e0 (0xf1d1e793) x15 0xffffff1d
core   0: 0xffffffff800041e4 (0x013e08b3) add     a7, t3, s3
3 0x800041e4 (0x013e08b3) x17 0xdfe02000
core   0: 0xffffffff800041e8 (0xf5236bb7) lui     s7, 0xf5236
3 0x800041e8 (0xf5236bb7) x23 0xf5236000
core   0: 0xffffffff800041ec (0x0098f1b3) and     gp, a7, s1
3 0x800041ec (0x0098f1b3) x 3 0x80000000
core   0: 0xffffffff800041f0 (0x014b5913) srli    s2, s6, 20
3 0x800041f0 (0x014b5913) x18 0x00000000
core   0: 0xffffffff800041f4 (0x406ed593) srai    a1, t4, 6
3 0x800041f4 (0x406ed593) x11 0xffffffff
core   0: 0xffffffff800041f8 (0xcc83e813) ori     a6, t2, -824
3 0x800041f8 (0xcc83e813) x16 0xfffffcc8
core   0: 0xffffffff800041fc (0x41a9db13) srai    s6, s3, 26
3 0x800041fc (0x41a9db13) x22 0x00000000
core   0: 0xffffffff80004200 (0x41895c33) sra     s8, s2, s8
3 0x80004200 (0x41895c33) x24 0x00000000
core   0: 0xffffffff80004204 (0x2dc93093) sltiu   ra, s2, 732
3 0x80004204 (0x2dc93093) x 1 0x00000001
core   0: 0xffffffff80004208 (0x00101893) slli    a7, zero, 1
3 0x80004208 (0x00101893) x17 0x00000000
core   0: 0xffffffff8000420c (0x19be3313) sltiu   t1, t3, 411
3 0x8000420c (0x19be3313) x 6 0x00000000
core   0: 0xffffffff80004210 (0x00f68ab3) add     s5, a3, a5
3 0x80004210 (0x00f68ab3) x21 0xffffff1e
core   0: 0xffffffff80004214 (0x2d8e3113) sltiu   sp, t3, 728
3 0x80004214 (0x2d8e3113) x 2 0x00000000
core   0: 0xffffffff80004218 (0xe0e1cf13) xori    t5, gp, -498
3 0x80004218 (0xe0e1cf13) x30 0x7ffffe0e
core   0: 0xffffffff8000421c (0x41530533) sub     a0, t1, s5
3 0x8000421c (0x41530533) x10 0x000000e2
core   0: 0xffffffff80004220 (0x00000013) nop
3 0x80004220 (0x00000013)
core   0: 0xffffffff80004224 (0x010d1e33) sll     t3, s10, a6
3 0x80004224 (0x010d1e33) x28 0x92256700
core   0: 0xffffffff80004228 (0x41d8d333) sra     t1, a7, t4
3 0x80004228 (0x41d8d333) x 6 0x00000000
core   0: 0xffffffff8000422c (0x00597133) and     sp, s2, t0
3 0x8000422c (0x00597133) x 2 0x00000000
core   0: 0xffffffff80004230 (0x004da1b3) slt     gp, s11, tp
3 0x80004230 (0x004da1b3) x 3 0x00000000
core   0: 0xffffffff80004234 (0x002de8b3) or      a7, s11, sp
3 0x80004234 (0x002de8b3) x17 0xffffd4ac
core   0: 0xffffffff80004238 (0x011dda93) srli    s5, s11, 17
3 0x80004238 (0x011dda93) x21 0x00007fff
core   0: 0xffffffff8000423c (0x011b16b3) sll     a3, s6, a7
3 0x8000423c (0x011b16b3) x13 0x00000000
core   0: 0xffffffff80004240 (0x01cabeb3) sltu    t4, s5, t3
3 0x80004240 (0x01cabeb3) x29 0x00000001
core   0: 0xffffffff80004244 (0x00adbdb3) sltu    s11, s11, a0
3 0x80004244 (0x00adbdb3) x27 0x00000000
core   0: 0xffffffff80004248 (0x01e63c33) sltu    s8, a2, t5
3 0x80004248 (0x01e63c33) x24 0x00000001
core   0: 0xffffffff8000424c (0xb4336fb7) lui     t6, 0xb4336
3 0x8000424c (0xb4336fb7) x31 0xb4336000
core   0: 0xffffffff80004250 (0x0ae08b93) addi    s7, ra, 174
3 0x80004250 (0x0ae08b93) x23 0x000000af
core   0: 0xffffffff80004254 (0xd4918a93) addi    s5, gp, -695
3 0x80004254 (0xd4918a93) x21 0xfffffd49
core   0: 0xffffffff80004258 (0x00000013) nop
3 0x80004258 (0x00000013)
core   0: 0xffffffff8000425c (0xff608e93) addi    t4, ra, -10
3 0x8000425c (0xff608e93) x29 0xfffffff7
core   0: 0xffffffff80004260 (0x1d5da313) slti    t1, s11, 469
3 0x80004260 (0x1d5da313) x 6 0x00000001
core   0: 0xffffffff80004264 (0x3157c293) xori    t0, a5, 789
3 0x80004264 (0x3157c293) x 5 0xfffffc08
core   0: 0xffffffff80004268 (0x83f46d97) auipc   s11, 0x83f46
3 0x80004268 (0x83f46d97) x27 0x03f4a268
core   0: 0xffffffff8000426c (0xfa53ed93) ori     s11, t2, -91
3 0x8000426c (0xfa53ed93) x27 0xffffffa5
core   0: 0xffffffff80004270 (0xc87c9d97) auipc   s11, 0xc87c9
3 0x80004270 (0xc87c9d97) x27 0x487cd270
core   0: 0xffffffff80004274 (0x013213b3) sll     t2, tp, s3
3 0x80004274 (0x013213b3) x 7 0xca6c0200
core   0: 0xffffffff80004278 (0xa81bceb7) lui     t4, 0xa81bc
3 0x80004278 (0xa81bceb7) x29 0xa81bc000
core   0: 0xffffffff8000427c (0x018faab3) slt     s5, t6, s8
3 0x8000427c (0x018faab3) x21 0x00000001
core   0: 0xffffffff80004280 (0x419bd1b3) sra     gp, s7, s9
3 0x80004280 (0x419bd1b3) x 3 0x00000000
core   0: 0xffffffff80004284 (0x285fa213) slti    tp, t6, 645
3 0x80004284 (0x285fa213) x 4 0x00000001
core   0: 0xffffffff80004288 (0x002e19b3) sll     s3, t3, sp
3 0x80004288 (0x002e19b3) x19 0x92256700
core   0: 0xffffffff8000428c (0xc3a94893) xori    a7, s2, -966
3 0x8000428c (0xc3a94893) x17 0xfffffc3a
core   0: 0xffffffff80004290 (0x00000013) nop
3 0x80004290 (0x00000013)
core   0: 0xffffffff80004294 (0x1f2cc793) xori    a5, s9, 498
3 0x80004294 (0x1f2cc793) x15 0x4729b1fb
core   0: 0xffffffff80004298 (0x01389313) slli    t1, a7, 19
3 0x80004298 (0x01389313) x 6 0xe1d00000
core   0: 0xffffffff8000429c (0x0179b333) sltu    t1, s3, s7
3 0x8000429c (0x0179b333) x 6 0x00000000
core   0: 0xffffffff800042a0 (0x009a10b3) sll     ra, s4, s1
3 0x800042a0 (0x009a10b3) x 1 0x0014ce40
core   0: 0xffffffff800042a4 (0xc2438893) addi    a7, t2, -988
3 0x800042a4 (0xc2438893) x17 0xca6bfe24
core   0: 0xffffffff800042a8 (0x01a2cf33) xor     t5, t0, s10
3 0x800042a8 (0x01a2cf33) x30 0x2b6dd96f
core   0: 0xffffffff800042ac (0x0043e333) or      t1, t2, tp
3 0x800042ac (0x0043e333) x 6 0xca6c0201
core   0: 0xffffffff800042b0 (0x00027233) and     tp, tp, zero
3 0x800042b0 (0x00027233) x 4 0x00000000
core   0: 0xffffffff800042b4 (0x3ac62713) slti    a4, a2, 940
3 0x800042b4 (0x3ac62713) x14 0x00000001
core   0: 0xffffffff800042b8 (0x40ef5933) sra     s2, t5, a4
3 0x800042b8 (0x40ef5933) x18 0x15b6ecb7
core   0: 0xffffffff800042bc (0x4ae2beb7) lui     t4, 0x4ae2b
3 0x800042bc (0x4ae2beb7) x29 0x4ae2b000
core   0: 0xffffffff800042c0 (0xea71b993) sltiu   s3, gp, -345
3 0x800042c0 (0xea71b993) x19 0x00000001
core   0: 0xffffffff800042c4 (0x00959db3) sll     s11, a1, s1
3 0x800042c4 (0x00959db3) x27 0xfffffff0
core   0: 0xffffffff800042c8 (0xd80c4293) xori    t0, s8, -640
3 0x800042c8 (0xd80c4293) x 5 0xfffffd81
core   0: 0xffffffff800042cc (0x00b9e0b3) or      ra, s3, a1
3 0x800042cc (0x00b9e0b3) x 1 0xffffffff
core   0: 0xffffffff800042d0 (0x01264bb3) xor     s7, a2, s2
3 0x800042d0 (0x01264bb3) x23 0x15b6ecb7
core   0: 0xffffffff800042d4 (0xf7e47213) andi    tp, s0, -130
3 0x800042d4 (0xf7e47213) x 4 0x00000000
core   0: 0xffffffff800042d8 (0x0042d633) srl     a2, t0, tp
3 0x800042d8 (0x0042d633) x12 0xfffffd81
core   0: 0xffffffff800042dc (0x04b0f393) andi    t2, ra, 75
3 0x800042dc (0x04b0f393) x 7 0x0000004b
core   0: 0xffffffff800042e0 (0x8ede3417) auipc   s0, 0x8ede3
3 0x800042e0 (0x8ede3417) x 8 0x0ede72e0
core   0: 0xffffffff800042e4 (0x4035d593) srai    a1, a1, 3
3 0x800042e4 (0x4035d593) x11 0xffffffff
core   0: 0xffffffff800042e8 (0x2a2c8593) addi    a1, s9, 674
3 0x800042e8 (0x2a2c8593) x11 0x4729b2ab
core   0: 0xffffffff800042ec (0x0076bcb3) sltu    s9, a3, t2
3 0x800042ec (0x0076bcb3) x25 0x00000001
core   0: 0xffffffff800042f0 (0x00000013) nop
3 0x800042f0 (0x00000013)
core   0: 0xffffffff800042f4 (0x0098fcb3) and     s9, a7, s1
3 0x800042f4 (0x0098fcb3) x25 0x80010e24
core   0: 0xffffffff800042f8 (0x0000fe33) and     t3, ra, zero
3 0x800042f8 (0x0000fe33) x28 0x00000000
core   0: 0xffffffff800042fc (0x00d4d333) srl     t1, s1, a3
3 0x800042fc (0x00d4d333) x 6 0x80010e64
core   0: 0xffffffff80004300 (0x409c53b3) sra     t2, s8, s1
3 0x80004300 (0x409c53b3) x 7 0x00000000
core   0: 0xffffffff80004304 (0x01834f33) xor     t5, t1, s8
3 0x80004304 (0x01834f33) x30 0x80010e65
core   0: 0xffffffff80004308 (0x1794b3b7) lui     t2, 0x1794b
3 0x80004308 (0x1794b3b7) x 7 0x1794b000
core   0: 0xffffffff8000430c (0x3c10e193) ori     gp, ra, 961
3 0x8000430c (0x3c10e193) x 3 0xffffffff
core   0: 0xffffffff80004310 (0x3297c413) xori    s0, a5, 809
3 0x80004310 (0x3297c413) x 8 0x4729b2d2
core   0: 0xffffffff80004314 (0xc646c513) xori    a0, a3, -924
3 0x80004314 (0xc646c513) x10 0xfffffc64
core   0: 0xffffffff80004318 (0x3f69c313) xori    t1, s3, 1014
3 0x80004318 (0x3f69c313) x 6 0x000003f7
core   0: 0xffffffff8000431c (0x1a6d8693) addi    a3, s11, 422
3 0x8000431c (0x1a6d8693) x13 0x00000196
core   0: 0xffffffff80004320 (0x09297293) andi    t0, s2, 146
3 0x80004320 (0x09297293) x 5 0x00000092
core   0: 0xffffffff80004324 (0x01ebf5b3) and     a1, s7, t5
3 0x80004324 (0x01ebf5b3) x11 0x00000c25
core   0: 0xffffffff80004328 (0x003cef33) or      t5, s9, gp
3 0x80004328 (0x003cef33) x30 0xffffffff
core   0: 0xffffffff8000432c (0x4197d113) srai    sp, a5, 25
3 0x8000432c (0x4197d113) x 2 0x00000023
core   0: 0xffffffff80004330 (0x152e3693) sltiu   a3, t3, 338
3 0x80004330 (0x152e3693) x13 0x00000001
core   0: 0xffffffff80004334 (0x0101dc13) srli    s8, gp, 16
3 0x80004334 (0x0101dc13) x24 0x0000ffff
core   0: 0xffffffff80004338 (0x41595fb3) sra     t6, s2, s5
3 0x80004338 (0x41595fb3) x31 0x0adb765b
core   0: 0xffffffff8000433c (0x012f9a93) slli    s5, t6, 18
3 0x8000433c (0x012f9a93) x21 0xd96c0000
core   0: 0xffffffff80004340 (0x00000013) nop
3 0x80004340 (0x00000013)
core   0: 0xffffffff80004344 (0x407a5733) sra     a4, s4, t2
3 0x80004344 (0x407a5733) x14 0x80014ce4
core   0: 0xffffffff80004348 (0x40fc8fb3) sub     t6, s9, a5
3 0x80004348 (0x40fc8fb3) x31 0x38d75c29
core   0: 0xffffffff8000434c (0x4f0c78b7) lui     a7, 0x4f0c7
3 0x8000434c (0x4f0c78b7) x17 0x4f0c7000
core   0: 0xffffffff80004350 (0x86319037) lui     zero, 0x86319
3 0x80004350 (0x86319037)
core   0: 0xffffffff80004354 (0xeaf04c93) xori    s9, zero, -337
3 0x80004354 (0xeaf04c93) x25 0xfffffeaf
core   0: 0xffffffff80004358 (0x00bc0033) add     zero, s8, a1
3 0x80004358 (0x00bc0033)
core   0: 0xffffffff8000435c (0x19cc4113) xori    sp, s8, 412
3 0x8000435c (0x19cc4113) x 2 0x0000fe63
core   0: 0xffffffff80004360 (0x3053bc13) sltiu   s8, t2, 773
3 0x80004360 (0x3053bc13) x24 0x00000000
core   0: 0xffffffff80004364 (0x01a825b3) slt     a1, a6, s10
3 0x80004364 (0x01a825b3) x11 0x00000000
core   0: 0xffffffff80004368 (0xdc472913) slti    s2, a4, -572
3 0x80004368 (0xdc472913) x18 0x00000001
core   0: 0xffffffff8000436c (0x003f9b13) slli    s6, t6, 3
3 0x8000436c (0x003f9b13) x22 0xc6bae148
core   0: 0xffffffff80004370 (0x017b4233) xor     tp, s6, s7
3 0x80004370 (0x017b4233) x 4 0xd30c0dff
core   0: 0xffffffff80004374 (0x00000013) nop
3 0x80004374 (0x00000013)
core   0: 0xffffffff80004378 (0x4000db33) sra     s6, ra, zero
3 0x80004378 (0x4000db33) x22 0xffffffff
core   0: 0xffffffff8000437c (0x0137aab3) slt     s5, a5, s3
3 0x8000437c (0x0137aab3) x21 0x00000000
core   0: 0xffffffff80004380 (0x01e55593) srli    a1, a0, 30
3 0x80004380 (0x01e55593) x11 0x00000003
core   0: 0xffffffff80004384 (0x017d9793) slli    a5, s11, 23
3 0x80004384 (0x017d9793) x15 0xf8000000
core   0: 0xffffffff80004388 (0x0138db93) srli    s7, a7, 19
3 0x80004388 (0x0138db93) x23 0x000009e1
core   0: 0xffffffff8000438c (0x00f401b3) add     gp, s0, a5
3 0x8000438c (0x00f401b3) x 3 0x3f29b2d2
core   0: 0xffffffff80004390 (0x01f60933) add     s2, a2, t6
3 0x80004390 (0x01f60933) x18 0x38d759aa
core   0: 0xffffffff80004394 (0xd295f293) andi    t0, a1, -727
3 0x80004394 (0xd295f293) x 5 0x00000001
core   0: 0xffffffff80004398 (0x40a80c33) sub     s8, a6, a0
3 0x80004398 (0x40a80c33) x24 0x00000064
core   0: 0xffffffff8000439c (0x013bdc33) srl     s8, s7, s3
3 0x8000439c (0x013bdc33) x24 0x000004f0
core   0: 0xffffffff800043a0 (0x75143537) lui     a0, 0x75143
3 0x800043a0 (0x75143537) x10 0x75143000
core   0: 0xffffffff800043a4 (0x008a1213) slli    tp, s4, 8
3 0x800043a4 (0x008a1213) x 4 0x014ce400
core   0: 0xffffffff800043a8 (0x00d29393) slli    t2, t0, 13
3 0x800043a8 (0x00d29393) x 7 0x00002000
core   0: 0xffffffff800043ac (0xec816d93) ori     s11, sp, -312
3 0x800043ac (0xec816d93) x27 0xfffffeeb
core   0: 0xffffffff800043b0 (0x2227ed93) ori     s11, a5, 546
3 0x800043b0 (0x2227ed93) x27 0xf8000222
core   0: 0xffffffff800043b4 (0x01887033) and     zero, a6, s8
3 0x800043b4 (0x01887033)
core   0: 0xffffffff800043b8 (0x00bad893) srli    a7, s5, 11
3 0x800043b8 (0x00bad893) x17 0x00000000
core   0: 0xffffffff800043bc (0x013b1e93) slli    t4, s6, 19
3 0x800043bc (0x013b1e93) x29 0xfff80000
core   0: 0xffffffff800043c0 (0x2aa38b17) auipc   s6, 0x2aa38
3 0x800043c0 (0x2aa38b17) x22 0xaaa3c3c0
core   0: 0xffffffff800043c4 (0x01348833) add     a6, s1, s3
3 0x800043c4 (0x01348833) x16 0x80010e65
core   0: 0xffffffff800043c8 (0x401108b3) sub     a7, sp, ra
3 0x800043c8 (0x401108b3) x17 0x0000fe64
core   0: 0xffffffff800043cc (0x2774b213) sltiu   tp, s1, 631
3 0x800043cc (0x2774b213) x 4 0x00000000
core   0: 0xffffffff800043d0 (0x017acf33) xor     t5, s5, s7
3 0x800043d0 (0x017acf33) x30 0x000009e1
core   0: 0xffffffff800043d4 (0x00b33c33) sltu    s8, t1, a1
3 0x800043d4 (0x00b33c33) x24 0x00000000
core   0: 0xffffffff800043d8 (0xf4903697) auipc   a3, 0xf4903
3 0x800043d8 (0xf4903697) x13 0x749073d8
core   0: 0xffffffff800043dc (0x40165533) sra     a0, a2, ra
3 0x800043dc (0x40165533) x10 0xffffffff
core   0: 0xffffffff800043e0 (0x40de0eb3) sub     t4, t3, a3
3 0x800043e0 (0x40de0eb3) x29 0x8b6f8c28
core   0: 0xffffffff800043e4 (0x016549b3) xor     s3, a0, s6
3 0x800043e4 (0x016549b3) x19 0x555c3c3f
core   0: 0xffffffff800043e8 (0x24e4a593) slti    a1, s1, 590
3 0x800043e8 (0x24e4a593) x11 0x00000001
core   0: 0xffffffff800043ec (0x014ea8b3) slt     a7, t4, s4
3 0x800043ec (0x014ea8b3) x17 0x00000000
core   0: 0xffffffff800043f0 (0x00000993) li      s3, 0
3 0x800043f0 (0x00000993) x19 0x00000000
core   0: 0xffffffff800043f4 (0x80000537) lui     a0, 0x80000
3 0x800043f4 (0x80000537) x10 0x80000000
core   0: 0xffffffff800043f8 (0x80000f37) lui     t5, 0x80000
3 0x800043f8 (0x80000f37) x30 0x80000000
core   0: 0xffffffff800043fc (0x80000837) lui     a6, 0x80000
3 0x800043fc (0x80000837) x16 0x80000000
core   0: 0xffffffff80004400 (0x75d78db7) lui     s11, 0x75d78
3 0x80004400 (0x75d78db7) x27 0x75d78000
core   0: 0xffffffff80004404 (0x2fed8d93) addi    s11, s11, 766
3 0x80004404 (0x2fed8d93) x27 0x75d782fe
core   0: 0xffffffff80004408 (0x3c42d6b7) lui     a3, 0x3c42d
3 0x80004408 (0x3c42d6b7) x13 0x3c42d000
core   0: 0xffffffff8000440c (0x4e168693) addi    a3, a3, 1249
3 0x8000440c (0x4e168693) x13 0x3c42d4e1
core   0: 0xffffffff80004410 (0x00000393) li      t2, 0
3 0x80004410 (0x00000393) x 7 0x00000000
core   0: 0xffffffff80004414 (0xfff00593) li      a1, -1
3 0x80004414 (0xfff00593) x11 0xffffffff
core   0: 0xffffffff80004418 (0x80000fb7) lui     t6, 0x80000
3 0x80004418 (0x80000fb7) x31 0x80000000
core   0: 0xffffffff8000441c (0x80000237) lui     tp, 0x80000
3 0x8000441c (0x80000237) x 4 0x80000000
core   0: 0xffffffff80004420 (0x90edb217) auipc   tp, 0x90edb
3 0x80004420 (0x90edb217) x 4 0x10edf420
core   0: 0xffffffff80004424 (0x404806b3) sub     a3, a6, tp
3 0x80004424 (0x404806b3) x13 0x6f120be0
core   0: 0xffffffff80004428 (0x41b20f33) sub     t5, tp, s11
3 0x80004428 (0x41b20f33) x30 0x9b167122
core   0: 0xffffffff8000442c (0x00000013) nop
3 0x8000442c (0x00000013)
core   0: 0xffffffff80004430 (0x7dffbf37) lui     t5, 0x7dffb
3 0x80004430 (0x7dffbf37) x30 0x7dffb000
core   0: 0xffffffff80004434 (0x00000013) nop
3 0x80004434 (0x00000013)
core   0: 0xffffffff80004438 (0x135b0397) auipc   t2, 0x135b0
3 0x80004438 (0x135b0397) x 7 0x935b4438
core   0: 0xffffffff8000443c (0xda520f13) addi    t5, tp, -603
3 0x8000443c (0xda520f13) x30 0x10edf1c5
core   0: 0xffffffff80004440 (0x852c7697) auipc   a3, 0x852c7
3 0x80004440 (0x852c7697) x13 0x052cb440
core   0: 0xffffffff80004444 (0x41fd83b3) sub     t2, s11, t6
3 0x80004444 (0x41fd83b3) x 7 0xf5d782fe
core   0: 0xffffffff80004448 (0x013f06b3) add     a3, t5, s3
3 0x80004448 (0x013f06b3) x13 0x10edf1c5
core   0: 0xffffffff8000444c (0x50efd817) auipc   a6, 0x50efd
3 0x8000444c (0x50efd817) x16 0xd0f0144c
core   0: 0xffffffff80004450 (0x00000013) nop
3 0x80004450 (0x00000013)
core   0: 0xffffffff80004454 (0x1d373217) auipc   tp, 0x1d373
3 0x80004454 (0x1d373217) x 4 0x9d377454
core   0: 0xffffffff80004458 (0xfeac8f37) lui     t5, 0xfeac8
3 0x80004458 (0xfeac8f37) x30 0xfeac8000
core   0: 0xffffffff8000445c (0x00000013) nop
3 0x8000445c (0x00000013)
core   0: 0xffffffff80004460 (0x004c8733) add     a4, s9, tp
3 0x80004460 (0x004c8733) x14 0x9d377303
core   0: 0xffffffff80004464 (0x31777213) andi    tp, a4, 791
3 0x80004464 (0x31777213) x 4 0x00000303
core   0: 0xffffffff80004468 (0xd3472c13) slti    s8, a4, -716
3 0x80004468 (0xd3472c13) x24 0x00000001
core   0: 0xffffffff8000446c (0xf3d16f93) ori     t6, sp, -195
3 0x8000446c (0xf3d16f93) x31 0xffffff7f
core   0: 0xffffffff80004470 (0x01982033) slt     zero, a6, s9
3 0x80004470 (0x01982033)
core   0: 0xffffffff80004474 (0x2a58e793) ori     a5, a7, 677
3 0x80004474 (0x2a58e793) x15 0x000002a5
core   0: 0xffffffff80004478 (0x007fceb3) xor     t4, t6, t2
3 0x80004478 (0x007fceb3) x29 0x0a287d81
core   0: 0xffffffff8000447c (0xce392e93) slti    t4, s2, -797
3 0x8000447c (0xce392e93) x29 0x00000000
core   0: 0xffffffff80004480 (0xf86d9437) lui     s0, 0xf86d9
3 0x80004480 (0xf86d9437) x 8 0xf86d9000
core   0: 0xffffffff80004484 (0x40d78e33) sub     t3, a5, a3
3 0x80004484 (0x40d78e33) x28 0xef1210e0
core   0: 0xffffffff80004488 (0xddc1cfb7) lui     t6, 0xddc1c
3 0x80004488 (0xddc1cfb7) x31 0xddc1c000
core   0: 0xffffffff8000448c (0x00081793) slli    a5, a6, 0
3 0x8000448c (0x00081793) x15 0xd0f0144c
core   0: 0xffffffff80004490 (0x0005d393) srli    t2, a1, 0
3 0x80004490 (0x0005d393) x 7 0xffffffff
core   0: 0xffffffff80004494 (0x012a63b3) or      t2, s4, s2
3 0x80004494 (0x012a63b3) x 7 0xb8d75dee
core   0: 0xffffffff80004498 (0x00000013) nop
3 0x80004498 (0x00000013)
core   0: 0xffffffff8000449c (0x40885113) srai    sp, a6, 8
3 0x8000449c (0x40885113) x 2 0xffd0f014
core   0: 0xffffffff800044a0 (0x01cb8e13) addi    t3, s7, 28
3 0x800044a0 (0x01cb8e13) x28 0x000009fd
core   0: 0xffffffff800044a4 (0x674b1f17) auipc   t5, 0x674b1
3 0x800044a4 (0x674b1f17) x30 0xe74b54a4
core   0: 0xffffffff800044a8 (0xee47e193) ori     gp, a5, -284
3 0x800044a8 (0xee47e193) x 3 0xfffffeec
core   0: 0xffffffff800044ac (0x00db7433) and     s0, s6, a3
3 0x800044ac (0x00db7433) x 8 0x00a1c1c0
core   0: 0xffffffff800044b0 (0xcc892b13) slti    s6, s2, -824
3 0x800044b0 (0xcc892b13) x22 0x00000000
core   0: 0xffffffff800044b4 (0x408ed993) srai    s3, t4, 8
3 0x800044b4 (0x408ed993) x19 0x00000000
core   0: 0xffffffff800044b8 (0x00c21993) slli    s3, tp, 12
3 0x800044b8 (0x00c21993) x19 0x00303000
core   0: 0xffffffff800044bc (0x01bb7433) and     s0, s6, s11
3 0x800044bc (0x01bb7433) x 8 0x00000000
core   0: 0xffffffff800044c0 (0x40755e93) srai    t4, a0, 7
3 0x800044c0 (0x40755e93) x29 0xff000000
core   0: 0xffffffff800044c4 (0x00a57fb3) and     t6, a0, a0
3 0x800044c4 (0x00a57fb3) x31 0x80000000
core   0: 0xffffffff800044c8 (0x01ac89b3) add     s3, s9, s10
3 0x800044c8 (0x01ac89b3) x19 0xd4922416
core   0: 0xffffffff800044cc (0x1e9f0d93) addi    s11, t5, 489
3 0x800044cc (0x1e9f0d93) x27 0xe74b568d
core   0: 0xffffffff800044d0 (0x2bb18213) addi    tp, gp, 699
3 0x800044d0 (0x2bb18213) x 4 0x000001a7
core   0: 0xffffffff800044d4 (0x01d82d93) slti    s11, a6, 29
3 0x800044d4 (0x01d82d93) x27 0x00000001
core   0: 0xffffffff800044d8 (0x383e8e93) addi    t4, t4, 899
3 0x800044d8 (0x383e8e93) x29 0xff000383
core   0: 0xffffffff800044dc (0x0106fb33) and     s6, a3, a6
3 0x800044dc (0x0106fb33) x22 0x10e01044
core   0: 0xffffffff800044e0 (0x36594f93) xori    t6, s2, 869
3 0x800044e0 (0x36594f93) x31 0x38d75acf
core   0: 0xffffffff800044e4 (0x01b46b33) or      s6, s0, s11
3 0x800044e4 (0x01b46b33) x22 0x00000001
core   0: 0xffffffff800044e8 (0x00cc7833) and     a6, s8, a2
3 0x800044e8 (0x00cc7833) x16 0x00000001
core   0: 0xffffffff800044ec (0x3f4ae813) ori     a6, s5, 1012
3 0x800044ec (0x3f4ae813) x16 0x000003f4
core   0: 0xffffffff800044f0 (0x401d8e33) sub     t3, s11, ra
3 0x800044f0 (0x401d8e33) x28 0x00000002
core   0: 0xffffffff800044f4 (0x00ef2333) slt     t1, t5, a4
3 0x800044f4 (0x00ef2333) x 6 0x00000000
core   0: 0xffffffff800044f8 (0x577046b7) lui     a3, 0x57704
3 0x800044f8 (0x577046b7) x13 0x57704000
core   0: 0xffffffff800044fc (0xae035a97) auipc   s5, 0xae035
3 0x800044fc (0xae035a97) x21 0x2e0394fc
core   0: 0xffffffff80004500 (0x01235593) srli    a1, t1, 18
3 0x80004500 (0x01235593) x11 0x00000000
core   0: 0xffffffff80004504 (0x15da0313) addi    t1, s4, 349
3 0x80004504 (0x15da0313) x 6 0x80014e41
core   0: 0xffffffff80004508 (0x016a7933) and     s2, s4, s6
3 0x80004508 (0x016a7933) x18 0x00000000
core   0: 0xffffffff8000450c (0x0dad6793) ori     a5, s10, 218
3 0x8000450c (0x0dad6793) x15 0xd49225ff
core   0: 0xffffffff80004510 (0x29977213) andi    tp, a4, 665
3 0x80004510 (0x29977213) x 4 0x00000201
core   0: 0xffffffff80004514 (0x01016233) or      tp, sp, a6
3 0x80004514 (0x01016233) x 4 0xffd0f3f4
core   0: 0xffffffff80004518 (0x006383b3) add     t2, t2, t1
3 0x80004518 (0x006383b3) x 7 0x38d8ac2f
core   0: 0xffffffff8000451c (0xe28a4813) xori    a6, s4, -472
3 0x8000451c (0xe28a4813) x16 0x7ffeb2cc
core   0: 0xffffffff80004520 (0x00d9e6b3) or      a3, s3, a3
3 0x80004520 (0x00d9e6b3) x13 0xd7f26416
core   0: 0xffffffff80004524 (0x00d556b3) srl     a3, a0, a3
3 0x80004524 (0x00d556b3) x13 0x00000200
core   0: 0xffffffff80004528 (0xec0c3d93) sltiu   s11, s8, -320
3 0x80004528 (0xec0c3d93) x27 0x00000001
core   0: 0xffffffff8000452c (0xf30fae93) slti    t4, t6, -208
3 0x8000452c (0xf30fae93) x29 0x00000000
core   0: 0xffffffff80004530 (0x00bf4e33) xor     t3, t5, a1
3 0x80004530 (0x00bf4e33) x28 0xe74b54a4
core   0: 0xffffffff80004534 (0x15c26813) ori     a6, tp, 348
3 0x80004534 (0x15c26813) x16 0xffd0f3fc
core   0: 0xffffffff80004538 (0x016b78b3) and     a7, s6, s6
3 0x80004538 (0x016b78b3) x17 0x00000001
core   0: 0xffffffff8000453c (0xd37a3817) auipc   a6, 0xd37a3
3 0x8000453c (0xd37a3817) x16 0x537a753c
core   0: 0xffffffff80004540 (0x21e4c793) xori    a5, s1, 542
3 0x80004540 (0x21e4c793) x15 0x80010c7a
core   0: 0xffffffff80004544 (0x00000c13) li      s8, 0
3 0x80004544 (0x00000c13) x24 0x00000000
core   0: 0xffffffff80004548 (0x03af0537) lui     a0, 0x3af0
3 0x80004548 (0x03af0537) x10 0x03af0000
core   0: 0xffffffff8000454c (0x05950513) addi    a0, a0, 89
3 0x8000454c (0x05950513) x10 0x03af0059
core   0: 0xffffffff80004550 (0x800000b7) lui     ra, 0x80000
3 0x80004550 (0x800000b7) x 1 0x80000000
core   0: 0xffffffff80004554 (0x38d1fdb7) lui     s11, 0x38d1f
3 0x80004554 (0x38d1fdb7) x27 0x38d1f000
core   0: 0xffffffff80004558 (0xcc9d8d93) addi    s11, s11, -823
3 0x80004558 (0xcc9d8d93) x27 0x38d1ecc9
core   0: 0xffffffff8000455c (0xfff00893) li      a7, -1
3 0x8000455c (0xfff00893) x17 0xffffffff
core   0: 0xffffffff80004560 (0x800001b7) lui     gp, 0x80000
3 0x80004560 (0x800001b7) x 3 0x80000000
core   0: 0xffffffff80004564 (0x80000837) lui     a6, 0x80000
3 0x80004564 (0x80000837) x16 0x80000000
core   0: 0xffffffff80004568 (0x80000cb7) lui     s9, 0x80000
3 0x80004568 (0x80000cb7) x25 0x80000000
core   0: 0xffffffff8000456c (0xfff00f13) li      t5, -1
3 0x8000456c (0xfff00f13) x30 0xffffffff
core   0: 0xffffffff80004570 (0xfff00e13) li      t3, -1
3 0x80004570 (0xfff00e13) x28 0xffffffff
core   0: 0xffffffff80004574 (0x00380f33) add     t5, a6, gp
3 0x80004574 (0x00380f33) x30 0x00000000
core   0: 0xffffffff80004578 (0x40a881b3) sub     gp, a7, a0
3 0x80004578 (0x40a881b3) x 3 0xfc50ffa6
core   0: 0xffffffff8000457c (0x00000013) nop
3 0x8000457c (0x00000013)
core   0: 0xffffffff80004580 (0xac1f5817) auipc   a6, 0xac1f5
3 0x80004580 (0xac1f5817) x16 0x2c1f9580
core   0: 0xffffffff80004584 (0x4d32cc97) auipc   s9, 0x4d32c
3 0x80004584 (0x4d32cc97) x25 0xcd330584
core   0: 0xffffffff80004588 (0x01c18db3) add     s11, gp, t3
3 0x80004588 (0x01c18db3) x27 0xfc50ffa5
core   0: 0xffffffff8000458c (0x00000013) nop
3 0x8000458c (0x00000013)
core   0: 0xffffffff80004590 (0x49df6c37) lui     s8, 0x49df6
3 0x80004590 (0x49df6c37) x24 0x49df6000
core   0: 0xffffffff80004594 (0x00000013) nop
3 0x80004594 (0x00000013)
core   0: 0xffffffff80004598 (0xc3288093) addi    ra, a7, -974
3 0x80004598 (0xc3288093) x 1 0xfffffc31
core   0: 0xffffffff8000459c (0xccc531b7) lui     gp, 0xccc53
3 0x8000459c (0xccc531b7) x 3 0xccc53000
core   0: 0xffffffff800045a0 (0xb307d8b7) lui     a7, 0xb307d
3 0x800045a0 (0xb307d8b7) x17 0xb307d000
core   0: 0xffffffff800045a4 (0xda318d93) addi    s11, gp, -605
3 0x800045a4 (0xda318d93) x27 0xccc52da3
core   0: 0xffffffff800045a8 (0xa785ef17) auipc   t5, 0xa785e
3 0x800045a8 (0xa785ef17) x30 0x278625a8
core   0: 0xffffffff800045ac (0x00000013) nop
3 0x800045ac (0x00000013)
core   0: 0xffffffff800045b0 (0x008cf333) and     t1, s9, s0
3 0x800045b0 (0x008cf333) x 6 0x00000000
core   0: 0xffffffff800045b4 (0x40e98e33) sub     t3, s3, a4
3 0x800045b4 (0x40e98e33) x28 0x375ab113
core   0: 0xffffffff800045b8 (0xf20a7093) andi    ra, s4, -224
3 0x800045b8 (0xf20a7093) x 1 0x80014c20
core   0: 0xffffffff800045bc (0xa70ae2b7) lui     t0, 0xa70ae
3 0x800045bc (0xa70ae2b7) x 5 0xa70ae000
core   0: 0xffffffff800045c0 (0x01d35013) srli    zero, t1, 29
3 0x800045c0 (0x01d35013)
core   0: 0xffffffff800045c4 (0x00245c13) srli    s8, s0, 2
3 0x800045c4 (0x00245c13) x24 0x00000000
core   0: 0xffffffff800045c8 (0x007fd193) srli    gp, t6, 7
3 0x800045c8 (0x007fd193) x 3 0x0071aeb5
core   0: 0xffffffff800045cc (0x5ad01397) auipc   t2, 0x5ad01
3 0x800045cc (0x5ad01397) x 7 0xdad055cc
core   0: 0xffffffff800045d0 (0x65c9b3b7) lui     t2, 0x65c9b
3 0x800045d0 (0x65c9b3b7) x 7 0x65c9b000
core   0: 0xffffffff800045d4 (0x00acfe33) and     t3, s9, a0
3 0x800045d4 (0x00acfe33) x28 0x01230000
core   0: 0xffffffff800045d8 (0x017563b3) or      t2, a0, s7
3 0x800045d8 (0x017563b3) x 7 0x03af09f9
core   0: 0xffffffff800045dc (0x405adf13) srai    t5, s5, 5
3 0x800045dc (0x405adf13) x30 0x01701ca7
core   0: 0xffffffff800045e0 (0x4112d233) sra     tp, t0, a7
3 0x800045e0 (0x4112d233) x 4 0xa70ae000
core   0: 0xffffffff800045e4 (0x402e5793) srai    a5, t3, 2
3 0x800045e4 (0x402e5793) x15 0x0048c000
core   0: 0xffffffff800045e8 (0xcafe7713) andi    a4, t3, -849
3 0x800045e8 (0xcafe7713) x14 0x01230000
core   0: 0xffffffff800045ec (0x0f266c93) ori     s9, a2, 242
3 0x800045ec (0x0f266c93) x25 0xfffffdf3
core   0: 0xffffffff800045f0 (0x83935b37) lui     s6, 0x83935
3 0x800045f0 (0x83935b37) x22 0x83935000
core   0: 0xffffffff800045f4 (0x00000013) nop
3 0x800045f4 (0x00000013)
core   0: 0xffffffff800045f8 (0x41525fb3) sra     t6, tp, s5
3 0x800045f8 (0x41525fb3) x31 0xfffffffa
core   0: 0xffffffff800045fc (0x014e5833) srl     a6, t3, s4
3 0x800045fc (0x014e5833) x16 0x00123000
core   0: 0xffffffff80004600 (0xdb32fe13) andi    t3, t0, -589
3 0x80004600 (0xdb32fe13) x28 0xa70ae000
core   0: 0xffffffff80004604 (0x35496693) ori     a3, s2, 852
3 0x80004604 (0x35496693) x13 0x00000354
core   0: 0xffffffff80004608 (0x00517633) and     a2, sp, t0
3 0x80004608 (0x00517633) x12 0xa700e000
core   0: 0xffffffff8000460c (0x01bd59b3) srl     s3, s10, s11
3 0x8000460c (0x01bd59b3) x19 0x1a9244ac
core   0: 0xffffffff80004610 (0xff4dbc37) lui     s8, 0xff4db
3 0x80004610 (0xff4dbc37) x24 0xff4db000
core   0: 0xffffffff80004614 (0x08834793) xori    a5, t1, 136
3 0x80004614 (0x08834793) x15 0x00000088
core   0: 0xffffffff80004618 (0x01137cb3) and     s9, t1, a7
3 0x80004618 (0x01137cb3) x25 0x00000000
core   0: 0xffffffff8000461c (0xe3c98c17) auipc   s8, 0xe3c98
3 0x8000461c (0xe3c98c17) x24 0x63c9c61c
core   0: 0xffffffff80004620 (0x0da7b113) sltiu   sp, a5, 218
3 0x80004620 (0x0da7b113) x 2 0x00000001
core   0: 0xffffffff80004624 (0x40c487b3) sub     a5, s1, a2
3 0x80004624 (0x40c487b3) x15 0xd9002e64
core   0: 0xffffffff80004628 (0x90fa98b7) lui     a7, 0x90fa9
3 0x80004628 (0x90fa98b7) x17 0x90fa9000
core   0: 0xffffffff8000462c (0x0f6e0d93) addi    s11, t3, 246
3 0x8000462c (0x0f6e0d93) x27 0xa70ae0f6
core   0: 0xffffffff80004630 (0x24f9b513) sltiu   a0, s3, 591
3 0x80004630 (0x24f9b513) x10 0x00000000
core   0: 0xffffffff80004634 (0x40bad233) sra     tp, s5, a1
3 0x80004634 (0x40bad233) x 4 0x2e0394fc
core   0: 0xffffffff80004638 (0x0dfcfa97) auipc   s5, 0xdfcf
3 0x80004638 (0x0dfcfa97) x21 0x8dfd3638
core   0: 0xffffffff8000463c (0xf73d48b7) lui     a7, 0xf73d4
3 0x8000463c (0xf73d48b7) x17 0xf73d4000
core   0: 0xffffffff80004640 (0x01821a93) slli    s5, tp, 24
3 0x80004640 (0x01821a93) x21 0xfc000000
core   0: 0xffffffff80004644 (0xabfd3bb7) lui     s7, 0xabfd3
3 0x80004644 (0xabfd3bb7) x23 0xabfd3000
core   0: 0xffffffff80004648 (0x413059b3) sra     s3, zero, s3
3 0x80004648 (0x413059b3) x19 0x00000000
core   0: 0xffffffff8000464c (0x00b60533) add     a0, a2, a1
3 0x8000464c (0x00b60533) x10 0xa700e000
core   0: 0xffffffff80004650 (0x01cdaeb3) slt     t4, s11, t3
3 0x80004650 (0x01cdaeb3) x29 0x00000000
core   0: 0xffffffff80004654 (0xfca57eb7) lui     t4, 0xfca57
3 0x80004654 (0xfca57eb7) x29 0xfca57000
core   0: 0xffffffff80004658 (0x415e5e33) sra     t3, t3, s5
3 0x80004658 (0x415e5e33) x28 0xa70ae000
core   0: 0xffffffff8000465c (0x003b92b3) sll     t0, s7, gp
3 0x8000465c (0x003b92b3) x 5 0x00000000
core   0: 0xffffffff80004660 (0x009d9033) sll     zero, s11, s1
3 0x80004660 (0x009d9033)
core   0: 0xffffffff80004664 (0x71e8b097) auipc   ra, 0x71e8b
3 0x80004664 (0x71e8b097) x 1 0xf1e8f664
core   0: 0xffffffff80004668 (0xc728bf93) sltiu   t6, a7, -910
3 0x80004668 (0xc728bf93) x31 0x00000001
core   0: 0xffffffff8000466c (0x01355ab3) srl     s5, a0, s3
3 0x8000466c (0x01355ab3) x21 0xa700e000
core   0: 0xffffffff80004670 (0x0068ee33) or      t3, a7, t1
3 0x80004670 (0x0068ee33) x28 0xf73d4000
core   0: 0xffffffff80004674 (0x00887bb3) and     s7, a6, s0
3 0x80004674 (0x00887bb3) x23 0x00000000
core   0: 0xffffffff80004678 (0xf794cf37) lui     t5, 0xf794c
3 0x80004678 (0xf794cf37) x30 0xf794c000
core   0: 0xffffffff8000467c (0x00982eb3) slt     t4, a6, s1
3 0x8000467c (0x00982eb3) x29 0x00000000
core   0: 0xffffffff80004680 (0x003fde93) srli    t4, t6, 3
3 0x80004680 (0x003fde93) x29 0x00000000
core   0: 0xffffffff80004684 (0x094ebe13) sltiu   t3, t4, 148
3 0x80004684 (0x094ebe13) x28 0x00000001
core   0: 0xffffffff80004688 (0x002fe033) or      zero, t6, sp
3 0x80004688 (0x002fe033)
core   0: 0xffffffff8000468c (0x0b20b813) sltiu   a6, ra, 178
3 0x8000468c (0x0b20b813) x16 0x00000000
core   0: 0xffffffff80004690 (0x03758f93) addi    t6, a1, 55
3 0x80004690 (0x03758f93) x31 0x00000037
core   0: 0xffffffff80004694 (0x00d8b7b3) sltu    a5, a7, a3
3 0x80004694 (0x00d8b7b3) x15 0x00000000
core   0: 0xffffffff80004698 (0x3d29d237) lui     tp, 0x3d29d
3 0x80004698 (0x3d29d237) x 4 0x3d29d000
core   0: 0xffffffff8000469c (0x009cd593) srli    a1, s9, 9
3 0x8000469c (0x009cd593) x11 0x00000000
core   0: 0xffffffff800046a0 (0x01fe2fb3) slt     t6, t3, t6
3 0x800046a0 (0x01fe2fb3) x31 0x00000001
core   0: 0xffffffff800046a4 (0xe1694793) xori    a5, s2, -490
3 0x800046a4 (0xe1694793) x15 0xfffffe16
core   0: 0xffffffff800046a8 (0x008fd413) srli    s0, t6, 8
3 0x800046a8 (0x008fd413) x 8 0x00000000
core   0: 0xffffffff800046ac (0x0175d8b3) srl     a7, a1, s7
3 0x800046ac (0x0175d8b3) x17 0x00000000
core   0: 0xffffffff800046b0 (0xc9417d93) andi    s11, sp, -876
3 0x800046b0 (0xc9417d93) x27 0x00000000
core   0: 0xffffffff800046b4 (0x40b058b3) sra     a7, zero, a1
3 0x800046b4 (0x40b058b3) x17 0x00000000
core   0: 0xffffffff800046b8 (0x2ab76713) ori     a4, a4, 683
3 0x800046b8 (0x2ab76713) x14 0x012302ab
core   0: 0xffffffff800046bc (0x4a3ef637) lui     a2, 0x4a3ef
3 0x800046bc (0x4a3ef637) x12 0x4a3ef000
core   0: 0xffffffff800046c0 (0x4068d713) srai    a4, a7, 6
3 0x800046c0 (0x4068d713) x14 0x00000000
core   0: 0xffffffff800046c4 (0x36687c93) andi    s9, a6, 870
3 0x800046c4 (0x36687c93) x25 0x00000000
core   0: 0xffffffff800046c8 (0xf1b3e013) ori     zero, t2, -229
3 0x800046c8 (0xf1b3e013)
core   0: 0xffffffff800046cc (0x40b18933) sub     s2, gp, a1
3 0x800046cc (0x40b18933) x18 0x0071aeb5
core   0: 0xffffffff800046d0 (0x00e21793) slli    a5, tp, 14
3 0x800046d0 (0x00e21793) x15 0x74000000
core   0: 0xffffffff800046d4 (0x173e5197) auipc   gp, 0x173e5
3 0x800046d4 (0x173e5197) x 3 0x973e96d4
core   0: 0xffffffff800046d8 (0x014a66b3) or      a3, s4, s4
3 0x800046d8 (0x014a66b3) x13 0x80014ce4
core   0: 0xffffffff800046dc (0xc2a5f593) andi    a1, a1, -982
3 0x800046dc (0xc2a5f593) x11 0x00000000
core   0: 0xffffffff800046e0 (0x00fbceb3) xor     t4, s7, a5
3 0x800046e0 (0x00fbceb3) x29 0x74000000
core   0: 0xffffffff800046e4 (0x00a06533) or      a0, zero, a0
3 0x800046e4 (0x00a06533) x10 0xa700e000
core   0: 0xffffffff800046e8 (0x01722e33) slt     t3, tp, s7
3 0x800046e8 (0x01722e33) x28 0x00000000
core   0: 0xffffffff800046ec (0x013edc13) srli    s8, t4, 19
3 0x800046ec (0x013edc13) x24 0x00000e80
core   0: 0xffffffff800046f0 (0x01ea2633) slt     a2, s4, t5
3 0x800046f0 (0x01ea2633) x12 0x00000001
core   0: 0xffffffff800046f4 (0xe20c2293) slti    t0, s8, -480
3 0x800046f4 (0xe20c2293) x 5 0x00000000
core   0: 0xffffffff800046f8 (0x0030ae33) slt     t3, ra, gp
3 0x800046f8 (0x0030ae33) x28 0x00000000
core   0: 0xffffffff800046fc (0xef9c7293) andi    t0, s8, -263
3 0x800046fc (0xef9c7293) x 5 0x00000e80
core   0: 0xffffffff80004700 (0x004e1293) slli    t0, t3, 4
3 0x80004700 (0x004e1293) x 5 0x00000000
core   0: 0xffffffff80004704 (0xf0762613) slti    a2, a2, -249
3 0x80004704 (0xf0762613) x12 0x00000000
core   0: 0xffffffff80004708 (0x01aeeab3) or      s5, t4, s10
3 0x80004708 (0x01aeeab3) x21 0xf4922567
core   0: 0xffffffff8000470c (0x00eb3eb3) sltu    t4, s6, a4
3 0x8000470c (0x00eb3eb3) x29 0x00000000
core   0: 0xffffffff80004710 (0x00d903b3) add     t2, s2, a3
3 0x80004710 (0x00d903b3) x 7 0x8072fb99
core   0: 0xffffffff80004714 (0x0a5d6713) ori     a4, s10, 165
3 0x80004714 (0x0a5d6713) x14 0xd49225e7
core   0: 0xffffffff80004718 (0x00000013) nop
3 0x80004718 (0x00000013)
core   0: 0xffffffff8000471c (0x2649f093) andi    ra, s3, 612
3 0x8000471c (0x2649f093) x 1 0x00000000
core   0: 0xffffffff80004720 (0xe6f7df17) auipc   t5, 0xe6f7d
3 0x80004720 (0xe6f7df17) x30 0x66f81720
core   0: 0xffffffff80004724 (0x41090fb3) sub     t6, s2, a6
3 0x80004724 (0x41090fb3) x31 0x0071aeb5
core   0: 0xffffffff80004728 (0x374ec113) xori    sp, t4, 884
3 0x80004728 (0x374ec113) x 2 0x00000374
core   0: 0xffffffff8000472c (0xb371a1b7) lui     gp, 0xb371a
3 0x8000472c (0xb371a1b7) x 3 0xb371a000
core   0: 0xffffffff80004730 (0x1d418193) addi    gp, gp, 468
3 0x80004730 (0x1d418193) x 3 0xb371a1d4
core   0: 0xffffffff80004734 (0xfff00f93) li      t6, -1
3 0x80004734 (0xfff00f93) x31 0xffffffff
core   0: 0xffffffff80004738 (0xfff00093) li      ra, -1
3 0x80004738 (0xfff00093) x 1 0xffffffff
core   0: 0xffffffff8000473c (0x80000cb7) lui     s9, 0x80000
3 0x8000473c (0x80000cb7) x25 0x80000000
core   0: 0xffffffff80004740 (0xc0905537) lui     a0, 0xc0905
3 0x80004740 (0xc0905537) x10 0xc0905000
core   0: 0xffffffff80004744 (0xeef50513) addi    a0, a0, -273
3 0x80004744 (0xeef50513) x10 0xc0904eef
core   0: 0xffffffff80004748 (0xb27a75b7) lui     a1, 0xb27a7
3 0x80004748 (0xb27a75b7) x11 0xb27a7000
core   0: 0xffffffff8000474c (0x98358593) addi    a1, a1, -1661
3 0x8000474c (0x98358593) x11 0xb27a6983
core   0: 0xffffffff80004750 (0x80000137) lui     sp, 0x80000
3 0x80004750 (0x80000137) x 2 0x80000000
core   0: 0xffffffff80004754 (0x00000393) li      t2, 0
3 0x80004754 (0x00000393) x 7 0x00000000
core   0: 0xffffffff80004758 (0xee109937) lui     s2, 0xee109
3 0x80004758 (0xee109937) x18 0xee109000
core   0: 0xffffffff8000475c (0x14b90913) addi    s2, s2, 331
3 0x8000475c (0x14b90913) x18 0xee10914b
core   0: 0xffffffff80004760 (0x23dc39b7) lui     s3, 0x23dc3
3 0x80004760 (0x23dc39b7) x19 0x23dc3000
core   0: 0xffffffff80004764 (0xf0098993) addi    s3, s3, -256
3 0x80004764 (0xf0098993) x19 0x23dc2f00
core   0: 0xffffffff80004768 (0x00000013) nop
3 0x80004768 (0x00000013)
core   0: 0xffffffff8000476c (0x41fc81b3) sub     gp, s9, t6
3 0x8000476c (0x41fc81b3) x 3 0x80000001
core   0: 0xffffffff80004770 (0x00790133) add     sp, s2, t2
3 0x80004770 (0x00790133) x 2 0xee10914b
core   0: 0xffffffff80004774 (0x002903b3) add     t2, s2, sp
3 0x80004774 (0x002903b3) x 7 0xdc212296
core   0: 0xffffffff80004778 (0xa41a7917) auipc   s2, 0xa41a7
3 0x80004778 (0xa41a7917) x18 0x241ab778
core   0: 0xffffffff8000477c (0xc69f8913) addi    s2, t6, -919
3 0x8000477c (0xc69f8913) x18 0xfffffc68
core   0: 0xffffffff80004780 (0x00298933) add     s2, s3, sp
3 0x80004780 (0x00298933) x18 0x11ecc04b
core   0: 0xffffffff80004784 (0x412105b3) sub     a1, sp, s2
3 0x80004784 (0x412105b3) x11 0xdc23d100
core   0: 0xffffffff80004788 (0x01918cb3) add     s9, gp, s9
3 0x80004788 (0x01918cb3) x25 0x00000001
core   0: 0xffffffff8000478c (0x00708133) add     sp, ra, t2
3 0x8000478c (0x00708133) x 2 0xdc212295
core   0: 0xffffffff80004790 (0x10786f97) auipc   t6, 0x10786
3 0x80004790 (0x10786f97) x31 0x9078a790
core   0: 0xffffffff80004794 (0x942d5cb7) lui     s9, 0x942d5
3 0x80004794 (0x942d5cb7) x25 0x942d5000
core   0: 0xffffffff80004798 (0x222b5cb7) lui     s9, 0x222b5
3 0x80004798 (0x222b5cb7) x25 0x222b5000
core   0: 0xffffffff8000479c (0x40158cb3) sub     s9, a1, ra
3 0x8000479c (0x40158cb3) x25 0xdc23d101
core   0: 0xffffffff800047a0 (0x00110cb3) add     s9, sp, ra
3 0x800047a0 (0x00110cb3) x25 0xdc212294
core   0: 0xffffffff800047a4 (0x04758c93) addi    s9, a1, 71
3 0x800047a4 (0x04758c93) x25 0xdc23d147
core   0: 0xffffffff800047a8 (0xe7b915b7) lui     a1, 0xe7b91
3 0x800047a8 (0xe7b915b7) x11 0xe7b91000
core   0: 0xffffffff800047ac (0x2c6fcc97) auipc   s9, 0x2c6fc
3 0x800047ac (0x2c6fcc97) x25 0xac7007ac
core   0: 0xffffffff800047b0 (0x00738133) add     sp, t2, t2
3 0x800047b0 (0x00738133) x 2 0xb842452c
core   0: 0xffffffff800047b4 (0x63f00117) auipc   sp, 0x63f00
3 0x800047b4 (0x63f00117) x 2 0xe3f047b4
core   0: 0xffffffff800047b8 (0x00a385b3) add     a1, t2, a0
3 0x800047b8 (0x00a385b3) x11 0x9cb17185
core   0: 0xffffffff800047bc (0x00298533) add     a0, s3, sp
3 0x800047bc (0x00298533) x10 0x07cc76b4
core   0: 0xffffffff800047c0 (0xd1af8f93) addi    t6, t6, -742
3 0x800047c0 (0xd1af8f93) x31 0x9078a4aa
core   0: 0xffffffff800047c4 (0x00758933) add     s2, a1, t2
3 0x800047c4 (0x00758933) x18 0x78d2941b
core   0: 0xffffffff800047c8 (0xd0050393) addi    t2, a0, -768
3 0x800047c8 (0xd0050393) x 7 0x07cc73b4
core   0: 0xffffffff800047cc (0x180d5397) auipc   t2, 0x180d5
3 0x800047cc (0x180d5397) x 7 0x980d97cc
core   0: 0xffffffff800047d0 (0x40310133) sub     sp, sp, gp
3 0x800047d0 (0x40310133) x 2 0x63f047b3
core   0: 0xffffffff800047d4 (0x31220097) auipc   ra, 0x31220
3 0x800047d4 (0x31220097) x 1 0xb12247d4
core   0: 0xffffffff800047d8 (0x30fef9b7) lui     s3, 0x30fef
3 0x800047d8 (0x30fef9b7) x19 0x30fef000
core   0: 0xffffffff800047dc (0x1b54f513) andi    a0, s1, 437
3 0x800047dc (0x1b54f513) x10 0x00000024
core   0: 0xffffffff800047e0 (0x12870b93) addi    s7, a4, 296
3 0x800047e0 (0x12870b93) x23 0xd492270f
core   0: 0xffffffff800047e4 (0x41e65193) srai    gp, a2, 30
3 0x800047e4 (0x41e65193) x 3 0x00000000
core   0: 0xffffffff800047e8 (0x3fab4413) xori    s0, s6, 1018
3 0x800047e8 (0x3fab4413) x 8 0x839353fa
core   0: 0xffffffff800047ec (0x000f7f33) and     t5, t5, zero
3 0x800047ec (0x000f7f33) x30 0x00000000
core   0: 0xffffffff800047f0 (0x009a9c93) slli    s9, s5, 9
3 0x800047f0 (0x009a9c93) x25 0x244ace00
core   0: 0xffffffff800047f4 (0x00b2a5b3) slt     a1, t0, a1
3 0x800047f4 (0x00b2a5b3) x11 0x00000000
core   0: 0xffffffff800047f8 (0x20846993) ori     s3, s0, 520
3 0x800047f8 (0x20846993) x19 0x839353fa
core   0: 0xffffffff800047fc (0x4091d893) srai    a7, gp, 9
3 0x800047fc (0x4091d893) x17 0x00000000
core   0: 0xffffffff80004800 (0x405d5113) srai    sp, s10, 5
3 0x80004800 (0x405d5113) x 2 0xfea4912b
core   0: 0xffffffff80004804 (0x7abe1db7) lui     s11, 0x7abe1
3 0x80004804 (0x7abe1db7) x27 0x7abe1000
core   0: 0xffffffff80004808 (0x2b323a93) sltiu   s5, tp, 691
3 0x80004808 (0x2b323a93) x21 0x00000000
core   0: 0xffffffff8000480c (0x404c50b3) sra     ra, s8, tp
3 0x8000480c (0x404c50b3) x 1 0x00000e80
core   0: 0xffffffff80004810 (0x019c1593) slli    a1, s8, 25
3 0x80004810 (0x019c1593) x11 0x00000000
core   0: 0xffffffff80004814 (0x0058d133) srl     sp, a7, t0
3 0x80004814 (0x0058d133) x 2 0x00000000
core   0: 0xffffffff80004818 (0x41c95d93) srai    s11, s2, 28
3 0x80004818 (0x41c95d93) x27 0x00000007
core   0: 0xffffffff8000481c (0x89106017) auipc   zero, 0x89106
3 0x8000481c (0x89106017)
core   0: 0xffffffff80004820 (0x40815733) sra     a4, sp, s0
3 0x80004820 (0x40815733) x14 0x00000000
core   0: 0xffffffff80004824 (0x006a4233) xor     tp, s4, t1
3 0x80004824 (0x006a4233) x 4 0x80014ce4
core   0: 0xffffffff80004828 (0x01e75ab3) srl     s5, a4, t5
3 0x80004828 (0x01e75ab3) x21 0x00000000
core   0: 0xffffffff8000482c (0x0106c5b3) xor     a1, a3, a6
3 0x8000482c (0x0106c5b3) x11 0x80014ce4
core   0: 0xffffffff80004830 (0x06120793) addi    a5, tp, 97
3 0x80004830 (0x06120793) x15 0x80014d45
core   0: 0xffffffff80004834 (0x416c0c33) sub     s8, s8, s6
3 0x80004834 (0x416c0c33) x24 0x7c6cbe80
core   0: 0xffffffff80004838 (0x012178b3) and     a7, sp, s2
3 0x80004838 (0x012178b3) x17 0x00000000
core   0: 0xffffffff8000483c (0x0149f833) and     a6, s3, s4
3 0x8000483c (0x0149f833) x16 0x800140e0
core   0: 0xffffffff80004840 (0xc39b0093) addi    ra, s6, -967
3 0x80004840 (0xc39b0093) x 1 0x83934c39
core   0: 0xffffffff80004844 (0x39afed93) ori     s11, t6, 922
3 0x80004844 (0x39afed93) x27 0x9078a7ba
core   0: 0xffffffff80004848 (0xd2f87393) andi    t2, a6, -721
3 0x80004848 (0xd2f87393) x 7 0x80014020
core   0: 0xffffffff8000484c (0xfd5c7693) andi    a3, s8, -43
3 0x8000484c (0xfd5c7693) x13 0x7c6cbe80
core   0: 0xffffffff80004850 (0x01f43233) sltu    tp, s0, t6
3 0x80004850 (0x01f43233) x 4 0x00000001
core   0: 0xffffffff80004854 (0x00b19713) slli    a4, gp, 11
3 0x80004854 (0x00b19713) x14 0x00000000
core   0: 0xffffffff80004858 (0xfc86cd93) xori    s11, a3, -56
3 0x80004858 (0xfc86cd93) x27 0x83934148
core   0: 0xffffffff8000485c (0x00db8933) add     s2, s7, a3
3 0x8000485c (0x00db8933) x18 0x50fee58f
core   0: 0xffffffff80004860 (0xf92a3b93) sltiu   s7, s4, -110
3 0x80004860 (0xf92a3b93) x23 0x00000001
core   0: 0xffffffff80004864 (0x320a2b93) slti    s7, s4, 800
3 0x80004864 (0x320a2b93) x23 0x00000001
core   0: 0xffffffff80004868 (0xc3373993) sltiu   s3, a4, -973
3 0x80004868 (0xc3373993) x19 0x00000001
core   0: 0xffffffff8000486c (0x2dfaee13) ori     t3, s5, 735
3 0x8000486c (0x2dfaee13) x28 0x000002df
core   0: 0xffffffff80004870 (0x00979b33) sll     s6, a5, s1
3 0x80004870 (0x00979b33) x22 0x0014d450
core   0: 0xffffffff80004874 (0xca6c2a93) slti    s5, s8, -858
3 0x80004874 (0xca6c2a93) x21 0x00000000
core   0: 0xffffffff80004878 (0xf157e713) ori     a4, a5, -235
3 0x80004878 (0xf157e713) x14 0xffffff55
core   0: 0xffffffff8000487c (0x00470eb3) add     t4, a4, tp
3 0x8000487c (0x00470eb3) x29 0xffffff56
core   0: 0xffffffff80004880 (0x3697c313) xori    t1, a5, 873
3 0x80004880 (0x3697c313) x 6 0x80014e2c
core   0: 0xffffffff80004884 (0x0075de33) srl     t3, a1, t2
3 0x80004884 (0x0075de33) x28 0x80014ce4
core   0: 0xffffffff80004888 (0xe9c44513) xori    a0, s0, -356
3 0x80004888 (0xe9c44513) x10 0x7c6cad66
core   0: 0xffffffff8000488c (0xc96e3413) sltiu   s0, t3, -874
3 0x8000488c (0xc96e3413) x 8 0x00000001
core   0: 0xffffffff80004890 (0x18df2737) lui     a4, 0x18df2
3 0x80004890 (0x18df2737) x14 0x18df2000
core   0: 0xffffffff80004894 (0x01e2f933) and     s2, t0, t5
3 0x80004894 (0x01e2f933) x18 0x00000000
core   0: 0xffffffff80004898 (0xecb8fe13) andi    t3, a7, -309
3 0x80004898 (0xecb8fe13) x28 0x00000000
core   0: 0xffffffff8000489c (0x00000013) nop
3 0x8000489c (0x00000013)
core   0: 0xffffffff800048a0 (0x28f0a893) slti    a7, ra, 655
3 0x800048a0 (0x28f0a893) x17 0x00000001
core   0: 0xffffffff800048a4 (0x0127deb3) srl     t4, a5, s2
3 0x800048a4 (0x0127deb3) x29 0x80014d45
core   0: 0xffffffff800048a8 (0x0017ecb3) or      s9, a5, ra
3 0x800048a8 (0x0017ecb3) x25 0x83934d7d
core   0: 0xffffffff800048ac (0x016449b3) xor     s3, s0, s6
3 0x800048ac (0x016449b3) x19 0x0014d451
core   0: 0xffffffff800048b0 (0x00d63bb3) sltu    s7, a2, a3
3 0x800048b0 (0x00d63bb3) x23 0x00000001
core   0: 0xffffffff800048b4 (0xe5147293) andi    t0, s0, -431
3 0x800048b4 (0xe5147293) x 5 0x00000001
core   0: 0xffffffff800048b8 (0x004adeb3) srl     t4, s5, tp
3 0x800048b8 (0x004adeb3) x29 0x00000000
core   0: 0xffffffff800048bc (0x40da52b3) sra     t0, s4, a3
3 0x800048bc (0x40da52b3) x 5 0x80014ce4
core   0: 0xffffffff800048c0 (0xe173e413) ori     s0, t2, -489
3 0x800048c0 (0xe173e413) x 8 0xfffffe37
core   0: 0xffffffff800048c4 (0x0ab88f13) addi    t5, a7, 171
3 0x800048c4 (0x0ab88f13) x30 0x000000ac
core   0: 0xffffffff800048c8 (0x415e0833) sub     a6, t3, s5
3 0x800048c8 (0x415e0833) x16 0x00000000
core   0: 0xffffffff800048cc (0x39d00113) li      sp, 925
3 0x800048cc (0x39d00113) x 2 0x0000039d
core   0: 0xffffffff800048d0 (0x52753b17) auipc   s6, 0x52753
3 0x800048d0 (0x52753b17) x22 0xd27578d0
core   0: 0xffffffff800048d4 (0x012fcbb3) xor     s7, t6, s2
3 0x800048d4 (0x012fcbb3) x23 0x9078a4aa
core   0: 0xffffffff800048d8 (0x01721a93) slli    s5, tp, 23
3 0x800048d8 (0x01721a93) x21 0x00800000
core   0: 0xffffffff800048dc (0x1d157c13) andi    s8, a0, 465
3 0x800048dc (0x1d157c13) x24 0x00000140
core   0: 0xffffffff800048e0 (0x01143f33) sltu    t5, s0, a7
3 0x800048e0 (0x01143f33) x30 0x00000000
core   0: 0xffffffff800048e4 (0x002d5513) srli    a0, s10, 2
3 0x800048e4 (0x002d5513) x10 0x35248959
core   0: 0xffffffff800048e8 (0x001b1313) slli    t1, s6, 1
3 0x800048e8 (0x001b1313) x 6 0xa4eaf1a0
core   0: 0xffffffff800048ec (0x00d173b3) and     t2, sp, a3
3 0x800048ec (0x00d173b3) x 7 0x00000280
core   0: 0xffffffff800048f0 (0x003a43b3) xor     t2, s4, gp
3 0x800048f0 (0x003a43b3) x 7 0x80014ce4
core   0: 0xffffffff800048f4 (0xee0e8313) addi    t1, t4, -288
3 0x800048f4 (0xee0e8313) x 6 0xfffffee0
core   0: 0xffffffff800048f8 (0x00000013) nop
3 0x800048f8 (0x00000013)
core   0: 0xffffffff800048fc (0xe7e70793) addi    a5, a4, -386
3 0x800048fc (0xe7e70793) x15 0x18df1e7e
core   0: 0xffffffff80004900 (0x01659533) sll     a0, a1, s6
3 0x80004900 (0x01659533) x10 0x4ce40000
core   0: 0xffffffff80004904 (0x00000013) nop
3 0x80004904 (0x00000013)
core   0: 0xffffffff80004908 (0x405a5b13) srai    s6, s4, 5
3 0x80004908 (0x405a5b13) x22 0xfc000a67
core   0: 0xffffffff8000490c (0x01592b33) slt     s6, s2, s5
3 0x8000490c (0x01592b33) x22 0x00000001
core   0: 0xffffffff80004910 (0x38ead197) auipc   gp, 0x38ead
3 0x80004910 (0x38ead197) x 3 0xb8eb1910
core   0: 0xffffffff80004914 (0x0b63e293) ori     t0, t2, 182
3 0x80004914 (0x0b63e293) x 5 0x80014cf6
core   0: 0xffffffff80004918 (0xc050a213) slti    tp, ra, -1019
3 0x80004918 (0xc050a213) x 4 0x00000001
core   0: 0xffffffff8000491c (0xdbc4ad93) slti    s11, s1, -580
3 0x8000491c (0xdbc4ad93) x27 0x00000001
core   0: 0xffffffff80004920 (0x01750ab3) add     s5, a0, s7
3 0x80004920 (0x01750ab3) x21 0xdd5ca4aa
core   0: 0xffffffff80004924 (0x21974293) xori    t0, a4, 537
3 0x80004924 (0x21974293) x 5 0x18df2219
core   0: 0xffffffff80004928 (0x011462b3) or      t0, s0, a7
3 0x80004928 (0x011462b3) x 5 0xfffffe37
core   0: 0xffffffff8000492c (0x00f2d933) srl     s2, t0, a5
3 0x8000492c (0x00f2d933) x18 0x00000003
core   0: 0xffffffff80004930 (0x29e67893) andi    a7, a2, 670
3 0x80004930 (0x29e67893) x17 0x00000000
core   0: 0xffffffff80004934 (0x0108bc33) sltu    s8, a7, a6
3 0x80004934 (0x0108bc33) x24 0x00000000
core   0: 0xffffffff80004938 (0x9007cf97) auipc   t6, 0x9007c
3 0x80004938 (0x9007cf97) x31 0x10080938
core   0: 0xffffffff8000493c (0x007112b3) sll     t0, sp, t2
3 0x8000493c (0x007112b3) x 5 0x000039d0
core   0: 0xffffffff80004940 (0x41dd0db3) sub     s11, s10, t4
3 0x80004940 (0x41dd0db3) x27 0xd4922567
core   0: 0xffffffff80004944 (0xd0938813) addi    a6, t2, -759
3 0x80004944 (0xd0938813) x16 0x800149ed
core   0: 0xffffffff80004948 (0x01521993) slli    s3, tp, 21
3 0x80004948 (0x01521993) x19 0x00200000
core   0: 0xffffffff8000494c (0x755b30b7) lui     ra, 0x755b3
3 0x8000494c (0x755b30b7) x 1 0x755b3000
core   0: 0xffffffff80004950 (0x090e7bb7) lui     s7, 0x90e7
3 0x80004950 (0x090e7bb7) x23 0x090e7000
core   0: 0xffffffff80004954 (0x008d3db3) sltu    s11, s10, s0
3 0x80004954 (0x008d3db3) x27 0x00000001
core   0: 0xffffffff80004958 (0x0170d093) srli    ra, ra, 23
3 0x80004958 (0x0170d093) x 1 0x000000ea
core   0: 0xffffffff8000495c (0x40568133) sub     sp, a3, t0
3 0x8000495c (0x40568133) x 2 0x7c6c84b0
core   0: 0xffffffff80004960 (0x00655e93) srli    t4, a0, 6
3 0x80004960 (0x00655e93) x29 0x01339000
core   0: 0xffffffff80004964 (0xbb462097) auipc   ra, 0xbb462
3 0x80004964 (0xbb462097) x 1 0x3b466964
core   0: 0xffffffff80004968 (0x15ff8b13) addi    s6, t6, 351
3 0x80004968 (0x15ff8b13) x22 0x10080a97
core   0: 0xffffffff8000496c (0x00000013) nop
3 0x8000496c (0x00000013)
core   0: 0xffffffff80004970 (0xe59fc213) xori    tp, t6, -423
3 0x80004970 (0xe59fc213) x 4 0xeff7f761
core   0: 0xffffffff80004974 (0x013b5e33) srl     t3, s6, s3
3 0x80004974 (0x013b5e33) x28 0x10080a97
core   0: 0xffffffff80004978 (0x24858213) addi    tp, a1, 584
3 0x80004978 (0x24858213) x 4 0x80014f2c
core   0: 0xffffffff8000497c (0x40e38db3) sub     s11, t2, a4
3 0x8000497c (0x40e38db3) x27 0x67222ce4
core   0: 0xffffffff80004980 (0x179b4213) xori    tp, s6, 377
3 0x80004980 (0x179b4213) x 4 0x10080bee
core   0: 0xffffffff80004984 (0x00af0eb3) add     t4, t5, a0
3 0x80004984 (0x00af0eb3) x29 0x4ce40000
core   0: 0xffffffff80004988 (0x00e8f8b3) and     a7, a7, a4
3 0x80004988 (0x00e8f8b3) x17 0x00000000
core   0: 0xffffffff8000498c (0x0051d413) srli    s0, gp, 5
3 0x8000498c (0x0051d413) x 8 0x05c758c8
core   0: 0xffffffff80004990 (0x0105aab3) slt     s5, a1, a6
3 0x80004990 (0x0105aab3) x21 0x00000000
core   0: 0xffffffff80004994 (0x40c45c13) srai    s8, s0, 12
3 0x80004994 (0x40c45c13) x24 0x00005c75
core   0: 0xffffffff80004998 (0x4064deb3) sra     t4, s1, t1
3 0x80004998 (0x4064deb3) x29 0x80010e64
core   0: 0xffffffff8000499c (0x00ce9f93) slli    t6, t4, 12
3 0x8000499c (0x00ce9f93) x31 0x10e64000
core   0: 0xffffffff800049a0 (0x01435293) srli    t0, t1, 20
3 0x800049a0 (0x01435293) x 5 0x00000fff
core   0: 0xffffffff800049a4 (0xc5cca513) slti    a0, s9, -932
3 0x800049a4 (0xc5cca513) x10 0x00000001
core   0: 0xffffffff800049a8 (0x5f581237) lui     tp, 0x5f581
3 0x800049a8 (0x5f581237) x 4 0x5f581000
core   0: 0xffffffff800049ac (0xa6607ab7) lui     s5, 0xa6607
3 0x800049ac (0xa6607ab7) x21 0xa6607000
core   0: 0xffffffff800049b0 (0x0112f1b3) and     gp, t0, a7
3 0x800049b0 (0x0112f1b3) x 3 0x00000000
core   0: 0xffffffff800049b4 (0xcc8a0093) addi    ra, s4, -824
3 0x800049b4 (0xcc8a0093) x 1 0x800149ac
core   0: 0xffffffff800049b8 (0x39ecc793) xori    a5, s9, 926
3 0x800049b8 (0x39ecc793) x15 0x83934ee3
core   0: 0xffffffff800049bc (0x0072bcb3) sltu    s9, t0, t2
3 0x800049bc (0x0072bcb3) x25 0x00000001
core   0: 0xffffffff800049c0 (0x01543ab3) sltu    s5, s0, s5
3 0x800049c0 (0x01543ab3) x21 0x00000001
core   0: 0xffffffff800049c4 (0x00000013) nop
3 0x800049c4 (0x00000013)
core   0: 0xffffffff800049c8 (0x4191d1b3) sra     gp, gp, s9
3 0x800049c8 (0x4191d1b3) x 3 0x00000000
core   0: 0xffffffff800049cc (0x00c20e33) add     t3, tp, a2
3 0x800049cc (0x00c20e33) x28 0x5f581000
core   0: 0xffffffff800049d0 (0x01a20c33) add     s8, tp, s10
3 0x800049d0 (0x01a20c33) x24 0x33ea3567
core   0: 0xffffffff800049d4 (0x00b59e13) slli    t3, a1, 11
3 0x800049d4 (0x00b59e13) x28 0x0a672000
core   0: 0xffffffff800049d8 (0x018d3cb3) sltu    s9, s10, s8
3 0x800049d8 (0x018d3cb3) x25 0x00000000
core   0: 0xffffffff800049dc (0xb23a3db7) lui     s11, 0xb23a3
3 0x800049dc (0xb23a3db7) x27 0xb23a3000
core   0: 0xffffffff800049e0 (0xf9194c37) lui     s8, 0xf9194
3 0x800049e0 (0xf9194c37) x24 0xf9194000
core   0: 0xffffffff800049e4 (0x412b5913) srai    s2, s6, 18
3 0x800049e4 (0x412b5913) x18 0x00000402
core   0: 0xffffffff800049e8 (0x125feb93) ori     s7, t6, 293
3 0x800049e8 (0x125feb93) x23 0x10e64125
core   0: 0xffffffff800049ec (0x0382c017) auipc   zero, 0x382c
3 0x800049ec (0x0382c017)
core   0: 0xffffffff800049f0 (0x0190d013) srli    zero, ra, 25
3 0x800049f0 (0x0190d013)
core   0: 0xffffffff800049f4 (0x01864bb3) xor     s7, a2, s8
3 0x800049f4 (0x01864bb3) x23 0xf9194000
core   0: 0xffffffff800049f8 (0x0177d833) srl     a6, a5, s7
3 0x800049f8 (0x0177d833) x16 0x83934ee3
core   0: 0xffffffff800049fc (0x190f1837) lui     a6, 0x190f1
3 0x800049fc (0x190f1837) x16 0x190f1000
core   0: 0xffffffff80004a00 (0xfabb0917) auipc   s2, 0xfabb0
3 0x80004a00 (0xfabb0917) x18 0x7abb4a00
core   0: 0xffffffff80004a04 (0xc9683c13) sltiu   s8, a6, -874
3 0x80004a04 (0xc9683c13) x24 0x00000001
core   0: 0xffffffff80004a08 (0x1758e513) ori     a0, a7, 373
3 0x80004a08 (0x1758e513) x10 0x00000175
core   0: 0xffffffff80004a0c (0x3b7b0913) addi    s2, s6, 951
3 0x80004a0c (0x3b7b0913) x18 0x10080e4e
core   0: 0xffffffff80004a10 (0xf5646c37) lui     s8, 0xf5646
3 0x80004a10 (0xf5646c37) x24 0xf5646000
core   0: 0xffffffff80004a14 (0x0061d033) srl     zero, gp, t1
3 0x80004a14 (0x0061d033)
core   0: 0xffffffff80004a18 (0x418a5933) sra     s2, s4, s8
3 0x80004a18 (0x418a5933) x18 0x80014ce4
core   0: 0xffffffff80004a1c (0x178c3a97) auipc   s5, 0x178c3
3 0x80004a1c (0x178c3a97) x21 0x978c7a1c
core   0: 0xffffffff80004a20 (0x016c40b3) xor     ra, s8, s6
3 0x80004a20 (0x016c40b3) x 1 0xe56c6a97
core   0: 0xffffffff80004a24 (0x41d88533) sub     a0, a7, t4
3 0x80004a24 (0x41d88533) x10 0x7ffef19c
core   0: 0xffffffff80004a28 (0x00000013) nop
3 0x80004a28 (0x00000013)
core   0: 0xffffffff80004a2c (0x412601b3) sub     gp, a2, s2
3 0x80004a2c (0x412601b3) x 3 0x7ffeb31c
core   0: 0xffffffff80004a30 (0x00bf88b3) add     a7, t6, a1
3 0x80004a30 (0x00bf88b3) x17 0x90e78ce4
core   0: 0xffffffff80004a34 (0xfdc23193) sltiu   gp, tp, -36
3 0x80004a34 (0xfdc23193) x 3 0x00000001
core   0: 0xffffffff80004a38 (0x3c77a913) slti    s2, a5, 967
3 0x80004a38 (0x3c77a913) x18 0x00000001
core   0: 0xffffffff80004a3c (0x0a7e2813) slti    a6, t3, 167
3 0x80004a3c (0x0a7e2813) x16 0x00000000
core   0: 0xffffffff80004a40 (0x00fdbeb3) sltu    t4, s11, a5
3 0x80004a40 (0x00fdbeb3) x29 0x00000000
core   0: 0xffffffff80004a44 (0x3b49f837) lui     a6, 0x3b49f
3 0x80004a44 (0x3b49f837) x16 0x3b49f000
core   0: 0xffffffff80004a48 (0x32074317) auipc   t1, 0x32074
3 0x80004a48 (0x32074317) x 6 0xb2078a48
core   0: 0xffffffff80004a4c (0xe7d22993) slti    s3, tp, -387
3 0x80004a4c (0xe7d22993) x19 0x00000000
core   0: 0xffffffff80004a50 (0x2961be13) sltiu   t3, gp, 662
3 0x80004a50 (0x2961be13) x28 0x00000001
core   0: 0xffffffff80004a54 (0xcd84e213) ori     tp, s1, -808
3 0x80004a54 (0xcd84e213) x 4 0xfffffefc
core   0: 0xffffffff80004a58 (0xdcf9a313) slti    t1, s3, -561
3 0x80004a58 (0xdcf9a313) x 6 0x00000000
core   0: 0xffffffff80004a5c (0x00f29ab3) sll     s5, t0, a5
3 0x80004a5c (0x00f29ab3) x21 0x00007ff8
core   0: 0xffffffff80004a60 (0x0db0fe13) andi    t3, ra, 219
3 0x80004a60 (0x0db0fe13) x28 0x00000093
core   0: 0xffffffff80004a64 (0x409f0e33) sub     t3, t5, s1
3 0x80004a64 (0x409f0e33) x28 0x7ffef19c
core   0: 0xffffffff80004a68 (0x417f0333) sub     t1, t5, s7
3 0x80004a68 (0x417f0333) x 6 0x06e6c000
core   0: 0xffffffff80004a6c (0x014a5bb3) srl     s7, s4, s4
3 0x80004a6c (0x014a5bb3) x23 0x080014ce
core   0: 0xffffffff80004a70 (0xd38b3b13) sltiu   s6, s6, -712
3 0x80004a70 (0xd38b3b13) x22 0x00000001
core   0: 0xffffffff80004a74 (0x01b9d233) srl     tp, s3, s11
3 0x80004a74 (0x01b9d233) x 4 0x00000000
core   0: 0xffffffff80004a78 (0x006bdfb3) srl     t6, s7, t1
3 0x80004a78 (0x006bdfb3) x31 0x080014ce
core   0: 0xffffffff80004a7c (0x73ab8237) lui     tp, 0x73ab8
3 0x80004a7c (0x73ab8237) x 4 0x73ab8000
core   0: 0xffffffff80004a80 (0xdaeae993) ori     s3, s5, -594
3 0x80004a80 (0xdaeae993) x19 0xfffffffe
core   0: 0xffffffff80004a84 (0x000436b3) sltu    a3, s0, zero
3 0x80004a84 (0x000436b3) x13 0x00000000
core   0: 0xffffffff80004a88 (0x397a0c93) addi    s9, s4, 919
3 0x80004a88 (0x397a0c93) x25 0x8001507b
core   0: 0xffffffff80004a8c (0x6ea43897) auipc   a7, 0x6ea43
3 0x80004a8c (0x6ea43897) x17 0xeea47a8c
core   0: 0xffffffff80004a90 (0xe06d2513) slti    a0, s10, -506
3 0x80004a90 (0xe06d2513) x10 0x00000001
core   0: 0xffffffff80004a94 (0xd5b6c313) xori    t1, a3, -677
3 0x80004a94 (0xd5b6c313) x 6 0xfffffd5b
core   0: 0xffffffff80004a98 (0x42d956b7) lui     a3, 0x42d95
3 0x80004a98 (0x42d956b7) x13 0x42d95000
core   0: 0xffffffff80004a9c (0x413fdc13) srai    s8, t6, 19
3 0x80004a9c (0x413fdc13) x24 0x00000100
core   0: 0xffffffff80004aa0 (0x1bffc413) xori    s0, t6, 447
3 0x80004aa0 (0x1bffc413) x 8 0x08001571
core   0: 0xffffffff80004aa4 (0x04ab0a93) addi    s5, s6, 74
3 0x80004aa4 (0x04ab0a93) x21 0x0000004b
core   0: 0xffffffff80004aa8 (0x017bceb3) xor     t4, s7, s7
3 0x80004aa8 (0x017bceb3) x29 0x00000000
core   0: 0xffffffff80004aac (0x01941933) sll     s2, s0, s9
3 0x80004aac (0x01941933) x18 0x88000000
core   0: 0xffffffff80004ab0 (0xe3640e93) addi    t4, s0, -458
3 0x80004ab0 (0xe3640e93) x29 0x080013a7
core   0: 0xffffffff80004ab4 (0xd1a2c997) auipc   s3, 0xd1a2c
3 0x80004ab4 (0xd1a2c997) x19 0x51a30ab4
core   0: 0xffffffff80004ab8 (0x40385c13) srai    s8, a6, 3
3 0x80004ab8 (0x40385c13) x24 0x07693e00
core   0: 0xffffffff80004abc (0x01009013) slli    zero, ra, 16
3 0x80004abc (0x01009013)
core   0: 0xffffffff80004ac0 (0x00c6a033) slt     zero, a3, a2
3 0x80004ac0 (0x00c6a033)
core   0: 0xffffffff80004ac4 (0x0052c0b3) xor     ra, t0, t0
3 0x80004ac4 (0x0052c0b3) x 1 0x00000000
core   0: 0xffffffff80004ac8 (0x00000013) nop
3 0x80004ac8 (0x00000013)
core   0: 0xffffffff80004acc (0x2e372b93) slti    s7, a4, 739
3 0x80004acc (0x2e372b93) x23 0x00000000
core   0: 0xffffffff80004ad0 (0x0029d7b3) srl     a5, s3, sp
3 0x80004ad0 (0x0029d7b3) x15 0x000051a3
core   0: 0xffffffff80004ad4 (0x01bdebb3) or      s7, s11, s11
3 0x80004ad4 (0x01bdebb3) x23 0xb23a3000
core   0: 0xffffffff80004ad8 (0x014897b3) sll     a5, a7, s4
3 0x80004ad8 (0x014897b3) x15 0xea47a8c0
core   0: 0xffffffff80004adc (0x152ab813) sltiu   a6, s5, 338
3 0x80004adc (0x152ab813) x16 0x00000001
core   0: 0xffffffff80004ae0 (0x62afd317) auipc   t1, 0x62afd
3 0x80004ae0 (0x62afd317) x 6 0xe2b01ae0
core   0: 0xffffffff80004ae4 (0xf9cb2693) slti    a3, s6, -100
3 0x80004ae4 (0xf9cb2693) x13 0x00000000
core   0: 0xffffffff80004ae8 (0x00072433) slt     s0, a4, zero
3 0x80004ae8 (0x00072433) x 8 0x00000000
core   0: 0xffffffff80004aec (0x01bb8733) add     a4, s7, s11
3 0x80004aec (0x01bb8733) x14 0x64746000
core   0: 0xffffffff80004af0 (0xe336ae93) slti    t4, a3, -461
3 0x80004af0 (0xe336ae93) x29 0x00000000
core   0: 0xffffffff80004af4 (0x41a00f33) sub     t5, zero, s10
3 0x80004af4 (0x41a00f33) x30 0x2b6dda99
core   0: 0xffffffff80004af8 (0x009a9533) sll     a0, s5, s1
3 0x80004af8 (0x009a9533) x10 0x000004b0
core   0: 0xffffffff80004afc (0x00e68eb3) add     t4, a3, a4
3 0x80004afc (0x00e68eb3) x29 0x64746000
core   0: 0xffffffff80004b00 (0x001f79b3) and     s3, t5, ra
3 0x80004b00 (0x001f79b3) x19 0x00000000
core   0: 0xffffffff80004b04 (0x01a2a933) slt     s2, t0, s10
3 0x80004b04 (0x01a2a933) x18 0x00000000
core   0: 0xffffffff80004b08 (0x006bd9b3) srl     s3, s7, t1
3 0x80004b08 (0x006bd9b3) x19 0xb23a3000
core   0: 0xffffffff80004b0c (0x8a5f6137) lui     sp, 0x8a5f6
3 0x80004b0c (0x8a5f6137) x 2 0x8a5f6000
core   0: 0xffffffff80004b10 (0x007d1393) slli    t2, s10, 7
3 0x80004b10 (0x007d1393) x 7 0x4912b380
core   0: 0xffffffff80004b14 (0x3aa0bb93) sltiu   s7, ra, 938
3 0x80004b14 (0x3aa0bb93) x23 0x00000001
core   0: 0xffffffff80004b18 (0xd4d44d93) xori    s11, s0, -691
3 0x80004b18 (0xd4d44d93) x27 0xfffffd4d
core   0: 0xffffffff80004b1c (0x005ce2b3) or      t0, s9, t0
3 0x80004b1c (0x005ce2b3) x 5 0x80015fff
core   0: 0xffffffff80004b20 (0x00dc2fb3) slt     t6, s8, a3
3 0x80004b20 (0x00dc2fb3) x31 0x00000000
core   0: 0xffffffff80004b24 (0x01999e93) slli    t4, s3, 25
3 0x80004b24 (0x01999e93) x29 0x00000000
core   0: 0xffffffff80004b28 (0x01e73bb3) sltu    s7, a4, t5
3 0x80004b28 (0x01e73bb3) x23 0x00000000
core   0: 0xffffffff80004b2c (0x00949213) slli    tp, s1, 9
3 0x80004b2c (0x00949213) x 4 0x021cc800
core   0: 0xffffffff80004b30 (0x72492297) auipc   t0, 0x72492
3 0x80004b30 (0x72492297) x 5 0xf2496b30
core   0: 0xffffffff80004b34 (0x019b1093) slli    ra, s6, 25
3 0x80004b34 (0x019b1093) x 1 0x02000000
core   0: 0xffffffff80004b38 (0xd1417e93) andi    t4, sp, -748
3 0x80004b38 (0xd1417e93) x29 0x8a5f6000
core   0: 0xffffffff80004b3c (0x41f5d813) srai    a6, a1, 31
3 0x80004b3c (0x41f5d813) x16 0xffffffff
core   0: 0xffffffff80004b40 (0x00000013) nop
3 0x80004b40 (0x00000013)
core   0: 0xffffffff80004b44 (0xd5a42293) slti    t0, s0, -678
3 0x80004b44 (0xd5a42293) x 5 0x00000000
core   0: 0xffffffff80004b48 (0x41d0df33) sra     t5, ra, t4
3 0x80004b48 (0x41d0df33) x30 0x02000000
core   0: 0xffffffff80004b4c (0x0038c5b3) xor     a1, a7, gp
3 0x80004b4c (0x0038c5b3) x11 0xeea47a8d
core   0: 0xffffffff80004b50 (0x000fa233) slt     tp, t6, zero
3 0x80004b50 (0x000fa233) x 4 0x00000000
core   0: 0xffffffff80004b54 (0xc36a2297) auipc   t0, 0xc36a2
3 0x80004b54 (0xc36a2297) x 5 0x436a6b54
core   0: 0xffffffff80004b58 (0x0aab6793) ori     a5, s6, 170
3 0x80004b58 (0x0aab6793) x15 0x000000ab
core   0: 0xffffffff80004b5c (0x01a5eb33) or      s6, a1, s10
3 0x80004b5c (0x01a5eb33) x22 0xfeb67fef
core   0: 0xffffffff80004b60 (0x00660b33) add     s6, a2, t1
3 0x80004b60 (0x00660b33) x22 0xe2b01ae0
core   0: 0xffffffff80004b64 (0x014dfcb3) and     s9, s11, s4
3 0x80004b64 (0x014dfcb3) x25 0x80014c44
core   0: 0xffffffff80004b68 (0x005219b3) sll     s3, tp, t0
3 0x80004b68 (0x005219b3) x19 0x00000000
core   0: 0xffffffff80004b6c (0x4181dfb3) sra     t6, gp, s8
3 0x80004b6c (0x4181dfb3) x31 0x00000001
core   0: 0xffffffff80004b70 (0x3a112913) slti    s2, sp, 929
3 0x80004b70 (0x3a112913) x18 0x00000001
core   0: 0xffffffff80004b74 (0xc7948e93) addi    t4, s1, -903
3 0x80004b74 (0xc7948e93) x29 0x80010add
core   0: 0xffffffff80004b78 (0xdac38893) addi    a7, t2, -596
3 0x80004b78 (0xdac38893) x17 0x4912b12c
core   0: 0xffffffff80004b7c (0x01850633) add     a2, a0, s8
3 0x80004b7c (0x01850633) x12 0x076942b0
core   0: 0xffffffff80004b80 (0xc51b7693) andi    a3, s6, -943
3 0x80004b80 (0xc51b7693) x13 0xe2b01840
core   0: 0xffffffff80004b84 (0xe35f3993) sltiu   s3, t5, -459
3 0x80004b84 (0xe35f3993) x19 0x00000001
core   0: 0xffffffff80004b88 (0x40a38e33) sub     t3, t2, a0
3 0x80004b88 (0x40a38e33) x28 0x4912aed0
core   0: 0xffffffff80004b8c (0x415bd8b3) sra     a7, s7, s5
3 0x80004b8c (0x415bd8b3) x17 0x00000000
core   0: 0xffffffff80004b90 (0xd5efce13) xori    t3, t6, -674
3 0x80004b90 (0xd5efce13) x28 0xfffffd5f
core   0: 0xffffffff80004b94 (0x00901cb3) sll     s9, zero, s1
3 0x80004b94 (0x00901cb3) x25 0x00000000
core   0: 0xffffffff80004b98 (0x008d1913) slli    s2, s10, 8
3 0x80004b98 (0x008d1913) x18 0x92256700
core   0: 0xffffffff80004b9c (0x00c04533) xor     a0, zero, a2
3 0x80004b9c (0x00c04533) x10 0x076942b0
core   0: 0xffffffff80004ba0 (0xf8e57013) andi    zero, a0, -114
3 0x80004ba0 (0xf8e57013)
core   0: 0xffffffff80004ba4 (0x010117b3) sll     a5, sp, a6
3 0x80004ba4 (0x010117b3) x15 0x00000000
core   0: 0xffffffff80004ba8 (0x41325c13) srai    s8, tp, 19
3 0x80004ba8 (0x41325c13) x24 0x00000000
core   0: 0xffffffff80004bac (0x23236f93) ori     t6, t1, 562
3 0x80004bac (0x23236f93) x31 0xe2b01af2
core   0: 0xffffffff80004bb0 (0xcb806813) ori     a6, zero, -840
3 0x80004bb0 (0xcb806813) x16 0xfffffcb8
core   0: 0xffffffff80004bb4 (0xc8eca913) slti    s2, s9, -882
3 0x80004bb4 (0xc8eca913) x18 0x00000000
core   0: 0xffffffff80004bb8 (0x006a4eb3) xor     t4, s4, t1
3 0x80004bb8 (0x006a4eb3) x29 0x62b15604
core   0: 0xffffffff80004bbc (0x000d0fb3) add     t6, s10, zero
3 0x80004bbc (0x000d0fb3) x31 0xd4922567
core   0: 0xffffffff80004bc0 (0x409a8433) sub     s0, s5, s1
3 0x80004bc0 (0x409a8433) x 8 0x7ffef1e7
core   0: 0xffffffff80004bc4 (0x00a5d013) srli    zero, a1, 10
3 0x80004bc4 (0x00a5d013)
core   0: 0xffffffff80004bc8 (0x01916ab3) or      s5, sp, s9
3 0x80004bc8 (0x01916ab3) x21 0x8a5f6000
core   0: 0xffffffff80004bcc (0x0076f2b3) and     t0, a3, t2
3 0x80004bcc (0x0076f2b3) x 5 0x40101000
core   0: 0xffffffff80004bd0 (0xcd806f93) ori     t6, zero, -808
3 0x80004bd0 (0xcd806f93) x31 0xfffffcd8
core   0: 0xffffffff80004bd4 (0xfa9aeb93) ori     s7, s5, -87
3 0x80004bd4 (0xfa9aeb93) x23 0xffffffa9
core   0: 0xffffffff80004bd8 (0x00525133) srl     sp, tp, t0
3 0x80004bd8 (0x00525133) x 2 0x00000000
core   0: 0xffffffff80004bdc (0x0123a2b3) slt     t0, t2, s2
3 0x80004bdc (0x0123a2b3) x 5 0x00000000
core   0: 0xffffffff80004be0 (0x01a6d5b3) srl     a1, a3, s10
3 0x80004be0 (0x01a6d5b3) x11 0x01c56030
core   0: 0xffffffff80004be4 (0x0393cd93) xori    s11, t2, 57
3 0x80004be4 (0x0393cd93) x27 0x4912b3b9
core   0: 0xffffffff80004be8 (0x012e9fb3) sll     t6, t4, s2
3 0x80004be8 (0x012e9fb3) x31 0x62b15604
core   0: 0xffffffff80004bec (0x0002a233) slt     tp, t0, zero
3 0x80004bec (0x0002a233) x 4 0x00000000
core   0: 0xffffffff80004bf0 (0x00000013) nop
3 0x80004bf0 (0x00000013)
core   0: 0xffffffff80004bf4 (0x1b9c6d93) ori     s11, s8, 441
3 0x80004bf4 (0x1b9c6d93) x27 0x000001b9
core   0: 0xffffffff80004bf8 (0x0e627193) andi    gp, tp, 230
3 0x80004bf8 (0x0e627193) x 3 0x00000000
core   0: 0xffffffff80004bfc (0x016dd333) srl     t1, s11, s6
3 0x80004bfc (0x016dd333) x 6 0x000001b9
core   0: 0xffffffff80004c00 (0x404856b3) sra     a3, a6, tp
3 0x80004c00 (0x404856b3) x13 0xfffffcb8
core   0: 0xffffffff80004c04 (0xee5b0db7) lui     s11, 0xee5b0
3 0x80004c04 (0xee5b0db7) x27 0xee5b0000
core   0: 0xffffffff80004c08 (0x00cf6db3) or      s11, t5, a2
3 0x80004c08 (0x00cf6db3) x27 0x076942b0
core   0: 0xffffffff80004c0c (0xcb9c8593) addi    a1, s9, -839
3 0x80004c0c (0xcb9c8593) x11 0xfffffcb9
core   0: 0xffffffff80004c10 (0x00000013) nop
3 0x80004c10 (0x00000013)
core   0: 0xffffffff80004c14 (0x41b45413) srai    s0, s0, 27
3 0x80004c14 (0x41b45413) x 8 0x0000000f
core   0: 0xffffffff80004c18 (0x00000013) nop
3 0x80004c18 (0x00000013)
core   0: 0xffffffff80004c1c (0x41878833) sub     a6, a5, s8
3 0x80004c1c (0x41878833) x16 0x00000000
core   0: 0xffffffff80004c20 (0x017c0433) add     s0, s8, s7
3 0x80004c20 (0x017c0433) x 8 0xffffffa9
core   0: 0xffffffff80004c24 (0x00c69f33) sll     t5, a3, a2
3 0x80004c24 (0x00c69f33) x30 0xfcb80000
core   0: 0xffffffff80004c28 (0x7e9c26b7) lui     a3, 0x7e9c2
3 0x80004c28 (0x7e9c26b7) x13 0x7e9c2000
core   0: 0xffffffff80004c2c (0xda772613) slti    a2, a4, -601
3 0x80004c2c (0xda772613) x12 0x00000000
core   0: 0xffffffff80004c30 (0x01126c33) or      s8, tp, a7
3 0x80004c30 (0x01126c33) x24 0x00000000
core   0: 0xffffffff80004c34 (0x003031b3) snez    gp, gp
3 0x80004c34 (0x003031b3) x 3 0x00000000
core   0: 0xffffffff80004c38 (0x01f08e13) addi    t3, ra, 31
3 0x80004c38 (0x01f08e13) x28 0x0200001f
core   0: 0xffffffff80004c3c (0x01ea83b3) add     t2, s5, t5
3 0x80004c3c (0x01ea83b3) x 7 0x87176000
core   0: 0xffffffff80004c40 (0x2d527e13) andi    t3, tp, 725
3 0x80004c40 (0x2d527e13) x28 0x00000000
core   0: 0xffffffff80004c44 (0x16554393) xori    t2, a0, 357
3 0x80004c44 (0x16554393) x 7 0x076943d5
core   0: 0xffffffff80004c48 (0x41a45433) sra     s0, s0, s10
3 0x80004c48 (0x41a45433) x 8 0xffffffff
core   0: 0xffffffff80004c4c (0x3ef8e393) ori     t2, a7, 1007
3 0x80004c4c (0x3ef8e393) x 7 0x000003ef
core   0: 0xffffffff80004c50 (0x00a0a8b3) slt     a7, ra, a0
3 0x80004c50 (0x00a0a8b3) x17 0x00000001
core   0: 0xffffffff80004c54 (0xe1f8b037) lui     zero, 0xe1f8b
3 0x80004c54 (0xe1f8b037)
core   0: 0xffffffff80004c58 (0x41c65f13) srai    t5, a2, 28
3 0x80004c58 (0x41c65f13) x30 0x00000000
core   0: 0xffffffff80004c5c (0x1cdf8593) addi    a1, t6, 461
3 0x80004c5c (0x1cdf8593) x11 0x62b157d1
core   0: 0xffffffff80004c60 (0x0013d993) srli    s3, t2, 1
3 0x80004c60 (0x0013d993) x19 0x000001f7
core   0: 0xffffffff80004c64 (0x1ca53193) sltiu   gp, a0, 458
3 0x80004c64 (0x1ca53193) x 3 0x00000000
core   0: 0xffffffff80004c68 (0x002726b3) slt     a3, a4, sp
3 0x80004c68 (0x002726b3) x13 0x00000000
core   0: 0xffffffff80004c6c (0x000468b3) or      a7, s0, zero
3 0x80004c6c (0x000468b3) x17 0xffffffff
core   0: 0xffffffff80004c70 (0xcc5c4a93) xori    s5, s8, -827
3 0x80004c70 (0xcc5c4a93) x21 0xfffffcc5
core   0: 0xffffffff80004c74 (0x403208b3) sub     a7, tp, gp
3 0x80004c74 (0x403208b3) x17 0x00000000
core   0: 0xffffffff80004c78 (0x401ed833) sra     a6, t4, ra
3 0x80004c78 (0x401ed833) x16 0x62b15604
core   0: 0xffffffff80004c7c (0xe3920013) addi    zero, tp, -455
3 0x80004c7c (0xe3920013)
core   0: 0xffffffff80004c80 (0x000d8fb3) add     t6, s11, zero
3 0x80004c80 (0x000d8fb3) x31 0x076942b0
core   0: 0xffffffff80004c84 (0x00000013) nop
3 0x80004c84 (0x00000013)
core   0: 0xffffffff80004c88 (0x01ca0633) add     a2, s4, t3
3 0x80004c88 (0x01ca0633) x12 0x80014ce4
core   0: 0xffffffff80004c8c (0x414555b3) sra     a1, a0, s4
3 0x80004c8c (0x414555b3) x11 0x0076942b
core   0: 0xffffffff80004c90 (0x00d39813) slli    a6, t2, 13
3 0x80004c90 (0x00d39813) x16 0x007de000
core   0: 0xffffffff80004c94 (0x01199c13) slli    s8, s3, 17
3 0x80004c94 (0x01199c13) x24 0x03ee0000
core   0: 0xffffffff80004c98 (0xd3184693) xori    a3, a6, -719
3 0x80004c98 (0xd3184693) x13 0xff821d31
core   0: 0xffffffff80004c9c (0xf5f2a517) auipc   a0, 0xf5f2a
3 0x80004c9c (0xf5f2a517) x10 0x75f2ec9c
core   0: 0xffffffff80004ca0 (0x00acf1b3) and     gp, s9, a0
3 0x80004ca0 (0x00acf1b3) x 3 0x00000000
core   0: 0xffffffff80004ca4 (0x00dea833) slt     a6, t4, a3
3 0x80004ca4 (0x00dea833) x16 0x00000000
core   0: 0xffffffff80004ca8 (0x01e33cb3) sltu    s9, t1, t5
3 0x80004ca8 (0x01e33cb3) x25 0x00000000
core   0: 0xffffffff80004cac (0x0029beb3) sltu    t4, s3, sp
3 0x80004cac (0x0029beb3) x29 0x00000000
core   0: 0xffffffff80004cb0 (0xebea7b93) andi    s7, s4, -322
3 0x80004cb0 (0xebea7b93) x23 0x80014ca4
core   0: 0xffffffff80004cb4 (0x010a0633) add     a2, s4, a6
3 0x80004cb4 (0x010a0633) x12 0x80014ce4
core   0: 0xffffffff80004cb8 (0x00e2e233) or      tp, t0, a4
3 0x80004cb8 (0x00e2e233) x 4 0x64746000
core   0: 0xffffffff80004cbc (0x0182d0b3) srl     ra, t0, s8
3 0x80004cbc (0x0182d0b3) x 1 0x00000000
core   0: 0xffffffff80004cc0 (0x00e46eb3) or      t4, s0, a4
3 0x80004cc0 (0x00e46eb3) x29 0xffffffff
core   0: 0xffffffff80004cc4 (0x01fb3eb3) sltu    t4, s6, t6
3 0x80004cc4 (0x01fb3eb3) x29 0x00000000
core   0: 0xffffffff80004cc8 (0x000cebb3) or      s7, s9, zero
3 0x80004cc8 (0x000cebb3) x23 0x00000000
core   0: 0xffffffff80004ccc (0x11e90113) addi    sp, s2, 286
3 0x80004ccc (0x11e90113) x 2 0x0000011e
core   0: 0xffffffff80004cd0 (0x40595f13) srai    t5, s2, 5
3 0x80004cd0 (0x40595f13) x30 0x00000000
core   0: 0xffffffff80004cd4 (0x01fc13b3) sll     t2, s8, t6
3 0x80004cd4 (0x01fc13b3) x 7 0x00000000
core   0: 0xffffffff80004cd8 (0x2f536793) ori     a5, t1, 757
3 0x80004cd8 (0x2f536793) x15 0x000003fd
core   0: 0xffffffff80004cdc (0x0cb13313) sltiu   t1, sp, 203
3 0x80004cdc (0x0cb13313) x 6 0x00000000
core   0: 0xffffffff80004ce0 (0x0e95f017) auipc   zero, 0xe95f
3 0x80004ce0 (0x0e95f017)
core   0: 0xffffffff80004ce4 (0x4132d7b3) sra     a5, t0, s3
3 0x80004ce4 (0x4132d7b3) x15 0x00000000
core   0: 0xffffffff80004ce8 (0xa1703417) auipc   s0, 0xa1703
3 0x80004ce8 (0xa1703417) x 8 0x21707ce8
core   0: 0xffffffff80004cec (0x00d1d813) srli    a6, gp, 13
3 0x80004cec (0x00d1d813) x16 0x00000000
core   0: 0xffffffff80004cf0 (0x00cb6093) ori     ra, s6, 12
3 0x80004cf0 (0x00cb6093) x 1 0xe2b01aec
core   0: 0xffffffff80004cf4 (0x00000013) nop
3 0x80004cf4 (0x00000013)
core   0: 0xffffffff80004cf8 (0x24194a93) xori    s5, s2, 577
3 0x80004cf8 (0x24194a93) x21 0x00000241
core   0: 0xffffffff80004cfc (0xca4cf913) andi    s2, s9, -860
3 0x80004cfc (0xca4cf913) x18 0x00000000
core   0: 0xffffffff80004d00 (0xfd2dfd93) andi    s11, s11, -46
3 0x80004d00 (0xfd2dfd93) x27 0x07694290
core   0: 0xffffffff80004d04 (0x7fd3e597) auipc   a1, 0x7fd3e
3 0x80004d04 (0x7fd3e597) x11 0xffd42d04
core   0: 0xffffffff80004d08 (0x01838b33) add     s6, t2, s8
3 0x80004d08 (0x01838b33) x22 0x03ee0000
core   0: 0xffffffff80004d0c (0x01b4f133) and     sp, s1, s11
3 0x80004d0c (0x01b4f133) x 2 0x00010200
core   0: 0xffffffff80004d10 (0x40fb5833) sra     a6, s6, a5
3 0x80004d10 (0x40fb5833) x16 0x03ee0000
core   0: 0xffffffff80004d14 (0x30578093) addi    ra, a5, 773
3 0x80004d14 (0x30578093) x 1 0x00000305
core   0: 0xffffffff80004d18 (0x00c86fb3) or      t6, a6, a2
3 0x80004d18 (0x00c86fb3) x31 0x83ef4ce4
core   0: 0xffffffff80004d1c (0x00000013) nop
3 0x80004d1c (0x00000013)
core   0: 0xffffffff80004d20 (0x401bdc33) sra     s8, s7, ra
3 0x80004d20 (0x401bdc33) x24 0x00000000
core   0: 0xffffffff80004d24 (0x41358cb3) sub     s9, a1, s3
3 0x80004d24 (0x41358cb3) x25 0xffd42b0d
core   0: 0xffffffff80004d28 (0x380f6793) ori     a5, t5, 896
3 0x80004d28 (0x380f6793) x15 0x00000380
core   0: 0xffffffff80004d2c (0x403e85b3) sub     a1, t4, gp
3 0x80004d2c (0x403e85b3) x11 0x00000000
core   0: 0xffffffff80004d30 (0x32fffe37) lui     t3, 0x32fff
3 0x80004d30 (0x32fffe37) x28 0x32fff000
core   0: 0xffffffff80004d34 (0xe4f43f93) sltiu   t6, s0, -433
3 0x80004d34 (0xe4f43f93) x31 0x00000001
core   0: 0xffffffff80004d38 (0x41875f93) srai    t6, a4, 24
3 0x80004d38 (0x41875f93) x31 0x00000064
core   0: 0xffffffff80004d3c (0x015a9eb3) sll     t4, s5, s5
3 0x80004d3c (0x015a9eb3) x29 0x00000482
core   0: 0xffffffff80004d40 (0xd188e293) ori     t0, a7, -744
3 0x80004d40 (0xd188e293) x 5 0xfffffd18
core   0: 0xffffffff80004d44 (0xdced8f13) addi    t5, s11, -562
3 0x80004d44 (0xdced8f13) x30 0x0769405e
core   0: 0xffffffff80004d48 (0x1d98de17) auipc   t3, 0x1d98d
3 0x80004d48 (0x1d98de17) x28 0x9d991d48
core   0: 0xffffffff80004d4c (0xcdfbbe13) sltiu   t3, s7, -801
3 0x80004d4c (0xcdfbbe13) x28 0x00000001
core   0: 0xffffffff80004d50 (0x01823c33) sltu    s8, tp, s8
3 0x80004d50 (0x01823c33) x24 0x00000000
core   0: 0xffffffff80004d54 (0xce3f7d97) auipc   s11, 0xce3f7
3 0x80004d54 (0xce3f7d97) x27 0x4e3fbd54
core   0: 0xffffffff80004d58 (0xeef6ef13) ori     t5, a3, -273
3 0x80004d58 (0xeef6ef13) x30 0xffffffff
core   0: 0xffffffff80004d5c (0x01376db3) or      s11, a4, s3
3 0x80004d5c (0x01376db3) x27 0x647461f7
core   0: 0xffffffff80004d60 (0x00ad6633) or      a2, s10, a0
3 0x80004d60 (0x00ad6633) x12 0xf5f2edff
core   0: 0xffffffff80004d64 (0x011e89b3) add     s3, t4, a7
3 0x80004d64 (0x011e89b3) x19 0x00000482
core   0: 0xffffffff80004d68 (0x71d36397) auipc   t2, 0x71d36
3 0x80004d68 (0x71d36397) x 7 0xf1d3ad68
core   0: 0xffffffff80004d6c (0x806c16b7) lui     a3, 0x806c1
3 0x80004d6c (0x806c16b7) x13 0x806c1000
core   0: 0xffffffff80004d70 (0x17510e13) addi    t3, sp, 373
3 0x80004d70 (0x17510e13) x28 0x00010375
core   0: 0xffffffff80004d74 (0x00aa4933) xor     s2, s4, a0
3 0x80004d74 (0x00aa4933) x18 0xf5f3a078
core   0: 0xffffffff80004d78 (0x16836293) ori     t0, t1, 360
3 0x80004d78 (0x16836293) x 5 0x00000168
core   0: 0xffffffff80004d7c (0xc502c693) xori    a3, t0, -944
3 0x80004d7c (0xc502c693) x13 0xfffffd38
core   0: 0xffffffff80004d80 (0xff835b37) lui     s6, 0xff835
3 0x80004d80 (0xff835b37) x22 0xff835000
core   0: 0xffffffff80004d84 (0x005a5433) srl     s0, s4, t0
3 0x80004d84 (0x005a5433) x 8 0x0080014c
core   0: 0xffffffff80004d88 (0xd6987d93) andi    s11, a6, -663
3 0x80004d88 (0xd6987d93) x27 0x03ee0000
core   0: 0xffffffff80004d8c (0x0cbea013) slti    zero, t4, 203
3 0x80004d8c (0x0cbea013)
core   0: 0xffffffff80004d90 (0xceb9ec93) ori     s9, s3, -789
3 0x80004d90 (0xceb9ec93) x25 0xfffffceb
core   0: 0xffffffff80004d94 (0x40fe0833) sub     a6, t3, a5
3 0x80004d94 (0x40fe0833) x16 0x0000fff5
core   0: 0xffffffff80004d98 (0x40aed593) srai    a1, t4, 10
3 0x80004d98 (0x40aed593) x11 0x00000001
core   0: 0xffffffff80004d9c (0x393b2813) slti    a6, s6, 915
3 0x80004d9c (0x393b2813) x16 0x00000001
core   0: 0xffffffff80004da0 (0x00000013) nop
3 0x80004da0 (0x00000013)
core   0: 0xffffffff80004da4 (0xff41c513) xori    a0, gp, -12
3 0x80004da4 (0xff41c513) x10 0xfffffff4
core   0: 0xffffffff80004da8 (0x23690513) addi    a0, s2, 566
3 0x80004da8 (0x23690513) x10 0xf5f3a2ae
core   0: 0xffffffff80004dac (0x4071de93) srai    t4, gp, 7
3 0x80004dac (0x4071de93) x29 0x00000000
core   0: 0xffffffff80004db0 (0x01ff32b3) sltu    t0, t5, t6
3 0x80004db0 (0x01ff32b3) x 5 0x00000000
core   0: 0xffffffff80004db4 (0x009a4033) xor     zero, s4, s1
3 0x80004db4 (0x009a4033)
core   0: 0xffffffff80004db8 (0x01c915b3) sll     a1, s2, t3
3 0x80004db8 (0x01c915b3) x11 0x0f000000
core   0: 0xffffffff80004dbc (0x415883b3) sub     t2, a7, s5
3 0x80004dbc (0x415883b3) x 7 0xfffffdbf
core   0: 0xffffffff80004dc0 (0x00f29833) sll     a6, t0, a5
3 0x80004dc0 (0x00f29833) x16 0x00000000
core   0: 0xffffffff80004dc4 (0xd1543f93) sltiu   t6, s0, -747
3 0x80004dc4 (0xd1543f93) x31 0x00000001
core   0: 0xffffffff80004dc8 (0x0186fbb3) and     s7, a3, s8
3 0x80004dc8 (0x0186fbb3) x23 0x00000000
core   0: 0xffffffff80004dcc (0x41320833) sub     a6, tp, s3
3 0x80004dcc (0x41320833) x16 0x64745b7e
core   0: 0xffffffff80004dd0 (0x00ec23b3) slt     t2, s8, a4
3 0x80004dd0 (0x00ec23b3) x 7 0x00000001
core   0: 0xffffffff80004dd4 (0x40aad693) srai    a3, s5, 10
3 0x80004dd4 (0x40aad693) x13 0x00000000
core   0: 0xffffffff80004dd8 (0x00f90233) add     tp, s2, a5
3 0x80004dd8 (0x00f90233) x 4 0xf5f3a3f8
core   0: 0xffffffff80004ddc (0x0ca56313) ori     t1, a0, 202
3 0x80004ddc (0x0ca56313) x 6 0xf5f3a2ee
core   0: 0xffffffff80004de0 (0x00000013) nop
3 0x80004de0 (0x00000013)
core   0: 0xffffffff80004de4 (0x37fa8593) addi    a1, s5, 895
3 0x80004de4 (0x37fa8593) x11 0x000005c0
core   0: 0xffffffff80004de8 (0x01389893) slli    a7, a7, 19
3 0x80004de8 (0x01389893) x17 0x00000000
core   0: 0xffffffff80004dec (0x22ad3593) sltiu   a1, s10, 554
3 0x80004dec (0x22ad3593) x11 0x00000000
core   0: 0xffffffff80004df0 (0x0073e633) or      a2, t2, t2
3 0x80004df0 (0x0073e633) x12 0x00000001
core   0: 0xffffffff80004df4 (0x01356433) or      s0, a0, s3
3 0x80004df4 (0x01356433) x 8 0xf5f3a6ae
core   0: 0xffffffff80004df8 (0x09aaca97) auipc   s5, 0x9aac
3 0x80004df8 (0x09aaca97) x21 0x89ab0df8
core   0: 0xffffffff80004dfc (0x370f0193) addi    gp, t5, 880
3 0x80004dfc (0x370f0193) x 3 0x0000036f
core   0: 0xffffffff80004e00 (0x264ab593) sltiu   a1, s5, 612
3 0x80004e00 (0x264ab593) x11 0x00000000
core   0: 0xffffffff80004e04 (0xeb466593) ori     a1, a2, -332
3 0x80004e04 (0xeb466593) x11 0xfffffeb5
core   0: 0xffffffff80004e08 (0x0069acb3) slt     s9, s3, t1
3 0x80004e08 (0x0069acb3) x25 0x00000000
core   0: 0xffffffff80004e0c (0x01c7ecb3) or      s9, a5, t3
3 0x80004e0c (0x01c7ecb3) x25 0x000103f5
core   0: 0xffffffff80004e10 (0xc1e60013) addi    zero, a2, -994
3 0x80004e10 (0xc1e60013)
core   0: 0xffffffff80004e14 (0x0150e8b3) or      a7, ra, s5
3 0x80004e14 (0x0150e8b3) x17 0x89ab0ffd
core   0: 0xffffffff80004e18 (0x017e6ab3) or      s5, t3, s7
3 0x80004e18 (0x017e6ab3) x21 0x00010375
core   0: 0xffffffff80004e1c (0xd16e6b13) ori     s6, t3, -746
3 0x80004e1c (0xd16e6b13) x22 0xffffff77
core   0: 0xffffffff80004e20 (0x05077293) andi    t0, a4, 80
3 0x80004e20 (0x05077293) x 5 0x00000000
core   0: 0xffffffff80004e24 (0xc9724593) xori    a1, tp, -873
3 0x80004e24 (0xc9724593) x11 0x0a0c5f6f
core   0: 0xffffffff80004e28 (0x0039b833) sltu    a6, s3, gp
3 0x80004e28 (0x0039b833) x16 0x00000000
core   0: 0xffffffff80004e2c (0xf71b3413) sltiu   s0, s6, -143
3 0x80004e2c (0xf71b3413) x 8 0x00000000
core   0: 0xffffffff80004e30 (0x019da0b3) slt     ra, s11, s9
3 0x80004e30 (0x019da0b3) x 1 0x00000000
core   0: 0xffffffff80004e34 (0x12fa4713) xori    a4, s4, 303
3 0x80004e34 (0x12fa4713) x14 0x80014dcb
core   0: 0xffffffff80004e38 (0x004b88b3) add     a7, s7, tp
3 0x80004e38 (0x004b88b3) x17 0xf5f3a3f8
core   0: 0xffffffff80004e3c (0x01c9a3b3) slt     t2, s3, t3
3 0x80004e3c (0x01c9a3b3) x 7 0x00000001
core   0: 0xffffffff80004e40 (0x010ea933) slt     s2, t4, a6
3 0x80004e40 (0x010ea933) x18 0x00000000
core   0: 0xffffffff80004e44 (0x1a300693) li      a3, 419
3 0x80004e44 (0x1a300693) x13 0x000001a3
core   0: 0xffffffff80004e48 (0xf6242c93) slti    s9, s0, -158
3 0x80004e48 (0xf6242c93) x25 0x00000000
core   0: 0xffffffff80004e4c (0x01a7c9b3) xor     s3, a5, s10
3 0x80004e4c (0x01a7c9b3) x19 0xd49226e7
core   0: 0xffffffff80004e50 (0x41125d93) srai    s11, tp, 17
3 0x80004e50 (0x41125d93) x27 0xfffffaf9
core   0: 0xffffffff80004e54 (0xf863f713) andi    a4, t2, -122
3 0x80004e54 (0xf863f713) x14 0x00000000
core   0: 0xffffffff80004e58 (0x00563633) sltu    a2, a2, t0
3 0x80004e58 (0x00563633) x12 0x00000000
core   0: 0xffffffff80004e5c (0x0149aab3) slt     s5, s3, s4
3 0x80004e5c (0x0149aab3) x21 0x00000000
core   0: 0xffffffff80004e60 (0xd81ff093) andi    ra, t6, -639
3 0x80004e60 (0xd81ff093) x 1 0x00000001
core   0: 0xffffffff80004e64 (0x49dbdc97) auipc   s9, 0x49dbd
3 0x80004e64 (0x49dbdc97) x25 0xc9dc1e64
core   0: 0xffffffff80004e68 (0x9bf7dab7) lui     s5, 0x9bf7d
3 0x80004e68 (0x9bf7dab7) x21 0x9bf7d000
core   0: 0xffffffff80004e6c (0x00000013) nop
3 0x80004e6c (0x00000013)
core   0: 0xffffffff80004e70 (0x4099de13) srai    t3, s3, 9
3 0x80004e70 (0x4099de13) x28 0xffea4913
core   0: 0xffffffff80004e74 (0xa56eff97) auipc   t6, 0xa56ef
3 0x80004e74 (0xa56eff97) x31 0x256f3e74
core   0: 0xffffffff80004e78 (0xc59e1037) lui     zero, 0xc59e1
3 0x80004e78 (0xc59e1037)
core   0: 0xffffffff80004e7c (0xd331c013) xori    zero, gp, -717
3 0x80004e7c (0xd331c013)
core   0: 0xffffffff80004e80 (0x403d5813) srai    a6, s10, 3
3 0x80004e80 (0x403d5813) x16 0xfa9244ac
core   0: 0xffffffff80004e84 (0x20b3bf13) sltiu   t5, t2, 523
3 0x80004e84 (0x20b3bf13) x30 0x00000001
core   0: 0xffffffff80004e88 (0x01424db3) xor     s11, tp, s4
3 0x80004e88 (0x01424db3) x27 0x75f2ef1c
core   0: 0xffffffff80004e8c (0x00000013) nop
3 0x80004e8c (0x00000013)
core   0: 0xffffffff80004e90 (0x2a392017) auipc   zero, 0x2a392
3 0x80004e90 (0x2a392017)
core   0: 0xffffffff80004e94 (0xf63bb093) sltiu   ra, s7, -157
3 0x80004e94 (0xf63bb093) x 1 0x00000001
core   0: 0xffffffff80004e98 (0x00000013) nop
3 0x80004e98 (0x00000013)
core   0: 0xffffffff80004e9c (0x41cf5233) sra     tp, t5, t3
3 0x80004e9c (0x41cf5233) x 4 0x00000000
core   0: 0xffffffff80004ea0 (0x72ebaab7) lui     s5, 0x72eba
3 0x80004ea0 (0x72ebaab7) x21 0x72eba000
core   0: 0xffffffff80004ea4 (0x01578733) add     a4, a5, s5
3 0x80004ea4 (0x01578733) x14 0x72eba380
core   0: 0xffffffff80004ea8 (0x07e58313) addi    t1, a1, 126
3 0x80004ea8 (0x07e58313) x 6 0x0a0c5fed
core   0: 0xffffffff80004eac (0x01d825b3) slt     a1, a6, t4
3 0x80004eac (0x01d825b3) x11 0x00000001
core   0: 0xffffffff80004eb0 (0xc75bd237) lui     tp, 0xc75bd
3 0x80004eb0 (0xc75bd237) x 4 0xc75bd000
core   0: 0xffffffff80004eb4 (0x01935533) srl     a0, t1, s9
3 0x80004eb4 (0x01935533) x10 0x00a0c5fe
core   0: 0xffffffff80004eb8 (0xf1857913) andi    s2, a0, -232
3 0x80004eb8 (0xf1857913) x18 0x00a0c518
core   0: 0xffffffff80004ebc (0x013aa7b3) slt     a5, s5, s3
3 0x80004ebc (0x013aa7b3) x15 0x00000000
core   0: 0xffffffff80004ec0 (0x400959b3) sra     s3, s2, zero
3 0x80004ec0 (0x400959b3) x19 0x00a0c518
core   0: 0xffffffff80004ec4 (0x00d4d293) srli    t0, s1, 13
3 0x80004ec4 (0x00d4d293) x 5 0x00040008
core   0: 0xffffffff80004ec8 (0x00cdbbb3) sltu    s7, s11, a2
3 0x80004ec8 (0x00cdbbb3) x23 0x00000000
core   0: 0xffffffff80004ecc (0x011cf133) and     sp, s9, a7
3 0x80004ecc (0x011cf133) x 2 0xc1d00260
core   0: 0xffffffff80004ed0 (0x012afab3) and     s5, s5, s2
3 0x80004ed0 (0x012afab3) x21 0x00a08000
core   0: 0xffffffff80004ed4 (0x00fbdc33) srl     s8, s7, a5
3 0x80004ed4 (0x00fbdc33) x24 0x00000000
core   0: 0xffffffff80004ed8 (0x405a5993) srai    s3, s4, 5
3 0x80004ed8 (0x405a5993) x19 0xfc000a67
core   0: 0xffffffff80004edc (0x004bc6b3) xor     a3, s7, tp
3 0x80004edc (0x004bc6b3) x13 0xc75bd000
core   0: 0xffffffff80004ee0 (0x012e00b3) add     ra, t3, s2
3 0x80004ee0 (0x012e00b3) x 1 0x008b0e2b
core   0: 0xffffffff80004ee4 (0x000d5bb3) srl     s7, s10, zero
3 0x80004ee4 (0x000d5bb3) x23 0xd4922567
core   0: 0xffffffff80004ee8 (0x01011833) sll     a6, sp, a6
3 0x80004ee8 (0x01011833) x16 0x00260000
core   0: 0xffffffff80004eec (0x00261333) sll     t1, a2, sp
3 0x80004eec (0x00261333) x 6 0x00000000
core   0: 0xffffffff80004ef0 (0x00000013) nop
3 0x80004ef0 (0x00000013)
core   0: 0xffffffff80004ef4 (0x0174cfb3) xor     t6, s1, s7
3 0x80004ef4 (0x0174cfb3) x31 0x54932b03
core   0: 0xffffffff80004ef8 (0x2ba74193) xori    gp, a4, 698
3 0x80004ef8 (0x2ba74193) x 3 0x72eba13a
core   0: 0xffffffff80004efc (0x01addb33) srl     s6, s11, s10
3 0x80004efc (0x01addb33) x22 0x00ebe5de
core   0: 0xffffffff80004f00 (0x0184e133) or      sp, s1, s8
3 0x80004f00 (0x0184e133) x 2 0x80010e64
core   0: 0xffffffff80004f04 (0x01a528b3) slt     a7, a0, s10
3 0x80004f04 (0x01a528b3) x17 0x00000000
core   0: 0xffffffff80004f08 (0x23cfbe13) sltiu   t3, t6, 572
3 0x80004f08 (0x23cfbe13) x28 0x00000000
core   0: 0xffffffff80004f0c (0x7d309117) auipc   sp, 0x7d309
3 0x80004f0c (0x7d309117) x 2 0xfd30df0c
core   0: 0xffffffff80004f10 (0x01981513) slli    a0, a6, 25
3 0x80004f10 (0x01981513) x10 0x00000000
core   0: 0xffffffff80004f14 (0x01597633) and     a2, s2, s5
3 0x80004f14 (0x01597633) x12 0x00a08000
core   0: 0xffffffff80004f18 (0xee33f613) andi    a2, t2, -285
3 0x80004f18 (0xee33f613) x12 0x00000001
core   0: 0xffffffff80004f1c (0x412e0bb3) sub     s7, t3, s2
3 0x80004f1c (0x412e0bb3) x23 0xff5f3ae8
core   0: 0xffffffff80004f20 (0xaeb20b97) auipc   s7, 0xaeb20
3 0x80004f20 (0xaeb20b97) x23 0x2eb24f20
core   0: 0xffffffff80004f24 (0xedbb6a93) ori     s5, s6, -293
3 0x80004f24 (0xedbb6a93) x21 0xffffffdf
core   0: 0xffffffff80004f28 (0x00000013) nop
3 0x80004f28 (0x00000013)
core   0: 0xffffffff80004f2c (0x00f9d6b3) srl     a3, s3, a5
3 0x80004f2c (0x00f9d6b3) x13 0xfc000a67
core   0: 0xffffffff80004f30 (0x002b9433) sll     s0, s7, sp
3 0x80004f30 (0x002b9433) x 8 0x24f20000
core   0: 0xffffffff80004f34 (0x0006e533) or      a0, a3, zero
3 0x80004f34 (0x0006e533) x10 0xfc000a67
core   0: 0xffffffff80004f38 (0xf2050717) auipc   a4, 0xf2050
3 0x80004f38 (0xf2050717) x14 0x72054f38
core   0: 0xffffffff80004f3c (0x01485833) srl     a6, a6, s4
3 0x80004f3c (0x01485833) x16 0x00026000
core   0: 0xffffffff80004f40 (0x01f05b13) srli    s6, zero, 31
3 0x80004f40 (0x01f05b13) x22 0x00000000
core   0: 0xffffffff80004f44 (0x007239b3) sltu    s3, tp, t2
3 0x80004f44 (0x007239b3) x19 0x00000000
core   0: 0xffffffff80004f48 (0x01745193) srli    gp, s0, 23
3 0x80004f48 (0x01745193) x 3 0x00000049
core   0: 0xffffffff80004f4c (0x00ed9633) sll     a2, s11, a4
3 0x80004f4c (0x00ed9633) x12 0x1c000000
core   0: 0xffffffff80004f50 (0x0145b3b3) sltu    t2, a1, s4
3 0x80004f50 (0x0145b3b3) x 7 0x00000001
core   0: 0xffffffff80004f54 (0x0b744193) xori    gp, s0, 183
3 0x80004f54 (0x0b744193) x 3 0x24f200b7
core   0: 0xffffffff80004f58 (0x00605513) srli    a0, zero, 6
3 0x80004f58 (0x00605513) x10 0x00000000
core   0: 0xffffffff80004f5c (0x01d0de13) srli    t3, ra, 29
3 0x80004f5c (0x01d0de13) x28 0x00000000
core   0: 0xffffffff80004f60 (0x004c90b3) sll     ra, s9, tp
3 0x80004f60 (0x004c90b3) x 1 0xc9dc1e64
core   0: 0xffffffff80004f64 (0x0023deb3) srl     t4, t2, sp
3 0x80004f64 (0x0023deb3) x29 0x00000000
core   0: 0xffffffff80004f68 (0x410fd6b3) sra     a3, t6, a6
3 0x80004f68 (0x410fd6b3) x13 0x54932b03
core   0: 0xffffffff80004f6c (0xf1e42793) slti    a5, s0, -226
3 0x80004f6c (0xf1e42793) x15 0x00000000
core   0: 0xffffffff80004f70 (0x3feb7393) andi    t2, s6, 1022
3 0x80004f70 (0x3feb7393) x 7 0x00000000
core   0: 0xffffffff80004f74 (0x25b77993) andi    s3, a4, 603
3 0x80004f74 (0x25b77993) x19 0x00000218
core   0: 0xffffffff80004f78 (0x40f08333) sub     t1, ra, a5
3 0x80004f78 (0x40f08333) x 6 0xc9dc1e64
core   0: 0xffffffff80004f7c (0x00a210b3) sll     ra, tp, a0
3 0x80004f7c (0x00a210b3) x 1 0xc75bd000
core   0: 0xffffffff80004f80 (0x005995b3) sll     a1, s3, t0
3 0x80004f80 (0x005995b3) x11 0x00021800
core   0: 0xffffffff80004f84 (0x18390913) addi    s2, s2, 387
3 0x80004f84 (0x18390913) x18 0x00a0c69b
core   0: 0xffffffff80004f88 (0x01ebd8b3) srl     a7, s7, t5
3 0x80004f88 (0x01ebd8b3) x17 0x17592790
core   0: 0xffffffff80004f8c (0x3d53ab93) slti    s7, t2, 981
3 0x80004f8c (0x3d53ab93) x23 0x00000001
core   0: 0xffffffff80004f90 (0x40a95b33) sra     s6, s2, a0
3 0x80004f90 (0x40a95b33) x22 0x00a0c69b
core   0: 0xffffffff80004f94 (0x00959913) slli    s2, a1, 9
3 0x80004f94 (0x00959913) x18 0x04300000
core   0: 0xffffffff80004f98 (0x009d3bb3) sltu    s7, s10, s1
3 0x80004f98 (0x009d3bb3) x23 0x00000000
core   0: 0xffffffff80004f9c (0xfb408793) addi    a5, ra, -76
3 0x80004f9c (0xfb408793) x15 0xc75bcfb4
core   0: 0xffffffff80004fa0 (0x00000013) nop
3 0x80004fa0 (0x00000013)
core   0: 0xffffffff80004fa4 (0xfe3be113) ori     sp, s7, -29
3 0x80004fa4 (0xfe3be113) x 2 0xffffffe3
core   0: 0xffffffff80004fa8 (0x1567a313) slti    t1, a5, 342
3 0x80004fa8 (0x1567a313) x 6 0x00000001
core   0: 0xffffffff80004fac (0x0033c933) xor     s2, t2, gp
3 0x80004fac (0x0033c933) x18 0x24f200b7
core   0: 0xffffffff80004fb0 (0x001d9593) slli    a1, s11, 1
3 0x80004fb0 (0x001d9593) x11 0xebe5de38
core   0: 0xffffffff80004fb4 (0xf12ea313) slti    t1, t4, -238
3 0x80004fb4 (0xf12ea313) x 6 0x00000000
core   0: 0xffffffff80004fb8 (0x0090e233) or      tp, ra, s1
3 0x80004fb8 (0x0090e233) x 4 0xc75bde64
core   0: 0xffffffff80004fbc (0x00000013) nop
3 0x80004fbc (0x00000013)
core   0: 0xffffffff80004fc0 (0x407385b3) sub     a1, t2, t2
3 0x80004fc0 (0x407385b3) x11 0x00000000
core   0: 0xffffffff80004fc4 (0x00000013) nop
3 0x80004fc4 (0x00000013)
core   0: 0xffffffff80004fc8 (0x97cd3997) auipc   s3, 0x97cd3
3 0x80004fc8 (0x97cd3997) x19 0x17cd7fc8
core   0: 0xffffffff80004fcc (0x00c29833) sll     a6, t0, a2
3 0x80004fcc (0x00c29833) x16 0x00040008
core   0: 0xffffffff80004fd0 (0x00bc2cb3) slt     s9, s8, a1
3 0x80004fd0 (0x00bc2cb3) x25 0x00000000
core   0: 0xffffffff80004fd4 (0x006baab3) slt     s5, s7, t1
3 0x80004fd4 (0x006baab3) x21 0x00000000
core   0: 0xffffffff80004fd8 (0x0124d133) srl     sp, s1, s2
3 0x80004fd8 (0x0124d133) x 2 0x00000100
core   0: 0xffffffff80004fdc (0x3b9672b7) lui     t0, 0x3b967
3 0x80004fdc (0x3b9672b7) x 5 0x3b967000
core   0: 0xffffffff80004fe0 (0x00527ab3) and     s5, tp, t0
3 0x80004fe0 (0x00527ab3) x21 0x03125000
core   0: 0xffffffff80004fe4 (0x00e4ceb3) xor     t4, s1, a4
3 0x80004fe4 (0x00e4ceb3) x29 0xf204415c
core   0: 0xffffffff80004fe8 (0x01dfb133) sltu    sp, t6, t4
3 0x80004fe8 (0x01dfb133) x 2 0x00000001
core   0: 0xffffffff80004fec (0x40a75333) sra     t1, a4, a0
3 0x80004fec (0x40a75333) x 6 0x72054f38
core   0: 0xffffffff80004ff0 (0x2e12a413) slti    s0, t0, 737
3 0x80004ff0 (0x2e12a413) x 8 0x00000000
core   0: 0xffffffff80004ff4 (0x0038ec33) or      s8, a7, gp
3 0x80004ff4 (0x0038ec33) x24 0x37fb27b7
core   0: 0xffffffff80004ff8 (0x00000013) nop
3 0x80004ff8 (0x00000013)
core   0: 0xffffffff80004ffc (0x0076c033) xor     zero, a3, t2
3 0x80004ffc (0x0076c033)
core   0: 0xffffffff80005000 (0x00271b33) sll     s6, a4, sp
3 0x80005000 (0x00271b33) x22 0xe40a9e70
core   0: 0xffffffff80005004 (0x40f78133) sub     sp, a5, a5
3 0x80005004 (0x40f78133) x 2 0x00000000
core   0: 0xffffffff80005008 (0xf9196713) ori     a4, s2, -111
3 0x80005008 (0xf9196713) x14 0xffffffb7
core   0: 0xffffffff8000500c (0xd03eb2b7) lui     t0, 0xd03eb
3 0x8000500c (0xd03eb2b7) x 5 0xd03eb000
core   0: 0xffffffff80005010 (0x017e5e93) srli    t4, t3, 23
3 0x80005010 (0x017e5e93) x29 0x00000000
core   0: 0xffffffff80005014 (0x016436b3) sltu    a3, s0, s6
3 0x80005014 (0x016436b3) x13 0x00000001
core   0: 0xffffffff80005018 (0x405ade93) srai    t4, s5, 5
3 0x80005018 (0x405ade93) x29 0x00189280
core   0: 0xffffffff8000501c (0x0082b8b3) sltu    a7, t0, s0
3 0x8000501c (0x0082b8b3) x17 0x00000000
core   0: 0xffffffff80005020 (0x3d6f8393) addi    t2, t6, 982
3 0x80005020 (0x3d6f8393) x 7 0x54932ed9
core   0: 0xffffffff80005024 (0x0128a1b3) slt     gp, a7, s2
3 0x80005024 (0x0128a1b3) x 3 0x00000001
core   0: 0xffffffff80005028 (0x37158f13) addi    t5, a1, 881
3 0x80005028 (0x37158f13) x30 0x00000371
core   0: 0xffffffff8000502c (0xfc2a2793) slti    a5, s4, -62
3 0x8000502c (0xfc2a2793) x15 0x00000001
core   0: 0xffffffff80005030 (0xb23ae8b7) lui     a7, 0xb23ae
3 0x80005030 (0xb23ae8b7) x17 0xb23ae000
core   0: 0xffffffff80005034 (0xf5822d93) slti    s11, tp, -168
3 0x80005034 (0xf5822d93) x27 0x00000001
core   0: 0xffffffff80005038 (0x1b12e317) auipc   t1, 0x1b12e
3 0x80005038 (0x1b12e317) x 6 0x9b133038
core   0: 0xffffffff8000503c (0x01c11f93) slli    t6, sp, 28
3 0x8000503c (0x01c11f93) x31 0x00000000
core   0: 0xffffffff80005040 (0x7043a597) auipc   a1, 0x7043a
3 0x80005040 (0x7043a597) x11 0xf043f040
core   0: 0xffffffff80005044 (0x01707ab3) and     s5, zero, s7
3 0x80005044 (0x01707ab3) x21 0x00000000
core   0: 0xffffffff80005048 (0x1346ae13) slti    t3, a3, 308
3 0x80005048 (0x1346ae13) x28 0x00000001
core   0: 0xffffffff8000504c (0x01468db3) add     s11, a3, s4
3 0x8000504c (0x01468db3) x27 0x80014ce5
core   0: 0xffffffff80005050 (0xb43030b7) lui     ra, 0xb4303
3 0x80005050 (0xb43030b7) x 1 0xb4303000
core   0: 0xffffffff80005054 (0x00614b33) xor     s6, sp, t1
3 0x80005054 (0x00614b33) x22 0x9b133038
core   0: 0xffffffff80005058 (0x2ec9f193) andi    gp, s3, 748
3 0x80005058 (0x2ec9f193) x 3 0x000002c8
core   0: 0xffffffff8000505c (0x37f4ec93) ori     s9, s1, 895
3 0x8000505c (0x37f4ec93) x25 0x80010f7f
core   0: 0xffffffff80005060 (0x41330ab3) sub     s5, t1, s3
3 0x80005060 (0x41330ab3) x21 0x8345b070
core   0: 0xffffffff80005064 (0x015cde93) srli    t4, s9, 21
3 0x80005064 (0x015cde93) x29 0x00000400
core   0: 0xffffffff80005068 (0x4196d633) sra     a2, a3, s9
3 0x80005068 (0x4196d633) x12 0x00000000
core   0: 0xffffffff8000506c (0x00efd7b3) srl     a5, t6, a4
3 0x8000506c (0x00efd7b3) x15 0x00000000
core   0: 0xffffffff80005070 (0x00ff0e33) add     t3, t5, a5
3 0x80005070 (0x00ff0e33) x28 0x00000371
core   0: 0xffffffff80005074 (0x00275633) srl     a2, a4, sp
3 0x80005074 (0x00275633) x12 0xffffffb7
core   0: 0xffffffff80005078 (0x013c6733) or      a4, s8, s3
3 0x80005078 (0x013c6733) x14 0x37ff7fff
core   0: 0xffffffff8000507c (0x0075d893) srli    a7, a1, 7
3 0x8000507c (0x0075d893) x17 0x01e087e0
core   0: 0xffffffff80005080 (0x00fe8933) add     s2, t4, a5
3 0x80005080 (0x00fe8933) x18 0x00000400
core   0: 0xffffffff80005084 (0x013d4e33) xor     t3, s10, s3
3 0x80005084 (0x013d4e33) x28 0xc35f5aaf
core   0: 0xffffffff80005088 (0xb9f19037) lui     zero, 0xb9f19
3 0x80005088 (0xb9f19037)
core   0: 0xffffffff8000508c (0x26d43713) sltiu   a4, s0, 621
3 0x8000508c (0x26d43713) x14 0x00000001
core   0: 0xffffffff80005090 (0xf49f7193) andi    gp, t5, -183
3 0x80005090 (0xf49f7193) x 3 0x00000341
core   0: 0xffffffff80005094 (0x00321533) sll     a0, tp, gp
3 0x80005094 (0x00321533) x10 0x8eb7bcc8
core   0: 0xffffffff80005098 (0x000b7f33) and     t5, s6, zero
3 0x80005098 (0x000b7f33) x30 0x00000000
core   0: 0xffffffff8000509c (0x2be6a593) slti    a1, a3, 702
3 0x8000509c (0x2be6a593) x11 0x00000001
core   0: 0xffffffff800050a0 (0x001270b3) and     ra, tp, ra
3 0x800050a0 (0x001270b3) x 1 0x84101000
core   0: 0xffffffff800050a4 (0x9f253997) auipc   s3, 0x9f253
3 0x800050a4 (0x9f253997) x19 0x1f2580a4
core   0: 0xffffffff800050a8 (0x015e0733) add     a4, t3, s5
3 0x800050a8 (0x015e0733) x14 0x46a50b1f
core   0: 0xffffffff800050ac (0x00b35f13) srli    t5, t1, 11
3 0x800050ac (0x00b35f13) x30 0x00136266
core   0: 0xffffffff800050b0 (0x010b53b3) srl     t2, s6, a6
3 0x800050b0 (0x010b53b3) x 7 0x009b1330
core   0: 0xffffffff800050b4 (0xe146dc97) auipc   s9, 0xe146d
3 0x800050b4 (0xe146dc97) x25 0x614720b4
core   0: 0xffffffff800050b8 (0x0a4a5e17) auipc   t3, 0xa4a5
3 0x800050b8 (0x0a4a5e17) x28 0x8a4aa0b8
core   0: 0xffffffff800050bc (0x017a0e33) add     t3, s4, s7
3 0x800050bc (0x017a0e33) x28 0x80014ce4
core   0: 0xffffffff800050c0 (0x4031d8b3) sra     a7, gp, gp
3 0x800050c0 (0x4031d8b3) x17 0x000001a0
core   0: 0xffffffff800050c4 (0x40855eb3) sra     t4, a0, s0
3 0x800050c4 (0x40855eb3) x29 0x8eb7bcc8
core   0: 0xffffffff800050c8 (0x003de433) or      s0, s11, gp
3 0x800050c8 (0x003de433) x 8 0x80014fe5
core   0: 0xffffffff800050cc (0xb15ca7b7) lui     a5, 0xb15ca
3 0x800050cc (0xb15ca7b7) x15 0xb15ca000
core   0: 0xffffffff800050d0 (0x00bfc1b3) xor     gp, t6, a1
3 0x800050d0 (0x00bfc1b3) x 3 0x00000001
core   0: 0xffffffff800050d4 (0xe4b5f393) andi    t2, a1, -437
3 0x800050d4 (0xe4b5f393) x 7 0x00000001
core   0: 0xffffffff800050d8 (0x01419c33) sll     s8, gp, s4
3 0x800050d8 (0x01419c33) x24 0x00000010
core   0: 0xffffffff800050dc (0x4176d293) srai    t0, a3, 23
3 0x800050dc (0x4176d293) x 5 0x00000000
core   0: 0xffffffff800050e0 (0x83ce7d97) auipc   s11, 0x83ce7
3 0x800050e0 (0x83ce7d97) x27 0x03cec0e0
core   0: 0xffffffff800050e4 (0x00212733) slt     a4, sp, sp
3 0x800050e4 (0x00212733) x14 0x00000000
core   0: 0xffffffff800050e8 (0xd7c9ae13) slti    t3, s3, -644
3 0x800050e8 (0xd7c9ae13) x28 0x00000000
core   0: 0xffffffff800050ec (0x40c78bb3) sub     s7, a5, a2
3 0x800050ec (0x40c78bb3) x23 0xb15ca049
core   0: 0xffffffff800050f0 (0x00734e33) xor     t3, t1, t2
3 0x800050f0 (0x00734e33) x28 0x9b133039
core   0: 0xffffffff800050f4 (0x37dbef13) ori     t5, s7, 893
3 0x800050f4 (0x37dbef13) x30 0xb15ca37d
core   0: 0xffffffff800050f8 (0x41035633) sra     a2, t1, a6
3 0x800050f8 (0x41035633) x12 0xff9b1330
core   0: 0xffffffff800050fc (0xfad12893) slti    a7, sp, -83
3 0x800050fc (0xfad12893) x17 0x00000000
core   0: 0xffffffff80005100 (0x418d5b13) srai    s6, s10, 24
3 0x80005100 (0x418d5b13) x22 0xffffffd4
core   0: 0xffffffff80005104 (0x299c2393) slti    t2, s8, 665
3 0x80005104 (0x299c2393) x 7 0x00000001
core   0: 0xffffffff80005108 (0x019fc5b3) xor     a1, t6, s9
3 0x80005108 (0x019fc5b3) x11 0x614720b4
core   0: 0xffffffff8000510c (0x03523fb7) lui     t6, 0x3523
3 0x8000510c (0x03523fb7) x31 0x03523000
core   0: 0xffffffff80005110 (0xe561a313) slti    t1, gp, -426
3 0x80005110 (0xe561a313) x 6 0x00000000
core   0: 0xffffffff80005114 (0x01ca42b3) xor     t0, s4, t3
3 0x80005114 (0x01ca42b3) x 5 0x1b127cdd
core   0: 0xffffffff80005118 (0xd2008917) auipc   s2, 0xd2008
3 0x80005118 (0xd2008917) x18 0x5200d118
core   0: 0xffffffff8000511c (0x2eb20913) addi    s2, tp, 747
3 0x8000511c (0x2eb20913) x18 0xc75be14f
core   0: 0xffffffff80005120 (0xd5e9f393) andi    t2, s3, -674
3 0x80005120 (0xd5e9f393) x 7 0x1f258004
core   0: 0xffffffff80005124 (0x01599913) slli    s2, s3, 21
3 0x80005124 (0x01599913) x18 0x14800000
core   0: 0xffffffff80005128 (0x010bf233) and     tp, s7, a6
3 0x80005128 (0x010bf233) x 4 0x00040008
core   0: 0xffffffff8000512c (0x803b5517) auipc   a0, 0x803b5
3 0x8000512c (0x803b5517) x10 0x003ba12c
core   0: 0xffffffff80005130 (0x007b88b3) add     a7, s7, t2
3 0x80005130 (0x007b88b3) x17 0xd082204d
core   0: 0xffffffff80005134 (0x41335833) sra     a6, t1, s3
3 0x80005134 (0x41335833) x16 0x00000000
core   0: 0xffffffff80005138 (0x008db833) sltu    a6, s11, s0
3 0x80005138 (0x008db833) x16 0x00000001
core   0: 0xffffffff8000513c (0x00b91833) sll     a6, s2, a1
3 0x8000513c (0x00b91833) x16 0x00000000
core   0: 0xffffffff80005140 (0x40d657b3) sra     a5, a2, a3
3 0x80005140 (0x40d657b3) x15 0xffcd8998
core   0: 0xffffffff80005144 (0x00d6c337) lui     t1, 0xd6c
3 0x80005144 (0x00d6c337) x 6 0x00d6c000
core   0: 0xffffffff80005148 (0x00247033) and     zero, s0, sp
3 0x80005148 (0x00247033)
core   0: 0xffffffff8000514c (0x015b4133) xor     sp, s6, s5
3 0x8000514c (0x015b4133) x 2 0x7cba4fa4
core   0: 0xffffffff80005150 (0x0031fbb3) and     s7, gp, gp
3 0x80005150 (0x0031fbb3) x23 0x00000001
core   0: 0xffffffff80005154 (0xf7746f13) ori     t5, s0, -137
3 0x80005154 (0xf7746f13) x30 0xfffffff7
core   0: 0xffffffff80005158 (0xe577eb93) ori     s7, a5, -425
3 0x80005158 (0xe577eb93) x23 0xffffffdf
core   0: 0xffffffff8000515c (0x2dc3b637) lui     a2, 0x2dc3b
3 0x8000515c (0x2dc3b637) x12 0x2dc3b000
core   0: 0xffffffff80005160 (0xe71d3b13) sltiu   s6, s10, -399
3 0x80005160 (0xe71d3b13) x22 0x00000001
core   0: 0xffffffff80005164 (0x0181a133) slt     sp, gp, s8
3 0x80005164 (0x0181a133) x 2 0x00000001
core   0: 0xffffffff80005168 (0x003a1033) sll     zero, s4, gp
3 0x80005168 (0x003a1033)
core   0: 0xffffffff8000516c (0x05727f93) andi    t6, tp, 87
3 0x8000516c (0x05727f93) x31 0x00000000
core   0: 0xffffffff80005170 (0xae22b717) auipc   a4, 0xae22b
3 0x80005170 (0xae22b717) x14 0x2e230170
core   0: 0xffffffff80005174 (0x01fedc13) srli    s8, t4, 31
3 0x80005174 (0x01fedc13) x24 0x00000001
core   0: 0xffffffff80005178 (0x00bfc233) xor     tp, t6, a1
3 0x80005178 (0x00bfc233) x 4 0x614720b4
core   0: 0xffffffff8000517c (0x0010f5b3) and     a1, ra, ra
3 0x8000517c (0x0010f5b3) x11 0x84101000
core   0: 0xffffffff80005180 (0x0c919f17) auipc   t5, 0xc919
3 0x80005180 (0x0c919f17) x30 0x8c91e180
core   0: 0xffffffff80005184 (0x012c8333) add     t1, s9, s2
3 0x80005184 (0x012c8333) x 6 0x75c720b4
core   0: 0xffffffff80005188 (0x0110e6b3) or      a3, ra, a7
3 0x80005188 (0x0110e6b3) x13 0xd492304d
core   0: 0xffffffff8000518c (0x03276b93) ori     s7, a4, 50
3 0x8000518c (0x03276b93) x23 0x2e230172
core   0: 0xffffffff80005190 (0x01c99293) slli    t0, s3, 28
3 0x80005190 (0x01c99293) x 5 0x40000000
core   0: 0xffffffff80005194 (0x41e286b3) sub     a3, t0, t5
3 0x80005194 (0x41e286b3) x13 0xb36e1e80
core   0: 0xffffffff80005198 (0x0122df93) srli    t6, t0, 18
3 0x80005198 (0x0122df93) x31 0x00001000
core   0: 0xffffffff8000519c (0x15fe3f17) auipc   t5, 0x15fe3
3 0x8000519c (0x15fe3f17) x30 0x95fe819c
core   0: 0xffffffff800051a0 (0x00b1c733) xor     a4, gp, a1
3 0x800051a0 (0x00b1c733) x14 0x84101001
core   0: 0xffffffff800051a4 (0x0c0ac313) xori    t1, s5, 192
3 0x800051a4 (0x0c0ac313) x 6 0x8345b0b0
core   0: 0xffffffff800051a8 (0x2c707a93) andi    s5, zero, 711
3 0x800051a8 (0x2c707a93) x21 0x00000000
core   0: 0xffffffff800051ac (0x01559a93) slli    s5, a1, 21
3 0x800051ac (0x01559a93) x21 0x00000000
core   0: 0xffffffff800051b0 (0x528b2c97) auipc   s9, 0x528b2
3 0x800051b0 (0x528b2c97) x25 0xd28b71b0
core   0: 0xffffffff800051b4 (0xec302593) slti    a1, zero, -317
3 0x800051b4 (0xec302593) x11 0x00000000
core   0: 0xffffffff800051b8 (0x407d5213) srai    tp, s10, 7
3 0x800051b8 (0x407d5213) x 4 0xffa9244a
core   0: 0xffffffff800051bc (0x011e46b3) xor     a3, t3, a7
3 0x800051bc (0x011e46b3) x13 0x4b911074
core   0: 0xffffffff800051c0 (0x015c1c33) sll     s8, s8, s5
3 0x800051c0 (0x015c1c33) x24 0x00000001
core   0: 0xffffffff800051c4 (0x41235b33) sra     s6, t1, s2
3 0x800051c4 (0x41235b33) x22 0x8345b0b0
core   0: 0xffffffff800051c8 (0x32e7fb93) andi    s7, a5, 814
3 0x800051c8 (0x32e7fb93) x23 0x00000108
core   0: 0xffffffff800051cc (0x0191aab3) slt     s5, gp, s9
3 0x800051cc (0x0191aab3) x21 0x00000000
core   0: 0xffffffff800051d0 (0x00000013) nop
3 0x800051d0 (0x00000013)
core   0: 0xffffffff800051d4 (0x403fd513) srai    a0, t6, 3
3 0x800051d4 (0x403fd513) x10 0x00000200
core   0: 0xffffffff800051d8 (0x01af1313) slli    t1, t5, 26
3 0x800051d8 (0x01af1313) x 6 0x70000000
core   0: 0xffffffff800051dc (0x01d447b3) xor     a5, s0, t4
3 0x800051dc (0x01d447b3) x15 0x0eb6f32d
core   0: 0xffffffff800051e0 (0x3475d9b7) lui     s3, 0x3475d
3 0x800051e0 (0x3475d9b7) x19 0x3475d000
core   0: 0xffffffff800051e4 (0x000ed693) srli    a3, t4, 0
3 0x800051e4 (0x000ed693) x13 0x8eb7bcc8
core   0: 0xffffffff800051e8 (0x015b5c93) srli    s9, s6, 21
3 0x800051e8 (0x015b5c93) x25 0x0000041a
core   0: 0xffffffff800051ec (0x01547e33) and     t3, s0, s5
3 0x800051ec (0x01547e33) x28 0x00000000
core   0: 0xffffffff800051f0 (0x00826233) or      tp, tp, s0
3 0x800051f0 (0x00826233) x 4 0xffa96fef
core   0: 0xffffffff800051f4 (0x418085b3) sub     a1, ra, s8
3 0x800051f4 (0x418085b3) x11 0x84100fff
core   0: 0xffffffff800051f8 (0xec7ca713) slti    a4, s9, -313
3 0x800051f8 (0xec7ca713) x14 0x00000000
core   0: 0xffffffff800051fc (0x017da7b3) slt     a5, s11, s7
3 0x800051fc (0x017da7b3) x15 0x00000000
core   0: 0xffffffff80005200 (0xd3b9c693) xori    a3, s3, -709
3 0x80005200 (0xd3b9c693) x13 0xcb8a2d3b
core   0: 0xffffffff80005204 (0x0178afb3) slt     t6, a7, s7
3 0x80005204 (0x0178afb3) x31 0x00000001
core   0: 0xffffffff80005208 (0x347d0513) addi    a0, s10, 839
3 0x80005208 (0x347d0513) x10 0xd49228ae
core   0: 0xffffffff8000520c (0x411955b3) sra     a1, s2, a7
3 0x8000520c (0x411955b3) x11 0x0000a400
core   0: 0xffffffff80005210 (0xed7f3297) auipc   t0, 0xed7f3
3 0x80005210 (0xed7f3297) x 5 0x6d7f8210
core   0: 0xffffffff80005214 (0x00b0a1b3) slt     gp, ra, a1
3 0x80005214 (0x00b0a1b3) x 3 0x00000001
core   0: 0xffffffff80005218 (0x00000013) nop
3 0x80005218 (0x00000013)
core   0: 0xffffffff8000521c (0x0038da93) srli    s5, a7, 3
3 0x8000521c (0x0038da93) x21 0x1a104409
core   0: 0xffffffff80005220 (0xfc4f6e17) auipc   t3, 0xfc4f6
3 0x80005220 (0xfc4f6e17) x28 0x7c4fb220
core   0: 0xffffffff80005224 (0x01686433) or      s0, a6, s6
3 0x80005224 (0x01686433) x 8 0x8345b0b0
core   0: 0xffffffff80005228 (0x40c38bb3) sub     s7, t2, a2
3 0x80005228 (0x40c38bb3) x23 0xf161d004
core   0: 0xffffffff8000522c (0xe34d2313) slti    t1, s10, -460
3 0x8000522c (0xe34d2313) x 6 0x00000001
core   0: 0xffffffff80005230 (0x00af48b3) xor     a7, t5, a0
3 0x80005230 (0x00af48b3) x17 0x416ca932
core   0: 0xffffffff80005234 (0x04670893) addi    a7, a4, 70
3 0x80005234 (0x04670893) x17 0x00000046
core   0: 0xffffffff80005238 (0x016ece33) xor     t3, t4, s6
3 0x80005238 (0x016ece33) x28 0x0df20c78
core   0: 0xffffffff8000523c (0x01ebb7b3) sltu    a5, s7, t5
3 0x8000523c (0x01ebb7b3) x15 0x00000000
core   0: 0xffffffff80005240 (0xde5ef217) auipc   tp, 0xde5ef
3 0x80005240 (0xde5ef217) x 4 0x5e5f4240
core   0: 0xffffffff80005244 (0xfa046013) ori     zero, s0, -96
3 0x80005244 (0xfa046013)
core   0: 0xffffffff80005248 (0x01569f13) slli    t5, a3, 21
3 0x80005248 (0x01569f13) x30 0xa7600000
core   0: 0xffffffff8000524c (0x014d9a93) slli    s5, s11, 20
3 0x8000524c (0x014d9a93) x21 0x0e000000
core   0: 0xffffffff80005250 (0x011b5633) srl     a2, s6, a7
3 0x80005250 (0x011b5633) x12 0x020d16c2
core   0: 0xffffffff80005254 (0x148d4093) xori    ra, s10, 328
3 0x80005254 (0x148d4093) x 1 0xd492242f
core   0: 0xffffffff80005258 (0x00823733) sltu    a4, tp, s0
3 0x80005258 (0x00823733) x14 0x00000001
core   0: 0xffffffff8000525c (0x016ad233) srl     tp, s5, s6
3 0x8000525c (0x016ad233) x 4 0x00000e00
core   0: 0xffffffff80005260 (0x01df3233) sltu    tp, t5, t4
3 0x80005260 (0x01df3233) x 4 0x00000000
core   0: 0xffffffff80005264 (0x413ad393) srai    t2, s5, 19
3 0x80005264 (0x413ad393) x 7 0x000001c0
core   0: 0xffffffff80005268 (0x0bb88e13) addi    t3, a7, 187
3 0x80005268 (0x0bb88e13) x28 0x00000101
core   0: 0xffffffff8000526c (0x00073033) sltu    zero, a4, zero
3 0x8000526c (0x00073033)
core   0: 0xffffffff80005270 (0x01968ab3) add     s5, a3, s9
3 0x80005270 (0x01968ab3) x21 0xcb8a3155
core   0: 0xffffffff80005274 (0x01b0e8b3) or      a7, ra, s11
3 0x80005274 (0x01b0e8b3) x17 0xd7dee4ef
core   0: 0xffffffff80005278 (0x000587b3) add     a5, a1, zero
3 0x80005278 (0x000587b3) x15 0x0000a400
core   0: 0xffffffff8000527c (0x01539513) slli    a0, t2, 21
3 0x8000527c (0x01539513) x10 0x38000000
core   0: 0xffffffff80005280 (0x01861793) slli    a5, a2, 24
3 0x80005280 (0x01861793) x15 0xc2000000
core   0: 0xffffffff80005284 (0x2be5e613) ori     a2, a1, 702
3 0x80005284 (0x2be5e613) x12 0x0000a6be
core   0: 0xffffffff80005288 (0x1e7b8b93) addi    s7, s7, 487
3 0x80005288 (0x1e7b8b93) x23 0xf161d1eb
core   0: 0xffffffff8000528c (0x41e25e33) sra     t3, tp, t5
3 0x8000528c (0x41e25e33) x28 0x00000000
core   0: 0xffffffff80005290 (0x2ef07f93) andi    t6, zero, 751
3 0x80005290 (0x2ef07f93) x31 0x00000000
core   0: 0xffffffff80005294 (0x01e99913) slli    s2, s3, 30
3 0x80005294 (0x01e99913) x18 0x00000000
core   0: 0xffffffff80005298 (0x41d05133) sra     sp, zero, t4
3 0x80005298 (0x41d05133) x 2 0x00000000
core   0: 0xffffffff8000529c (0x0098e033) or      zero, a7, s1
3 0x8000529c (0x0098e033)
core   0: 0xffffffff800052a0 (0x01f11233) sll     tp, sp, t6
3 0x800052a0 (0x01f11233) x 4 0x00000000
core   0: 0xffffffff800052a4 (0xe3505837) lui     a6, 0xe3505
3 0x800052a4 (0xe3505837) x16 0xe3505000
core   0: 0xffffffff800052a8 (0x41bcd9b3) sra     s3, s9, s11
3 0x800052a8 (0x41bcd9b3) x19 0x0000041a
core   0: 0xffffffff800052ac (0x545a0237) lui     tp, 0x545a0
3 0x800052ac (0x545a0237) x 4 0x545a0000
core   0: 0xffffffff800052b0 (0x007d1713) slli    a4, s10, 7
3 0x800052b0 (0x007d1713) x14 0x4912b380
core   0: 0xffffffff800052b4 (0x00000013) nop
3 0x800052b4 (0x00000013)
core   0: 0xffffffff800052b8 (0x00a676b3) and     a3, a2, a0
3 0x800052b8 (0x00a676b3) x13 0x00000000
core   0: 0xffffffff800052bc (0x00ac9793) slli    a5, s9, 10
3 0x800052bc (0x00ac9793) x15 0x00106800
core   0: 0xffffffff800052c0 (0x00ae5d93) srli    s11, t3, 10
3 0x800052c0 (0x00ae5d93) x27 0x00000000
core   0: 0xffffffff800052c4 (0x002c01b3) add     gp, s8, sp
3 0x800052c4 (0x002c01b3) x 3 0x00000001
core   0: 0xffffffff800052c8 (0x00a49713) slli    a4, s1, 10
3 0x800052c8 (0x00a49713) x14 0x04399000
core   0: 0xffffffff800052cc (0x006fdf13) srli    t5, t6, 6
3 0x800052cc (0x006fdf13) x30 0x00000000
core   0: 0xffffffff800052d0 (0x406a06b3) sub     a3, s4, t1
3 0x800052d0 (0x406a06b3) x13 0x80014ce3
core   0: 0xffffffff800052d4 (0xf8607313) andi    t1, zero, -122
3 0x800052d4 (0xf8607313) x 6 0x00000000
core   0: 0xffffffff800052d8 (0x41c8d833) sra     a6, a7, t3
3 0x800052d8 (0x41c8d833) x16 0xd7dee4ef
core   0: 0xffffffff800052dc (0xfcba7093) andi    ra, s4, -53
3 0x800052dc (0xfcba7093) x 1 0x80014cc0
core   0: 0xffffffff800052e0 (0x018993b3) sll     t2, s3, s8
3 0x800052e0 (0x018993b3) x 7 0x00000834
core   0: 0xffffffff800052e4 (0x004d6133) or      sp, s10, tp
3 0x800052e4 (0x004d6133) x 2 0xd4da2567
core   0: 0xffffffff800052e8 (0x0882a793) slti    a5, t0, 136
3 0x800052e8 (0x0882a793) x15 0x00000000
core   0: 0xffffffff800052ec (0x4724c437) lui     s0, 0x4724c
3 0x800052ec (0x4724c437) x 8 0x4724c000
core   0: 0xffffffff800052f0 (0x01a40db3) add     s11, s0, s10
3 0x800052f0 (0x01a40db3) x27 0x1bb6e567
core   0: 0xffffffff800052f4 (0x5d886717) auipc   a4, 0x5d886
3 0x800052f4 (0x5d886717) x14 0xdd88b2f4
core   0: 0xffffffff800052f8 (0x0003b033) sltu    zero, t2, zero
3 0x800052f8 (0x0003b033)
core   0: 0xffffffff800052fc (0x00fd0033) add     zero, s10, a5
3 0x800052fc (0x00fd0033)
core   0: 0xffffffff80005300 (0x0198b733) sltu    a4, a7, s9
3 0x80005300 (0x0198b733) x14 0x00000000
core   0: 0xffffffff80005304 (0xca4f3513) sltiu   a0, t5, -860
3 0x80005304 (0xca4f3513) x10 0x00000001
core   0: 0xffffffff80005308 (0x76acc037) lui     zero, 0x76acc
3 0x80005308 (0x76acc037)
core   0: 0xffffffff8000530c (0xfffbba93) sltiu   s5, s7, -1
3 0x8000530c (0xfffbba93) x21 0x00000001
core   0: 0xffffffff80005310 (0x016e9713) slli    a4, t4, 22
3 0x80005310 (0x016e9713) x14 0x32000000
core   0: 0xffffffff80005314 (0x41a0dfb3) sra     t6, ra, s10
3 0x80005314 (0x41a0dfb3) x31 0xff000299
core   0: 0xffffffff80005318 (0x40c65333) sra     t1, a2, a2
3 0x80005318 (0x40c65333) x 6 0x00000000
core   0: 0xffffffff8000531c (0x24872d93) slti    s11, a4, 584
3 0x8000531c (0x24872d93) x27 0x00000000
core   0: 0xffffffff80005320 (0x29bb0f93) addi    t6, s6, 667
3 0x80005320 (0x29bb0f93) x31 0x8345b34b
core   0: 0xffffffff80005324 (0x41ea5593) srai    a1, s4, 30
3 0x80005324 (0x41ea5593) x11 0xfffffffe
core   0: 0xffffffff80005328 (0x00cb9793) slli    a5, s7, 12
3 0x80005328 (0x00cb9793) x15 0x1d1eb000
core   0: 0xffffffff8000532c (0x00df41b3) xor     gp, t5, a3
3 0x8000532c (0x00df41b3) x 3 0x80014ce3
core   0: 0xffffffff80005330 (0xee044213) xori    tp, s0, -288
3 0x80005330 (0xee044213) x 4 0xb8db3ee0
core   0: 0xffffffff80005334 (0x41778833) sub     a6, a5, s7
3 0x80005334 (0x41778833) x16 0x2bbcde15
core   0: 0xffffffff80005338 (0x2ef27513) andi    a0, tp, 751
3 0x80005338 (0x2ef27513) x10 0x000002e0
core   0: 0xffffffff8000533c (0x0142bb33) sltu    s6, t0, s4
3 0x8000533c (0x0142bb33) x22 0x00000001
core   0: 0xffffffff80005340 (0x401ede33) sra     t3, t4, ra
3 0x80005340 (0x401ede33) x28 0x8eb7bcc8
core   0: 0xffffffff80005344 (0x014c0c33) add     s8, s8, s4
3 0x80005344 (0x014c0c33) x24 0x80014ce5
core   0: 0xffffffff80005348 (0x0089cb33) xor     s6, s3, s0
3 0x80005348 (0x0089cb33) x22 0x4724c41a
core   0: 0xffffffff8000534c (0xe85a0593) addi    a1, s4, -379
3 0x8000534c (0xe85a0593) x11 0x80014b69
core   0: 0xffffffff80005350 (0x010346b3) xor     a3, t1, a6
3 0x80005350 (0x010346b3) x13 0x2bbcde15
core   0: 0xffffffff80005354 (0x11057193) andi    gp, a0, 272
3 0x80005354 (0x11057193) x 3 0x00000000
core   0: 0xffffffff80005358 (0x40eb5293) srai    t0, s6, 14
3 0x80005358 (0x40eb5293) x 5 0x00011c93
core   0: 0xffffffff8000535c (0x23bbf993) andi    s3, s7, 571
3 0x8000535c (0x23bbf993) x19 0x0000002b
core   0: 0xffffffff80005360 (0x00000013) nop
3 0x80005360 (0x00000013)
core   0: 0xffffffff80005364 (0x401a5ab3) sra     s5, s4, ra
3 0x80005364 (0x401a5ab3) x21 0x80014ce4
core   0: 0xffffffff80005368 (0xd93e6413) ori     s0, t3, -621
3 0x80005368 (0xd93e6413) x 8 0xfffffddb
core   0: 0xffffffff8000536c (0x20264b13) xori    s6, a2, 514
3 0x8000536c (0x20264b13) x22 0x0000a4bc
core   0: 0xffffffff80005370 (0x0109b5b3) sltu    a1, s3, a6
3 0x80005370 (0x0109b5b3) x11 0x00000001
core   0: 0xffffffff80005374 (0x00f58f33) add     t5, a1, a5
3 0x80005374 (0x00f58f33) x30 0x1d1eb001
core   0: 0xffffffff80005378 (0x017d1733) sll     a4, s10, s7
3 0x80005378 (0x017d1733) x14 0x912b3800
core   0: 0xffffffff8000537c (0x01cb9513) slli    a0, s7, 28
3 0x8000537c (0x01cb9513) x10 0xb0000000
core   0: 0xffffffff80005380 (0xf06d0e13) addi    t3, s10, -250
3 0x80005380 (0xf06d0e13) x28 0xd492246d
core   0: 0xffffffff80005384 (0x00a71113) slli    sp, a4, 10
3 0x80005384 (0x00a71113) x 2 0xace00000
core   0: 0xffffffff80005388 (0x40e408b3) sub     a7, s0, a4
3 0x80005388 (0x40e408b3) x17 0x6ed4c5db
core   0: 0xffffffff8000538c (0x41395c33) sra     s8, s2, s3
3 0x8000538c (0x41395c33) x24 0x00000000
core   0: 0xffffffff80005390 (0x4100dc33) sra     s8, ra, a6
3 0x80005390 (0x4100dc33) x24 0xfffffc00
core   0: 0xffffffff80005394 (0x40278933) sub     s2, a5, sp
3 0x80005394 (0x40278933) x18 0x703eb000
core   0: 0xffffffff80005398 (0xb2301217) auipc   tp, 0xb2301
3 0x80005398 (0xb2301217) x 4 0x32306398
core   0: 0xffffffff8000539c (0xf23d2437) lui     s0, 0xf23d2
3 0x8000539c (0xf23d2437) x 8 0xf23d2000
core   0: 0xffffffff800053a0 (0x18204613) xori    a2, zero, 386
3 0x800053a0 (0x18204613) x12 0x00000182
core   0: 0xffffffff800053a4 (0x00161113) slli    sp, a2, 1
3 0x800053a4 (0x00161113) x 2 0x00000304
core   0: 0xffffffff800053a8 (0x007fdcb3) srl     s9, t6, t2
3 0x800053a8 (0x007fdcb3) x25 0x00000834
core   0: 0xffffffff800053ac (0x33dde213) ori     tp, s11, 829
3 0x800053ac (0x33dde213) x 4 0x0000033d
core   0: 0xffffffff800053b0 (0xf4172f93) slti    t6, a4, -191
3 0x800053b0 (0xf4172f93) x31 0x00000001
core   0: 0xffffffff800053b4 (0x002ed633) srl     a2, t4, sp
3 0x800053b4 (0x002ed633) x12 0x08eb7bcc
core   0: 0xffffffff800053b8 (0xee424693) xori    a3, tp, -284
3 0x800053b8 (0xee424693) x13 0xfffffdd9
core   0: 0xffffffff800053bc (0x002e2733) slt     a4, t3, sp
3 0x800053bc (0x002e2733) x14 0x00000001
core   0: 0xffffffff800053c0 (0xf068d717) auipc   a4, 0xf068d
3 0x800053c0 (0xf068d717) x14 0x706923c0
core   0: 0xffffffff800053c4 (0x40c58433) sub     s0, a1, a2
3 0x800053c4 (0x40c58433) x 8 0xf7148435
core   0: 0xffffffff800053c8 (0xf12d0c13) addi    s8, s10, -238
3 0x800053c8 (0xf12d0c13) x24 0xd4922479
core   0: 0xffffffff800053cc (0xebc17f13) andi    t5, sp, -324
3 0x800053cc (0xebc17f13) x30 0x00000204
core   0: 0xffffffff800053d0 (0x01497f33) and     t5, s2, s4
3 0x800053d0 (0x01497f33) x30 0x00000000
core   0: 0xffffffff800053d4 (0x01751c13) slli    s8, a0, 23
3 0x800053d4 (0x01751c13) x24 0x00000000
core   0: 0xffffffff800053d8 (0x40c1db13) srai    s6, gp, 12
3 0x800053d8 (0x40c1db13) x22 0x00000000
core   0: 0xffffffff800053dc (0x00000013) nop
3 0x800053dc (0x00000013)
core   0: 0xffffffff800053e0 (0x15ecf193) andi    gp, s9, 350
3 0x800053e0 (0x15ecf193) x 3 0x00000014
core   0: 0xffffffff800053e4 (0x01e69c13) slli    s8, a3, 30
3 0x800053e4 (0x01e69c13) x24 0x40000000
core   0: 0xffffffff800053e8 (0xb226d217) auipc   tp, 0xb226d
3 0x800053e8 (0xb226d217) x 4 0x322723e8
core   0: 0xffffffff800053ec (0x005948b3) xor     a7, s2, t0
3 0x800053ec (0x005948b3) x17 0x703fac93
core   0: 0xffffffff800053f0 (0x01e508b3) add     a7, a0, t5
3 0x800053f0 (0x01e508b3) x17 0xb0000000
core   0: 0xffffffff800053f4 (0x0019e733) or      a4, s3, ra
3 0x800053f4 (0x0019e733) x14 0x80014ceb
core   0: 0xffffffff800053f8 (0x010d9b13) slli    s6, s11, 16
3 0x800053f8 (0x010d9b13) x22 0x00000000
core   0: 0xffffffff800053fc (0xd7dc4013) xori    zero, s8, -643
3 0x800053fc (0xd7dc4013)
core   0: 0xffffffff80005400 (0x00f71733) sll     a4, a4, a5
3 0x80005400 (0x00f71733) x14 0x80014ceb
core   0: 0xffffffff80005404 (0x40e75c33) sra     s8, a4, a4
3 0x80005404 (0x40e75c33) x24 0xfff00029
core   0: 0xffffffff80005408 (0x00dad6b3) srl     a3, s5, a3
3 0x80005408 (0x00dad6b3) x13 0x00000040
core   0: 0xffffffff8000540c (0x41ff5f33) sra     t5, t5, t6
3 0x8000540c (0x41ff5f33) x30 0x00000000
core   0: 0xffffffff80005410 (0x01d32933) slt     s2, t1, t4
3 0x80005410 (0x01d32933) x18 0x00000000
core   0: 0xffffffff80005414 (0x00000013) nop
3 0x80005414 (0x00000013)
core   0: 0xffffffff80005418 (0xe6a34193) xori    gp, t1, -406
3 0x80005418 (0xe6a34193) x 3 0xfffffe6a
core   0: 0xffffffff8000541c (0x4003dd93) srai    s11, t2, 0
3 0x8000541c (0x4003dd93) x27 0x00000834
core   0: 0xffffffff80005420 (0x010e47b3) xor     a5, t3, a6
3 0x80005420 (0x010e47b3) x15 0xff2efa78
core   0: 0xffffffff80005424 (0x41b509b3) sub     s3, a0, s11
3 0x80005424 (0x41b509b3) x19 0xaffff7cc
core   0: 0xffffffff80005428 (0x00bee8b3) or      a7, t4, a1
3 0x80005428 (0x00bee8b3) x17 0x8eb7bcc9
core   0: 0xffffffff8000542c (0x4072df13) srai    t5, t0, 7
3 0x8000542c (0x4072df13) x30 0x00000239
core   0: 0xffffffff80005430 (0xd4a82d93) slti    s11, a6, -694
3 0x80005430 (0xd4a82d93) x27 0x00000000
core   0: 0xffffffff80005434 (0x007d1213) slli    tp, s10, 7
3 0x80005434 (0x007d1213) x 4 0x4912b380
core   0: 0xffffffff80005438 (0x01fe8ab3) add     s5, t4, t6
3 0x80005438 (0x01fe8ab3) x21 0x8eb7bcc9
core   0: 0xffffffff8000543c (0x00000013) nop
3 0x8000543c (0x00000013)
core   0: 0xffffffff80005440 (0x00565393) srli    t2, a2, 5
3 0x80005440 (0x00565393) x 7 0x00475bde
core   0: 0xffffffff80005444 (0x3bc7c113) xori    sp, a5, 956
3 0x80005444 (0x3bc7c113) x 2 0xff2ef9c4
core   0: 0xffffffff80005448 (0x15663913) sltiu   s2, a2, 342
3 0x80005448 (0x15663913) x18 0x00000000
core   0: 0xffffffff8000544c (0x001b9f93) slli    t6, s7, 1
3 0x8000544c (0x001b9f93) x31 0xe2c3a3d6
core   0: 0xffffffff80005450 (0x00ee05b3) add     a1, t3, a4
3 0x80005450 (0x00ee05b3) x11 0x54937158
core   0: 0xffffffff80005454 (0x3f75b093) sltiu   ra, a1, 1015
3 0x80005454 (0x3f75b093) x 1 0x00000000
core   0: 0xffffffff80005458 (0x01315133) srl     sp, sp, s3
3 0x80005458 (0x01315133) x 2 0x000ff2ef
core   0: 0xffffffff8000545c (0x017f1b13) slli    s6, t5, 23
3 0x8000545c (0x017f1b13) x22 0x1c800000
core   0: 0xffffffff80005460 (0x36fcb613) sltiu   a2, s9, 879
3 0x80005460 (0x36fcb613) x12 0x00000000
core   0: 0xffffffff80005464 (0x0118e633) or      a2, a7, a7
3 0x80005464 (0x0118e633) x12 0x8eb7bcc9
core   0: 0xffffffff80005468 (0xd3dcbf17) auipc   t5, 0xd3dcb
3 0x80005468 (0xd3dcbf17) x30 0x53dd0468
core   0: 0xffffffff8000546c (0x01097133) and     sp, s2, a6
3 0x8000546c (0x01097133) x 2 0x00000000
core   0: 0xffffffff80005470 (0x001b9633) sll     a2, s7, ra
3 0x80005470 (0x001b9633) x12 0xf161d1eb
core   0: 0xffffffff80005474 (0x136e4793) xori    a5, t3, 310
3 0x80005474 (0x136e4793) x15 0xd492255b
core   0: 0xffffffff80005478 (0x01aac233) xor     tp, s5, s10
3 0x80005478 (0x01aac233) x 4 0x5a2599ae
core   0: 0xffffffff8000547c (0x0188d1b3) srl     gp, a7, s8
3 0x8000547c (0x0188d1b3) x 3 0x00475bde
core   0: 0xffffffff80005480 (0x4191dbb3) sra     s7, gp, s9
3 0x80005480 (0x4191dbb3) x23 0x00000004
core   0: 0xffffffff80005484 (0x38bc0693) addi    a3, s8, 907
3 0x80005484 (0x38bc0693) x13 0xfff003b4
core   0: 0xffffffff80005488 (0xd6be0a97) auipc   s5, 0xd6be0
3 0x80005488 (0xd6be0a97) x21 0x56be5488
core   0: 0xffffffff8000548c (0x00709313) slli    t1, ra, 7
3 0x8000548c (0x00709313) x 6 0x00000000
core   0: 0xffffffff80005490 (0x005d9193) slli    gp, s11, 5
3 0x80005490 (0x005d9193) x 3 0x00000000
core   0: 0xffffffff80005494 (0x41b4d733) sra     a4, s1, s11
3 0x80005494 (0x41b4d733) x14 0x80010e64
core   0: 0xffffffff80005498 (0xeafdb913) sltiu   s2, s11, -337
3 0x80005498 (0xeafdb913) x18 0x00000001
core   0: 0xffffffff8000549c (0x00000013) nop
3 0x8000549c (0x00000013)
core   0: 0xffffffff800054a0 (0x01918f33) add     t5, gp, s9
3 0x800054a0 (0x01918f33) x30 0x00000834
core   0: 0xffffffff800054a4 (0xef282213) slti    tp, a6, -270
3 0x800054a4 (0xef282213) x 4 0x00000000
core   0: 0xffffffff800054a8 (0x01a09693) slli    a3, ra, 26
3 0x800054a8 (0x01a09693) x13 0x00000000
core   0: 0xffffffff800054ac (0x01a1c6b3) xor     a3, gp, s10
3 0x800054ac (0x01a1c6b3) x13 0xd4922567
core   0: 0xffffffff800054b0 (0xc2354413) xori    s0, a0, -989
3 0x800054b0 (0xc2354413) x 8 0x4ffffc23
core   0: 0xffffffff800054b4 (0x00c3d533) srl     a0, t2, a2
3 0x800054b4 (0x00c3d533) x10 0x000008eb
core   0: 0xffffffff800054b8 (0x002633b3) sltu    t2, a2, sp
3 0x800054b8 (0x002633b3) x 7 0x00000000
core   0: 0xffffffff800054bc (0x01be1433) sll     s0, t3, s11
3 0x800054bc (0x01be1433) x 8 0xd492246d
core   0: 0xffffffff800054c0 (0x00e8a2b3) slt     t0, a7, a4
3 0x800054c0 (0x00e8a2b3) x 5 0x00000000
core   0: 0xffffffff800054c4 (0x41910033) sub     zero, sp, s9
3 0x800054c4 (0x41910033)
core   0: 0xffffffff800054c8 (0x3c5fac13) slti    s8, t6, 965
3 0x800054c8 (0x3c5fac13) x24 0x00000001
core   0: 0xffffffff800054cc (0x015a6833) or      a6, s4, s5
3 0x800054cc (0x015a6833) x16 0xd6bf5cec
core   0: 0xffffffff800054d0 (0x00fe5233) srl     tp, t3, a5
3 0x800054d0 (0x00fe5233) x 4 0x0000001a
core   0: 0xffffffff800054d4 (0xc52cff13) andi    t5, s9, -942
3 0x800054d4 (0xc52cff13) x30 0x00000810
core   0: 0xffffffff800054d8 (0x00faa333) slt     t1, s5, a5
3 0x800054d8 (0x00faa333) x 6 0x00000000
core   0: 0xffffffff800054dc (0x00e303b3) add     t2, t1, a4
3 0x800054dc (0x00e303b3) x 7 0x80010e64
core   0: 0xffffffff800054e0 (0x01c3bdb3) sltu    s11, t2, t3
3 0x800054e0 (0x01c3bdb3) x27 0x00000001
core   0: 0xffffffff800054e4 (0x40698b33) sub     s6, s3, t1
3 0x800054e4 (0x40698b33) x22 0xaffff7cc
core   0: 0xffffffff800054e8 (0xd6233713) sltiu   a4, t1, -670
3 0x800054e8 (0xd6233713) x14 0x00000001
core   0: 0xffffffff800054ec (0x1988b393) sltiu   t2, a7, 408
3 0x800054ec (0x1988b393) x 7 0x00000000
core   0: 0xffffffff800054f0 (0x32b24093) xori    ra, tp, 811
3 0x800054f0 (0x32b24093) x 1 0x00000331
core   0: 0xffffffff800054f4 (0x011a6b33) or      s6, s4, a7
3 0x800054f4 (0x011a6b33) x22 0x8eb7fced
core   0: 0xffffffff800054f8 (0x39ea3f93) sltiu   t6, s4, 926
3 0x800054f8 (0x39ea3f93) x31 0x00000000
core   0: 0xffffffff800054fc (0x00834e33) xor     t3, t1, s0
3 0x800054fc (0x00834e33) x28 0xd492246d
core   0: 0xffffffff80005500 (0x6dcf9117) auipc   sp, 0x6dcf9
3 0x80005500 (0x6dcf9117) x 2 0xedcfe500
core   0: 0xffffffff80005504 (0x09b90413) addi    s0, s2, 155
3 0x80005504 (0x09b90413) x 8 0x0000009c
core   0: 0xffffffff80005508 (0x00eb5433) srl     s0, s6, a4
3 0x80005508 (0x00eb5433) x 8 0x475bfe76
core   0: 0xffffffff8000550c (0x00c3b033) sltu    zero, t2, a2
3 0x8000550c (0x00c3b033)
core   0: 0xffffffff80005510 (0x00d9fc33) and     s8, s3, a3
3 0x80005510 (0x00d9fc33) x24 0x84922544
core   0: 0xffffffff80005514 (0x01407bb3) and     s7, zero, s4
3 0x80005514 (0x01407bb3) x23 0x00000000
core   0: 0xffffffff80005518 (0x00000013) nop
3 0x80005518 (0x00000013)
core   0: 0xffffffff8000551c (0x01bcf2b3) and     t0, s9, s11
3 0x8000551c (0x01bcf2b3) x 5 0x00000000
core   0: 0xffffffff80005520 (0x0134c933) xor     s2, s1, s3
3 0x80005520 (0x0134c933) x18 0x2ffef9a8
core   0: 0xffffffff80005524 (0x01365f13) srli    t5, a2, 19
3 0x80005524 (0x01365f13) x30 0x00001e2c
core   0: 0xffffffff80005528 (0xfc2ba813) slti    a6, s7, -62
3 0x80005528 (0xfc2ba813) x16 0x00000000
core   0: 0xffffffff8000552c (0x26142a93) slti    s5, s0, 609
3 0x8000552c (0x26142a93) x21 0x00000000
core   0: 0xffffffff80005530 (0xca9c1eb7) lui     t4, 0xca9c1
3 0x80005530 (0xca9c1eb7) x29 0xca9c1000
core   0: 0xffffffff80005534 (0xf6a1e693) ori     a3, gp, -150
3 0x80005534 (0xf6a1e693) x13 0xffffff6a
core   0: 0xffffffff80005538 (0x0158c3b3) xor     t2, a7, s5
3 0x80005538 (0x0158c3b3) x 7 0x8eb7bcc9
core   0: 0xffffffff8000553c (0x01eeb533) sltu    a0, t4, t5
3 0x8000553c (0x01eeb533) x10 0x00000000
core   0: 0xffffffff80005540 (0x010e20b3) slt     ra, t3, a6
3 0x80005540 (0x010e20b3) x 1 0x00000001
core   0: 0xffffffff80005544 (0xd9eb4693) xori    a3, s6, -610
3 0x80005544 (0xd9eb4693) x13 0x71480173
core   0: 0xffffffff80005548 (0xc372ce13) xori    t3, t0, -969
3 0x80005548 (0xc372ce13) x28 0xfffffc37
core   0: 0xffffffff8000554c (0x008efb33) and     s6, t4, s0
3 0x8000554c (0x008efb33) x22 0x42181000
core   0: 0xffffffff80005550 (0x00000013) nop
3 0x80005550 (0x00000013)
core   0: 0xffffffff80005554 (0x00000013) nop
3 0x80005554 (0x00000013)
core   0: 0xffffffff80005558 (0x3bdba213) slti    tp, s7, 957
3 0x80005558 (0x3bdba213) x 4 0x00000001
core   0: 0xffffffff8000555c (0x008860b3) or      ra, a6, s0
3 0x8000555c (0x008860b3) x 1 0x475bfe76
core   0: 0xffffffff80005560 (0x00000013) nop
3 0x80005560 (0x00000013)
core   0: 0xffffffff80005564 (0x3c974993) xori    s3, a4, 969
3 0x80005564 (0x3c974993) x19 0x000003c8
core   0: 0xffffffff80005568 (0x00b775b3) and     a1, a4, a1
3 0x80005568 (0x00b775b3) x11 0x00000000
core   0: 0xffffffff8000556c (0x003ec5b3) xor     a1, t4, gp
3 0x8000556c (0x003ec5b3) x11 0xca9c1000
core   0: 0xffffffff80005570 (0xfd758013) addi    zero, a1, -41
3 0x80005570 (0xfd758013)
core   0: 0xffffffff80005574 (0x00720633) add     a2, tp, t2
3 0x80005574 (0x00720633) x12 0x8eb7bcca
core   0: 0xffffffff80005578 (0x01407633) and     a2, zero, s4
3 0x80005578 (0x01407633) x12 0x00000000
core   0: 0xffffffff8000557c (0x41955433) sra     s0, a0, s9
3 0x8000557c (0x41955433) x 8 0x00000000
core   0: 0xffffffff80005580 (0x000aef33) or      t5, s5, zero
3 0x80005580 (0x000aef33) x30 0x00000000
core   0: 0xffffffff80005584 (0x36ffe337) lui     t1, 0x36ffe
3 0x80005584 (0x36ffe337) x 6 0x36ffe000
core   0: 0xffffffff80005588 (0x14523f13) sltiu   t5, tp, 325
3 0x80005588 (0x14523f13) x30 0x00000001
core   0: 0xffffffff8000558c (0x00000013) nop
3 0x8000558c (0x00000013)
core   0: 0xffffffff80005590 (0x409f8c33) sub     s8, t6, s1
3 0x80005590 (0x409f8c33) x24 0x7ffef19c
core   0: 0xffffffff80005594 (0x10eb0c93) addi    s9, s6, 270
3 0x80005594 (0x10eb0c93) x25 0x4218110e
core   0: 0xffffffff80005598 (0xc5642193) slti    gp, s0, -938
3 0x80005598 (0xc5642193) x 3 0x00000000
core   0: 0xffffffff8000559c (0x40b58333) sub     t1, a1, a1
3 0x8000559c (0x40b58333) x 6 0x00000000
core   0: 0xffffffff800055a0 (0x01ae90b3) sll     ra, t4, s10
3 0x800055a0 (0x01ae90b3) x 1 0x4e080000
core   0: 0xffffffff800055a4 (0x4134dc33) sra     s8, s1, s3
3 0x800055a4 (0x4134dc33) x24 0xff80010e
core   0: 0xffffffff800055a8 (0x00437933) and     s2, t1, tp
3 0x800055a8 (0x00437933) x18 0x00000000
core   0: 0xffffffff800055ac (0x01d7d1b3) srl     gp, a5, t4
3 0x800055ac (0x01d7d1b3) x 3 0xd492255b
core   0: 0xffffffff800055b0 (0x312da613) slti    a2, s11, 786
3 0x800055b0 (0x312da613) x12 0x00000001
core   0: 0xffffffff800055b4 (0xe5704593) xori    a1, zero, -425
3 0x800055b4 (0xe5704593) x11 0xfffffe57
core   0: 0xffffffff800055b8 (0x4117d513) srai    a0, a5, 17
3 0x800055b8 (0x4117d513) x10 0xffffea49
core   0: 0xffffffff800055bc (0x01eb63b3) or      t2, s6, t5
3 0x800055bc (0x01eb63b3) x 7 0x42181001
core   0: 0xffffffff800055c0 (0x279bbf93) sltiu   t6, s7, 633
3 0x800055c0 (0x279bbf93) x31 0x00000001
core   0: 0xffffffff800055c4 (0x004fc733) xor     a4, t6, tp
3 0x800055c4 (0x004fc733) x14 0x00000000
core   0: 0xffffffff800055c8 (0x00fe9693) slli    a3, t4, 15
3 0x800055c8 (0x00fe9693) x13 0x08000000
core   0: 0xffffffff800055cc (0x2b640113) addi    sp, s0, 694
3 0x800055cc (0x2b640113) x 2 0x000002b6
core   0: 0xffffffff800055d0 (0x011d99b3) sll     s3, s11, a7
3 0x800055d0 (0x011d99b3) x19 0x00000200
core   0: 0xffffffff800055d4 (0xd48b3313) sltiu   t1, s6, -696
3 0x800055d4 (0xd48b3313) x 6 0x00000001
core   0: 0xffffffff800055d8 (0xd73c0793) addi    a5, s8, -653
3 0x800055d8 (0xd73c0793) x15 0xff7ffe81
core   0: 0xffffffff800055dc (0x505ccb17) auipc   s6, 0x505cc
3 0x800055dc (0x505ccb17) x22 0xd05d15dc
core   0: 0xffffffff800055e0 (0x002ef9b3) and     s3, t4, sp
3 0x800055e0 (0x002ef9b3) x19 0x00000000
core   0: 0xffffffff800055e4 (0x00806e33) or      t3, zero, s0
3 0x800055e4 (0x00806e33) x28 0x00000000
core   0: 0xffffffff800055e8 (0x000399b3) sll     s3, t2, zero
3 0x800055e8 (0x000399b3) x19 0x42181001
core   0: 0xffffffff800055ec (0xf8cbb293) sltiu   t0, s7, -116
3 0x800055ec (0xf8cbb293) x 5 0x00000001
core   0: 0xffffffff800055f0 (0xf1207bb7) lui     s7, 0xf1207
3 0x800055f0 (0xf1207bb7) x23 0xf1207000
core   0: 0xffffffff800055f4 (0x01e439b3) sltu    s3, s0, t5
3 0x800055f4 (0x01e439b3) x19 0x00000001
core   0: 0xffffffff800055f8 (0xfb16e613) ori     a2, a3, -79
3 0x800055f8 (0xfb16e613) x12 0xffffffb1
core   0: 0xffffffff800055fc (0x0193fcb3) and     s9, t2, s9
3 0x800055fc (0x0193fcb3) x25 0x42181000
core   0: 0xffffffff80005600 (0x017fdf33) srl     t5, t6, s7
3 0x80005600 (0x017fdf33) x30 0x00000001
core   0: 0xffffffff80005604 (0x00a8c633) xor     a2, a7, a0
3 0x80005604 (0x00a8c633) x12 0x71485680
core   0: 0xffffffff80005608 (0x40ccd0b3) sra     ra, s9, a2
3 0x80005608 (0x40ccd0b3) x 1 0x42181000
core   0: 0xffffffff8000560c (0xf3a2a693) slti    a3, t0, -198
3 0x8000560c (0xf3a2a693) x13 0x00000000
core   0: 0xffffffff80005610 (0x001a83b3) add     t2, s5, ra
3 0x80005610 (0x001a83b3) x 7 0x42181000
core   0: 0xffffffff80005614 (0x0160f6b3) and     a3, ra, s6
3 0x80005614 (0x0160f6b3) x13 0x40181000
core   0: 0xffffffff80005618 (0x0109bfb3) sltu    t6, s3, a6
3 0x80005618 (0x0109bfb3) x31 0x00000000
core   0: 0xffffffff8000561c (0x009fc233) xor     tp, t6, s1
3 0x8000561c (0x009fc233) x 4 0x80010e64
core   0: 0xffffffff80005620 (0xe6d7b193) sltiu   gp, a5, -403
3 0x80005620 (0xe6d7b193) x 3 0x00000001
core   0: 0xffffffff80005624 (0x40b48933) sub     s2, s1, a1
3 0x80005624 (0x40b48933) x18 0x8001100d
core   0: 0xffffffff80005628 (0x01f3f9b3) and     s3, t2, t6
3 0x80005628 (0x01f3f9b3) x19 0x00000000
core   0: 0xffffffff8000562c (0x3989fe93) andi    t4, s3, 920
3 0x8000562c (0x3989fe93) x29 0x00000000
core   0: 0xffffffff80005630 (0x0028d7b3) srl     a5, a7, sp
3 0x80005630 (0x0028d7b3) x15 0x0000023a
core   0: 0xffffffff80005634 (0x018b9793) slli    a5, s7, 24
3 0x80005634 (0x018b9793) x15 0x00000000
core   0: 0xffffffff80005638 (0xe573f593) andi    a1, t2, -425
3 0x80005638 (0xe573f593) x11 0x42181000
core   0: 0xffffffff8000563c (0x016ba433) slt     s0, s7, s6
3 0x8000563c (0x016ba433) x 8 0x00000000
core   0: 0xffffffff80005640 (0x60282637) lui     a2, 0x60282
3 0x80005640 (0x60282637) x12 0x60282000
core   0: 0xffffffff80005644 (0x4795ec37) lui     s8, 0x4795e
3 0x80005644 (0x4795ec37) x24 0x4795e000
core   0: 0xffffffff80005648 (0xf0504013) xori    zero, zero, -251
3 0x80005648 (0xf0504013)
core   0: 0xffffffff8000564c (0x4134d8b3) sra     a7, s1, s3
3 0x8000564c (0x4134d8b3) x17 0x80010e64
core   0: 0xffffffff80005650 (0x00b20f33) add     t5, tp, a1
3 0x80005650 (0x00b20f33) x30 0xc2191e64
core   0: 0xffffffff80005654 (0x403bddb3) sra     s11, s7, gp
3 0x80005654 (0x403bddb3) x27 0xf8903800
core   0: 0xffffffff80005658 (0x2eb47413) andi    s0, s0, 747
3 0x80005658 (0x2eb47413) x 8 0x00000000
core   0: 0xffffffff8000565c (0x00ffde13) srli    t3, t6, 15
3 0x8000565c (0x00ffde13) x28 0x00000000
core   0: 0xffffffff80005660 (0x01fa99b3) sll     s3, s5, t6
3 0x80005660 (0x01fa99b3) x19 0x00000000
core   0: 0xffffffff80005664 (0x00000013) nop
3 0x80005664 (0x00000013)
core   0: 0xffffffff80005668 (0x01b82833) slt     a6, a6, s11
3 0x80005668 (0x01b82833) x16 0x00000000
core   0: 0xffffffff8000566c (0xdec4e293) ori     t0, s1, -532
3 0x8000566c (0xdec4e293) x 5 0xffffffec
core   0: 0xffffffff80005670 (0x00dfc9b3) xor     s3, t6, a3
3 0x80005670 (0x00dfc9b3) x19 0x40181000
core   0: 0xffffffff80005674 (0x01f41293) slli    t0, s0, 31
3 0x80005674 (0x01f41293) x 5 0x00000000
core   0: 0xffffffff80005678 (0x01635593) srli    a1, t1, 22
3 0x80005678 (0x01635593) x11 0x00000000
core   0: 0xffffffff8000567c (0x01735e93) srli    t4, t1, 23
3 0x8000567c (0x01735e93) x29 0x00000000
core   0: 0xffffffff80005680 (0x0135d6b3) srl     a3, a1, s3
3 0x80005680 (0x0135d6b3) x13 0x00000000
core   0: 0xffffffff80005684 (0x30f10213) addi    tp, sp, 783
3 0x80005684 (0x30f10213) x 4 0x000005c5
core   0: 0xffffffff80005688 (0x00221513) slli    a0, tp, 2
3 0x80005688 (0x00221513) x10 0x00001714
core   0: 0xffffffff8000568c (0x00959c93) slli    s9, a1, 9
3 0x8000568c (0x00959c93) x25 0x00000000
core   0: 0xffffffff80005690 (0x0107c5b3) xor     a1, a5, a6
3 0x80005690 (0x0107c5b3) x11 0x00000000
core   0: 0xffffffff80005694 (0x22a11f97) auipc   t6, 0x22a11
3 0x80005694 (0x22a11f97) x31 0xa2a16694
core   0: 0xffffffff80005698 (0x41818933) sub     s2, gp, s8
3 0x80005698 (0x41818933) x18 0xb86a2001
core   0: 0xffffffff8000569c (0x012c1833) sll     a6, s8, s2
3 0x8000569c (0x012c1833) x16 0x8f2bc000
core   0: 0xffffffff800056a0 (0x21c2cb13) xori    s6, t0, 540
3 0x800056a0 (0x21c2cb13) x22 0x0000021c
core   0: 0xffffffff800056a4 (0x01741213) slli    tp, s0, 23
3 0x800056a4 (0x01741213) x 4 0x00000000
core   0: 0xffffffff800056a8 (0xef4f3f93) sltiu   t6, t5, -268
3 0x800056a8 (0xef4f3f93) x31 0x00000001
core   0: 0xffffffff800056ac (0xc2992393) slti    t2, s2, -983
3 0x800056ac (0xc2992393) x 7 0x00000001
core   0: 0xffffffff800056b0 (0x01304333) xor     t1, zero, s3
3 0x800056b0 (0x01304333) x 6 0x40181000
core   0: 0xffffffff800056b4 (0x8f43dc37) lui     s8, 0x8f43d
3 0x800056b4 (0x8f43dc37) x24 0x8f43d000
core   0: 0xffffffff800056b8 (0xe99cce93) xori    t4, s9, -359
3 0x800056b8 (0xe99cce93) x29 0xfffffe99
core   0: 0xffffffff800056bc (0xe6bd3293) sltiu   t0, s10, -405
3 0x800056bc (0xe6bd3293) x 5 0x00000001
core   0: 0xffffffff800056c0 (0x00474633) xor     a2, a4, tp
3 0x800056c0 (0x00474633) x12 0x00000000
core   0: 0xffffffff800056c4 (0x00690233) add     tp, s2, t1
3 0x800056c4 (0x00690233) x 4 0xf8823001
core   0: 0xffffffff800056c8 (0x010283b3) add     t2, t0, a6
3 0x800056c8 (0x010283b3) x 7 0x8f2bc001
core   0: 0xffffffff800056cc (0x99c40a97) auipc   s5, 0x99c40
3 0x800056cc (0x99c40a97) x21 0x19c456cc
core   0: 0xffffffff800056d0 (0x00000013) nop
3 0x800056d0 (0x00000013)
core   0: 0xffffffff800056d4 (0x0161eb33) or      s6, gp, s6
3 0x800056d4 (0x0161eb33) x22 0x0000021d
core   0: 0xffffffff800056d8 (0x41d3d593) srai    a1, t2, 29
3 0x800056d8 (0x41d3d593) x11 0xfffffffc
core   0: 0xffffffff800056dc (0x155ee213) ori     tp, t4, 341
3 0x800056dc (0x155ee213) x 4 0xffffffdd
core   0: 0xffffffff800056e0 (0x006703b3) add     t2, a4, t1
3 0x800056e0 (0x006703b3) x 7 0x40181000
core   0: 0xffffffff800056e4 (0x41465f13) srai    t5, a2, 20
3 0x800056e4 (0x41465f13) x30 0x00000000
core   0: 0xffffffff800056e8 (0x00ebe3b3) or      t2, s7, a4
3 0x800056e8 (0x00ebe3b3) x 7 0xf1207000
core   0: 0xffffffff800056ec (0xfff00c93) li      s9, -1
3 0x800056ec (0xfff00c93) x25 0xffffffff
core   0: 0xffffffff800056f0 (0x80000137) lui     sp, 0x80000
3 0x800056f0 (0x80000137) x 2 0x80000000
core   0: 0xffffffff800056f4 (0xfff00e93) li      t4, -1
3 0x800056f4 (0xfff00e93) x29 0xffffffff
core   0: 0xffffffff800056f8 (0x00000713) li      a4, 0
3 0x800056f8 (0x00000713) x14 0x00000000
core   0: 0xffffffff800056fc (0x80000937) lui     s2, 0x80000
3 0x800056fc (0x80000937) x18 0x80000000
core   0: 0xffffffff80005700 (0x80000e37) lui     t3, 0x80000
3 0x80005700 (0x80000e37) x28 0x80000000
core   0: 0xffffffff80005704 (0xfff00393) li      t2, -1
3 0x80005704 (0xfff00393) x 7 0xffffffff
core   0: 0xffffffff80005708 (0x80000db7) lui     s11, 0x80000
3 0x80005708 (0x80000db7) x27 0x80000000
core   0: 0xffffffff8000570c (0x00000b93) li      s7, 0
3 0x8000570c (0x00000b93) x23 0x00000000
core   0: 0xffffffff80005710 (0xb1bd78b7) lui     a7, 0xb1bd7
3 0x80005710 (0xb1bd78b7) x17 0xb1bd7000
core   0: 0xffffffff80005714 (0xd0988893) addi    a7, a7, -759
3 0x80005714 (0xd0988893) x17 0xb1bd6d09
core   0: 0xffffffff80005718 (0x65345e97) auipc   t4, 0x65345
3 0x80005718 (0x65345e97) x29 0xe534a718
core   0: 0xffffffff8000571c (0x00000013) nop
3 0x8000571c (0x00000013)
core   0: 0xffffffff80005720 (0x5f466897) auipc   a7, 0x5f466
3 0x80005720 (0x5f466897) x17 0xdf46b720
core   0: 0xffffffff80005724 (0xe52d0937) lui     s2, 0xe52d0
3 0x80005724 (0xe52d0937) x18 0xe52d0000
core   0: 0xffffffff80005728 (0x00000013) nop
3 0x80005728 (0x00000013)
core   0: 0xffffffff8000572c (0x2fef4c97) auipc   s9, 0x2fef4
3 0x8000572c (0x2fef4c97) x25 0xafef972c
core   0: 0xffffffff80005730 (0xba7a33b7) lui     t2, 0xba7a3
3 0x80005730 (0xba7a33b7) x 7 0xba7a3000
core   0: 0xffffffff80005734 (0x41c88cb3) sub     s9, a7, t3
3 0x80005734 (0x41c88cb3) x25 0x5f46b720
core   0: 0xffffffff80005738 (0x00000013) nop
3 0x80005738 (0x00000013)
core   0: 0xffffffff8000573c (0x8722a737) lui     a4, 0x8722a
3 0x8000573c (0x8722a737) x14 0x8722a000
core   0: 0xffffffff80005740 (0x1ded8113) addi    sp, s11, 478
3 0x80005740 (0x1ded8113) x 2 0x800001de
core   0: 0xffffffff80005744 (0x596198b7) lui     a7, 0x59619
3 0x80005744 (0x596198b7) x17 0x59619000
core   0: 0xffffffff80005748 (0x41d38e33) sub     t3, t2, t4
3 0x80005748 (0x41d38e33) x28 0xd54588e8
core   0: 0xffffffff8000574c (0x007e0e33) add     t3, t3, t2
3 0x8000574c (0x007e0e33) x28 0x8fbfb8e8
core   0: 0xffffffff80005750 (0xe2088913) addi    s2, a7, -480
3 0x80005750 (0xe2088913) x18 0x59618e20
core   0: 0xffffffff80005754 (0x00000013) nop
3 0x80005754 (0x00000013)
core   0: 0xffffffff80005758 (0xa019de37) lui     t3, 0xa019d
3 0x80005758 (0xa019de37) x28 0xa019d000
core   0: 0xffffffff8000575c (0x28388913) addi    s2, a7, 643
3 0x8000575c (0x28388913) x18 0x59619283
core   0: 0xffffffff80005760 (0xf3970d93) addi    s11, a4, -199
3 0x80005760 (0xf3970d93) x27 0x87229f39
core   0: 0xffffffff80005764 (0x9e5d9737) lui     a4, 0x9e5d9
3 0x80005764 (0x9e5d9737) x14 0x9e5d9000
core   0: 0xffffffff80005768 (0xfa210893) addi    a7, sp, -94
3 0x80005768 (0xfa210893) x17 0x80000180
core   0: 0xffffffff8000576c (0xfa710893) addi    a7, sp, -89
3 0x8000576c (0xfa710893) x17 0x80000185
core   0: 0xffffffff80005770 (0x01bb83b3) add     t2, s7, s11
3 0x80005770 (0x01bb83b3) x 7 0x87229f39
core   0: 0xffffffff80005774 (0x403f83b3) sub     t2, t6, gp
3 0x80005774 (0x403f83b3) x 7 0x00000000
core   0: 0xffffffff80005778 (0x00000013) nop
3 0x80005778 (0x00000013)
core   0: 0xffffffff8000577c (0x605dc117) auipc   sp, 0x605dc
3 0x8000577c (0x605dc117) x 2 0xe05e177c
core   0: 0xffffffff80005780 (0x01dc1713) slli    a4, s8, 29
3 0x80005780 (0x01dc1713) x14 0x00000000
core   0: 0xffffffff80005784 (0xeef3a213) slti    tp, t2, -273
3 0x80005784 (0xeef3a213) x 4 0x00000000
core   0: 0xffffffff80005788 (0x400bd933) sra     s2, s7, zero
3 0x80005788 (0x400bd933) x18 0x00000000
core   0: 0xffffffff8000578c (0x6a649117) auipc   sp, 0x6a649
3 0x8000578c (0x6a649117) x 2 0xea64e78c
core   0: 0xffffffff80005790 (0x00c8ebb3) or      s7, a7, a2
3 0x80005790 (0x00c8ebb3) x23 0x80000185
core   0: 0xffffffff80005794 (0x2f600393) li      t2, 758
3 0x80005794 (0x2f600393) x 7 0x000002f6
core   0: 0xffffffff80005798 (0x01745833) srl     a6, s0, s7
3 0x80005798 (0x01745833) x16 0x00000000
core   0: 0xffffffff8000579c (0x40d15b13) srai    s6, sp, 13
3 0x8000579c (0x40d15b13) x22 0xffff5327
core   0: 0xffffffff800057a0 (0x401ad8b3) sra     a7, s5, ra
3 0x800057a0 (0x401ad8b3) x17 0x19c456cc
core   0: 0xffffffff800057a4 (0xffb50793) addi    a5, a0, -5
3 0x800057a4 (0xffb50793) x15 0x0000170f
core   0: 0xffffffff800057a8 (0x18748117) auipc   sp, 0x18748
3 0x800057a8 (0x18748117) x 2 0x9874d7a8
core   0: 0xffffffff800057ac (0x0166d933) srl     s2, a3, s6
3 0x800057ac (0x0166d933) x18 0x00000000
core   0: 0xffffffff800057b0 (0x01c22bb3) slt     s7, tp, t3
3 0x800057b0 (0x01c22bb3) x23 0x00000000
core   0: 0xffffffff800057b4 (0x00bfe433) or      s0, t6, a1
3 0x800057b4 (0x00bfe433) x 8 0xfffffffd
core   0: 0xffffffff800057b8 (0xf6804513) xori    a0, zero, -152
3 0x800057b8 (0xf6804513) x10 0xffffff68
core   0: 0xffffffff800057bc (0x00000013) nop
3 0x800057bc (0x00000013)
core   0: 0xffffffff800057c0 (0x4006dcb3) sra     s9, a3, zero
3 0x800057c0 (0x4006dcb3) x25 0x00000000
core   0: 0xffffffff800057c4 (0xc2ceb593) sltiu   a1, t4, -980
3 0x800057c4 (0xc2ceb593) x11 0x00000001
core   0: 0xffffffff800057c8 (0xc0073993) sltiu   s3, a4, -1024
3 0x800057c8 (0xc0073993) x19 0x00000001
core   0: 0xffffffff800057cc (0x00267333) and     t1, a2, sp
3 0x800057cc (0x00267333) x 6 0x00000000
core   0: 0xffffffff800057d0 (0x012f0f33) add     t5, t5, s2
3 0x800057d0 (0x012f0f33) x30 0x00000000
core   0: 0xffffffff800057d4 (0x00b99c33) sll     s8, s3, a1
3 0x800057d4 (0x00b99c33) x24 0x00000002
core   0: 0xffffffff800057d8 (0x00000013) nop
3 0x800057d8 (0x00000013)
core   0: 0xffffffff800057dc (0x005706b3) add     a3, a4, t0
3 0x800057dc (0x005706b3) x13 0x00000001
core   0: 0xffffffff800057e0 (0x407c5233) sra     tp, s8, t2
3 0x800057e0 (0x407c5233) x 4 0x00000000
core   0: 0xffffffff800057e4 (0x3b6f0013) addi    zero, t5, 950
3 0x800057e4 (0x3b6f0013)
core   0: 0xffffffff800057e8 (0x0030bdb3) sltu    s11, ra, gp
3 0x800057e8 (0x0030bdb3) x27 0x00000000
core   0: 0xffffffff800057ec (0xcaf14413) xori    s0, sp, -849
3 0x800057ec (0xcaf14413) x 8 0x678b2b07
core   0: 0xffffffff800057f0 (0x00000013) nop
3 0x800057f0 (0x00000013)
core   0: 0xffffffff800057f4 (0xc1baf993) andi    s3, s5, -997
3 0x800057f4 (0xc1baf993) x19 0x19c45408
core   0: 0xffffffff800057f8 (0x004c6733) or      a4, s8, tp
3 0x800057f8 (0x004c6733) x14 0x00000002
core   0: 0xffffffff800057fc (0x00def033) and     zero, t4, a3
3 0x800057fc (0x00def033)
core   0: 0xffffffff80005800 (0x00000013) nop
3 0x80005800 (0x00000013)
core   0: 0xffffffff80005804 (0x402d53b3) sra     t2, s10, sp
3 0x80005804 (0x402d53b3) x 7 0xffd49225
core   0: 0xffffffff80005808 (0x410c0533) sub     a0, s8, a6
3 0x80005808 (0x410c0533) x10 0x00000002
core   0: 0xffffffff8000580c (0xa680b217) auipc   tp, 0xa680b
3 0x8000580c (0xa680b217) x 4 0x2681080c
core   0: 0xffffffff80005810 (0xda790217) auipc   tp, 0xda790
3 0x80005810 (0xda790217) x 4 0x5a795810
core   0: 0xffffffff80005814 (0x00000013) nop
3 0x80005814 (0x00000013)
core   0: 0xffffffff80005818 (0x1d08d937) lui     s2, 0x1d08d
3 0x80005818 (0x1d08d937) x18 0x1d08d000
core   0: 0xffffffff8000581c (0x01fd39b3) sltu    s3, s10, t6
3 0x8000581c (0x01fd39b3) x19 0x00000000
core   0: 0xffffffff80005820 (0x412e8ab3) sub     s5, t4, s2
3 0x80005820 (0x412e8ab3) x21 0xc82bd718
core   0: 0xffffffff80005824 (0x00bc18b3) sll     a7, s8, a1
3 0x80005824 (0x00bc18b3) x17 0x00000004
core   0: 0xffffffff80005828 (0x2d186193) ori     gp, a6, 721
3 0x80005828 (0x2d186193) x 3 0x000002d1
core   0: 0xffffffff8000582c (0xea1ea013) slti    zero, t4, -351
3 0x8000582c (0xea1ea013)
core   0: 0xffffffff80005830 (0x3ebd8213) addi    tp, s11, 1003
3 0x80005830 (0x3ebd8213) x 4 0x000003eb
core   0: 0xffffffff80005834 (0x01db7033) and     zero, s6, t4
3 0x80005834 (0x01db7033)
core   0: 0xffffffff80005838 (0x2835a593) slti    a1, a1, 643
3 0x80005838 (0x2835a593) x11 0x00000001
core   0: 0xffffffff8000583c (0xc57c4e97) auipc   t4, 0xc57c4
3 0x8000583c (0xc57c4e97) x29 0x457c983c
core   0: 0xffffffff80005840 (0x1da08b13) addi    s6, ra, 474
3 0x80005840 (0x1da08b13) x22 0x421811da
core   0: 0xffffffff80005844 (0x3e440b13) addi    s6, s0, 996
3 0x80005844 (0x3e440b13) x22 0x678b2eeb
core   0: 0xffffffff80005848 (0x01da5333) srl     t1, s4, t4
3 0x80005848 (0x01da5333) x 6 0x00000008
core   0: 0xffffffff8000584c (0x0009bbb3) sltu    s7, s3, zero
3 0x8000584c (0x0009bbb3) x23 0x00000000
core   0: 0xffffffff80005850 (0x01aecbb3) xor     s7, t4, s10
3 0x80005850 (0x01aecbb3) x23 0x91eebd5b
core   0: 0xffffffff80005854 (0x01652933) slt     s2, a0, s6
3 0x80005854 (0x01652933) x18 0x00000001
core   0: 0xffffffff80005858 (0x0080a5b3) slt     a1, ra, s0
3 0x80005858 (0x0080a5b3) x11 0x00000001
core   0: 0xffffffff8000585c (0x016c12b3) sll     t0, s8, s6
3 0x8000585c (0x016c12b3) x 5 0x00001000
core   0: 0xffffffff80005860 (0x00000013) nop
3 0x80005860 (0x00000013)
core   0: 0xffffffff80005864 (0x01573533) sltu    a0, a4, s5
3 0x80005864 (0x01573533) x10 0x00000001
core   0: 0xffffffff80005868 (0x0b350093) addi    ra, a0, 179
3 0x80005868 (0x0b350093) x 1 0x000000b4
core   0: 0xffffffff8000586c (0xf15b1b97) auipc   s7, 0xf15b1
3 0x8000586c (0xf15b1b97) x23 0x715b686c
core   0: 0xffffffff80005870 (0xfd6b6717) auipc   a4, 0xfd6b6
3 0x80005870 (0xfd6b6717) x14 0x7d6bb870
core   0: 0xffffffff80005874 (0xe3bf8c93) addi    s9, t6, -453
3 0x80005874 (0xe3bf8c93) x25 0xfffffe3c
core   0: 0xffffffff80005878 (0x413c09b3) sub     s3, s8, s3
3 0x80005878 (0x413c09b3) x19 0x00000002
core   0: 0xffffffff8000587c (0x00f76ab3) or      s5, a4, a5
3 0x8000587c (0x00f76ab3) x21 0x7d6bbf7f
core   0: 0xffffffff80005880 (0xdeb5b993) sltiu   s3, a1, -533
3 0x80005880 (0xdeb5b993) x19 0x00000001
core   0: 0xffffffff80005884 (0x00f2fb33) and     s6, t0, a5
3 0x80005884 (0x00f2fb33) x22 0x00001000
core   0: 0xffffffff80005888 (0x8514d617) auipc   a2, 0x8514d
3 0x80005888 (0x8514d617) x12 0x05152888
core   0: 0xffffffff8000588c (0xa1620a97) auipc   s5, 0xa1620
3 0x8000588c (0xa1620a97) x21 0x2162588c
core   0: 0xffffffff80005890 (0xf4ba6813) ori     a6, s4, -181
3 0x80005890 (0xf4ba6813) x16 0xffffffef
core   0: 0xffffffff80005894 (0x01ae1213) slli    tp, t3, 26
3 0x80005894 (0x01ae1213) x 4 0x00000000
core   0: 0xffffffff80005898 (0x009c2933) slt     s2, s8, s1
3 0x80005898 (0x009c2933) x18 0x00000000
core   0: 0xffffffff8000589c (0xe099f913) andi    s2, s3, -503
3 0x8000589c (0xe099f913) x18 0x00000001
core   0: 0xffffffff800058a0 (0x287cab93) slti    s7, s9, 647
3 0x800058a0 (0x287cab93) x23 0x00000001
core   0: 0xffffffff800058a4 (0xd4807d93) andi    s11, zero, -696
3 0x800058a4 (0xd4807d93) x27 0x00000000
core   0: 0xffffffff800058a8 (0x017b4433) xor     s0, s6, s7
3 0x800058a8 (0x017b4433) x 8 0x00001001
core   0: 0xffffffff800058ac (0x2abdce93) xori    t4, s11, 683
3 0x800058ac (0x2abdce93) x29 0x000002ab
core   0: 0xffffffff800058b0 (0x3faece13) xori    t3, t4, 1018
3 0x800058b0 (0x3faece13) x28 0x00000151
core   0: 0xffffffff800058b4 (0x996b4637) lui     a2, 0x996b4
3 0x800058b4 (0x996b4637) x12 0x996b4000
core   0: 0xffffffff800058b8 (0x1aa60c97) auipc   s9, 0x1aa60
3 0x800058b8 (0x1aa60c97) x25 0x9aa658b8
core   0: 0xffffffff800058bc (0x00000013) nop
3 0x800058bc (0x00000013)
core   0: 0xffffffff800058c0 (0x404d5933) sra     s2, s10, tp
3 0x800058c0 (0x404d5933) x18 0xd4922567
core   0: 0xffffffff800058c4 (0x247b0393) addi    t2, s6, 583
3 0x800058c4 (0x247b0393) x 7 0x00001247
core   0: 0xffffffff800058c8 (0xe1ae4c37) lui     s8, 0xe1ae4
3 0x800058c8 (0xe1ae4c37) x24 0xe1ae4000
core   0: 0xffffffff800058cc (0x014251b3) srl     gp, tp, s4
3 0x800058cc (0x014251b3) x 3 0x00000000
core   0: 0xffffffff800058d0 (0x40145eb3) sra     t4, s0, ra
3 0x800058d0 (0x40145eb3) x29 0x00000000
core   0: 0xffffffff800058d4 (0x02274593) xori    a1, a4, 34
3 0x800058d4 (0x02274593) x11 0x7d6bb852
core   0: 0xffffffff800058d8 (0x00f95e13) srli    t3, s2, 15
3 0x800058d8 (0x00f95e13) x28 0x0001a924
core   0: 0xffffffff800058dc (0x0035f993) andi    s3, a1, 3
3 0x800058dc (0x0035f993) x19 0x00000002
core   0: 0xffffffff800058e0 (0x019159b3) srl     s3, sp, s9
3 0x800058e0 (0x019159b3) x19 0x00000098
core   0: 0xffffffff800058e4 (0x017bd3b3) srl     t2, s7, s7
3 0x800058e4 (0x017bd3b3) x 7 0x00000000
core   0: 0xffffffff800058e8 (0x0103a2b3) slt     t0, t2, a6
3 0x800058e8 (0x0103a2b3) x 5 0x00000000
core   0: 0xffffffff800058ec (0x0e284713) xori    a4, a6, 226
3 0x800058ec (0x0e284713) x14 0xffffff0d
core   0: 0xffffffff800058f0 (0x00000013) nop
3 0x800058f0 (0x00000013)
core   0: 0xffffffff800058f4 (0x0079f2b3) and     t0, s3, t2
3 0x800058f4 (0x0079f2b3) x 5 0x00000000
core   0: 0xffffffff800058f8 (0x2a562693) slti    a3, a2, 677
3 0x800058f8 (0x2a562693) x13 0x00000001
core   0: 0xffffffff800058fc (0x009e9cb3) sll     s9, t4, s1
3 0x800058fc (0x009e9cb3) x25 0x00000000
core   0: 0xffffffff80005900 (0x4039ddb3) sra     s11, s3, gp
3 0x80005900 (0x4039ddb3) x27 0x00000098
core   0: 0xffffffff80005904 (0x008597b3) sll     a5, a1, s0
3 0x80005904 (0x008597b3) x15 0xfad770a4
core   0: 0xffffffff80005908 (0x0028d693) srli    a3, a7, 2
3 0x80005908 (0x0028d693) x13 0x00000001
core   0: 0xffffffff8000590c (0xdb0f8593) addi    a1, t6, -592
3 0x8000590c (0xdb0f8593) x11 0xfffffdb1
core   0: 0xffffffff80005910 (0x2117eb13) ori     s6, a5, 529
3 0x80005910 (0x2117eb13) x22 0xfad772b5
core   0: 0xffffffff80005914 (0xc0ab2b93) slti    s7, s6, -1014
3 0x80005914 (0xc0ab2b93) x23 0x00000001
core   0: 0xffffffff80005918 (0x01040333) add     t1, s0, a6
3 0x80005918 (0x01040333) x 6 0x00000ff0
core   0: 0xffffffff8000591c (0x01a33cb3) sltu    s9, t1, s10
3 0x8000591c (0x01a33cb3) x25 0x00000001
core   0: 0xffffffff80005920 (0x37668b93) addi    s7, a3, 886
3 0x80005920 (0x37668b93) x23 0x00000377
core   0: 0xffffffff80005924 (0x011acdb3) xor     s11, s5, a7
3 0x80005924 (0x011acdb3) x27 0x21625888
core   0: 0xffffffff80005928 (0x016ec6b3) xor     a3, t4, s6
3 0x80005928 (0x016ec6b3) x13 0xfad772b5
core   0: 0xffffffff8000592c (0x000eef33) or      t5, t4, zero
3 0x8000592c (0x000eef33) x30 0x00000000
core   0: 0xffffffff80005930 (0x41b28c33) sub     s8, t0, s11
3 0x80005930 (0x41b28c33) x24 0xde9da778
core   0: 0xffffffff80005934 (0x00b34833) xor     a6, t1, a1
3 0x80005934 (0x00b34833) x16 0xfffff241
core   0: 0xffffffff80005938 (0x3e40f313) andi    t1, ra, 996
3 0x80005938 (0x3e40f313) x 6 0x000000a4
core   0: 0xffffffff8000593c (0x4173d3b3) sra     t2, t2, s7
3 0x8000593c (0x4173d3b3) x 7 0x00000000
core   0: 0xffffffff80005940 (0x01a9cdb3) xor     s11, s3, s10
3 0x80005940 (0x01a9cdb3) x27 0xd49225ff
core   0: 0xffffffff80005944 (0x00000013) nop
3 0x80005944 (0x00000013)
core   0: 0xffffffff80005948 (0x401f5793) srai    a5, t5, 1
3 0x80005948 (0x401f5793) x15 0x00000000
core   0: 0xffffffff8000594c (0x0121ffb3) and     t6, gp, s2
3 0x8000594c (0x0121ffb3) x31 0x00000000
core   0: 0xffffffff80005950 (0x01139793) slli    a5, t2, 17
3 0x80005950 (0x01139793) x15 0x00000000
core   0: 0xffffffff80005954 (0xd8193213) sltiu   tp, s2, -639
3 0x80005954 (0xd8193213) x 4 0x00000001
core   0: 0xffffffff80005958 (0x01925733) srl     a4, tp, s9
3 0x80005958 (0x01925733) x14 0x00000000
core   0: 0xffffffff8000595c (0x40f6dfb3) sra     t6, a3, a5
3 0x8000595c (0x40f6dfb3) x31 0xfad772b5
core   0: 0xffffffff80005960 (0x29443713) sltiu   a4, s0, 660
3 0x80005960 (0x29443713) x14 0x00000000
core   0: 0xffffffff80005964 (0x000deb33) or      s6, s11, zero
3 0x80005964 (0x000deb33) x22 0xd49225ff
core   0: 0xffffffff80005968 (0x002019b3) sll     s3, zero, sp
3 0x80005968 (0x002019b3) x19 0x00000000
core   0: 0xffffffff8000596c (0x409d5533) sra     a0, s10, s1
3 0x8000596c (0x409d5533) x10 0xfd492256
core   0: 0xffffffff80005970 (0x00000013) nop
3 0x80005970 (0x00000013)
core   0: 0xffffffff80005974 (0x41b3ddb3) sra     s11, t2, s11
3 0x80005974 (0x41b3ddb3) x27 0x00000000
core   0: 0xffffffff80005978 (0x001e51b3) srl     gp, t3, ra
3 0x80005978 (0x001e51b3) x 3 0x00000000
core   0: 0xffffffff8000597c (0x019f8f33) add     t5, t6, s9
3 0x8000597c (0x019f8f33) x30 0xfad772b6
core   0: 0xffffffff80005980 (0xe46e2713) slti    a4, t3, -442
3 0x80005980 (0xe46e2713) x14 0x00000000
core   0: 0xffffffff80005984 (0x00ebcdb3) xor     s11, s7, a4
3 0x80005984 (0x00ebcdb3) x27 0x00000377
core   0: 0xffffffff80005988 (0x00a323b3) slt     t2, t1, a0
3 0x80005988 (0x00a323b3) x 7 0x00000000
core   0: 0xffffffff8000598c (0x011f79b3) and     s3, t5, a7
3 0x8000598c (0x011f79b3) x19 0x00000004
core   0: 0xffffffff80005990 (0xc96c3017) auipc   zero, 0xc96c3
3 0x80005990 (0xc96c3017)
core   0: 0xffffffff80005994 (0x00000013) nop
3 0x80005994 (0x00000013)
core   0: 0xffffffff80005998 (0x40245e13) srai    t3, s0, 2
3 0x80005998 (0x40245e13) x28 0x00000400
core   0: 0xffffffff8000599c (0x00b491b3) sll     gp, s1, a1
3 0x8000599c (0x00b491b3) x 3 0x1cc80000
core   0: 0xffffffff800059a0 (0x00e49793) slli    a5, s1, 14
3 0x800059a0 (0x00e49793) x15 0x43990000
core   0: 0xffffffff800059a4 (0x00d14fb3) xor     t6, sp, a3
3 0x800059a4 (0x00d14fb3) x31 0x62a3a51d
core   0: 0xffffffff800059a8 (0x1d34c813) xori    a6, s1, 467
3 0x800059a8 (0x1d34c813) x16 0x80010fb7
core   0: 0xffffffff800059ac (0x01e528b3) slt     a7, a0, t5
3 0x800059ac (0x01e528b3) x17 0x00000000
core   0: 0xffffffff800059b0 (0x41825513) srai    a0, tp, 24
3 0x800059b0 (0x41825513) x10 0x00000000
core   0: 0xffffffff800059b4 (0x00f85bb3) srl     s7, a6, a5
3 0x800059b4 (0x00f85bb3) x23 0x80010fb7
core   0: 0xffffffff800059b8 (0x005648b3) xor     a7, a2, t0
3 0x800059b8 (0x005648b3) x17 0x996b4000
core   0: 0xffffffff800059bc (0x1be67513) andi    a0, a2, 446
3 0x800059bc (0x1be67513) x10 0x00000000
core   0: 0xffffffff800059c0 (0x414d5c13) srai    s8, s10, 20
3 0x800059c0 (0x414d5c13) x24 0xfffffd49
core   0: 0xffffffff800059c4 (0x01540133) add     sp, s0, s5
3 0x800059c4 (0x01540133) x 2 0x2162688d
core   0: 0xffffffff800059c8 (0x00000013) nop
3 0x800059c8 (0x00000013)
core   0: 0xffffffff800059cc (0x0045c833) xor     a6, a1, tp
3 0x800059cc (0x0045c833) x16 0xfffffdb0
core   0: 0xffffffff800059d0 (0x01873ab3) sltu    s5, a4, s8
3 0x800059d0 (0x01873ab3) x21 0x00000001
core   0: 0xffffffff800059d4 (0xe8308e93) addi    t4, ra, -381
3 0x800059d4 (0xe8308e93) x29 0xffffff37
core   0: 0xffffffff800059d8 (0x01208f33) add     t5, ra, s2
3 0x800059d8 (0x01208f33) x30 0xd492261b
core   0: 0xffffffff800059dc (0x407d0db3) sub     s11, s10, t2
3 0x800059dc (0x407d0db3) x27 0xd4922567
core   0: 0xffffffff800059e0 (0xa4dc4217) auipc   tp, 0xa4dc4
3 0x800059e0 (0xa4dc4217) x 4 0x24dc99e0
core   0: 0xffffffff800059e4 (0x01355fb3) srl     t6, a0, s3
3 0x800059e4 (0x01355fb3) x31 0x00000000
core   0: 0xffffffff800059e8 (0x00000013) nop
3 0x800059e8 (0x00000013)
core   0: 0xffffffff800059ec (0x2c0a9137) lui     sp, 0x2c0a9
3 0x800059ec (0x2c0a9137) x 2 0x2c0a9000
core   0: 0xffffffff800059f0 (0x017d52b3) srl     t0, s10, s7
3 0x800059f0 (0x017d52b3) x 5 0x000001a9
core   0: 0xffffffff800059f4 (0x01164033) xor     zero, a2, a7
3 0x800059f4 (0x01164033)
core   0: 0xffffffff800059f8 (0x39107217) auipc   tp, 0x39107
3 0x800059f8 (0x39107217) x 4 0xb910c9f8
core   0: 0xffffffff800059fc (0x405dd913) srai    s2, s11, 5
3 0x800059fc (0x405dd913) x18 0xfea4912b
core   0: 0xffffffff80005a00 (0x00cf99b3) sll     s3, t6, a2
3 0x80005a00 (0x00cf99b3) x19 0x00000000
core   0: 0xffffffff80005a04 (0x41cdd213) srai    tp, s11, 28
3 0x80005a04 (0x41cdd213) x 4 0xfffffffd
core   0: 0xffffffff80005a08 (0x41c85013) srai    zero, a6, 28
3 0x80005a08 (0x41c85013)
core   0: 0xffffffff80005a0c (0xc92f2e93) slti    t4, t5, -878
3 0x80005a0c (0xc92f2e93) x29 0x00000001
core   0: 0xffffffff80005a10 (0x008a71b3) and     gp, s4, s0
3 0x80005a10 (0x008a71b3) x 3 0x00000000
core   0: 0xffffffff80005a14 (0x3cf52c93) slti    s9, a0, 975
3 0x80005a14 (0x3cf52c93) x25 0x00000001
core   0: 0xffffffff80005a18 (0x0116d693) srli    a3, a3, 17
3 0x80005a18 (0x0116d693) x13 0x00007d6b
core   0: 0xffffffff80005a1c (0x41e78133) sub     sp, a5, t5
3 0x80005a1c (0x41e78133) x 2 0x6f06d9e5
core   0: 0xffffffff80005a20 (0x41438233) sub     tp, t2, s4
3 0x80005a20 (0x41438233) x 4 0x7ffeb31c
core   0: 0xffffffff80005a24 (0x1b5fea93) ori     s5, t6, 437
3 0x80005a24 (0x1b5fea93) x21 0x000001b5
core   0: 0xffffffff80005a28 (0x35e33217) auipc   tp, 0x35e33
3 0x80005a28 (0x35e33217) x 4 0xb5e38a28
core   0: 0xffffffff80005a2c (0xd29ad097) auipc   ra, 0xd29ad
3 0x80005a2c (0xd29ad097) x 1 0x529b2a2c
core   0: 0xffffffff80005a30 (0x4bb7be17) auipc   t3, 0x4bb7b
3 0x80005a30 (0x4bb7be17) x28 0xcbb80a30
core   0: 0xffffffff80005a34 (0x0199e733) or      a4, s3, s9
3 0x80005a34 (0x0199e733) x14 0x00000001
core   0: 0xffffffff80005a38 (0x00302833) slt     a6, zero, gp
3 0x80005a38 (0x00302833) x16 0x00000000
core   0: 0xffffffff80005a3c (0x008b1213) slli    tp, s6, 8
3 0x80005a3c (0x008b1213) x 4 0x9225ff00
core   0: 0xffffffff80005a40 (0x019ac8b3) xor     a7, s5, s9
3 0x80005a40 (0x019ac8b3) x17 0x000001b4
core   0: 0xffffffff80005a44 (0x21e9e393) ori     t2, s3, 542
3 0x80005a44 (0x21e9e393) x 7 0x0000021e
core   0: 0xffffffff80005a48 (0x3e5ec413) xori    s0, t4, 997
3 0x80005a48 (0x3e5ec413) x 8 0x000003e4
core   0: 0xffffffff80005a4c (0xe7980a93) addi    s5, a6, -391
3 0x80005a4c (0xe7980a93) x21 0xfffffe79
core   0: 0xffffffff80005a50 (0x03657f13) andi    t5, a0, 54
3 0x80005a50 (0x03657f13) x30 0x00000000
core   0: 0xffffffff80005a54 (0x246f3b93) sltiu   s7, t5, 582
3 0x80005a54 (0x246f3b93) x23 0x00000001
core   0: 0xffffffff80005a58 (0x3670ff93) andi    t6, ra, 871
3 0x80005a58 (0x3670ff93) x31 0x00000224
core   0: 0xffffffff80005a5c (0x01dde333) or      t1, s11, t4
3 0x80005a5c (0x01dde333) x 6 0xd4922567
core   0: 0xffffffff80005a60 (0xfa478793) addi    a5, a5, -92
3 0x80005a60 (0xfa478793) x15 0x4398ffa4
core   0: 0xffffffff80005a64 (0xefe60db7) lui     s11, 0xefe60
3 0x80005a64 (0xefe60db7) x27 0xefe60000
core   0: 0xffffffff80005a68 (0x005646b3) xor     a3, a2, t0
3 0x80005a68 (0x005646b3) x13 0x996b41a9
core   0: 0xffffffff80005a6c (0x004ff033) and     zero, t6, tp
3 0x80005a6c (0x004ff033)
core   0: 0xffffffff80005a70 (0x0086d033) srl     zero, a3, s0
3 0x80005a70 (0x0086d033)
core   0: 0xffffffff80005a74 (0xd04c2513) slti    a0, s8, -764
3 0x80005a74 (0xd04c2513) x10 0x00000000
core   0: 0xffffffff80005a78 (0x004f83b3) add     t2, t6, tp
3 0x80005a78 (0x004f83b3) x 7 0x92260124
core   0: 0xffffffff80005a7c (0xa7761c97) auipc   s9, 0xa7761
3 0x80005a7c (0xa7761c97) x25 0x27766a7c
core   0: 0xffffffff80005a80 (0x00b067b3) or      a5, zero, a1
3 0x80005a80 (0x00b067b3) x15 0xfffffdb1
core   0: 0xffffffff80005a84 (0x2f066993) ori     s3, a2, 752
3 0x80005a84 (0x2f066993) x19 0x996b42f0
core   0: 0xffffffff80005a88 (0x294c0d93) addi    s11, s8, 660
3 0x80005a88 (0x294c0d93) x27 0xffffffdd
core   0: 0xffffffff80005a8c (0x089abf93) sltiu   t6, s5, 137
3 0x80005a8c (0x089abf93) x31 0x00000000
core   0: 0xffffffff80005a90 (0xe21dfc93) andi    s9, s11, -479
3 0x80005a90 (0xe21dfc93) x25 0xfffffe01
core   0: 0xffffffff80005a94 (0xf0283593) sltiu   a1, a6, -254
3 0x80005a94 (0xf0283593) x11 0x00000001
core   0: 0xffffffff80005a98 (0xe70d7313) andi    t1, s10, -400
3 0x80005a98 (0xe70d7313) x 6 0xd4922460
core   0: 0xffffffff80005a9c (0x00000013) nop
3 0x80005a9c (0x00000013)
core   0: 0xffffffff80005aa0 (0x00000013) nop
3 0x80005aa0 (0x00000013)
core   0: 0xffffffff80005aa4 (0x01e4f033) and     zero, s1, t5
3 0x80005aa4 (0x01e4f033)
core   0: 0xffffffff80005aa8 (0xf9462993) slti    s3, a2, -108
3 0x80005aa8 (0xf9462993) x19 0x00000001
core   0: 0xffffffff80005aac (0xe5d12617) auipc   a2, 0xe5d12
3 0x80005aac (0xe5d12617) x12 0x65d17aac
core   0: 0xffffffff80005ab0 (0x01c85d93) srli    s11, a6, 28
3 0x80005ab0 (0x01c85d93) x27 0x00000000
core   0: 0xffffffff80005ab4 (0x00319693) slli    a3, gp, 3
3 0x80005ab4 (0x00319693) x13 0x00000000
core   0: 0xffffffff80005ab8 (0xe1cc5b97) auipc   s7, 0xe1cc5
3 0x80005ab8 (0xe1cc5b97) x23 0x61ccaab8
core   0: 0xffffffff80005abc (0x4160d593) srai    a1, ra, 22
3 0x80005abc (0x4160d593) x11 0x0000014a
core   0: 0xffffffff80005ac0 (0x00204833) xor     a6, zero, sp
3 0x80005ac0 (0x00204833) x16 0x6f06d9e5
core   0: 0xffffffff80005ac4 (0x013a2f33) slt     t5, s4, s3
3 0x80005ac4 (0x013a2f33) x30 0x00000001
core   0: 0xffffffff80005ac8 (0x013f11b3) sll     gp, t5, s3
3 0x80005ac8 (0x013f11b3) x 3 0x00000002
core   0: 0xffffffff80005acc (0x01490ab3) add     s5, s2, s4
3 0x80005acc (0x01490ab3) x21 0x7ea5de0f
core   0: 0xffffffff80005ad0 (0xc16c8093) addi    ra, s9, -1002
3 0x80005ad0 (0xc16c8093) x 1 0xfffffa17
core   0: 0xffffffff80005ad4 (0x006778b3) and     a7, a4, t1
3 0x80005ad4 (0x006778b3) x17 0x00000000
core   0: 0xffffffff80005ad8 (0x36ea5b17) auipc   s6, 0x36ea5
3 0x80005ad8 (0x36ea5b17) x22 0xb6eaaad8
core   0: 0xffffffff80005adc (0x0190dd93) srli    s11, ra, 25
3 0x80005adc (0x0190dd93) x27 0x0000007f
core   0: 0xffffffff80005ae0 (0x13078513) addi    a0, a5, 304
3 0x80005ae0 (0x13078513) x10 0xfffffee1
core   0: 0xffffffff80005ae4 (0x409f5e13) srai    t3, t5, 9
3 0x80005ae4 (0x409f5e13) x28 0x00000000
core   0: 0xffffffff80005ae8 (0x1be66f93) ori     t6, a2, 446
3 0x80005ae8 (0x1be66f93) x31 0x65d17bbe
core   0: 0xffffffff80005aec (0x0031e133) or      sp, gp, gp
3 0x80005aec (0x0031e133) x 2 0x00000002
core   0: 0xffffffff80005af0 (0x01112db3) slt     s11, sp, a7
3 0x80005af0 (0x01112db3) x27 0x00000000
core   0: 0xffffffff80005af4 (0x01e959b3) srl     s3, s2, t5
3 0x80005af4 (0x01e959b3) x19 0x7f524895
core   0: 0xffffffff80005af8 (0x0125a333) slt     t1, a1, s2
3 0x80005af8 (0x0125a333) x 6 0x00000000
core   0: 0xffffffff80005afc (0xce6731b7) lui     gp, 0xce673
3 0x80005afc (0xce6731b7) x 3 0xce673000
core   0: 0xffffffff80005b00 (0x1dc27413) andi    s0, tp, 476
3 0x80005b00 (0x1dc27413) x 8 0x00000100
core   0: 0xffffffff80005b04 (0x0023fb33) and     s6, t2, sp
3 0x80005b04 (0x0023fb33) x22 0x00000000
core   0: 0xffffffff80005b08 (0x000c29b3) slt     s3, s8, zero
3 0x80005b08 (0x000c29b3) x19 0x00000001
core   0: 0xffffffff80005b0c (0x3bdce193) ori     gp, s9, 957
3 0x80005b0c (0x3bdce193) x 3 0xffffffbd
core   0: 0xffffffff80005b10 (0xf2b8e993) ori     s3, a7, -213
3 0x80005b10 (0xf2b8e993) x19 0xffffff2b
core   0: 0xffffffff80005b14 (0x212e6613) ori     a2, t3, 530
3 0x80005b14 (0x212e6613) x12 0x00000212
core   0: 0xffffffff80005b18 (0x008342b3) xor     t0, t1, s0
3 0x80005b18 (0x008342b3) x 5 0x00000100
core   0: 0xffffffff80005b1c (0x00f189b3) add     s3, gp, a5
3 0x80005b1c (0x00f189b3) x19 0xfffffd6e
core   0: 0xffffffff80005b20 (0x2336cf93) xori    t6, a3, 563
3 0x80005b20 (0x2336cf93) x31 0x00000233
core   0: 0xffffffff80005b24 (0x00f1edb3) or      s11, gp, a5
3 0x80005b24 (0x00f1edb3) x27 0xffffffbd
core   0: 0xffffffff80005b28 (0x712509b7) lui     s3, 0x71250
3 0x80005b28 (0x712509b7) x19 0x71250000
core   0: 0xffffffff80005b2c (0x000467b3) or      a5, s0, zero
3 0x80005b2c (0x000467b3) x15 0x00000100
core   0: 0xffffffff80005b30 (0x008e9093) slli    ra, t4, 8
3 0x80005b30 (0x008e9093) x 1 0x00000100
core   0: 0xffffffff80005b34 (0x2bc4ce93) xori    t4, s1, 700
3 0x80005b34 (0x2bc4ce93) x29 0x80010cd8
core   0: 0xffffffff80005b38 (0x013512b3) sll     t0, a0, s3
3 0x80005b38 (0x013512b3) x 5 0xfffffee1
core   0: 0xffffffff80005b3c (0x01ec1693) slli    a3, s8, 30
3 0x80005b3c (0x01ec1693) x13 0x40000000
core   0: 0xffffffff80005b40 (0xd8a5fe93) andi    t4, a1, -630
3 0x80005b40 (0xd8a5fe93) x29 0x0000010a
core   0: 0xffffffff80005b44 (0x00a0d993) srli    s3, ra, 10
3 0x80005b44 (0x00a0d993) x19 0x00000000
core   0: 0xffffffff80005b48 (0x40a306b3) sub     a3, t1, a0
3 0x80005b48 (0x40a306b3) x13 0x0000011f
core   0: 0xffffffff80005b4c (0x01fb9013) slli    zero, s7, 31
3 0x80005b4c (0x01fb9013)
core   0: 0xffffffff80005b50 (0x01a81213) slli    tp, a6, 26
3 0x80005b50 (0x01a81213) x 4 0x94000000
core   0: 0xffffffff80005b54 (0x00131fb3) sll     t6, t1, ra
3 0x80005b54 (0x00131fb3) x31 0x00000000
core   0: 0xffffffff80005b58 (0x0030ef33) or      t5, ra, gp
3 0x80005b58 (0x0030ef33) x30 0xffffffbd
core   0: 0xffffffff80005b5c (0x40d7d113) srai    sp, a5, 13
3 0x80005b5c (0x40d7d113) x 2 0x00000000
core   0: 0xffffffff80005b60 (0x000708b3) add     a7, a4, zero
3 0x80005b60 (0x000708b3) x17 0x00000001
core   0: 0xffffffff80005b64 (0x19dce713) ori     a4, s9, 413
3 0x80005b64 (0x19dce713) x14 0xffffff9d
core   0: 0xffffffff80005b68 (0x0070c833) xor     a6, ra, t2
3 0x80005b68 (0x0070c833) x16 0x92260024
core   0: 0xffffffff80005b6c (0x0e430813) addi    a6, t1, 228
3 0x80005b6c (0x0e430813) x16 0x000000e4
core   0: 0xffffffff80005b70 (0x0112a6b3) slt     a3, t0, a7
3 0x80005b70 (0x0112a6b3) x13 0x00000001
core   0: 0xffffffff80005b74 (0x3e762413) slti    s0, a2, 999
3 0x80005b74 (0x3e762413) x 8 0x00000001
core   0: 0xffffffff80005b78 (0xd3c1ea93) ori     s5, gp, -708
3 0x80005b78 (0xd3c1ea93) x21 0xffffffbd
core   0: 0xffffffff80005b7c (0xcfaa3c13) sltiu   s8, s4, -774
3 0x80005b7c (0xcfaa3c13) x24 0x00000001
core   0: 0xffffffff80005b80 (0x40c9d3b3) sra     t2, s3, a2
3 0x80005b80 (0x40c9d3b3) x 7 0x00000000
core   0: 0xffffffff80005b84 (0x129a0413) addi    s0, s4, 297
3 0x80005b84 (0x129a0413) x 8 0x80014e0d
core   0: 0xffffffff80005b88 (0xf423fe93) andi    t4, t2, -190
3 0x80005b88 (0xf423fe93) x29 0x00000000
core   0: 0xffffffff80005b8c (0x00114133) xor     sp, sp, ra
3 0x80005b8c (0x00114133) x 2 0x00000100
core   0: 0xffffffff80005b90 (0x010c9433) sll     s0, s9, a6
3 0x80005b90 (0x010c9433) x 8 0xffffe010
core   0: 0xffffffff80005b94 (0x000e3f33) sltu    t5, t3, zero
3 0x80005b94 (0x000e3f33) x30 0x00000000
core   0: 0xffffffff80005b98 (0x00bdef33) or      t5, s11, a1
3 0x80005b98 (0x00bdef33) x30 0xffffffff
core   0: 0xffffffff80005b9c (0x0a013613) sltiu   a2, sp, 160
3 0x80005b9c (0x0a013613) x12 0x00000000
core   0: 0xffffffff80005ba0 (0xc9a73837) lui     a6, 0xc9a73
3 0x80005ba0 (0xc9a73837) x16 0xc9a73000
core   0: 0xffffffff80005ba4 (0x01813ab3) sltu    s5, sp, s8
3 0x80005ba4 (0x01813ab3) x21 0x00000000
core   0: 0xffffffff80005ba8 (0x00b3ce33) xor     t3, t2, a1
3 0x80005ba8 (0x00b3ce33) x28 0x0000014a
core   0: 0xffffffff80005bac (0x40955513) srai    a0, a0, 9
3 0x80005bac (0x40955513) x10 0xffffffff
core   0: 0xffffffff80005bb0 (0x00d1d433) srl     s0, gp, a3
3 0x80005bb0 (0x00d1d433) x 8 0x7fffffde
core   0: 0xffffffff80005bb4 (0x85487397) auipc   t2, 0x85487
3 0x80005bb4 (0x85487397) x 7 0x0548cbb4
core   0: 0xffffffff80005bb8 (0x0142da93) srli    s5, t0, 20
3 0x80005bb8 (0x0142da93) x21 0x00000fff
core   0: 0xffffffff80005bbc (0x00368db3) add     s11, a3, gp
3 0x80005bbc (0x00368db3) x27 0xffffffbe
core   0: 0xffffffff80005bc0 (0x007ed633) srl     a2, t4, t2
3 0x80005bc0 (0x007ed633) x12 0x00000000
core   0: 0xffffffff80005bc4 (0x1245eb13) ori     s6, a1, 292
3 0x80005bc4 (0x1245eb13) x22 0x0000016e
core   0: 0xffffffff80005bc8 (0x88f657b7) lui     a5, 0x88f65
3 0x80005bc8 (0x88f657b7) x15 0x88f65000
core   0: 0xffffffff80005bcc (0x40715233) sra     tp, sp, t2
3 0x80005bcc (0x40715233) x 4 0x00000000
core   0: 0xffffffff80005bd0 (0x01e19413) slli    s0, gp, 30
3 0x80005bd0 (0x01e19413) x 8 0x40000000
core   0: 0xffffffff80005bd4 (0x38fc0db7) lui     s11, 0x38fc0
3 0x80005bd4 (0x38fc0db7) x27 0x38fc0000
core   0: 0xffffffff80005bd8 (0x127af393) andi    t2, s5, 295
3 0x80005bd8 (0x127af393) x 7 0x00000127
core   0: 0xffffffff80005bdc (0x40cfd213) srai    tp, t6, 12
3 0x80005bdc (0x40cfd213) x 4 0x00000000
core   0: 0xffffffff80005be0 (0x003d58b3) srl     a7, s10, gp
3 0x80005be0 (0x003d58b3) x17 0x00000006
core   0: 0xffffffff80005be4 (0x00df15b3) sll     a1, t5, a3
3 0x80005be4 (0x00df15b3) x11 0xfffffffe
core   0: 0xffffffff80005be8 (0x017f68b3) or      a7, t5, s7
3 0x80005be8 (0x017f68b3) x17 0xffffffff
core   0: 0xffffffff80005bec (0x004d5633) srl     a2, s10, tp
3 0x80005bec (0x004d5633) x12 0xd4922567
core   0: 0xffffffff80005bf0 (0x012762b3) or      t0, a4, s2
3 0x80005bf0 (0x012762b3) x 5 0xffffffbf
core   0: 0xffffffff80005bf4 (0x0035cfb3) xor     t6, a1, gp
3 0x80005bf4 (0x0035cfb3) x31 0x00000043
core   0: 0xffffffff80005bf8 (0x10f96193) ori     gp, s2, 271
3 0x80005bf8 (0x10f96193) x 3 0xfea4912f
core   0: 0xffffffff80005bfc (0x005febb3) or      s7, t6, t0
3 0x80005bfc (0x005febb3) x23 0xffffffff
core   0: 0xffffffff80005c00 (0x005adb13) srli    s6, s5, 5
3 0x80005c00 (0x005adb13) x22 0x0000007f
core   0: 0xffffffff80005c04 (0x00000013) nop
3 0x80005c04 (0x00000013)
core   0: 0xffffffff80005c08 (0x00ae82b3) add     t0, t4, a0
3 0x80005c08 (0x00ae82b3) x 5 0xffffffff
core   0: 0xffffffff80005c0c (0xd5508e13) addi    t3, ra, -683
3 0x80005c0c (0xd5508e13) x28 0xfffffe55
core   0: 0xffffffff80005c10 (0x013489b3) add     s3, s1, s3
3 0x80005c10 (0x013489b3) x19 0x80010e64
core   0: 0xffffffff80005c14 (0x331c4a93) xori    s5, s8, 817
3 0x80005c14 (0x331c4a93) x21 0x00000330
core   0: 0xffffffff80005c18 (0x01239b13) slli    s6, t2, 18
3 0x80005c18 (0x01239b13) x22 0x049c0000
core   0: 0xffffffff80005c1c (0x40760733) sub     a4, a2, t2
3 0x80005c1c (0x40760733) x14 0xd4922440
core   0: 0xffffffff80005c20 (0x00069c33) sll     s8, a3, zero
3 0x80005c20 (0x00069c33) x24 0x00000001
core   0: 0xffffffff80005c24 (0x111f4913) xori    s2, t5, 273
3 0x80005c24 (0x111f4913) x18 0xfffffeee
core   0: 0xffffffff80005c28 (0x01d41e13) slli    t3, s0, 29
3 0x80005c28 (0x01d41e13) x28 0x00000000
core   0: 0xffffffff80005c2c (0x40bb57b3) sra     a5, s6, a1
3 0x80005c2c (0x40bb57b3) x15 0x00000000
core   0: 0xffffffff80005c30 (0x14527513) andi    a0, tp, 325
3 0x80005c30 (0x14527513) x10 0x00000000
core   0: 0xffffffff80005c34 (0x00000013) nop
3 0x80005c34 (0x00000013)
core   0: 0xffffffff80005c38 (0xc8136393) ori     t2, t1, -895
3 0x80005c38 (0xc8136393) x 7 0xfffffc81
core   0: 0xffffffff80005c3c (0x00000013) nop
3 0x80005c3c (0x00000013)
core   0: 0xffffffff80005c40 (0x011e2433) slt     s0, t3, a7
3 0x80005c40 (0x011e2433) x 8 0x00000000
core   0: 0xffffffff80005c44 (0x22bac593) xori    a1, s5, 555
3 0x80005c44 (0x22bac593) x11 0x0000011b
core   0: 0xffffffff80005c48 (0x06c46f13) ori     t5, s0, 108
3 0x80005c48 (0x06c46f13) x30 0x0000006c
core   0: 0xffffffff80005c4c (0xd00fc813) xori    a6, t6, -768
3 0x80005c4c (0xd00fc813) x16 0xfffffd43
core   0: 0xffffffff80005c50 (0x010b9433) sll     s0, s7, a6
3 0x80005c50 (0x010b9433) x 8 0xfffffff8
core   0: 0xffffffff80005c54 (0x20bd8193) addi    gp, s11, 523
3 0x80005c54 (0x20bd8193) x 3 0x38fc020b
core   0: 0xffffffff80005c58 (0x412e8933) sub     s2, t4, s2
3 0x80005c58 (0x412e8933) x18 0x00000112
core   0: 0xffffffff80005c5c (0xee878e13) addi    t3, a5, -280
3 0x80005c5c (0xee878e13) x28 0xfffffee8
core   0: 0xffffffff80005c60 (0x01bed513) srli    a0, t4, 27
3 0x80005c60 (0x01bed513) x10 0x00000000
core   0: 0xffffffff80005c64 (0x01c5d0b3) srl     ra, a1, t3
3 0x80005c64 (0x01c5d0b3) x 1 0x00000001
core   0: 0xffffffff80005c68 (0xc0538137) lui     sp, 0xc0538
3 0x80005c68 (0xc0538137) x 2 0xc0538000
core   0: 0xffffffff80005c6c (0x23297e13) andi    t3, s2, 562
3 0x80005c6c (0x23297e13) x28 0x00000012
core   0: 0xffffffff80005c70 (0x4017db13) srai    s6, a5, 1
3 0x80005c70 (0x4017db13) x22 0x00000000
core   0: 0xffffffff80005c74 (0x01f31f13) slli    t5, t1, 31
3 0x80005c74 (0x01f31f13) x30 0x00000000
core   0: 0xffffffff80005c78 (0x407306b3) sub     a3, t1, t2
3 0x80005c78 (0x407306b3) x13 0x0000037f
core   0: 0xffffffff80005c7c (0x01bce3b3) or      t2, s9, s11
3 0x80005c7c (0x01bce3b3) x 7 0xfffffe01
core   0: 0xffffffff80005c80 (0x25fa3cb7) lui     s9, 0x25fa3
3 0x80005c80 (0x25fa3cb7) x25 0x25fa3000
core   0: 0xffffffff80005c84 (0x00000013) nop
3 0x80005c84 (0x00000013)
core   0: 0xffffffff80005c88 (0x01438033) add     zero, t2, s4
3 0x80005c88 (0x01438033)
core   0: 0xffffffff80005c8c (0x26f6be93) sltiu   t4, a3, 623
3 0x80005c8c (0x26f6be93) x29 0x00000000
core   0: 0xffffffff80005c90 (0xc0dfc113) xori    sp, t6, -1011
3 0x80005c90 (0xc0dfc113) x 2 0xfffffc4e
core   0: 0xffffffff80005c94 (0x01deadb3) slt     s11, t4, t4
3 0x80005c94 (0x01deadb3) x27 0x00000000
core   0: 0xffffffff80005c98 (0x019dd093) srli    ra, s11, 25
3 0x80005c98 (0x019dd093) x 1 0x00000000
core   0: 0xffffffff80005c9c (0x00b9c233) xor     tp, s3, a1
3 0x80005c9c (0x00b9c233) x 4 0x80010f7f
core   0: 0xffffffff80005ca0 (0x0b9c5437) lui     s0, 0xb9c5
3 0x80005ca0 (0x0b9c5437) x 8 0x0b9c5000
core   0: 0xffffffff80005ca4 (0x01f95893) srli    a7, s2, 31
3 0x80005ca4 (0x01f95893) x17 0x00000000
core   0: 0xffffffff80005ca8 (0x41d28db3) sub     s11, t0, t4
3 0x80005ca8 (0x41d28db3) x27 0xffffffff
core   0: 0xffffffff80005cac (0x2bbbf813) andi    a6, s7, 699
3 0x80005cac (0x2bbbf813) x16 0x000002bb
core   0: 0xffffffff80005cb0 (0x018b5eb3) srl     t4, s6, s8
3 0x80005cb0 (0x018b5eb3) x29 0x00000000
core   0: 0xffffffff80005cb4 (0x7d657237) lui     tp, 0x7d657
3 0x80005cb4 (0x7d657237) x 4 0x7d657000
core   0: 0xffffffff80005cb8 (0x01239c13) slli    s8, t2, 18
3 0x80005cb8 (0x01239c13) x24 0xf8040000
core   0: 0xffffffff80005cbc (0xe0347513) andi    a0, s0, -509
3 0x80005cbc (0xe0347513) x10 0x0b9c5000
core   0: 0xffffffff80005cc0 (0xf7750513) addi    a0, a0, -137
3 0x80005cc0 (0xf7750513) x10 0x0b9c4f77
core   0: 0xffffffff80005cc4 (0xeba56f93) ori     t6, a0, -326
3 0x80005cc4 (0xeba56f93) x31 0xffffffff
core   0: 0xffffffff80005cc8 (0x1c1d2393) slti    t2, s10, 449
3 0x80005cc8 (0x1c1d2393) x 7 0x00000001
core   0: 0xffffffff80005ccc (0x00ebf5b3) and     a1, s7, a4
3 0x80005ccc (0x00ebf5b3) x11 0xd4922440
core   0: 0xffffffff80005cd0 (0x01983b33) sltu    s6, a6, s9
3 0x80005cd0 (0x01983b33) x22 0x00000001
core   0: 0xffffffff80005cd4 (0x89dbc837) lui     a6, 0x89dbc
3 0x80005cd4 (0x89dbc837) x16 0x89dbc000
core   0: 0xffffffff80005cd8 (0x0188eab3) or      s5, a7, s8
3 0x80005cd8 (0x0188eab3) x21 0xf8040000
core   0: 0xffffffff80005cdc (0x00ec5bb3) srl     s7, s8, a4
3 0x80005cdc (0x00ec5bb3) x23 0xf8040000
core   0: 0xffffffff80005ce0 (0x01cc65b3) or      a1, s8, t3
3 0x80005ce0 (0x01cc65b3) x11 0xf8040012
core   0: 0xffffffff80005ce4 (0x00000013) nop
3 0x80005ce4 (0x00000013)
core   0: 0xffffffff80005ce8 (0x401f0733) sub     a4, t5, ra
3 0x80005ce8 (0x401f0733) x14 0x00000000
core   0: 0xffffffff80005cec (0x00000013) nop
3 0x80005cec (0x00000013)
core   0: 0xffffffff80005cf0 (0x01bf8733) add     a4, t6, s11
3 0x80005cf0 (0x01bf8733) x14 0xfffffffe
core   0: 0xffffffff80005cf4 (0x02653713) sltiu   a4, a0, 38
3 0x80005cf4 (0x02653713) x14 0x00000000
core   0: 0xffffffff80005cf8 (0x00ea7e33) and     t3, s4, a4
3 0x80005cf8 (0x00ea7e33) x28 0x00000000
core   0: 0xffffffff80005cfc (0x00471fb3) sll     t6, a4, tp
3 0x80005cfc (0x00471fb3) x31 0x00000000
core   0: 0xffffffff80005d00 (0x41f8de13) srai    t3, a7, 31
3 0x80005d00 (0x41f8de13) x28 0x00000000
core   0: 0xffffffff80005d04 (0xfd734f93) xori    t6, t1, -41
3 0x80005d04 (0xfd734f93) x31 0xffffffd7
core   0: 0xffffffff80005d08 (0x16596813) ori     a6, s2, 357
3 0x80005d08 (0x16596813) x16 0x00000177
core   0: 0xffffffff80005d0c (0x01dae033) or      zero, s5, t4
3 0x80005d0c (0x01dae033)
core   0: 0xffffffff80005d10 (0x24326e93) ori     t4, tp, 579
3 0x80005d10 (0x24326e93) x29 0x7d657243
core   0: 0xffffffff80005d14 (0xcdd3e897) auipc   a7, 0xcdd3e
3 0x80005d14 (0xcdd3e897) x17 0x4dd43d14
core   0: 0xffffffff80005d18 (0x00a33eb3) sltu    t4, t1, a0
3 0x80005d18 (0x00a33eb3) x29 0x00000001
core   0: 0xffffffff80005d1c (0x40f00f33) sub     t5, zero, a5
3 0x80005d1c (0x40f00f33) x30 0x00000000
core   0: 0xffffffff80005d20 (0x40ff57b3) sra     a5, t5, a5
3 0x80005d20 (0x40ff57b3) x15 0x00000000
core   0: 0xffffffff80005d24 (0xf4410013) addi    zero, sp, -188
3 0x80005d24 (0xf4410013)
core   0: 0xffffffff80005d28 (0x45c91037) lui     zero, 0x45c91
3 0x80005d28 (0x45c91037)
core   0: 0xffffffff80005d2c (0xc7862b93) slti    s7, a2, -904
3 0x80005d2c (0xc7862b93) x23 0x00000001
core   0: 0xffffffff80005d30 (0xcc456613) ori     a2, a0, -828
3 0x80005d30 (0xcc456613) x12 0xfffffff7
core   0: 0xffffffff80005d34 (0x002102b3) add     t0, sp, sp
3 0x80005d34 (0x002102b3) x 5 0xfffff89c
core   0: 0xffffffff80005d38 (0x016a8733) add     a4, s5, s6
3 0x80005d38 (0x016a8733) x14 0xf8040001
core   0: 0xffffffff80005d3c (0x01015933) srl     s2, sp, a6
3 0x80005d3c (0x01015933) x18 0x000001ff
core   0: 0xffffffff80005d40 (0x018fd633) srl     a2, t6, s8
3 0x80005d40 (0x018fd633) x12 0xffffffd7
core   0: 0xffffffff80005d44 (0x41f95193) srai    gp, s2, 31
3 0x80005d44 (0x41f95193) x 3 0x00000000
core   0: 0xffffffff80005d48 (0x00000013) nop
3 0x80005d48 (0x00000013)
core   0: 0xffffffff80005d4c (0x184de893) ori     a7, s11, 388
3 0x80005d4c (0x184de893) x17 0xffffffff
core   0: 0xffffffff80005d50 (0x00e4cdb3) xor     s11, s1, a4
3 0x80005d50 (0x00e4cdb3) x27 0x78050e65
core   0: 0xffffffff80005d54 (0x00419b93) slli    s7, gp, 4
3 0x80005d54 (0x00419b93) x23 0x00000000
core   0: 0xffffffff80005d58 (0x00105b93) srli    s7, zero, 1
3 0x80005d58 (0x00105b93) x23 0x00000000
core   0: 0xffffffff80005d5c (0x01f773b3) and     t2, a4, t6
3 0x80005d5c (0x01f773b3) x 7 0xf8040001
core   0: 0xffffffff80005d60 (0x00de1733) sll     a4, t3, a3
3 0x80005d60 (0x00de1733) x14 0x00000000
core   0: 0xffffffff80005d64 (0x00a2ffb3) and     t6, t0, a0
3 0x80005d64 (0x00a2ffb3) x31 0x0b9c4814
core   0: 0xffffffff80005d68 (0x177d0193) addi    gp, s10, 375
3 0x80005d68 (0x177d0193) x 3 0xd49226de
core   0: 0xffffffff80005d6c (0xf60ca893) slti    a7, s9, -160
3 0x80005d6c (0xf60ca893) x17 0x00000000
core   0: 0xffffffff80005d70 (0x403187b3) sub     a5, gp, gp
3 0x80005d70 (0x403187b3) x15 0x00000000
core   0: 0xffffffff80005d74 (0x01efc2b3) xor     t0, t6, t5
3 0x80005d74 (0x01efc2b3) x 5 0x0b9c4814
core   0: 0xffffffff80005d78 (0xbd321537) lui     a0, 0xbd321
3 0x80005d78 (0xbd321537) x10 0xbd321000
core   0: 0xffffffff80005d7c (0x40008033) sub     zero, ra, zero
3 0x80005d7c (0x40008033)
core   0: 0xffffffff80005d80 (0x41825633) sra     a2, tp, s8
3 0x80005d80 (0x41825633) x12 0x7d657000
core   0: 0xffffffff80005d84 (0x007ad0b3) srl     ra, s5, t2
3 0x80005d84 (0x007ad0b3) x 1 0x7c020000
core   0: 0xffffffff80005d88 (0x40c4d993) srai    s3, s1, 12
3 0x80005d88 (0x40c4d993) x19 0xfff80010
core   0: 0xffffffff80005d8c (0x07786b13) ori     s6, a6, 119
3 0x80005d8c (0x07786b13) x22 0x00000177
core   0: 0xffffffff80005d90 (0x00000013) nop
3 0x80005d90 (0x00000013)
core   0: 0xffffffff80005d94 (0x012fec33) or      s8, t6, s2
3 0x80005d94 (0x012fec33) x24 0x0b9c49ff
core   0: 0xffffffff80005d98 (0x00667433) and     s0, a2, t1
3 0x80005d98 (0x00667433) x 8 0x00000000
core   0: 0xffffffff80005d9c (0x004e9733) sll     a4, t4, tp
3 0x80005d9c (0x004e9733) x14 0x00000001
core   0: 0xffffffff80005da0 (0xf346e713) ori     a4, a3, -204
3 0x80005da0 (0xf346e713) x14 0xffffff7f
core   0: 0xffffffff80005da4 (0x41690ab3) sub     s5, s2, s6
3 0x80005da4 (0x41690ab3) x21 0x00000088
core   0: 0xffffffff80005da8 (0x40fa5f13) srai    t5, s4, 15
3 0x80005da8 (0x40fa5f13) x30 0xffff0002
core   0: 0xffffffff80005dac (0x01d135b3) sltu    a1, sp, t4
3 0x80005dac (0x01d135b3) x11 0x00000000
core   0: 0xffffffff80005db0 (0x40c38cb3) sub     s9, t2, a2
3 0x80005db0 (0x40c38cb3) x25 0x7a9e9001
core   0: 0xffffffff80005db4 (0x01d910b3) sll     ra, s2, t4
3 0x80005db4 (0x01d910b3) x 1 0x000003fe
core   0: 0xffffffff80005db8 (0x00ce3433) sltu    s0, t3, a2
3 0x80005db8 (0x00ce3433) x 8 0x00000001
core   0: 0xffffffff80005dbc (0x41278933) sub     s2, a5, s2
3 0x80005dbc (0x41278933) x18 0xfffffe01
core   0: 0xffffffff80005dc0 (0x01e5d013) srli    zero, a1, 30
3 0x80005dc0 (0x01e5d013)
core   0: 0xffffffff80005dc4 (0x002a3233) sltu    tp, s4, sp
3 0x80005dc4 (0x002a3233) x 4 0x00000001
core   0: 0xffffffff80005dc8 (0xe6510017) auipc   zero, 0xe6510
3 0x80005dc8 (0xe6510017)
core   0: 0xffffffff80005dcc (0x00000013) nop
3 0x80005dcc (0x00000013)
core   0: 0xffffffff80005dd0 (0x014d7c33) and     s8, s10, s4
3 0x80005dd0 (0x014d7c33) x24 0x80000464
core   0: 0xffffffff80005dd4 (0x41a501b3) sub     gp, a0, s10
3 0x80005dd4 (0x41a501b3) x 3 0xe89fea99
core   0: 0xffffffff80005dd8 (0xe6c56437) lui     s0, 0xe6c56
3 0x80005dd8 (0xe6c56437) x 8 0xe6c56000
core   0: 0xffffffff80005ddc (0x39317f93) andi    t6, sp, 915
3 0x80005ddc (0x39317f93) x31 0x00000002
core   0: 0xffffffff80005de0 (0xfeda0093) addi    ra, s4, -19
3 0x80005de0 (0xfeda0093) x 1 0x80014cd1
core   0: 0xffffffff80005de4 (0x41198333) sub     t1, s3, a7
3 0x80005de4 (0x41198333) x 6 0xfff80010
core   0: 0xffffffff80005de8 (0x22c3b213) sltiu   tp, t2, 556
3 0x80005de8 (0x22c3b213) x 4 0x00000000
core   0: 0xffffffff80005dec (0x3c5e2037) lui     zero, 0x3c5e2
3 0x80005dec (0x3c5e2037)
core   0: 0xffffffff80005df0 (0xdce32b13) slti    s6, t1, -562
3 0x80005df0 (0xdce32b13) x22 0x00000001
core   0: 0xffffffff80005df4 (0x41c28db3) sub     s11, t0, t3
3 0x80005df4 (0x41c28db3) x27 0x0b9c4814
core   0: 0xffffffff80005df8 (0xeeff7593) andi    a1, t5, -273
3 0x80005df8 (0xeeff7593) x11 0xffff0002
core   0: 0xffffffff80005dfc (0x004438b3) sltu    a7, s0, tp
3 0x80005dfc (0x004438b3) x17 0x00000000
core   0: 0xffffffff80005e00 (0xf2145337) lui     t1, 0xf2145
3 0x80005e00 (0xf2145337) x 6 0xf2145000
core   0: 0xffffffff80005e04 (0x005a5c93) srli    s9, s4, 5
3 0x80005e04 (0x005a5c93) x25 0x04000a67
core   0: 0xffffffff80005e08 (0x417105b3) sub     a1, sp, s7
3 0x80005e08 (0x417105b3) x11 0xfffffc4e
core   0: 0xffffffff80005e0c (0x4083da93) srai    s5, t2, 8
3 0x80005e0c (0x4083da93) x21 0xfff80400
core   0: 0xffffffff80005e10 (0x410b8db3) sub     s11, s7, a6
3 0x80005e10 (0x410b8db3) x27 0xfffffe89
core   0: 0xffffffff80005e14 (0x01df6833) or      a6, t5, t4
3 0x80005e14 (0x01df6833) x16 0xffff0003
core   0: 0xffffffff80005e18 (0x011cdf13) srli    t5, s9, 17
3 0x80005e18 (0x011cdf13) x30 0x00000200
core   0: 0xffffffff80005e1c (0x00682833) slt     a6, a6, t1
3 0x80005e1c (0x00682833) x16 0x00000000
core   0: 0xffffffff80005e20 (0x0878a113) slti    sp, a7, 135
3 0x80005e20 (0x0878a113) x 2 0x00000001
core   0: 0xffffffff80005e24 (0x40b7da93) srai    s5, a5, 11
3 0x80005e24 (0x40b7da93) x21 0x00000000
core   0: 0xffffffff80005e28 (0x01edfb33) and     s6, s11, t5
3 0x80005e28 (0x01edfb33) x22 0x00000200
core   0: 0xffffffff80005e2c (0x413b5533) sra     a0, s6, s3
3 0x80005e2c (0x413b5533) x10 0x00000000
core   0: 0xffffffff80005e30 (0x007cd913) srli    s2, s9, 7
3 0x80005e30 (0x007cd913) x18 0x00080014
core   0: 0xffffffff80005e34 (0x001c08b3) add     a7, s8, ra
3 0x80005e34 (0x001c08b3) x17 0x00015135
core   0: 0xffffffff80005e38 (0x00000013) nop
3 0x80005e38 (0x00000013)
core   0: 0xffffffff80005e3c (0x00000013) nop
3 0x80005e3c (0x00000013)
core   0: 0xffffffff80005e40 (0x01e40db3) add     s11, s0, t5
3 0x80005e40 (0x01e40db3) x27 0xe6c56200
core   0: 0xffffffff80005e44 (0xd484f993) andi    s3, s1, -696
3 0x80005e44 (0xd484f993) x19 0x80010c40
core   0: 0xffffffff80005e48 (0x00065733) srl     a4, a2, zero
3 0x80005e48 (0x00065733) x14 0x7d657000
core   0: 0xffffffff80005e4c (0x4079de13) srai    t3, s3, 7
3 0x80005e4c (0x4079de13) x28 0xff000218
core   0: 0xffffffff80005e50 (0x40db0133) sub     sp, s6, a3
3 0x80005e50 (0x40db0133) x 2 0xfffffe81
core   0: 0xffffffff80005e54 (0x22737993) andi    s3, t1, 551
3 0x80005e54 (0x22737993) x19 0x00000000
core   0: 0xffffffff80005e58 (0x00ad8f33) add     t5, s11, a0
3 0x80005e58 (0x00ad8f33) x30 0xe6c56200
core   0: 0xffffffff80005e5c (0x00ea1cb3) sll     s9, s4, a4
3 0x80005e5c (0x00ea1cb3) x25 0x80014ce4
core   0: 0xffffffff80005e60 (0x00166db3) or      s11, a2, ra
3 0x80005e60 (0x00166db3) x27 0xfd657cd1
core   0: 0xffffffff80005e64 (0xe505f193) andi    gp, a1, -432
3 0x80005e64 (0xe505f193) x 3 0xfffffc40
core   0: 0xffffffff80005e68 (0x413a8eb3) sub     t4, s5, s3
3 0x80005e68 (0x413a8eb3) x29 0x00000000
core   0: 0xffffffff80005e6c (0x00f76ab3) or      s5, a4, a5
3 0x80005e6c (0x00f76ab3) x21 0x7d657000
core   0: 0xffffffff80005e70 (0x41c90db3) sub     s11, s2, t3
3 0x80005e70 (0x41c90db3) x27 0x0107fdfc
core   0: 0xffffffff80005e74 (0x0112c733) xor     a4, t0, a7
3 0x80005e74 (0x0112c733) x14 0x0b9d1921
core   0: 0xffffffff80005e78 (0x00c1d333) srl     t1, gp, a2
3 0x80005e78 (0x00c1d333) x 6 0xfffffc40
core   0: 0xffffffff80005e7c (0x00e34db3) xor     s11, t1, a4
3 0x80005e7c (0x00e34db3) x27 0xf462e561
core   0: 0xffffffff80005e80 (0x413e5c93) srai    s9, t3, 19
3 0x80005e80 (0x413e5c93) x25 0xffffffe0
core   0: 0xffffffff80005e84 (0x400c5193) srai    gp, s8, 0
3 0x80005e84 (0x400c5193) x 3 0x80000464
core   0: 0xffffffff80005e88 (0x010fc633) xor     a2, t6, a6
3 0x80005e88 (0x010fc633) x12 0x00000002
core   0: 0xffffffff80005e8c (0x41f3d313) srai    t1, t2, 31
3 0x80005e8c (0x41f3d313) x 6 0xffffffff
core   0: 0xffffffff80005e90 (0x0122c133) xor     sp, t0, s2
3 0x80005e90 (0x0122c133) x 2 0x0b944800
core   0: 0xffffffff80005e94 (0x00c81bb3) sll     s7, a6, a2
3 0x80005e94 (0x00c81bb3) x23 0x00000000
core   0: 0xffffffff80005e98 (0x01efc3b3) xor     t2, t6, t5
3 0x80005e98 (0x01efc3b3) x 7 0xe6c56202
core   0: 0xffffffff80005e9c (0x00575fb3) srl     t6, a4, t0
3 0x80005e9c (0x00575fb3) x31 0x000000b9
core   0: 0xffffffff80005ea0 (0x00000013) nop
3 0x80005ea0 (0x00000013)
core   0: 0xffffffff80005ea4 (0x41855c13) srai    s8, a0, 24
3 0x80005ea4 (0x41855c13) x24 0x00000000
core   0: 0xffffffff80005ea8 (0x52506897) auipc   a7, 0x52506
3 0x80005ea8 (0x52506897) x17 0xd250bea8
core   0: 0xffffffff80005eac (0x40fc5d93) srai    s11, s8, 15
3 0x80005eac (0x40fc5d93) x27 0x00000000
core   0: 0xffffffff80005eb0 (0x3c353a93) sltiu   s5, a0, 963
3 0x80005eb0 (0x3c353a93) x21 0x00000001
core   0: 0xffffffff80005eb4 (0xe0603193) sltiu   gp, zero, -506
3 0x80005eb4 (0xe0603193) x 3 0x00000001
core   0: 0xffffffff80005eb8 (0x01683fb3) sltu    t6, a6, s6
3 0x80005eb8 (0x01683fb3) x31 0x00000001
core   0: 0xffffffff80005ebc (0x3bf80d93) addi    s11, a6, 959
3 0x80005ebc (0x3bf80d93) x27 0x000003bf
core   0: 0xffffffff80005ec0 (0x41b906b3) sub     a3, s2, s11
3 0x80005ec0 (0x41b906b3) x13 0x0007fc55
core   0: 0xffffffff80005ec4 (0x14024e13) xori    t3, tp, 320
3 0x80005ec4 (0x14024e13) x28 0x00000140
core   0: 0xffffffff80005ec8 (0x019bd2b3) srl     t0, s7, s9
3 0x80005ec8 (0x019bd2b3) x 5 0x00000000
core   0: 0xffffffff80005ecc (0x01e9c233) xor     tp, s3, t5
3 0x80005ecc (0x01e9c233) x 4 0xe6c56200
core   0: 0xffffffff80005ed0 (0x00a68eb3) add     t4, a3, a0
3 0x80005ed0 (0x00a68eb3) x29 0x0007fc55
core   0: 0xffffffff80005ed4 (0xdf6bea93) ori     s5, s7, -522
3 0x80005ed4 (0xdf6bea93) x21 0xfffffdf6
core   0: 0xffffffff80005ed8 (0xd9837913) andi    s2, t1, -616
3 0x80005ed8 (0xd9837913) x18 0xfffffd98
core   0: 0xffffffff80005edc (0x10d90893) addi    a7, s2, 269
3 0x80005edc (0x10d90893) x17 0xfffffea5
core   0: 0xffffffff80005ee0 (0x0049acb3) slt     s9, s3, tp
3 0x80005ee0 (0x0049acb3) x25 0x00000000
core   0: 0xffffffff80005ee4 (0x007fc8b3) xor     a7, t6, t2
3 0x80005ee4 (0x007fc8b3) x17 0xe6c56203
core   0: 0xffffffff80005ee8 (0xc58d3b93) sltiu   s7, s10, -936
3 0x80005ee8 (0xc58d3b93) x23 0x00000001
core   0: 0xffffffff80005eec (0xdd9a7113) andi    sp, s4, -551
3 0x80005eec (0xdd9a7113) x 2 0x80014cc0
core   0: 0xffffffff80005ef0 (0x01072db3) slt     s11, a4, a6
3 0x80005ef0 (0x01072db3) x27 0x00000000
core   0: 0xffffffff80005ef4 (0x0044e133) or      sp, s1, tp
3 0x80005ef4 (0x0044e133) x 2 0xe6c56e64
core   0: 0xffffffff80005ef8 (0x000d1e33) sll     t3, s10, zero
3 0x80005ef8 (0x000d1e33) x28 0xd4922567
core   0: 0xffffffff80005efc (0x007650b3) srl     ra, a2, t2
3 0x80005efc (0x007650b3) x 1 0x00000000
core   0: 0xffffffff80005f00 (0x017c4933) xor     s2, s8, s7
3 0x80005f00 (0x017c4933) x18 0x00000001
core   0: 0xffffffff80005f04 (0x510611b7) lui     gp, 0x51061
3 0x80005f04 (0x510611b7) x 3 0x51061000
core   0: 0xffffffff80005f08 (0x18a18193) addi    gp, gp, 394
3 0x80005f08 (0x18a18193) x 3 0x5106118a
core   0: 0xffffffff80005f0c (0xfff00813) li      a6, -1
3 0x80005f0c (0xfff00813) x16 0xffffffff
core   0: 0xffffffff80005f10 (0x80000f37) lui     t5, 0x80000
3 0x80005f10 (0x80000f37) x30 0x80000000
core   0: 0xffffffff80005f14 (0xfff00413) li      s0, -1
3 0x80005f14 (0xfff00413) x 8 0xffffffff
core   0: 0xffffffff80005f18 (0x4e49f137) lui     sp, 0x4e49f
3 0x80005f18 (0x4e49f137) x 2 0x4e49f000
core   0: 0xffffffff80005f1c (0xcb110113) addi    sp, sp, -847
3 0x80005f1c (0xcb110113) x 2 0x4e49ecb1
core   0: 0xffffffff80005f20 (0xfff00513) li      a0, -1
3 0x80005f20 (0xfff00513) x10 0xffffffff
core   0: 0xffffffff80005f24 (0x80000fb7) lui     t6, 0x80000
3 0x80005f24 (0x80000fb7) x31 0x80000000
core   0: 0xffffffff80005f28 (0x80000e37) lui     t3, 0x80000
3 0x80005f28 (0x80000e37) x28 0x80000000
core   0: 0xffffffff80005f2c (0x800005b7) lui     a1, 0x80000
3 0x80005f2c (0x800005b7) x11 0x80000000
core   0: 0xffffffff80005f30 (0x00000b93) li      s7, 0
3 0x80005f30 (0x00000b93) x23 0x00000000
core   0: 0xffffffff80005f34 (0xc6440413) addi    s0, s0, -924
3 0x80005f34 (0xc6440413) x 8 0xfffffc63
core   0: 0xffffffff80005f38 (0x00000013) nop
3 0x80005f38 (0x00000013)
core   0: 0xffffffff80005f3c (0x55a1c197) auipc   gp, 0x55a1c
3 0x80005f3c (0x55a1c197) x 3 0xd5a21f3c
core   0: 0xffffffff80005f40 (0x00000013) nop
3 0x80005f40 (0x00000013)
core   0: 0xffffffff80005f44 (0xb68671b7) lui     gp, 0xb6867
3 0x80005f44 (0xb68671b7) x 3 0xb6867000
core   0: 0xffffffff80005f48 (0x41718833) sub     a6, gp, s7
3 0x80005f48 (0x41718833) x16 0xb6867000
core   0: 0xffffffff80005f4c (0x00b58533) add     a0, a1, a1
3 0x80005f4c (0x00b58533) x10 0x00000000
core   0: 0xffffffff80005f50 (0xa09d21b7) lui     gp, 0xa09d2
3 0x80005f50 (0xa09d21b7) x 3 0xa09d2000
core   0: 0xffffffff80005f54 (0x00000013) nop
3 0x80005f54 (0x00000013)
core   0: 0xffffffff80005f58 (0x0fcf8513) addi    a0, t6, 252
3 0x80005f58 (0x0fcf8513) x10 0x800000fc
core   0: 0xffffffff80005f5c (0x06750e13) addi    t3, a0, 103
3 0x80005f5c (0x06750e13) x28 0x80000163
core   0: 0xffffffff80005f60 (0x410181b3) sub     gp, gp, a6
3 0x80005f60 (0x410181b3) x 3 0xea16b000
core   0: 0xffffffff80005f64 (0x402f8e33) sub     t3, t6, sp
3 0x80005f64 (0x402f8e33) x28 0x31b6134f
core   0: 0xffffffff80005f68 (0x9ac4d837) lui     a6, 0x9ac4d
3 0x80005f68 (0x9ac4d837) x16 0x9ac4d000
core   0: 0xffffffff80005f6c (0x003801b3) add     gp, a6, gp
3 0x80005f6c (0x003801b3) x 3 0x84db8000
core   0: 0xffffffff80005f70 (0x00000013) nop
3 0x80005f70 (0x00000013)
core   0: 0xffffffff80005f74 (0xebcf8593) addi    a1, t6, -324
3 0x80005f74 (0xebcf8593) x11 0x7ffffebc
core   0: 0xffffffff80005f78 (0x00000013) nop
3 0x80005f78 (0x00000013)
core   0: 0xffffffff80005f7c (0xd2861837) lui     a6, 0xd2861
3 0x80005f7c (0xd2861837) x16 0xd2861000
core   0: 0xffffffff80005f80 (0x53752e17) auipc   t3, 0x53752
3 0x80005f80 (0x53752e17) x28 0xd3757f80
core   0: 0xffffffff80005f84 (0x00000013) nop
3 0x80005f84 (0x00000013)
core   0: 0xffffffff80005f88 (0x6d699e37) lui     t3, 0x6d699
3 0x80005f88 (0x6d699e37) x28 0x6d699000
core   0: 0xffffffff80005f8c (0x45142537) lui     a0, 0x45142
3 0x80005f8c (0x45142537) x10 0x45142000
core   0: 0xffffffff80005f90 (0x01e58bb3) add     s7, a1, t5
3 0x80005f90 (0x01e58bb3) x23 0xfffffebc
core   0: 0xffffffff80005f94 (0x007453b3) srl     t2, s0, t2
3 0x80005f94 (0x007453b3) x 7 0x3fffff18
core   0: 0xffffffff80005f98 (0x40dd88b3) sub     a7, s11, a3
3 0x80005f98 (0x40dd88b3) x17 0xfff803ab
core   0: 0xffffffff80005f9c (0x18528693) addi    a3, t0, 389
3 0x80005f9c (0x18528693) x13 0x00000185
core   0: 0xffffffff80005fa0 (0x41c1d433) sra     s0, gp, t3
3 0x80005fa0 (0x41c1d433) x 8 0x84db8000
core   0: 0xffffffff80005fa4 (0x3650b313) sltiu   t1, ra, 869
3 0x80005fa4 (0x3650b313) x 6 0x00000001
core   0: 0xffffffff80005fa8 (0xee8bb513) sltiu   a0, s7, -280
3 0x80005fa8 (0xee8bb513) x10 0x00000001
core   0: 0xffffffff80005fac (0x00511993) slli    s3, sp, 5
3 0x80005fac (0x00511993) x19 0xc93d9620
core   0: 0xffffffff80005fb0 (0x415ed9b3) sra     s3, t4, s5
3 0x80005fb0 (0x415ed9b3) x19 0x00000000
core   0: 0xffffffff80005fb4 (0xc3fe7913) andi    s2, t3, -961
3 0x80005fb4 (0xc3fe7913) x18 0x6d699000
core   0: 0xffffffff80005fb8 (0x0084eab3) or      s5, s1, s0
3 0x80005fb8 (0x0084eab3) x21 0x84db8e64
core   0: 0xffffffff80005fbc (0xcc533413) sltiu   s0, t1, -827
3 0x80005fbc (0xcc533413) x 8 0x00000001
core   0: 0xffffffff80005fc0 (0x00000013) nop
3 0x80005fc0 (0x00000013)
core   0: 0xffffffff80005fc4 (0x12d2c793) xori    a5, t0, 301
3 0x80005fc4 (0x12d2c793) x15 0x0000012d
core   0: 0xffffffff80005fc8 (0xd8ae3713) sltiu   a4, t3, -630
3 0x80005fc8 (0xd8ae3713) x14 0x00000001
core   0: 0xffffffff80005fcc (0xdd588e13) addi    t3, a7, -555
3 0x80005fcc (0xdd588e13) x28 0xfff80180
core   0: 0xffffffff80005fd0 (0x0152b7b3) sltu    a5, t0, s5
3 0x80005fd0 (0x0152b7b3) x15 0x00000001
core   0: 0xffffffff80005fd4 (0x002b95b3) sll     a1, s7, sp
3 0x80005fd4 (0x002b95b3) x11 0xfd780000
core   0: 0xffffffff80005fd8 (0x408fd533) sra     a0, t6, s0
3 0x80005fd8 (0x408fd533) x10 0xc0000000
core   0: 0xffffffff80005fdc (0x20543c13) sltiu   s8, s0, 517
3 0x80005fdc (0x20543c13) x24 0x00000001
core   0: 0xffffffff80005fe0 (0x007e2cb3) slt     s9, t3, t2
3 0x80005fe0 (0x007e2cb3) x25 0x00000001
core   0: 0xffffffff80005fe4 (0x2e91b317) auipc   t1, 0x2e91b
3 0x80005fe4 (0x2e91b317) x 6 0xae920fe4
core   0: 0xffffffff80005fe8 (0x008109b3) add     s3, sp, s0
3 0x80005fe8 (0x008109b3) x19 0x4e49ecb2
core   0: 0xffffffff80005fec (0x21364913) xori    s2, a2, 531
3 0x80005fec (0x21364913) x18 0x00000211
core   0: 0xffffffff80005ff0 (0xca626713) ori     a4, tp, -858
3 0x80005ff0 (0xca626713) x14 0xfffffea6
core   0: 0xffffffff80005ff4 (0x5c1a9e17) auipc   t3, 0x5c1a9
3 0x80005ff4 (0x5c1a9e17) x28 0xdc1aeff4
core   0: 0xffffffff80005ff8 (0x0000f533) and     a0, ra, zero
3 0x80005ff8 (0x0000f533) x10 0x00000000
core   0: 0xffffffff80005ffc (0x00fe9533) sll     a0, t4, a5
3 0x80005ffc (0x00fe9533) x10 0x000ff8aa
core   0: 0xffffffff80006000 (0x00000013) nop
3 0x80006000 (0x00000013)
core   0: 0xffffffff80006004 (0x00819513) slli    a0, gp, 8
3 0x80006004 (0x00819513) x10 0xdb800000
core   0: 0xffffffff80006008 (0x0036a133) slt     sp, a3, gp
3 0x80006008 (0x0036a133) x 2 0x00000000
core   0: 0xffffffff8000600c (0x8e4ee037) lui     zero, 0x8e4ee
3 0x8000600c (0x8e4ee037)
core   0: 0xffffffff80006010 (0x00a622b3) slt     t0, a2, a0
3 0x80006010 (0x00a622b3) x 5 0x00000000
core   0: 0xffffffff80006014 (0x01cb49b3) xor     s3, s6, t3
3 0x80006014 (0x01cb49b3) x19 0xdc1aedf4
core   0: 0xffffffff80006018 (0x0172c233) xor     tp, t0, s7
3 0x80006018 (0x0172c233) x 4 0xfffffebc
core   0: 0xffffffff8000601c (0x01bf5413) srli    s0, t5, 27
3 0x8000601c (0x01bf5413) x 8 0x00000010
core   0: 0xffffffff80006020 (0x31a7a513) slti    a0, a5, 794
3 0x80006020 (0x31a7a513) x10 0x00000001
core   0: 0xffffffff80006024 (0x01171e13) slli    t3, a4, 17
3 0x80006024 (0x01171e13) x28 0xfd4c0000
core   0: 0xffffffff80006028 (0x01235833) srl     a6, t1, s2
3 0x80006028 (0x01235833) x16 0x00005749
core   0: 0xffffffff8000602c (0x0120d593) srli    a1, ra, 18
3 0x8000602c (0x0120d593) x11 0x00000000
core   0: 0xffffffff80006030 (0x414f89b3) sub     s3, t6, s4
3 0x80006030 (0x414f89b3) x19 0xfffeb31c
core   0: 0xffffffff80006034 (0x1da16813) ori     a6, sp, 474
3 0x80006034 (0x1da16813) x16 0x000001da
core   0: 0xffffffff80006038 (0x40520033) sub     zero, tp, t0
3 0x80006038 (0x40520033)
core   0: 0xffffffff8000603c (0x015f18b3) sll     a7, t5, s5
3 0x8000603c (0x015f18b3) x17 0x00000000
core   0: 0xffffffff80006040 (0x40475f33) sra     t5, a4, tp
3 0x80006040 (0x40475f33) x30 0xffffffff
core   0: 0xffffffff80006044 (0x00ed5113) srli    sp, s10, 14
3 0x80006044 (0x00ed5113) x 2 0x00035248
core   0: 0xffffffff80006048 (0x00000013) nop
3 0x80006048 (0x00000013)
core   0: 0xffffffff8000604c (0x00615513) srli    a0, sp, 6
3 0x8000604c (0x00615513) x10 0x00000d49
core   0: 0xffffffff80006050 (0x011ab833) sltu    a6, s5, a7
3 0x80006050 (0x011ab833) x16 0x00000000
core   0: 0xffffffff80006054 (0x00d433b3) sltu    t2, s0, a3
3 0x80006054 (0x00d433b3) x 7 0x00000001
core   0: 0xffffffff80006058 (0x17e8ba93) sltiu   s5, a7, 382
3 0x80006058 (0x17e8ba93) x21 0x00000001
core   0: 0xffffffff8000605c (0xf7444793) xori    a5, s0, -140
3 0x8000605c (0xf7444793) x15 0xffffff64
core   0: 0xffffffff80006060 (0x01a6d693) srli    a3, a3, 26
3 0x80006060 (0x01a6d693) x13 0x00000000
core   0: 0xffffffff80006064 (0x004c4e33) xor     t3, s8, tp
3 0x80006064 (0x004c4e33) x28 0xfffffebd
core   0: 0xffffffff80006068 (0x010f1b93) slli    s7, t5, 16
3 0x80006068 (0x010f1b93) x23 0xffff0000
core   0: 0xffffffff8000606c (0x01077833) and     a6, a4, a6
3 0x8000606c (0x01077833) x16 0x00000000
core   0: 0xffffffff80006070 (0x00980733) add     a4, a6, s1
3 0x80006070 (0x00980733) x14 0x80010e64
core   0: 0xffffffff80006074 (0x00c55693) srli    a3, a0, 12
3 0x80006074 (0x00c55693) x13 0x00000000
core   0: 0xffffffff80006078 (0x0195a133) slt     sp, a1, s9
3 0x80006078 (0x0195a133) x 2 0x00000001
core   0: 0xffffffff8000607c (0x241e97b7) lui     a5, 0x241e9
3 0x8000607c (0x241e97b7) x15 0x241e9000
core   0: 0xffffffff80006080 (0x01be31b3) sltu    gp, t3, s11
3 0x80006080 (0x01be31b3) x 3 0x00000000
core   0: 0xffffffff80006084 (0x0143c333) xor     t1, t2, s4
3 0x80006084 (0x0143c333) x 6 0x80014ce5
core   0: 0xffffffff80006088 (0xca32b193) sltiu   gp, t0, -861
3 0x80006088 (0xca32b193) x 3 0x00000001
core   0: 0xffffffff8000608c (0x40b589b3) sub     s3, a1, a1
3 0x8000608c (0x40b589b3) x19 0x00000000
core   0: 0xffffffff80006090 (0x00025233) srl     tp, tp, zero
3 0x80006090 (0x00025233) x 4 0xfffffebc
core   0: 0xffffffff80006094 (0xd6360113) addi    sp, a2, -669
3 0x80006094 (0xd6360113) x 2 0xfffffd65
core   0: 0xffffffff80006098 (0x01fc0e33) add     t3, s8, t6
3 0x80006098 (0x01fc0e33) x28 0x80000001
core   0: 0xffffffff8000609c (0x85c6d017) auipc   zero, 0x85c6d
3 0x8000609c (0x85c6d017)
core   0: 0xffffffff800060a0 (0x00db7ab3) and     s5, s6, a3
3 0x800060a0 (0x00db7ab3) x21 0x00000000
core   0: 0xffffffff800060a4 (0xee5cd917) auipc   s2, 0xee5cd
3 0x800060a4 (0xee5cd917) x18 0x6e5d30a4
core   0: 0xffffffff800060a8 (0x008422b3) slt     t0, s0, s0
3 0x800060a8 (0x008422b3) x 5 0x00000000
core   0: 0xffffffff800060ac (0x00961733) sll     a4, a2, s1
3 0x800060ac (0x00961733) x14 0x00000020
core   0: 0xffffffff800060b0 (0x005d1e33) sll     t3, s10, t0
3 0x800060b0 (0x005d1e33) x28 0xd4922567
core   0: 0xffffffff800060b4 (0x0043a733) slt     a4, t2, tp
3 0x800060b4 (0x0043a733) x14 0x00000000
core   0: 0xffffffff800060b8 (0x02f28913) addi    s2, t0, 47
3 0x800060b8 (0x02f28913) x18 0x0000002f
core   0: 0xffffffff800060bc (0x417b0c33) sub     s8, s6, s7
3 0x800060bc (0x417b0c33) x24 0x00010200
core   0: 0xffffffff800060c0 (0x62d05bb7) lui     s7, 0x62d05
3 0x800060c0 (0x62d05bb7) x23 0x62d05000
core   0: 0xffffffff800060c4 (0x00b6d033) srl     zero, a3, a1
3 0x800060c4 (0x00b6d033)
core   0: 0xffffffff800060c8 (0x0075be33) sltu    t3, a1, t2
3 0x800060c8 (0x0075be33) x28 0x00000001
core   0: 0xffffffff800060cc (0x40dfdb93) srai    s7, t6, 13
3 0x800060cc (0x40dfdb93) x23 0xfffc0000
core   0: 0xffffffff800060d0 (0x0057de13) srli    t3, a5, 5
3 0x800060d0 (0x0057de13) x28 0x0120f480
core   0: 0xffffffff800060d4 (0x01110833) add     a6, sp, a7
3 0x800060d4 (0x01110833) x16 0xfffffd65
core   0: 0xffffffff800060d8 (0xdddc0913) addi    s2, s8, -547
3 0x800060d8 (0xdddc0913) x18 0x0000ffdd
core   0: 0xffffffff800060dc (0x4ce1ea97) auipc   s5, 0x4ce1e
3 0x800060dc (0x4ce1ea97) x21 0xcce240dc
core   0: 0xffffffff800060e0 (0x01063933) sltu    s2, a2, a6
3 0x800060e0 (0x01063933) x18 0x00000001
core   0: 0xffffffff800060e4 (0xa527f517) auipc   a0, 0xa527f
3 0x800060e4 (0xa527f517) x10 0x252850e4
core   0: 0xffffffff800060e8 (0x40f55fb3) sra     t6, a0, a5
3 0x800060e8 (0x40f55fb3) x31 0x252850e4
core   0: 0xffffffff800060ec (0x013c1933) sll     s2, s8, s3
3 0x800060ec (0x013c1933) x18 0x00010200
core   0: 0xffffffff800060f0 (0x228b8313) addi    t1, s7, 552
3 0x800060f0 (0x228b8313) x 6 0xfffc0228
core   0: 0xffffffff800060f4 (0x010f72b3) and     t0, t5, a6
3 0x800060f4 (0x010f72b3) x 5 0xfffffd65
core   0: 0xffffffff800060f8 (0x003397b3) sll     a5, t2, gp
3 0x800060f8 (0x003397b3) x15 0x00000002
core   0: 0xffffffff800060fc (0x400d8b33) sub     s6, s11, zero
3 0x800060fc (0x400d8b33) x22 0x00000000
core   0: 0xffffffff80006100 (0x41dd51b3) sra     gp, s10, t4
3 0x80006100 (0x41dd51b3) x 3 0xfffffea4
core   0: 0xffffffff80006104 (0x00495c33) srl     s8, s2, tp
3 0x80006104 (0x00495c33) x24 0x00000000
core   0: 0xffffffff80006108 (0x34ec0893) addi    a7, s8, 846
3 0x80006108 (0x34ec0893) x17 0x0000034e
core   0: 0xffffffff8000610c (0xfb43bf93) sltiu   t6, t2, -76
3 0x8000610c (0xfb43bf93) x31 0x00000001
core   0: 0xffffffff80006110 (0x00749eb3) sll     t4, s1, t2
3 0x80006110 (0x00749eb3) x29 0x00021cc8
core   0: 0xffffffff80006114 (0xc7b56093) ori     ra, a0, -901
3 0x80006114 (0xc7b56093) x 1 0xfffffcff
core   0: 0xffffffff80006118 (0xcac1ff93) andi    t6, gp, -852
3 0x80006118 (0xcac1ff93) x31 0xfffffca4
core   0: 0xffffffff8000611c (0x016b6933) or      s2, s6, s6
3 0x8000611c (0x016b6933) x18 0x00000000
core   0: 0xffffffff80006120 (0x41555393) srai    t2, a0, 21
3 0x80006120 (0x41555393) x 7 0x00000129
core   0: 0xffffffff80006124 (0x25e6d797) auipc   a5, 0x25e6d
3 0x80006124 (0x25e6d797) x15 0xa5e73124
core   0: 0xffffffff80006128 (0x0072fdb3) and     s11, t0, t2
3 0x80006128 (0x0072fdb3) x27 0x00000121
core   0: 0xffffffff8000612c (0x408f5c33) sra     s8, t5, s0
3 0x8000612c (0x408f5c33) x24 0xffffffff
core   0: 0xffffffff80006130 (0x05a02817) auipc   a6, 0x5a02
3 0x80006130 (0x05a02817) x16 0x85a08130
core   0: 0xffffffff80006134 (0xe1f2db97) auipc   s7, 0xe1f2d
3 0x80006134 (0xe1f2db97) x23 0x61f33134
core   0: 0xffffffff80006138 (0xe46f0213) addi    tp, t5, -442
3 0x80006138 (0xe46f0213) x 4 0xfffffe45
core   0: 0xffffffff8000613c (0x40f40e33) sub     t3, s0, a5
3 0x8000613c (0x40f40e33) x28 0x5a18ceec
core   0: 0xffffffff80006140 (0x0183d013) srli    zero, t2, 24
3 0x80006140 (0x0183d013)
core   0: 0xffffffff80006144 (0x9b31dbb7) lui     s7, 0x9b31d
3 0x80006144 (0x9b31dbb7) x23 0x9b31d000
core   0: 0xffffffff80006148 (0x01d57333) and     t1, a0, t4
3 0x80006148 (0x01d57333) x 6 0x000010c0
core   0: 0xffffffff8000614c (0x10c62513) slti    a0, a2, 268
3 0x8000614c (0x10c62513) x10 0x00000001
core   0: 0xffffffff80006150 (0x0ea13093) sltiu   ra, sp, 234
3 0x80006150 (0x0ea13093) x 1 0x00000000
core   0: 0xffffffff80006154 (0x005b1cb3) sll     s9, s6, t0
3 0x80006154 (0x005b1cb3) x25 0x00000000
core   0: 0xffffffff80006158 (0x019c9813) slli    a6, s9, 25
3 0x80006158 (0x019c9813) x16 0x00000000
core   0: 0xffffffff8000615c (0x01fa9fb3) sll     t6, s5, t6
3 0x8000615c (0x01fa9fb3) x31 0xce240dc0
core   0: 0xffffffff80006160 (0x48ff7737) lui     a4, 0x48ff7
3 0x80006160 (0x48ff7737) x14 0x48ff7000
core   0: 0xffffffff80006164 (0x00551933) sll     s2, a0, t0
3 0x80006164 (0x00551933) x18 0x00000020
core   0: 0xffffffff80006168 (0x01170533) add     a0, a4, a7
3 0x80006168 (0x01170533) x10 0x48ff734e
core   0: 0xffffffff8000616c (0xe62bee93) ori     t4, s7, -414
3 0x8000616c (0xe62bee93) x29 0xfffffe62
core   0: 0xffffffff80006170 (0x00b85033) srl     zero, a6, a1
3 0x80006170 (0x00b85033)
core   0: 0xffffffff80006174 (0x3315f893) andi    a7, a1, 817
3 0x80006174 (0x3315f893) x17 0x00000000
core   0: 0xffffffff80006178 (0x40b80c33) sub     s8, a6, a1
3 0x80006178 (0x40b80c33) x24 0x00000000
core   0: 0xffffffff8000617c (0x0196f333) and     t1, a3, s9
3 0x8000617c (0x0196f333) x 6 0x00000000
core   0: 0xffffffff80006180 (0x00000013) nop
3 0x80006180 (0x00000013)
core   0: 0xffffffff80006184 (0x3c09f813) andi    a6, s3, 960
3 0x80006184 (0x3c09f813) x16 0x00000000
core   0: 0xffffffff80006188 (0xe1f86d93) ori     s11, a6, -481
3 0x80006188 (0xe1f86d93) x27 0xfffffe1f
core   0: 0xffffffff8000618c (0xefb67d93) andi    s11, a2, -261
3 0x8000618c (0xefb67d93) x27 0x00000002
core   0: 0xffffffff80006190 (0xff34bb13) sltiu   s6, s1, -13
3 0x80006190 (0xff34bb13) x22 0x00000001
core   0: 0xffffffff80006194 (0x000160b3) or      ra, sp, zero
3 0x80006194 (0x000160b3) x 1 0xfffffd65
core   0: 0xffffffff80006198 (0x0133b1b3) sltu    gp, t2, s3
3 0x80006198 (0x0133b1b3) x 3 0x00000000
core   0: 0xffffffff8000619c (0x00dbdf13) srli    t5, s7, 13
3 0x8000619c (0x00dbdf13) x30 0x0004d98e
core   0: 0xffffffff800061a0 (0x008d5eb3) srl     t4, s10, s0
3 0x800061a0 (0x008d5eb3) x29 0x0000d492
core   0: 0xffffffff800061a4 (0x41e88f33) sub     t5, a7, t5
3 0x800061a4 (0x41e88f33) x30 0xfffb2672
core   0: 0xffffffff800061a8 (0xee0b7517) auipc   a0, 0xee0b7
3 0x800061a8 (0xee0b7517) x10 0x6e0bd1a8
core   0: 0xffffffff800061ac (0x02866e13) ori     t3, a2, 40
3 0x800061ac (0x02866e13) x28 0x0000002a
core   0: 0xffffffff800061b0 (0x01758b33) add     s6, a1, s7
3 0x800061b0 (0x01758b33) x22 0x9b31d000
core   0: 0xffffffff800061b4 (0x406f5313) srai    t1, t5, 6
3 0x800061b4 (0x406f5313) x 6 0xffffec99
core   0: 0xffffffff800061b8 (0x000477b3) and     a5, s0, zero
3 0x800061b8 (0x000477b3) x15 0x00000000
core   0: 0xffffffff800061bc (0x01d93cb3) sltu    s9, s2, t4
3 0x800061bc (0x01d93cb3) x25 0x00000001
core   0: 0xffffffff800061c0 (0x00c205b3) add     a1, tp, a2
3 0x800061c0 (0x00c205b3) x11 0xfffffe47
core   0: 0xffffffff800061c4 (0x01eed713) srli    a4, t4, 30
3 0x800061c4 (0x01eed713) x14 0x00000000
core   0: 0xffffffff800061c8 (0x0164c533) xor     a0, s1, s6
3 0x800061c8 (0x0164c533) x10 0x1b30de64
core   0: 0xffffffff800061cc (0x09ab3813) sltiu   a6, s6, 154
3 0x800061cc (0x09ab3813) x16 0x00000000
core   0: 0xffffffff800061d0 (0x01b79713) slli    a4, a5, 27
3 0x800061d0 (0x01b79713) x14 0x00000000
core   0: 0xffffffff800061d4 (0x01bc9293) slli    t0, s9, 27
3 0x800061d4 (0x01bc9293) x 5 0x08000000
core   0: 0xffffffff800061d8 (0x00f7a633) slt     a2, a5, a5
3 0x800061d8 (0x00f7a633) x12 0x00000000
core   0: 0xffffffff800061dc (0x00fe9513) slli    a0, t4, 15
3 0x800061dc (0x00fe9513) x10 0x6a490000
core   0: 0xffffffff800061e0 (0xeeb2e713) ori     a4, t0, -277
3 0x800061e0 (0xeeb2e713) x14 0xfffffeeb
core   0: 0xffffffff800061e4 (0x009befb3) or      t6, s7, s1
3 0x800061e4 (0x009befb3) x31 0x9b31de64
core   0: 0xffffffff800061e8 (0x1109a313) slti    t1, s3, 272
3 0x800061e8 (0x1109a313) x 6 0x00000001
core   0: 0xffffffff800061ec (0xeebacd93) xori    s11, s5, -277
3 0x800061ec (0xeebacd93) x27 0x331dbe37
core   0: 0xffffffff800061f0 (0x00cbef33) or      t5, s7, a2
3 0x800061f0 (0x00cbef33) x30 0x9b31d000
core   0: 0xffffffff800061f4 (0x017f72b3) and     t0, t5, s7
3 0x800061f4 (0x017f72b3) x 5 0x9b31d000
core   0: 0xffffffff800061f8 (0x34fbe993) ori     s3, s7, 847
3 0x800061f8 (0x34fbe993) x19 0x9b31d34f
core   0: 0xffffffff800061fc (0x36954993) xori    s3, a0, 873
3 0x800061fc (0x36954993) x19 0x6a490369
core   0: 0xffffffff80006200 (0x01d75233) srl     tp, a4, t4
3 0x80006200 (0x01d75233) x 4 0x00003fff
core   0: 0xffffffff80006204 (0xd168f413) andi    s0, a7, -746
3 0x80006204 (0xd168f413) x 8 0x00000000
core   0: 0xffffffff80006208 (0x40685233) sra     tp, a6, t1
3 0x80006208 (0x40685233) x 4 0x00000000
core   0: 0xffffffff8000620c (0x0077ec33) or      s8, a5, t2
3 0x8000620c (0x0077ec33) x24 0x00000129
core   0: 0xffffffff80006210 (0x01125db3) srl     s11, tp, a7
3 0x80006210 (0x01125db3) x27 0x00000000
core   0: 0xffffffff80006214 (0xfc92fd93) andi    s11, t0, -55
3 0x80006214 (0xfc92fd93) x27 0x9b31d000
core   0: 0xffffffff80006218 (0x40068733) sub     a4, a3, zero
3 0x80006218 (0x40068733) x14 0x00000000
core   0: 0xffffffff8000621c (0x01da8f33) add     t5, s5, t4
3 0x8000621c (0x01da8f33) x30 0xcce3156e
core   0: 0xffffffff80006220 (0x40c983b3) sub     t2, s3, a2
3 0x80006220 (0x40c983b3) x 7 0x6a490369
core   0: 0xffffffff80006224 (0x01e348b3) xor     a7, t1, t5
3 0x80006224 (0x01e348b3) x17 0xcce3156f
core   0: 0xffffffff80006228 (0x416edc33) sra     s8, t4, s6
3 0x80006228 (0x416edc33) x24 0x0000d492
core   0: 0xffffffff8000622c (0x00009d93) slli    s11, ra, 0
3 0x8000622c (0x00009d93) x27 0xfffffd65
core   0: 0xffffffff80006230 (0xfab17993) andi    s3, sp, -85
3 0x80006230 (0xfab17993) x19 0xfffffd21
core   0: 0xffffffff80006234 (0x14d17097) auipc   ra, 0x14d17
3 0x80006234 (0x14d17097) x 1 0x94d1d234
core   0: 0xffffffff80006238 (0x402c5db3) sra     s11, s8, sp
3 0x80006238 (0x402c5db3) x27 0x000006a4
core   0: 0xffffffff8000623c (0x00c69913) slli    s2, a3, 12
3 0x8000623c (0x00c69913) x18 0x00000000
core   0: 0xffffffff80006240 (0x00f5ab33) slt     s6, a1, a5
3 0x80006240 (0x00f5ab33) x22 0x00000001
core   0: 0xffffffff80006244 (0xe4207213) andi    tp, zero, -446
3 0x80006244 (0xe4207213) x 4 0x00000000
core   0: 0xffffffff80006248 (0x41900233) sub     tp, zero, s9
3 0x80006248 (0x41900233) x 4 0xffffffff
core   0: 0xffffffff8000624c (0xf9084e13) xori    t3, a6, -112
3 0x8000624c (0xf9084e13) x28 0xffffff90
core   0: 0xffffffff80006250 (0x404807b3) sub     a5, a6, tp
3 0x80006250 (0x404807b3) x15 0x00000001
core   0: 0xffffffff80006254 (0x400e5213) srai    tp, t3, 0
3 0x80006254 (0x400e5213) x 4 0xffffff90
core   0: 0xffffffff80006258 (0x3f81a593) slti    a1, gp, 1016
3 0x80006258 (0x3f81a593) x11 0x00000001
core   0: 0xffffffff8000625c (0x3a12eb13) ori     s6, t0, 929
3 0x8000625c (0x3a12eb13) x22 0x9b31d3a1
core   0: 0xffffffff80006260 (0x01b2d713) srli    a4, t0, 27
3 0x80006260 (0x01b2d713) x14 0x00000013
core   0: 0xffffffff80006264 (0x004fa733) slt     a4, t6, tp
3 0x80006264 (0x004fa733) x14 0x00000001
core   0: 0xffffffff80006268 (0x01032e33) slt     t3, t1, a6
3 0x80006268 (0x01032e33) x28 0x00000000
core   0: 0xffffffff8000626c (0x01505693) srli    a3, zero, 21
3 0x8000626c (0x01505693) x13 0x00000000
core   0: 0xffffffff80006270 (0x417b5cb3) sra     s9, s6, s7
3 0x80006270 (0x417b5cb3) x25 0x9b31d3a1
core   0: 0xffffffff80006274 (0xd94c0313) addi    t1, s8, -620
3 0x80006274 (0xd94c0313) x 6 0x0000d226
core   0: 0xffffffff80006278 (0x0174dfb3) srl     t6, s1, s7
3 0x80006278 (0x0174dfb3) x31 0x80010e64
core   0: 0xffffffff8000627c (0x016afbb3) and     s7, s5, s6
3 0x8000627c (0x016afbb3) x23 0x88204080
core   0: 0xffffffff80006280 (0x00775913) srli    s2, a4, 7
3 0x80006280 (0x00775913) x18 0x00000000
core   0: 0xffffffff80006284 (0xd4a7a393) slti    t2, a5, -694
3 0x80006284 (0xd4a7a393) x 7 0x00000000
core   0: 0xffffffff80006288 (0x7ee731b7) lui     gp, 0x7ee73
3 0x80006288 (0x7ee731b7) x 3 0x7ee73000
core   0: 0xffffffff8000628c (0x017eae33) slt     t3, t4, s7
3 0x8000628c (0x017eae33) x28 0x00000000
core   0: 0xffffffff80006290 (0x1bbeb013) sltiu   zero, t4, 443
3 0x80006290 (0x1bbeb013)
core   0: 0xffffffff80006294 (0x00000013) nop
3 0x80006294 (0x00000013)
core   0: 0xffffffff80006298 (0x0051e2b3) or      t0, gp, t0
3 0x80006298 (0x0051e2b3) x 5 0xfff7f000
core   0: 0xffffffff8000629c (0xf34eae93) slti    t4, t4, -204
3 0x8000629c (0xf34eae93) x29 0x00000000
core   0: 0xffffffff800062a0 (0x002c7db3) and     s11, s8, sp
3 0x800062a0 (0x002c7db3) x27 0x0000d400
core   0: 0xffffffff800062a4 (0x00e30733) add     a4, t1, a4
3 0x800062a4 (0x00e30733) x14 0x0000d227
core   0: 0xffffffff800062a8 (0x012dff33) and     t5, s11, s2
3 0x800062a8 (0x012dff33) x30 0x00000000
core   0: 0xffffffff800062ac (0x36352e13) slti    t3, a0, 867
3 0x800062ac (0x36352e13) x28 0x00000000
core   0: 0xffffffff800062b0 (0x227eeb13) ori     s6, t4, 551
3 0x800062b0 (0x227eeb13) x22 0x00000227
core   0: 0xffffffff800062b4 (0x4093d933) sra     s2, t2, s1
3 0x800062b4 (0x4093d933) x18 0x00000000
core   0: 0xffffffff800062b8 (0xe0c08793) addi    a5, ra, -500
3 0x800062b8 (0xe0c08793) x15 0x94d1d040
core   0: 0xffffffff800062bc (0x01279e93) slli    t4, a5, 18
3 0x800062bc (0x01279e93) x29 0x41000000
core   0: 0xffffffff800062c0 (0x00c31b93) slli    s7, t1, 12
3 0x800062c0 (0x00c31b93) x23 0x0d226000
core   0: 0xffffffff800062c4 (0x418f0033) sub     zero, t5, s8
3 0x800062c4 (0x418f0033)
core   0: 0xffffffff800062c8 (0x4152da93) srai    s5, t0, 21
3 0x800062c8 (0x4152da93) x21 0xffffffff
core   0: 0xffffffff800062cc (0x007535b3) sltu    a1, a0, t2
3 0x800062cc (0x007535b3) x11 0x00000000
core   0: 0xffffffff800062d0 (0x00b37333) and     t1, t1, a1
3 0x800062d0 (0x00b37333) x 6 0x00000000
core   0: 0xffffffff800062d4 (0xce0c4f93) xori    t6, s8, -800
3 0x800062d4 (0xce0c4f93) x31 0xffff2872
core   0: 0xffffffff800062d8 (0x0044f7b3) and     a5, s1, tp
3 0x800062d8 (0x0044f7b3) x15 0x80010e00
core   0: 0xffffffff800062dc (0x00000013) nop
3 0x800062dc (0x00000013)
core   0: 0xffffffff800062e0 (0x01ab53b3) srl     t2, s6, s10
3 0x800062e0 (0x01ab53b3) x 7 0x00000004
core   0: 0xffffffff800062e4 (0x40835f93) srai    t6, t1, 8
3 0x800062e4 (0x40835f93) x31 0x00000000
core   0: 0xffffffff800062e8 (0x000ab633) sltu    a2, s5, zero
3 0x800062e8 (0x000ab633) x12 0x00000000
core   0: 0xffffffff800062ec (0x402f5e93) srai    t4, t5, 2
3 0x800062ec (0x402f5e93) x29 0x00000000
core   0: 0xffffffff800062f0 (0x00f39813) slli    a6, t2, 15
3 0x800062f0 (0x00f39813) x16 0x00020000
core   0: 0xffffffff800062f4 (0x9ae279b7) lui     s3, 0x9ae27
3 0x800062f4 (0x9ae279b7) x19 0x9ae27000
core   0: 0xffffffff800062f8 (0xcec4c613) xori    a2, s1, -788
3 0x800062f8 (0xcec4c613) x12 0x7ffef288
core   0: 0xffffffff800062fc (0x4103de13) srai    t3, t2, 16
3 0x800062fc (0x4103de13) x28 0x00000000
core   0: 0xffffffff80006300 (0x35680093) addi    ra, a6, 854
3 0x80006300 (0x35680093) x 1 0x00020356
core   0: 0xffffffff80006304 (0x0007ac33) slt     s8, a5, zero
3 0x80006304 (0x0007ac33) x24 0x00000001
core   0: 0xffffffff80006308 (0x1fb03813) sltiu   a6, zero, 507
3 0x80006308 (0x1fb03813) x16 0x00000001
core   0: 0xffffffff8000630c (0xe3bb6bb7) lui     s7, 0xe3bb6
3 0x8000630c (0xe3bb6bb7) x23 0xe3bb6000
core   0: 0xffffffff80006310 (0xf0e63993) sltiu   s3, a2, -242
3 0x80006310 (0xf0e63993) x19 0x00000001
core   0: 0xffffffff80006314 (0x00641b33) sll     s6, s0, t1
3 0x80006314 (0x00641b33) x22 0x00000000
core   0: 0xffffffff80006318 (0x001a9313) slli    t1, s5, 1
3 0x80006318 (0x001a9313) x 6 0xfffffffe
core   0: 0xffffffff8000631c (0x401d8cb3) sub     s9, s11, ra
3 0x8000631c (0x401d8cb3) x25 0xfffed0aa
core   0: 0xffffffff80006320 (0x1c79f513) andi    a0, s3, 455
3 0x80006320 (0x1c79f513) x10 0x00000001
core   0: 0xffffffff80006324 (0x0126ab33) slt     s6, a3, s2
3 0x80006324 (0x0126ab33) x22 0x00000000
core   0: 0xffffffff80006328 (0x41e2dc33) sra     s8, t0, t5
3 0x80006328 (0x41e2dc33) x24 0xfff7f000
core   0: 0xffffffff8000632c (0x0024a133) slt     sp, s1, sp
3 0x8000632c (0x0024a133) x 2 0x00000001
core   0: 0xffffffff80006330 (0x40f95693) srai    a3, s2, 15
3 0x80006330 (0x40f95693) x13 0x00000000
core   0: 0xffffffff80006334 (0xe6f5eb13) ori     s6, a1, -401
3 0x80006334 (0xe6f5eb13) x22 0xfffffe6f
core   0: 0xffffffff80006338 (0xd8a0e413) ori     s0, ra, -630
3 0x80006338 (0xd8a0e413) x 8 0xffffffde
core   0: 0xffffffff8000633c (0x00045013) srli    zero, s0, 0
3 0x8000633c (0x00045013)
core   0: 0xffffffff80006340 (0x01affc33) and     s8, t6, s10
3 0x80006340 (0x01affc33) x24 0x00000000
core   0: 0xffffffff80006344 (0x40495513) srai    a0, s2, 4
3 0x80006344 (0x40495513) x10 0x00000000
core   0: 0xffffffff80006348 (0x00e71433) sll     s0, a4, a4
3 0x80006348 (0x00e71433) x 8 0x00691380
core   0: 0xffffffff8000634c (0x41ce5c33) sra     s8, t3, t3
3 0x8000634c (0x41ce5c33) x24 0x00000000
core   0: 0xffffffff80006350 (0x000cb533) sltu    a0, s9, zero
3 0x80006350 (0x000cb533) x10 0x00000000
core   0: 0xffffffff80006354 (0xdad14a93) xori    s5, sp, -595
3 0x80006354 (0xdad14a93) x21 0xfffffdac
core   0: 0xffffffff80006358 (0x6819c697) auipc   a3, 0x6819c
3 0x80006358 (0x6819c697) x13 0xe81a2358
core   0: 0xffffffff8000635c (0x3ab74413) xori    s0, a4, 939
3 0x8000635c (0x3ab74413) x 8 0x0000d18c
core   0: 0xffffffff80006360 (0x00000013) nop
3 0x80006360 (0x00000013)
core   0: 0xffffffff80006364 (0x9ce72217) auipc   tp, 0x9ce72
3 0x80006364 (0x9ce72217) x 4 0x1ce78364
core   0: 0xffffffff80006368 (0x00000013) nop
3 0x80006368 (0x00000013)
core   0: 0xffffffff8000636c (0x01c9ffb3) and     t6, s3, t3
3 0x8000636c (0x01c9ffb3) x31 0x00000000
core   0: 0xffffffff80006370 (0x40c7d293) srai    t0, a5, 12
3 0x80006370 (0x40c7d293) x 5 0xfff80010
core   0: 0xffffffff80006374 (0x00f0a533) slt     a0, ra, a5
3 0x80006374 (0x00f0a533) x10 0x00000000
core   0: 0xffffffff80006378 (0x013c5733) srl     a4, s8, s3
3 0x80006378 (0x013c5733) x14 0x00000000
core   0: 0xffffffff8000637c (0xdd0d8f93) addi    t6, s11, -560
3 0x8000637c (0xdd0d8f93) x31 0x0000d1d0
core   0: 0xffffffff80006380 (0x36286b93) ori     s7, a6, 866
3 0x80006380 (0x36286b93) x23 0x00000363
core   0: 0xffffffff80006384 (0x014d5793) srli    a5, s10, 20
3 0x80006384 (0x014d5793) x15 0x00000d49
core   0: 0xffffffff80006388 (0x0725f713) andi    a4, a1, 114
3 0x80006388 (0x0725f713) x14 0x00000000
core   0: 0xffffffff8000638c (0x01d081b3) add     gp, ra, t4
3 0x8000638c (0x01d081b3) x 3 0x00020356
core   0: 0xffffffff80006390 (0xdb286213) ori     tp, a6, -590
3 0x80006390 (0xdb286213) x 4 0xfffffdb3
core   0: 0xffffffff80006394 (0x00b61693) slli    a3, a2, 11
3 0x80006394 (0x00b61693) x13 0xf7944000
core   0: 0xffffffff80006398 (0x002b8033) add     zero, s7, sp
3 0x80006398 (0x002b8033)
core   0: 0xffffffff8000639c (0xca1ce337) lui     t1, 0xca1ce
3 0x8000639c (0xca1ce337) x 6 0xca1ce000
core   0: 0xffffffff800063a0 (0x01ab9c13) slli    s8, s7, 26
3 0x800063a0 (0x01ab9c13) x24 0x8c000000
core   0: 0xffffffff800063a4 (0x008e0b33) add     s6, t3, s0
3 0x800063a4 (0x008e0b33) x22 0x0000d18c
core   0: 0xffffffff800063a8 (0xeb843093) sltiu   ra, s0, -328
3 0x800063a8 (0xeb843093) x 1 0x00000001
core   0: 0xffffffff800063ac (0x2f94a293) slti    t0, s1, 761
3 0x800063ac (0x2f94a293) x 5 0x00000001
core   0: 0xffffffff800063b0 (0xf12e2913) slti    s2, t3, -238
3 0x800063b0 (0xf12e2913) x18 0x00000000
core   0: 0xffffffff800063b4 (0xec7b4713) xori    a4, s6, -313
3 0x800063b4 (0xec7b4713) x14 0xffff2f4b
core   0: 0xffffffff800063b8 (0x01ee5393) srli    t2, t3, 30
3 0x800063b8 (0x01ee5393) x 7 0x00000000
core   0: 0xffffffff800063bc (0x55f9a637) lui     a2, 0x55f9a
3 0x800063bc (0x55f9a637) x12 0x55f9a000
core   0: 0xffffffff800063c0 (0xc9a7ab93) slti    s7, a5, -870
3 0x800063c0 (0xc9a7ab93) x23 0x00000000
core   0: 0xffffffff800063c4 (0x2060c993) xori    s3, ra, 518
3 0x800063c4 (0x2060c993) x19 0x00000207
core   0: 0xffffffff800063c8 (0x00f0e0b3) or      ra, ra, a5
3 0x800063c8 (0x00f0e0b3) x 1 0x00000d49
core   0: 0xffffffff800063cc (0x0137e9b3) or      s3, a5, s3
3 0x800063cc (0x0137e9b3) x19 0x00000f4f
core   0: 0xffffffff800063d0 (0x006c2cb3) slt     s9, s8, t1
3 0x800063d0 (0x006c2cb3) x25 0x00000001
core   0: 0xffffffff800063d4 (0x3aa63593) sltiu   a1, a2, 938
3 0x800063d4 (0x3aa63593) x11 0x00000000
core   0: 0xffffffff800063d8 (0x01fa48b3) xor     a7, s4, t6
3 0x800063d8 (0x01fa48b3) x17 0x80019d34
core   0: 0xffffffff800063dc (0x407a5733) sra     a4, s4, t2
3 0x800063dc (0x407a5733) x14 0x80014ce4
core   0: 0xffffffff800063e0 (0x0cd22313) slti    t1, tp, 205
3 0x800063e0 (0x0cd22313) x 6 0x00000001
core   0: 0xffffffff800063e4 (0xef0f3613) sltiu   a2, t5, -272
3 0x800063e4 (0xef0f3613) x12 0x00000001
core   0: 0xffffffff800063e8 (0x01de8eb3) add     t4, t4, t4
3 0x800063e8 (0x01de8eb3) x29 0x00000000
core   0: 0xffffffff800063ec (0x405d5133) sra     sp, s10, t0
3 0x800063ec (0x405d5133) x 2 0xea4912b3
core   0: 0xffffffff800063f0 (0x019d21b3) slt     gp, s10, s9
3 0x800063f0 (0x019d21b3) x 3 0x00000001
core   0: 0xffffffff800063f4 (0x1561c813) xori    a6, gp, 342
3 0x800063f4 (0x1561c813) x16 0x00000157
core   0: 0xffffffff800063f8 (0x41b48433) sub     s0, s1, s11
3 0x800063f8 (0x41b48433) x 8 0x80003a64
core   0: 0xffffffff800063fc (0x41d68033) sub     zero, a3, t4
3 0x800063fc (0x41d68033)
core   0: 0xffffffff80006400 (0x0011fab3) and     s5, gp, ra
3 0x80006400 (0x0011fab3) x21 0x00000001
core   0: 0xffffffff80006404 (0x00dda3b3) slt     t2, s11, a3
3 0x80006404 (0x00dda3b3) x 7 0x00000000
core   0: 0xffffffff80006408 (0x01421293) slli    t0, tp, 20
3 0x80006408 (0x01421293) x 5 0xdb300000
core   0: 0xffffffff8000640c (0x00a331b3) sltu    gp, t1, a0
3 0x8000640c (0x00a331b3) x 3 0x00000000
core   0: 0xffffffff80006410 (0x17e44793) xori    a5, s0, 382
3 0x80006410 (0x17e44793) x15 0x80003b1a
core   0: 0xffffffff80006414 (0x00549e33) sll     t3, s1, t0
3 0x80006414 (0x00549e33) x28 0x80010e64
core   0: 0xffffffff80006418 (0xec169937) lui     s2, 0xec169
3 0x80006418 (0xec169937) x18 0xec169000
core   0: 0xffffffff8000641c (0x7b090913) addi    s2, s2, 1968
3 0x8000641c (0x7b090913) x18 0xec1697b0
core   0: 0xffffffff80006420 (0x80000437) lui     s0, 0x80000
3 0x80006420 (0x80000437) x 8 0x80000000
core   0: 0xffffffff80006424 (0x00000793) li      a5, 0
3 0x80006424 (0x00000793) x15 0x00000000
core   0: 0xffffffff80006428 (0xfff00e93) li      t4, -1
3 0x80006428 (0xfff00e93) x29 0xffffffff
core   0: 0xffffffff8000642c (0xfff00a93) li      s5, -1
3 0x8000642c (0xfff00a93) x21 0xffffffff
core   0: 0xffffffff80006430 (0xfff00713) li      a4, -1
3 0x80006430 (0xfff00713) x14 0xffffffff
core   0: 0xffffffff80006434 (0x80000337) lui     t1, 0x80000
3 0x80006434 (0x80000337) x 6 0x80000000
core   0: 0xffffffff80006438 (0x80000e37) lui     t3, 0x80000
3 0x80006438 (0x80000e37) x28 0x80000000
core   0: 0xffffffff8000643c (0x800005b7) lui     a1, 0x80000
3 0x8000643c (0x800005b7) x11 0x80000000
core   0: 0xffffffff80006440 (0x80000f37) lui     t5, 0x80000
3 0x80006440 (0x80000f37) x30 0x80000000
core   0: 0xffffffff80006444 (0x01c407b3) add     a5, s0, t3
3 0x80006444 (0x01c407b3) x15 0x00000000
core   0: 0xffffffff80006448 (0x00000013) nop
3 0x80006448 (0x00000013)
core   0: 0xffffffff8000644c (0x14014937) lui     s2, 0x14014
3 0x8000644c (0x14014937) x18 0x14014000
core   0: 0xffffffff80006450 (0x23930a93) addi    s5, t1, 569
3 0x80006450 (0x23930a93) x21 0x80000239
core   0: 0xffffffff80006454 (0x01c585b3) add     a1, a1, t3
3 0x80006454 (0x01c585b3) x11 0x00000000
core   0: 0xffffffff80006458 (0x00ef0433) add     s0, t5, a4
3 0x80006458 (0x00ef0433) x 8 0x7fffffff
core   0: 0xffffffff8000645c (0x690ee597) auipc   a1, 0x690ee
3 0x8000645c (0x690ee597) x11 0xe90f445c
core   0: 0xffffffff80006460 (0x012305b3) add     a1, t1, s2
3 0x80006460 (0x012305b3) x11 0x94014000
core   0: 0xffffffff80006464 (0x4e770937) lui     s2, 0x4e770
3 0x80006464 (0x4e770937) x18 0x4e770000
core   0: 0xffffffff80006468 (0x8059fab7) lui     s5, 0x8059f
3 0x80006468 (0x8059fab7) x21 0x8059f000
core   0: 0xffffffff8000646c (0x40e407b3) sub     a5, s0, a4
3 0x8000646c (0x40e407b3) x15 0x80000000
core   0: 0xffffffff80006470 (0xdc578913) addi    s2, a5, -571
3 0x80006470 (0xdc578913) x18 0x7ffffdc5
core   0: 0xffffffff80006474 (0x412f07b3) sub     a5, t5, s2
3 0x80006474 (0x412f07b3) x15 0x0000023b
core   0: 0xffffffff80006478 (0x00000013) nop
3 0x80006478 (0x00000013)
core   0: 0xffffffff8000647c (0x01d40eb3) add     t4, s0, t4
3 0x8000647c (0x01d40eb3) x29 0x7ffffffe
core   0: 0xffffffff80006480 (0xfc7e1e17) auipc   t3, 0xfc7e1
3 0x80006480 (0xfc7e1e17) x28 0x7c7e7480
core   0: 0xffffffff80006484 (0x05d7af17) auipc   t5, 0x5d7a
3 0x80006484 (0x05d7af17) x30 0x85d80484
core   0: 0xffffffff80006488 (0x12730313) addi    t1, t1, 295
3 0x80006488 (0x12730313) x 6 0x80000127
core   0: 0xffffffff8000648c (0x9d5b3437) lui     s0, 0x9d5b3
3 0x8000648c (0x9d5b3437) x 8 0x9d5b3000
core   0: 0xffffffff80006490 (0x00b100b3) add     ra, sp, a1
3 0x80006490 (0x00b100b3) x 1 0x7e4a52b3
core   0: 0xffffffff80006494 (0xfb884c93) xori    s9, a6, -72
3 0x80006494 (0xfb884c93) x25 0xfffffeef
core   0: 0xffffffff80006498 (0x009a45b3) xor     a1, s4, s1
3 0x80006498 (0x009a45b3) x11 0x00004280
core   0: 0xffffffff8000649c (0xc6a4c793) xori    a5, s1, -918
3 0x8000649c (0xc6a4c793) x15 0x7ffef20e
core   0: 0xffffffff800064a0 (0x0100b833) sltu    a6, ra, a6
3 0x800064a0 (0x0100b833) x16 0x00000000
core   0: 0xffffffff800064a4 (0x41f751b3) sra     gp, a4, t6
3 0x800064a4 (0x41f751b3) x 3 0xffffffff
core   0: 0xffffffff800064a8 (0x0074efb3) or      t6, s1, t2
3 0x800064a8 (0x0074efb3) x31 0x80010e64
core   0: 0xffffffff800064ac (0x015f5b93) srli    s7, t5, 21
3 0x800064ac (0x015f5b93) x23 0x0000042e
core   0: 0xffffffff800064b0 (0x00000013) nop
3 0x800064b0 (0x00000013)
core   0: 0xffffffff800064b4 (0xd44cf713) andi    a4, s9, -700
3 0x800064b4 (0xd44cf713) x14 0xfffffc44
core   0: 0xffffffff800064b8 (0x0a142393) slti    t2, s0, 161
3 0x800064b8 (0x0a142393) x 7 0x00000001
core   0: 0xffffffff800064bc (0x40b3dbb3) sra     s7, t2, a1
3 0x800064bc (0x40b3dbb3) x23 0x00000001
core   0: 0xffffffff800064c0 (0xeab9fa93) andi    s5, s3, -341
3 0x800064c0 (0xeab9fa93) x21 0x00000e0b
core   0: 0xffffffff800064c4 (0x00000013) nop
3 0x800064c4 (0x00000013)
core   0: 0xffffffff800064c8 (0xeaf83e13) sltiu   t3, a6, -337
3 0x800064c8 (0xeaf83e13) x28 0x00000001
core   0: 0xffffffff800064cc (0x01521833) sll     a6, tp, s5
3 0x800064cc (0x01521833) x16 0xffed9800
core   0: 0xffffffff800064d0 (0x0153d3b3) srl     t2, t2, s5
3 0x800064d0 (0x0153d3b3) x 7 0x00000000
core   0: 0xffffffff800064d4 (0x2db6a413) slti    s0, a3, 731
3 0x800064d4 (0x2db6a413) x 8 0x00000001
core   0: 0xffffffff800064d8 (0x40f08533) sub     a0, ra, a5
3 0x800064d8 (0x40f08533) x10 0xfe4b60a5
core   0: 0xffffffff800064dc (0x251cf793) andi    a5, s9, 593
3 0x800064dc (0x251cf793) x15 0x00000241
core   0: 0xffffffff800064e0 (0x06423897) auipc   a7, 0x6423
3 0x800064e0 (0x06423897) x17 0x864294e0
core   0: 0xffffffff800064e4 (0x005e5413) srli    s0, t3, 5
3 0x800064e4 (0x005e5413) x 8 0x00000000
core   0: 0xffffffff800064e8 (0x004b59b3) srl     s3, s6, tp
3 0x800064e8 (0x004b59b3) x19 0x00000000
core   0: 0xffffffff800064ec (0x3adc4113) xori    sp, s8, 941
3 0x800064ec (0x3adc4113) x 2 0x8c0003ad
core   0: 0xffffffff800064f0 (0x01a33533) sltu    a0, t1, s10
3 0x800064f0 (0x01a33533) x10 0x00000001
core   0: 0xffffffff800064f4 (0xf9b7eb93) ori     s7, a5, -101
3 0x800064f4 (0xf9b7eb93) x23 0xffffffdb
core   0: 0xffffffff800064f8 (0x0170fab3) and     s5, ra, s7
3 0x800064f8 (0x0170fab3) x21 0x7e4a5293
core   0: 0xffffffff800064fc (0x0bdfb993) sltiu   s3, t6, 189
3 0x800064fc (0x0bdfb993) x19 0x00000000
core   0: 0xffffffff80006500 (0x015adbb3) srl     s7, s5, s5
3 0x80006500 (0x015adbb3) x23 0x00000fc9
core   0: 0xffffffff80006504 (0x419ed213) srai    tp, t4, 25
3 0x80006504 (0x419ed213) x 4 0x0000003f
core   0: 0xffffffff80006508 (0xe9d58413) addi    s0, a1, -355
3 0x80006508 (0xe9d58413) x 8 0x0000411d
core   0: 0xffffffff8000650c (0x5f51a197) auipc   gp, 0x5f51a
3 0x8000650c (0x5f51a197) x 3 0xdf52050c
core   0: 0xffffffff80006510 (0x008afcb3) and     s9, s5, s0
3 0x80006510 (0x008afcb3) x25 0x00004011
core   0: 0xffffffff80006514 (0x004c1213) slli    tp, s8, 4
3 0x80006514 (0x004c1213) x 4 0xc0000000
core   0: 0xffffffff80006518 (0x01589e13) slli    t3, a7, 21
3 0x80006518 (0x01589e13) x28 0x9c000000
core   0: 0xffffffff8000651c (0x16f44393) xori    t2, s0, 367
3 0x8000651c (0x16f44393) x 7 0x00004072
core   0: 0xffffffff80006520 (0x01d93eb3) sltu    t4, s2, t4
3 0x80006520 (0x01d93eb3) x29 0x00000001
core   0: 0xffffffff80006524 (0x015aa933) slt     s2, s5, s5
3 0x80006524 (0x015aa933) x18 0x00000000
core   0: 0xffffffff80006528 (0xcc8c7737) lui     a4, 0xcc8c7
3 0x80006528 (0xcc8c7737) x14 0xcc8c7000
core   0: 0xffffffff8000652c (0x00000013) nop
3 0x8000652c (0x00000013)
core   0: 0xffffffff80006530 (0x1b672e97) auipc   t4, 0x1b672
3 0x80006530 (0x1b672e97) x29 0x9b678530
core   0: 0xffffffff80006534 (0x01cd6cb3) or      s9, s10, t3
3 0x80006534 (0x01cd6cb3) x25 0xdc922567
core   0: 0xffffffff80006538 (0x34ef4093) xori    ra, t5, 846
3 0x80006538 (0x34ef4093) x 1 0x85d807ca
core   0: 0xffffffff8000653c (0x01bab1b3) sltu    gp, s5, s11
3 0x8000653c (0x01bab1b3) x 3 0x00000000
core   0: 0xffffffff80006540 (0x5a0ca2b7) lui     t0, 0x5a0ca
3 0x80006540 (0x5a0ca2b7) x 5 0x5a0ca000
core   0: 0xffffffff80006544 (0x2ed9e613) ori     a2, s3, 749
3 0x80006544 (0x2ed9e613) x12 0x000002ed
core   0: 0xffffffff80006548 (0x405b5bb3) sra     s7, s6, t0
3 0x80006548 (0x405b5bb3) x23 0x0000d18c
core   0: 0xffffffff8000654c (0x41c0d933) sra     s2, ra, t3
3 0x8000654c (0x41c0d933) x18 0x85d807ca
core   0: 0xffffffff80006550 (0x013e1713) slli    a4, t3, 19
3 0x80006550 (0x013e1713) x14 0x00000000
core   0: 0xffffffff80006554 (0x00000013) nop
3 0x80006554 (0x00000013)
core   0: 0xffffffff80006558 (0xfff7ff93) andi    t6, a5, -1
3 0x80006558 (0xfff7ff93) x31 0x00000241
core   0: 0xffffffff8000655c (0x41a8df93) srai    t6, a7, 26
3 0x8000655c (0x41a8df93) x31 0xffffffe1
core   0: 0xffffffff80006560 (0x01ad6cb3) or      s9, s10, s10
3 0x80006560 (0x01ad6cb3) x25 0xd4922567
core   0: 0xffffffff80006564 (0x4146d433) sra     s0, a3, s4
3 0x80006564 (0x4146d433) x 8 0xff794400
core   0: 0xffffffff80006568 (0x00993cb3) sltu    s9, s2, s1
3 0x80006568 (0x00993cb3) x25 0x00000000
core   0: 0xffffffff8000656c (0x01378eb3) add     t4, a5, s3
3 0x8000656c (0x01378eb3) x29 0x00000241
core   0: 0xffffffff80006570 (0x01307333) and     t1, zero, s3
3 0x80006570 (0x01307333) x 6 0x00000000
core   0: 0xffffffff80006574 (0x18014193) xori    gp, sp, 384
3 0x80006574 (0x18014193) x 3 0x8c00022d
core   0: 0xffffffff80006578 (0x01f78ab3) add     s5, a5, t6
3 0x80006578 (0x01f78ab3) x21 0x00000222
core   0: 0xffffffff8000657c (0x007b3333) sltu    t1, s6, t2
3 0x8000657c (0x007b3333) x 6 0x00000000
core   0: 0xffffffff80006580 (0xf985b613) sltiu   a2, a1, -104
3 0x80006580 (0xf985b613) x12 0x00000001
core   0: 0xffffffff80006584 (0x26e32437) lui     s0, 0x26e32
3 0x80006584 (0x26e32437) x 8 0x26e32000
core   0: 0xffffffff80006588 (0x0159ffb3) and     t6, s3, s5
3 0x80006588 (0x0159ffb3) x31 0x00000000
core   0: 0xffffffff8000658c (0x1625be13) sltiu   t3, a1, 354
3 0x8000658c (0x1625be13) x28 0x00000000
core   0: 0xffffffff80006590 (0xc765ee13) ori     t3, a1, -906
3 0x80006590 (0xc765ee13) x28 0xfffffef6
core   0: 0xffffffff80006594 (0x00be1133) sll     sp, t3, a1
3 0x80006594 (0x00be1133) x 2 0xfffffef6
core   0: 0xffffffff80006598 (0x00eed013) srli    zero, t4, 14
3 0x80006598 (0x00eed013)
core   0: 0xffffffff8000659c (0x4016db13) srai    s6, a3, 1
3 0x8000659c (0x4016db13) x22 0xfbca2000
core   0: 0xffffffff800065a0 (0x414bdbb3) sra     s7, s7, s4
3 0x800065a0 (0x414bdbb3) x23 0x00000d18
core   0: 0xffffffff800065a4 (0x00c736b3) sltu    a3, a4, a2
3 0x800065a4 (0x00c736b3) x13 0x00000001
core   0: 0xffffffff800065a8 (0x414306b3) sub     a3, t1, s4
3 0x800065a8 (0x414306b3) x13 0x7ffeb31c
core   0: 0xffffffff800065ac (0x00000013) nop
3 0x800065ac (0x00000013)
core   0: 0xffffffff800065b0 (0x41ad5d93) srai    s11, s10, 26
3 0x800065b0 (0x41ad5d93) x27 0xfffffff5
core   0: 0xffffffff800065b4 (0x01805e13) srli    t3, zero, 24
3 0x800065b4 (0x01805e13) x28 0x00000000
core   0: 0xffffffff800065b8 (0x01125733) srl     a4, tp, a7
3 0x800065b8 (0x01125733) x14 0xc0000000
core   0: 0xffffffff800065bc (0x150dad93) slti    s11, s11, 336
3 0x800065bc (0x150dad93) x27 0x00000001
core   0: 0xffffffff800065c0 (0xf966c793) xori    a5, a3, -106
3 0x800065c0 (0xf966c793) x15 0x80014c8a
core   0: 0xffffffff800065c4 (0x0e1a3993) sltiu   s3, s4, 225
3 0x800065c4 (0x0e1a3993) x19 0x00000000
core   0: 0xffffffff800065c8 (0x01d6cf33) xor     t5, a3, t4
3 0x800065c8 (0x01d6cf33) x30 0x7ffeb15d
core   0: 0xffffffff800065cc (0x409edfb3) sra     t6, t4, s1
3 0x800065cc (0x409edfb3) x31 0x00000024
core   0: 0xffffffff800065d0 (0x014a93b3) sll     t2, s5, s4
3 0x800065d0 (0x014a93b3) x 7 0x00002220
core   0: 0xffffffff800065d4 (0x002d9cb3) sll     s9, s11, sp
3 0x800065d4 (0x002d9cb3) x25 0x00400000
core   0: 0xffffffff800065d8 (0xda20e193) ori     gp, ra, -606
3 0x800065d8 (0xda20e193) x 3 0xffffffea
core   0: 0xffffffff800065dc (0xc3a9c593) xori    a1, s3, -966
3 0x800065dc (0xc3a9c593) x11 0xfffffc3a
core   0: 0xffffffff800065e0 (0x05d779b7) lui     s3, 0x5d77
3 0x800065e0 (0x05d779b7) x19 0x05d77000
core   0: 0xffffffff800065e4 (0x00135e33) srl     t3, t1, ra
3 0x800065e4 (0x00135e33) x28 0x00000000
core   0: 0xffffffff800065e8 (0x00000013) nop
3 0x800065e8 (0x00000013)
core   0: 0xffffffff800065ec (0x23af4013) xori    zero, t5, 570
3 0x800065ec (0x23af4013)
core   0: 0xffffffff800065f0 (0x00b83ab3) sltu    s5, a6, a1
3 0x800065f0 (0x00b83ab3) x21 0x00000001
core   0: 0xffffffff800065f4 (0x0e652f93) slti    t6, a0, 230
3 0x800065f4 (0x0e652f93) x31 0x00000001
core   0: 0xffffffff800065f8 (0x0043bb33) sltu    s6, t2, tp
3 0x800065f8 (0x0043bb33) x22 0x00000001
core   0: 0xffffffff800065fc (0x416c0333) sub     t1, s8, s6
3 0x800065fc (0x416c0333) x 6 0x8bffffff
core   0: 0xffffffff80006600 (0x029d7f93) andi    t6, s10, 41
3 0x80006600 (0x029d7f93) x31 0x00000021
core   0: 0xffffffff80006604 (0xc2f60b93) addi    s7, a2, -977
3 0x80006604 (0xc2f60b93) x23 0xfffffc30
core   0: 0xffffffff80006608 (0x019af333) and     t1, s5, s9
3 0x80006608 (0x019af333) x 6 0x00000000
core   0: 0xffffffff8000660c (0xcc878297) auipc   t0, 0xcc878
3 0x8000660c (0xcc878297) x 5 0x4c87e60c
core   0: 0xffffffff80006610 (0x412f0033) sub     zero, t5, s2
3 0x80006610 (0x412f0033)
core   0: 0xffffffff80006614 (0x002e9f33) sll     t5, t4, sp
3 0x80006614 (0x002e9f33) x30 0x90400000
core   0: 0xffffffff80006618 (0x01ac43b3) xor     t2, s8, s10
3 0x80006618 (0x01ac43b3) x 7 0x58922567
core   0: 0xffffffff8000661c (0x256b4e93) xori    t4, s6, 598
3 0x8000661c (0x256b4e93) x29 0x00000257
core   0: 0xffffffff80006620 (0xdcbacb93) xori    s7, s5, -565
3 0x80006620 (0xdcbacb93) x23 0xfffffdca
core   0: 0xffffffff80006624 (0xfa5a2113) slti    sp, s4, -91
3 0x80006624 (0xfa5a2113) x 2 0x00000001
core   0: 0xffffffff80006628 (0x00000013) nop
3 0x80006628 (0x00000013)
core   0: 0xffffffff8000662c (0x01d1de93) srli    t4, gp, 29
3 0x8000662c (0x01d1de93) x29 0x00000007
core   0: 0xffffffff80006630 (0x00bd7133) and     sp, s10, a1
3 0x80006630 (0x00bd7133) x 2 0xd4922422
core   0: 0xffffffff80006634 (0x01729433) sll     s0, t0, s7
3 0x80006634 (0x01729433) x 8 0x1f983000
core   0: 0xffffffff80006638 (0x00a19793) slli    a5, gp, 10
3 0x80006638 (0x00a19793) x15 0xffffa800
core   0: 0xffffffff8000663c (0xc84ee413) ori     s0, t4, -892
3 0x8000663c (0xc84ee413) x 8 0xfffffc87
core   0: 0xffffffff80006640 (0x009810b3) sll     ra, a6, s1
3 0x80006640 (0x009810b3) x 1 0xfed98000
core   0: 0xffffffff80006644 (0x39a9b693) sltiu   a3, s3, 922
3 0x80006644 (0x39a9b693) x13 0x00000000
core   0: 0xffffffff80006648 (0xca2d4193) xori    gp, s10, -862
3 0x80006648 (0xca2d4193) x 3 0x2b6dd9c5
core   0: 0xffffffff8000664c (0x011eb5b3) sltu    a1, t4, a7
3 0x8000664c (0x011eb5b3) x11 0x00000001
core   0: 0xffffffff80006650 (0x0079a233) slt     tp, s3, t2
3 0x80006650 (0x0079a233) x 4 0x00000001
core   0: 0xffffffff80006654 (0xa0673d97) auipc   s11, 0xa0673
3 0x80006654 (0xa0673d97) x27 0x20679654
core   0: 0xffffffff80006658 (0x415c8ab3) sub     s5, s9, s5
3 0x80006658 (0x415c8ab3) x21 0x003fffff
core   0: 0xffffffff8000665c (0x01a3c0b3) xor     ra, t2, s10
3 0x8000665c (0x01a3c0b3) x 1 0x8c000000
core   0: 0xffffffff80006660 (0x01996433) or      s0, s2, s9
3 0x80006660 (0x01996433) x 8 0x85d807ca
core   0: 0xffffffff80006664 (0xe2350b93) addi    s7, a0, -477
3 0x80006664 (0xe2350b93) x23 0xfffffe24
core   0: 0xffffffff80006668 (0x00e35c13) srli    s8, t1, 14
3 0x80006668 (0x00e35c13) x24 0x00000000
core   0: 0xffffffff8000666c (0x01f11113) slli    sp, sp, 31
3 0x8000666c (0x01f11113) x 2 0x00000000
core   0: 0xffffffff80006670 (0x012bd113) srli    sp, s7, 18
3 0x80006670 (0x012bd113) x 2 0x00003fff
core   0: 0xffffffff80006674 (0x0169fc93) andi    s9, s3, 22
3 0x80006674 (0x0169fc93) x25 0x00000000
core   0: 0xffffffff80006678 (0x010730b3) sltu    ra, a4, a6
3 0x80006678 (0x010730b3) x 1 0x00000001
core   0: 0xffffffff8000667c (0xfa46fc13) andi    s8, a3, -92
3 0x8000667c (0xfa46fc13) x24 0x00000000
core   0: 0xffffffff80006680 (0x007a6033) or      zero, s4, t2
3 0x80006680 (0x007a6033)
core   0: 0xffffffff80006684 (0xf8a3a813) slti    a6, t2, -118
3 0x80006684 (0xf8a3a813) x16 0x00000000
core   0: 0xffffffff80006688 (0x40428333) sub     t1, t0, tp
3 0x80006688 (0x40428333) x 6 0x4c87e60b
core   0: 0xffffffff8000668c (0x3a4ceb93) ori     s7, s9, 932
3 0x8000668c (0x3a4ceb93) x23 0x000003a4
core   0: 0xffffffff80006690 (0xd8d44f93) xori    t6, s0, -627
3 0x80006690 (0xd8d44f93) x31 0x7a27fa47
core   0: 0xffffffff80006694 (0xecdf2313) slti    t1, t5, -307
3 0x80006694 (0xecdf2313) x 6 0x00000001
core   0: 0xffffffff80006698 (0x01ad0633) add     a2, s10, s10
3 0x80006698 (0x01ad0633) x12 0xa9244ace
core   0: 0xffffffff8000669c (0x00f610b3) sll     ra, a2, a5
3 0x8000669c (0x00f610b3) x 1 0xa9244ace
core   0: 0xffffffff800066a0 (0x0122d333) srl     t1, t0, s2
3 0x800066a0 (0x0122d333) x 6 0x001321f9
core   0: 0xffffffff800066a4 (0x003a1893) slli    a7, s4, 3
3 0x800066a4 (0x003a1893) x17 0x000a6720
core   0: 0xffffffff800066a8 (0x00000013) nop
3 0x800066a8 (0x00000013)
core   0: 0xffffffff800066ac (0xc1c3e013) ori     zero, t2, -996
3 0x800066ac (0xc1c3e013)
core   0: 0xffffffff800066b0 (0x0a65c793) xori    a5, a1, 166
3 0x800066b0 (0x0a65c793) x15 0x000000a7
core   0: 0xffffffff800066b4 (0xd807a593) slti    a1, a5, -640
3 0x800066b4 (0xd807a593) x11 0x00000000
core   0: 0xffffffff800066b8 (0x0013bcb3) sltu    s9, t2, ra
3 0x800066b8 (0x0013bcb3) x25 0x00000001
core   0: 0xffffffff800066bc (0x10cc0f13) addi    t5, s8, 268
3 0x800066bc (0x10cc0f13) x30 0x0000010c
core   0: 0xffffffff800066c0 (0x01569b93) slli    s7, a3, 21
3 0x800066c0 (0x01569b93) x23 0x00000000
core   0: 0xffffffff800066c4 (0x018ff933) and     s2, t6, s8
3 0x800066c4 (0x018ff933) x18 0x00000000
core   0: 0xffffffff800066c8 (0x0064ab33) slt     s6, s1, t1
3 0x800066c8 (0x0064ab33) x22 0x00000001
core   0: 0xffffffff800066cc (0x649d1337) lui     t1, 0x649d1
3 0x800066cc (0x649d1337) x 6 0x649d1000
core   0: 0xffffffff800066d0 (0x01835393) srli    t2, t1, 24
3 0x800066d0 (0x01835393) x 7 0x00000064
core   0: 0xffffffff800066d4 (0x418409b3) sub     s3, s0, s8
3 0x800066d4 (0x418409b3) x19 0x85d807ca
core   0: 0xffffffff800066d8 (0x1bb6c093) xori    ra, a3, 443
3 0x800066d8 (0x1bb6c093) x 1 0x000001bb
core   0: 0xffffffff800066dc (0xfc40a313) slti    t1, ra, -60
3 0x800066dc (0xfc40a313) x 6 0x00000000
core   0: 0xffffffff800066e0 (0x412c2837) lui     a6, 0x412c2
3 0x800066e0 (0x412c2837) x16 0x412c2000
core   0: 0xffffffff800066e4 (0xe564ef93) ori     t6, s1, -426
3 0x800066e4 (0xe564ef93) x31 0xfffffe76
core   0: 0xffffffff800066e8 (0x40415b33) sra     s6, sp, tp
3 0x800066e8 (0x40415b33) x22 0x00001fff
core   0: 0xffffffff800066ec (0x25274b93) xori    s7, a4, 594
3 0x800066ec (0x25274b93) x23 0xc0000252
core   0: 0xffffffff800066f0 (0x016c9813) slli    a6, s9, 22
3 0x800066f0 (0x016c9813) x16 0x00400000
core   0: 0xffffffff800066f4 (0x008fa0b3) slt     ra, t6, s0
3 0x800066f4 (0x008fa0b3) x 1 0x00000000
core   0: 0xffffffff800066f8 (0x01315f33) srl     t5, sp, s3
3 0x800066f8 (0x01315f33) x30 0x0000000f
core   0: 0xffffffff800066fc (0x0d7d6b93) ori     s7, s10, 215
3 0x800066fc (0x0d7d6b93) x23 0xd49225f7
core   0: 0xffffffff80006700 (0x2bc17393) andi    t2, sp, 700
3 0x80006700 (0x2bc17393) x 7 0x000002bc
core   0: 0xffffffff80006704 (0x01e4d913) srli    s2, s1, 30
3 0x80006704 (0x01e4d913) x18 0x00000002
core   0: 0xffffffff80006708 (0x3b5acc13) xori    s8, s5, 949
3 0x80006708 (0x3b5acc13) x24 0x003ffc4a
core   0: 0xffffffff8000670c (0x00739e33) sll     t3, t2, t2
3 0x8000670c (0x00739e33) x28 0xc0000000
core   0: 0xffffffff80006710 (0x01ee8133) add     sp, t4, t5
3 0x80006710 (0x01ee8133) x 2 0x00000016
core   0: 0xffffffff80006714 (0x38c7cb13) xori    s6, a5, 908
3 0x80006714 (0x38c7cb13) x22 0x0000032b
core   0: 0xffffffff80006718 (0x01b95433) srl     s0, s2, s11
3 0x80006718 (0x01b95433) x 8 0x00000000
core   0: 0xffffffff8000671c (0x4095d693) srai    a3, a1, 9
3 0x8000671c (0x4095d693) x13 0x00000000
core   0: 0xffffffff80006720 (0x115ed597) auipc   a1, 0x115ed
3 0x80006720 (0x115ed597) x11 0x915f3720
core   0: 0xffffffff80006724 (0x00cd9893) slli    a7, s11, 12
3 0x80006724 (0x00cd9893) x17 0x79654000
core   0: 0xffffffff80006728 (0xc14e0f13) addi    t5, t3, -1004
3 0x80006728 (0xc14e0f13) x30 0xbffffc14
core   0: 0xffffffff8000672c (0x77380237) lui     tp, 0x77380
3 0x8000672c (0x77380237) x 4 0x77380000
core   0: 0xffffffff80006730 (0x40fb5b93) srai    s7, s6, 15
3 0x80006730 (0x40fb5b93) x23 0x00000000
core   0: 0xffffffff80006734 (0x01eff7b3) and     a5, t6, t5
3 0x80006734 (0x01eff7b3) x15 0xbffffc14
core   0: 0xffffffff80006738 (0x003dffb3) and     t6, s11, gp
3 0x80006738 (0x003dffb3) x31 0x20659044
core   0: 0xffffffff8000673c (0x4015d033) sra     zero, a1, ra
3 0x8000673c (0x4015d033)
core   0: 0xffffffff80006740 (0x2791fe13) andi    t3, gp, 633
3 0x80006740 (0x2791fe13) x28 0x00000041
core   0: 0xffffffff80006744 (0xcc7e6693) ori     a3, t3, -825
3 0x80006744 (0xcc7e6693) x13 0xfffffcc7
core   0: 0xffffffff80006748 (0x01ed07b3) add     a5, s10, t5
3 0x80006748 (0x01ed07b3) x15 0x9492217b
core   0: 0xffffffff8000674c (0xfc500513) li      a0, -59
3 0x8000674c (0xfc500513) x10 0xffffffc5
core   0: 0xffffffff80006750 (0x40815c93) srai    s9, sp, 8
3 0x80006750 (0x40815c93) x25 0x00000000
core   0: 0xffffffff80006754 (0x743e0ab7) lui     s5, 0x743e0
3 0x80006754 (0x743e0ab7) x21 0x743e0000
core   0: 0xffffffff80006758 (0x00cb0bb3) add     s7, s6, a2
3 0x80006758 (0x00cb0bb3) x23 0xa9244df9
core   0: 0xffffffff8000675c (0x00e473b3) and     t2, s0, a4
3 0x8000675c (0x00e473b3) x 7 0x00000000
core   0: 0xffffffff80006760 (0x01a400b3) add     ra, s0, s10
3 0x80006760 (0x01a400b3) x 1 0xd4922567
core   0: 0xffffffff80006764 (0x0050dd93) srli    s11, ra, 5
3 0x80006764 (0x0050dd93) x27 0x06a4912b
core   0: 0xffffffff80006768 (0x406d05b3) sub     a1, s10, t1
3 0x80006768 (0x406d05b3) x11 0xd4922567
core   0: 0xffffffff8000676c (0x00c6d693) srli    a3, a3, 12
3 0x8000676c (0x00c6d693) x13 0x000fffff
core   0: 0xffffffff80006770 (0x007d71b3) and     gp, s10, t2
3 0x80006770 (0x007d71b3) x 3 0x00000000
core   0: 0xffffffff80006774 (0x017e6f33) or      t5, t3, s7
3 0x80006774 (0x017e6f33) x30 0xa9244df9
core   0: 0xffffffff80006778 (0xec5d2e13) slti    t3, s10, -315
3 0x80006778 (0xec5d2e13) x28 0x00000001
core   0: 0xffffffff8000677c (0x00a989b3) add     s3, s3, a0
3 0x8000677c (0x00a989b3) x19 0x85d8078f
core   0: 0xffffffff80006780 (0xe7870693) addi    a3, a4, -392
3 0x80006780 (0xe7870693) x13 0xbffffe78
core   0: 0xffffffff80006784 (0x00000013) nop
3 0x80006784 (0x00000013)
core   0: 0xffffffff80006788 (0x00ad1a93) slli    s5, s10, 10
3 0x80006788 (0x00ad1a93) x21 0x48959c00
core   0: 0xffffffff8000678c (0xc0880613) addi    a2, a6, -1016
3 0x8000678c (0xc0880613) x12 0x003ffc08
core   0: 0xffffffff80006790 (0x0d19a293) slti    t0, s3, 209
3 0x80006790 (0x0d19a293) x 5 0x00000001
core   0: 0xffffffff80006794 (0x1b19c213) xori    tp, s3, 433
3 0x80006794 (0x1b19c213) x 4 0x85d8063e
core   0: 0xffffffff80006798 (0x38e24893) xori    a7, tp, 910
3 0x80006798 (0x38e24893) x17 0x85d805b0
core   0: 0xffffffff8000679c (0x01d8ec33) or      s8, a7, t4
3 0x8000679c (0x01d8ec33) x24 0x85d805b7
core   0: 0xffffffff800067a0 (0x984b1eb7) lui     t4, 0x984b1
3 0x800067a0 (0x984b1eb7) x29 0x984b1000
core   0: 0xffffffff800067a4 (0xcd7abf13) sltiu   t5, s5, -809
3 0x800067a4 (0xcd7abf13) x30 0x00000001
core   0: 0xffffffff800067a8 (0x33e04413) xori    s0, zero, 830
3 0x800067a8 (0x33e04413) x 8 0x0000033e
core   0: 0xffffffff800067ac (0x40fd5613) srai    a2, s10, 15
3 0x800067ac (0x40fd5613) x12 0xffffa924
core   0: 0xffffffff800067b0 (0x01fd0733) add     a4, s10, t6
3 0x800067b0 (0x01fd0733) x14 0xf4f7b5ab
core   0: 0xffffffff800067b4 (0x818c0837) lui     a6, 0x818c0
3 0x800067b4 (0x818c0837) x16 0x818c0000
core   0: 0xffffffff800067b8 (0x00b70eb3) add     t4, a4, a1
3 0x800067b8 (0x00b70eb3) x29 0xc989db12
core   0: 0xffffffff800067bc (0x3c594613) xori    a2, s2, 965
3 0x800067bc (0x3c594613) x12 0x000003c7
core   0: 0xffffffff800067c0 (0x00cdd0b3) srl     ra, s11, a2
3 0x800067c0 (0x00cdd0b3) x 1 0x000d4922
core   0: 0xffffffff800067c4 (0x00a6b1b3) sltu    gp, a3, a0
3 0x800067c4 (0x00a6b1b3) x 3 0x00000001
core   0: 0xffffffff800067c8 (0x01169893) slli    a7, a3, 17
3 0x800067c8 (0x01169893) x17 0xfcf00000
core   0: 0xffffffff800067cc (0x00000013) nop
3 0x800067cc (0x00000013)
core   0: 0xffffffff800067d0 (0x01097eb3) and     t4, s2, a6
3 0x800067d0 (0x01097eb3) x29 0x00000000
core   0: 0xffffffff800067d4 (0x0f251bb7) lui     s7, 0xf251
3 0x800067d4 (0x0f251bb7) x23 0x0f251000
core   0: 0xffffffff800067d8 (0x00549733) sll     a4, s1, t0
3 0x800067d8 (0x00549733) x14 0x00021cc8
core   0: 0xffffffff800067dc (0xfae07817) auipc   a6, 0xfae07
3 0x800067dc (0xfae07817) x16 0x7ae0d7dc
core   0: 0xffffffff800067e0 (0x00000013) nop
3 0x800067e0 (0x00000013)
core   0: 0xffffffff800067e4 (0x405cd233) sra     tp, s9, t0
3 0x800067e4 (0x405cd233) x 4 0x00000000
core   0: 0xffffffff800067e8 (0xd3223713) sltiu   a4, tp, -718
3 0x800067e8 (0xd3223713) x14 0x00000001
core   0: 0xffffffff800067ec (0x00d3c333) xor     t1, t2, a3
3 0x800067ec (0x00d3c333) x 6 0xbffffe78
core   0: 0xffffffff800067f0 (0xe60dc593) xori    a1, s11, -416
3 0x800067f0 (0xe60dc593) x11 0xf95b6f4b
core   0: 0xffffffff800067f4 (0x0529f593) andi    a1, s3, 82
3 0x800067f4 (0x0529f593) x11 0x00000002
core   0: 0xffffffff800067f8 (0x41f1d613) srai    a2, gp, 31
3 0x800067f8 (0x41f1d613) x12 0x00000000
core   0: 0xffffffff800067fc (0x00000013) nop
3 0x800067fc (0x00000013)
core   0: 0xffffffff80006800 (0x01aafe33) and     t3, s5, s10
3 0x80006800 (0x01aafe33) x28 0x40900400
core   0: 0xffffffff80006804 (0x01e8e8b3) or      a7, a7, t5
3 0x80006804 (0x01e8e8b3) x17 0xfcf00001
core   0: 0xffffffff80006808 (0x00441633) sll     a2, s0, tp
3 0x80006808 (0x00441633) x12 0x0000033e
core   0: 0xffffffff8000680c (0xc9be6a93) ori     s5, t3, -869
3 0x8000680c (0xc9be6a93) x21 0xfffffc9b
core   0: 0xffffffff80006810 (0xd65b8c37) lui     s8, 0xd65b8
3 0x80006810 (0xd65b8c37) x24 0xd65b8000
core   0: 0xffffffff80006814 (0x012446b3) xor     a3, s0, s2
3 0x80006814 (0x012446b3) x13 0x0000033c
core   0: 0xffffffff80006818 (0x10110b93) addi    s7, sp, 257
3 0x80006818 (0x10110b93) x23 0x00000117
core   0: 0xffffffff8000681c (0x286d6c13) ori     s8, s10, 646
3 0x8000681c (0x286d6c13) x24 0xd49227e7
core   0: 0xffffffff80006820 (0x132eb793) sltiu   a5, t4, 306
3 0x80006820 (0x132eb793) x15 0x00000001
core   0: 0xffffffff80006824 (0x01450bb3) add     s7, a0, s4
3 0x80006824 (0x01450bb3) x23 0x80014ca9
core   0: 0xffffffff80006828 (0x019dd033) srl     zero, s11, s9
3 0x80006828 (0x019dd033)
core   0: 0xffffffff8000682c (0x8136c437) lui     s0, 0x8136c
3 0x8000682c (0x8136c437) x 8 0x8136c000
core   0: 0xffffffff80006830 (0x41d6d813) srai    a6, a3, 29
3 0x80006830 (0x41d6d813) x16 0x00000000
core   0: 0xffffffff80006834 (0x41535613) srai    a2, t1, 21
3 0x80006834 (0x41535613) x12 0xfffffdff
core   0: 0xffffffff80006838 (0x00173433) sltu    s0, a4, ra
3 0x80006838 (0x00173433) x 8 0x00000001
core   0: 0xffffffff8000683c (0x41c8db93) srai    s7, a7, 28
3 0x8000683c (0x41c8db93) x23 0xffffffff
core   0: 0xffffffff80006840 (0x290db593) sltiu   a1, s11, 656
3 0x80006840 (0x290db593) x11 0x00000000
core   0: 0xffffffff80006844 (0x00f976b3) and     a3, s2, a5
3 0x80006844 (0x00f976b3) x13 0x00000000
core   0: 0xffffffff80006848 (0x00e47e33) and     t3, s0, a4
3 0x80006848 (0x00e47e33) x28 0x00000001
core   0: 0xffffffff8000684c (0x01c5bdb3) sltu    s11, a1, t3
3 0x8000684c (0x01c5bdb3) x27 0x00000001
core   0: 0xffffffff80006850 (0x00b839b3) sltu    s3, a6, a1
3 0x80006850 (0x00b839b3) x19 0x00000000
core   0: 0xffffffff80006854 (0x01660b33) add     s6, a2, s6
3 0x80006854 (0x01660b33) x22 0x0000012a
core   0: 0xffffffff80006858 (0x01f502b3) add     t0, a0, t6
3 0x80006858 (0x01f502b3) x 5 0x20659009
core   0: 0xffffffff8000685c (0x01700633) add     a2, zero, s7
3 0x8000685c (0x01700633) x12 0xffffffff
core   0: 0xffffffff80006860 (0x00187b33) and     s6, a6, ra
3 0x80006860 (0x00187b33) x22 0x00000000
core   0: 0xffffffff80006864 (0x41b4d793) srai    a5, s1, 27
3 0x80006864 (0x41b4d793) x15 0xfffffff0
core   0: 0xffffffff80006868 (0x1d9bb293) sltiu   t0, s7, 473
3 0x80006868 (0x1d9bb293) x 5 0x00000000
core   0: 0xffffffff8000686c (0x41f75eb3) sra     t4, a4, t6
3 0x8000686c (0x41f75eb3) x29 0x00000000
core   0: 0xffffffff80006870 (0x3f0f4eb7) lui     t4, 0x3f0f4
3 0x80006870 (0x3f0f4eb7) x29 0x3f0f4000
core   0: 0xffffffff80006874 (0x3e5a6317) auipc   t1, 0x3e5a6
3 0x80006874 (0x3e5a6317) x 6 0xbe5ac874
core   0: 0xffffffff80006878 (0xe3312013) slti    zero, sp, -461
3 0x80006878 (0xe3312013)
core   0: 0xffffffff8000687c (0x01359f93) slli    t6, a1, 19
3 0x8000687c (0x01359f93) x31 0x00000000
core   0: 0xffffffff80006880 (0x01ca5b13) srli    s6, s4, 28
3 0x80006880 (0x01ca5b13) x22 0x00000008
core   0: 0xffffffff80006884 (0xe41dff93) andi    t6, s11, -447
3 0x80006884 (0xe41dff93) x31 0x00000001
core   0: 0xffffffff80006888 (0xca6735b7) lui     a1, 0xca673
3 0x80006888 (0xca6735b7) x11 0xca673000
core   0: 0xffffffff8000688c (0x0016a533) slt     a0, a3, ra
3 0x8000688c (0x0016a533) x10 0x00000001
core   0: 0xffffffff80006890 (0x000d36b3) sltu    a3, s10, zero
3 0x80006890 (0x000d36b3) x13 0x00000000
core   0: 0xffffffff80006894 (0x01c13bb3) sltu    s7, sp, t3
3 0x80006894 (0x01c13bb3) x23 0x00000000
core   0: 0xffffffff80006898 (0xfff5c693) not     a3, a1
3 0x80006898 (0xfff5c693) x13 0x3598cfff
core   0: 0xffffffff8000689c (0x38e01737) lui     a4, 0x38e01
3 0x8000689c (0x38e01737) x14 0x38e01000
core   0: 0xffffffff800068a0 (0x297fc693) xori    a3, t6, 663
3 0x800068a0 (0x297fc693) x13 0x00000296
core   0: 0xffffffff800068a4 (0x40188cb3) sub     s9, a7, ra
3 0x800068a4 (0x40188cb3) x25 0xfce2b6df
core   0: 0xffffffff800068a8 (0xd501bd93) sltiu   s11, gp, -688
3 0x800068a8 (0xd501bd93) x27 0x00000001
core   0: 0xffffffff800068ac (0x0126feb3) and     t4, a3, s2
3 0x800068ac (0x0126feb3) x29 0x00000002
core   0: 0xffffffff800068b0 (0x01775893) srli    a7, a4, 23
3 0x800068b0 (0x01775893) x17 0x00000071
core   0: 0xffffffff800068b4 (0x3f22fb13) andi    s6, t0, 1010
3 0x800068b4 (0x3f22fb13) x22 0x00000000
core   0: 0xffffffff800068b8 (0x406b5693) srai    a3, s6, 6
3 0x800068b8 (0x406b5693) x13 0x00000000
core   0: 0xffffffff800068bc (0xe1aca213) slti    tp, s9, -486
3 0x800068bc (0xe1aca213) x 4 0x00000001
core   0: 0xffffffff800068c0 (0x2a80fa93) andi    s5, ra, 680
3 0x800068c0 (0x2a80fa93) x21 0x00000020
core   0: 0xffffffff800068c4 (0xd76ee193) ori     gp, t4, -650
3 0x800068c4 (0xd76ee193) x 3 0xfffffd76
core   0: 0xffffffff800068c8 (0x01ca7ab3) and     s5, s4, t3
3 0x800068c8 (0x01ca7ab3) x21 0x00000000
core   0: 0xffffffff800068cc (0x01c72233) slt     tp, a4, t3
3 0x800068cc (0x01c72233) x 4 0x00000000
core   0: 0xffffffff800068d0 (0x00000013) nop
3 0x800068d0 (0x00000013)
core   0: 0xffffffff800068d4 (0x71340c97) auipc   s9, 0x71340
3 0x800068d4 (0x71340c97) x25 0xf13468d4
core   0: 0xffffffff800068d8 (0x014f2633) slt     a2, t5, s4
3 0x800068d8 (0x014f2633) x12 0x00000000
core   0: 0xffffffff800068dc (0x013f00b3) add     ra, t5, s3
3 0x800068dc (0x013f00b3) x 1 0x00000001
core   0: 0xffffffff800068e0 (0x418a5bb3) sra     s7, s4, s8
3 0x800068e0 (0x418a5bb3) x23 0xff000299
core   0: 0xffffffff800068e4 (0x018bf113) andi    sp, s7, 24
3 0x800068e4 (0x018bf113) x 2 0x00000018
core   0: 0xffffffff800068e8 (0x019bfeb3) and     t4, s7, s9
3 0x800068e8 (0x019bfeb3) x29 0xf1000090
core   0: 0xffffffff800068ec (0x403b5333) sra     t1, s6, gp
3 0x800068ec (0x403b5333) x 6 0x00000000
core   0: 0xffffffff800068f0 (0x0145c5b3) xor     a1, a1, s4
3 0x800068f0 (0x0145c5b3) x11 0x4a667ce4
core   0: 0xffffffff800068f4 (0x01849593) slli    a1, s1, 24
3 0x800068f4 (0x01849593) x11 0x64000000
core   0: 0xffffffff800068f8 (0x00000013) nop
3 0x800068f8 (0x00000013)
core   0: 0xffffffff800068fc (0xc5c9c613) xori    a2, s3, -932
3 0x800068fc (0xc5c9c613) x12 0xfffffc5c
core   0: 0xffffffff80006900 (0x40710933) sub     s2, sp, t2
3 0x80006900 (0x40710933) x18 0x00000018
core   0: 0xffffffff80006904 (0x00b2f933) and     s2, t0, a1
3 0x80006904 (0x00b2f933) x18 0x00000000
core   0: 0xffffffff80006908 (0x01d9c333) xor     t1, s3, t4
3 0x80006908 (0x01d9c333) x 6 0xf1000090
core   0: 0xffffffff8000690c (0x00c9e933) or      s2, s3, a2
3 0x8000690c (0x00c9e933) x18 0xfffffc5c
core   0: 0xffffffff80006910 (0x01516933) or      s2, sp, s5
3 0x80006910 (0x01516933) x18 0x00000018
core   0: 0xffffffff80006914 (0xe359d637) lui     a2, 0xe359d
3 0x80006914 (0xe359d637) x12 0xe359d000
core   0: 0xffffffff80006918 (0x019213b3) sll     t2, tp, s9
3 0x80006918 (0x019213b3) x 7 0x00000000
core   0: 0xffffffff8000691c (0xc3740893) addi    a7, s0, -969
3 0x8000691c (0xc3740893) x17 0xfffffc38
core   0: 0xffffffff80006920 (0x007f00b3) add     ra, t5, t2
3 0x80006920 (0x007f00b3) x 1 0x00000001
core   0: 0xffffffff80006924 (0x008fff33) and     t5, t6, s0
3 0x80006924 (0x008fff33) x30 0x00000001
core   0: 0xffffffff80006928 (0x00bd91b3) sll     gp, s11, a1
3 0x80006928 (0x00bd91b3) x 3 0x00000001
core   0: 0xffffffff8000692c (0x3eb472b7) lui     t0, 0x3eb47
3 0x8000692c (0x3eb472b7) x 5 0x3eb47000
core   0: 0xffffffff80006930 (0x01561593) slli    a1, a2, 21
3 0x80006930 (0x01561593) x11 0x00000000
core   0: 0xffffffff80006934 (0xe9ea4293) xori    t0, s4, -354
3 0x80006934 (0xe9ea4293) x 5 0x7ffeb27a
core   0: 0xffffffff80006938 (0x00925f13) srli    t5, tp, 9
3 0x80006938 (0x00925f13) x30 0x00000000
core   0: 0xffffffff8000693c (0x01815133) srl     sp, sp, s8
3 0x8000693c (0x01815133) x 2 0x00000000
core   0: 0xffffffff80006940 (0x01e88533) add     a0, a7, t5
3 0x80006940 (0x01e88533) x10 0xfffffc38
core   0: 0xffffffff80006944 (0x01430ab3) add     s5, t1, s4
3 0x80006944 (0x01430ab3) x21 0x71014d74
core   0: 0xffffffff80006948 (0x003686b3) add     a3, a3, gp
3 0x80006948 (0x003686b3) x13 0x00000001
core   0: 0xffffffff8000694c (0x2c1e1317) auipc   t1, 0x2c1e1
3 0x8000694c (0x2c1e1317) x 6 0xac1e794c
core   0: 0xffffffff80006950 (0x019b27b3) slt     a5, s6, s9
3 0x80006950 (0x019b27b3) x15 0x00000000
core   0: 0xffffffff80006954 (0x00f71c13) slli    s8, a4, 15
3 0x80006954 (0x00f71c13) x24 0x08000000
core   0: 0xffffffff80006958 (0xd4503513) sltiu   a0, zero, -699
3 0x80006958 (0xd4503513) x10 0x00000001
core   0: 0xffffffff8000695c (0xfff2f913) andi    s2, t0, -1
3 0x8000695c (0xfff2f913) x18 0x7ffeb27a
core   0: 0xffffffff80006960 (0x40655bb3) sra     s7, a0, t1
3 0x80006960 (0x40655bb3) x23 0x00000000
core   0: 0xffffffff80006964 (0xe6db4513) xori    a0, s6, -403
3 0x80006964 (0xe6db4513) x10 0xfffffe6d
core   0: 0xffffffff80006968 (0xd7f0ae93) slti    t4, ra, -641
3 0x80006968 (0xd7f0ae93) x29 0x00000000
core   0: 0xffffffff8000696c (0x002f2433) slt     s0, t5, sp
3 0x8000696c (0x002f2433) x 8 0x00000000
core   0: 0xffffffff80006970 (0x00e61793) slli    a5, a2, 14
3 0x80006970 (0x00e61793) x15 0x74000000
core   0: 0xffffffff80006974 (0x01c3a533) slt     a0, t2, t3
3 0x80006974 (0x01c3a533) x10 0x00000001
core   0: 0xffffffff80006978 (0xc2666313) ori     t1, a2, -986
3 0x80006978 (0xc2666313) x 6 0xfffffc26
core   0: 0xffffffff8000697c (0x416750b3) sra     ra, a4, s6
3 0x8000697c (0x416750b3) x 1 0x38e01000
core   0: 0xffffffff80006980 (0x00facc33) xor     s8, s5, a5
3 0x80006980 (0x00facc33) x24 0x05014d74
core   0: 0xffffffff80006984 (0xe7e16c93) ori     s9, sp, -386
3 0x80006984 (0xe7e16c93) x25 0xfffffe7e
core   0: 0xffffffff80006988 (0xc371f013) andi    zero, gp, -969
3 0x80006988 (0xc371f013)
core   0: 0xffffffff8000698c (0x0197deb3) srl     t4, a5, s9
3 0x8000698c (0x0197deb3) x29 0x00000001
core   0: 0xffffffff80006990 (0x00f85713) srli    a4, a6, 15
3 0x80006990 (0x00f85713) x14 0x00000000
core   0: 0xffffffff80006994 (0x002e2633) slt     a2, t3, sp
3 0x80006994 (0x002e2633) x12 0x00000000
core   0: 0xffffffff80006998 (0x00fa65b3) or      a1, s4, a5
3 0x80006998 (0x00fa65b3) x11 0xf4014ce4
core   0: 0xffffffff8000699c (0x0134f633) and     a2, s1, s3
3 0x8000699c (0x0134f633) x12 0x00000000
core   0: 0xffffffff800069a0 (0x31b3dc97) auipc   s9, 0x31b3d
3 0x800069a0 (0x31b3dc97) x25 0xb1b439a0
core   0: 0xffffffff800069a4 (0x414ed9b3) sra     s3, t4, s4
3 0x800069a4 (0x414ed9b3) x19 0x00000000
core   0: 0xffffffff800069a8 (0xf1784393) xori    t2, a6, -233
3 0x800069a8 (0xf1784393) x 7 0xffffff17
core   0: 0xffffffff800069ac (0x00281c13) slli    s8, a6, 2
3 0x800069ac (0x00281c13) x24 0x00000000
core   0: 0xffffffff800069b0 (0x00588633) add     a2, a7, t0
3 0x800069b0 (0x00588633) x12 0x7ffeaeb2
core   0: 0xffffffff800069b4 (0x01bd9a93) slli    s5, s11, 27
3 0x800069b4 (0x01bd9a93) x21 0x08000000
core   0: 0xffffffff800069b8 (0x2b0ae713) ori     a4, s5, 688
3 0x800069b8 (0x2b0ae713) x14 0x080002b0
core   0: 0xffffffff800069bc (0x128bf013) andi    zero, s7, 296
3 0x800069bc (0x128bf013)
core   0: 0xffffffff800069c0 (0x419288b3) sub     a7, t0, s9
3 0x800069c0 (0x419288b3) x17 0xce4a78da
core   0: 0xffffffff800069c4 (0x503c6cb7) lui     s9, 0x503c6
3 0x800069c4 (0x503c6cb7) x25 0x503c6000
core   0: 0xffffffff800069c8 (0xdf41ae13) slti    t3, gp, -524
3 0x800069c8 (0xdf41ae13) x28 0x00000000
core   0: 0xffffffff800069cc (0x0da8e517) auipc   a0, 0xda8e
3 0x800069cc (0x0da8e517) x10 0x8da949cc
core   0: 0xffffffff800069d0 (0x00000013) nop
3 0x800069d0 (0x00000013)
core   0: 0xffffffff800069d4 (0x40c5d593) srai    a1, a1, 12
3 0x800069d4 (0x40c5d593) x11 0xffff4014
core   0: 0xffffffff800069d8 (0xea47bc13) sltiu   s8, a5, -348
3 0x800069d8 (0xea47bc13) x24 0x00000001
core   0: 0xffffffff800069dc (0x00724eb3) xor     t4, tp, t2
3 0x800069dc (0x00724eb3) x29 0xffffff17
core   0: 0xffffffff800069e0 (0x007af8b3) and     a7, s5, t2
3 0x800069e0 (0x007af8b3) x17 0x08000000
core   0: 0xffffffff800069e4 (0xcf2cba93) sltiu   s5, s9, -782
3 0x800069e4 (0xcf2cba93) x21 0x00000001
core   0: 0xffffffff800069e8 (0x4052da93) srai    s5, t0, 5
3 0x800069e8 (0x4052da93) x21 0x03fff593
core   0: 0xffffffff800069ec (0x01e747b3) xor     a5, a4, t5
3 0x800069ec (0x01e747b3) x15 0x080002b0
core   0: 0xffffffff800069f0 (0x00ca1613) slli    a2, s4, 12
3 0x800069f0 (0x00ca1613) x12 0x14ce4000
core   0: 0xffffffff800069f4 (0x41ec5fb3) sra     t6, s8, t5
3 0x800069f4 (0x41ec5fb3) x31 0x00000001
core   0: 0xffffffff800069f8 (0x0e477b13) andi    s6, a4, 228
3 0x800069f8 (0x0e477b13) x22 0x000000a0
core   0: 0xffffffff800069fc (0x0098b0b3) sltu    ra, a7, s1
3 0x800069fc (0x0098b0b3) x 1 0x00000001
core   0: 0xffffffff80006a00 (0xc3870f13) addi    t5, a4, -968
3 0x80006a00 (0xc3870f13) x30 0x07fffee8
core   0: 0xffffffff80006a04 (0x007c1733) sll     a4, s8, t2
3 0x80006a04 (0x007c1733) x14 0x00800000
core   0: 0xffffffff80006a08 (0x013e1833) sll     a6, t3, s3
3 0x80006a08 (0x013e1833) x16 0x00000000
core   0: 0xffffffff80006a0c (0x40e187b3) sub     a5, gp, a4
3 0x80006a0c (0x40e187b3) x15 0xff800001
core   0: 0xffffffff80006a10 (0x1c4c4617) auipc   a2, 0x1c4c4
3 0x80006a10 (0x1c4c4617) x12 0x9c4caa10
core   0: 0xffffffff80006a14 (0x00d8dc93) srli    s9, a7, 13
3 0x80006a14 (0x00d8dc93) x25 0x00004000
core   0: 0xffffffff80006a18 (0x24834993) xori    s3, t1, 584
3 0x80006a18 (0x24834993) x19 0xfffffe6e
core   0: 0xffffffff80006a1c (0x01b1cbb3) xor     s7, gp, s11
3 0x80006a1c (0x01b1cbb3) x23 0x00000000
core   0: 0xffffffff80006a20 (0x68106f97) auipc   t6, 0x68106
3 0x80006a20 (0x68106f97) x31 0xe810ca20
core   0: 0xffffffff80006a24 (0xebbf4b93) xori    s7, t5, -325
3 0x80006a24 (0xebbf4b93) x23 0xf8000053
core   0: 0xffffffff80006a28 (0x00fcbf33) sltu    t5, s9, a5
3 0x80006a28 (0x00fcbf33) x30 0x00000001
core   0: 0xffffffff80006a2c (0xd0706193) ori     gp, zero, -761
3 0x80006a2c (0xd0706193) x 3 0xfffffd07
core   0: 0xffffffff80006a30 (0xe5304f13) xori    t5, zero, -429
3 0x80006a30 (0xe5304f13) x30 0xfffffe53
core   0: 0xffffffff80006a34 (0x00dff333) and     t1, t6, a3
3 0x80006a34 (0x00dff333) x 6 0x00000000
core   0: 0xffffffff80006a38 (0x00a287b3) add     a5, t0, a0
3 0x80006a38 (0x00a287b3) x15 0x0da7fc46
core   0: 0xffffffff80006a3c (0x5e5416b7) lui     a3, 0x5e541
3 0x80006a3c (0x5e5416b7) x13 0x5e541000
core   0: 0xffffffff80006a40 (0x4178d333) sra     t1, a7, s7
3 0x80006a40 (0x4178d333) x 6 0x00000100
core   0: 0xffffffff80006a44 (0x01321e93) slli    t4, tp, 19
3 0x80006a44 (0x01321e93) x29 0x00000000
core   0: 0xffffffff80006a48 (0x1a8d3513) sltiu   a0, s10, 424
3 0x80006a48 (0x1a8d3513) x10 0x00000000
core   0: 0xffffffff80006a4c (0xfd274c13) xori    s8, a4, -46
3 0x80006a4c (0xfd274c13) x24 0xff7fffd2
core   0: 0xffffffff80006a50 (0x019be833) or      a6, s7, s9
3 0x80006a50 (0x019be833) x16 0xf8004053
core   0: 0xffffffff80006a54 (0x0055c033) xor     zero, a1, t0
3 0x80006a54 (0x0055c033)
core   0: 0xffffffff80006a58 (0x160c7893) andi    a7, s8, 352
3 0x80006a58 (0x160c7893) x17 0x00000140
core   0: 0xffffffff80006a5c (0x01e8e2b3) or      t0, a7, t5
3 0x80006a5c (0x01e8e2b3) x 5 0xffffff53
core   0: 0xffffffff80006a60 (0x01663c33) sltu    s8, a2, s6
3 0x80006a60 (0x01663c33) x24 0x00000000
core   0: 0xffffffff80006a64 (0x00d17033) and     zero, sp, a3
3 0x80006a64 (0x00d17033)
core   0: 0xffffffff80006a68 (0x00f8d113) srli    sp, a7, 15
3 0x80006a68 (0x00f8d113) x 2 0x00000000
core   0: 0xffffffff80006a6c (0x40208fb3) sub     t6, ra, sp
3 0x80006a6c (0x40208fb3) x31 0x00000001
core   0: 0xffffffff80006a70 (0x41a5de33) sra     t3, a1, s10
3 0x80006a70 (0x41a5de33) x28 0xfffffe80
core   0: 0xffffffff80006a74 (0x0091ac33) slt     s8, gp, s1
3 0x80006a74 (0x0091ac33) x24 0x00000000
core   0: 0xffffffff80006a78 (0x00409813) slli    a6, ra, 4
3 0x80006a78 (0x00409813) x16 0x00000010
core   0: 0xffffffff80006a7c (0xcd6a4813) xori    a6, s4, -810
3 0x80006a7c (0xcd6a4813) x16 0x7ffeb032
core   0: 0xffffffff80006a80 (0x410d5933) sra     s2, s10, a6
3 0x80006a80 (0x410d5933) x18 0xfffff524
core   0: 0xffffffff80006a84 (0x011d0733) add     a4, s10, a7
3 0x80006a84 (0x011d0733) x14 0xd49226a7
core   0: 0xffffffff80006a88 (0x01371793) slli    a5, a4, 19
3 0x80006a88 (0x01371793) x15 0x35380000
core   0: 0xffffffff80006a8c (0x00893033) sltu    zero, s2, s0
3 0x80006a8c (0x00893033)
core   0: 0xffffffff80006a90 (0xd40a7213) andi    tp, s4, -704
3 0x80006a90 (0xd40a7213) x 4 0x80014c40
core   0: 0xffffffff80006a94 (0x01b51393) slli    t2, a0, 27
3 0x80006a94 (0x01b51393) x 7 0x00000000
core   0: 0xffffffff80006a98 (0x18a6e293) ori     t0, a3, 394
3 0x80006a98 (0x18a6e293) x 5 0x5e54118a
core   0: 0xffffffff80006a9c (0x00c25f13) srli    t5, tp, 12
3 0x80006a9c (0x00c25f13) x30 0x00080014
core   0: 0xffffffff80006aa0 (0x0006afb3) slt     t6, a3, zero
3 0x80006aa0 (0x0006afb3) x31 0x00000000
core   0: 0xffffffff80006aa4 (0x185a3793) sltiu   a5, s4, 389
3 0x80006aa4 (0x185a3793) x15 0x00000000
core   0: 0xffffffff80006aa8 (0x00d8df13) srli    t5, a7, 13
3 0x80006aa8 (0x00d8df13) x30 0x00000000
core   0: 0xffffffff80006aac (0x01589ab3) sll     s5, a7, s5
3 0x80006aac (0x01589ab3) x21 0x0a000000
core   0: 0xffffffff80006ab0 (0xf777bf13) sltiu   t5, a5, -137
3 0x80006ab0 (0xf777bf13) x30 0x00000001
core   0: 0xffffffff80006ab4 (0x41608e33) sub     t3, ra, s6
3 0x80006ab4 (0x41608e33) x28 0xffffff61
core   0: 0xffffffff80006ab8 (0x41538333) sub     t1, t2, s5
3 0x80006ab8 (0x41538333) x 6 0xf6000000
core   0: 0xffffffff80006abc (0x214bb993) sltiu   s3, s7, 532
3 0x80006abc (0x214bb993) x19 0x00000000
core   0: 0xffffffff80006ac0 (0xfb4fe793) ori     a5, t6, -76
3 0x80006ac0 (0xfb4fe793) x15 0xffffffb4
core   0: 0xffffffff80006ac4 (0x414057b3) sra     a5, zero, s4
3 0x80006ac4 (0x414057b3) x15 0x00000000
core   0: 0xffffffff80006ac8 (0x01f8d5b3) srl     a1, a7, t6
3 0x80006ac8 (0x01f8d5b3) x11 0x00000140
core   0: 0xffffffff80006acc (0x1e4ec413) xori    s0, t4, 484
3 0x80006acc (0x1e4ec413) x 8 0x000001e4
core   0: 0xffffffff80006ad0 (0xde3ba313) slti    t1, s7, -541
3 0x80006ad0 (0xde3ba313) x 6 0x00000001
core   0: 0xffffffff80006ad4 (0x00953cb3) sltu    s9, a0, s1
3 0x80006ad4 (0x00953cb3) x25 0x00000001
core   0: 0xffffffff80006ad8 (0x008d90b3) sll     ra, s11, s0
3 0x80006ad8 (0x008d90b3) x 1 0x00000010
core   0: 0xffffffff80006adc (0xdeee6813) ori     a6, t3, -530
3 0x80006adc (0xdeee6813) x16 0xffffffef
core   0: 0xffffffff80006ae0 (0x41fe5cb3) sra     s9, t3, t6
3 0x80006ae0 (0x41fe5cb3) x25 0xffffff61
core   0: 0xffffffff80006ae4 (0xdc544f13) xori    t5, s0, -571
3 0x80006ae4 (0xdc544f13) x30 0xfffffc21
core   0: 0xffffffff80006ae8 (0x0028d8b3) srl     a7, a7, sp
3 0x80006ae8 (0x0028d8b3) x17 0x00000140
core   0: 0xffffffff80006aec (0x40ff83b3) sub     t2, t6, a5
3 0x80006aec (0x40ff83b3) x 7 0x00000000
core   0: 0xffffffff80006af0 (0xf2f7eb93) ori     s7, a5, -209
3 0x80006af0 (0xf2f7eb93) x23 0xffffff2f
core   0: 0xffffffff80006af4 (0x2eacf797) auipc   a5, 0x2eacf
3 0x80006af4 (0x2eacf797) x15 0xaead5af4
core   0: 0xffffffff80006af8 (0x20ea0293) addi    t0, s4, 526
3 0x80006af8 (0x20ea0293) x 5 0x80014ef2
core   0: 0xffffffff80006afc (0x007d7ab3) and     s5, s10, t2
3 0x80006afc (0x007d7ab3) x21 0x00000000
core   0: 0xffffffff80006b00 (0x010255b3) srl     a1, tp, a6
3 0x80006b00 (0x010255b3) x11 0x00010002
core   0: 0xffffffff80006b04 (0x003e9ab7) lui     s5, 0x3e9
3 0x80006b04 (0x003e9ab7) x21 0x003e9000
core   0: 0xffffffff80006b08 (0x9cd86e37) lui     t3, 0x9cd86
3 0x80006b08 (0x9cd86e37) x28 0x9cd86000
core   0: 0xffffffff80006b0c (0x33732093) slti    ra, t1, 823
3 0x80006b0c (0x33732093) x 1 0x00000001
core   0: 0xffffffff80006b10 (0x29617713) andi    a4, sp, 662
3 0x80006b10 (0x29617713) x14 0x00000000
core   0: 0xffffffff80006b14 (0x2945b793) sltiu   a5, a1, 660
3 0x80006b14 (0x2945b793) x15 0x00000000
core   0: 0xffffffff80006b18 (0x01f3d893) srli    a7, t2, 31
3 0x80006b18 (0x01f3d893) x17 0x00000000
core   0: 0xffffffff80006b1c (0x0168b3b3) sltu    t2, a7, s6
3 0x80006b1c (0x0168b3b3) x 7 0x00000001
core   0: 0xffffffff80006b20 (0x0018c633) xor     a2, a7, ra
3 0x80006b20 (0x0018c633) x12 0x00000001
core   0: 0xffffffff80006b24 (0x8dff9a97) auipc   s5, 0x8dff9
3 0x80006b24 (0x8dff9a97) x21 0x0dfffb24
core   0: 0xffffffff80006b28 (0x418b5793) srai    a5, s6, 24
3 0x80006b28 (0x418b5793) x15 0x00000000
core   0: 0xffffffff80006b2c (0x01c3fab3) and     s5, t2, t3
3 0x80006b2c (0x01c3fab3) x21 0x00000000
core   0: 0xffffffff80006b30 (0x41505eb3) sra     t4, zero, s5
3 0x80006b30 (0x41505eb3) x29 0x00000000
core   0: 0xffffffff80006b34 (0xd4e50313) addi    t1, a0, -690
3 0x80006b34 (0xd4e50313) x 6 0xfffffd4e
core   0: 0xffffffff80006b38 (0x01d1b7b3) sltu    a5, gp, t4
3 0x80006b38 (0x01d1b7b3) x15 0x00000000
core   0: 0xffffffff80006b3c (0x013712b3) sll     t0, a4, s3
3 0x80006b3c (0x013712b3) x 5 0x00000000
core   0: 0xffffffff80006b40 (0xe3f24b13) xori    s6, tp, -449
3 0x80006b40 (0xe3f24b13) x22 0x7ffeb27f
core   0: 0xffffffff80006b44 (0x00e865b3) or      a1, a6, a4
3 0x80006b44 (0x00e865b3) x11 0xffffffef
core   0: 0xffffffff80006b48 (0xefebf513) andi    a0, s7, -258
3 0x80006b48 (0xefebf513) x10 0xfffffe2e
core   0: 0xffffffff80006b4c (0x40df8bb3) sub     s7, t6, a3
3 0x80006b4c (0x40df8bb3) x23 0xa1abf000
core   0: 0xffffffff80006b50 (0x41435993) srai    s3, t1, 20
3 0x80006b50 (0x41435993) x19 0xffffffff
core   0: 0xffffffff80006b54 (0x461db037) lui     zero, 0x461db
3 0x80006b54 (0x461db037)
core   0: 0xffffffff80006b58 (0x069b4f13) xori    t5, s6, 105
3 0x80006b58 (0x069b4f13) x30 0x7ffeb216
core   0: 0xffffffff80006b5c (0x009edb33) srl     s6, t4, s1
3 0x80006b5c (0x009edb33) x22 0x00000000
core   0: 0xffffffff80006b60 (0x401a5593) srai    a1, s4, 1
3 0x80006b60 (0x401a5593) x11 0xc000a672
core   0: 0xffffffff80006b64 (0x012309b3) add     s3, t1, s2
3 0x80006b64 (0x012309b3) x19 0xfffff272
core   0: 0xffffffff80006b68 (0x15134713) xori    a4, t1, 337
3 0x80006b68 (0x15134713) x14 0xfffffc1f
core   0: 0xffffffff80006b6c (0x009ea0b3) slt     ra, t4, s1
3 0x80006b6c (0x009ea0b3) x 1 0x00000000
core   0: 0xffffffff80006b70 (0xc07ef617) auipc   a2, 0xc07ef
3 0x80006b70 (0xc07ef617) x12 0x407f5b70
core   0: 0xffffffff80006b74 (0x3ad455b7) lui     a1, 0x3ad45
3 0x80006b74 (0x3ad455b7) x11 0x3ad45000
core   0: 0xffffffff80006b78 (0x00ebd393) srli    t2, s7, 14
3 0x80006b78 (0x00ebd393) x 7 0x000286af
core   0: 0xffffffff80006b7c (0x0ee10593) addi    a1, sp, 238
3 0x80006b7c (0x0ee10593) x11 0x000000ee
core   0: 0xffffffff80006b80 (0x1e3e4213) xori    tp, t3, 483
3 0x80006b80 (0x1e3e4213) x 4 0x9cd861e3
core   0: 0xffffffff80006b84 (0xdaa8bc93) sltiu   s9, a7, -598
3 0x80006b84 (0xdaa8bc93) x25 0x00000001
core   0: 0xffffffff80006b88 (0x01741113) slli    sp, s0, 23
3 0x80006b88 (0x01741113) x 2 0xf2000000
core   0: 0xffffffff80006b8c (0x007fdc13) srli    s8, t6, 7
3 0x80006b8c (0x007fdc13) x24 0x00000000
core   0: 0xffffffff80006b90 (0x41925e33) sra     t3, tp, s9
3 0x80006b90 (0x41925e33) x28 0xce6c30f1
core   0: 0xffffffff80006b94 (0x01959813) slli    a6, a1, 25
3 0x80006b94 (0x01959813) x16 0xdc000000
core   0: 0xffffffff80006b98 (0x41bf5c33) sra     s8, t5, s11
3 0x80006b98 (0x41bf5c33) x24 0x3fff590b
core   0: 0xffffffff80006b9c (0x38e17c93) andi    s9, sp, 910
3 0x80006b9c (0x38e17c93) x25 0x00000000
core   0: 0xffffffff80006ba0 (0x2efefdb7) lui     s11, 0x2efef
3 0x80006ba0 (0x2efefdb7) x27 0x2efef000
core   0: 0xffffffff80006ba4 (0x3e4a75b7) lui     a1, 0x3e4a7
3 0x80006ba4 (0x3e4a75b7) x11 0x3e4a7000
core   0: 0xffffffff80006ba8 (0xb0bfde17) auipc   t3, 0xb0bfd
3 0x80006ba8 (0xb0bfde17) x28 0x30c03ba8
core   0: 0xffffffff80006bac (0x40b9de93) srai    t4, s3, 11
3 0x80006bac (0x40b9de93) x29 0xfffffffe
core   0: 0xffffffff80006bb0 (0x3034ae93) slti    t4, s1, 771
3 0x80006bb0 (0x3034ae93) x29 0x00000001
core   0: 0xffffffff80006bb4 (0x3cdea837) lui     a6, 0x3cdea
3 0x80006bb4 (0x3cdea837) x16 0x3cdea000
core   0: 0xffffffff80006bb8 (0x98780db7) lui     s11, 0x98780
3 0x80006bb8 (0x98780db7) x27 0x98780000
core   0: 0xffffffff80006bbc (0x00000013) nop
3 0x80006bbc (0x00000013)
core   0: 0xffffffff80006bc0 (0xb04a1e97) auipc   t4, 0xb04a1
3 0x80006bc0 (0xb04a1e97) x29 0x304a7bc0
core   0: 0xffffffff80006bc4 (0x006e9593) slli    a1, t4, 6
3 0x80006bc4 (0x006e9593) x11 0x129ef000
core   0: 0xffffffff80006bc8 (0x7e8555b7) lui     a1, 0x7e855
3 0x80006bc8 (0x7e8555b7) x11 0x7e855000
core   0: 0xffffffff80006bcc (0x08e58593) addi    a1, a1, 142
3 0x80006bcc (0x08e58593) x11 0x7e85508e
core   0: 0xffffffff80006bd0 (0xfff00713) li      a4, -1
3 0x80006bd0 (0xfff00713) x14 0xffffffff
core   0: 0xffffffff80006bd4 (0xfff00a93) li      s5, -1
3 0x80006bd4 (0xfff00a93) x21 0xffffffff
core   0: 0xffffffff80006bd8 (0xfff00e93) li      t4, -1
3 0x80006bd8 (0xfff00e93) x29 0xffffffff
core   0: 0xffffffff80006bdc (0x8f92bfb7) lui     t6, 0x8f92b
3 0x80006bdc (0x8f92bfb7) x31 0x8f92b000
core   0: 0xffffffff80006be0 (0x188f8f93) addi    t6, t6, 392
3 0x80006be0 (0x188f8f93) x31 0x8f92b188
core   0: 0xffffffff80006be4 (0xec960137) lui     sp, 0xec960
3 0x80006be4 (0xec960137) x 2 0xec960000
core   0: 0xffffffff80006be8 (0xb9310113) addi    sp, sp, -1133
3 0x80006be8 (0xb9310113) x 2 0xec95fb93
core   0: 0xffffffff80006bec (0x80000437) lui     s0, 0x80000
3 0x80006bec (0x80000437) x 8 0x80000000
core   0: 0xffffffff80006bf0 (0x00000c13) li      s8, 0
3 0x80006bf0 (0x00000c13) x24 0x00000000
core   0: 0xffffffff80006bf4 (0x80000f37) lui     t5, 0x80000
3 0x80006bf4 (0x80000f37) x30 0x80000000
core   0: 0xffffffff80006bf8 (0x09e0ebb7) lui     s7, 0x9e0e
3 0x80006bf8 (0x09e0ebb7) x23 0x09e0e000
core   0: 0xffffffff80006bfc (0xc21b8b93) addi    s7, s7, -991
3 0x80006bfc (0xc21b8b93) x23 0x09e0dc21
core   0: 0xffffffff80006c00 (0x01ff8433) add     s0, t6, t6
3 0x80006c00 (0x01ff8433) x 8 0x1f256310
core   0: 0xffffffff80006c04 (0x2b6fdab7) lui     s5, 0x2b6fd
3 0x80006c04 (0x2b6fdab7) x21 0x2b6fd000
core   0: 0xffffffff80006c08 (0x2f930e97) auipc   t4, 0x2f930
3 0x80006c08 (0x2f930e97) x29 0xaf936c08
core   0: 0xffffffff80006c0c (0x41810f33) sub     t5, sp, s8
3 0x80006c0c (0x41810f33) x30 0xec95fb93
core   0: 0xffffffff80006c10 (0x417f8733) sub     a4, t6, s7
3 0x80006c10 (0x417f8733) x14 0x85b1d567
core   0: 0xffffffff80006c14 (0x00000013) nop
3 0x80006c14 (0x00000013)
core   0: 0xffffffff80006c18 (0xaf410f37) lui     t5, 0xaf410
3 0x80006c18 (0xaf410f37) x30 0xaf410000
core   0: 0xffffffff80006c1c (0xc5158113) addi    sp, a1, -943
3 0x80006c1c (0xc5158113) x 2 0x7e854cdf
core   0: 0xffffffff80006c20 (0x01d53f37) lui     t5, 0x1d53
3 0x80006c20 (0x01d53f37) x30 0x01d53000
core   0: 0xffffffff80006c24 (0x415c0c33) sub     s8, s8, s5
3 0x80006c24 (0x415c0c33) x24 0xd4903000
core   0: 0xffffffff80006c28 (0xe316bf37) lui     t5, 0xe316b
3 0x80006c28 (0xe316bf37) x30 0xe316b000
core   0: 0xffffffff80006c2c (0xc38e8713) addi    a4, t4, -968
3 0x80006c2c (0xc38e8713) x14 0xaf936840
core   0: 0xffffffff80006c30 (0x31b60bb7) lui     s7, 0x31b60
3 0x80006c30 (0x31b60bb7) x23 0x31b60000
core   0: 0xffffffff80006c34 (0x00000013) nop
3 0x80006c34 (0x00000013)
core   0: 0xffffffff80006c38 (0x01810133) add     sp, sp, s8
3 0x80006c38 (0x01810133) x 2 0x53157cdf
core   0: 0xffffffff80006c3c (0x40258733) sub     a4, a1, sp
3 0x80006c3c (0x40258733) x14 0x2b6fd3af
core   0: 0xffffffff80006c40 (0x015e8133) add     sp, t4, s5
3 0x80006c40 (0x015e8133) x 2 0xdb033c08
core   0: 0xffffffff80006c44 (0x1a96c717) auipc   a4, 0x1a96c
3 0x80006c44 (0x1a96c717) x14 0x9a972c44
core   0: 0xffffffff80006c48 (0x40b40433) sub     s0, s0, a1
3 0x80006c48 (0x40b40433) x 8 0xa0a01282
core   0: 0xffffffff80006c4c (0xd206bf17) auipc   t5, 0xd206b
3 0x80006c4c (0xd206bf17) x30 0x52071c4c
core   0: 0xffffffff80006c50 (0x16cad5b7) lui     a1, 0x16cad
3 0x80006c50 (0x16cad5b7) x11 0x16cad000
core   0: 0xffffffff80006c54 (0x40cddf93) srai    t6, s11, 12
3 0x80006c54 (0x40cddf93) x31 0xfff98780
core   0: 0xffffffff80006c58 (0x0ad6c713) xori    a4, a3, 173
3 0x80006c58 (0x0ad6c713) x14 0x5e5410ad
core   0: 0xffffffff80006c5c (0x019345b3) xor     a1, t1, s9
3 0x80006c5c (0x019345b3) x11 0xfffffd4e
core   0: 0xffffffff80006c60 (0x409cd033) sra     zero, s9, s1
3 0x80006c60 (0x409cd033)
core   0: 0xffffffff80006c64 (0x017240b3) xor     ra, tp, s7
3 0x80006c64 (0x017240b3) x 1 0xad6e61e3
core   0: 0xffffffff80006c68 (0x4153d513) srai    a0, t2, 21
3 0x80006c68 (0x4153d513) x10 0x00000000
core   0: 0xffffffff80006c6c (0xd6ebe693) ori     a3, s7, -658
3 0x80006c6c (0xd6ebe693) x13 0xfffffd6e
core   0: 0xffffffff80006c70 (0xb3d23e17) auipc   t3, 0xb3d23
3 0x80006c70 (0xb3d23e17) x28 0x33d29c70
core   0: 0xffffffff80006c74 (0xf6f16b93) ori     s7, sp, -145
3 0x80006c74 (0xf6f16b93) x23 0xffffff6f
core   0: 0xffffffff80006c78 (0x2b5e7b93) andi    s7, t3, 693
3 0x80006c78 (0x2b5e7b93) x23 0x00000030
core   0: 0xffffffff80006c7c (0x0090a833) slt     a6, ra, s1
3 0x80006c7c (0x0090a833) x16 0x00000000
core   0: 0xffffffff80006c80 (0x20c6c313) xori    t1, a3, 524
3 0x80006c80 (0x20c6c313) x 6 0xffffff62
core   0: 0xffffffff80006c84 (0x016e5e93) srli    t4, t3, 22
3 0x80006c84 (0x016e5e93) x29 0x000000cf
core   0: 0xffffffff80006c88 (0x0bc30293) addi    t0, t1, 188
3 0x80006c88 (0x0bc30293) x 5 0x0000001e
core   0: 0xffffffff80006c8c (0x4073d333) sra     t1, t2, t2
3 0x80006c8c (0x4073d333) x 6 0x00000005
core   0: 0xffffffff80006c90 (0xfbd7f593) andi    a1, a5, -67
3 0x80006c90 (0xfbd7f593) x11 0x00000000
core   0: 0xffffffff80006c94 (0x30697813) andi    a6, s2, 774
3 0x80006c94 (0x30697813) x16 0x00000104
core   0: 0xffffffff80006c98 (0x00cd20b3) slt     ra, s10, a2
3 0x80006c98 (0x00cd20b3) x 1 0x00000001
core   0: 0xffffffff80006c9c (0x00595133) srl     sp, s2, t0
3 0x80006c9c (0x00595133) x 2 0x00000003
core   0: 0xffffffff80006ca0 (0x41bb0933) sub     s2, s6, s11
3 0x80006ca0 (0x41bb0933) x18 0x67880000
core   0: 0xffffffff80006ca4 (0xdb957013) andi    zero, a0, -583
3 0x80006ca4 (0xdb957013)
core   0: 0xffffffff80006ca8 (0x01fbec33) or      s8, s7, t6
3 0x80006ca8 (0x01fbec33) x24 0xfff987b0
core   0: 0xffffffff80006cac (0xe61e3a93) sltiu   s5, t3, -415
3 0x80006cac (0xe61e3a93) x21 0x00000001
core   0: 0xffffffff80006cb0 (0x40cc8733) sub     a4, s9, a2
3 0x80006cb0 (0x40cc8733) x14 0xbf80a490
core   0: 0xffffffff80006cb4 (0x002121b3) slt     gp, sp, sp
3 0x80006cb4 (0x002121b3) x 3 0x00000000
core   0: 0xffffffff80006cb8 (0x01ba19b3) sll     s3, s4, s11
3 0x80006cb8 (0x01ba19b3) x19 0x80014ce4
core   0: 0xffffffff80006cbc (0x01399eb3) sll     t4, s3, s3
3 0x80006cbc (0x01399eb3) x29 0x0014ce40
core   0: 0xffffffff80006cc0 (0x00e407b3) add     a5, s0, a4
3 0x80006cc0 (0x00e407b3) x15 0x6020b712
core   0: 0xffffffff80006cc4 (0x1c554e93) xori    t4, a0, 453
3 0x80006cc4 (0x1c554e93) x29 0x000001c5
core   0: 0xffffffff80006cc8 (0x007deab3) or      s5, s11, t2
3 0x80006cc8 (0x007deab3) x21 0x987a86af
core   0: 0xffffffff80006ccc (0xfcac7593) andi    a1, s8, -54
3 0x80006ccc (0xfcac7593) x11 0xfff98780
core   0: 0xffffffff80006cd0 (0x018b0eb3) add     t4, s6, s8
3 0x80006cd0 (0x018b0eb3) x29 0xfff987b0
core   0: 0xffffffff80006cd4 (0x007467b3) or      a5, s0, t2
3 0x80006cd4 (0x007467b3) x15 0xa0a296af
core   0: 0xffffffff80006cd8 (0x0016c3b3) xor     t2, a3, ra
3 0x80006cd8 (0x0016c3b3) x 7 0xfffffd6f
core   0: 0xffffffff80006cdc (0x6e9e4117) auipc   sp, 0x6e9e4
3 0x80006cdc (0x6e9e4117) x 2 0xee9eacdc
core   0: 0xffffffff80006ce0 (0x00f31013) slli    zero, t1, 15
3 0x80006ce0 (0x00f31013)
core   0: 0xffffffff80006ce4 (0x01c71333) sll     t1, a4, t3
3 0x80006ce4 (0x01c71333) x 6 0xa4900000
core   0: 0xffffffff80006ce8 (0x3aa6c9b7) lui     s3, 0x3aa6c
3 0x80006ce8 (0x3aa6c9b7) x19 0x3aa6c000
core   0: 0xffffffff80006cec (0x01021e13) slli    t3, tp, 16
3 0x80006cec (0x01021e13) x28 0x61e30000
core   0: 0xffffffff80006cf0 (0xa8a31897) auipc   a7, 0xa8a31
3 0x80006cf0 (0xa8a31897) x17 0x28a37cf0
core   0: 0xffffffff80006cf4 (0x40b909b3) sub     s3, s2, a1
3 0x80006cf4 (0x40b909b3) x19 0x678e7880
core   0: 0xffffffff80006cf8 (0xfbc08113) addi    sp, ra, -68
3 0x80006cf8 (0xfbc08113) x 2 0xffffffbd
core   0: 0xffffffff80006cfc (0x1bcb3117) auipc   sp, 0x1bcb3
3 0x80006cfc (0x1bcb3117) x 2 0x9bcb9cfc
core   0: 0xffffffff80006d00 (0x4034dbb3) sra     s7, s1, gp
3 0x80006d00 (0x4034dbb3) x23 0x80010e64
core   0: 0xffffffff80006d04 (0x41db5e13) srai    t3, s6, 29
3 0x80006d04 (0x41db5e13) x28 0x00000000
core   0: 0xffffffff80006d08 (0x0130e5b3) or      a1, ra, s3
3 0x80006d08 (0x0130e5b3) x11 0x678e7881
core   0: 0xffffffff80006d0c (0x41ce0cb3) sub     s9, t3, t3
3 0x80006d0c (0x41ce0cb3) x25 0x00000000
core   0: 0xffffffff80006d10 (0xd9f81017) auipc   zero, 0xd9f81
3 0x80006d10 (0xd9f81017)
core   0: 0xffffffff80006d14 (0x41be88b3) sub     a7, t4, s11
3 0x80006d14 (0x41be88b3) x17 0x678187b0
core   0: 0xffffffff80006d18 (0x19643e13) sltiu   t3, s0, 406
3 0x80006d18 (0x19643e13) x28 0x00000000
core   0: 0xffffffff80006d1c (0xd1ab3993) sltiu   s3, s6, -742
3 0x80006d1c (0xd1ab3993) x19 0x00000001
core   0: 0xffffffff80006d20 (0x01230e33) add     t3, t1, s2
3 0x80006d20 (0x01230e33) x28 0x0c180000
core   0: 0xffffffff80006d24 (0x37148313) addi    t1, s1, 881
3 0x80006d24 (0x37148313) x 6 0x800111d5
core   0: 0xffffffff80006d28 (0x01645633) srl     a2, s0, s6
3 0x80006d28 (0x01645633) x12 0xa0a01282
core   0: 0xffffffff80006d2c (0x0088e733) or      a4, a7, s0
3 0x80006d2c (0x0088e733) x14 0xe7a197b2
core   0: 0xffffffff80006d30 (0x00d69093) slli    ra, a3, 13
3 0x80006d30 (0x00d69093) x 1 0xffadc000
core   0: 0xffffffff80006d34 (0x01c37fb3) and     t6, t1, t3
3 0x80006d34 (0x01c37fb3) x31 0x00000000
core   0: 0xffffffff80006d38 (0x33b63393) sltiu   t2, a2, 827
3 0x80006d38 (0x33b63393) x 7 0x00000000
core   0: 0xffffffff80006d3c (0x01949993) slli    s3, s1, 25
3 0x80006d3c (0x01949993) x19 0xc8000000
core   0: 0xffffffff80006d40 (0x012b0633) add     a2, s6, s2
3 0x80006d40 (0x012b0633) x12 0x67880000
core   0: 0xffffffff80006d44 (0x00f95e93) srli    t4, s2, 15
3 0x80006d44 (0x00f95e93) x29 0x0000cf10
core   0: 0xffffffff80006d48 (0x0069d633) srl     a2, s3, t1
3 0x80006d48 (0x0069d633) x12 0x00000640
core   0: 0xffffffff80006d4c (0x0604a713) slti    a4, s1, 96
3 0x80006d4c (0x0604a713) x14 0x00000001
core   0: 0xffffffff80006d50 (0x01d87e33) and     t3, a6, t4
3 0x80006d50 (0x01d87e33) x28 0x00000100
core   0: 0xffffffff80006d54 (0x01243fb3) sltu    t6, s0, s2
3 0x80006d54 (0x01243fb3) x31 0x00000000
core   0: 0xffffffff80006d58 (0x41c6d013) srai    zero, a3, 28
3 0x80006d58 (0x41c6d013)
core   0: 0xffffffff80006d5c (0x41228333) sub     t1, t0, s2
3 0x80006d5c (0x41228333) x 6 0x9878001e
core   0: 0xffffffff80006d60 (0xf1b0b393) sltiu   t2, ra, -229
3 0x80006d60 (0xf1b0b393) x 7 0x00000001
core   0: 0xffffffff80006d64 (0x01c4d333) srl     t1, s1, t3
3 0x80006d64 (0x01c4d333) x 6 0x80010e64
core   0: 0xffffffff80006d68 (0x01373633) sltu    a2, a4, s3
3 0x80006d68 (0x01373633) x12 0x00000001
core   0: 0xffffffff80006d6c (0xce6c8193) addi    gp, s9, -794
3 0x80006d6c (0xce6c8193) x 3 0xfffffce6
core   0: 0xffffffff80006d70 (0x01af4b33) xor     s6, t5, s10
3 0x80006d70 (0x01af4b33) x22 0x8695392b
core   0: 0xffffffff80006d74 (0xec8baf13) slti    t5, s7, -312
3 0x80006d74 (0xec8baf13) x30 0x00000001
core   0: 0xffffffff80006d78 (0xdb4a7f13) andi    t5, s4, -588
3 0x80006d78 (0xdb4a7f13) x30 0x80014ca4
core   0: 0xffffffff80006d7c (0x0166dc13) srli    s8, a3, 22
3 0x80006d7c (0x0166dc13) x24 0x000003ff
core   0: 0xffffffff80006d80 (0x4184d813) srai    a6, s1, 24
3 0x80006d80 (0x4184d813) x16 0xffffff80
core   0: 0xffffffff80006d84 (0x40f6db33) sra     s6, a3, a5
3 0x80006d84 (0x40f6db33) x22 0xffffffff
core   0: 0xffffffff80006d88 (0x002761b3) or      gp, a4, sp
3 0x80006d88 (0x002761b3) x 3 0x9bcb9cfd
core   0: 0xffffffff80006d8c (0x01cd5293) srli    t0, s10, 28
3 0x80006d8c (0x01cd5293) x 5 0x0000000d
core   0: 0xffffffff80006d90 (0x2f7fdcb7) lui     s9, 0x2f7fd
3 0x80006d90 (0x2f7fdcb7) x25 0x2f7fd000
core   0: 0xffffffff80006d94 (0x009a9313) slli    t1, s5, 9
3 0x80006d94 (0x009a9313) x 6 0xf50d5e00
core   0: 0xffffffff80006d98 (0x01bbe9b3) or      s3, s7, s11
3 0x80006d98 (0x01bbe9b3) x19 0x98790e64
core   0: 0xffffffff80006d9c (0xdf618593) addi    a1, gp, -522
3 0x80006d9c (0xdf618593) x11 0x9bcb9af3
core   0: 0xffffffff80006da0 (0x014b69b3) or      s3, s6, s4
3 0x80006da0 (0x014b69b3) x19 0xffffffff
core   0: 0xffffffff80006da4 (0x009418b3) sll     a7, s0, s1
3 0x80006da4 (0x009418b3) x17 0x0a012820
core   0: 0xffffffff80006da8 (0x015448b3) xor     a7, s0, s5
3 0x80006da8 (0x015448b3) x17 0x38da942d
core   0: 0xffffffff80006dac (0xcc9f7513) andi    a0, t5, -823
3 0x80006dac (0xcc9f7513) x10 0x80014c80
core   0: 0xffffffff80006db0 (0x013702b3) add     t0, a4, s3
3 0x80006db0 (0x013702b3) x 5 0x00000000
core   0: 0xffffffff80006db4 (0xcd59b593) sltiu   a1, s3, -811
3 0x80006db4 (0xcd59b593) x11 0x00000000
core   0: 0xffffffff80006db8 (0x0a59b8b7) lui     a7, 0xa59b
3 0x80006db8 (0x0a59b8b7) x17 0x0a59b000
core   0: 0xffffffff80006dbc (0x54fb0937) lui     s2, 0x54fb0
3 0x80006dbc (0x54fb0937) x18 0x54fb0000
core   0: 0xffffffff80006dc0 (0x00909333) sll     t1, ra, s1
3 0x80006dc0 (0x00909333) x 6 0xfadc0000
core   0: 0xffffffff80006dc4 (0xea0f2a97) auipc   s5, 0xea0f2
3 0x80006dc4 (0xea0f2a97) x21 0x6a0f8dc4
core   0: 0xffffffff80006dc8 (0x11717893) andi    a7, sp, 279
3 0x80006dc8 (0x11717893) x17 0x00000014
core   0: 0xffffffff80006dcc (0x40088333) sub     t1, a7, zero
3 0x80006dcc (0x40088333) x 6 0x00000014
core   0: 0xffffffff80006dd0 (0x41175f13) srai    t5, a4, 17
3 0x80006dd0 (0x41175f13) x30 0x00000000
core   0: 0xffffffff80006dd4 (0x17aa6993) ori     s3, s4, 378
3 0x80006dd4 (0x17aa6993) x19 0x80014dfe
core   0: 0xffffffff80006dd8 (0x37bbec93) ori     s9, s7, 891
3 0x80006dd8 (0x37bbec93) x25 0x80010f7f
core   0: 0xffffffff80006ddc (0x00471b13) slli    s6, a4, 4
3 0x80006ddc (0x00471b13) x22 0x00000010
core   0: 0xffffffff80006de0 (0x56a03c37) lui     s8, 0x56a03
3 0x80006de0 (0x56a03c37) x24 0x56a03000
core   0: 0xffffffff80006de4 (0x01053733) sltu    a4, a0, a6
3 0x80006de4 (0x01053733) x14 0x00000001
core   0: 0xffffffff80006de8 (0x03e24113) xori    sp, tp, 62
3 0x80006de8 (0x03e24113) x 2 0x9cd861dd
core   0: 0xffffffff80006dec (0x01195933) srl     s2, s2, a7
3 0x80006dec (0x01195933) x18 0x0000054f
core   0: 0xffffffff80006df0 (0x00d519b3) sll     s3, a0, a3
3 0x80006df0 (0x00d519b3) x19 0x53200000
core   0: 0xffffffff80006df4 (0x18d2fe13) andi    t3, t0, 397
3 0x80006df4 (0x18d2fe13) x28 0x00000000
core   0: 0xffffffff80006df8 (0x01096793) ori     a5, s2, 16
3 0x80006df8 (0x01096793) x15 0x0000055f
core   0: 0xffffffff80006dfc (0x016ec0b3) xor     ra, t4, s6
3 0x80006dfc (0x016ec0b3) x 1 0x0000cf00
core   0: 0xffffffff80006e00 (0x01ce7033) and     zero, t3, t3
3 0x80006e00 (0x01ce7033)
core   0: 0xffffffff80006e04 (0x320d6793) ori     a5, s10, 800
3 0x80006e04 (0x320d6793) x15 0xd4922767
core   0: 0xffffffff80006e08 (0x41105513) srai    a0, zero, 17
3 0x80006e08 (0x41105513) x10 0x00000000
core   0: 0xffffffff80006e0c (0xc1ba2e13) slti    t3, s4, -997
3 0x80006e0c (0xc1ba2e13) x28 0x00000001
core   0: 0xffffffff80006e10 (0x417182b3) sub     t0, gp, s7
3 0x80006e10 (0x417182b3) x 5 0x1bca8e99
core   0: 0xffffffff80006e14 (0x3d328413) addi    s0, t0, 979
3 0x80006e14 (0x3d328413) x 8 0x1bca926c
core   0: 0xffffffff80006e18 (0x01b8a3b3) slt     t2, a7, s11
3 0x80006e18 (0x01b8a3b3) x 7 0x00000000
core   0: 0xffffffff80006e1c (0xdf128913) addi    s2, t0, -527
3 0x80006e1c (0xdf128913) x18 0x1bca8c8a
core   0: 0xffffffff80006e20 (0x24a17f93) andi    t6, sp, 586
3 0x80006e20 (0x24a17f93) x31 0x00000048
core   0: 0xffffffff80006e24 (0x011671b3) and     gp, a2, a7
3 0x80006e24 (0x011671b3) x 3 0x00000000
core   0: 0xffffffff80006e28 (0x00000013) nop
3 0x80006e28 (0x00000013)
core   0: 0xffffffff80006e2c (0x21634e13) xori    t3, t1, 534
3 0x80006e2c (0x21634e13) x28 0x00000202
core   0: 0xffffffff80006e30 (0x00b8d6b3) srl     a3, a7, a1
3 0x80006e30 (0x00b8d6b3) x13 0x00000014
core   0: 0xffffffff80006e34 (0xe2428c93) addi    s9, t0, -476
3 0x80006e34 (0xe2428c93) x25 0x1bca8cbd
core   0: 0xffffffff80006e38 (0x008f1433) sll     s0, t5, s0
3 0x80006e38 (0x008f1433) x 8 0x00000000
core   0: 0xffffffff80006e3c (0x00352433) slt     s0, a0, gp
3 0x80006e3c (0x00352433) x 8 0x00000000
core   0: 0xffffffff80006e40 (0x011bd113) srli    sp, s7, 17
3 0x80006e40 (0x011bd113) x 2 0x00004000
core   0: 0xffffffff80006e44 (0x0155d833) srl     a6, a1, s5
3 0x80006e44 (0x0155d833) x16 0x00000000
core   0: 0xffffffff80006e48 (0x01982db3) slt     s11, a6, s9
3 0x80006e48 (0x01982db3) x27 0x00000001
core   0: 0xffffffff80006e4c (0x008bc1b3) xor     gp, s7, s0
3 0x80006e4c (0x008bc1b3) x 3 0x80010e64
core   0: 0xffffffff80006e50 (0xdbfecf13) xori    t5, t4, -577
3 0x80006e50 (0xdbfecf13) x30 0xffff32af
core   0: 0xffffffff80006e54 (0x2b924593) xori    a1, tp, 697
3 0x80006e54 (0x2b924593) x11 0x9cd8635a
core   0: 0xffffffff80006e58 (0xf9f0c193) xori    gp, ra, -97
3 0x80006e58 (0xf9f0c193) x 3 0xffff309f
core   0: 0xffffffff80006e5c (0x012bc5b3) xor     a1, s7, s2
3 0x80006e5c (0x012bc5b3) x11 0x9bcb82ee
core   0: 0xffffffff80006e60 (0x34f1bb93) sltiu   s7, gp, 847
3 0x80006e60 (0x34f1bb93) x23 0x00000000
core   0: 0xffffffff80006e64 (0xf6713517) auipc   a0, 0xf6713
3 0x80006e64 (0xf6713517) x10 0x76719e64
core   0: 0xffffffff80006e68 (0x01883433) sltu    s0, a6, s8
3 0x80006e68 (0x01883433) x 8 0x00000001
core   0: 0xffffffff80006e6c (0x4093d993) srai    s3, t2, 9
3 0x80006e6c (0x4093d993) x19 0x00000000
core   0: 0xffffffff80006e70 (0x00e699b3) sll     s3, a3, a4
3 0x80006e70 (0x00e699b3) x19 0x00000028
core   0: 0xffffffff80006e74 (0x00086533) or      a0, a6, zero
3 0x80006e74 (0x00086533) x10 0x00000000
core   0: 0xffffffff80006e78 (0x00000013) nop
3 0x80006e78 (0x00000013)
core   0: 0xffffffff80006e7c (0x36d5f337) lui     t1, 0x36d5f
3 0x80006e7c (0x36d5f337) x 6 0x36d5f000
core   0: 0xffffffff80006e80 (0xb248d2b7) lui     t0, 0xb248d
3 0x80006e80 (0xb248d2b7) x 5 0xb248d000
core   0: 0xffffffff80006e84 (0x018dbcb3) sltu    s9, s11, s8
3 0x80006e84 (0x018dbcb3) x25 0x00000001
core   0: 0xffffffff80006e88 (0xf5acd817) auipc   a6, 0xf5acd
3 0x80006e88 (0xf5acd817) x16 0x75ad3e88
core   0: 0xffffffff80006e8c (0x41550433) sub     s0, a0, s5
3 0x80006e8c (0x41550433) x 8 0x95f0723c
core   0: 0xffffffff80006e90 (0x40e7d613) srai    a2, a5, 14
3 0x80006e90 (0x40e7d613) x12 0xffff5248
core   0: 0xffffffff80006e94 (0xf938b293) sltiu   t0, a7, -109
3 0x80006e94 (0xf938b293) x 5 0x00000001
core   0: 0xffffffff80006e98 (0x1772e693) ori     a3, t0, 375
3 0x80006e98 (0x1772e693) x13 0x00000177
core   0: 0xffffffff80006e9c (0x0e24f593) andi    a1, s1, 226
3 0x80006e9c (0x0e24f593) x11 0x00000060
core   0: 0xffffffff80006ea0 (0x00142db3) slt     s11, s0, ra
3 0x80006ea0 (0x00142db3) x27 0x00000001
core   0: 0xffffffff80006ea4 (0x0116afb3) slt     t6, a3, a7
3 0x80006ea4 (0x0116afb3) x31 0x00000000
core   0: 0xffffffff80006ea8 (0x00000013) nop
3 0x80006ea8 (0x00000013)
core   0: 0xffffffff80006eac (0x41fb8233) sub     tp, s7, t6
3 0x80006eac (0x41fb8233) x 4 0x00000000
core   0: 0xffffffff80006eb0 (0x007902b3) add     t0, s2, t2
3 0x80006eb0 (0x007902b3) x 5 0x1bca8c8a
core   0: 0xffffffff80006eb4 (0x00b29793) slli    a5, t0, 11
3 0x80006eb4 (0x00b29793) x15 0x54645000
core   0: 0xffffffff80006eb8 (0x017138b3) sltu    a7, sp, s7
3 0x80006eb8 (0x017138b3) x17 0x00000000
core   0: 0xffffffff80006ebc (0x01dc5533) srl     a0, s8, t4
3 0x80006ebc (0x01dc5533) x10 0x000056a0
core   0: 0xffffffff80006ec0 (0x005c6733) or      a4, s8, t0
3 0x80006ec0 (0x005c6733) x14 0x5feabc8a
core   0: 0xffffffff80006ec4 (0xe97b4093) xori    ra, s6, -361
3 0x80006ec4 (0xe97b4093) x 1 0xfffffe87
core   0: 0xffffffff80006ec8 (0xc9e58e13) addi    t3, a1, -866
3 0x80006ec8 (0xc9e58e13) x28 0xfffffcfe
core   0: 0xffffffff80006ecc (0xc7514893) xori    a7, sp, -907
3 0x80006ecc (0xc7514893) x17 0xffffbc75
core   0: 0xffffffff80006ed0 (0x00fc1293) slli    t0, s8, 15
3 0x80006ed0 (0x00fc1293) x 5 0x18000000
core   0: 0xffffffff80006ed4 (0xca5afc13) andi    s8, s5, -859
3 0x80006ed4 (0xca5afc13) x24 0x6a0f8c84
core   0: 0xffffffff80006ed8 (0x01360b33) add     s6, a2, s3
3 0x80006ed8 (0x01360b33) x22 0xffff5270
core   0: 0xffffffff80006edc (0x01773eb3) sltu    t4, a4, s7
3 0x80006edc (0x01773eb3) x29 0x00000000
core   0: 0xffffffff80006ee0 (0x41cad293) srai    t0, s5, 28
3 0x80006ee0 (0x41cad293) x 5 0x00000006
core   0: 0xffffffff80006ee4 (0x41305db3) sra     s11, zero, s3
3 0x80006ee4 (0x41305db3) x27 0x00000000
core   0: 0xffffffff80006ee8 (0x00722c33) slt     s8, tp, t2
3 0x80006ee8 (0x00722c33) x24 0x00000000
core   0: 0xffffffff80006eec (0x00c888b3) add     a7, a7, a2
3 0x80006eec (0x00c888b3) x17 0xffff0ebd
core   0: 0xffffffff80006ef0 (0x00ac81b3) add     gp, s9, a0
3 0x80006ef0 (0x00ac81b3) x 3 0x000056a1
core   0: 0xffffffff80006ef4 (0x41d95813) srai    a6, s2, 29
3 0x80006ef4 (0x41d95813) x16 0x00000000
core   0: 0xffffffff80006ef8 (0x00000013) nop
3 0x80006ef8 (0x00000013)
core   0: 0xffffffff80006efc (0x2c222917) auipc   s2, 0x2c222
3 0x80006efc (0x2c222917) x18 0xac228efc
core   0: 0xffffffff80006f00 (0x01033033) sltu    zero, t1, a6
3 0x80006f00 (0x01033033)
core   0: 0xffffffff80006f04 (0x0180f733) and     a4, ra, s8
3 0x80006f04 (0x0180f733) x14 0x00000000
core   0: 0xffffffff80006f08 (0x088c8693) addi    a3, s9, 136
3 0x80006f08 (0x088c8693) x13 0x00000089
core   0: 0xffffffff80006f0c (0x008e85b3) add     a1, t4, s0
3 0x80006f0c (0x008e85b3) x11 0x95f0723c
core   0: 0xffffffff80006f10 (0x414a07b3) sub     a5, s4, s4
3 0x80006f10 (0x414a07b3) x15 0x00000000
core   0: 0xffffffff80006f14 (0x34cf1037) lui     zero, 0x34cf1
3 0x80006f14 (0x34cf1037)
core   0: 0xffffffff80006f18 (0x00c2db13) srli    s6, t0, 12
3 0x80006f18 (0x00c2db13) x22 0x00000000
core   0: 0xffffffff80006f1c (0x00000013) nop
3 0x80006f1c (0x00000013)
core   0: 0xffffffff80006f20 (0x3c847a93) andi    s5, s0, 968
3 0x80006f20 (0x3c847a93) x21 0x00000208
core   0: 0xffffffff80006f24 (0x019436b3) sltu    a3, s0, s9
3 0x80006f24 (0x019436b3) x13 0x00000000
core   0: 0xffffffff80006f28 (0x00000013) nop
3 0x80006f28 (0x00000013)
core   0: 0xffffffff80006f2c (0xcfabf693) andi    a3, s7, -774
3 0x80006f2c (0xcfabf693) x13 0x00000000
core   0: 0xffffffff80006f30 (0x012c48b3) xor     a7, s8, s2
3 0x80006f30 (0x012c48b3) x17 0xac228efc
core   0: 0xffffffff80006f34 (0x13fda413) slti    s0, s11, 319
3 0x80006f34 (0x13fda413) x 8 0x00000001
core   0: 0xffffffff80006f38 (0x0156c5b3) xor     a1, a3, s5
3 0x80006f38 (0x0156c5b3) x11 0x00000208
core   0: 0xffffffff80006f3c (0x84e8fbb7) lui     s7, 0x84e8f
3 0x80006f3c (0x84e8fbb7) x23 0x84e8f000
core   0: 0xffffffff80006f40 (0x28982793) slti    a5, a6, 649
3 0x80006f40 (0x28982793) x15 0x00000001
core   0: 0xffffffff80006f44 (0x003ecfb3) xor     t6, t4, gp
3 0x80006f44 (0x003ecfb3) x31 0x000056a1
core   0: 0xffffffff80006f48 (0x416d5813) srai    a6, s10, 22
3 0x80006f48 (0x416d5813) x16 0xffffff52
core   0: 0xffffffff80006f4c (0x0140a8b3) slt     a7, ra, s4
3 0x80006f4c (0x0140a8b3) x17 0x00000000
core   0: 0xffffffff80006f50 (0xcec5c993) xori    s3, a1, -788
3 0x80006f50 (0xcec5c993) x19 0xfffffee4
core   0: 0xffffffff80006f54 (0x01a9e233) or      tp, s3, s10
3 0x80006f54 (0x01a9e233) x 4 0xffffffe7
core   0: 0xffffffff80006f58 (0x05014313) xori    t1, sp, 80
3 0x80006f58 (0x05014313) x 6 0x00004050
core   0: 0xffffffff80006f5c (0xe886e313) ori     t1, a3, -376
3 0x80006f5c (0xe886e313) x 6 0xfffffe88
core   0: 0xffffffff80006f60 (0x0153ceb3) xor     t4, t2, s5
3 0x80006f60 (0x0153ceb3) x29 0x00000208
core   0: 0xffffffff80006f64 (0x003221b3) slt     gp, tp, gp
3 0x80006f64 (0x003221b3) x 3 0x00000001
core   0: 0xffffffff80006f68 (0xdda14393) xori    t2, sp, -550
3 0x80006f68 (0xdda14393) x 7 0xffffbdda
core   0: 0xffffffff80006f6c (0x00000013) nop
3 0x80006f6c (0x00000013)
core   0: 0xffffffff80006f70 (0x004e7fb3) and     t6, t3, tp
3 0x80006f70 (0x004e7fb3) x31 0xfffffce6
core   0: 0xffffffff80006f74 (0xc903e013) ori     zero, t2, -880
3 0x80006f74 (0xc903e013)
core   0: 0xffffffff80006f78 (0xdd8eee93) ori     t4, t4, -552
3 0x80006f78 (0xdd8eee93) x29 0xffffffd8
core   0: 0xffffffff80006f7c (0x00fde433) or      s0, s11, a5
3 0x80006f7c (0x00fde433) x 8 0x00000001
core   0: 0xffffffff80006f80 (0x41d3d933) sra     s2, t2, t4
3 0x80006f80 (0x41d3d933) x18 0xffffffff
core   0: 0xffffffff80006f84 (0xd4318913) addi    s2, gp, -701
3 0x80006f84 (0xd4318913) x18 0xfffffd44
core   0: 0xffffffff80006f88 (0x41e2d333) sra     t1, t0, t5
3 0x80006f88 (0x41e2d333) x 6 0x00000000
core   0: 0xffffffff80006f8c (0x3b945117) auipc   sp, 0x3b945
3 0x80006f8c (0x3b945117) x 2 0xbb94bf8c
core   0: 0xffffffff80006f90 (0x0ae80113) addi    sp, a6, 174
3 0x80006f90 (0x0ae80113) x 2 0x00000000
core   0: 0xffffffff80006f94 (0xf846f093) andi    ra, a3, -124
3 0x80006f94 (0xf846f093) x 1 0x00000000
core   0: 0xffffffff80006f98 (0xe751c993) xori    s3, gp, -395
3 0x80006f98 (0xe751c993) x19 0xfffffe74
core   0: 0xffffffff80006f9c (0x41ead6b3) sra     a3, s5, t5
3 0x80006f9c (0x41ead6b3) x13 0x00000000
core   0: 0xffffffff80006fa0 (0x01221313) slli    t1, tp, 18
3 0x80006fa0 (0x01221313) x 6 0xff9c0000
core   0: 0xffffffff80006fa4 (0x12648993) addi    s3, s1, 294
3 0x80006fa4 (0x12648993) x19 0x80010f8a
core   0: 0xffffffff80006fa8 (0x00a1d713) srli    a4, gp, 10
3 0x80006fa8 (0x00a1d713) x14 0x00000000
core   0: 0xffffffff80006fac (0x41cfd613) srai    a2, t6, 28
3 0x80006fac (0x41cfd613) x12 0xffffffff
core   0: 0xffffffff80006fb0 (0x00f2a433) slt     s0, t0, a5
3 0x80006fb0 (0x00f2a433) x 8 0x00000000
core   0: 0xffffffff80006fb4 (0x00000013) nop
3 0x80006fb4 (0x00000013)
core   0: 0xffffffff80006fb8 (0x01add833) srl     a6, s11, s10
3 0x80006fb8 (0x01add833) x16 0x00000000
core   0: 0xffffffff80006fbc (0x00000013) nop
3 0x80006fbc (0x00000013)
core   0: 0xffffffff80006fc0 (0x01cff233) and     tp, t6, t3
3 0x80006fc0 (0x01cff233) x 4 0xfffffce6
core   0: 0xffffffff80006fc4 (0x01b181b3) add     gp, gp, s11
3 0x80006fc4 (0x01b181b3) x 3 0x00000001
core   0: 0xffffffff80006fc8 (0x32870793) addi    a5, a4, 808
3 0x80006fc8 (0x32870793) x15 0x00000328
core   0: 0xffffffff80006fcc (0x00471713) slli    a4, a4, 4
3 0x80006fcc (0x00471713) x14 0x00000000
core   0: 0xffffffff80006fd0 (0x008e88b3) add     a7, t4, s0
3 0x80006fd0 (0x008e88b3) x17 0xffffffd8
core   0: 0xffffffff80006fd4 (0x41b35193) srai    gp, t1, 27
3 0x80006fd4 (0x41b35193) x 3 0xffffffff
core   0: 0xffffffff80006fd8 (0x00358c33) add     s8, a1, gp
3 0x80006fd8 (0x00358c33) x24 0x00000207
core   0: 0xffffffff80006fdc (0x06128b93) addi    s7, t0, 97
3 0x80006fdc (0x06128b93) x23 0x00000067
core   0: 0xffffffff80006fe0 (0x001d8e33) add     t3, s11, ra
3 0x80006fe0 (0x001d8e33) x28 0x00000000
core   0: 0xffffffff80006fe4 (0x003380b3) add     ra, t2, gp
3 0x80006fe4 (0x003380b3) x 1 0xffffbdd9
core   0: 0xffffffff80006fe8 (0x40448133) sub     sp, s1, tp
3 0x80006fe8 (0x40448133) x 2 0x8001117e
core   0: 0xffffffff80006fec (0x016472b3) and     t0, s0, s6
3 0x80006fec (0x016472b3) x 5 0x00000000
core   0: 0xffffffff80006ff0 (0xd8e27693) andi    a3, tp, -626
3 0x80006ff0 (0xd8e27693) x13 0xfffffc86
core   0: 0xffffffff80006ff4 (0x00501e93) slli    t4, zero, 5
3 0x80006ff4 (0x00501e93) x29 0x00000000
core   0: 0xffffffff80006ff8 (0x00ebedb3) or      s11, s7, a4
3 0x80006ff8 (0x00ebedb3) x27 0x00000067
core   0: 0xffffffff80006ffc (0x00830733) add     a4, t1, s0
3 0x80006ffc (0x00830733) x14 0xff9c0000
core   0: 0xffffffff80007000 (0x003ee533) or      a0, t4, gp
3 0x80007000 (0x003ee533) x10 0xffffffff
core   0: 0xffffffff80007004 (0xed377f13) andi    t5, a4, -301
3 0x80007004 (0xed377f13) x30 0xff9c0000
core   0: 0xffffffff80007008 (0x0198b233) sltu    tp, a7, s9
3 0x80007008 (0x0198b233) x 4 0x00000000
core   0: 0xffffffff8000700c (0x016b7db3) and     s11, s6, s6
3 0x8000700c (0x016b7db3) x27 0x00000000
core   0: 0xffffffff80007010 (0x010a8293) addi    t0, s5, 16
3 0x80007010 (0x010a8293) x 5 0x00000218
core   0: 0xffffffff80007014 (0x01cffe33) and     t3, t6, t3
3 0x80007014 (0x01cffe33) x28 0x00000000
core   0: 0xffffffff80007018 (0x01787533) and     a0, a6, s7
3 0x80007018 (0x01787533) x10 0x00000000
core   0: 0xffffffff8000701c (0x00e560b3) or      ra, a0, a4
3 0x8000701c (0x00e560b3) x 1 0xff9c0000
core   0: 0xffffffff80007020 (0x2c6b8293) addi    t0, s7, 710
3 0x80007020 (0x2c6b8293) x 5 0x0000032d
core   0: 0xffffffff80007024 (0x00246bb3) or      s7, s0, sp
3 0x80007024 (0x00246bb3) x23 0x8001117e
core   0: 0xffffffff80007028 (0x0d070f13) addi    t5, a4, 208
3 0x80007028 (0x0d070f13) x30 0xff9c00d0
core   0: 0xffffffff8000702c (0x0f7e7993) andi    s3, t3, 247
3 0x8000702c (0x0f7e7993) x19 0x00000000
core   0: 0xffffffff80007030 (0x54b9eb17) auipc   s6, 0x54b9e
3 0x80007030 (0x54b9eb17) x22 0xd4ba5030
core   0: 0xffffffff80007034 (0x005cb0b3) sltu    ra, s9, t0
3 0x80007034 (0x005cb0b3) x 1 0x00000001
core   0: 0xffffffff80007038 (0x411cd2b3) sra     t0, s9, a7
3 0x80007038 (0x411cd2b3) x 5 0x00000000
core   0: 0xffffffff8000703c (0x001eef33) or      t5, t4, ra
3 0x8000703c (0x001eef33) x30 0x00000001
core   0: 0xffffffff80007040 (0xced92813) slti    a6, s2, -787
3 0x80007040 (0xced92813) x16 0x00000000
core   0: 0xffffffff80007044 (0x400fddb3) sra     s11, t6, zero
3 0x80007044 (0x400fddb3) x27 0xfffffce6
core   0: 0xffffffff80007048 (0x417fd213) srai    tp, t6, 23
3 0x80007048 (0x417fd213) x 4 0xffffffff
core   0: 0xffffffff8000704c (0x016db733) sltu    a4, s11, s6
3 0x8000704c (0x016db733) x14 0x00000000
core   0: 0xffffffff80007050 (0x530e7237) lui     tp, 0x530e7
3 0x80007050 (0x530e7237) x 4 0x530e7000
core   0: 0xffffffff80007054 (0x01ac5633) srl     a2, s8, s10
3 0x80007054 (0x01ac5633) x12 0x00000004
core   0: 0xffffffff80007058 (0x16014e97) auipc   t4, 0x16014
3 0x80007058 (0x16014e97) x29 0x9601b058
core   0: 0xffffffff8000705c (0xc9a8c593) xori    a1, a7, -870
3 0x8000705c (0xc9a8c593) x11 0x00000342
core   0: 0xffffffff80007060 (0x00665893) srli    a7, a2, 6
3 0x80007060 (0x00665893) x17 0x00000000
core   0: 0xffffffff80007064 (0x01e6a9b3) slt     s3, a3, t5
3 0x80007064 (0x01e6a9b3) x19 0x00000001
core   0: 0xffffffff80007068 (0x01545e33) srl     t3, s0, s5
3 0x80007068 (0x01545e33) x28 0x00000000
core   0: 0xffffffff8000706c (0x272e7e13) andi    t3, t3, 626
3 0x8000706c (0x272e7e13) x28 0x00000000
core   0: 0xffffffff80007070 (0x0181ab33) slt     s6, gp, s8
3 0x80007070 (0x0181ab33) x22 0x00000001
core   0: 0xffffffff80007074 (0x01a75b93) srli    s7, a4, 26
3 0x80007074 (0x01a75b93) x23 0x00000000
core   0: 0xffffffff80007078 (0x00000013) nop
3 0x80007078 (0x00000013)
core   0: 0xffffffff8000707c (0x01d65d93) srli    s11, a2, 29
3 0x8000707c (0x01d65d93) x27 0x00000000
core   0: 0xffffffff80007080 (0x09e47913) andi    s2, s0, 158
3 0x80007080 (0x09e47913) x18 0x00000000
core   0: 0xffffffff80007084 (0x01666013) ori     zero, a2, 22
3 0x80007084 (0x01666013)
core   0: 0xffffffff80007088 (0x00357b33) and     s6, a0, gp
3 0x80007088 (0x00357b33) x22 0x00000000
core   0: 0xffffffff8000708c (0x0010df93) srli    t6, ra, 1
3 0x8000708c (0x0010df93) x31 0x00000000
core   0: 0xffffffff80007090 (0x1c31af93) slti    t6, gp, 451
3 0x80007090 (0x1c31af93) x31 0x00000001
core   0: 0xffffffff80007094 (0xf73b6713) ori     a4, s6, -141
3 0x80007094 (0xf73b6713) x14 0xffffff73
core   0: 0xffffffff80007098 (0xd5826513) ori     a0, tp, -680
3 0x80007098 (0xd5826513) x10 0xfffffd58
core   0: 0xffffffff8000709c (0x13facb13) xori    s6, s5, 319
3 0x8000709c (0x13facb13) x22 0x00000337
core   0: 0xffffffff800070a0 (0x41975833) sra     a6, a4, s9
3 0x800070a0 (0x41975833) x16 0xffffffb9
core   0: 0xffffffff800070a4 (0x00f5d413) srli    s0, a1, 15
3 0x800070a4 (0x00f5d413) x 8 0x00000000
core   0: 0xffffffff800070a8 (0x41d9d9b3) sra     s3, s3, t4
3 0x800070a8 (0x41d9d9b3) x19 0x00000000
core   0: 0xffffffff800070ac (0xf224eb93) ori     s7, s1, -222
3 0x800070ac (0xf224eb93) x23 0xffffff66
core   0: 0xffffffff800070b0 (0x00127b33) and     s6, tp, ra
3 0x800070b0 (0x00127b33) x22 0x00000000
core   0: 0xffffffff800070b4 (0xef9aee13) ori     t3, s5, -263
3 0x800070b4 (0xef9aee13) x28 0xfffffef9
core   0: 0xffffffff800070b8 (0x3d058793) addi    a5, a1, 976
3 0x800070b8 (0x3d058793) x15 0x00000712
core   0: 0xffffffff800070bc (0x26fa5637) lui     a2, 0x26fa5
3 0x800070bc (0x26fa5637) x12 0x26fa5000
core   0: 0xffffffff800070c0 (0xe0a1a513) slti    a0, gp, -502
3 0x800070c0 (0xe0a1a513) x10 0x00000000
core   0: 0xffffffff800070c4 (0x00000013) nop
3 0x800070c4 (0x00000013)
core   0: 0xffffffff800070c8 (0x00506533) or      a0, zero, t0
3 0x800070c8 (0x00506533) x10 0x00000000
core   0: 0xffffffff800070cc (0x00000013) nop
3 0x800070cc (0x00000013)
core   0: 0xffffffff800070d0 (0x413d5593) srai    a1, s10, 19
3 0x800070d0 (0x413d5593) x11 0xfffffa92
core   0: 0xffffffff800070d4 (0xe62ab093) sltiu   ra, s5, -414
3 0x800070d4 (0xe62ab093) x 1 0x00000001
core   0: 0xffffffff800070d8 (0xcee9bc13) sltiu   s8, s3, -786
3 0x800070d8 (0xcee9bc13) x24 0x00000001
core   0: 0xffffffff800070dc (0x00944233) xor     tp, s0, s1
3 0x800070dc (0x00944233) x 4 0x80010e64
core   0: 0xffffffff800070e0 (0x01ae5393) srli    t2, t3, 26
3 0x800070e0 (0x01ae5393) x 7 0x0000003f
core   0: 0xffffffff800070e4 (0x0dcf6a93) ori     s5, t5, 220
3 0x800070e4 (0x0dcf6a93) x21 0x000000dd
core   0: 0xffffffff800070e8 (0x30db6893) ori     a7, s6, 781
3 0x800070e8 (0x30db6893) x17 0x0000030d
core   0: 0xffffffff800070ec (0xcd3b8b93) addi    s7, s7, -813
3 0x800070ec (0xcd3b8b93) x23 0xfffffc39
core   0: 0xffffffff800070f0 (0x019b29b3) slt     s3, s6, s9
3 0x800070f0 (0x019b29b3) x19 0x00000001
core   0: 0xffffffff800070f4 (0x016252b3) srl     t0, tp, s6
3 0x800070f4 (0x016252b3) x 5 0x80010e64
core   0: 0xffffffff800070f8 (0x01378e33) add     t3, a5, s3
3 0x800070f8 (0x01378e33) x28 0x00000713
core   0: 0xffffffff800070fc (0x00739a93) slli    s5, t2, 7
3 0x800070fc (0x00739a93) x21 0x00001f80
core   0: 0xffffffff80007100 (0x004635b3) sltu    a1, a2, tp
3 0x80007100 (0x004635b3) x11 0x00000001
core   0: 0xffffffff80007104 (0x01e115b3) sll     a1, sp, t5
3 0x80007104 (0x01e115b3) x11 0x000222fc
core   0: 0xffffffff80007108 (0x40618033) sub     zero, gp, t1
3 0x80007108 (0x40618033)
core   0: 0xffffffff8000710c (0x2a8e4c93) xori    s9, t3, 680
3 0x8000710c (0x2a8e4c93) x25 0x000005bb
core   0: 0xffffffff80007110 (0x282a6293) ori     t0, s4, 642
3 0x80007110 (0x282a6293) x 5 0x80014ee6
core   0: 0xffffffff80007114 (0x2f5c3393) sltiu   t2, s8, 757
3 0x80007114 (0x2f5c3393) x 7 0x00000001
core   0: 0xffffffff80007118 (0xc077c013) xori    zero, a5, -1017
3 0x80007118 (0xc077c013)
core   0: 0xffffffff8000711c (0x00652b33) slt     s6, a0, t1
3 0x8000711c (0x00652b33) x22 0x00000000
core   0: 0xffffffff80007120 (0xf45da913) slti    s2, s11, -187
3 0x80007120 (0xf45da913) x18 0x00000000
core   0: 0xffffffff80007124 (0x0022f7b3) and     a5, t0, sp
3 0x80007124 (0x0022f7b3) x15 0x80010066
core   0: 0xffffffff80007128 (0x006076b3) and     a3, zero, t1
3 0x80007128 (0x006076b3) x13 0x00000000
core   0: 0xffffffff8000712c (0x41235613) srai    a2, t1, 18
3 0x8000712c (0x41235613) x12 0xffffffe7
core   0: 0xffffffff80007130 (0x00000013) nop
3 0x80007130 (0x00000013)
core   0: 0xffffffff80007134 (0x00000093) li      ra, 0
3 0x80007134 (0x00000093) x 1 0x00000000
core   0: 0xffffffff80007138 (0x47204bb7) lui     s7, 0x47204
3 0x80007138 (0x47204bb7) x23 0x47204000
core   0: 0xffffffff8000713c (0xfaeb8b93) addi    s7, s7, -82
3 0x8000713c (0xfaeb8b93) x23 0x47203fae
core   0: 0xffffffff80007140 (0x80000f37) lui     t5, 0x80000
3 0x80007140 (0x80000f37) x30 0x80000000
core   0: 0xffffffff80007144 (0x27f053b7) lui     t2, 0x27f05
3 0x80007144 (0x27f053b7) x 7 0x27f05000
core   0: 0xffffffff80007148 (0x4bf38393) addi    t2, t2, 1215
3 0x80007148 (0x4bf38393) x 7 0x27f054bf
core   0: 0xffffffff8000714c (0x800001b7) lui     gp, 0x80000
3 0x8000714c (0x800001b7) x 3 0x80000000
core   0: 0xffffffff80007150 (0xeb9d7b37) lui     s6, 0xeb9d7
3 0x80007150 (0xeb9d7b37) x22 0xeb9d7000
core   0: 0xffffffff80007154 (0x7cbb0b13) addi    s6, s6, 1995
3 0x80007154 (0x7cbb0b13) x22 0xeb9d77cb
core   0: 0xffffffff80007158 (0xfff00113) li      sp, -1
3 0x80007158 (0xfff00113) x 2 0xffffffff
core   0: 0xffffffff8000715c (0x00000813) li      a6, 0
3 0x8000715c (0x00000813) x16 0x00000000
core   0: 0xffffffff80007160 (0xfff00593) li      a1, -1
3 0x80007160 (0xfff00593) x11 0xffffffff
core   0: 0xffffffff80007164 (0xfff00613) li      a2, -1
3 0x80007164 (0xfff00613) x12 0xffffffff
core   0: 0xffffffff80007168 (0xf27b03b7) lui     t2, 0xf27b0
3 0x80007168 (0xf27b03b7) x 7 0xf27b0000
core   0: 0xffffffff8000716c (0xdcf08b93) addi    s7, ra, -561
3 0x8000716c (0xdcf08b93) x23 0xfffffdcf
core   0: 0xffffffff80007170 (0xd7451097) auipc   ra, 0xd7451
3 0x80007170 (0xd7451097) x 1 0x57458170
core   0: 0xffffffff80007174 (0x003b80b3) add     ra, s7, gp
3 0x80007174 (0x003b80b3) x 1 0x7ffffdcf
core   0: 0xffffffff80007178 (0x402803b3) sub     t2, a6, sp
3 0x80007178 (0x402803b3) x 7 0x00000001
core   0: 0xffffffff8000717c (0x00210b33) add     s6, sp, sp
3 0x8000717c (0x00210b33) x22 0xfffffffe
core   0: 0xffffffff80007180 (0x00000013) nop
3 0x80007180 (0x00000013)
core   0: 0xffffffff80007184 (0xb42353b7) lui     t2, 0xb4235
3 0x80007184 (0xb42353b7) x 7 0xb4235000
core   0: 0xffffffff80007188 (0x00000013) nop
3 0x80007188 (0x00000013)
core   0: 0xffffffff8000718c (0x00b08b33) add     s6, ra, a1
3 0x8000718c (0x00b08b33) x22 0x7ffffdce
core   0: 0xffffffff80007190 (0x41e80133) sub     sp, a6, t5
3 0x80007190 (0x41e80133) x 2 0x80000000
core   0: 0xffffffff80007194 (0x08038617) auipc   a2, 0x8038
3 0x80007194 (0x08038617) x12 0x8803f194
core   0: 0xffffffff80007198 (0x0f5b0113) addi    sp, s6, 245
3 0x80007198 (0x0f5b0113) x 2 0x7ffffec3
core   0: 0xffffffff8000719c (0xcda6d617) auipc   a2, 0xcda6d
3 0x8000719c (0xcda6d617) x12 0x4da7419c
core   0: 0xffffffff800071a0 (0xd8e08393) addi    t2, ra, -626
3 0x800071a0 (0xd8e08393) x 7 0x7ffffb5d
core   0: 0xffffffff800071a4 (0xa8afb817) auipc   a6, 0xa8afb
3 0x800071a4 (0xa8afb817) x16 0x28b021a4
core   0: 0xffffffff800071a8 (0x40738633) sub     a2, t2, t2
3 0x800071a8 (0x40738633) x12 0x00000000
core   0: 0xffffffff800071ac (0x01455193) srli    gp, a0, 20
3 0x800071ac (0x01455193) x 3 0x00000000
core   0: 0xffffffff800071b0 (0x090dc793) xori    a5, s11, 144
3 0x800071b0 (0x090dc793) x15 0x00000090
core   0: 0xffffffff800071b4 (0x40730eb3) sub     t4, t1, t2
3 0x800071b4 (0x40730eb3) x29 0x7f9c04a3
core   0: 0xffffffff800071b8 (0x000d3bb3) sltu    s7, s10, zero
3 0x800071b8 (0x000d3bb3) x23 0x00000000
core   0: 0xffffffff800071bc (0x00152ab3) slt     s5, a0, ra
3 0x800071bc (0x00152ab3) x21 0x00000001
core   0: 0xffffffff800071c0 (0xc914cb13) xori    s6, s1, -879
3 0x800071c0 (0xc914cb13) x22 0x7ffef2f5
core   0: 0xffffffff800071c4 (0x0180a2b3) slt     t0, ra, s8
3 0x800071c4 (0x0180a2b3) x 5 0x00000000
core   0: 0xffffffff800071c8 (0x7cd5b317) auipc   t1, 0x7cd5b
3 0x800071c8 (0x7cd5b317) x 6 0xfcd621c8
core   0: 0xffffffff800071cc (0x404d5613) srai    a2, s10, 4
3 0x800071cc (0x404d5613) x12 0xfd492256
core   0: 0xffffffff800071d0 (0xc0dd7413) andi    s0, s10, -1011
3 0x800071d0 (0xc0dd7413) x 8 0xd4922405
core   0: 0xffffffff800071d4 (0x00000013) nop
3 0x800071d4 (0x00000013)
core   0: 0xffffffff800071d8 (0x410c86b3) sub     a3, s9, a6
3 0x800071d8 (0x410c86b3) x13 0xd74fe417
core   0: 0xffffffff800071dc (0x002dbb33) sltu    s6, s11, sp
3 0x800071dc (0x002dbb33) x22 0x00000001
core   0: 0xffffffff800071e0 (0x41fedb93) srai    s7, t4, 31
3 0x800071e0 (0x41fedb93) x23 0x00000000
core   0: 0xffffffff800071e4 (0x40790833) sub     a6, s2, t2
3 0x800071e4 (0x40790833) x16 0x800004a3
core   0: 0xffffffff800071e8 (0x0afab893) sltiu   a7, s5, 175
3 0x800071e8 (0x0afab893) x17 0x00000001
core   0: 0xffffffff800071ec (0x00967cb3) and     s9, a2, s1
3 0x800071ec (0x00967cb3) x25 0x80010244
core   0: 0xffffffff800071f0 (0x007069b3) or      s3, zero, t2
3 0x800071f0 (0x007069b3) x19 0x7ffffb5d
core   0: 0xffffffff800071f4 (0x01edf2b3) and     t0, s11, t5
3 0x800071f4 (0x01edf2b3) x 5 0x00000000
core   0: 0xffffffff800071f8 (0x00cf2db3) slt     s11, t5, a2
3 0x800071f8 (0x00cf2db3) x27 0x00000001
core   0: 0xffffffff800071fc (0xc0adb613) sltiu   a2, s11, -1014
3 0x800071fc (0xc0adb613) x12 0x00000001
core   0: 0xffffffff80007200 (0x004b06b3) add     a3, s6, tp
3 0x80007200 (0x004b06b3) x13 0x80010e65
core   0: 0xffffffff80007204 (0x010cd393) srli    t2, s9, 16
3 0x80007204 (0x010cd393) x 7 0x00008001
core   0: 0xffffffff80007208 (0xceb8fe93) andi    t4, a7, -789
3 0x80007208 (0xceb8fe93) x29 0x00000001
core   0: 0xffffffff8000720c (0x01f75633) srl     a2, a4, t6
3 0x8000720c (0x01f75633) x12 0x7fffffb9
core   0: 0xffffffff80007210 (0x0069b933) sltu    s2, s3, t1
3 0x80007210 (0x0069b933) x18 0x00000001
core   0: 0xffffffff80007214 (0x01fca7b3) slt     a5, s9, t6
3 0x80007214 (0x01fca7b3) x15 0x00000001
core   0: 0xffffffff80007218 (0xb0d3ea97) auipc   s5, 0xb0d3e
3 0x80007218 (0xb0d3ea97) x21 0x30d45218
core   0: 0xffffffff8000721c (0x00b4e3b3) or      t2, s1, a1
3 0x8000721c (0x00b4e3b3) x 7 0xffffffff
core   0: 0xffffffff80007220 (0x01cca8b3) slt     a7, s9, t3
3 0x80007220 (0x01cca8b3) x17 0x00000001
core   0: 0xffffffff80007224 (0x40e38e33) sub     t3, t2, a4
3 0x80007224 (0x40e38e33) x28 0x0000008c
core   0: 0xffffffff80007228 (0x0078b933) sltu    s2, a7, t2
3 0x80007228 (0x0078b933) x18 0x00000001
core   0: 0xffffffff8000722c (0x4051da93) srai    s5, gp, 5
3 0x8000722c (0x4051da93) x21 0x00000000
core   0: 0xffffffff80007230 (0xe856cf13) xori    t5, a3, -379
3 0x80007230 (0xe856cf13) x30 0x7ffef0e0
core   0: 0xffffffff80007234 (0x01e1af33) slt     t5, gp, t5
3 0x80007234 (0x01e1af33) x30 0x00000001
core   0: 0xffffffff80007238 (0x00d863b3) or      t2, a6, a3
3 0x80007238 (0x00d863b3) x 7 0x80010ee7
core   0: 0xffffffff8000723c (0x858a59b7) lui     s3, 0x858a5
3 0x8000723c (0x858a59b7) x19 0x858a5000
core   0: 0xffffffff80007240 (0x37b64813) xori    a6, a2, 891
3 0x80007240 (0x37b64813) x16 0x7ffffcc2
core   0: 0xffffffff80007244 (0x011abb33) sltu    s6, s5, a7
3 0x80007244 (0x011abb33) x22 0x00000001
core   0: 0xffffffff80007248 (0x43232cb7) lui     s9, 0x43232
3 0x80007248 (0x43232cb7) x25 0x43232000
core   0: 0xffffffff8000724c (0x00d92033) slt     zero, s2, a3
3 0x8000724c (0x00d92033)
core   0: 0xffffffff80007250 (0x40e5d093) srai    ra, a1, 14
3 0x80007250 (0x40e5d093) x 1 0xffffffff
core   0: 0xffffffff80007254 (0x01061c93) slli    s9, a2, 16
3 0x80007254 (0x01061c93) x25 0xffb90000
core   0: 0xffffffff80007258 (0x4115ddb3) sra     s11, a1, a7
3 0x80007258 (0x4115ddb3) x27 0xffffffff
core   0: 0xffffffff8000725c (0x2fc9af13) slti    t5, s3, 764
3 0x8000725c (0x2fc9af13) x30 0x00000001
core   0: 0xffffffff80007260 (0x01aab833) sltu    a6, s5, s10
3 0x80007260 (0x01aab833) x16 0x00000001
core   0: 0xffffffff80007264 (0x00000013) nop
3 0x80007264 (0x00000013)
core   0: 0xffffffff80007268 (0xd35b6b93) ori     s7, s6, -715
3 0x80007268 (0xd35b6b93) x23 0xfffffd35
core   0: 0xffffffff8000726c (0x00c41213) slli    tp, s0, 12
3 0x8000726c (0x00c41213) x 4 0x22405000
core   0: 0xffffffff80007270 (0x01b528b3) slt     a7, a0, s11
3 0x80007270 (0x01b528b3) x17 0x00000000
core   0: 0xffffffff80007274 (0x00000013) nop
3 0x80007274 (0x00000013)
core   0: 0xffffffff80007278 (0x0fc8bb13) sltiu   s6, a7, 252
3 0x80007278 (0x0fc8bb13) x22 0x00000001
core   0: 0xffffffff8000727c (0x01392db3) slt     s11, s2, s3
3 0x8000727c (0x01392db3) x27 0x00000000
core   0: 0xffffffff80007280 (0x00b459b3) srl     s3, s0, a1
3 0x80007280 (0x00b459b3) x19 0x00000001
core   0: 0xffffffff80007284 (0x5a034717) auipc   a4, 0x5a034
3 0x80007284 (0x5a034717) x14 0xda03b284
core   0: 0xffffffff80007288 (0x0112d513) srli    a0, t0, 17
3 0x80007288 (0x0112d513) x10 0x00000000
core   0: 0xffffffff8000728c (0x4fa1f717) auipc   a4, 0x4fa1f
3 0x8000728c (0x4fa1f717) x14 0xcfa2628c
core   0: 0xffffffff80007290 (0x00000013) nop
3 0x80007290 (0x00000013)
core   0: 0xffffffff80007294 (0x418a51b3) sra     gp, s4, s8
3 0x80007294 (0x418a51b3) x 3 0xc000a672
core   0: 0xffffffff80007298 (0x41505c93) srai    s9, zero, 21
3 0x80007298 (0x41505c93) x25 0x00000000
core   0: 0xffffffff8000729c (0x01454333) xor     t1, a0, s4
3 0x8000729c (0x01454333) x 6 0x80014ce4
core   0: 0xffffffff800072a0 (0x41b35333) sra     t1, t1, s11
3 0x800072a0 (0x41b35333) x 6 0x80014ce4
core   0: 0xffffffff800072a4 (0x01b619b3) sll     s3, a2, s11
3 0x800072a4 (0x01b619b3) x19 0x7fffffb9
core   0: 0xffffffff800072a8 (0x00cede93) srli    t4, t4, 12
3 0x800072a8 (0x00cede93) x29 0x00000000
core   0: 0xffffffff800072ac (0xfa0ba513) slti    a0, s7, -96
3 0x800072ac (0xfa0ba513) x10 0x00000001
core   0: 0xffffffff800072b0 (0x002d1433) sll     s0, s10, sp
3 0x800072b0 (0x002d1433) x 8 0xa4912b38
core   0: 0xffffffff800072b4 (0x008a6133) or      sp, s4, s0
3 0x800072b4 (0x008a6133) x 2 0xa4916ffc
core   0: 0xffffffff800072b8 (0x0103dc13) srli    s8, t2, 16
3 0x800072b8 (0x0103dc13) x24 0x00008001
core   0: 0xffffffff800072bc (0x0044f233) and     tp, s1, tp
3 0x800072bc (0x0044f233) x 4 0x00000000
core   0: 0xffffffff800072c0 (0x012bb3b3) sltu    t2, s7, s2
3 0x800072c0 (0x012bb3b3) x 7 0x00000000
core   0: 0xffffffff800072c4 (0x01b35fb3) srl     t6, t1, s11
3 0x800072c4 (0x01b35fb3) x31 0x80014ce4
core   0: 0xffffffff800072c8 (0xebd6f993) andi    s3, a3, -323
3 0x800072c8 (0xebd6f993) x19 0x80010e25
core   0: 0xffffffff800072cc (0x0053ec33) or      s8, t2, t0
3 0x800072cc (0x0053ec33) x24 0x00000000
core   0: 0xffffffff800072d0 (0x01d2d9b3) srl     s3, t0, t4
3 0x800072d0 (0x01d2d9b3) x19 0x00000000
core   0: 0xffffffff800072d4 (0xdae08293) addi    t0, ra, -594
3 0x800072d4 (0xdae08293) x 5 0xfffffdad
core   0: 0xffffffff800072d8 (0x01196db3) or      s11, s2, a7
3 0x800072d8 (0x01196db3) x27 0x00000001
core   0: 0xffffffff800072dc (0x40a75cb3) sra     s9, a4, a0
3 0x800072dc (0x40a75cb3) x25 0xe7d13146
core   0: 0xffffffff800072e0 (0x0177cab3) xor     s5, a5, s7
3 0x800072e0 (0x0177cab3) x21 0xfffffd34
core   0: 0xffffffff800072e4 (0x01580933) add     s2, a6, s5
3 0x800072e4 (0x01580933) x18 0xfffffd35
core   0: 0xffffffff800072e8 (0x01bd88b3) add     a7, s11, s11
3 0x800072e8 (0x01bd88b3) x17 0x00000002
core   0: 0xffffffff800072ec (0xeac13cb7) lui     s9, 0xeac13
3 0x800072ec (0xeac13cb7) x25 0xeac13000
core   0: 0xffffffff800072f0 (0x005aeb33) or      s6, s5, t0
3 0x800072f0 (0x005aeb33) x22 0xfffffdbd
core   0: 0xffffffff800072f4 (0x0082b633) sltu    a2, t0, s0
3 0x800072f4 (0x0082b633) x12 0x00000000
core   0: 0xffffffff800072f8 (0x01d488b3) add     a7, s1, t4
3 0x800072f8 (0x01d488b3) x17 0x80010e64
core   0: 0xffffffff800072fc (0x2596bb93) sltiu   s7, a3, 601
3 0x800072fc (0x2596bb93) x23 0x00000000
core   0: 0xffffffff80007300 (0x07824c93) xori    s9, tp, 120
3 0x80007300 (0x07824c93) x25 0x00000078
core   0: 0xffffffff80007304 (0x001a9e13) slli    t3, s5, 1
3 0x80007304 (0x001a9e13) x28 0xfffffa68
core   0: 0xffffffff80007308 (0x0139b8b3) sltu    a7, s3, s3
3 0x80007308 (0x0139b8b3) x17 0x00000000
core   0: 0xffffffff8000730c (0x00d5b333) sltu    t1, a1, a3
3 0x8000730c (0x00d5b333) x 6 0x00000000
core   0: 0xffffffff80007310 (0x00024033) xor     zero, tp, zero
3 0x80007310 (0x00024033)
core   0: 0xffffffff80007314 (0xd48bbe13) sltiu   t3, s7, -696
3 0x80007314 (0xd48bbe13) x28 0x00000001
core   0: 0xffffffff80007318 (0xe1cee013) ori     zero, t4, -484
3 0x80007318 (0xe1cee013)
core   0: 0xffffffff8000731c (0x01791433) sll     s0, s2, s7
3 0x8000731c (0x01791433) x 8 0xfffffd35
core   0: 0xffffffff80007320 (0x01a9d133) srl     sp, s3, s10
3 0x80007320 (0x01a9d133) x 2 0x00000000
core   0: 0xffffffff80007324 (0x00000093) li      ra, 0
3 0x80007324 (0x00000093) x 1 0x00000000
core   0: 0xffffffff80007328 (0xfff00c93) li      s9, -1
3 0x80007328 (0xfff00c93) x25 0xffffffff
core   0: 0xffffffff8000732c (0x00000413) li      s0, 0
3 0x8000732c (0x00000413) x 8 0x00000000
core   0: 0xffffffff80007330 (0xfff00693) li      a3, -1
3 0x80007330 (0xfff00693) x13 0xffffffff
core   0: 0xffffffff80007334 (0xfff00d93) li      s11, -1
3 0x80007334 (0xfff00d93) x27 0xffffffff
core   0: 0xffffffff80007338 (0xfff00113) li      sp, -1
3 0x80007338 (0xfff00113) x 2 0xffffffff
core   0: 0xffffffff8000733c (0x00000213) li      tp, 0
3 0x8000733c (0x00000213) x 4 0x00000000
core   0: 0xffffffff80007340 (0x80000937) lui     s2, 0x80000
3 0x80007340 (0x80000937) x18 0x80000000
core   0: 0xffffffff80007344 (0xfff00593) li      a1, -1
3 0x80007344 (0xfff00593) x11 0xffffffff
core   0: 0xffffffff80007348 (0x80000ab7) lui     s5, 0x80000
3 0x80007348 (0x80000ab7) x21 0x80000000
core   0: 0xffffffff8000734c (0x10610593) addi    a1, sp, 262
3 0x8000734c (0x10610593) x11 0x00000105
core   0: 0xffffffff80007350 (0x008580b3) add     ra, a1, s0
3 0x80007350 (0x008580b3) x 1 0x00000105
core   0: 0xffffffff80007354 (0xbd956117) auipc   sp, 0xbd956
3 0x80007354 (0xbd956117) x 2 0x3d95d354
core   0: 0xffffffff80007358 (0x40d580b3) sub     ra, a1, a3
3 0x80007358 (0x40d580b3) x 1 0x00000106
core   0: 0xffffffff8000735c (0x62f2ad97) auipc   s11, 0x62f2a
3 0x8000735c (0x62f2ad97) x27 0xe2f3135c
core   0: 0xffffffff80007360 (0x00dd8133) add     sp, s11, a3
3 0x80007360 (0x00dd8133) x 2 0xe2f3135b
core   0: 0xffffffff80007364 (0x40b68cb3) sub     s9, a3, a1
3 0x80007364 (0x40b68cb3) x25 0xfffffefa
core   0: 0xffffffff80007368 (0x3dd3e6b7) lui     a3, 0x3dd3e
3 0x80007368 (0x3dd3e6b7) x13 0x3dd3e000
core   0: 0xffffffff8000736c (0x00000013) nop
3 0x8000736c (0x00000013)
core   0: 0xffffffff80007370 (0xc92d1d97) auipc   s11, 0xc92d1
3 0x80007370 (0xc92d1d97) x27 0x492d8370
core   0: 0xffffffff80007374 (0x00000013) nop
3 0x80007374 (0x00000013)
core   0: 0xffffffff80007378 (0x00b905b3) add     a1, s2, a1
3 0x80007378 (0x00b905b3) x11 0x80000105
core   0: 0xffffffff8000737c (0x00000013) nop
3 0x8000737c (0x00000013)
core   0: 0xffffffff80007380 (0x00000013) nop
3 0x80007380 (0x00000013)
core   0: 0xffffffff80007384 (0xd2d58593) addi    a1, a1, -723
3 0x80007384 (0xd2d58593) x11 0x7ffffe32
core   0: 0xffffffff80007388 (0x00120233) add     tp, tp, ra
3 0x80007388 (0x00120233) x 4 0x00000106
core   0: 0xffffffff8000738c (0x2caac437) lui     s0, 0x2caac
3 0x8000738c (0x2caac437) x 8 0x2caac000
core   0: 0xffffffff80007390 (0x93f0a217) auipc   tp, 0x93f0a
3 0x80007390 (0x93f0a217) x 4 0x13f11390
core   0: 0xffffffff80007394 (0x01208933) add     s2, ra, s2
3 0x80007394 (0x01208933) x18 0x80000106
core   0: 0xffffffff80007398 (0x35ba8d93) addi    s11, s5, 859
3 0x80007398 (0x35ba8d93) x27 0x8000035b
core   0: 0xffffffff8000739c (0x415d8ab3) sub     s5, s11, s5
3 0x8000739c (0x415d8ab3) x21 0x0000035b
core   0: 0xffffffff800073a0 (0xa46ba437) lui     s0, 0xa46ba
3 0x800073a0 (0xa46ba437) x 8 0xa46ba000
core   0: 0xffffffff800073a4 (0x019900b3) add     ra, s2, s9
3 0x800073a4 (0x019900b3) x 1 0x80000000
core   0: 0xffffffff800073a8 (0x40b200b3) sub     ra, tp, a1
3 0x800073a8 (0x40b200b3) x 1 0x93f1155e
core   0: 0xffffffff800073ac (0x0d38edb7) lui     s11, 0xd38e
3 0x800073ac (0x0d38edb7) x27 0x0d38e000
core   0: 0xffffffff800073b0 (0xfe5c8237) lui     tp, 0xfe5c8
3 0x800073b0 (0xfe5c8237) x 4 0xfe5c8000
core   0: 0xffffffff800073b4 (0x015d8233) add     tp, s11, s5
3 0x800073b4 (0x015d8233) x 4 0x0d38e35b
core   0: 0xffffffff800073b8 (0xa2b5d6b7) lui     a3, 0xa2b5d
3 0x800073b8 (0xa2b5d6b7) x13 0xa2b5d000
core   0: 0xffffffff800073bc (0x41d0d993) srai    s3, ra, 29
3 0x800073bc (0x41d0d993) x19 0xfffffffc
core   0: 0xffffffff800073c0 (0x00e81b33) sll     s6, a6, a4
3 0x800073c0 (0x00e81b33) x22 0x00001000
core   0: 0xffffffff800073c4 (0x09a88d93) addi    s11, a7, 154
3 0x800073c4 (0x09a88d93) x27 0x0000009a
core   0: 0xffffffff800073c8 (0xc345f693) andi    a3, a1, -972
3 0x800073c8 (0xc345f693) x13 0x7ffffc30
core   0: 0xffffffff800073cc (0x00000013) nop
3 0x800073cc (0x00000013)
core   0: 0xffffffff800073d0 (0x00d952b3) srl     t0, s2, a3
3 0x800073d0 (0x00d952b3) x 5 0x00008000
core   0: 0xffffffff800073d4 (0x059ce893) ori     a7, s9, 89
3 0x800073d4 (0x059ce893) x17 0xfffffefb
core   0: 0xffffffff800073d8 (0x7acac537) lui     a0, 0x7acac
3 0x800073d8 (0x7acac537) x10 0x7acac000
core   0: 0xffffffff800073dc (0x7eb50513) addi    a0, a0, 2027
3 0x800073dc (0x7eb50513) x10 0x7acac7eb
core   0: 0xffffffff800073e0 (0xfff00713) li      a4, -1
3 0x800073e0 (0xfff00713) x14 0xffffffff
core   0: 0xffffffff800073e4 (0x80000137) lui     sp, 0x80000
3 0x800073e4 (0x80000137) x 2 0x80000000
core   0: 0xffffffff800073e8 (0x80000837) lui     a6, 0x80000
3 0x800073e8 (0x80000837) x16 0x80000000
core   0: 0xffffffff800073ec (0xfff00193) li      gp, -1
3 0x800073ec (0xfff00193) x 3 0xffffffff
core   0: 0xffffffff800073f0 (0x43d17fb7) lui     t6, 0x43d17
3 0x800073f0 (0x43d17fb7) x31 0x43d17000
core   0: 0xffffffff800073f4 (0x9cef8f93) addi    t6, t6, -1586
3 0x800073f4 (0x9cef8f93) x31 0x43d169ce
core   0: 0xffffffff800073f8 (0x00000d93) li      s11, 0
3 0x800073f8 (0x00000d93) x27 0x00000000
core   0: 0xffffffff800073fc (0x800007b7) lui     a5, 0x80000
3 0x800073fc (0x800007b7) x15 0x80000000
core   0: 0xffffffff80007400 (0x00000313) li      t1, 0
3 0x80007400 (0x00000313) x 6 0x00000000
core   0: 0xffffffff80007404 (0x800003b7) lui     t2, 0x80000
3 0x80007404 (0x800003b7) x 7 0x80000000
core   0: 0xffffffff80007408 (0xb407b837) lui     a6, 0xb407b
3 0x80007408 (0xb407b837) x16 0xb407b000
core   0: 0xffffffff8000740c (0x00e707b3) add     a5, a4, a4
3 0x8000740c (0x00e707b3) x15 0xfffffffe
core   0: 0xffffffff80007410 (0x5c730817) auipc   a6, 0x5c730
3 0x80007410 (0x5c730817) x16 0xdc737410
core   0: 0xffffffff80007414 (0x41f70db3) sub     s11, a4, t6
3 0x80007414 (0x41f70db3) x27 0xbc2e9631
core   0: 0xffffffff80007418 (0x3e178713) addi    a4, a5, 993
3 0x80007418 (0x3e178713) x14 0x000003df
core   0: 0xffffffff8000741c (0xfa138513) addi    a0, t2, -95
3 0x8000741c (0xfa138513) x10 0x7fffffa1
core   0: 0xffffffff80007420 (0x00000013) nop
3 0x80007420 (0x00000013)
core   0: 0xffffffff80007424 (0x29718f93) addi    t6, gp, 663
3 0x80007424 (0x29718f93) x31 0x00000296
core   0: 0xffffffff80007428 (0x00000013) nop
3 0x80007428 (0x00000013)
core   0: 0xffffffff8000742c (0x00a103b3) add     t2, sp, a0
3 0x8000742c (0x00a103b3) x 7 0xffffffa1
core   0: 0xffffffff80007430 (0x41f701b3) sub     gp, a4, t6
3 0x80007430 (0x41f701b3) x 3 0x00000149
core   0: 0xffffffff80007434 (0x00000013) nop
3 0x80007434 (0x00000013)
core   0: 0xffffffff80007438 (0xa8377737) lui     a4, 0xa8377
3 0x80007438 (0xa8377737) x14 0xa8377000
core   0: 0xffffffff8000743c (0x72a63f97) auipc   t6, 0x72a63
3 0x8000743c (0x72a63f97) x31 0xf2a6a43c
core   0: 0xffffffff80007440 (0x003701b3) add     gp, a4, gp
3 0x80007440 (0x003701b3) x 3 0xa8377149
core   0: 0xffffffff80007444 (0x40238833) sub     a6, t2, sp
3 0x80007444 (0x40238833) x16 0x7fffffa1
core   0: 0xffffffff80007448 (0x00000013) nop
3 0x80007448 (0x00000013)
core   0: 0xffffffff8000744c (0x1f778f93) addi    t6, a5, 503
3 0x8000744c (0x1f778f93) x31 0x000001f5
core   0: 0xffffffff80007450 (0x41010333) sub     t1, sp, a6
3 0x80007450 (0x41010333) x 6 0x0000005f
core   0: 0xffffffff80007454 (0x40ad8133) sub     sp, s11, a0
3 0x80007454 (0x40ad8133) x 2 0x3c2e9690
core   0: 0xffffffff80007458 (0xe52e6fb7) lui     t6, 0xe52e6
3 0x80007458 (0xe52e6fb7) x31 0xe52e6000
core   0: 0xffffffff8000745c (0x00330533) add     a0, t1, gp
3 0x8000745c (0x00330533) x10 0xa83771a8
core   0: 0xffffffff80007460 (0x58c74817) auipc   a6, 0x58c74
3 0x80007460 (0x58c74817) x16 0xd8c7b460
core   0: 0xffffffff80007464 (0x19b73397) auipc   t2, 0x19b73
3 0x80007464 (0x19b73397) x 7 0x99b7a464
core   0: 0xffffffff80007468 (0x40680533) sub     a0, a6, t1
3 0x80007468 (0x40680533) x10 0xd8c7b401
core   0: 0xffffffff8000746c (0xfaed8313) addi    t1, s11, -82
3 0x8000746c (0xfaed8313) x 6 0xbc2e95df
core   0: 0xffffffff80007470 (0x003a1833) sll     a6, s4, gp
3 0x80007470 (0x003a1833) x16 0x0299c800
core   0: 0xffffffff80007474 (0x400c82b3) sub     t0, s9, zero
3 0x80007474 (0x400c82b3) x 5 0xfffffefa
core   0: 0xffffffff80007478 (0x01fae9b3) or      s3, s5, t6
3 0x80007478 (0x01fae9b3) x19 0xe52e635b
core   0: 0xffffffff8000747c (0x41850033) sub     zero, a0, s8
3 0x8000747c (0x41850033)
core   0: 0xffffffff80007480 (0x01181e33) sll     t3, a6, a7
3 0x80007480 (0x01181e33) x28 0x00000000
core   0: 0xffffffff80007484 (0xa7b74db7) lui     s11, 0xa7b74
3 0x80007484 (0xa7b74db7) x27 0xa7b74000
core   0: 0xffffffff80007488 (0x0112c933) xor     s2, t0, a7
3 0x80007488 (0x0112c933) x18 0x00000001
core   0: 0xffffffff8000748c (0x01a95c33) srl     s8, s2, s10
3 0x8000748c (0x01a95c33) x24 0x00000000
core   0: 0xffffffff80007490 (0x013769b3) or      s3, a4, s3
3 0x80007490 (0x013769b3) x19 0xed3f735b
core   0: 0xffffffff80007494 (0x0ffb4617) auipc   a2, 0xffb4
3 0x80007494 (0x0ffb4617) x12 0x8ffbb494
core   0: 0xffffffff80007498 (0x00000013) nop
3 0x80007498 (0x00000013)
core   0: 0xffffffff8000749c (0x404783b3) sub     t2, a5, tp
3 0x8000749c (0x404783b3) x 7 0xf2c71ca3
core   0: 0xffffffff800074a0 (0x002a4833) xor     a6, s4, sp
3 0x800074a0 (0x002a4833) x16 0xbc2fda74
core   0: 0xffffffff800074a4 (0x01794633) xor     a2, s2, s7
3 0x800074a4 (0x01794633) x12 0x00000001
core   0: 0xffffffff800074a8 (0x01e5d533) srl     a0, a1, t5
3 0x800074a8 (0x01e5d533) x10 0x3fffff19
core   0: 0xffffffff800074ac (0x48ed1cb7) lui     s9, 0x48ed1
3 0x800074ac (0x48ed1cb7) x25 0x48ed1000
core   0: 0xffffffff800074b0 (0x00000013) nop
3 0x800074b0 (0x00000013)
core   0: 0xffffffff800074b4 (0x41478e33) sub     t3, a5, s4
3 0x800074b4 (0x41478e33) x28 0x7ffeb31a
core   0: 0xffffffff800074b8 (0xc313ce93) xori    t4, t2, -975
3 0x800074b8 (0xc313ce93) x29 0x0d38e092
core   0: 0xffffffff800074bc (0x5541f597) auipc   a1, 0x5541f
3 0x800074bc (0x5541f597) x11 0xd54264bc
core   0: 0xffffffff800074c0 (0x00000013) nop
3 0x800074c0 (0x00000013)
core   0: 0xffffffff800074c4 (0x27ecf717) auipc   a4, 0x27ecf
3 0x800074c4 (0x27ecf717) x14 0xa7ed64c4
core   0: 0xffffffff800074c8 (0xee816e93) ori     t4, sp, -280
3 0x800074c8 (0xee816e93) x29 0xfffffef8
core   0: 0xffffffff800074cc (0x3160e193) ori     gp, ra, 790
3 0x800074cc (0x3160e193) x 3 0x93f1175e
core   0: 0xffffffff800074d0 (0x07ebbe13) sltiu   t3, s7, 126
3 0x800074d0 (0x07ebbe13) x28 0x00000001
core   0: 0xffffffff800074d4 (0x00a82833) slt     a6, a6, a0
3 0x800074d4 (0x00a82833) x16 0x00000001
core   0: 0xffffffff800074d8 (0x01cfe6b3) or      a3, t6, t3
3 0x800074d8 (0x01cfe6b3) x13 0xe52e6001
core   0: 0xffffffff800074dc (0x4022d293) srai    t0, t0, 2
3 0x800074dc (0x4022d293) x 5 0xffffffbe
core   0: 0xffffffff800074e0 (0x403353b3) sra     t2, t1, gp
3 0x800074e0 (0x403353b3) x 7 0xfffffffe
core   0: 0xffffffff800074e4 (0x40715813) srai    a6, sp, 7
3 0x800074e4 (0x40715813) x16 0x00785d2d
core   0: 0xffffffff800074e8 (0x00d54cb3) xor     s9, a0, a3
3 0x800074e8 (0x00d54cb3) x25 0xdad19f18
core   0: 0xffffffff800074ec (0x0147d5b3) srl     a1, a5, s4
3 0x800074ec (0x0147d5b3) x11 0x0fffffff
core   0: 0xffffffff800074f0 (0x2b34e693) ori     a3, s1, 691
3 0x800074f0 (0x2b34e693) x13 0x80010ef7
core   0: 0xffffffff800074f4 (0x2c01ff13) andi    t5, gp, 704
3 0x800074f4 (0x2c01ff13) x30 0x00000240
core   0: 0xffffffff800074f8 (0x415a5e93) srai    t4, s4, 21
3 0x800074f8 (0x415a5e93) x29 0xfffffc00
core   0: 0xffffffff800074fc (0xf69b0613) addi    a2, s6, -151
3 0x800074fc (0xf69b0613) x12 0x00000f69
core   0: 0xffffffff80007500 (0x0169beb3) sltu    t4, s3, s6
3 0x80007500 (0x0169beb3) x29 0x00000000
core   0: 0xffffffff80007504 (0x0f48c693) xori    a3, a7, 244
3 0x80007504 (0x0f48c693) x13 0xfffffe0f
core   0: 0xffffffff80007508 (0x40065b93) srai    s7, a2, 0
3 0x80007508 (0x40065b93) x23 0x00000f69
core   0: 0xffffffff8000750c (0x00c47e33) and     t3, s0, a2
3 0x8000750c (0x00c47e33) x28 0x00000000
core   0: 0xffffffff80007510 (0x00697733) and     a4, s2, t1
3 0x80007510 (0x00697733) x14 0x00000001
core   0: 0xffffffff80007514 (0xe7d1ed93) ori     s11, gp, -387
3 0x80007514 (0xe7d1ed93) x27 0xffffff7f
core   0: 0xffffffff80007518 (0x2692b393) sltiu   t2, t0, 617
3 0x80007518 (0x2692b393) x 7 0x00000000
core   0: 0xffffffff8000751c (0x00f87033) and     zero, a6, a5
3 0x8000751c (0x00f87033)
core   0: 0xffffffff80007520 (0x00000013) nop
3 0x80007520 (0x00000013)
core   0: 0xffffffff80007524 (0xed13a113) slti    sp, t2, -303
3 0x80007524 (0xed13a113) x 2 0x00000000
core   0: 0xffffffff80007528 (0xc3903513) sltiu   a0, zero, -967
3 0x80007528 (0xc3903513) x10 0x00000001
core   0: 0xffffffff8000752c (0xef8ec993) xori    s3, t4, -264
3 0x8000752c (0xef8ec993) x19 0xfffffef8
core   0: 0xffffffff80007530 (0x00000013) nop
3 0x80007530 (0x00000013)
core   0: 0xffffffff80007534 (0xf433b413) sltiu   s0, t2, -189
3 0x80007534 (0xf433b413) x 8 0x00000001
core   0: 0xffffffff80007538 (0x236ef713) andi    a4, t4, 566
3 0x80007538 (0x236ef713) x14 0x00000000
core   0: 0xffffffff8000753c (0x0acfa413) slti    s0, t6, 172
3 0x8000753c (0x0acfa413) x 8 0x00000001
core   0: 0xffffffff80007540 (0x0061ddb3) srl     s11, gp, t1
3 0x80007540 (0x0061ddb3) x27 0x00000001
core   0: 0xffffffff80007544 (0x01b711b3) sll     gp, a4, s11
3 0x80007544 (0x01b711b3) x 3 0x00000000
core   0: 0xffffffff80007548 (0xd382d237) lui     tp, 0xd382d
3 0x80007548 (0xd382d237) x 4 0xd382d000
core   0: 0xffffffff8000754c (0x9b247db7) lui     s11, 0x9b247
3 0x8000754c (0x9b247db7) x27 0x9b247000
core   0: 0xffffffff80007550 (0x00c848b3) xor     a7, a6, a2
3 0x80007550 (0x00c848b3) x17 0x00785244
core   0: 0xffffffff80007554 (0x00bd1c33) sll     s8, s10, a1
3 0x80007554 (0x00bd1c33) x24 0x80000000
core   0: 0xffffffff80007558 (0x00df5993) srli    s3, t5, 13
3 0x80007558 (0x00df5993) x19 0x00000000
core   0: 0xffffffff8000755c (0x00026033) or      zero, tp, zero
3 0x8000755c (0x00026033)
core   0: 0xffffffff80007560 (0xe8118e13) addi    t3, gp, -383
3 0x80007560 (0xe8118e13) x28 0xfffffe81
core   0: 0xffffffff80007564 (0x00b11333) sll     t1, sp, a1
3 0x80007564 (0x00b11333) x 6 0x00000000
core   0: 0xffffffff80007568 (0x410a59b3) sra     s3, s4, a6
3 0x80007568 (0x410a59b3) x19 0xfffc000a
core   0: 0xffffffff8000756c (0x12157c93) andi    s9, a0, 289
3 0x8000756c (0x12157c93) x25 0x00000001
core   0: 0xffffffff80007570 (0x0061df93) srli    t6, gp, 6
3 0x80007570 (0x0061df93) x31 0x00000000
core   0: 0xffffffff80007574 (0x011bbab3) sltu    s5, s7, a7
3 0x80007574 (0x011bbab3) x21 0x00000001
core   0: 0xffffffff80007578 (0x41ccd893) srai    a7, s9, 28
3 0x80007578 (0x41ccd893) x17 0x00000000
core   0: 0xffffffff8000757c (0x00d5dd93) srli    s11, a1, 13
3 0x8000757c (0x00d5dd93) x27 0x00007fff
core   0: 0xffffffff80007580 (0xc4558013) addi    zero, a1, -955
3 0x80007580 (0xc4558013)
core   0: 0xffffffff80007584 (0x01143533) sltu    a0, s0, a7
3 0x80007584 (0x01143533) x10 0x00000000
core   0: 0xffffffff80007588 (0x4143d8b3) sra     a7, t2, s4
3 0x80007588 (0x4143d8b3) x17 0x00000000
core   0: 0xffffffff8000758c (0x25c46e93) ori     t4, s0, 604
3 0x8000758c (0x25c46e93) x29 0x0000025d
core   0: 0xffffffff80007590 (0x40f45033) sra     zero, s0, a5
3 0x80007590 (0x40f45033)
core   0: 0xffffffff80007594 (0x412b59b3) sra     s3, s6, s2
3 0x80007594 (0x412b59b3) x19 0x00000800
core   0: 0xffffffff80007598 (0x00000013) nop
3 0x80007598 (0x00000013)
core   0: 0xffffffff8000759c (0x40b95c93) srai    s9, s2, 11
3 0x8000759c (0x40b95c93) x25 0x00000000
core   0: 0xffffffff800075a0 (0xd5fe0117) auipc   sp, 0xd5fe0
3 0x800075a0 (0xd5fe0117) x 2 0x55fe75a0
core   0: 0xffffffff800075a4 (0x000ab033) sltu    zero, s5, zero
3 0x800075a4 (0x000ab033)
core   0: 0xffffffff800075a8 (0xf6eb4db7) lui     s11, 0xf6eb4
3 0x800075a8 (0xf6eb4db7) x27 0xf6eb4000
core   0: 0xffffffff800075ac (0x387b3093) sltiu   ra, s6, 903
3 0x800075ac (0x387b3093) x 1 0x00000000
core   0: 0xffffffff800075b0 (0x00d003b3) add     t2, zero, a3
3 0x800075b0 (0x00d003b3) x 7 0xfffffe0f
core   0: 0xffffffff800075b4 (0xf424e513) ori     a0, s1, -190
3 0x800075b4 (0xf424e513) x10 0xffffff66
core   0: 0xffffffff800075b8 (0xd065a193) slti    gp, a1, -762
3 0x800075b8 (0xd065a193) x 3 0x00000000
core   0: 0xffffffff800075bc (0x00000013) nop
3 0x800075bc (0x00000013)
core   0: 0xffffffff800075c0 (0x404885b3) sub     a1, a7, tp
3 0x800075c0 (0x404885b3) x11 0x2c7d3000
core   0: 0xffffffff800075c4 (0x1a422037) lui     zero, 0x1a422
3 0x800075c4 (0x1a422037)
core   0: 0xffffffff800075c8 (0x1b648613) addi    a2, s1, 438
3 0x800075c8 (0x1b648613) x12 0x8001101a
core   0: 0xffffffff800075cc (0x00cc06b3) add     a3, s8, a2
3 0x800075cc (0x00cc06b3) x13 0x0001101a
core   0: 0xffffffff800075d0 (0xfb6d4613) xori    a2, s10, -74
3 0x800075d0 (0xfb6d4613) x12 0x2b6ddad1
core   0: 0xffffffff800075d4 (0x00235833) srl     a6, t1, sp
3 0x800075d4 (0x00235833) x16 0x00000000
core   0: 0xffffffff800075d8 (0x009f1793) slli    a5, t5, 9
3 0x800075d8 (0x009f1793) x15 0x00048000
core   0: 0xffffffff800075dc (0x012adf93) srli    t6, s5, 18
3 0x800075dc (0x012adf93) x31 0x00000000
core   0: 0xffffffff800075e0 (0x0083c333) xor     t1, t2, s0
3 0x800075e0 (0x0083c333) x 6 0xfffffe0e
core   0: 0xffffffff800075e4 (0x00000013) nop
3 0x800075e4 (0x00000013)
core   0: 0xffffffff800075e8 (0x1be7b893) sltiu   a7, a5, 446
3 0x800075e8 (0x1be7b893) x17 0x00000000
core   0: 0xffffffff800075ec (0x40375b33) sra     s6, a4, gp
3 0x800075ec (0x40375b33) x22 0x00000000
core   0: 0xffffffff800075f0 (0x001c4133) xor     sp, s8, ra
3 0x800075f0 (0x001c4133) x 2 0x80000000
core   0: 0xffffffff800075f4 (0x4016deb3) sra     t4, a3, ra
3 0x800075f4 (0x4016deb3) x29 0x0001101a
core   0: 0xffffffff800075f8 (0x21befc93) andi    s9, t4, 539
3 0x800075f8 (0x21befc93) x25 0x0000001a
core   0: 0xffffffff800075fc (0x0079f5b3) and     a1, s3, t2
3 0x800075fc (0x0079f5b3) x11 0x00000800
core   0: 0xffffffff80007600 (0x01483db3) sltu    s11, a6, s4
3 0x80007600 (0x01483db3) x27 0x00000001
core   0: 0xffffffff80007604 (0xf815e293) ori     t0, a1, -127
3 0x80007604 (0xf815e293) x 5 0xffffff81
core   0: 0xffffffff80007608 (0x00000013) nop
3 0x80007608 (0x00000013)
core   0: 0xffffffff8000760c (0x4160d333) sra     t1, ra, s6
3 0x8000760c (0x4160d333) x 6 0x00000000
core   0: 0xffffffff80007610 (0x20dee397) auipc   t2, 0x20dee
3 0x80007610 (0x20dee397) x 7 0xa0df5610
core   0: 0xffffffff80007614 (0x003382b3) add     t0, t2, gp
3 0x80007614 (0x003382b3) x 5 0xa0df5610
core   0: 0xffffffff80007618 (0xeccb3a93) sltiu   s5, s6, -308
3 0x80007618 (0xeccb3a93) x21 0x00000001
core   0: 0xffffffff8000761c (0x001e75b3) and     a1, t3, ra
3 0x8000761c (0x001e75b3) x11 0x00000000
core   0: 0xffffffff80007620 (0x00e7d333) srl     t1, a5, a4
3 0x80007620 (0x00e7d333) x 6 0x00048000
core   0: 0xffffffff80007624 (0x01e260b3) or      ra, tp, t5
3 0x80007624 (0x01e260b3) x 1 0xd382d240
core   0: 0xffffffff80007628 (0x00f39093) slli    ra, t2, 15
3 0x80007628 (0x00f39093) x 1 0xab080000
core   0: 0xffffffff8000762c (0x00000013) nop
3 0x8000762c (0x00000013)
core   0: 0xffffffff80007630 (0x007d83b3) add     t2, s11, t2
3 0x80007630 (0x007d83b3) x 7 0xa0df5611
core   0: 0xffffffff80007634 (0x416c5833) sra     a6, s8, s6
3 0x80007634 (0x416c5833) x16 0x80000000
core   0: 0xffffffff80007638 (0x01b3d9b3) srl     s3, t2, s11
3 0x80007638 (0x01b3d9b3) x19 0x506fab08
core   0: 0xffffffff8000763c (0xd4f2e413) ori     s0, t0, -689
3 0x8000763c (0xd4f2e413) x 8 0xffffff5f
core   0: 0xffffffff80007640 (0xcd20be13) sltiu   t3, ra, -814
3 0x80007640 (0xcd20be13) x28 0x00000001
core   0: 0xffffffff80007644 (0x388ac213) xori    tp, s5, 904
3 0x80007644 (0x388ac213) x 4 0x00000389
core   0: 0xffffffff80007648 (0x0059e0b3) or      ra, s3, t0
3 0x80007648 (0x0059e0b3) x 1 0xf0ffff18
core   0: 0xffffffff8000764c (0x00000013) nop
3 0x8000764c (0x00000013)
core   0: 0xffffffff80007650 (0x0117d693) srli    a3, a5, 17
3 0x80007650 (0x0117d693) x13 0x00000002
core   0: 0xffffffff80007654 (0xff234c13) xori    s8, t1, -14
3 0x80007654 (0xff234c13) x24 0xfffb7ff2
core   0: 0xffffffff80007658 (0x20b2b313) sltiu   t1, t0, 523
3 0x80007658 (0x20b2b313) x 6 0x00000000
core   0: 0xffffffff8000765c (0x0113d213) srli    tp, t2, 17
3 0x8000765c (0x0113d213) x 4 0x0000506f
core   0: 0xffffffff80007660 (0x00cb4033) xor     zero, s6, a2
3 0x80007660 (0x00cb4033)
core   0: 0xffffffff80007664 (0x0056e7b3) or      a5, a3, t0
3 0x80007664 (0x0056e7b3) x15 0xa0df5612
core   0: 0xffffffff80007668 (0xc6488b13) addi    s6, a7, -924
3 0x80007668 (0xc6488b13) x22 0xfffffc64
core   0: 0xffffffff8000766c (0x416cdf33) sra     t5, s9, s6
3 0x8000766c (0x416cdf33) x30 0x00000001
core   0: 0xffffffff80007670 (0x01a888b3) add     a7, a7, s10
3 0x80007670 (0x01a888b3) x17 0xd4922567
core   0: 0xffffffff80007674 (0xf5dae617) auipc   a2, 0xf5dae
3 0x80007674 (0xf5dae617) x12 0x75db5674
core   0: 0xffffffff80007678 (0x128cb893) sltiu   a7, s9, 296
3 0x80007678 (0x128cb893) x17 0x00000001
core   0: 0xffffffff8000767c (0x015e13b3) sll     t2, t3, s5
3 0x8000767c (0x015e13b3) x 7 0x00000002
core   0: 0xffffffff80007680 (0x400e8233) sub     tp, t4, zero
3 0x80007680 (0x400e8233) x 4 0x0001101a
core   0: 0xffffffff80007684 (0x01946cb3) or      s9, s0, s9
3 0x80007684 (0x01946cb3) x25 0xffffff5f
core   0: 0xffffffff80007688 (0xcd142237) lui     tp, 0xcd142
3 0x80007688 (0xcd142237) x 4 0xcd142000
core   0: 0xffffffff8000768c (0x37397913) andi    s2, s2, 883
3 0x8000768c (0x37397913) x18 0x00000001
core   0: 0xffffffff80007690 (0x319b4793) xori    a5, s6, 793
3 0x80007690 (0x319b4793) x15 0xffffff7d
core   0: 0xffffffff80007694 (0x2cb8af93) slti    t6, a7, 715
3 0x80007694 (0x2cb8af93) x31 0x00000001
core   0: 0xffffffff80007698 (0x00bb4933) xor     s2, s6, a1
3 0x80007698 (0x00bb4933) x18 0xfffffc64
core   0: 0xffffffff8000769c (0x00000013) nop
3 0x8000769c (0x00000013)
core   0: 0xffffffff800076a0 (0xfdd6f213) andi    tp, a3, -35
3 0x800076a0 (0xfdd6f213) x 4 0x00000000
core   0: 0xffffffff800076a4 (0x400bde13) srai    t3, s7, 0
3 0x800076a4 (0x400bde13) x28 0x00000f69
core   0: 0xffffffff800076a8 (0xf609b593) sltiu   a1, s3, -160
3 0x800076a8 (0xf609b593) x11 0x00000001
core   0: 0xffffffff800076ac (0x00979713) slli    a4, a5, 9
3 0x800076ac (0x00979713) x14 0xfffefa00
core   0: 0xffffffff800076b0 (0x002a8333) add     t1, s5, sp
3 0x800076b0 (0x002a8333) x 6 0x80000001
core   0: 0xffffffff800076b4 (0xd92e0a93) addi    s5, t3, -622
3 0x800076b4 (0xd92e0a93) x21 0x00000cfb
core   0: 0xffffffff800076b8 (0x5aecfb17) auipc   s6, 0x5aecf
3 0x800076b8 (0x5aecfb17) x22 0xdaed66b8
core   0: 0xffffffff800076bc (0x3059b093) sltiu   ra, s3, 773
3 0x800076bc (0x3059b093) x 1 0x00000000
core   0: 0xffffffff800076c0 (0x0181a293) slti    t0, gp, 24
3 0x800076c0 (0x0181a293) x 5 0x00000001
core   0: 0xffffffff800076c4 (0x0168d193) srli    gp, a7, 22
3 0x800076c4 (0x0168d193) x 3 0x00000000
core   0: 0xffffffff800076c8 (0x418f5cb3) sra     s9, t5, s8
3 0x800076c8 (0x418f5cb3) x25 0x00000000
core   0: 0xffffffff800076cc (0x13b96113) ori     sp, s2, 315
3 0x800076cc (0x13b96113) x 2 0xfffffd7f
core   0: 0xffffffff800076d0 (0x01455033) srl     zero, a0, s4
3 0x800076d0 (0x01455033)
core   0: 0xffffffff800076d4 (0x2117cb93) xori    s7, a5, 529
3 0x800076d4 (0x2117cb93) x23 0xfffffd6c
core   0: 0xffffffff800076d8 (0x412bd433) sra     s0, s7, s2
3 0x800076d8 (0x412bd433) x 8 0xffffffd6
core   0: 0xffffffff800076dc (0x019daeb3) slt     t4, s11, s9
3 0x800076dc (0x019daeb3) x29 0x00000000
core   0: 0xffffffff800076e0 (0x00fa4133) xor     sp, s4, a5
3 0x800076e0 (0x00fa4133) x 2 0x7ffeb399
core   0: 0xffffffff800076e4 (0x40d8d813) srai    a6, a7, 13
3 0x800076e4 (0x40d8d813) x16 0x00000000
core   0: 0xffffffff800076e8 (0x40c85db3) sra     s11, a6, a2
3 0x800076e8 (0x40c85db3) x27 0x00000000
core   0: 0xffffffff800076ec (0xe5106413) ori     s0, zero, -431
3 0x800076ec (0xe5106413) x 8 0xfffffe51
core   0: 0xffffffff800076f0 (0x00000013) nop
3 0x800076f0 (0x00000013)
core   0: 0xffffffff800076f4 (0x41525513) srai    a0, tp, 21
3 0x800076f4 (0x41525513) x10 0x00000000
core   0: 0xffffffff800076f8 (0xecb86b93) ori     s7, a6, -309
3 0x800076f8 (0xecb86b93) x23 0xfffffecb
core   0: 0xffffffff800076fc (0x405589b3) sub     s3, a1, t0
3 0x800076fc (0x405589b3) x19 0x00000000
core   0: 0xffffffff80007700 (0x00000013) nop
3 0x80007700 (0x00000013)
core   0: 0xffffffff80007704 (0x40feddb3) sra     s11, t4, a5
3 0x80007704 (0x40feddb3) x27 0x00000000
core   0: 0xffffffff80007708 (0x01bbe8b3) or      a7, s7, s11
3 0x80007708 (0x01bbe8b3) x17 0xfffffecb
core   0: 0xffffffff8000770c (0xdda0ea93) ori     s5, ra, -550
3 0x8000770c (0xdda0ea93) x21 0xfffffdda
core   0: 0xffffffff80007710 (0x00af9b33) sll     s6, t6, a0
3 0x80007710 (0x00af9b33) x22 0x00000001
core   0: 0xffffffff80007714 (0x35433e13) sltiu   t3, t1, 852
3 0x80007714 (0x35433e13) x28 0x00000000
core   0: 0xffffffff80007718 (0x01dc72b3) and     t0, s8, t4
3 0x80007718 (0x01dc72b3) x 5 0x00000000
core   0: 0xffffffff8000771c (0x41bb0533) sub     a0, s6, s11
3 0x8000771c (0x41bb0533) x10 0x00000001
core   0: 0xffffffff80007720 (0x002fd693) srli    a3, t6, 2
3 0x80007720 (0x002fd693) x13 0x00000000
core   0: 0xffffffff80007724 (0x41f4d0b3) sra     ra, s1, t6
3 0x80007724 (0x41f4d0b3) x 1 0xc0008732
core   0: 0xffffffff80007728 (0x0106e8b3) or      a7, a3, a6
3 0x80007728 (0x0106e8b3) x17 0x00000000
core   0: 0xffffffff8000772c (0x01733bb3) sltu    s7, t1, s7
3 0x8000772c (0x01733bb3) x23 0x00000001
core   0: 0xffffffff80007730 (0x0046d613) srli    a2, a3, 4
3 0x80007730 (0x0046d613) x12 0x00000000
core   0: 0xffffffff80007734 (0x3734cc93) xori    s9, s1, 883
3 0x80007734 (0x3734cc93) x25 0x80010d17
core   0: 0xffffffff80007738 (0x16abe413) ori     s0, s7, 362
3 0x80007738 (0x16abe413) x 8 0x0000016b
core   0: 0xffffffff8000773c (0x019a99b3) sll     s3, s5, s9
3 0x8000773c (0x019a99b3) x19 0xed000000
core   0: 0xffffffff80007740 (0x24ffb893) sltiu   a7, t6, 591
3 0x80007740 (0x24ffb893) x17 0x00000001
core   0: 0xffffffff80007744 (0x2d42be13) sltiu   t3, t0, 724
3 0x80007744 (0x2d42be13) x28 0x00000001
core   0: 0xffffffff80007748 (0x0b8c6913) ori     s2, s8, 184
3 0x80007748 (0x0b8c6913) x18 0xfffb7ffa
core   0: 0xffffffff8000774c (0x4123d113) srai    sp, t2, 18
3 0x8000774c (0x4123d113) x 2 0x00000000
core   0: 0xffffffff80007750 (0x41465eb3) sra     t4, a2, s4
3 0x80007750 (0x41465eb3) x29 0x00000000
core   0: 0xffffffff80007754 (0x01ca6c33) or      s8, s4, t3
3 0x80007754 (0x01ca6c33) x24 0x80014ce5
core   0: 0xffffffff80007758 (0x006e39b3) sltu    s3, t3, t1
3 0x80007758 (0x006e39b3) x19 0x00000001
core   0: 0xffffffff8000775c (0xd510a797) auipc   a5, 0xd510a
3 0x8000775c (0xd510a797) x15 0x5511175c
core   0: 0xffffffff80007760 (0x23b12113) slti    sp, sp, 571
3 0x80007760 (0x23b12113) x 2 0x00000001
core   0: 0xffffffff80007764 (0xd9517793) andi    a5, sp, -619
3 0x80007764 (0xd9517793) x15 0x00000001
core   0: 0xffffffff80007768 (0x06bce837) lui     a6, 0x6bce
3 0x80007768 (0x06bce837) x16 0x06bce000
core   0: 0xffffffff8000776c (0xd966a513) slti    a0, a3, -618
3 0x8000776c (0xd966a513) x10 0x00000000
core   0: 0xffffffff80007770 (0x003a05b3) add     a1, s4, gp
3 0x80007770 (0x003a05b3) x11 0x80014ce4
core   0: 0xffffffff80007774 (0x41fb5033) sra     zero, s6, t6
3 0x80007774 (0x41fb5033)
core   0: 0xffffffff80007778 (0x257bf213) andi    tp, s7, 599
3 0x80007778 (0x257bf213) x 4 0x00000001
core   0: 0xffffffff8000777c (0x2a59b593) sltiu   a1, s3, 677
3 0x8000777c (0x2a59b593) x11 0x00000001
core   0: 0xffffffff80007780 (0x0103db13) srli    s6, t2, 16
3 0x80007780 (0x0103db13) x22 0x00000000
core   0: 0xffffffff80007784 (0x00000013) nop
3 0x80007784 (0x00000013)
core   0: 0xffffffff80007788 (0x0011dbb3) srl     s7, gp, ra
3 0x80007788 (0x0011dbb3) x23 0x00000000
core   0: 0xffffffff8000778c (0x40ad5f33) sra     t5, s10, a0
3 0x8000778c (0x40ad5f33) x30 0xd4922567
core   0: 0xffffffff80007790 (0x01650fb3) add     t6, a0, s6
3 0x80007790 (0x01650fb3) x31 0x00000000
core   0: 0xffffffff80007794 (0x41330cb3) sub     s9, t1, s3
3 0x80007794 (0x41330cb3) x25 0x80000000
core   0: 0xffffffff80007798 (0x4015d1b3) sra     gp, a1, ra
3 0x80007798 (0x4015d1b3) x 3 0x00000000
core   0: 0xffffffff8000779c (0xec23bc93) sltiu   s9, t2, -318
3 0x8000779c (0xec23bc93) x25 0x00000001
core   0: 0xffffffff800077a0 (0x00000013) nop
3 0x800077a0 (0x00000013)
core   0: 0xffffffff800077a4 (0xfc6b8893) addi    a7, s7, -58
3 0x800077a4 (0xfc6b8893) x17 0xffffffc6
core   0: 0xffffffff800077a8 (0xeb733f13) sltiu   t5, t1, -329
3 0x800077a8 (0xeb733f13) x30 0x00000001
core   0: 0xffffffff800077ac (0xc9293393) sltiu   t2, s2, -878
3 0x800077ac (0xc9293393) x 7 0x00000001
core   0: 0xffffffff800077b0 (0x3d99af13) slti    t5, s3, 985
3 0x800077b0 (0x3d99af13) x30 0x00000001
core   0: 0xffffffff800077b4 (0x40688833) sub     a6, a7, t1
3 0x800077b4 (0x40688833) x16 0x7fffffc5
core   0: 0xffffffff800077b8 (0xd4ddf393) andi    t2, s11, -691
3 0x800077b8 (0xd4ddf393) x 7 0x00000000
core   0: 0xffffffff800077bc (0x00765933) srl     s2, a2, t2
3 0x800077bc (0x00765933) x18 0x00000000
core   0: 0xffffffff800077c0 (0x0118c633) xor     a2, a7, a7
3 0x800077c0 (0x0118c633) x12 0x00000000
core   0: 0xffffffff800077c4 (0x3ff14213) xori    tp, sp, 1023
3 0x800077c4 (0x3ff14213) x 4 0x000003fe
core   0: 0xffffffff800077c8 (0xe6f0d237) lui     tp, 0xe6f0d
3 0x800077c8 (0xe6f0d237) x 4 0xe6f0d000
core   0: 0xffffffff800077cc (0x005cd433) srl     s0, s9, t0
3 0x800077cc (0x005cd433) x 8 0x00000001
core   0: 0xffffffff800077d0 (0x004cb5b3) sltu    a1, s9, tp
3 0x800077d0 (0x004cb5b3) x11 0x00000001
core   0: 0xffffffff800077d4 (0x0185c8b3) xor     a7, a1, s8
3 0x800077d4 (0x0185c8b3) x17 0x80014ce4
core   0: 0xffffffff800077d8 (0x01285513) srli    a0, a6, 18
3 0x800077d8 (0x01285513) x10 0x00001fff
core   0: 0xffffffff800077dc (0x00872bb3) slt     s7, a4, s0
3 0x800077dc (0x00872bb3) x23 0x00000001
core   0: 0xffffffff800077e0 (0x018f5c93) srli    s9, t5, 24
3 0x800077e0 (0x018f5c93) x25 0x00000000
core   0: 0xffffffff800077e4 (0x00f715b3) sll     a1, a4, a5
3 0x800077e4 (0x00f715b3) x11 0xfffdf400
core   0: 0xffffffff800077e8 (0x01f89633) sll     a2, a7, t6
3 0x800077e8 (0x01f89633) x12 0x80014ce4
core   0: 0xffffffff800077ec (0x01d66eb3) or      t4, a2, t4
3 0x800077ec (0x01d66eb3) x29 0x80014ce4
core   0: 0xffffffff800077f0 (0x002630b3) sltu    ra, a2, sp
3 0x800077f0 (0x002630b3) x 1 0x00000000
core   0: 0xffffffff800077f4 (0x301cf293) andi    t0, s9, 769
3 0x800077f4 (0x301cf293) x 5 0x00000000
core   0: 0xffffffff800077f8 (0x00344bb3) xor     s7, s0, gp
3 0x800077f8 (0x00344bb3) x23 0x00000001
core   0: 0xffffffff800077fc (0x009bc533) xor     a0, s7, s1
3 0x800077fc (0x009bc533) x10 0x80010e65
core   0: 0xffffffff80007800 (0x01871033) sll     zero, a4, s8
3 0x80007800 (0x01871033)
core   0: 0xffffffff80007804 (0xac1673b7) lui     t2, 0xac167
3 0x80007804 (0xac1673b7) x 7 0xac167000
core   0: 0xffffffff80007808 (0x40055e93) srai    t4, a0, 0
3 0x80007808 (0x40055e93) x29 0x80010e65
core   0: 0xffffffff8000780c (0xfd3e8693) addi    a3, t4, -45
3 0x8000780c (0xfd3e8693) x13 0x80010e38
core   0: 0xffffffff80007810 (0x98838437) lui     s0, 0x98838
3 0x80007810 (0x98838437) x 8 0x98838000
core   0: 0xffffffff80007814 (0x013b2033) slt     zero, s6, s3
3 0x80007814 (0x013b2033)
core   0: 0xffffffff80007818 (0x016b36b3) sltu    a3, s6, s6
3 0x80007818 (0x016b36b3) x13 0x00000000
core   0: 0xffffffff8000781c (0xf08cfe93) andi    t4, s9, -248
3 0x8000781c (0xf08cfe93) x29 0x00000000
core   0: 0xffffffff80007820 (0x00ef7bb3) and     s7, t5, a4
3 0x80007820 (0x00ef7bb3) x23 0x00000000
core   0: 0xffffffff80007824 (0xce8ce213) ori     tp, s9, -792
3 0x80007824 (0xce8ce213) x 4 0xfffffce8
core   0: 0xffffffff80007828 (0xfc49b813) sltiu   a6, s3, -60
3 0x80007828 (0xfc49b813) x16 0x00000001
core   0: 0xffffffff8000782c (0x00000013) nop
3 0x8000782c (0x00000013)
core   0: 0xffffffff80007830 (0xe5998693) addi    a3, s3, -423
3 0x80007830 (0xe5998693) x13 0xfffffe5a
core   0: 0xffffffff80007834 (0x010f2533) slt     a0, t5, a6
3 0x80007834 (0x010f2533) x10 0x00000000
core   0: 0xffffffff80007838 (0x003bb533) sltu    a0, s7, gp
3 0x80007838 (0x003bb533) x10 0x00000000
core   0: 0xffffffff8000783c (0x41438eb3) sub     t4, t2, s4
3 0x8000783c (0x41438eb3) x29 0x2c15231c
core   0: 0xffffffff80007840 (0x40d68cb3) sub     s9, a3, a3
3 0x80007840 (0x40d68cb3) x25 0x00000000
core   0: 0xffffffff80007844 (0x013ad813) srli    a6, s5, 19
3 0x80007844 (0x013ad813) x16 0x00001fff
core   0: 0xffffffff80007848 (0x015c2b33) slt     s6, s8, s5
3 0x80007848 (0x015c2b33) x22 0x00000001
core   0: 0xffffffff8000784c (0x4092d733) sra     a4, t0, s1
3 0x8000784c (0x4092d733) x14 0x00000000
core   0: 0xffffffff80007850 (0x00000013) nop
3 0x80007850 (0x00000013)
core   0: 0xffffffff80007854 (0x0015d413) srli    s0, a1, 1
3 0x80007854 (0x0015d413) x 8 0x7ffefa00
core   0: 0xffffffff80007858 (0x010fb033) sltu    zero, t6, a6
3 0x80007858 (0x010fb033)
core   0: 0xffffffff8000785c (0x00c17b33) and     s6, sp, a2
3 0x8000785c (0x00c17b33) x22 0x00000000
core   0: 0xffffffff80007860 (0x403fdb13) srai    s6, t6, 3
3 0x80007860 (0x403fdb13) x22 0x00000000
core   0: 0xffffffff80007864 (0x011b80b3) add     ra, s7, a7
3 0x80007864 (0x011b80b3) x 1 0x80014ce4
core   0: 0xffffffff80007868 (0x0085e333) or      t1, a1, s0
3 0x80007868 (0x0085e333) x 6 0xfffffe00
core   0: 0xffffffff8000786c (0xdb520d93) addi    s11, tp, -587
3 0x8000786c (0xdb520d93) x27 0xfffffa9d
core   0: 0xffffffff80007870 (0x41aed713) srai    a4, t4, 26
3 0x80007870 (0x41aed713) x14 0x0000000b
core   0: 0xffffffff80007874 (0x00e2d293) srli    t0, t0, 14
3 0x80007874 (0x00e2d293) x 5 0x00000000
core   0: 0xffffffff80007878 (0x01cf9133) sll     sp, t6, t3
3 0x80007878 (0x01cf9133) x 2 0x00000000
core   0: 0xffffffff8000787c (0x7983e2b7) lui     t0, 0x7983e
3 0x8000787c (0x7983e2b7) x 5 0x7983e000
core   0: 0xffffffff80007880 (0xf024ac13) slti    s8, s1, -254
3 0x80007880 (0xf024ac13) x24 0x00000001
core   0: 0xffffffff80007884 (0x0a43c793) xori    a5, t2, 164
3 0x80007884 (0x0a43c793) x15 0xac1670a4
core   0: 0xffffffff80007888 (0x00ac3db3) sltu    s11, s8, a0
3 0x80007888 (0x00ac3db3) x27 0x00000000
core   0: 0xffffffff8000788c (0x409850b3) sra     ra, a6, s1
3 0x8000788c (0x409850b3) x 1 0x000001ff
core   0: 0xffffffff80007890 (0x009d1893) slli    a7, s10, 9
3 0x80007890 (0x009d1893) x17 0x244ace00
core   0: 0xffffffff80007894 (0x00be41b3) xor     gp, t3, a1
3 0x80007894 (0x00be41b3) x 3 0xfffdf401
core   0: 0xffffffff80007898 (0x01005ab3) srl     s5, zero, a6
3 0x80007898 (0x01005ab3) x21 0x00000000
core   0: 0xffffffff8000789c (0xe7640c17) auipc   s8, 0xe7640
3 0x8000789c (0xe7640c17) x24 0x6764789c
core   0: 0xffffffff800078a0 (0x81588cb7) lui     s9, 0x81588
3 0x800078a0 (0x81588cb7) x25 0x81588000
core   0: 0xffffffff800078a4 (0x410e59b3) sra     s3, t3, a6
3 0x800078a4 (0x410e59b3) x19 0x00000000
core   0: 0xffffffff800078a8 (0x23c46e13) ori     t3, s0, 572
3 0x800078a8 (0x23c46e13) x28 0x7ffefa3c
core   0: 0xffffffff800078ac (0x00d041b3) xor     gp, zero, a3
3 0x800078ac (0x00d041b3) x 3 0xfffffe5a
core   0: 0xffffffff800078b0 (0xf40a2613) slti    a2, s4, -192
3 0x800078b0 (0xf40a2613) x12 0x00000001
core   0: 0xffffffff800078b4 (0x00602db3) slt     s11, zero, t1
3 0x800078b4 (0x00602db3) x27 0x00000000
core   0: 0xffffffff800078b8 (0x013b72b3) and     t0, s6, s3
3 0x800078b8 (0x013b72b3) x 5 0x00000000
core   0: 0xffffffff800078bc (0x007b1313) slli    t1, s6, 7
3 0x800078bc (0x007b1313) x 6 0x00000000
core   0: 0xffffffff800078c0 (0x35c2c617) auipc   a2, 0x35c2c
3 0x800078c0 (0x35c2c617) x12 0xb5c338c0
core   0: 0xffffffff800078c4 (0x01a8d813) srli    a6, a7, 26
3 0x800078c4 (0x01a8d813) x16 0x00000009
core   0: 0xffffffff800078c8 (0x006ce433) or      s0, s9, t1
3 0x800078c8 (0x006ce433) x 8 0x81588000
core   0: 0xffffffff800078cc (0x01141713) slli    a4, s0, 17
3 0x800078cc (0x01141713) x14 0x00000000
core   0: 0xffffffff800078d0 (0xff51c013) xori    zero, gp, -11
3 0x800078d0 (0xff51c013)
core   0: 0xffffffff800078d4 (0x40a5de13) srai    t3, a1, 10
3 0x800078d4 (0x40a5de13) x28 0xffffff7d
core   0: 0xffffffff800078d8 (0x00481eb3) sll     t4, a6, tp
3 0x800078d8 (0x00481eb3) x29 0x00000900
core   0: 0xffffffff800078dc (0x00000013) nop
3 0x800078dc (0x00000013)
core   0: 0xffffffff800078e0 (0x01ae1693) slli    a3, t3, 26
3 0x800078e0 (0x01ae1693) x13 0xf4000000
core   0: 0xffffffff800078e4 (0xff13a893) slti    a7, t2, -15
3 0x800078e4 (0xff13a893) x17 0x00000001
core   0: 0xffffffff800078e8 (0x010a29b3) slt     s3, s4, a6
3 0x800078e8 (0x010a29b3) x19 0x00000001
core   0: 0xffffffff800078ec (0x002c90b3) sll     ra, s9, sp
3 0x800078ec (0x002c90b3) x 1 0x81588000
core   0: 0xffffffff800078f0 (0xeaf4fb93) andi    s7, s1, -337
3 0x800078f0 (0xeaf4fb93) x23 0x80010e24
core   0: 0xffffffff800078f4 (0xc17d8c13) addi    s8, s11, -1001
3 0x800078f4 (0xc17d8c13) x24 0xfffffc17
core   0: 0xffffffff800078f8 (0x34f04793) xori    a5, zero, 847
3 0x800078f8 (0x34f04793) x15 0x0000034f
core   0: 0xffffffff800078fc (0xc466ef13) ori     t5, a3, -954
3 0x800078fc (0xc466ef13) x30 0xfffffc46
core   0: 0xffffffff80007900 (0x01861eb3) sll     t4, a2, s8
3 0x80007900 (0x01861eb3) x29 0x60000000
core   0: 0xffffffff80007904 (0x00000013) nop
3 0x80007904 (0x00000013)
core   0: 0xffffffff80007908 (0x41d75433) sra     s0, a4, t4
3 0x80007908 (0x41d75433) x 8 0x00000000
core   0: 0xffffffff8000790c (0x01601533) sll     a0, zero, s6
3 0x8000790c (0x01601533) x10 0x00000000
core   0: 0xffffffff80007910 (0xdc74ea93) ori     s5, s1, -569
3 0x80007910 (0xdc74ea93) x21 0xffffffe7
core   0: 0xffffffff80007914 (0xeef98e93) addi    t4, s3, -273
3 0x80007914 (0xeef98e93) x29 0xfffffef0
core   0: 0xffffffff80007918 (0x01576933) or      s2, a4, s5
3 0x80007918 (0x01576933) x18 0xffffffe7
core   0: 0xffffffff8000791c (0x405c5ab3) sra     s5, s8, t0
3 0x8000791c (0x405c5ab3) x21 0xfffffc17
core   0: 0xffffffff80007920 (0x01871933) sll     s2, a4, s8
3 0x80007920 (0x01871933) x18 0x00000000
core   0: 0xffffffff80007924 (0x00000013) nop
3 0x80007924 (0x00000013)
core   0: 0xffffffff80007928 (0xf7f10f93) addi    t6, sp, -129
3 0x80007928 (0xf7f10f93) x31 0xffffff7f
core   0: 0xffffffff8000792c (0x01eeaeb3) slt     t4, t4, t5
3 0x8000792c (0x01eeaeb3) x29 0x00000000
core   0: 0xffffffff80007930 (0x01307e33) and     t3, zero, s3
3 0x80007930 (0x01307e33) x28 0x00000000
core   0: 0xffffffff80007934 (0x01f56133) or      sp, a0, t6
3 0x80007934 (0x01f56133) x 2 0xffffff7f
core   0: 0xffffffff80007938 (0xe363bc13) sltiu   s8, t2, -458
3 0x80007938 (0xe363bc13) x24 0x00000001
core   0: 0xffffffff8000793c (0x00000013) nop
3 0x8000793c (0x00000013)
core   0: 0xffffffff80007940 (0x00c39893) slli    a7, t2, 12
3 0x80007940 (0x00c39893) x17 0x67000000
core   0: 0xffffffff80007944 (0x004977b3) and     a5, s2, tp
3 0x80007944 (0x004977b3) x15 0x00000000
core   0: 0xffffffff80007948 (0x267c8193) addi    gp, s9, 615
3 0x80007948 (0x267c8193) x 3 0x81588267
core   0: 0xffffffff8000794c (0x018887b3) add     a5, a7, s8
3 0x8000794c (0x018887b3) x15 0x67000001
core   0: 0xffffffff80007950 (0x00e3c5b3) xor     a1, t2, a4
3 0x80007950 (0x00e3c5b3) x11 0xac167000
core   0: 0xffffffff80007954 (0x002f5db3) srl     s11, t5, sp
3 0x80007954 (0x002f5db3) x27 0x00000001
core   0: 0xffffffff80007958 (0x0eaa7513) andi    a0, s4, 234
3 0x80007958 (0x0eaa7513) x10 0x000000e0
core   0: 0xffffffff8000795c (0x409588b3) sub     a7, a1, s1
3 0x8000795c (0x409588b3) x17 0x2c15619c
core   0: 0xffffffff80007960 (0x01f272b3) and     t0, tp, t6
3 0x80007960 (0x01f272b3) x 5 0xfffffc68
core   0: 0xffffffff80007964 (0x002756b3) srl     a3, a4, sp
3 0x80007964 (0x002756b3) x13 0x00000000
core   0: 0xffffffff80007968 (0x782035b7) lui     a1, 0x78203
3 0x80007968 (0x782035b7) x11 0x78203000
core   0: 0xffffffff8000796c (0x00000013) nop
3 0x8000796c (0x00000013)
core   0: 0xffffffff80007970 (0xd7434013) xori    zero, t1, -652
3 0x80007970 (0xd7434013)
core   0: 0xffffffff80007974 (0x3741e613) ori     a2, gp, 884
3 0x80007974 (0x3741e613) x12 0x81588377
core   0: 0xffffffff80007978 (0x002e8ab3) add     s5, t4, sp
3 0x80007978 (0x002e8ab3) x21 0xffffff7f
core   0: 0xffffffff8000797c (0xeba82e13) slti    t3, a6, -326
3 0x8000797c (0xeba82e13) x28 0x00000000
core   0: 0xffffffff80007980 (0xfd5bfe13) andi    t3, s7, -43
3 0x80007980 (0xfd5bfe13) x28 0x80010e04
core   0: 0xffffffff80007984 (0x1b832e93) slti    t4, t1, 440
3 0x80007984 (0x1b832e93) x29 0x00000001
core   0: 0xffffffff80007988 (0x01fd9033) sll     zero, s11, t6
3 0x80007988 (0x01fd9033)
core   0: 0xffffffff8000798c (0x41a48ab3) sub     s5, s1, s10
3 0x8000798c (0x41a48ab3) x21 0xab6ee8fd
core   0: 0xffffffff80007990 (0x0189d5b3) srl     a1, s3, s8
3 0x80007990 (0x0189d5b3) x11 0x00000000
core   0: 0xffffffff80007994 (0xcc66be13) sltiu   t3, a3, -826
3 0x80007994 (0xcc66be13) x28 0x00000001
core   0: 0xffffffff80007998 (0x00bb5f33) srl     t5, s6, a1
3 0x80007998 (0x00bb5f33) x30 0x00000000
core   0: 0xffffffff8000799c (0x40940333) sub     t1, s0, s1
3 0x8000799c (0x40940333) x 6 0x7ffef19c
core   0: 0xffffffff800079a0 (0x0135a533) slt     a0, a1, s3
3 0x800079a0 (0x0135a533) x10 0x00000001
core   0: 0xffffffff800079a4 (0xca38e013) ori     zero, a7, -861
3 0x800079a4 (0xca38e013)
core   0: 0xffffffff800079a8 (0x00d2abb3) slt     s7, t0, a3
3 0x800079a8 (0x00d2abb3) x23 0x00000001
core   0: 0xffffffff800079ac (0x0dbd0f93) addi    t6, s10, 219
3 0x800079ac (0x0dbd0f93) x31 0xd4922642
core   0: 0xffffffff800079b0 (0x00e6f613) andi    a2, a3, 14
3 0x800079b0 (0x00e6f613) x12 0x00000000
core   0: 0xffffffff800079b4 (0x00000013) nop
3 0x800079b4 (0x00000013)
core   0: 0xffffffff800079b8 (0x41ca58b3) sra     a7, s4, t3
3 0x800079b8 (0x41ca58b3) x17 0xc000a672
core   0: 0xffffffff800079bc (0x0146d013) srli    zero, a3, 20
3 0x800079bc (0x0146d013)
core   0: 0xffffffff800079c0 (0x016bb933) sltu    s2, s7, s6
3 0x800079c0 (0x016bb933) x18 0x00000000
core   0: 0xffffffff800079c4 (0x0069b133) sltu    sp, s3, t1
3 0x800079c4 (0x0069b133) x 2 0x00000001
core   0: 0xffffffff800079c8 (0x40a9d433) sra     s0, s3, a0
3 0x800079c8 (0x40a9d433) x 8 0x00000000
core   0: 0xffffffff800079cc (0x06c3a013) slti    zero, t2, 108
3 0x800079cc (0x06c3a013)
core   0: 0xffffffff800079d0 (0x01ebd393) srli    t2, s7, 30
3 0x800079d0 (0x01ebd393) x 7 0x00000000
core   0: 0xffffffff800079d4 (0x00e6f433) and     s0, a3, a4
3 0x800079d4 (0x00e6f433) x 8 0x00000000
core   0: 0xffffffff800079d8 (0x00921413) slli    s0, tp, 9
3 0x800079d8 (0x00921413) x 8 0xfff9d000
core   0: 0xffffffff800079dc (0x009d9633) sll     a2, s11, s1
3 0x800079dc (0x009d9633) x12 0x00000010
core   0: 0xffffffff800079e0 (0x001d6eb3) or      t4, s10, ra
3 0x800079e0 (0x001d6eb3) x29 0xd5daa567
core   0: 0xffffffff800079e4 (0x0173d213) srli    tp, t2, 23
3 0x800079e4 (0x0173d213) x 4 0x00000000
core   0: 0xffffffff800079e8 (0x01168733) add     a4, a3, a7
3 0x800079e8 (0x01168733) x14 0xc000a672
core   0: 0xffffffff800079ec (0x40715c33) sra     s8, sp, t2
3 0x800079ec (0x40715c33) x24 0x00000001
core   0: 0xffffffff800079f0 (0x0c743a93) sltiu   s5, s0, 199
3 0x800079f0 (0x0c743a93) x21 0x00000000
core   0: 0xffffffff800079f4 (0x01a44933) xor     s2, s0, s10
3 0x800079f4 (0x01a44933) x18 0x2b6bf567
core   0: 0xffffffff800079f8 (0x0650efb7) lui     t6, 0x650e
3 0x800079f8 (0x0650efb7) x31 0x0650e000
core   0: 0xffffffff800079fc (0x00944933) xor     s2, s0, s1
3 0x800079fc (0x00944933) x18 0x7ff8de64
core   0: 0xffffffff80007a00 (0x00000013) nop
3 0x80007a00 (0x00000013)
core   0: 0xffffffff80007a04 (0x567aa917) auipc   s2, 0x567aa
3 0x80007a04 (0x567aa917) x18 0xd67b1a04
core   0: 0xffffffff80007a08 (0x001e26b3) slt     a3, t3, ra
3 0x80007a08 (0x001e26b3) x13 0x00000000
core   0: 0xffffffff80007a0c (0x00cf1cb3) sll     s9, t5, a2
3 0x80007a0c (0x00cf1cb3) x25 0x00000000
core   0: 0xffffffff80007a10 (0x003aa633) slt     a2, s5, gp
3 0x80007a10 (0x003aa633) x12 0x00000000
core   0: 0xffffffff80007a14 (0x00adfab3) and     s5, s11, a0
3 0x80007a14 (0x00adfab3) x21 0x00000001
core   0: 0xffffffff80007a18 (0x37410f13) addi    t5, sp, 884
3 0x80007a18 (0x37410f13) x30 0x00000375
core   0: 0xffffffff80007a1c (0x14d2e113) ori     sp, t0, 333
3 0x80007a1c (0x14d2e113) x 2 0xfffffd6d
core   0: 0xffffffff80007a20 (0x40048933) sub     s2, s1, zero
3 0x80007a20 (0x40048933) x18 0x80010e64
core   0: 0xffffffff80007a24 (0x0123e2b3) or      t0, t2, s2
3 0x80007a24 (0x0123e2b3) x 5 0x80010e64
core   0: 0xffffffff80007a28 (0x0131c033) xor     zero, gp, s3
3 0x80007a28 (0x0131c033)
core   0: 0xffffffff80007a2c (0x1cc38413) addi    s0, t2, 460
3 0x80007a2c (0x1cc38413) x 8 0x000001cc
core   0: 0xffffffff80007a30 (0x009685b3) add     a1, a3, s1
3 0x80007a30 (0x009685b3) x11 0x80010e64
core   0: 0xffffffff80007a34 (0x415450b3) sra     ra, s0, s5
3 0x80007a34 (0x415450b3) x 1 0x000000e6
core   0: 0xffffffff80007a38 (0x00fcd5b3) srl     a1, s9, a5
3 0x80007a38 (0x00fcd5b3) x11 0x00000000
core   0: 0xffffffff80007a3c (0x00ea11b3) sll     gp, s4, a4
3 0x80007a3c (0x00ea11b3) x 3 0x33900000
core   0: 0xffffffff80007a40 (0xe88bb693) sltiu   a3, s7, -376
3 0x80007a40 (0xe88bb693) x13 0x00000001
core   0: 0xffffffff80007a44 (0x0053eab3) or      s5, t2, t0
3 0x80007a44 (0x0053eab3) x21 0x80010e64
core   0: 0xffffffff80007a48 (0xeed54997) auipc   s3, 0xeed54
3 0x80007a48 (0xeed54997) x19 0x6ed5ba48
core   0: 0xffffffff80007a4c (0x000d46b3) xor     a3, s10, zero
3 0x80007a4c (0x000d46b3) x13 0xd4922567
core   0: 0xffffffff80007a50 (0x0011adb3) slt     s11, gp, ra
3 0x80007a50 (0x0011adb3) x27 0x00000000
core   0: 0xffffffff80007a54 (0x00ad26b3) slt     a3, s10, a0
3 0x80007a54 (0x00ad26b3) x13 0x00000001
core   0: 0xffffffff80007a58 (0x414e8733) sub     a4, t4, s4
3 0x80007a58 (0x414e8733) x14 0x55d95883
core   0: 0xffffffff80007a5c (0x00d67033) and     zero, a2, a3
3 0x80007a5c (0x00d67033)
core   0: 0xffffffff80007a60 (0xa3c90cb7) lui     s9, 0xa3c90
3 0x80007a60 (0xa3c90cb7) x25 0xa3c90000
core   0: 0xffffffff80007a64 (0x0df88093) addi    ra, a7, 223
3 0x80007a64 (0x0df88093) x 1 0xc000a751
core   0: 0xffffffff80007a68 (0x419d05b3) sub     a1, s10, s9
3 0x80007a68 (0x419d05b3) x11 0x30c92567
core   0: 0xffffffff80007a6c (0x0119e033) or      zero, s3, a7
3 0x80007a6c (0x0119e033)
core   0: 0xffffffff80007a70 (0xf7a4a017) auipc   zero, 0xf7a4a
3 0x80007a70 (0xf7a4a017)
core   0: 0xffffffff80007a74 (0x40cadb13) srai    s6, s5, 12
3 0x80007a74 (0x40cadb13) x22 0xfff80010
core   0: 0xffffffff80007a78 (0x0035a633) slt     a2, a1, gp
3 0x80007a78 (0x0035a633) x12 0x00000001
core   0: 0xffffffff80007a7c (0x208f6713) ori     a4, t5, 520
3 0x80007a7c (0x208f6713) x14 0x0000037d
core   0: 0xffffffff80007a80 (0x3b02e513) ori     a0, t0, 944
3 0x80007a80 (0x3b02e513) x10 0x80010ff4
core   0: 0xffffffff80007a84 (0x000b7333) and     t1, s6, zero
3 0x80007a84 (0x000b7333) x 6 0x00000000
core   0: 0xffffffff80007a88 (0xddbcb213) sltiu   tp, s9, -549
3 0x80007a88 (0xddbcb213) x 4 0x00000001
core   0: 0xffffffff80007a8c (0x72b02537) lui     a0, 0x72b02
3 0x80007a8c (0x72b02537) x10 0x72b02000
core   0: 0xffffffff80007a90 (0x30bbc893) xori    a7, s7, 779
3 0x80007a90 (0x30bbc893) x17 0x0000030a
core   0: 0xffffffff80007a94 (0x299f0c13) addi    s8, t5, 665
3 0x80007a94 (0x299f0c13) x24 0x0000060e
core   0: 0xffffffff80007a98 (0x414f5933) sra     s2, t5, s4
3 0x80007a98 (0x414f5933) x18 0x00000037
core   0: 0xffffffff80007a9c (0x27a8ee17) auipc   t3, 0x27a8e
3 0x80007a9c (0x27a8ee17) x28 0xa7a95a9c
core   0: 0xffffffff80007aa0 (0x008f32b3) sltu    t0, t5, s0
3 0x80007aa0 (0x008f32b3) x 5 0x00000000
core   0: 0xffffffff80007aa4 (0x33ca7613) andi    a2, s4, 828
3 0x80007aa4 (0x33ca7613) x12 0x00000024
core   0: 0xffffffff80007aa8 (0xe3f20593) addi    a1, tp, -449
3 0x80007aa8 (0xe3f20593) x11 0xfffffe40
core   0: 0xffffffff80007aac (0x01af1a93) slli    s5, t5, 26
3 0x80007aac (0x01af1a93) x21 0xd4000000
core   0: 0xffffffff80007ab0 (0xbe826c17) auipc   s8, 0xbe826
3 0x80007ab0 (0xbe826c17) x24 0x3e82dab0
core   0: 0xffffffff80007ab4 (0x014d5733) srl     a4, s10, s4
3 0x80007ab4 (0x014d5733) x14 0x0d492256
core   0: 0xffffffff80007ab8 (0x01d63fb3) sltu    t6, a2, t4
3 0x80007ab8 (0x01d63fb3) x31 0x00000001
core   0: 0xffffffff80007abc (0xd7f8c613) xori    a2, a7, -641
3 0x80007abc (0xd7f8c613) x12 0xfffffe75
core   0: 0xffffffff80007ac0 (0xdd772113) slti    sp, a4, -553
3 0x80007ac0 (0xdd772113) x 2 0x00000000
core   0: 0xffffffff80007ac4 (0x00857ab3) and     s5, a0, s0
3 0x80007ac4 (0x00857ab3) x21 0x00000000
core   0: 0xffffffff80007ac8 (0x008ade13) srli    t3, s5, 8
3 0x80007ac8 (0x008ade13) x28 0x00000000
core   0: 0xffffffff80007acc (0xc8457793) andi    a5, a0, -892
3 0x80007acc (0xc8457793) x15 0x72b02000
core   0: 0xffffffff80007ad0 (0x40355093) srai    ra, a0, 3
3 0x80007ad0 (0x40355093) x 1 0x0e560400
core   0: 0xffffffff80007ad4 (0xd656a013) slti    zero, a3, -667
3 0x80007ad4 (0xd656a013)
core   0: 0xffffffff80007ad8 (0x0002f133) and     sp, t0, zero
3 0x80007ad8 (0x0002f133) x 2 0x00000000
core   0: 0xffffffff80007adc (0x4046d9b3) sra     s3, a3, tp
3 0x80007adc (0x4046d9b3) x19 0x00000000
core   0: 0xffffffff80007ae0 (0x00b8dfb3) srl     t6, a7, a1
3 0x80007ae0 (0x00b8dfb3) x31 0x0000030a
core   0: 0xffffffff80007ae4 (0x40f006b3) sub     a3, zero, a5
3 0x80007ae4 (0x40f006b3) x13 0x8d4fe000
core   0: 0xffffffff80007ae8 (0x007217b3) sll     a5, tp, t2
3 0x80007ae8 (0x007217b3) x15 0x00000001
core   0: 0xffffffff80007aec (0x00a1e933) or      s2, gp, a0
3 0x80007aec (0x00a1e933) x18 0x73b02000
core   0: 0xffffffff80007af0 (0x01005b93) srli    s7, zero, 16
3 0x80007af0 (0x01005b93) x23 0x00000000
core   0: 0xffffffff80007af4 (0x00000013) nop
3 0x80007af4 (0x00000013)
core   0: 0xffffffff80007af8 (0x414108b3) sub     a7, sp, s4
3 0x80007af8 (0x414108b3) x17 0x7ffeb31c
core   0: 0xffffffff80007afc (0x00168f33) add     t5, a3, ra
3 0x80007afc (0x00168f33) x30 0x9ba5e400
core   0: 0xffffffff80007b00 (0x00349c13) slli    s8, s1, 3
3 0x80007b00 (0x00349c13) x24 0x00087320
core   0: 0xffffffff80007b04 (0xebb60793) addi    a5, a2, -325
3 0x80007b04 (0xebb60793) x15 0xfffffd30
core   0: 0xffffffff80007b08 (0x01203e33) snez    t3, s2
3 0x80007b08 (0x01203e33) x28 0x00000001
core   0: 0xffffffff80007b0c (0xd3062993) slti    s3, a2, -720
3 0x80007b0c (0xd3062993) x19 0x00000000
core   0: 0xffffffff80007b10 (0x003e0fb3) add     t6, t3, gp
3 0x80007b10 (0x003e0fb3) x31 0x33900001
core   0: 0xffffffff80007b14 (0x00c6d0b3) srl     ra, a3, a2
3 0x80007b14 (0x00c6d0b3) x 1 0x0000046a
core   0: 0xffffffff80007b18 (0x014a8db3) add     s11, s5, s4
3 0x80007b18 (0x014a8db3) x27 0x80014ce4
core   0: 0xffffffff80007b1c (0xcfb64393) xori    t2, a2, -773
3 0x80007b1c (0xcfb64393) x 7 0x0000028e
core   0: 0xffffffff80007b20 (0x41140933) sub     s2, s0, a7
3 0x80007b20 (0x41140933) x18 0x80014eb0
core   0: 0xffffffff80007b24 (0x01e05cb3) srl     s9, zero, t5
3 0x80007b24 (0x01e05cb3) x25 0x00000000
core   0: 0xffffffff80007b28 (0x019d9933) sll     s2, s11, s9
3 0x80007b28 (0x019d9933) x18 0x80014ce4
core   0: 0xffffffff80007b2c (0x00000013) nop
3 0x80007b2c (0x00000013)
core   0: 0xffffffff80007b30 (0xda11be13) sltiu   t3, gp, -607
3 0x80007b30 (0xda11be13) x28 0x00000001
core   0: 0xffffffff80007b34 (0x405f0133) sub     sp, t5, t0
3 0x80007b34 (0x405f0133) x 2 0x9ba5e400
core   0: 0xffffffff80007b38 (0x0f19b213) sltiu   tp, s3, 241
3 0x80007b38 (0x0f19b213) x 4 0x00000001
core   0: 0xffffffff80007b3c (0xdfed7093) andi    ra, s10, -514
3 0x80007b3c (0xdfed7093) x 1 0xd4922566
core   0: 0xffffffff80007b40 (0x0028aab3) slt     s5, a7, sp
3 0x80007b40 (0x0028aab3) x21 0x00000000
core   0: 0xffffffff80007b44 (0x01bf5d93) srli    s11, t5, 27
3 0x80007b44 (0x01bf5d93) x27 0x00000013
core   0: 0xffffffff80007b48 (0xe1383593) sltiu   a1, a6, -493
3 0x80007b48 (0xe1383593) x11 0x00000001
core   0: 0xffffffff80007b4c (0x008bf293) andi    t0, s7, 8
3 0x80007b4c (0x008bf293) x 5 0x00000000
core   0: 0xffffffff80007b50 (0x12db8513) addi    a0, s7, 301
3 0x80007b50 (0x12db8513) x10 0x0000012d
core   0: 0xffffffff80007b54 (0x00955893) srli    a7, a0, 9
3 0x80007b54 (0x00955893) x17 0x00000000
core   0: 0xffffffff80007b58 (0x002a0333) add     t1, s4, sp
3 0x80007b58 (0x002a0333) x 6 0x1ba730e4
core   0: 0xffffffff80007b5c (0x01d21333) sll     t1, tp, t4
3 0x80007b5c (0x01d21333) x 6 0x00000080
core   0: 0xffffffff80007b60 (0x01b1ac33) slt     s8, gp, s11
3 0x80007b60 (0x01b1ac33) x24 0x00000000
core   0: 0xffffffff80007b64 (0x017dc0b3) xor     ra, s11, s7
3 0x80007b64 (0x017dc0b3) x 1 0x00000013
core   0: 0xffffffff80007b68 (0x06246513) ori     a0, s0, 98
3 0x80007b68 (0x06246513) x10 0x000001ee
core   0: 0xffffffff80007b6c (0xf24fb913) sltiu   s2, t6, -220
3 0x80007b6c (0xf24fb913) x18 0x00000001
core   0: 0xffffffff80007b70 (0x01a7cab3) xor     s5, a5, s10
3 0x80007b70 (0x01a7cab3) x21 0x2b6dd857
core   0: 0xffffffff80007b74 (0x409c89b3) sub     s3, s9, s1
3 0x80007b74 (0x409c89b3) x19 0x7ffef19c
core   0: 0xffffffff80007b78 (0x0017c733) xor     a4, a5, ra
3 0x80007b78 (0x0017c733) x14 0xfffffd23
core   0: 0xffffffff80007b7c (0xdabb4313) xori    t1, s6, -597
3 0x80007b7c (0xdabb4313) x 6 0x0007fdbb
core   0: 0xffffffff80007b80 (0x01a13db3) sltu    s11, sp, s10
3 0x80007b80 (0x01a13db3) x27 0x00000001
core   0: 0xffffffff80007b84 (0xc4880d93) addi    s11, a6, -952
3 0x80007b84 (0xc4880d93) x27 0xfffffc51
core   0: 0xffffffff80007b88 (0x004a43b3) xor     t2, s4, tp
3 0x80007b88 (0x004a43b3) x 7 0x80014ce5
core   0: 0xffffffff80007b8c (0xcdb9b597) auipc   a1, 0xcdb9b
3 0x80007b8c (0xcdb9b597) x11 0x4dba2b8c
core   0: 0xffffffff80007b90 (0x01a05533) srl     a0, zero, s10
3 0x80007b90 (0x01a05533) x10 0x00000000
core   0: 0xffffffff80007b94 (0x413ad413) srai    s0, s5, 19
3 0x80007b94 (0x413ad413) x 8 0x0000056d
core   0: 0xffffffff80007b98 (0x2ec04793) xori    a5, zero, 748
3 0x80007b98 (0x2ec04793) x15 0x000002ec
core   0: 0xffffffff80007b9c (0x41970bb3) sub     s7, a4, s9
3 0x80007b9c (0x41970bb3) x23 0xfffffd23
core   0: 0xffffffff80007ba0 (0x405a5c93) srai    s9, s4, 5
3 0x80007ba0 (0x405a5c93) x25 0xfc000a67
core   0: 0xffffffff80007ba4 (0x00000013) nop
3 0x80007ba4 (0x00000013)
core   0: 0xffffffff80007ba8 (0x002f8333) add     t1, t6, sp
3 0x80007ba8 (0x002f8333) x 6 0xcf35e401
core   0: 0xffffffff80007bac (0x007e58b3) srl     a7, t3, t2
3 0x80007bac (0x007e58b3) x17 0x00000000
core   0: 0xffffffff80007bb0 (0x0160d113) srli    sp, ra, 22
3 0x80007bb0 (0x0160d113) x 2 0x00000000
core   0: 0xffffffff80007bb4 (0xdd0e3013) sltiu   zero, t3, -560
3 0x80007bb4 (0xdd0e3013)
core   0: 0xffffffff80007bb8 (0x01894db3) xor     s11, s2, s8
3 0x80007bb8 (0x01894db3) x27 0x00000001
core   0: 0xffffffff80007bbc (0x00eed033) srl     zero, t4, a4
3 0x80007bbc (0x00eed033)
core   0: 0xffffffff80007bc0 (0x37373593) sltiu   a1, a4, 883
3 0x80007bc0 (0x37373593) x11 0x00000000
core   0: 0xffffffff80007bc4 (0x32cb2e93) slti    t4, s6, 812
3 0x80007bc4 (0x32cb2e93) x29 0x00000001
core   0: 0xffffffff80007bc8 (0x01d12f33) slt     t5, sp, t4
3 0x80007bc8 (0x01d12f33) x30 0x00000001
core   0: 0xffffffff80007bcc (0x40d58633) sub     a2, a1, a3
3 0x80007bcc (0x40d58633) x12 0x72b02000
core   0: 0xffffffff80007bd0 (0xcef9c593) xori    a1, s3, -785
3 0x80007bd0 (0xcef9c593) x11 0x80010d73
core   0: 0xffffffff80007bd4 (0x007e7433) and     s0, t3, t2
3 0x80007bd4 (0x007e7433) x 8 0x00000001
core   0: 0xffffffff80007bd8 (0x41075ab3) sra     s5, a4, a6
3 0x80007bd8 (0x41075ab3) x21 0xfffffffe
core   0: 0xffffffff80007bdc (0x00160333) add     t1, a2, ra
3 0x80007bdc (0x00160333) x 6 0x72b02013
core   0: 0xffffffff80007be0 (0x014d6933) or      s2, s10, s4
3 0x80007be0 (0x014d6933) x18 0xd4936de7
core   0: 0xffffffff80007be4 (0x405fd1b3) sra     gp, t6, t0
3 0x80007be4 (0x405fd1b3) x 3 0x33900001
core   0: 0xffffffff80007be8 (0x8725b017) auipc   zero, 0x8725b
3 0x80007be8 (0x8725b017)
core   0: 0xffffffff80007bec (0x01aa00b3) add     ra, s4, s10
3 0x80007bec (0x01aa00b3) x 1 0x5493724b
core   0: 0xffffffff80007bf0 (0x00ff8fb3) add     t6, t6, a5
3 0x80007bf0 (0x00ff8fb3) x31 0x339002ed
core   0: 0xffffffff80007bf4 (0x60a0d797) auipc   a5, 0x60a0d
3 0x80007bf4 (0x60a0d797) x15 0xe0a14bf4
core   0: 0xffffffff80007bf8 (0x016e9733) sll     a4, t4, s6
3 0x80007bf8 (0x016e9733) x14 0x00010000
core   0: 0xffffffff80007bfc (0x001441b3) xor     gp, s0, ra
3 0x80007bfc (0x001441b3) x 3 0x5493724a
core   0: 0xffffffff80007c00 (0x005299b3) sll     s3, t0, t0
3 0x80007c00 (0x005299b3) x19 0x00000000
core   0: 0xffffffff80007c04 (0x20512713) slti    a4, sp, 517
3 0x80007c04 (0x20512713) x14 0x00000001
core   0: 0xffffffff80007c08 (0x01868bb3) add     s7, a3, s8
3 0x80007c08 (0x01868bb3) x23 0x8d4fe000
core   0: 0xffffffff80007c0c (0x410d5833) sra     a6, s10, a6
3 0x80007c0c (0x410d5833) x16 0xffea4912
core   0: 0xffffffff80007c10 (0xda584093) xori    ra, a6, -603
3 0x80007c10 (0xda584093) x 1 0x0015b4b7
core   0: 0xffffffff80007c14 (0x16adc993) xori    s3, s11, 362
3 0x80007c14 (0x16adc993) x19 0x0000016b
core   0: 0xffffffff80007c18 (0xfe3d6993) ori     s3, s10, -29
3 0x80007c18 (0xfe3d6993) x19 0xffffffe7
core   0: 0xffffffff80007c1c (0x00ae21b3) slt     gp, t3, a0
3 0x80007c1c (0x00ae21b3) x 3 0x00000000
core   0: 0xffffffff80007c20 (0xebd07d93) andi    s11, zero, -323
3 0x80007c20 (0xebd07d93) x27 0x00000000
core   0: 0xffffffff80007c24 (0x34c2bc13) sltiu   s8, t0, 844
3 0x80007c24 (0x34c2bc13) x24 0x00000001
core   0: 0xffffffff80007c28 (0x01805013) srli    zero, zero, 24
3 0x80007c28 (0x01805013)
core   0: 0xffffffff80007c2c (0x415ad813) srai    a6, s5, 21
3 0x80007c2c (0x415ad813) x16 0xffffffff
core   0: 0xffffffff80007c30 (0x3f0e4d93) xori    s11, t3, 1008
3 0x80007c30 (0x3f0e4d93) x27 0x000003f1
core   0: 0xffffffff80007c34 (0x770ab1b7) lui     gp, 0x770ab
3 0x80007c34 (0x770ab1b7) x 3 0x770ab000
core   0: 0xffffffff80007c38 (0x012cdf93) srli    t6, s9, 18
3 0x80007c38 (0x012cdf93) x31 0x00003f00
core   0: 0xffffffff80007c3c (0x014bf893) andi    a7, s7, 20
3 0x80007c3c (0x014bf893) x17 0x00000000
core   0: 0xffffffff80007c40 (0xec153b93) sltiu   s7, a0, -319
3 0x80007c40 (0xec153b93) x23 0x00000001
core   0: 0xffffffff80007c44 (0x01cb96b3) sll     a3, s7, t3
3 0x80007c44 (0x01cb96b3) x13 0x00000002
core   0: 0xffffffff80007c48 (0x01d71e33) sll     t3, a4, t4
3 0x80007c48 (0x01d71e33) x28 0x00000002
core   0: 0xffffffff80007c4c (0x00add833) srl     a6, s11, a0
3 0x80007c4c (0x00add833) x16 0x000003f1
core   0: 0xffffffff80007c50 (0x41e402b3) sub     t0, s0, t5
3 0x80007c50 (0x41e402b3) x 5 0x00000000
core   0: 0xffffffff80007c54 (0x012a2cb3) slt     s9, s4, s2
3 0x80007c54 (0x012a2cb3) x25 0x00000001
core   0: 0xffffffff80007c58 (0x00f13eb3) sltu    t4, sp, a5
3 0x80007c58 (0x00f13eb3) x29 0x00000001
core   0: 0xffffffff80007c5c (0x40043317) auipc   t1, 0x40043
3 0x80007c5c (0x40043317) x 6 0xc004ac5c
core   0: 0xffffffff80007c60 (0x013391b3) sll     gp, t2, s3
3 0x80007c60 (0x013391b3) x 3 0x00a67280
core   0: 0xffffffff80007c64 (0x0ad4a793) slti    a5, s1, 173
3 0x80007c64 (0x0ad4a793) x15 0x00000001
core   0: 0xffffffff80007c68 (0x00295733) srl     a4, s2, sp
3 0x80007c68 (0x00295733) x14 0xd4936de7
core   0: 0xffffffff80007c6c (0x01e66733) or      a4, a2, t5
3 0x80007c6c (0x01e66733) x14 0x72b02001
core   0: 0xffffffff80007c70 (0x00000013) nop
3 0x80007c70 (0x00000013)
core   0: 0xffffffff80007c74 (0x2e18f193) andi    gp, a7, 737
3 0x80007c74 (0x2e18f193) x 3 0x00000000
core   0: 0xffffffff80007c78 (0x40d08133) sub     sp, ra, a3
3 0x80007c78 (0x40d08133) x 2 0x0015b4b5
core   0: 0xffffffff80007c7c (0x00c44633) xor     a2, s0, a2
3 0x80007c7c (0x00c44633) x12 0x72b02001
core   0: 0xffffffff80007c80 (0x00aafb33) and     s6, s5, a0
3 0x80007c80 (0x00aafb33) x22 0x00000000
core   0: 0xffffffff80007c84 (0xd34dfb13) andi    s6, s11, -716
3 0x80007c84 (0xd34dfb13) x22 0x00000130
core   0: 0xffffffff80007c88 (0x41a9d813) srai    a6, s3, 26
3 0x80007c88 (0x41a9d813) x16 0xffffffff
core   0: 0xffffffff80007c8c (0x00000013) nop
3 0x80007c8c (0x00000013)
core   0: 0xffffffff80007c90 (0x013706b3) add     a3, a4, s3
3 0x80007c90 (0x013706b3) x13 0x72b01fe8
core   0: 0xffffffff80007c94 (0x01a0b333) sltu    t1, ra, s10
3 0x80007c94 (0x01a0b333) x 6 0x00000001
core   0: 0xffffffff80007c98 (0x008ace33) xor     t3, s5, s0
3 0x80007c98 (0x008ace33) x28 0xffffffff
core   0: 0xffffffff80007c9c (0x01379b13) slli    s6, a5, 19
3 0x80007c9c (0x01379b13) x22 0x00080000
core   0: 0xffffffff80007ca0 (0x6b3a3037) lui     zero, 0x6b3a3
3 0x80007ca0 (0x6b3a3037)
core   0: 0xffffffff80007ca4 (0x03a1f693) andi    a3, gp, 58
3 0x80007ca4 (0x03a1f693) x13 0x00000000
core   0: 0xffffffff80007ca8 (0x41e40033) sub     zero, s0, t5
3 0x80007ca8 (0x41e40033)
core   0: 0xffffffff80007cac (0x412cd0b3) sra     ra, s9, s2
3 0x80007cac (0x412cd0b3) x 1 0x00000000
core   0: 0xffffffff80007cb0 (0x01e75513) srli    a0, a4, 30
3 0x80007cb0 (0x01e75513) x10 0x00000001
core   0: 0xffffffff80007cb4 (0x3f254713) xori    a4, a0, 1010
3 0x80007cb4 (0x3f254713) x14 0x000003f3
core   0: 0xffffffff80007cb8 (0x0113b333) sltu    t1, t2, a7
3 0x80007cb8 (0x0113b333) x 6 0x00000000
core   0: 0xffffffff80007cbc (0x2302bb13) sltiu   s6, t0, 560
3 0x80007cbc (0x2302bb13) x22 0x00000001
core   0: 0xffffffff80007cc0 (0x01ce0e33) add     t3, t3, t3
3 0x80007cc0 (0x01ce0e33) x28 0xfffffffe
core   0: 0xffffffff80007cc4 (0x01b5a433) slt     s0, a1, s11
3 0x80007cc4 (0x01b5a433) x 8 0x00000001
core   0: 0xffffffff80007cc8 (0x00000013) nop
3 0x80007cc8 (0x00000013)
core   0: 0xffffffff80007ccc (0x00000013) nop
3 0x80007ccc (0x00000013)
core   0: 0xffffffff80007cd0 (0x01839e33) sll     t3, t2, s8
3 0x80007cd0 (0x01839e33) x28 0x000299ca
core   0: 0xffffffff80007cd4 (0xfb344e13) xori    t3, s0, -77
3 0x80007cd4 (0xfb344e13) x28 0xffffffb2
core   0: 0xffffffff80007cd8 (0x019fb3b3) sltu    t2, t6, s9
3 0x80007cd8 (0x019fb3b3) x 7 0x00000000
core   0: 0xffffffff80007cdc (0x1a0b2db7) lui     s11, 0x1a0b2
3 0x80007cdc (0x1a0b2db7) x27 0x1a0b2000
core   0: 0xffffffff80007ce0 (0x00861813) slli    a6, a2, 8
3 0x80007ce0 (0x00861813) x16 0xb0200100
core   0: 0xffffffff80007ce4 (0x3eedf413) andi    s0, s11, 1006
3 0x80007ce4 (0x3eedf413) x 8 0x00000000
core   0: 0xffffffff80007ce8 (0x00299533) sll     a0, s3, sp
3 0x80007ce8 (0x00299533) x10 0xfce00000
core   0: 0xffffffff80007cec (0x0d98f013) andi    zero, a7, 217
3 0x80007cec (0x0d98f013)
core   0: 0xffffffff80007cf0 (0x00000013) nop
3 0x80007cf0 (0x00000013)
core   0: 0xffffffff80007cf4 (0x014813b3) sll     t2, a6, s4
3 0x80007cf4 (0x014813b3) x 7 0x02001000
core   0: 0xffffffff80007cf8 (0x245e7c13) andi    s8, t3, 581
3 0x80007cf8 (0x245e7c13) x24 0x00000200
core   0: 0xffffffff80007cfc (0xc92002b7) lui     t0, 0xc9200
3 0x80007cfc (0xc92002b7) x 5 0xc9200000
core   0: 0xffffffff80007d00 (0x0012f5b3) and     a1, t0, ra
3 0x80007d00 (0x0012f5b3) x11 0x00000000
core   0: 0xffffffff80007d04 (0x01795e13) srli    t3, s2, 23
3 0x80007d04 (0x01795e13) x28 0x000001a9
core   0: 0xffffffff80007d08 (0xde510213) addi    tp, sp, -539
3 0x80007d08 (0xde510213) x 4 0x0015b29a
core   0: 0xffffffff80007d0c (0xf8f4c613) xori    a2, s1, -113
3 0x80007d0c (0xf8f4c613) x12 0x7ffef1eb
core   0: 0xffffffff80007d10 (0x40115f33) sra     t5, sp, ra
3 0x80007d10 (0x40115f33) x30 0x0015b4b5
core   0: 0xffffffff80007d14 (0x016cb633) sltu    a2, s9, s6
3 0x80007d14 (0x016cb633) x12 0x00000000
core   0: 0xffffffff80007d18 (0xb3a143b7) lui     t2, 0xb3a14
3 0x80007d18 (0xb3a143b7) x 7 0xb3a14000
core   0: 0xffffffff80007d1c (0x2a046593) ori     a1, s0, 672
3 0x80007d1c (0x2a046593) x11 0x000002a0
core   0: 0xffffffff80007d20 (0x3c96a313) slti    t1, a3, 969
3 0x80007d20 (0x3c96a313) x 6 0x00000001
core   0: 0xffffffff80007d24 (0x2fd0fc93) andi    s9, ra, 765
3 0x80007d24 (0x2fd0fc93) x25 0x00000000
core   0: 0xffffffff80007d28 (0x1c52c413) xori    s0, t0, 453
3 0x80007d28 (0x1c52c413) x 8 0xc92001c5
core   0: 0xffffffff80007d2c (0x407cd193) srai    gp, s9, 7
3 0x80007d2c (0x407cd193) x 3 0x00000000
core   0: 0xffffffff80007d30 (0x0197f8b3) and     a7, a5, s9
3 0x80007d30 (0x0197f8b3) x17 0x00000000
core   0: 0xffffffff80007d34 (0x007a7db3) and     s11, s4, t2
3 0x80007d34 (0x007a7db3) x27 0x80014000
core   0: 0xffffffff80007d38 (0x416689b3) sub     s3, a3, s6
3 0x80007d38 (0x416689b3) x19 0xffffffff
core   0: 0xffffffff80007d3c (0x186bd837) lui     a6, 0x186bd
3 0x80007d3c (0x186bd837) x16 0x186bd000
core   0: 0xffffffff80007d40 (0x01b95db3) srl     s11, s2, s11
3 0x80007d40 (0x01b95db3) x27 0xd4936de7
core   0: 0xffffffff80007d44 (0xcaa08313) addi    t1, ra, -854
3 0x80007d44 (0xcaa08313) x 6 0xfffffcaa
core   0: 0xffffffff80007d48 (0x006d1093) slli    ra, s10, 6
3 0x80007d48 (0x006d1093) x 1 0x248959c0
core   0: 0xffffffff80007d4c (0x000459b3) srl     s3, s0, zero
3 0x80007d4c (0x000459b3) x19 0xc92001c5
core   0: 0xffffffff80007d50 (0x0189bcb3) sltu    s9, s3, s8
3 0x80007d50 (0x0189bcb3) x25 0x00000000
core   0: 0xffffffff80007d54 (0x40a55fb3) sra     t6, a0, a0
3 0x80007d54 (0x40a55fb3) x31 0xfce00000
core   0: 0xffffffff80007d58 (0x242dfc13) andi    s8, s11, 578
3 0x80007d58 (0x242dfc13) x24 0x00000042
core   0: 0xffffffff80007d5c (0x01261bb3) sll     s7, a2, s2
3 0x80007d5c (0x01261bb3) x23 0x00000000
core   0: 0xffffffff80007d60 (0x019fb733) sltu    a4, t6, s9
3 0x80007d60 (0x019fb733) x14 0x00000000
core   0: 0xffffffff80007d64 (0x40f30e33) sub     t3, t1, a5
3 0x80007d64 (0x40f30e33) x28 0xfffffca9
core   0: 0xffffffff80007d68 (0x22a24b93) xori    s7, tp, 554
3 0x80007d68 (0x22a24b93) x23 0x0015b0b0
core   0: 0xffffffff80007d6c (0x015b8cb3) add     s9, s7, s5
3 0x80007d6c (0x015b8cb3) x25 0x0015b0ae
core   0: 0xffffffff80007d70 (0x015fb6b3) sltu    a3, t6, s5
3 0x80007d70 (0x015fb6b3) x13 0x00000001
core   0: 0xffffffff80007d74 (0x019fa233) slt     tp, t6, s9
3 0x80007d74 (0x019fa233) x 4 0x00000001
core   0: 0xffffffff80007d78 (0x01a2d2b3) srl     t0, t0, s10
3 0x80007d78 (0x01a2d2b3) x 5 0x01924000
core   0: 0xffffffff80007d7c (0x00361013) slli    zero, a2, 3
3 0x80007d7c (0x00361013)
core   0: 0xffffffff80007d80 (0xd56bbe93) sltiu   t4, s7, -682
3 0x80007d80 (0xd56bbe93) x29 0x00000001
core   0: 0xffffffff80007d84 (0x00f10033) add     zero, sp, a5
3 0x80007d84 (0x00f10033)
core   0: 0xffffffff80007d88 (0x00301c33) sll     s8, zero, gp
3 0x80007d88 (0x00301c33) x24 0x00000000
core   0: 0xffffffff80007d8c (0xcd340713) addi    a4, s0, -813
3 0x80007d8c (0xcd340713) x14 0xc91ffe98
core   0: 0xffffffff80007d90 (0x013ab133) sltu    sp, s5, s3
3 0x80007d90 (0x013ab133) x 2 0x00000000
core   0: 0xffffffff80007d94 (0x04c63f93) sltiu   t6, a2, 76
3 0x80007d94 (0x04c63f93) x31 0x00000001
core   0: 0xffffffff80007d98 (0x00035593) srli    a1, t1, 0
3 0x80007d98 (0x00035593) x11 0xfffffcaa
core   0: 0xffffffff80007d9c (0x00fe9b93) slli    s7, t4, 15
3 0x80007d9c (0x00fe9b93) x23 0x00008000
core   0: 0xffffffff80007da0 (0x29a6cc13) xori    s8, a3, 666
3 0x80007da0 (0x29a6cc13) x24 0x0000029b
core   0: 0xffffffff80007da4 (0x0050feb3) and     t4, ra, t0
3 0x80007da4 (0x0050feb3) x29 0x00804000
core   0: 0xffffffff80007da8 (0xc81c0d93) addi    s11, s8, -895
3 0x80007da8 (0xc81c0d93) x27 0xffffff1c
core   0: 0xffffffff80007dac (0x40698f33) sub     t5, s3, t1
3 0x80007dac (0x40698f33) x30 0xc920051b
core   0: 0xffffffff80007db0 (0x06a32613) slti    a2, t1, 106
3 0x80007db0 (0x06a32613) x12 0x00000001
core   0: 0xffffffff80007db4 (0x0ac5e793) ori     a5, a1, 172
3 0x80007db4 (0x0ac5e793) x15 0xfffffcae
core   0: 0xffffffff80007db8 (0x01b54533) xor     a0, a0, s11
3 0x80007db8 (0x01b54533) x10 0x031fff1c
core   0: 0xffffffff80007dbc (0x41c95f93) srai    t6, s2, 28
3 0x80007dbc (0x41c95f93) x31 0xfffffffd
core   0: 0xffffffff80007dc0 (0x01033e33) sltu    t3, t1, a6
3 0x80007dc0 (0x01033e33) x28 0x00000000
core   0: 0xffffffff80007dc4 (0x1fe9e413) ori     s0, s3, 510
3 0x80007dc4 (0x1fe9e413) x 8 0xc92001ff
core   0: 0xffffffff80007dc8 (0x00aada93) srli    s5, s5, 10
3 0x80007dc8 (0x00aada93) x21 0x003fffff
core   0: 0xffffffff80007dcc (0xf8dd3393) sltiu   t2, s10, -115
3 0x80007dcc (0xf8dd3393) x 7 0x00000001
core   0: 0xffffffff80007dd0 (0x3b4f20b7) lui     ra, 0x3b4f2
3 0x80007dd0 (0x3b4f20b7) x 1 0x3b4f2000
core   0: 0xffffffff80007dd4 (0xe8950593) addi    a1, a0, -375
3 0x80007dd4 (0xe8950593) x11 0x031ffda5
core   0: 0xffffffff80007dd8 (0xf7f32a93) slti    s5, t1, -129
3 0x80007dd8 (0xf7f32a93) x21 0x00000001
core   0: 0xffffffff80007ddc (0x0157f7b3) and     a5, a5, s5
3 0x80007ddc (0x0157f7b3) x15 0x00000000
core   0: 0xffffffff80007de0 (0xa11120b7) lui     ra, 0xa1112
3 0x80007de0 (0xa11120b7) x 1 0xa1112000
core   0: 0xffffffff80007de4 (0x1a35b613) sltiu   a2, a1, 419
3 0x80007de4 (0x1a35b613) x12 0x00000000
core   0: 0xffffffff80007de8 (0xfc858013) addi    zero, a1, -56
3 0x80007de8 (0xfc858013)
core   0: 0xffffffff80007dec (0x34a8fe93) andi    t4, a7, 842
3 0x80007dec (0x34a8fe93) x29 0x00000000
core   0: 0xffffffff80007df0 (0x007a5f93) srli    t6, s4, 7
3 0x80007df0 (0x007a5f93) x31 0x01000299
core   0: 0xffffffff80007df4 (0xcf983e13) sltiu   t3, a6, -775
3 0x80007df4 (0xcf983e13) x28 0x00000001
core   0: 0xffffffff80007df8 (0x351f8e13) addi    t3, t6, 849
3 0x80007df8 (0x351f8e13) x28 0x010005ea
core   0: 0xffffffff80007dfc (0xc17c2793) slti    a5, s8, -1001
3 0x80007dfc (0xc17c2793) x15 0x00000000
core   0: 0xffffffff80007e00 (0x005088b3) add     a7, ra, t0
3 0x80007e00 (0x005088b3) x17 0xa2a36000
core   0: 0xffffffff80007e04 (0x0092a033) slt     zero, t0, s1
3 0x80007e04 (0x0092a033)
core   0: 0xffffffff80007e08 (0x01f45413) srli    s0, s0, 31
3 0x80007e08 (0x01f45413) x 8 0x00000001
core   0: 0xffffffff80007e0c (0x004d2f33) slt     t5, s10, tp
3 0x80007e0c (0x004d2f33) x30 0x00000001
core   0: 0xffffffff80007e10 (0x01d6f633) and     a2, a3, t4
3 0x80007e10 (0x01d6f633) x12 0x00000000
core   0: 0xffffffff80007e14 (0x00b92e33) slt     t3, s2, a1
3 0x80007e14 (0x00b92e33) x28 0x00000001
core   0: 0xffffffff80007e18 (0x009196b3) sll     a3, gp, s1
3 0x80007e18 (0x009196b3) x13 0x00000000
core   0: 0xffffffff80007e1c (0x9baddcb7) lui     s9, 0x9badd
3 0x80007e1c (0x9baddcb7) x25 0x9badd000
core   0: 0xffffffff80007e20 (0x39363613) sltiu   a2, a2, 915
3 0x80007e20 (0x39363613) x12 0x00000001
core   0: 0xffffffff80007e24 (0x1a4dec17) auipc   s8, 0x1a4de
3 0x80007e24 (0x1a4dec17) x24 0x9a4e5e24
core   0: 0xffffffff80007e28 (0x01820bb3) add     s7, tp, s8
3 0x80007e28 (0x01820bb3) x23 0x9a4e5e25
core   0: 0xffffffff80007e2c (0x19547b93) andi    s7, s0, 405
3 0x80007e2c (0x19547b93) x23 0x00000001
core   0: 0xffffffff80007e30 (0xe8b4e693) ori     a3, s1, -373
3 0x80007e30 (0xe8b4e693) x13 0xfffffeef
core   0: 0xffffffff80007e34 (0x40788bb3) sub     s7, a7, t2
3 0x80007e34 (0x40788bb3) x23 0xa2a35fff
core   0: 0xffffffff80007e38 (0x009121b3) slt     gp, sp, s1
3 0x80007e38 (0x009121b3) x 3 0x00000000
core   0: 0xffffffff80007e3c (0x03e0e193) ori     gp, ra, 62
3 0x80007e3c (0x03e0e193) x 3 0xa111203e
core   0: 0xffffffff80007e40 (0x002b7333) and     t1, s6, sp
3 0x80007e40 (0x002b7333) x 6 0x00000000
core   0: 0xffffffff80007e44 (0x00530233) add     tp, t1, t0
3 0x80007e44 (0x00530233) x 4 0x01924000
core   0: 0xffffffff80007e48 (0x009bc833) xor     a6, s7, s1
3 0x80007e48 (0x009bc833) x16 0x22a2519b
core   0: 0xffffffff80007e4c (0x01f11233) sll     tp, sp, t6
3 0x80007e4c (0x01f11233) x 4 0x00000000
core   0: 0xffffffff80007e50 (0x01e41413) slli    s0, s0, 30
3 0x80007e50 (0x01e41413) x 8 0x40000000
core   0: 0xffffffff80007e54 (0xdc0c3eb7) lui     t4, 0xdc0c3
3 0x80007e54 (0xdc0c3eb7) x29 0xdc0c3000
core   0: 0xffffffff80007e58 (0x40c188b3) sub     a7, gp, a2
3 0x80007e58 (0x40c188b3) x17 0xa111203d
core   0: 0xffffffff80007e5c (0x005fb733) sltu    a4, t6, t0
3 0x80007e5c (0x005fb733) x14 0x00000001
core   0: 0xffffffff80007e60 (0x139d4d93) xori    s11, s10, 313
3 0x80007e60 (0x139d4d93) x27 0xd492245e
core   0: 0xffffffff80007e64 (0x00f2ff33) and     t5, t0, a5
3 0x80007e64 (0x00f2ff33) x30 0x00000000
core   0: 0xffffffff80007e68 (0x01aac333) xor     t1, s5, s10
3 0x80007e68 (0x01aac333) x 6 0xd4922566
core   0: 0xffffffff80007e6c (0x00000013) nop
3 0x80007e6c (0x00000013)
core   0: 0xffffffff80007e70 (0x414f57b3) sra     a5, t5, s4
3 0x80007e70 (0x414f57b3) x15 0x00000000
core   0: 0xffffffff80007e74 (0x00950433) add     s0, a0, s1
3 0x80007e74 (0x00950433) x 8 0x83210d80
core   0: 0xffffffff80007e78 (0x40a5d5b3) sra     a1, a1, a0
3 0x80007e78 (0x40a5d5b3) x11 0x00000000
core   0: 0xffffffff80007e7c (0x00000013) nop
3 0x80007e7c (0x00000013)
core   0: 0xffffffff80007e80 (0x3f658b93) addi    s7, a1, 1014
3 0x80007e80 (0x3f658b93) x23 0x000003f6
core   0: 0xffffffff80007e84 (0xc2e1c693) xori    a3, gp, -978
3 0x80007e84 (0xc2e1c693) x13 0x5eeedc10
core   0: 0xffffffff80007e88 (0x01999593) slli    a1, s3, 25
3 0x80007e88 (0x01999593) x11 0x8a000000
core   0: 0xffffffff80007e8c (0x00659ab3) sll     s5, a1, t1
3 0x80007e8c (0x00659ab3) x21 0x80000000
core   0: 0xffffffff80007e90 (0x00416e33) or      t3, sp, tp
3 0x80007e90 (0x00416e33) x28 0x00000000
core   0: 0xffffffff80007e94 (0x01669cb3) sll     s9, a3, s6
3 0x80007e94 (0x01669cb3) x25 0xbdddb820
core   0: 0xffffffff80007e98 (0xda4b4513) xori    a0, s6, -604
3 0x80007e98 (0xda4b4513) x10 0xfffffda5
core   0: 0xffffffff80007e9c (0x00000013) nop
3 0x80007e9c (0x00000013)
core   0: 0xffffffff80007ea0 (0xeb96a913) slti    s2, a3, -327
3 0x80007ea0 (0xeb96a913) x18 0x00000000
core   0: 0xffffffff80007ea4 (0x013d79b3) and     s3, s10, s3
3 0x80007ea4 (0x013d79b3) x19 0xc0000145
core   0: 0xffffffff80007ea8 (0x00ed7633) and     a2, s10, a4
3 0x80007ea8 (0x00ed7633) x12 0x00000001
core   0: 0xffffffff80007eac (0x0005d213) srli    tp, a1, 0
3 0x80007eac (0x0005d213) x 4 0x8a000000
core   0: 0xffffffff80007eb0 (0x3db86c13) ori     s8, a6, 987
3 0x80007eb0 (0x3db86c13) x24 0x22a253db
core   0: 0xffffffff80007eb4 (0x0092ddb3) srl     s11, t0, s1
3 0x80007eb4 (0x0092ddb3) x27 0x00192400
core   0: 0xffffffff80007eb8 (0x006beb33) or      s6, s7, t1
3 0x80007eb8 (0x006beb33) x22 0xd49227f6
core   0: 0xffffffff80007ebc (0x00e7fdb3) and     s11, a5, a4
3 0x80007ebc (0x00e7fdb3) x27 0x00000000
core   0: 0xffffffff80007ec0 (0xede62b93) slti    s7, a2, -290
3 0x80007ec0 (0xede62b93) x23 0x00000000
core   0: 0xffffffff80007ec4 (0x382fb013) sltiu   zero, t6, 898
3 0x80007ec4 (0x382fb013)
core   0: 0xffffffff80007ec8 (0x3ac69837) lui     a6, 0x3ac69
3 0x80007ec8 (0x3ac69837) x16 0x3ac69000
core   0: 0xffffffff80007ecc (0x007b5933) srl     s2, s6, t2
3 0x80007ecc (0x007b5933) x18 0x6a4913fb
core   0: 0xffffffff80007ed0 (0x00555b33) srl     s6, a0, t0
3 0x80007ed0 (0x00555b33) x22 0xfffffda5
core   0: 0xffffffff80007ed4 (0x0475d017) auipc   zero, 0x475d
3 0x80007ed4 (0x0475d017)
core   0: 0xffffffff80007ed8 (0x89d44397) auipc   t2, 0x89d44
3 0x80007ed8 (0x89d44397) x 7 0x09d4bed8
core   0: 0xffffffff80007edc (0xcc466b13) ori     s6, a2, -828
3 0x80007edc (0xcc466b13) x22 0xfffffcc5
core   0: 0xffffffff80007ee0 (0x29383413) sltiu   s0, a6, 659
3 0x80007ee0 (0x29383413) x 8 0x00000000
core   0: 0xffffffff80007ee4 (0x01237933) and     s2, t1, s2
3 0x80007ee4 (0x01237933) x18 0x40000162
core   0: 0xffffffff80007ee8 (0x2dddb597) auipc   a1, 0x2dddb
3 0x80007ee8 (0x2dddb597) x11 0xadde2ee8
core   0: 0xffffffff80007eec (0x4cc82a97) auipc   s5, 0x4cc82
3 0x80007eec (0x4cc82a97) x21 0xccc89eec
core   0: 0xffffffff80007ef0 (0x1819f9b7) lui     s3, 0x1819f
3 0x80007ef0 (0x1819f9b7) x19 0x1819f000
core   0: 0xffffffff80007ef4 (0x8139cdb7) lui     s11, 0x8139c
3 0x80007ef4 (0x8139cdb7) x27 0x8139c000
core   0: 0xffffffff80007ef8 (0x403d8fb3) sub     t6, s11, gp
3 0x80007ef8 (0x403d8fb3) x31 0xe0289fc2
core   0: 0xffffffff80007efc (0xe3a3f293) andi    t0, t2, -454
3 0x80007efc (0xe3a3f293) x 5 0x09d4be18
core   0: 0xffffffff80007f00 (0x0079c133) xor     sp, s3, t2
3 0x80007f00 (0x0079c133) x 2 0x11cd4ed8
core   0: 0xffffffff80007f04 (0x013cf533) and     a0, s9, s3
3 0x80007f04 (0x013cf533) x10 0x1819b000
core   0: 0xffffffff80007f08 (0x0173ce33) xor     t3, t2, s7
3 0x80007f08 (0x0173ce33) x28 0x09d4bed8
core   0: 0xffffffff80007f0c (0x000af0b3) and     ra, s5, zero
3 0x80007f0c (0x000af0b3) x 1 0x00000000
core   0: 0xffffffff80007f10 (0x040ac197) auipc   gp, 0x40ac
3 0x80007f10 (0x040ac197) x 3 0x840b3f10
core   0: 0xffffffff80007f14 (0x00000013) nop
3 0x80007f14 (0x00000013)
core   0: 0xffffffff80007f18 (0x01b84633) xor     a2, a6, s11
3 0x80007f18 (0x01b84633) x12 0xbbff5000
core   0: 0xffffffff80007f1c (0x00e265b3) or      a1, tp, a4
3 0x80007f1c (0x00e265b3) x11 0x8a000001
core   0: 0xffffffff80007f20 (0x7cd06717) auipc   a4, 0x7cd06
3 0x80007f20 (0x7cd06717) x14 0xfcd0df20
core   0: 0xffffffff80007f24 (0xeb92ce93) xori    t4, t0, -327
3 0x80007f24 (0xeb92ce93) x29 0xf62b40a1
core   0: 0xffffffff80007f28 (0x003205b3) add     a1, tp, gp
3 0x80007f28 (0x003205b3) x11 0x0e0b3f10
core   0: 0xffffffff80007f2c (0x01af9b33) sll     s6, t6, s10
3 0x80007f2c (0x01af9b33) x22 0x144fe100
core   0: 0xffffffff80007f30 (0x01916133) or      sp, sp, s9
3 0x80007f30 (0x01916133) x 2 0xbdddfef8
core   0: 0xffffffff80007f34 (0x412c88b3) sub     a7, s9, s2
3 0x80007f34 (0x412c88b3) x17 0x7dddb6be
core   0: 0xffffffff80007f38 (0xdc158e13) addi    t3, a1, -575
3 0x80007f38 (0xdc158e13) x28 0x0e0b3cd1
core   0: 0xffffffff80007f3c (0x0bdd2413) slti    s0, s10, 189
3 0x80007f3c (0x0bdd2413) x 8 0x00000001
core   0: 0xffffffff80007f40 (0x402e85b3) sub     a1, t4, sp
3 0x80007f40 (0x402e85b3) x11 0x384d41a9
core   0: 0xffffffff80007f44 (0x0176c1b3) xor     gp, a3, s7
3 0x80007f44 (0x0176c1b3) x 3 0x5eeedc10
core   0: 0xffffffff80007f48 (0xc5a8ed93) ori     s11, a7, -934
3 0x80007f48 (0xc5a8ed93) x27 0xfffffefe
core   0: 0xffffffff80007f4c (0x413b8c33) sub     s8, s7, s3
3 0x80007f4c (0x413b8c33) x24 0xe7e61000
core   0: 0xffffffff80007f50 (0x40835233) sra     tp, t1, s0
3 0x80007f50 (0x40835233) x 4 0xea4912b3
core   0: 0xffffffff80007f54 (0x4150d993) srai    s3, ra, 21
3 0x80007f54 (0x4150d993) x19 0x00000000
core   0: 0xffffffff80007f58 (0x01bc8333) add     t1, s9, s11
3 0x80007f58 (0x01bc8333) x 6 0xbdddb71e
core   0: 0xffffffff80007f5c (0x0062e933) or      s2, t0, t1
3 0x80007f5c (0x0062e933) x18 0xbdddbf1e
core   0: 0xffffffff80007f60 (0x4174dc13) srai    s8, s1, 23
3 0x80007f60 (0x4174dc13) x24 0xffffff00
core   0: 0xffffffff80007f64 (0x4138d513) srai    a0, a7, 19
3 0x80007f64 (0x4138d513) x10 0x00000fbb
core   0: 0xffffffff80007f68 (0xcef72393) slti    t2, a4, -785
3 0x80007f68 (0xcef72393) x 7 0x00000001
core   0: 0xffffffff80007f6c (0x0083f8b3) and     a7, t2, s0
3 0x80007f6c (0x0083f8b3) x17 0x00000001
core   0: 0xffffffff80007f70 (0x016789b3) add     s3, a5, s6
3 0x80007f70 (0x016789b3) x19 0x144fe100
core   0: 0xffffffff80007f74 (0x008d33b3) sltu    t2, s10, s0
3 0x80007f74 (0x008d33b3) x 7 0x00000000
core   0: 0xffffffff80007f78 (0xc2b2ab93) slti    s7, t0, -981
3 0x80007f78 (0xc2b2ab93) x23 0x00000000
core   0: 0xffffffff80007f7c (0x00000013) nop
3 0x80007f7c (0x00000013)
core   0: 0xffffffff80007f80 (0x00f72633) slt     a2, a4, a5
3 0x80007f80 (0x00f72633) x12 0x00000001
core   0: 0xffffffff80007f84 (0x39022237) lui     tp, 0x39022
3 0x80007f84 (0x39022237) x 4 0x39022000
core   0: 0xffffffff80007f88 (0x01672b33) slt     s6, a4, s6
3 0x80007f88 (0x01672b33) x22 0x00000001
core   0: 0xffffffff80007f8c (0x4101d6b3) sra     a3, gp, a6
3 0x80007f8c (0x4101d6b3) x13 0x5eeedc10
core   0: 0xffffffff80007f90 (0x1cf73c93) sltiu   s9, a4, 463
3 0x80007f90 (0x1cf73c93) x25 0x00000000
core   0: 0xffffffff80007f94 (0x01b43933) sltu    s2, s0, s11
3 0x80007f94 (0x01b43933) x18 0x00000001
core   0: 0xffffffff80007f98 (0x00dd89b3) add     s3, s11, a3
3 0x80007f98 (0x00dd89b3) x19 0x5eeedb0e
core   0: 0xffffffff80007f9c (0x29f01f97) auipc   t6, 0x29f01
3 0x80007f9c (0x29f01f97) x31 0xa9f08f9c
core   0: 0xffffffff80007fa0 (0xd59a2813) slti    a6, s4, -679
3 0x80007fa0 (0xd59a2813) x16 0x00000001
core   0: 0xffffffff80007fa4 (0x00481013) slli    zero, a6, 4
3 0x80007fa4 (0x00481013)
core   0: 0xffffffff80007fa8 (0x40930733) sub     a4, t1, s1
3 0x80007fa8 (0x40930733) x14 0x3ddca8ba
core   0: 0xffffffff80007fac (0x018f5393) srli    t2, t5, 24
3 0x80007fac (0x018f5393) x 7 0x00000000
core   0: 0xffffffff80007fb0 (0xb2429e37) lui     t3, 0xb2429
3 0x80007fb0 (0xb2429e37) x28 0xb2429000
core   0: 0xffffffff80007fb4 (0x01884633) xor     a2, a6, s8
3 0x80007fb4 (0x01884633) x12 0xffffff01
core   0: 0xffffffff80007fb8 (0x0a0fa693) slti    a3, t6, 160
3 0x80007fb8 (0x0a0fa693) x13 0x00000001
core   0: 0xffffffff80007fbc (0x00a61213) slli    tp, a2, 10
3 0x80007fbc (0x00a61213) x 4 0xfffc0400
core   0: 0xffffffff80007fc0 (0x017d63b3) or      t2, s10, s7
3 0x80007fc0 (0x017d63b3) x 7 0xd4922567
core   0: 0xffffffff80007fc4 (0xe7bbc113) xori    sp, s7, -389
3 0x80007fc4 (0xe7bbc113) x 2 0xfffffe7b
core   0: 0xffffffff80007fc8 (0x019680b3) add     ra, a3, s9
3 0x80007fc8 (0x019680b3) x 1 0x00000001
core   0: 0xffffffff80007fcc (0x012191b3) sll     gp, gp, s2
3 0x80007fcc (0x012191b3) x 3 0xbdddb820
core   0: 0xffffffff80007fd0 (0x00000013) nop
3 0x80007fd0 (0x00000013)
core   0: 0xffffffff80007fd4 (0xb8b3e097) auipc   ra, 0xb8b3e
3 0x80007fd4 (0xb8b3e097) x 1 0x38b45fd4
core   0: 0xffffffff80007fd8 (0x41855913) srai    s2, a0, 24
3 0x80007fd8 (0x41855913) x18 0x00000000
core   0: 0xffffffff80007fdc (0x0186d393) srli    t2, a3, 24
3 0x80007fdc (0x0186d393) x 7 0x00000000
core   0: 0xffffffff80007fe0 (0x0017a8b3) slt     a7, a5, ra
3 0x80007fe0 (0x0017a8b3) x17 0x00000001
core   0: 0xffffffff80007fe4 (0x001118b3) sll     a7, sp, ra
3 0x80007fe4 (0x001118b3) x17 0xe7b00000
core   0: 0xffffffff80007fe8 (0x00ca5233) srl     tp, s4, a2
3 0x80007fe8 (0x00ca5233) x 4 0x4000a672
core   0: 0xffffffff80007fec (0x40a05393) srai    t2, zero, 10
3 0x80007fec (0x40a05393) x 7 0x00000000
core   0: 0xffffffff80007ff0 (0x9e03feb7) lui     t4, 0x9e03f
3 0x80007ff0 (0x9e03feb7) x29 0x9e03f000
core   0: 0xffffffff80007ff4 (0x01023cb3) sltu    s9, tp, a6
3 0x80007ff4 (0x01023cb3) x25 0x00000000
core   0: 0xffffffff80007ff8 (0x0076bc33) sltu    s8, a3, t2
3 0x80007ff8 (0x0076bc33) x24 0x00000000
core   0: 0xffffffff80007ffc (0x005a1993) slli    s3, s4, 5
3 0x80007ffc (0x005a1993) x19 0x00299c80
core   0: 0xffffffff80008000 (0x00b40cb3) add     s9, s0, a1
3 0x80008000 (0x00b40cb3) x25 0x384d41aa
core   0: 0xffffffff80008004 (0xcd934793) xori    a5, t1, -807
3 0x80008004 (0xcd934793) x15 0x42224bc7
core   0: 0xffffffff80008008 (0x01de1fb3) sll     t6, t3, t4
3 0x80008008 (0x01de1fb3) x31 0xb2429000
core   0: 0xffffffff8000800c (0x11adab93) slti    s7, s11, 282
3 0x8000800c (0x11adab93) x23 0x00000001
core   0: 0xffffffff80008010 (0x009e1393) slli    t2, t3, 9
3 0x80008010 (0x009e1393) x 7 0x85200000
core   0: 0xffffffff80008014 (0x42a05737) lui     a4, 0x42a05
3 0x80008014 (0x42a05737) x14 0x42a05000
core   0: 0xffffffff80008018 (0xff927693) andi    a3, tp, -7
3 0x80008018 (0xff927693) x13 0x4000a670
core   0: 0xffffffff8000801c (0x01a18b33) add     s6, gp, s10
3 0x8000801c (0x01a18b33) x22 0x926fdd87
core   0: 0xffffffff80008020 (0x010c3fb3) sltu    t6, s8, a6
3 0x80008020 (0x010c3fb3) x31 0x00000001
core   0: 0xffffffff80008024 (0x41e482b3) sub     t0, s1, t5
3 0x80008024 (0x41e482b3) x 5 0x80010e64
core   0: 0xffffffff80008028 (0x0043de33) srl     t3, t2, tp
3 0x80008028 (0x0043de33) x28 0x00002148
core   0: 0xffffffff8000802c (0x404f8033) sub     zero, t6, tp
3 0x8000802c (0x404f8033)
core   0: 0xffffffff80008030 (0x1ab54913) xori    s2, a0, 427
3 0x80008030 (0x1ab54913) x18 0x00000e10
core   0: 0xffffffff80008034 (0x40215893) srai    a7, sp, 2
3 0x80008034 (0x40215893) x17 0xffffff9e
core   0: 0xffffffff80008038 (0x01615c33) srl     s8, sp, s6
3 0x80008038 (0x01615c33) x24 0x01fffffc
core   0: 0xffffffff8000803c (0x015103b3) add     t2, sp, s5
3 0x8000803c (0x015103b3) x 7 0xccc89d67
core   0: 0xffffffff80008040 (0x003211b3) sll     gp, tp, gp
3 0x80008040 (0x003211b3) x 3 0x4000a672
core   0: 0xffffffff80008044 (0x40145bb3) sra     s7, s0, ra
3 0x80008044 (0x40145bb3) x23 0x00000000
core   0: 0xffffffff80008048 (0xbf599e17) auipc   t3, 0xbf599
3 0x80008048 (0xbf599e17) x28 0x3f5a1048
core   0: 0xffffffff8000804c (0x01cbc133) xor     sp, s7, t3
3 0x8000804c (0x01cbc133) x 2 0x3f5a1048
core   0: 0xffffffff80008050 (0x0141ddb3) srl     s11, gp, s4
3 0x80008050 (0x0141ddb3) x27 0x04000a67
core   0: 0xffffffff80008054 (0x017b1193) slli    gp, s6, 23
3 0x80008054 (0x017b1193) x 3 0xc3800000
core   0: 0xffffffff80008058 (0x019273b3) and     t2, tp, s9
3 0x80008058 (0x019273b3) x 7 0x00000022
core   0: 0xffffffff8000805c (0x4094db93) srai    s7, s1, 9
3 0x8000805c (0x4094db93) x23 0xffc00087
core   0: 0xffffffff80008060 (0x00000013) nop
3 0x80008060 (0x00000013)
core   0: 0xffffffff80008064 (0x12a2e993) ori     s3, t0, 298
3 0x80008064 (0x12a2e993) x19 0x80010f6e
core   0: 0xffffffff80008068 (0x015aadb3) slt     s11, s5, s5
3 0x80008068 (0x015aadb3) x27 0x00000000
core   0: 0xffffffff8000806c (0x002f2cb3) slt     s9, t5, sp
3 0x8000806c (0x002f2cb3) x25 0x00000001
core   0: 0xffffffff80008070 (0x00a5adb3) slt     s11, a1, a0
3 0x80008070 (0x00a5adb3) x27 0x00000000
core   0: 0xffffffff80008074 (0x00c60233) add     tp, a2, a2
3 0x80008074 (0x00c60233) x 4 0xfffffe02
core   0: 0xffffffff80008078 (0x410fdb33) sra     s6, t6, a6
3 0x80008078 (0x410fdb33) x22 0x00000000
core   0: 0xffffffff8000807c (0x41e58533) sub     a0, a1, t5
3 0x8000807c (0x41e58533) x10 0x384d41a9
core   0: 0xffffffff80008080 (0x0024bfb3) sltu    t6, s1, sp
3 0x80008080 (0x0024bfb3) x31 0x00000000
core   0: 0xffffffff80008084 (0x011f1893) slli    a7, t5, 17
3 0x80008084 (0x011f1893) x17 0x00000000
core   0: 0xffffffff80008088 (0x4111d933) sra     s2, gp, a7
3 0x80008088 (0x4111d933) x18 0xc3800000
core   0: 0xffffffff8000808c (0x0144e733) or      a4, s1, s4
3 0x8000808c (0x0144e733) x14 0x80014ee4
core   0: 0xffffffff80008090 (0x91a13137) lui     sp, 0x91a13
3 0x80008090 (0x91a13137) x 2 0x91a13000
core   0: 0xffffffff80008094 (0x00618b33) add     s6, gp, t1
3 0x80008094 (0x00618b33) x22 0x815db71e
core   0: 0xffffffff80008098 (0xd463ce13) xori    t3, t2, -698
3 0x80008098 (0xd463ce13) x28 0xfffffd64
core   0: 0xffffffff8000809c (0x009620b3) slt     ra, a2, s1
3 0x8000809c (0x009620b3) x 1 0x00000000
core   0: 0xffffffff800080a0 (0x10980913) addi    s2, a6, 265
3 0x800080a0 (0x10980913) x18 0x0000010a
core   0: 0xffffffff800080a4 (0xa74a7f17) auipc   t5, 0xa74a7
3 0x800080a4 (0xa74a7f17) x30 0x274af0a4
core   0: 0xffffffff800080a8 (0x01944cb3) xor     s9, s0, s9
3 0x800080a8 (0x01944cb3) x25 0x00000000
core   0: 0xffffffff800080ac (0xf200a893) slti    a7, ra, -224
3 0x800080ac (0xf200a893) x17 0x00000000
core   0: 0xffffffff800080b0 (0x0174e3b3) or      t2, s1, s7
3 0x800080b0 (0x0174e3b3) x 7 0xffc10ee7
core   0: 0xffffffff800080b4 (0x0ed53813) sltiu   a6, a0, 237
3 0x800080b4 (0x0ed53813) x16 0x00000000
core   0: 0xffffffff800080b8 (0x00152333) slt     t1, a0, ra
3 0x800080b8 (0x00152333) x 6 0x00000000
core   0: 0xffffffff800080bc (0x4070dab3) sra     s5, ra, t2
3 0x800080bc (0x4070dab3) x21 0x00000000
core   0: 0xffffffff800080c0 (0x0061f633) and     a2, gp, t1
3 0x800080c0 (0x0061f633) x12 0x00000000
core   0: 0xffffffff800080c4 (0x01d9bab3) sltu    s5, s3, t4
3 0x800080c4 (0x01d9bab3) x21 0x00000001
core   0: 0xffffffff800080c8 (0x01be9b13) slli    s6, t4, 27
3 0x800080c8 (0x01be9b13) x22 0x00000000
core   0: 0xffffffff800080cc (0x41a1d133) sra     sp, gp, s10
3 0x800080cc (0x41a1d133) x 2 0xff870000
core   0: 0xffffffff800080d0 (0x01da6e33) or      t3, s4, t4
3 0x800080d0 (0x01da6e33) x28 0x9e03fce4
core   0: 0xffffffff800080d4 (0x00031233) sll     tp, t1, zero
3 0x800080d4 (0x00031233) x 4 0x00000000
core   0: 0xffffffff800080d8 (0x402cd9b3) sra     s3, s9, sp
3 0x800080d8 (0x402cd9b3) x19 0x00000000
core   0: 0xffffffff800080dc (0x0135a633) slt     a2, a1, s3
3 0x800080dc (0x0135a633) x12 0x00000000
core   0: 0xffffffff800080e0 (0x00af1c13) slli    s8, t5, 10
3 0x800080e0 (0x00af1c13) x24 0x2bc29000
core   0: 0xffffffff800080e4 (0x04f98193) addi    gp, s3, 79
3 0x800080e4 (0x04f98193) x 3 0x0000004f
core   0: 0xffffffff800080e8 (0xcb567eb7) lui     t4, 0xcb567
3 0x800080e8 (0xcb567eb7) x29 0xcb567000
core   0: 0xffffffff800080ec (0x00f3cb33) xor     s6, t2, a5
3 0x800080ec (0x00f3cb33) x22 0xbde34520
core   0: 0xffffffff800080f0 (0x4144df33) sra     t5, s1, s4
3 0x800080f0 (0x4144df33) x30 0xf80010e6
core   0: 0xffffffff800080f4 (0x402f8233) sub     tp, t6, sp
3 0x800080f4 (0x402f8233) x 4 0x00790000
core   0: 0xffffffff800080f8 (0xd350ce93) xori    t4, ra, -715
3 0x800080f8 (0xd350ce93) x29 0xfffffd35
core   0: 0xffffffff800080fc (0x1f6c4393) xori    t2, s8, 502
3 0x800080fc (0x1f6c4393) x 7 0x2bc291f6
core   0: 0xffffffff80008100 (0x017b2033) slt     zero, s6, s7
3 0x80008100 (0x017b2033)
core   0: 0xffffffff80008104 (0x00f81313) slli    t1, a6, 15
3 0x80008104 (0x00f81313) x 6 0x00000000
core   0: 0xffffffff80008108 (0x38d5fe93) andi    t4, a1, 909
3 0x80008108 (0x38d5fe93) x29 0x00000189
core   0: 0xffffffff8000810c (0x41b45b33) sra     s6, s0, s11
3 0x8000810c (0x41b45b33) x22 0x00000001
core   0: 0xffffffff80008110 (0x06c40593) addi    a1, s0, 108
3 0x80008110 (0x06c40593) x11 0x0000006d
core   0: 0xffffffff80008114 (0x1f380093) addi    ra, a6, 499
3 0x80008114 (0x1f380093) x 1 0x000001f3
core   0: 0xffffffff80008118 (0x0166a333) slt     t1, a3, s6
3 0x80008118 (0x0166a333) x 6 0x00000000
core   0: 0xffffffff8000811c (0x232c7a93) andi    s5, s8, 562
3 0x8000811c (0x232c7a93) x21 0x00000000
core   0: 0xffffffff80008120 (0x00fc5ab3) srl     s5, s8, a5
3 0x80008120 (0x00fc5ab3) x21 0x00578520
core   0: 0xffffffff80008124 (0x00000013) nop
3 0x80008124 (0x00000013)
core   0: 0xffffffff80008128 (0x935d6597) auipc   a1, 0x935d6
3 0x80008128 (0x935d6597) x11 0x135de128
core   0: 0xffffffff8000812c (0x00d78f33) add     t5, a5, a3
3 0x8000812c (0x00d78f33) x30 0x8222f237
core   0: 0xffffffff80008130 (0x418151b3) sra     gp, sp, s8
3 0x80008130 (0x418151b3) x 3 0xff870000
core   0: 0xffffffff80008134 (0x001aabb3) slt     s7, s5, ra
3 0x80008134 (0x001aabb3) x23 0x00000000
core   0: 0xffffffff80008138 (0x41fadd93) srai    s11, s5, 31
3 0x80008138 (0x41fadd93) x27 0x00000000
core   0: 0xffffffff8000813c (0x09b4a613) slti    a2, s1, 155
3 0x8000813c (0x09b4a613) x12 0x00000001
core   0: 0xffffffff80008140 (0x01470b33) add     s6, a4, s4
3 0x80008140 (0x01470b33) x22 0x00029bc8
core   0: 0xffffffff80008144 (0x1b347893) andi    a7, s0, 435
3 0x80008144 (0x1b347893) x17 0x00000001
core   0: 0xffffffff80008148 (0x01216fb3) or      t6, sp, s2
3 0x80008148 (0x01216fb3) x31 0xff87010a
core   0: 0xffffffff8000814c (0x0ec94c93) xori    s9, s2, 236
3 0x8000814c (0x0ec94c93) x25 0x000001e6
core   0: 0xffffffff80008150 (0x40a3dcb3) sra     s9, t2, a0
3 0x80008150 (0x40a3dcb3) x25 0x0015e148
core   0: 0xffffffff80008154 (0x019ea9b3) slt     s3, t4, s9
3 0x80008154 (0x019ea9b3) x19 0x00000001
core   0: 0xffffffff80008158 (0x00000013) nop
3 0x80008158 (0x00000013)
core   0: 0xffffffff8000815c (0x017f7533) and     a0, t5, s7
3 0x8000815c (0x017f7533) x10 0x00000000
core   0: 0xffffffff80008160 (0x00487933) and     s2, a6, tp
3 0x80008160 (0x00487933) x18 0x00000000
core   0: 0xffffffff80008164 (0xcf144893) xori    a7, s0, -783
3 0x80008164 (0xcf144893) x17 0xfffffcf0
core   0: 0xffffffff80008168 (0x018286b3) add     a3, t0, s8
3 0x80008168 (0x018286b3) x13 0xabc39e64
core   0: 0xffffffff8000816c (0x40975993) srai    s3, a4, 9
3 0x8000816c (0x40975993) x19 0xffc000a7
core   0: 0xffffffff80008170 (0xf3e4e313) ori     t1, s1, -194
3 0x80008170 (0xf3e4e313) x 6 0xffffff7e
core   0: 0xffffffff80008174 (0x00a62733) slt     a4, a2, a0
3 0x80008174 (0x00a62733) x14 0x00000000
core   0: 0xffffffff80008178 (0x292f6993) ori     s3, t5, 658
3 0x80008178 (0x292f6993) x19 0x8222f2b7
core   0: 0xffffffff8000817c (0x0171e033) or      zero, gp, s7
3 0x8000817c (0x0171e033)
core   0: 0xffffffff80008180 (0x00391eb3) sll     t4, s2, gp
3 0x80008180 (0x00391eb3) x29 0x00000000
core   0: 0xffffffff80008184 (0x4fafa5b7) lui     a1, 0x4fafa
3 0x80008184 (0x4fafa5b7) x11 0x4fafa000
core   0: 0xffffffff80008188 (0x40f35bb3) sra     s7, t1, a5
3 0x80008188 (0x40f35bb3) x23 0xfffffffe
core   0: 0xffffffff8000818c (0x00aa4bb3) xor     s7, s4, a0
3 0x8000818c (0x00aa4bb3) x23 0x80014ce4
core   0: 0xffffffff80008190 (0x411001b3) sub     gp, zero, a7
3 0x80008190 (0x411001b3) x 3 0x00000310
core   0: 0xffffffff80008194 (0x328a3213) sltiu   tp, s4, 808
3 0x80008194 (0x328a3213) x 4 0x00000000
core   0: 0xffffffff80008198 (0x013a87b3) add     a5, s5, s3
3 0x80008198 (0x013a87b3) x15 0x827a77d7
core   0: 0xffffffff8000819c (0x016240b3) xor     ra, tp, s6
3 0x8000819c (0x016240b3) x 1 0x00029bc8
core   0: 0xffffffff800081a0 (0x01f891b3) sll     gp, a7, t6
3 0x800081a0 (0x01f891b3) x 3 0xfff3c000
core   0: 0xffffffff800081a4 (0x00c41593) slli    a1, s0, 12
3 0x800081a4 (0x00c41593) x11 0x00001000
core   0: 0xffffffff800081a8 (0x000f7533) and     a0, t5, zero
3 0x800081a8 (0x000f7533) x10 0x00000000
core   0: 0xffffffff800081ac (0x01849333) sll     t1, s1, s8
3 0x800081ac (0x01849333) x 6 0x80010e64
core   0: 0xffffffff800081b0 (0x150ba713) slti    a4, s7, 336
3 0x800081b0 (0x150ba713) x14 0x00000001
core   0: 0xffffffff800081b4 (0xf01f2b93) slti    s7, t5, -255
3 0x800081b4 (0xf01f2b93) x23 0x00000001
core   0: 0xffffffff800081b8 (0x09b68613) addi    a2, a3, 155
3 0x800081b8 (0x09b68613) x12 0xabc39eff
core   0: 0xffffffff800081bc (0xa7de97b7) lui     a5, 0xa7de9
3 0x800081bc (0xa7de97b7) x15 0xa7de9000
core   0: 0xffffffff800081c0 (0xd30cee13) ori     t3, s9, -720
3 0x800081c0 (0xd30cee13) x28 0xfffffd78
core   0: 0xffffffff800081c4 (0xe0134193) xori    gp, t1, -511
3 0x800081c4 (0xe0134193) x 3 0x7ffef065
core   0: 0xffffffff800081c8 (0x0098d133) srl     sp, a7, s1
3 0x800081c8 (0x0098d133) x 2 0x0fffffcf
core   0: 0xffffffff800081cc (0x330b0f93) addi    t6, s6, 816
3 0x800081cc (0x330b0f93) x31 0x00029ef8
core   0: 0xffffffff800081d0 (0x40c95513) srai    a0, s2, 12
3 0x800081d0 (0x40c95513) x10 0x00000000
core   0: 0xffffffff800081d4 (0x01c99393) slli    t2, s3, 28
3 0x800081d4 (0x01c99393) x 7 0x70000000
core   0: 0xffffffff800081d8 (0x00000013) nop
3 0x800081d8 (0x00000013)
core   0: 0xffffffff800081dc (0x00adb3b3) sltu    t2, s11, a0
3 0x800081dc (0x00adb3b3) x 7 0x00000000
core   0: 0xffffffff800081e0 (0x01f1c2b3) xor     t0, gp, t6
3 0x800081e0 (0x01f1c2b3) x 5 0x7ffc6e9d
core   0: 0xffffffff800081e4 (0x40b68133) sub     sp, a3, a1
3 0x800081e4 (0x40b68133) x 2 0xabc38e64
core   0: 0xffffffff800081e8 (0x416b8233) sub     tp, s7, s6
3 0x800081e8 (0x416b8233) x 4 0xfffd6439
core   0: 0xffffffff800081ec (0x46695097) auipc   ra, 0x46695
3 0x800081ec (0x46695097) x 1 0xc669d1ec
core   0: 0xffffffff800081f0 (0x01501b13) slli    s6, zero, 21
3 0x800081f0 (0x01501b13) x22 0x00000000
core   0: 0xffffffff800081f4 (0x011a4c17) auipc   s8, 0x11a4
3 0x800081f4 (0x011a4c17) x24 0x811ac1f4
core   0: 0xffffffff800081f8 (0x3c13cc13) xori    s8, t2, 961
3 0x800081f8 (0x3c13cc13) x24 0x000003c1
core   0: 0xffffffff800081fc (0x1e4c0593) addi    a1, s8, 484
3 0x800081fc (0x1e4c0593) x11 0x000005a5
core   0: 0xffffffff80008200 (0x01e9f733) and     a4, s3, t5
3 0x80008200 (0x01e9f733) x14 0x8222f237
core   0: 0xffffffff80008204 (0x00789093) slli    ra, a7, 7
3 0x80008204 (0x00789093) x 1 0xfffe7800
core   0: 0xffffffff80008208 (0x41dbdf33) sra     t5, s7, t4
3 0x80008208 (0x41dbdf33) x30 0x00000001
core   0: 0xffffffff8000820c (0x009ba633) slt     a2, s7, s1
3 0x8000820c (0x009ba633) x12 0x00000000
core   0: 0xffffffff80008210 (0x38a7c593) xori    a1, a5, 906
3 0x80008210 (0x38a7c593) x11 0xa7de938a
core   0: 0xffffffff80008214 (0x00000013) nop
3 0x80008214 (0x00000013)
core   0: 0xffffffff80008218 (0x015e2c33) slt     s8, t3, s5
3 0x80008218 (0x015e2c33) x24 0x00000001
core   0: 0xffffffff8000821c (0x40795193) srai    gp, s2, 7
3 0x8000821c (0x40795193) x 3 0x00000000
core   0: 0xffffffff80008220 (0x40cd5e93) srai    t4, s10, 12
3 0x80008220 (0x40cd5e93) x29 0xfffd4922
core   0: 0xffffffff80008224 (0x000ad593) srli    a1, s5, 0
3 0x80008224 (0x000ad593) x11 0x00578520
core   0: 0xffffffff80008228 (0xe28a20b7) lui     ra, 0xe28a2
3 0x80008228 (0xe28a20b7) x 1 0xe28a2000
core   0: 0xffffffff8000822c (0x3dffa813) slti    a6, t6, 991
3 0x8000822c (0x3dffa813) x16 0x00000000
core   0: 0xffffffff80008230 (0x01c78733) add     a4, a5, t3
3 0x80008230 (0x01c78733) x14 0xa7de8d78
core   0: 0xffffffff80008234 (0x0032ffb3) and     t6, t0, gp
3 0x80008234 (0x0032ffb3) x31 0x00000000
core   0: 0xffffffff80008238 (0x004c6c33) or      s8, s8, tp
3 0x80008238 (0x004c6c33) x24 0xfffd6439
core   0: 0xffffffff8000823c (0x005da8b3) slt     a7, s11, t0
3 0x8000823c (0x005da8b3) x17 0x00000001
core   0: 0xffffffff80008240 (0x415e8c33) sub     s8, t4, s5
3 0x80008240 (0x415e8c33) x24 0xffa5c402
core   0: 0xffffffff80008244 (0xf4d26313) ori     t1, tp, -179
3 0x80008244 (0xf4d26313) x 6 0xffffff7d
core   0: 0xffffffff80008248 (0x004b1a93) slli    s5, s6, 4
3 0x80008248 (0x004b1a93) x21 0x00000000
core   0: 0xffffffff8000824c (0x01b97ab3) and     s5, s2, s11
3 0x8000824c (0x01b97ab3) x21 0x00000000
core   0: 0xffffffff80008250 (0x00137db3) and     s11, t1, ra
3 0x80008250 (0x00137db3) x27 0xe28a2000
core   0: 0xffffffff80008254 (0x002d4433) xor     s0, s10, sp
3 0x80008254 (0x002d4433) x 8 0x7f51ab03
core   0: 0xffffffff80008258 (0x01ac5a93) srli    s5, s8, 26
3 0x80008258 (0x01ac5a93) x21 0x0000003f
core   0: 0xffffffff8000825c (0x99caa397) auipc   t2, 0x99caa
3 0x8000825c (0x99caa397) x 7 0x19cb225c
core   0: 0xffffffff80008260 (0x179f7a93) andi    s5, t5, 377
3 0x80008260 (0x179f7a93) x21 0x00000001
core   0: 0xffffffff80008264 (0x30646893) ori     a7, s0, 774
3 0x80008264 (0x30646893) x17 0x7f51ab07
core   0: 0xffffffff80008268 (0x40390fb3) sub     t6, s2, gp
3 0x80008268 (0x40390fb3) x31 0x00000000
core   0: 0xffffffff8000826c (0x35be8413) addi    s0, t4, 859
3 0x8000826c (0x35be8413) x 8 0xfffd4c7d
core   0: 0xffffffff80008270 (0x41b70533) sub     a0, a4, s11
3 0x80008270 (0x41b70533) x10 0xc5546d78
core   0: 0xffffffff80008274 (0x076f8b13) addi    s6, t6, 118
3 0x80008274 (0x076f8b13) x22 0x00000076
core   0: 0xffffffff80008278 (0x018f2113) slti    sp, t5, 24
3 0x80008278 (0x018f2113) x 2 0x00000001
core   0: 0xffffffff8000827c (0x0059f633) and     a2, s3, t0
3 0x8000827c (0x0059f633) x12 0x02206295
core   0: 0xffffffff80008280 (0x205d7593) andi    a1, s10, 517
3 0x80008280 (0x205d7593) x11 0x00000005
core   0: 0xffffffff80008284 (0x01deb333) sltu    t1, t4, t4
3 0x80008284 (0x01deb333) x 6 0x00000000
core   0: 0xffffffff80008288 (0x00512533) slt     a0, sp, t0
3 0x80008288 (0x00512533) x10 0x00000001
core   0: 0xffffffff8000828c (0x0e65ba93) sltiu   s5, a1, 230
3 0x8000828c (0x0e65ba93) x21 0x00000001
core   0: 0xffffffff80008290 (0x01ff4833) xor     a6, t5, t6
3 0x80008290 (0x01ff4833) x16 0x00000001
core   0: 0xffffffff80008294 (0x41768333) sub     t1, a3, s7
3 0x80008294 (0x41768333) x 6 0xabc39e63
core   0: 0xffffffff80008298 (0x41ad8db3) sub     s11, s11, s10
3 0x80008298 (0x41ad8db3) x27 0x0df7fa99
core   0: 0xffffffff8000829c (0x40480bb3) sub     s7, a6, tp
3 0x8000829c (0x40480bb3) x23 0x00029bc8
core   0: 0xffffffff800082a0 (0x016af333) and     t1, s5, s6
3 0x800082a0 (0x016af333) x 6 0x00000000
core   0: 0xffffffff800082a4 (0x40700bb3) sub     s7, zero, t2
3 0x800082a4 (0x40700bb3) x23 0xe634dda4
core   0: 0xffffffff800082a8 (0x00757833) and     a6, a0, t2
3 0x800082a8 (0x00757833) x16 0x00000000
core   0: 0xffffffff800082ac (0x015698b3) sll     a7, a3, s5
3 0x800082ac (0x015698b3) x17 0x57873cc8
core   0: 0xffffffff800082b0 (0x240512b7) lui     t0, 0x24051
3 0x800082b0 (0x240512b7) x 5 0x24051000
core   0: 0xffffffff800082b4 (0xf3c6e313) ori     t1, a3, -196
3 0x800082b4 (0xf3c6e313) x 6 0xffffff7c
core   0: 0xffffffff800082b8 (0x40258bb3) sub     s7, a1, sp
3 0x800082b8 (0x40258bb3) x23 0x00000004
core   0: 0xffffffff800082bc (0x93056537) lui     a0, 0x93056
3 0x800082bc (0x93056537) x10 0x93056000
core   0: 0xffffffff800082c0 (0x7a082037) lui     zero, 0x7a082
3 0x800082c0 (0x7a082037)
core   0: 0xffffffff800082c4 (0xd5b47b93) andi    s7, s0, -677
3 0x800082c4 (0xd5b47b93) x23 0xfffd4c59
core   0: 0xffffffff800082c8 (0x40f10333) sub     t1, sp, a5
3 0x800082c8 (0x40f10333) x 6 0x58217001
core   0: 0xffffffff800082cc (0x01fa0333) add     t1, s4, t6
3 0x800082cc (0x01fa0333) x 6 0x80014ce4
core   0: 0xffffffff800082d0 (0x00673c33) sltu    s8, a4, t1
3 0x800082d0 (0x00673c33) x24 0x00000000
core   0: 0xffffffff800082d4 (0x001ea0b3) slt     ra, t4, ra
3 0x800082d4 (0x001ea0b3) x 1 0x00000000
core   0: 0xffffffff800082d8 (0x005d6bb3) or      s7, s10, t0
3 0x800082d8 (0x005d6bb3) x23 0xf4973567
core   0: 0xffffffff800082dc (0x0000dd93) srli    s11, ra, 0
3 0x800082dc (0x0000dd93) x27 0x00000000
core   0: 0xffffffff800082e0 (0x40cad0b3) sra     ra, s5, a2
3 0x800082e0 (0x40cad0b3) x 1 0x00000000
core   0: 0xffffffff800082e4 (0x411a0933) sub     s2, s4, a7
3 0x800082e4 (0x411a0933) x18 0x287a101c
core   0: 0xffffffff800082e8 (0x00d3df93) srli    t6, t2, 13
3 0x800082e8 (0x00d3df93) x31 0x0000ce59
core   0: 0xffffffff800082ec (0x18637993) andi    s3, t1, 390
3 0x800082ec (0x18637993) x19 0x00000084
core   0: 0xffffffff800082f0 (0x014b3033) sltu    zero, s6, s4
3 0x800082f0 (0x014b3033)
core   0: 0xffffffff800082f4 (0x00140433) add     s0, s0, ra
3 0x800082f4 (0x00140433) x 8 0xfffd4c7d
core   0: 0xffffffff800082f8 (0xfa0aa093) slti    ra, s5, -96
3 0x800082f8 (0xfa0aa093) x 1 0x00000000
core   0: 0xffffffff800082fc (0xd77e22b7) lui     t0, 0xd77e2
3 0x800082fc (0xd77e22b7) x 5 0xd77e2000
core   0: 0xffffffff80008300 (0x011df133) and     sp, s11, a7
3 0x80008300 (0x011df133) x 2 0x00000000
core   0: 0xffffffff80008304 (0x01fbf593) andi    a1, s7, 31
3 0x80008304 (0x01fbf593) x11 0x00000007
core   0: 0xffffffff80008308 (0x402dd713) srai    a4, s11, 2
3 0x80008308 (0x402dd713) x14 0x00000000
core   0: 0xffffffff8000830c (0x00e10f33) add     t5, sp, a4
3 0x8000830c (0x00e10f33) x30 0x00000000
core   0: 0xffffffff80008310 (0x00f341b3) xor     gp, t1, a5
3 0x80008310 (0x00f341b3) x 3 0x27dfdce4
core   0: 0xffffffff80008314 (0xc20e4b13) xori    s6, t3, -992
3 0x80008314 (0xc20e4b13) x22 0x00000158
core   0: 0xffffffff80008318 (0x3eb8a293) slti    t0, a7, 1003
3 0x80008318 (0x3eb8a293) x 5 0x00000000
core   0: 0xffffffff8000831c (0x40fa5e33) sra     t3, s4, a5
3 0x8000831c (0x40fa5e33) x28 0x80014ce4
core   0: 0xffffffff80008320 (0x00974333) xor     t1, a4, s1
3 0x80008320 (0x00974333) x 6 0x80010e64
core   0: 0xffffffff80008324 (0x3eb6ce93) xori    t4, a3, 1003
3 0x80008324 (0x3eb6ce93) x29 0xabc39d8f
core   0: 0xffffffff80008328 (0xdb44f593) andi    a1, s1, -588
3 0x80008328 (0xdb44f593) x11 0x80010c24
core   0: 0xffffffff8000832c (0x00e82e33) slt     t3, a6, a4
3 0x8000832c (0x00e82e33) x28 0x00000000
core   0: 0xffffffff80008330 (0x00f98b33) add     s6, s3, a5
3 0x80008330 (0x00f98b33) x22 0xa7de9084
core   0: 0xffffffff80008334 (0x00edc2b3) xor     t0, s11, a4
3 0x80008334 (0x00edc2b3) x 5 0x00000000
core   0: 0xffffffff80008338 (0x41fe5793) srai    a5, t3, 31
3 0x80008338 (0x41fe5793) x15 0x00000000
core   0: 0xffffffff8000833c (0xd0b7fb93) andi    s7, a5, -757
3 0x8000833c (0xd0b7fb93) x23 0x00000000
core   0: 0xffffffff80008340 (0x006d9293) slli    t0, s11, 6
3 0x80008340 (0x006d9293) x 5 0x00000000
core   0: 0xffffffff80008344 (0x01384e33) xor     t3, a6, s3
3 0x80008344 (0x01384e33) x28 0x00000084
core   0: 0xffffffff80008348 (0xd55c3413) sltiu   s0, s8, -683
3 0x80008348 (0xd55c3413) x 8 0x00000001
core   0: 0xffffffff8000834c (0xc14d7213) andi    tp, s10, -1004
3 0x8000834c (0xc14d7213) x 4 0xd4922404
core   0: 0xffffffff80008350 (0x00588633) add     a2, a7, t0
3 0x80008350 (0x00588633) x12 0x57873cc8
core   0: 0xffffffff80008354 (0x00a93c33) sltu    s8, s2, a0
3 0x80008354 (0x00a93c33) x24 0x00000001
core   0: 0xffffffff80008358 (0x292a8c17) auipc   s8, 0x292a8
3 0x80008358 (0x292a8c17) x24 0xa92b0358
core   0: 0xffffffff8000835c (0xf23e0fb7) lui     t6, 0xf23e0
3 0x8000835c (0xf23e0fb7) x31 0xf23e0000
core   0: 0xffffffff80008360 (0x1e5f0e93) addi    t4, t5, 485
3 0x80008360 (0x1e5f0e93) x29 0x000001e5
core   0: 0xffffffff80008364 (0x2ff7be37) lui     t3, 0x2ff7b
3 0x80008364 (0x2ff7be37) x28 0x2ff7b000
core   0: 0xffffffff80008368 (0x01dab233) sltu    tp, s5, t4
3 0x80008368 (0x01dab233) x 4 0x00000001
core   0: 0xffffffff8000836c (0xdd20cf13) xori    t5, ra, -558
3 0x8000836c (0xdd20cf13) x30 0xfffffdd2
core   0: 0xffffffff80008370 (0x4142d733) sra     a4, t0, s4
3 0x80008370 (0x4142d733) x14 0x00000000
core   0: 0xffffffff80008374 (0x4076d793) srai    a5, a3, 7
3 0x80008374 (0x4076d793) x15 0xff57873c
core   0: 0xffffffff80008378 (0x23137393) andi    t2, t1, 561
3 0x80008378 (0x23137393) x 7 0x00000220
core   0: 0xffffffff8000837c (0x411f89b3) sub     s3, t6, a7
3 0x8000837c (0x411f89b3) x19 0x9ab6c338
core   0: 0xffffffff80008380 (0x01bbfe33) and     t3, s7, s11
3 0x80008380 (0x01bbfe33) x28 0x00000000
core   0: 0xffffffff80008384 (0x01c93eb3) sltu    t4, s2, t3
3 0x80008384 (0x01c93eb3) x29 0x00000000
core   0: 0xffffffff80008388 (0x0018d633) srl     a2, a7, ra
3 0x80008388 (0x0018d633) x12 0x57873cc8
core   0: 0xffffffff8000838c (0x01615793) srli    a5, sp, 22
3 0x8000838c (0x01615793) x15 0x00000000
core   0: 0xffffffff80008390 (0x410b5733) sra     a4, s6, a6
3 0x80008390 (0x410b5733) x14 0xa7de9084
core   0: 0xffffffff80008394 (0x00d853b3) srl     t2, a6, a3
3 0x80008394 (0x00d853b3) x 7 0x00000000
core   0: 0xffffffff80008398 (0x0190d333) srl     t1, ra, s9
3 0x80008398 (0x0190d333) x 6 0x00000000
core   0: 0xffffffff8000839c (0x009a1333) sll     t1, s4, s1
3 0x8000839c (0x009a1333) x 6 0x0014ce40
core   0: 0xffffffff800083a0 (0x174b3793) sltiu   a5, s6, 372
3 0x800083a0 (0x174b3793) x15 0x00000000
core   0: 0xffffffff800083a4 (0x01f62eb3) slt     t4, a2, t6
3 0x800083a4 (0x01f62eb3) x29 0x00000000
core   0: 0xffffffff800083a8 (0xe36d7113) andi    sp, s10, -458
3 0x800083a8 (0xe36d7113) x 2 0xd4922426
core   0: 0xffffffff800083ac (0x01ed9433) sll     s0, s11, t5
3 0x800083ac (0x01ed9433) x 8 0x00000000
core   0: 0xffffffff800083b0 (0x31e63613) sltiu   a2, a2, 798
3 0x800083b0 (0x31e63613) x12 0x00000000
core   0: 0xffffffff800083b4 (0x00edb933) sltu    s2, s11, a4
3 0x800083b4 (0x00edb933) x18 0x00000001
core   0: 0xffffffff800083b8 (0x00000013) nop
3 0x800083b8 (0x00000013)
core   0: 0xffffffff800083bc (0x0a6be313) ori     t1, s7, 166
3 0x800083bc (0x0a6be313) x 6 0x000000a6
core   0: 0xffffffff800083c0 (0x0169c3b3) xor     t2, s3, s6
3 0x800083c0 (0x0169c3b3) x 7 0x3d6853bc
core   0: 0xffffffff800083c4 (0x2bbb3e93) sltiu   t4, s6, 699
3 0x800083c4 (0x2bbb3e93) x29 0x00000000
core   0: 0xffffffff800083c8 (0x01b10c33) add     s8, sp, s11
3 0x800083c8 (0x01b10c33) x24 0xd4922426
core   0: 0xffffffff800083cc (0x01de4533) xor     a0, t3, t4
3 0x800083cc (0x01de4533) x10 0x00000000
core   0: 0xffffffff800083d0 (0x407a5413) srai    s0, s4, 7
3 0x800083d0 (0x407a5413) x 8 0xff000299
core   0: 0xffffffff800083d4 (0x011895b3) sll     a1, a7, a7
3 0x800083d4 (0x011895b3) x11 0x873cc800
core   0: 0xffffffff800083d8 (0x01efbfb3) sltu    t6, t6, t5
3 0x800083d8 (0x01efbfb3) x31 0x00000001
core   0: 0xffffffff800083dc (0x0190d833) srl     a6, ra, s9
3 0x800083dc (0x0190d833) x16 0x00000000
core   0: 0xffffffff800083e0 (0x00803333) snez    t1, s0
3 0x800083e0 (0x00803333) x 6 0x00000001
core   0: 0xffffffff800083e4 (0x6cdb3417) auipc   s0, 0x6cdb3
3 0x800083e4 (0x6cdb3417) x 8 0xecdbb3e4
core   0: 0xffffffff800083e8 (0x01a5f833) and     a6, a1, s10
3 0x800083e8 (0x01a5f833) x16 0x84100000
core   0: 0xffffffff800083ec (0x00000013) nop
3 0x800083ec (0x00000013)
core   0: 0xffffffff800083f0 (0xb5f6db17) auipc   s6, 0xb5f6d
3 0x800083f0 (0xb5f6db17) x22 0x35f753f0
core   0: 0xffffffff800083f4 (0x0c3093b7) lui     t2, 0xc309
3 0x800083f4 (0x0c3093b7) x 7 0x0c309000
core   0: 0xffffffff800083f8 (0x4075d313) srai    t1, a1, 7
3 0x800083f8 (0x4075d313) x 6 0xff0e7990
core   0: 0xffffffff800083fc (0x0156ebb3) or      s7, a3, s5
3 0x800083fc (0x0156ebb3) x23 0xabc39e65
core   0: 0xffffffff80008400 (0x0006a833) slt     a6, a3, zero
3 0x80008400 (0x0006a833) x16 0x00000001
core   0: 0xffffffff80008404 (0x15f56813) ori     a6, a0, 351
3 0x80008404 (0x15f56813) x16 0x0000015f
core   0: 0xffffffff80008408 (0x0050d533) srl     a0, ra, t0
3 0x80008408 (0x0050d533) x10 0x00000000
core   0: 0xffffffff8000840c (0x416e82b3) sub     t0, t4, s6
3 0x8000840c (0x416e82b3) x 5 0xca08ac10
core   0: 0xffffffff80008410 (0x4027ddb3) sra     s11, a5, sp
3 0x80008410 (0x4027ddb3) x27 0x00000000
core   0: 0xffffffff80008414 (0x282aa113) slti    sp, s5, 642
3 0x80008414 (0x282aa113) x 2 0x00000001
core   0: 0xffffffff80008418 (0xc3b3f793) andi    a5, t2, -965
3 0x80008418 (0xc3b3f793) x15 0x0c309000
core   0: 0xffffffff8000841c (0x0a4c6b17) auipc   s6, 0xa4c6
3 0x8000841c (0x0a4c6b17) x22 0x8a4ce41c
core   0: 0xffffffff80008420 (0x41d101b3) sub     gp, sp, t4
3 0x80008420 (0x41d101b3) x 3 0x00000001
core   0: 0xffffffff80008424 (0x00301b13) slli    s6, zero, 3
3 0x80008424 (0x00301b13) x22 0x00000000
core   0: 0xffffffff80008428 (0x413e8fb3) sub     t6, t4, s3
3 0x80008428 (0x413e8fb3) x31 0x65493cc8
core   0: 0xffffffff8000842c (0xded54e93) xori    t4, a0, -531
3 0x8000842c (0xded54e93) x29 0xfffffded
core   0: 0xffffffff80008430 (0x00db1a93) slli    s5, s6, 13
3 0x80008430 (0x00db1a93) x21 0x00000000
core   0: 0xffffffff80008434 (0x000eb533) sltu    a0, t4, zero
3 0x80008434 (0x000eb533) x10 0x00000000
core   0: 0xffffffff80008438 (0x40ccd793) srai    a5, s9, 12
3 0x80008438 (0x40ccd793) x15 0x0000015e
core   0: 0xffffffff8000843c (0x01443e33) sltu    t3, s0, s4
3 0x8000843c (0x01443e33) x28 0x00000000
core   0: 0xffffffff80008440 (0x99180037) lui     zero, 0x99180
3 0x80008440 (0x99180037)
core   0: 0xffffffff80008444 (0x0010ddb3) srl     s11, ra, ra
3 0x80008444 (0x0010ddb3) x27 0x00000000
core   0: 0xffffffff80008448 (0x00000013) nop
3 0x80008448 (0x00000013)
core   0: 0xffffffff8000844c (0x4185db33) sra     s6, a1, s8
3 0x8000844c (0x4185db33) x22 0xfe1cf320
core   0: 0xffffffff80008450 (0x17c198b7) lui     a7, 0x17c19
3 0x80008450 (0x17c198b7) x17 0x17c19000
core   0: 0xffffffff80008454 (0x419f03b3) sub     t2, t5, s9
3 0x80008454 (0x419f03b3) x 7 0xffea1c8a
core   0: 0xffffffff80008458 (0x019a5413) srli    s0, s4, 25
3 0x80008458 (0x019a5413) x 8 0x00000040
core   0: 0xffffffff8000845c (0x0187d893) srli    a7, a5, 24
3 0x8000845c (0x0187d893) x17 0x00000000
core   0: 0xffffffff80008460 (0x41c78db3) sub     s11, a5, t3
3 0x80008460 (0x41c78db3) x27 0x0000015e
core   0: 0xffffffff80008464 (0x4116df93) srai    t6, a3, 17
3 0x80008464 (0x4116df93) x31 0xffffd5e1
core   0: 0xffffffff80008468 (0x351c8813) addi    a6, s9, 849
3 0x80008468 (0x351c8813) x16 0x0015e499
core   0: 0xffffffff8000846c (0x00a45313) srli    t1, s0, 10
3 0x8000846c (0x00a45313) x 6 0x00000000
core   0: 0xffffffff80008470 (0x23a5a893) slti    a7, a1, 570
3 0x80008470 (0x23a5a893) x17 0x00000001
core   0: 0xffffffff80008474 (0x3c540b13) addi    s6, s0, 965
3 0x80008474 (0x3c540b13) x22 0x00000405
core   0: 0xffffffff80008478 (0xbe189bb7) lui     s7, 0xbe189
3 0x80008478 (0xbe189bb7) x23 0xbe189000
core   0: 0xffffffff8000847c (0x409c8ab3) sub     s5, s9, s1
3 0x8000847c (0x409c8ab3) x21 0x8014d2e4
core   0: 0xffffffff80008480 (0x37db4d93) xori    s11, s6, 893
3 0x80008480 (0x37db4d93) x27 0x00000778
core   0: 0xffffffff80008484 (0x01b81e33) sll     t3, a6, s11
3 0x80008484 (0x01b81e33) x28 0x99000000
core   0: 0xffffffff80008488 (0x00395c13) srli    s8, s2, 3
3 0x80008488 (0x00395c13) x24 0x00000000
core   0: 0xffffffff8000848c (0x0041c033) xor     zero, gp, tp
3 0x8000848c (0x0041c033)
core   0: 0xffffffff80008490 (0x01d79013) slli    zero, a5, 29
3 0x80008490 (0x01d79013)
core   0: 0xffffffff80008494 (0x01fda1b3) slt     gp, s11, t6
3 0x80008494 (0x01fda1b3) x 3 0x00000000
core   0: 0xffffffff80008498 (0x00057cb3) and     s9, a0, zero
3 0x80008498 (0x00057cb3) x25 0x00000000
core   0: 0xffffffff8000849c (0xf08b8113) addi    sp, s7, -248
3 0x8000849c (0xf08b8113) x 2 0xbe188f08
core   0: 0xffffffff800084a0 (0x01118bb3) add     s7, gp, a7
3 0x800084a0 (0x01118bb3) x23 0x00000001
core   0: 0xffffffff800084a4 (0x01c308b3) add     a7, t1, t3
3 0x800084a4 (0x01c308b3) x17 0x99000000
core   0: 0xffffffff800084a8 (0x39c10013) addi    zero, sp, 924
3 0x800084a8 (0x39c10013)
core   0: 0xffffffff800084ac (0xfa34f713) andi    a4, s1, -93
3 0x800084ac (0xfa34f713) x14 0x80010e20
core   0: 0xffffffff800084b0 (0x2a1a7a93) andi    s5, s4, 673
3 0x800084b0 (0x2a1a7a93) x21 0x000000a0
core   0: 0xffffffff800084b4 (0x37242193) slti    gp, s0, 882
3 0x800084b4 (0x37242193) x 3 0x00000001
core   0: 0xffffffff800084b8 (0x00d4e6b3) or      a3, s1, a3
3 0x800084b8 (0x00d4e6b3) x13 0xabc39e64
core   0: 0xffffffff800084bc (0x004ef233) and     tp, t4, tp
3 0x800084bc (0x004ef233) x 4 0x00000001
core   0: 0xffffffff800084c0 (0x2cda9297) auipc   t0, 0x2cda9
3 0x800084c0 (0x2cda9297) x 5 0xacdb14c0
core   0: 0xffffffff800084c4 (0x26ae0913) addi    s2, t3, 618
3 0x800084c4 (0x26ae0913) x18 0x9900026a
core   0: 0xffffffff800084c8 (0x01ba40b3) xor     ra, s4, s11
3 0x800084c8 (0x01ba40b3) x 1 0x80014b9c
core   0: 0xffffffff800084cc (0x00000013) nop
3 0x800084cc (0x00000013)
core   0: 0xffffffff800084d0 (0x1877f613) andi    a2, a5, 391
3 0x800084d0 (0x1877f613) x12 0x00000106
core   0: 0xffffffff800084d4 (0x007a96b3) sll     a3, s5, t2
3 0x800084d4 (0x007a96b3) x13 0x00028000
core   0: 0xffffffff800084d8 (0x36296793) ori     a5, s2, 866
3 0x800084d8 (0x36296793) x15 0x9900036a
core   0: 0xffffffff800084dc (0xdea3f813) andi    a6, t2, -534
3 0x800084dc (0xdea3f813) x16 0xffea1c8a
core   0: 0xffffffff800084e0 (0x12464813) xori    a6, a2, 292
3 0x800084e0 (0x12464813) x16 0x00000022
core   0: 0xffffffff800084e4 (0x973e1b97) auipc   s7, 0x973e1
3 0x800084e4 (0x973e1b97) x23 0x173e94e4
core   0: 0xffffffff800084e8 (0x01e290b3) sll     ra, t0, t5
3 0x800084e8 (0x01e290b3) x 1 0x53000000
core   0: 0xffffffff800084ec (0x00e3dcb3) srl     s9, t2, a4
3 0x800084ec (0x00e3dcb3) x25 0xffea1c8a
core   0: 0xffffffff800084f0 (0x1ab33c93) sltiu   s9, t1, 427
3 0x800084f0 (0x1ab33c93) x25 0x00000001
core   0: 0xffffffff800084f4 (0x00000013) nop
3 0x800084f4 (0x00000013)
core   0: 0xffffffff800084f8 (0x01e95913) srli    s2, s2, 30
3 0x800084f8 (0x01e95913) x18 0x00000002
core   0: 0xffffffff800084fc (0x40850333) sub     t1, a0, s0
3 0x800084fc (0x40850333) x 6 0xffffffc0
core   0: 0xffffffff80008500 (0x011a9713) slli    a4, s5, 17
3 0x80008500 (0x011a9713) x14 0x01400000
core   0: 0xffffffff80008504 (0x401cd533) sra     a0, s9, ra
3 0x80008504 (0x401cd533) x10 0x00000001
core   0: 0xffffffff80008508 (0xb69333b7) lui     t2, 0xb6933
3 0x80008508 (0xb69333b7) x 7 0xb6933000
core   0: 0xffffffff8000850c (0x00c195b3) sll     a1, gp, a2
3 0x8000850c (0x00c195b3) x11 0x00000040
core   0: 0xffffffff80008510 (0x21a25837) lui     a6, 0x21a25
3 0x80008510 (0x21a25837) x16 0x21a25000
core   0: 0xffffffff80008514 (0x29764213) xori    tp, a2, 663
3 0x80008514 (0x29764213) x 4 0x00000391
core   0: 0xffffffff80008518 (0x014de533) or      a0, s11, s4
3 0x80008518 (0x014de533) x10 0x80014ffc
core   0: 0xffffffff8000851c (0x00845a93) srli    s5, s0, 8
3 0x8000851c (0x00845a93) x21 0x00000000
core   0: 0xffffffff80008520 (0x01ee8b33) add     s6, t4, t5
3 0x80008520 (0x01ee8b33) x22 0xfffffbbf
core   0: 0xffffffff80008524 (0x304f4513) xori    a0, t5, 772
3 0x80008524 (0x304f4513) x10 0xfffffed6
core   0: 0xffffffff80008528 (0x1cc9b793) sltiu   a5, s3, 460
3 0x80008528 (0x1cc9b793) x15 0x00000000
core   0: 0xffffffff8000852c (0x0193c8b3) xor     a7, t2, s9
3 0x8000852c (0x0193c8b3) x17 0xb6933001
core   0: 0xffffffff80008530 (0x00bbebb3) or      s7, s7, a1
3 0x80008530 (0x00bbebb3) x23 0x173e94e4
core   0: 0xffffffff80008534 (0x006d45b3) xor     a1, s10, t1
3 0x80008534 (0x006d45b3) x11 0x2b6ddaa7
core   0: 0xffffffff80008538 (0x404d56b3) sra     a3, s10, tp
3 0x80008538 (0x404d56b3) x13 0xffffea49
core   0: 0xffffffff8000853c (0x3927c813) xori    a6, a5, 914
3 0x8000853c (0x3927c813) x16 0x00000392
core   0: 0xffffffff80008540 (0x41c502b3) sub     t0, a0, t3
3 0x80008540 (0x41c502b3) x 5 0x66fffed6
core   0: 0xffffffff80008544 (0xd90a7213) andi    tp, s4, -624
3 0x80008544 (0xd90a7213) x 4 0x80014c80
core   0: 0xffffffff80008548 (0x0cb0bd93) sltiu   s11, ra, 203
3 0x80008548 (0x0cb0bd93) x27 0x00000000
core   0: 0xffffffff8000854c (0xd063a293) slti    t0, t2, -762
3 0x8000854c (0xd063a293) x 5 0x00000001
core   0: 0xffffffff80008550 (0xd9074193) xori    gp, a4, -624
3 0x80008550 (0xd9074193) x 3 0xfebffd90
core   0: 0xffffffff80008554 (0xcbd84f93) xori    t6, a6, -835
3 0x80008554 (0xcbd84f93) x31 0xffffff2f
core   0: 0xffffffff80008558 (0x010c42b3) xor     t0, s8, a6
3 0x80008558 (0x010c42b3) x 5 0x00000392
core   0: 0xffffffff8000855c (0xb5983237) lui     tp, 0xb5983
3 0x8000855c (0xb5983237) x 4 0xb5983000
core   0: 0xffffffff80008560 (0x009c4033) xor     zero, s8, s1
3 0x80008560 (0x009c4033)
core   0: 0xffffffff80008564 (0x00000013) nop
3 0x80008564 (0x00000013)
core   0: 0xffffffff80008568 (0x002bd313) srli    t1, s7, 2
3 0x80008568 (0x002bd313) x 6 0x05cfa539
core   0: 0xffffffff8000856c (0xc1388c93) addi    s9, a7, -1005
3 0x8000856c (0xc1388c93) x25 0xb6932c14
core   0: 0xffffffff80008570 (0xf1984a97) auipc   s5, 0xf1984
3 0x80008570 (0xf1984a97) x21 0x7198c570
core   0: 0xffffffff80008574 (0xc8a68b13) addi    s6, a3, -886
3 0x80008574 (0xc8a68b13) x22 0xffffe6d3
core   0: 0xffffffff80008578 (0x00058eb3) add     t4, a1, zero
3 0x80008578 (0x00058eb3) x29 0x2b6ddaa7
core   0: 0xffffffff8000857c (0xf6a1c393) xori    t2, gp, -150
3 0x8000857c (0xf6a1c393) x 7 0x014002fa
core   0: 0xffffffff80008580 (0x00987eb3) and     t4, a6, s1
3 0x80008580 (0x00987eb3) x29 0x00000200
core   0: 0xffffffff80008584 (0x00f89e13) slli    t3, a7, 15
3 0x80008584 (0x00f89e13) x28 0x98008000
core   0: 0xffffffff80008588 (0x180f0993) addi    s3, t5, 384
3 0x80008588 (0x180f0993) x19 0xffffff52
core   0: 0xffffffff8000858c (0x12dded93) ori     s11, s11, 301
3 0x8000858c (0x12dded93) x27 0x0000012d
core   0: 0xffffffff80008590 (0x01f417b3) sll     a5, s0, t6
3 0x80008590 (0x01f417b3) x15 0x00200000
core   0: 0xffffffff80008594 (0x007e9c13) slli    s8, t4, 7
3 0x80008594 (0x007e9c13) x24 0x00010000
core   0: 0xffffffff80008598 (0x01c80393) addi    t2, a6, 28
3 0x80008598 (0x01c80393) x 7 0x000003ae
core   0: 0xffffffff8000859c (0x01f03033) snez    zero, t6
3 0x8000859c (0x01f03033)
core   0: 0xffffffff800085a0 (0xeef2a113) slti    sp, t0, -273
3 0x800085a0 (0xeef2a113) x 2 0x00000000
core   0: 0xffffffff800085a4 (0x3fcb7e93) andi    t4, s6, 1020
3 0x800085a4 (0x3fcb7e93) x29 0x000002d0
core   0: 0xffffffff800085a8 (0xc5ac2293) slti    t0, s8, -934
3 0x800085a8 (0xc5ac2293) x 5 0x00000000
core   0: 0xffffffff800085ac (0x0197cfb3) xor     t6, a5, s9
3 0x800085ac (0x0197cfb3) x31 0xb6b32c14
core   0: 0xffffffff800085b0 (0x00c26933) or      s2, tp, a2
3 0x800085b0 (0x00c26933) x18 0xb5983106
core   0: 0xffffffff800085b4 (0x014c41b3) xor     gp, s8, s4
3 0x800085b4 (0x014c41b3) x 3 0x80004ce4
core   0: 0xffffffff800085b8 (0x4079d613) srai    a2, s3, 7
3 0x800085b8 (0x4079d613) x12 0xfffffffe
core   0: 0xffffffff800085bc (0xc2978e93) addi    t4, a5, -983
3 0x800085bc (0xc2978e93) x29 0x001ffc29
core   0: 0xffffffff800085c0 (0x00c74ab3) xor     s5, a4, a2
3 0x800085c0 (0x00c74ab3) x21 0xfebffffe
core   0: 0xffffffff800085c4 (0xf12c3b93) sltiu   s7, s8, -238
3 0x800085c4 (0xf12c3b93) x23 0x00000001
core   0: 0xffffffff800085c8 (0x00acc1b3) xor     gp, s9, a0
3 0x800085c8 (0x00acc1b3) x 3 0x496cd2c2
core   0: 0xffffffff800085cc (0x00bba9b3) slt     s3, s7, a1
3 0x800085cc (0x00bba9b3) x19 0x00000001
core   0: 0xffffffff800085d0 (0x41a70cb3) sub     s9, a4, s10
3 0x800085d0 (0x41a70cb3) x25 0x2cadda99
core   0: 0xffffffff800085d4 (0x00ad1cb3) sll     s9, s10, a0
3 0x800085d4 (0x00ad1cb3) x25 0x59c00000
core   0: 0xffffffff800085d8 (0x14f5f413) andi    s0, a1, 335
3 0x800085d8 (0x14f5f413) x 8 0x00000007
core   0: 0xffffffff800085dc (0xd2087993) andi    s3, a6, -736
3 0x800085dc (0xd2087993) x19 0x00000100
core   0: 0xffffffff800085e0 (0x015a68b3) or      a7, s4, s5
3 0x800085e0 (0x015a68b3) x17 0xfebffffe
core   0: 0xffffffff800085e4 (0x01ced8b3) srl     a7, t4, t3
3 0x800085e4 (0x01ced8b3) x17 0x001ffc29
core   0: 0xffffffff800085e8 (0x00b79bb3) sll     s7, a5, a1
3 0x800085e8 (0x00b79bb3) x23 0x10000000
core   0: 0xffffffff800085ec (0x00494433) xor     s0, s2, tp
3 0x800085ec (0x00494433) x 8 0x00000106
core   0: 0xffffffff800085f0 (0x4174df13) srai    t5, s1, 23
3 0x800085f0 (0x4174df13) x30 0xffffff00
core   0: 0xffffffff800085f4 (0x017822b3) slt     t0, a6, s7
3 0x800085f4 (0x017822b3) x 5 0x00000001
core   0: 0xffffffff800085f8 (0x008a6cb3) or      s9, s4, s0
3 0x800085f8 (0x008a6cb3) x25 0x80014de6
core   0: 0xffffffff800085fc (0x013eaab3) slt     s5, t4, s3
3 0x800085fc (0x013eaab3) x21 0x00000000
core   0: 0xffffffff80008600 (0x014790b3) sll     ra, a5, s4
3 0x80008600 (0x014790b3) x 1 0x02000000
core   0: 0xffffffff80008604 (0x00eecdb3) xor     s11, t4, a4
3 0x80008604 (0x00eecdb3) x27 0x015ffc29
core   0: 0xffffffff80008608 (0x01c99ab3) sll     s5, s3, t3
3 0x80008608 (0x01c99ab3) x21 0x00000100
core   0: 0xffffffff8000860c (0x006a5c13) srli    s8, s4, 6
3 0x8000860c (0x006a5c13) x24 0x02000533
core   0: 0xffffffff80008610 (0x5971bc17) auipc   s8, 0x5971b
3 0x80008610 (0x5971bc17) x24 0xd9723610
core   0: 0xffffffff80008614 (0xeadb6113) ori     sp, s6, -339
3 0x80008614 (0xeadb6113) x 2 0xfffffeff
core   0: 0xffffffff80008618 (0x01ca8bb3) add     s7, s5, t3
3 0x80008618 (0x01ca8bb3) x23 0x98008100
core   0: 0xffffffff8000861c (0x01971513) slli    a0, a4, 25
3 0x8000861c (0x01971513) x10 0x00000000
core   0: 0xffffffff80008620 (0x01dcbab3) sltu    s5, s9, t4
3 0x80008620 (0x01dcbab3) x21 0x00000000
core   0: 0xffffffff80008624 (0x4073d193) srai    gp, t2, 7
3 0x80008624 (0x4073d193) x 3 0x00000007
core   0: 0xffffffff80008628 (0x00b3bc33) sltu    s8, t2, a1
3 0x80008628 (0x00b3bc33) x24 0x00000001
core   0: 0xffffffff8000862c (0x00b1feb3) and     t4, gp, a1
3 0x8000862c (0x00b1feb3) x29 0x00000007
core   0: 0xffffffff80008630 (0x0058dc13) srli    s8, a7, 5
3 0x80008630 (0x0058dc13) x24 0x0000ffe1
core   0: 0xffffffff80008634 (0x40c452b3) sra     t0, s0, a2
3 0x80008634 (0x40c452b3) x 5 0x00000000
core   0: 0xffffffff80008638 (0x01bc3e33) sltu    t3, s8, s11
3 0x80008638 (0x01bc3e33) x28 0x00000001
core   0: 0xffffffff8000863c (0xddeee693) ori     a3, t4, -546
3 0x8000863c (0xddeee693) x13 0xfffffddf
core   0: 0xffffffff80008640 (0x3b9bfe13) andi    t3, s7, 953
3 0x80008640 (0x3b9bfe13) x28 0x00000100
core   0: 0xffffffff80008644 (0x012a9e33) sll     t3, s5, s2
3 0x80008644 (0x012a9e33) x28 0x00000000
core   0: 0xffffffff80008648 (0x41a05213) srai    tp, zero, 26
3 0x80008648 (0x41a05213) x 4 0x00000000
core   0: 0xffffffff8000864c (0x01229b33) sll     s6, t0, s2
3 0x8000864c (0x01229b33) x22 0x00000000
core   0: 0xffffffff80008650 (0xd91c6a93) ori     s5, s8, -623
3 0x80008650 (0xd91c6a93) x21 0xfffffff1
core   0: 0xffffffff80008654 (0x40a587b3) sub     a5, a1, a0
3 0x80008654 (0x40a587b3) x15 0x2b6ddaa7
core   0: 0xffffffff80008658 (0x00000013) nop
3 0x80008658 (0x00000013)
core   0: 0xffffffff8000865c (0x41da8733) sub     a4, s5, t4
3 0x8000865c (0x41da8733) x14 0xffffffea
core   0: 0xffffffff80008660 (0x00f43eb3) sltu    t4, s0, a5
3 0x80008660 (0x00f43eb3) x29 0x00000001
core   0: 0xffffffff80008664 (0x0140ceb3) xor     t4, ra, s4
3 0x80008664 (0x0140ceb3) x29 0x82014ce4
core   0: 0xffffffff80008668 (0x40f95db3) sra     s11, s2, a5
3 0x80008668 (0x40f95db3) x27 0xff6b3062
core   0: 0xffffffff8000866c (0xe857ce93) xori    t4, a5, -379
3 0x8000866c (0xe857ce93) x29 0xd4922422
core   0: 0xffffffff80008670 (0xfce48f13) addi    t5, s1, -50
3 0x80008670 (0xfce48f13) x30 0x80010e32
core   0: 0xffffffff80008674 (0x0d72b317) auipc   t1, 0xd72b
3 0x80008674 (0x0d72b317) x 6 0x8d733674
core   0: 0xffffffff80008678 (0x128f3b93) sltiu   s7, t5, 296
3 0x80008678 (0x128f3b93) x23 0x00000000
core   0: 0xffffffff8000867c (0x00a52733) slt     a4, a0, a0
3 0x8000867c (0x00a52733) x14 0x00000000
core   0: 0xffffffff80008680 (0x41195b93) srai    s7, s2, 17
3 0x80008680 (0x41195b93) x23 0xffffdacc
core   0: 0xffffffff80008684 (0xdf9bae93) slti    t4, s7, -519
3 0x80008684 (0xdf9bae93) x29 0x00000001
core   0: 0xffffffff80008688 (0x0147fc33) and     s8, a5, s4
3 0x80008688 (0x0147fc33) x24 0x000148a4
core   0: 0xffffffff8000868c (0x0079d113) srli    sp, s3, 7
3 0x8000868c (0x0079d113) x 2 0x00000002
core   0: 0xffffffff80008690 (0x1db1ee13) ori     t3, gp, 475
3 0x80008690 (0x1db1ee13) x28 0x000001df
core   0: 0xffffffff80008694 (0x406edf13) srai    t5, t4, 6
3 0x80008694 (0x406edf13) x30 0x00000000
core   0: 0xffffffff80008698 (0xd0e6f113) andi    sp, a3, -754
3 0x80008698 (0xd0e6f113) x 2 0xfffffd0e
core   0: 0xffffffff8000869c (0x41ffdc13) srai    s8, t6, 31
3 0x8000869c (0x41ffdc13) x24 0xffffffff
core   0: 0xffffffff800086a0 (0x35be4f13) xori    t5, t3, 859
3 0x800086a0 (0x35be4f13) x30 0x00000284
core   0: 0xffffffff800086a4 (0x2d33c793) xori    a5, t2, 723
3 0x800086a4 (0x2d33c793) x15 0x0000017d
core   0: 0xffffffff800086a8 (0x0062fb33) and     s6, t0, t1
3 0x800086a8 (0x0062fb33) x22 0x00000000
core   0: 0xffffffff800086ac (0x018b8233) add     tp, s7, s8
3 0x800086ac (0x018b8233) x 4 0xffffdacb
core   0: 0xffffffff800086b0 (0x012883b3) add     t2, a7, s2
3 0x800086b0 (0x012883b3) x 7 0xb5b82d2f
core   0: 0xffffffff800086b4 (0x00d486b3) add     a3, s1, a3
3 0x800086b4 (0x00d486b3) x13 0x80010c43
core   0: 0xffffffff800086b8 (0x01b460b3) or      ra, s0, s11
3 0x800086b8 (0x01b460b3) x 1 0xff6b3166
core   0: 0xffffffff800086bc (0x00805293) srli    t0, zero, 8
3 0x800086bc (0x00805293) x 5 0x00000000
core   0: 0xffffffff800086c0 (0xff982293) slti    t0, a6, -7
3 0x800086c0 (0xff982293) x 5 0x00000000
core   0: 0xffffffff800086c4 (0x01b94833) xor     a6, s2, s11
3 0x800086c4 (0x01b94833) x16 0x4af30164
core   0: 0xffffffff800086c8 (0xdb7da593) slti    a1, s11, -585
3 0x800086c8 (0xdb7da593) x11 0x00000001
core   0: 0xffffffff800086cc (0xf1ee7513) andi    a0, t3, -226
3 0x800086cc (0xf1ee7513) x10 0x0000011e
core   0: 0xffffffff800086d0 (0xff570713) addi    a4, a4, -11
3 0x800086d0 (0xff570713) x14 0xfffffff5
core   0: 0xffffffff800086d4 (0x00c68e33) add     t3, a3, a2
3 0x800086d4 (0x00c68e33) x28 0x80010c41
core   0: 0xffffffff800086d8 (0x00e7d5b3) srl     a1, a5, a4
3 0x800086d8 (0x00e7d5b3) x11 0x00000000
core   0: 0xffffffff800086dc (0x1955b813) sltiu   a6, a1, 405
3 0x800086dc (0x1955b813) x16 0x00000001
core   0: 0xffffffff800086e0 (0x014a4433) xor     s0, s4, s4
3 0x800086e0 (0x014a4433) x 8 0x00000000
core   0: 0xffffffff800086e4 (0x01d59e33) sll     t3, a1, t4
3 0x800086e4 (0x01d59e33) x28 0x00000000
core   0: 0xffffffff800086e8 (0x41558b33) sub     s6, a1, s5
3 0x800086e8 (0x41558b33) x22 0x0000000f
core   0: 0xffffffff800086ec (0x01cddb13) srli    s6, s11, 28
3 0x800086ec (0x01cddb13) x22 0x0000000f
core   0: 0xffffffff800086f0 (0x3f887113) andi    sp, a6, 1016
3 0x800086f0 (0x3f887113) x 2 0x00000000
core   0: 0xffffffff800086f4 (0x019f11b3) sll     gp, t5, s9
3 0x800086f4 (0x019f11b3) x 3 0x0000a100
core   0: 0xffffffff800086f8 (0x40125993) srai    s3, tp, 1
3 0x800086f8 (0x40125993) x19 0xffffed65
core   0: 0xffffffff800086fc (0x00290b33) add     s6, s2, sp
3 0x800086fc (0x00290b33) x22 0xb5983106
core   0: 0xffffffff80008700 (0x41b15a93) srai    s5, sp, 27
3 0x80008700 (0x41b15a93) x21 0x00000000
core   0: 0xffffffff80008704 (0x05f23137) lui     sp, 0x5f23
3 0x80008704 (0x05f23137) x 2 0x05f23000
core   0: 0xffffffff80008708 (0xfae3c993) xori    s3, t2, -82
3 0x80008708 (0xfae3c993) x19 0x4a47d281
core   0: 0xffffffff8000870c (0x0177e033) or      zero, a5, s7
3 0x8000870c (0x0177e033)
core   0: 0xffffffff80008710 (0x016c5c93) srli    s9, s8, 22
3 0x80008710 (0x016c5c93) x25 0x000003ff
core   0: 0xffffffff80008714 (0x39877a93) andi    s5, a4, 920
3 0x80008714 (0x39877a93) x21 0x00000390
core   0: 0xffffffff80008718 (0xe7372693) slti    a3, a4, -397
3 0x80008718 (0xe7372693) x13 0x00000000
core   0: 0xffffffff8000871c (0x00000f93) li      t6, 0
3 0x8000871c (0x00000f93) x31 0x00000000
core   0: 0xffffffff80008720 (0x80000137) lui     sp, 0x80000
3 0x80008720 (0x80000137) x 2 0x80000000
core   0: 0xffffffff80008724 (0x74daf437) lui     s0, 0x74daf
3 0x80008724 (0x74daf437) x 8 0x74daf000
core   0: 0xffffffff80008728 (0x6e540413) addi    s0, s0, 1765
3 0x80008728 (0x6e540413) x 8 0x74daf6e5
core   0: 0xffffffff8000872c (0x80000f37) lui     t5, 0x80000
3 0x8000872c (0x80000f37) x30 0x80000000
core   0: 0xffffffff80008730 (0x2882cbb7) lui     s7, 0x2882c
3 0x80008730 (0x2882cbb7) x23 0x2882c000
core   0: 0xffffffff80008734 (0x660b8b93) addi    s7, s7, 1632
3 0x80008734 (0x660b8b93) x23 0x2882c660
core   0: 0xffffffff80008738 (0x00000e13) li      t3, 0
3 0x80008738 (0x00000e13) x28 0x00000000
core   0: 0xffffffff8000873c (0x80000237) lui     tp, 0x80000
3 0x8000873c (0x80000237) x 4 0x80000000
core   0: 0xffffffff80008740 (0x80000cb7) lui     s9, 0x80000
3 0x80008740 (0x80000cb7) x25 0x80000000
core   0: 0xffffffff80008744 (0x00000b13) li      s6, 0
3 0x80008744 (0x00000b13) x22 0x00000000
core   0: 0xffffffff80008748 (0xfff00193) li      gp, -1
3 0x80008748 (0xfff00193) x 3 0xffffffff
core   0: 0xffffffff8000874c (0x00000013) nop
3 0x8000874c (0x00000013)
core   0: 0xffffffff80008750 (0x00000013) nop
3 0x80008750 (0x00000013)
core   0: 0xffffffff80008754 (0x002c8233) add     tp, s9, sp
3 0x80008754 (0x002c8233) x 4 0x00000000
core   0: 0xffffffff80008758 (0x354fbe37) lui     t3, 0x354fb
3 0x80008758 (0x354fbe37) x28 0x354fb000
core   0: 0xffffffff8000875c (0x1bcaef97) auipc   t6, 0x1bcae
3 0x8000875c (0x1bcaef97) x31 0x9bcb675c
core   0: 0xffffffff80008760 (0x402b8bb3) sub     s7, s7, sp
3 0x80008760 (0x402b8bb3) x23 0xa882c660
core   0: 0xffffffff80008764 (0x402c8433) sub     s0, s9, sp
3 0x80008764 (0x402c8433) x 8 0x00000000
core   0: 0xffffffff80008768 (0x01618bb3) add     s7, gp, s6
3 0x80008768 (0x01618bb3) x23 0xffffffff
core   0: 0xffffffff8000876c (0xf70f8413) addi    s0, t6, -144
3 0x8000876c (0xf70f8413) x 8 0x9bcb66cc
core   0: 0xffffffff80008770 (0xbc4f7137) lui     sp, 0xbc4f7
3 0x80008770 (0xbc4f7137) x 2 0xbc4f7000
core   0: 0xffffffff80008774 (0x01910fb3) add     t6, sp, s9
3 0x80008774 (0x01910fb3) x31 0x3c4f7000
core   0: 0xffffffff80008778 (0x01c40233) add     tp, s0, t3
3 0x80008778 (0x01c40233) x 4 0xd11b16cc
core   0: 0xffffffff8000877c (0x01ff0133) add     sp, t5, t6
3 0x8000877c (0x01ff0133) x 2 0xbc4f7000
core   0: 0xffffffff80008780 (0xfc06a117) auipc   sp, 0xfc06a
3 0x80008780 (0xfc06a117) x 2 0x7c072780
core   0: 0xffffffff80008784 (0x0a80ff37) lui     t5, 0xa80f
3 0x80008784 (0x0a80ff37) x30 0x0a80f000
core   0: 0xffffffff80008788 (0x41cb81b3) sub     gp, s7, t3
3 0x80008788 (0x41cb81b3) x 3 0xcab04fff
core   0: 0xffffffff8000878c (0x419e01b3) sub     gp, t3, s9
3 0x8000878c (0x419e01b3) x 3 0xb54fb000
core   0: 0xffffffff80008790 (0xf1a10c93) addi    s9, sp, -230
3 0x80008790 (0xf1a10c93) x25 0x7c07269a
core   0: 0xffffffff80008794 (0x419b8433) sub     s0, s7, s9
3 0x80008794 (0x419b8433) x 8 0x83f8d965
core   0: 0xffffffff80008798 (0xcf0f0c93) addi    s9, t5, -784
3 0x80008798 (0xcf0f0c93) x25 0x0a80ecf0
core   0: 0xffffffff8000879c (0xe4f2a237) lui     tp, 0xe4f2a
3 0x8000879c (0xe4f2a237) x 4 0xe4f2a000
core   0: 0xffffffff800087a0 (0x00000013) nop
3 0x800087a0 (0x00000013)
core   0: 0xffffffff800087a4 (0xa78ccf17) auipc   t5, 0xa78cc
3 0x800087a4 (0xa78ccf17) x30 0x278d47a4
core   0: 0xffffffff800087a8 (0x404b01b3) sub     gp, s6, tp
3 0x800087a8 (0x404b01b3) x 3 0x1b0d6000
core   0: 0xffffffff800087ac (0x18c03c97) auipc   s9, 0x18c03
3 0x800087ac (0x18c03c97) x25 0x98c0b7ac
core   0: 0xffffffff800087b0 (0xfbff8b13) addi    s6, t6, -65
3 0x800087b0 (0xfbff8b13) x22 0x3c4f6fbf
core   0: 0xffffffff800087b4 (0x00000013) nop
3 0x800087b4 (0x00000013)
core   0: 0xffffffff800087b8 (0xd5dab137) lui     sp, 0xd5dab
3 0x800087b8 (0xd5dab137) x 2 0xd5dab000
core   0: 0xffffffff800087bc (0x00457eb3) and     t4, a0, tp
3 0x800087bc (0x00457eb3) x29 0x00000000
core   0: 0xffffffff800087c0 (0x2df23c93) sltiu   s9, tp, 735
3 0x800087c0 (0x2df23c93) x25 0x00000000
core   0: 0xffffffff800087c4 (0x005e6533) or      a0, t3, t0
3 0x800087c4 (0x005e6533) x10 0x354fb000
core   0: 0xffffffff800087c8 (0x00d2c533) xor     a0, t0, a3
3 0x800087c8 (0x00d2c533) x10 0x00000000
core   0: 0xffffffff800087cc (0xe0ebe513) ori     a0, s7, -498
3 0x800087cc (0xe0ebe513) x10 0xffffffff
core   0: 0xffffffff800087d0 (0xe3aaf013) andi    zero, s5, -454
3 0x800087d0 (0xe3aaf013)
core   0: 0xffffffff800087d4 (0x001a8933) add     s2, s5, ra
3 0x800087d4 (0x001a8933) x18 0xff6b34f6
core   0: 0xffffffff800087d8 (0xde51b293) sltiu   t0, gp, -539
3 0x800087d8 (0xde51b293) x 5 0x00000001
core   0: 0xffffffff800087dc (0x0096adb3) slt     s11, a3, s1
3 0x800087dc (0x0096adb3) x27 0x00000000
core   0: 0xffffffff800087e0 (0xdbce8213) addi    tp, t4, -580
3 0x800087e0 (0xdbce8213) x 4 0xfffffdbc
core   0: 0xffffffff800087e4 (0xd7107217) auipc   tp, 0xd7107
3 0x800087e4 (0xd7107217) x 4 0x5710f7e4
core   0: 0xffffffff800087e8 (0x41c0d3b3) sra     t2, ra, t3
3 0x800087e8 (0x41c0d3b3) x 7 0xff6b3166
core   0: 0xffffffff800087ec (0x41f95913) srai    s2, s2, 31
3 0x800087ec (0x41f95913) x18 0xffffffff
core   0: 0xffffffff800087f0 (0x3b9a0693) addi    a3, s4, 953
3 0x800087f0 (0x3b9a0693) x13 0x8001509d
core   0: 0xffffffff800087f4 (0x0061e6b3) or      a3, gp, t1
3 0x800087f4 (0x0061e6b3) x13 0x9f7f7674
core   0: 0xffffffff800087f8 (0x00d062b3) or      t0, zero, a3
3 0x800087f8 (0x00d062b3) x 5 0x9f7f7674
core   0: 0xffffffff800087fc (0x41400cb3) sub     s9, zero, s4
3 0x800087fc (0x41400cb3) x25 0x7ffeb31c
core   0: 0xffffffff80008800 (0xfe6da513) slti    a0, s11, -26
3 0x80008800 (0xfe6da513) x10 0x00000000
core   0: 0xffffffff80008804 (0x00f4e033) or      zero, s1, a5
3 0x80008804 (0x00f4e033)
core   0: 0xffffffff80008808 (0x85716797) auipc   a5, 0x85716
3 0x80008808 (0x85716797) x15 0x0571e808
core   0: 0xffffffff8000880c (0xe3052897) auipc   a7, 0xe3052
3 0x8000880c (0xe3052897) x17 0x6305a80c
core   0: 0xffffffff80008810 (0x40fbdab3) sra     s5, s7, a5
3 0x80008810 (0x40fbdab3) x21 0xffffffff
core   0: 0xffffffff80008814 (0x00496db3) or      s11, s2, tp
3 0x80008814 (0x00496db3) x27 0xffffffff
core   0: 0xffffffff80008818 (0x01c9e433) or      s0, s3, t3
3 0x80008818 (0x01c9e433) x 8 0x7f4ff281
core   0: 0xffffffff8000881c (0x0aaa4913) xori    s2, s4, 170
3 0x8000881c (0x0aaa4913) x18 0x80014c4e
core   0: 0xffffffff80008820 (0x00eb52b3) srl     t0, s6, a4
3 0x80008820 (0x00eb52b3) x 5 0x000001e2
core   0: 0xffffffff80008824 (0xdbcef593) andi    a1, t4, -580
3 0x80008824 (0xdbcef593) x11 0x00000000
core   0: 0xffffffff80008828 (0x3f4ae013) ori     zero, s5, 1012
3 0x80008828 (0x3f4ae013)
core   0: 0xffffffff8000882c (0x00ffceb3) xor     t4, t6, a5
3 0x8000882c (0x00ffceb3) x29 0x393e9808
core   0: 0xffffffff80008830 (0x38324f13) xori    t5, tp, 899
3 0x80008830 (0x38324f13) x30 0x5710f467
core   0: 0xffffffff80008834 (0x4054d093) srai    ra, s1, 5
3 0x80008834 (0x4054d093) x 1 0xfc000873
core   0: 0xffffffff80008838 (0x00856ab3) or      s5, a0, s0
3 0x80008838 (0x00856ab3) x21 0x7f4ff281
core   0: 0xffffffff8000883c (0xc7445b37) lui     s6, 0xc7445
3 0x8000883c (0xc7445b37) x22 0xc7445000
core   0: 0xffffffff80008840 (0xe63aae93) slti    t4, s5, -413
3 0x80008840 (0xe63aae93) x29 0x00000000
core   0: 0xffffffff80008844 (0x014f59b3) srl     s3, t5, s4
3 0x80008844 (0x014f59b3) x19 0x05710f46
core   0: 0xffffffff80008848 (0x40b555b3) sra     a1, a0, a1
3 0x80008848 (0x40b555b3) x11 0x00000000
core   0: 0xffffffff8000884c (0x00363db3) sltu    s11, a2, gp
3 0x8000884c (0x00363db3) x27 0x00000000
core   0: 0xffffffff80008850 (0x00a2b033) sltu    zero, t0, a0
3 0x80008850 (0x00a2b033)
core   0: 0xffffffff80008854 (0x0179f033) and     zero, s3, s7
3 0x80008854 (0x0179f033)
core   0: 0xffffffff80008858 (0x00000013) nop
3 0x80008858 (0x00000013)
core   0: 0xffffffff8000885c (0x2c9a4193) xori    gp, s4, 713
3 0x8000885c (0x2c9a4193) x 3 0x80014e2d
core   0: 0xffffffff80008860 (0xe2f98993) addi    s3, s3, -465
3 0x80008860 (0xe2f98993) x19 0x05710d75
core   0: 0xffffffff80008864 (0x2e934693) xori    a3, t1, 745
3 0x80008864 (0x2e934693) x13 0x8d73349d
core   0: 0xffffffff80008868 (0x00000013) nop
3 0x80008868 (0x00000013)
core   0: 0xffffffff8000886c (0x00914db3) xor     s11, sp, s1
3 0x8000886c (0x00914db3) x27 0x55dbbe64
core   0: 0xffffffff80008870 (0x00000013) nop
3 0x80008870 (0x00000013)
core   0: 0xffffffff80008874 (0xf0ca4213) xori    tp, s4, -244
3 0x80008874 (0xf0ca4213) x 4 0x7ffeb3e8
core   0: 0xffffffff80008878 (0xdbb9a293) slti    t0, s3, -581
3 0x80008878 (0xdbb9a293) x 5 0x00000000
core   0: 0xffffffff8000887c (0x01a00ab3) add     s5, zero, s10
3 0x8000887c (0x01a00ab3) x21 0xd4922567
core   0: 0xffffffff80008880 (0x405f8ab3) sub     s5, t6, t0
3 0x80008880 (0x405f8ab3) x21 0x3c4f7000
core   0: 0xffffffff80008884 (0x30ddb893) sltiu   a7, s11, 781
3 0x80008884 (0x30ddb893) x17 0x00000000
core   0: 0xffffffff80008888 (0x015b43b3) xor     t2, s6, s5
3 0x80008888 (0x015b43b3) x 7 0xfb0b2000
core   0: 0xffffffff8000888c (0x01444c33) xor     s8, s0, s4
3 0x8000888c (0x01444c33) x24 0xff4ebe65
core   0: 0xffffffff80008890 (0x002d7eb3) and     t4, s10, sp
3 0x80008890 (0x002d7eb3) x29 0xd4922000
core   0: 0xffffffff80008894 (0x096cbb13) sltiu   s6, s9, 150
3 0x80008894 (0x096cbb13) x22 0x00000000
core   0: 0xffffffff80008898 (0x01ed7c33) and     s8, s10, t5
3 0x80008898 (0x01ed7c33) x24 0x54102467
core   0: 0xffffffff8000889c (0xec48c413) xori    s0, a7, -316
3 0x8000889c (0xec48c413) x 8 0xfffffec4
core   0: 0xffffffff800088a0 (0x4096d413) srai    s0, a3, 9
3 0x800088a0 (0x4096d413) x 8 0xffc6b99a
core   0: 0xffffffff800088a4 (0x00f54bb3) xor     s7, a0, a5
3 0x800088a4 (0x00f54bb3) x23 0x0571e808
core   0: 0xffffffff800088a8 (0x027b7293) andi    t0, s6, 39
3 0x800088a8 (0x027b7293) x 5 0x00000000
core   0: 0xffffffff800088ac (0x0011a733) slt     a4, gp, ra
3 0x800088ac (0x0011a733) x14 0x00000001
core   0: 0xffffffff800088b0 (0x0009f033) and     zero, s3, zero
3 0x800088b0 (0x0009f033)
core   0: 0xffffffff800088b4 (0xc4628b93) addi    s7, t0, -954
3 0x800088b4 (0xc4628b93) x23 0xfffffc46
core   0: 0xffffffff800088b8 (0x00000013) nop
3 0x800088b8 (0x00000013)
core   0: 0xffffffff800088bc (0xdd1fa993) slti    s3, t6, -559
3 0x800088bc (0xdd1fa993) x19 0x00000000
core   0: 0xffffffff800088c0 (0x00d97f33) and     t5, s2, a3
3 0x800088c0 (0x00d97f33) x30 0x8001040c
core   0: 0xffffffff800088c4 (0x013e60b3) or      ra, t3, s3
3 0x800088c4 (0x013e60b3) x 1 0x354fb000
core   0: 0xffffffff800088c8 (0x019996b3) sll     a3, s3, s9
3 0x800088c8 (0x019996b3) x13 0x00000000
core   0: 0xffffffff800088cc (0x01f25cb3) srl     s9, tp, t6
3 0x800088cc (0x01f25cb3) x25 0x7ffeb3e8
core   0: 0xffffffff800088d0 (0x00d60eb3) add     t4, a2, a3
3 0x800088d0 (0x00d60eb3) x29 0xfffffffe
core   0: 0xffffffff800088d4 (0x0020e133) or      sp, ra, sp
3 0x800088d4 (0x0020e133) x 2 0xf5dfb000
core   0: 0xffffffff800088d8 (0x0104d793) srli    a5, s1, 16
3 0x800088d8 (0x0104d793) x15 0x00008001
core   0: 0xffffffff800088dc (0x007affb3) and     t6, s5, t2
3 0x800088dc (0x007affb3) x31 0x380b2000
core   0: 0xffffffff800088e0 (0xf4730193) addi    gp, t1, -185
3 0x800088e0 (0xf4730193) x 3 0x8d7335bb
core   0: 0xffffffff800088e4 (0x00e1f5b3) and     a1, gp, a4
3 0x800088e4 (0x00e1f5b3) x11 0x00000001
core   0: 0xffffffff800088e8 (0xe8711137) lui     sp, 0xe8711
3 0x800088e8 (0xe8711137) x 2 0xe8711000
core   0: 0xffffffff800088ec (0x2b24ba93) sltiu   s5, s1, 690
3 0x800088ec (0x2b24ba93) x21 0x00000000
core   0: 0xffffffff800088f0 (0xf9310513) addi    a0, sp, -109
3 0x800088f0 (0xf9310513) x10 0xe8710f93
core   0: 0xffffffff800088f4 (0x16528397) auipc   t2, 0x16528
3 0x800088f4 (0x16528397) x 7 0x965308f4
core   0: 0xffffffff800088f8 (0x36d3b213) sltiu   tp, t2, 877
3 0x800088f8 (0x36d3b213) x 4 0x00000000
core   0: 0xffffffff800088fc (0xec686f93) ori     t6, a6, -314
3 0x800088fc (0xec686f93) x31 0xfffffec7
core   0: 0xffffffff80008900 (0x03e47913) andi    s2, s0, 62
3 0x80008900 (0x03e47913) x18 0x0000001a
core   0: 0xffffffff80008904 (0xe9f34197) auipc   gp, 0xe9f34
3 0x80008904 (0xe9f34197) x 3 0x69f3c904
core   0: 0xffffffff80008908 (0xf7cd6393) ori     t2, s10, -132
3 0x80008908 (0xf7cd6393) x 7 0xffffff7f
core   0: 0xffffffff8000890c (0x01aa48b3) xor     a7, s4, s10
3 0x8000890c (0x01aa48b3) x17 0x54936983
core   0: 0xffffffff80008910 (0xfb427c37) lui     s8, 0xfb427
3 0x80008910 (0xfb427c37) x24 0xfb427000
core   0: 0xffffffff80008914 (0x019f0533) add     a0, t5, s9
3 0x80008914 (0x019f0533) x10 0xffffb7f4
core   0: 0xffffffff80008918 (0x25177a93) andi    s5, a4, 593
3 0x80008918 (0x25177a93) x21 0x00000001
core   0: 0xffffffff8000891c (0x00041133) sll     sp, s0, zero
3 0x8000891c (0x00041133) x 2 0xffc6b99a
core   0: 0xffffffff80008920 (0x000daa93) slti    s5, s11, 0
3 0x80008920 (0x000daa93) x21 0x00000000
core   0: 0xffffffff80008924 (0xe29f2093) slti    ra, t5, -471
3 0x80008924 (0xe29f2093) x 1 0x00000001
core   0: 0xffffffff80008928 (0x00770cb3) add     s9, a4, t2
3 0x80008928 (0x00770cb3) x25 0xffffff80
core   0: 0xffffffff8000892c (0x3f352813) slti    a6, a0, 1011
3 0x8000892c (0x3f352813) x16 0x00000001
core   0: 0xffffffff80008930 (0x01897c33) and     s8, s2, s8
3 0x80008930 (0x01897c33) x24 0x00000000
core   0: 0xffffffff80008934 (0x015bdd93) srli    s11, s7, 21
3 0x80008934 (0x015bdd93) x27 0x000007ff
core   0: 0xffffffff80008938 (0x00b0f033) and     zero, ra, a1
3 0x80008938 (0x00b0f033)
core   0: 0xffffffff8000893c (0x019a3433) sltu    s0, s4, s9
3 0x8000893c (0x019a3433) x 8 0x00000001
core   0: 0xffffffff80008940 (0x297fe093) ori     ra, t6, 663
3 0x80008940 (0x297fe093) x 1 0xfffffed7
core   0: 0xffffffff80008944 (0xdb03a793) slti    a5, t2, -592
3 0x80008944 (0xdb03a793) x15 0x00000000
core   0: 0xffffffff80008948 (0x0120b1b3) sltu    gp, ra, s2
3 0x80008948 (0x0120b1b3) x 3 0x00000000
core   0: 0xffffffff8000894c (0x009be0b3) or      ra, s7, s1
3 0x8000894c (0x009be0b3) x 1 0xfffffe66
core   0: 0xffffffff80008950 (0x40560c33) sub     s8, a2, t0
3 0x80008950 (0x40560c33) x24 0xfffffffe
core   0: 0xffffffff80008954 (0xc5a3c793) xori    a5, t2, -934
3 0x80008954 (0xc5a3c793) x15 0x00000325
core   0: 0xffffffff80008958 (0x008ad333) srl     t1, s5, s0
3 0x80008958 (0x008ad333) x 6 0x00000000
core   0: 0xffffffff8000895c (0x402003b3) sub     t2, zero, sp
3 0x8000895c (0x402003b3) x 7 0x00394666
core   0: 0xffffffff80008960 (0x409a0c33) sub     s8, s4, s1
3 0x80008960 (0x409a0c33) x24 0x00003e80
core   0: 0xffffffff80008964 (0x00088933) add     s2, a7, zero
3 0x80008964 (0x00088933) x18 0x54936983
core   0: 0xffffffff80008968 (0xe06a6817) auipc   a6, 0xe06a6
3 0x80008968 (0xe06a6817) x16 0x606ae968
core   0: 0xffffffff8000896c (0x01595133) srl     sp, s2, s5
3 0x8000896c (0x01595133) x 2 0x54936983
core   0: 0xffffffff80008970 (0x0003e9b3) or      s3, t2, zero
3 0x80008970 (0x0003e9b3) x19 0x00394666
core   0: 0xffffffff80008974 (0x00bb0633) add     a2, s6, a1
3 0x80008974 (0x00bb0633) x12 0x00000001
core   0: 0xffffffff80008978 (0x41015293) srai    t0, sp, 16
3 0x80008978 (0x41015293) x 5 0x00005493
core   0: 0xffffffff8000897c (0xe30dbc93) sltiu   s9, s11, -464
3 0x8000897c (0xe30dbc93) x25 0x00000001
core   0: 0xffffffff80008980 (0x01e0e233) or      tp, ra, t5
3 0x80008980 (0x01e0e233) x 4 0xfffffe6e
core   0: 0xffffffff80008984 (0x01260333) add     t1, a2, s2
3 0x80008984 (0x01260333) x 6 0x54936984
core   0: 0xffffffff80008988 (0x62c8d297) auipc   t0, 0x62c8d
3 0x80008988 (0x62c8d297) x 5 0xe2c95988
core   0: 0xffffffff8000898c (0x40a0d393) srai    t2, ra, 10
3 0x8000898c (0x40a0d393) x 7 0xffffffff
core   0: 0xffffffff80008990 (0x00c44433) xor     s0, s0, a2
3 0x80008990 (0x00c44433) x 8 0x00000000
core   0: 0xffffffff80008994 (0x40640233) sub     tp, s0, t1
3 0x80008994 (0x40640233) x 4 0xab6c967c
core   0: 0xffffffff80008998 (0x317b8e13) addi    t3, s7, 791
3 0x80008998 (0x317b8e13) x28 0xffffff5d
core   0: 0xffffffff8000899c (0x019b4233) xor     tp, s6, s9
3 0x8000899c (0x019b4233) x 4 0x00000001
core   0: 0xffffffff800089a0 (0x84598797) auipc   a5, 0x84598
3 0x800089a0 (0x84598797) x15 0x045a09a0
core   0: 0xffffffff800089a4 (0x00660833) add     a6, a2, t1
3 0x800089a4 (0x00660833) x16 0x54936985
core   0: 0xffffffff800089a8 (0x01c4fcb3) and     s9, s1, t3
3 0x800089a8 (0x01c4fcb3) x25 0x80010e44
core   0: 0xffffffff800089ac (0x40880cb3) sub     s9, a6, s0
3 0x800089ac (0x40880cb3) x25 0x54936985
core   0: 0xffffffff800089b0 (0xbec05c97) auipc   s9, 0xbec05
3 0x800089b0 (0xbec05c97) x25 0x3ec0d9b0
core   0: 0xffffffff800089b4 (0x01011213) slli    tp, sp, 16
3 0x800089b4 (0x01011213) x 4 0x69830000
core   0: 0xffffffff800089b8 (0x3245b817) auipc   a6, 0x3245b
3 0x800089b8 (0x3245b817) x16 0xb24639b8
core   0: 0xffffffff800089bc (0x4d2a95b7) lui     a1, 0x4d2a9
3 0x800089bc (0x4d2a95b7) x11 0x4d2a9000
core   0: 0xffffffff800089c0 (0x00a19033) sll     zero, gp, a0
3 0x800089c0 (0x00a19033)
core   0: 0xffffffff800089c4 (0x00000013) nop
3 0x800089c4 (0x00000013)
core   0: 0xffffffff800089c8 (0xc2be6f93) ori     t6, t3, -981
3 0x800089c8 (0xc2be6f93) x31 0xffffff7f
core   0: 0xffffffff800089cc (0x00a695b3) sll     a1, a3, a0
3 0x800089cc (0x00a695b3) x11 0x00000000
core   0: 0xffffffff800089d0 (0x001105b3) add     a1, sp, ra
3 0x800089d0 (0x001105b3) x11 0x549367e9
core   0: 0xffffffff800089d4 (0x00ad83b3) add     t2, s11, a0
3 0x800089d4 (0x00ad83b3) x 7 0xffffbff3
core   0: 0xffffffff800089d8 (0x0d926313) ori     t1, tp, 217
3 0x800089d8 (0x0d926313) x 6 0x698300d9
core   0: 0xffffffff800089dc (0x08f84c13) xori    s8, a6, 143
3 0x800089dc (0x08f84c13) x24 0xb2463937
core   0: 0xffffffff800089e0 (0xe8920313) addi    t1, tp, -375
3 0x800089e0 (0xe8920313) x 6 0x6982fe89
core   0: 0xffffffff800089e4 (0x40228e33) sub     t3, t0, sp
3 0x800089e4 (0x40228e33) x28 0x8e35f005
core   0: 0xffffffff800089e8 (0x5ff5e817) auipc   a6, 0x5ff5e
3 0x800089e8 (0x5ff5e817) x16 0xdff669e8
core   0: 0xffffffff800089ec (0x1510be93) sltiu   t4, ra, 337
3 0x800089ec (0x1510be93) x29 0x00000000
core   0: 0xffffffff800089f0 (0x00e09413) slli    s0, ra, 14
3 0x800089f0 (0x00e09413) x 8 0xff998000
core   0: 0xffffffff800089f4 (0x00f74733) xor     a4, a4, a5
3 0x800089f4 (0x00f74733) x14 0x045a09a1
core   0: 0xffffffff800089f8 (0xc17c6413) ori     s0, s8, -1001
3 0x800089f8 (0xc17c6413) x 8 0xfffffd37
core   0: 0xffffffff800089fc (0x21c1c593) xori    a1, gp, 540
3 0x800089fc (0x21c1c593) x11 0x0000021c
core   0: 0xffffffff80008a00 (0x013f5b33) srl     s6, t5, s3
3 0x80008a00 (0x013f5b33) x22 0x02000410
core   0: 0xffffffff80008a04 (0x01a77f93) andi    t6, a4, 26
3 0x80008a04 (0x01a77f93) x31 0x00000000
core   0: 0xffffffff80008a08 (0xdce12313) slti    t1, sp, -562
3 0x80008a08 (0xdce12313) x 6 0x00000000
core   0: 0xffffffff80008a0c (0x003565b3) or      a1, a0, gp
3 0x80008a0c (0x003565b3) x11 0xffffb7f4
core   0: 0xffffffff80008a10 (0x01e9f1b3) and     gp, s3, t5
3 0x80008a10 (0x01e9f1b3) x 3 0x00010404
core   0: 0xffffffff80008a14 (0x010928b3) slt     a7, s2, a6
3 0x80008a14 (0x010928b3) x17 0x00000000
core   0: 0xffffffff80008a18 (0x01d3deb3) srl     t4, t2, t4
3 0x80008a18 (0x01d3deb3) x29 0xffffbff3
core   0: 0xffffffff80008a1c (0x01735b33) srl     s6, t1, s7
3 0x80008a1c (0x01735b33) x22 0x00000000
core   0: 0xffffffff80008a20 (0xc4710c93) addi    s9, sp, -953
3 0x80008a20 (0xc4710c93) x25 0x549365ca
core   0: 0xffffffff80008a24 (0x009c4cb3) xor     s9, s8, s1
3 0x80008a24 (0x009c4cb3) x25 0x32473753
core   0: 0xffffffff80008a28 (0xf001f293) andi    t0, gp, -256
3 0x80008a28 (0xf001f293) x 5 0x00010400
core   0: 0xffffffff80008a2c (0x01917eb3) and     t4, sp, s9
3 0x80008a2c (0x01917eb3) x29 0x10032103
core   0: 0xffffffff80008a30 (0x33a4e213) ori     tp, s1, 826
3 0x80008a30 (0x33a4e213) x 4 0x80010f7e
core   0: 0xffffffff80008a34 (0x008fc033) xor     zero, t6, s0
3 0x80008a34 (0x008fc033)
core   0: 0xffffffff80008a38 (0x0fc30e93) addi    t4, t1, 252
3 0x80008a38 (0x0fc30e93) x29 0x000000fc
core   0: 0xffffffff80008a3c (0x27b47693) andi    a3, s0, 635
3 0x80008a3c (0x27b47693) x13 0x00000033
core   0: 0xffffffff80008a40 (0xd5c7a613) slti    a2, a5, -676
3 0x80008a40 (0xd5c7a613) x12 0x00000000
core   0: 0xffffffff80008a44 (0x002cedb3) or      s11, s9, sp
3 0x80008a44 (0x002cedb3) x27 0x76d77fd3
core   0: 0xffffffff80008a48 (0x402d0133) sub     sp, s10, sp
3 0x80008a48 (0x402d0133) x 2 0x7ffebbe4
core   0: 0xffffffff80008a4c (0x1dfd0217) auipc   tp, 0x1dfd0
3 0x80008a4c (0x1dfd0217) x 4 0x9dfd8a4c
core   0: 0xffffffff80008a50 (0x002751b3) srl     gp, a4, sp
3 0x80008a50 (0x002751b3) x 3 0x0045a09a
core   0: 0xffffffff80008a54 (0xfc0cec93) ori     s9, s9, -64
3 0x80008a54 (0xfc0cec93) x25 0xffffffd3
core   0: 0xffffffff80008a58 (0x41ce5513) srai    a0, t3, 28
3 0x80008a58 (0x41ce5513) x10 0xfffffff8
core   0: 0xffffffff80008a5c (0x068b3c93) sltiu   s9, s6, 104
3 0x80008a5c (0x068b3c93) x25 0x00000001
core   0: 0xffffffff80008a60 (0x01176c33) or      s8, a4, a7
3 0x80008a60 (0x01176c33) x24 0x045a09a1
core   0: 0xffffffff80008a64 (0x010b2133) slt     sp, s6, a6
3 0x80008a64 (0x010b2133) x 2 0x00000000
core   0: 0xffffffff80008a68 (0x007fafb3) slt     t6, t6, t2
3 0x80008a68 (0x007fafb3) x31 0x00000000
core   0: 0xffffffff80008a6c (0x018f80b3) add     ra, t6, s8
3 0x80008a6c (0x018f80b3) x 1 0x045a09a1
core   0: 0xffffffff80008a70 (0x01e33e33) sltu    t3, t1, t5
3 0x80008a70 (0x01e33e33) x28 0x00000001
core   0: 0xffffffff80008a74 (0x00d63e33) sltu    t3, a2, a3
3 0x80008a74 (0x00d63e33) x28 0x00000001
core   0: 0xffffffff80008a78 (0xe9674e93) xori    t4, a4, -362
3 0x80008a78 (0xe9674e93) x29 0xfba5f737
core   0: 0xffffffff80008a7c (0x000f48b3) xor     a7, t5, zero
3 0x80008a7c (0x000f48b3) x17 0x8001040c
core   0: 0xffffffff80008a80 (0x293ae013) ori     zero, s5, 659
3 0x80008a80 (0x293ae013)
core   0: 0xffffffff80008a84 (0x00000013) nop
3 0x80008a84 (0x00000013)
core   0: 0xffffffff80008a88 (0x00000013) nop
3 0x80008a88 (0x00000013)
core   0: 0xffffffff80008a8c (0xee90b893) sltiu   a7, ra, -279
3 0x80008a8c (0xee90b893) x17 0x00000001
core   0: 0xffffffff80008a90 (0xea29fb13) andi    s6, s3, -350
3 0x80008a90 (0xea29fb13) x22 0x00394622
core   0: 0xffffffff80008a94 (0x00ff9893) slli    a7, t6, 15
3 0x80008a94 (0x00ff9893) x17 0x00000000
core   0: 0xffffffff80008a98 (0x006fd013) srli    zero, t6, 6
3 0x80008a98 (0x006fd013)
core   0: 0xffffffff80008a9c (0x00f0d793) srli    a5, ra, 15
3 0x80008a9c (0x00f0d793) x15 0x000008b4
core   0: 0xffffffff80008aa0 (0x407a8f33) sub     t5, s5, t2
3 0x80008aa0 (0x407a8f33) x30 0x0000400d
core   0: 0xffffffff80008aa4 (0x01a266b3) or      a3, tp, s10
3 0x80008aa4 (0x01a266b3) x13 0xddffaf6f
core   0: 0xffffffff80008aa8 (0x40915ab3) sra     s5, sp, s1
3 0x80008aa8 (0x40915ab3) x21 0x00000000
core   0: 0xffffffff80008aac (0x0061d333) srl     t1, gp, t1
3 0x80008aac (0x0061d333) x 6 0x0045a09a
core   0: 0xffffffff80008ab0 (0x41efde13) srai    t3, t6, 30
3 0x80008ab0 (0x41efde13) x28 0x00000000
core   0: 0xffffffff80008ab4 (0x00000013) nop
3 0x80008ab4 (0x00000013)
core   0: 0xffffffff80008ab8 (0x01239eb3) sll     t4, t2, s2
3 0x80008ab8 (0x01239eb3) x29 0xfffdff98
core   0: 0xffffffff80008abc (0x51898eb7) lui     t4, 0x51898
3 0x80008abc (0x51898eb7) x29 0x51898000
core   0: 0xffffffff80008ac0 (0x3b1ee613) ori     a2, t4, 945
3 0x80008ac0 (0x3b1ee613) x12 0x518983b1
core   0: 0xffffffff80008ac4 (0xe7b9b593) sltiu   a1, s3, -389
3 0x80008ac4 (0xe7b9b593) x11 0x00000001
core   0: 0xffffffff80008ac8 (0xe591f413) andi    s0, gp, -423
3 0x80008ac8 (0xe591f413) x 8 0x0045a018
core   0: 0xffffffff80008acc (0x01052fb3) slt     t6, a0, a6
3 0x80008acc (0x01052fb3) x31 0x00000000
core   0: 0xffffffff80008ad0 (0xea510f13) addi    t5, sp, -347
3 0x80008ad0 (0xea510f13) x30 0xfffffea5
core   0: 0xffffffff80008ad4 (0x41b25893) srai    a7, tp, 27
3 0x80008ad4 (0x41b25893) x17 0xfffffff3
core   0: 0xffffffff80008ad8 (0x01ee42b3) xor     t0, t3, t5
3 0x80008ad8 (0x01ee42b3) x 5 0xfffffea5
core   0: 0xffffffff80008adc (0xcb1bef93) ori     t6, s7, -847
3 0x80008adc (0xcb1bef93) x31 0xfffffcf7
core   0: 0xffffffff80008ae0 (0x00f5be33) sltu    t3, a1, a5
3 0x80008ae0 (0x00f5be33) x28 0x00000001
core   0: 0xffffffff80008ae4 (0xdafde993) ori     s3, s11, -593
3 0x80008ae4 (0xdafde993) x19 0xffffffff
core   0: 0xffffffff80008ae8 (0x9992d837) lui     a6, 0x9992d
3 0x80008ae8 (0x9992d837) x16 0x9992d000
core   0: 0xffffffff80008aec (0x013c8eb3) add     t4, s9, s3
3 0x80008aec (0x013c8eb3) x29 0x00000000
core   0: 0xffffffff80008af0 (0x007effb3) and     t6, t4, t2
3 0x80008af0 (0x007effb3) x31 0x00000000
core   0: 0xffffffff80008af4 (0x01da25b3) slt     a1, s4, t4
3 0x80008af4 (0x01da25b3) x11 0x00000001
core   0: 0xffffffff80008af8 (0x016f5f13) srli    t5, t5, 22
3 0x80008af8 (0x016f5f13) x30 0x000003ff
core   0: 0xffffffff80008afc (0x002bcc33) xor     s8, s7, sp
3 0x80008afc (0x002bcc33) x24 0xfffffc46
core   0: 0xffffffff80008b00 (0x004e1813) slli    a6, t3, 4
3 0x80008b00 (0x004e1813) x16 0x00000010
core   0: 0xffffffff80008b04 (0x01e95393) srli    t2, s2, 30
3 0x80008b04 (0x01e95393) x 7 0x00000001
core   0: 0xffffffff80008b08 (0x012b2733) slt     a4, s6, s2
3 0x80008b08 (0x012b2733) x14 0x00000001
core   0: 0xffffffff80008b0c (0x00640533) add     a0, s0, t1
3 0x80008b0c (0x00640533) x10 0x008b40b2
core   0: 0xffffffff80008b10 (0x01ccb6b3) sltu    a3, s9, t3
3 0x80008b10 (0x01ccb6b3) x13 0x00000000
core   0: 0xffffffff80008b14 (0x00c85b93) srli    s7, a6, 12
3 0x80008b14 (0x00c85b93) x23 0x00000000
core   0: 0xffffffff80008b18 (0x1b867a93) andi    s5, a2, 440
3 0x80008b18 (0x1b867a93) x21 0x000001b0
core   0: 0xffffffff80008b1c (0xf3fa8893) addi    a7, s5, -193
3 0x80008b1c (0xf3fa8893) x17 0x000000ef
core   0: 0xffffffff80008b20 (0x41e9d513) srai    a0, s3, 30
3 0x80008b20 (0x41e9d513) x10 0xffffffff
core   0: 0xffffffff80008b24 (0x195bf893) andi    a7, s7, 405
3 0x80008b24 (0x195bf893) x17 0x00000000
core   0: 0xffffffff80008b28 (0xd50185b7) lui     a1, 0xd5018
3 0x80008b28 (0xd50185b7) x11 0xd5018000
core   0: 0xffffffff80008b2c (0x008de3b3) or      t2, s11, s0
3 0x80008b2c (0x008de3b3) x 7 0x76d7ffdb
core   0: 0xffffffff80008b30 (0x18a40b93) addi    s7, s0, 394
3 0x80008b30 (0x18a40b93) x23 0x0045a1a2
core   0: 0xffffffff80008b34 (0x4009da93) srai    s5, s3, 0
3 0x80008b34 (0x4009da93) x21 0xffffffff
core   0: 0xffffffff80008b38 (0x01d7db13) srli    s6, a5, 29
3 0x80008b38 (0x01d7db13) x22 0x00000000
core   0: 0xffffffff80008b3c (0x00469033) sll     zero, a3, tp
3 0x80008b3c (0x00469033)
core   0: 0xffffffff80008b40 (0xa2584417) auipc   s0, 0xa2584
3 0x80008b40 (0xa2584417) x 8 0x2258cb40
core   0: 0xffffffff80008b44 (0x01f91593) slli    a1, s2, 31
3 0x80008b44 (0x01f91593) x11 0x80000000
core   0: 0xffffffff80008b48 (0x016466b3) or      a3, s0, s6
3 0x80008b48 (0x016466b3) x13 0x2258cb40
core   0: 0xffffffff80008b4c (0x41fad213) srai    tp, s5, 31
3 0x80008b4c (0x41fad213) x 4 0xffffffff
core   0: 0xffffffff80008b50 (0x41bcd893) srai    a7, s9, 27
3 0x80008b50 (0x41bcd893) x17 0x00000000
core   0: 0xffffffff80008b54 (0xc0c4a513) slti    a0, s1, -1012
3 0x80008b54 (0xc0c4a513) x10 0x00000001
core   0: 0xffffffff80008b58 (0x2ada7593) andi    a1, s4, 685
3 0x80008b58 (0x2ada7593) x11 0x000000a4
core   0: 0xffffffff80008b5c (0x2bbc6613) ori     a2, s8, 699
3 0x80008b5c (0x2bbc6613) x12 0xfffffeff
core   0: 0xffffffff80008b60 (0x41725bb3) sra     s7, tp, s7
3 0x80008b60 (0x41725bb3) x23 0xffffffff
core   0: 0xffffffff80008b64 (0x018de833) or      a6, s11, s8
3 0x80008b64 (0x018de833) x16 0xffffffd7
core   0: 0xffffffff80008b68 (0xd813e613) ori     a2, t2, -639
3 0x80008b68 (0xd813e613) x12 0xffffffdb
core   0: 0xffffffff80008b6c (0x0755ae93) slti    t4, a1, 117
3 0x80008b6c (0x0755ae93) x29 0x00000000
core   0: 0xffffffff80008b70 (0xc7c07993) andi    s3, zero, -900
3 0x80008b70 (0xc7c07993) x19 0x00000000
core   0: 0xffffffff80008b74 (0x40ed5fb3) sra     t6, s10, a4
3 0x80008b74 (0x40ed5fb3) x31 0xea4912b3
core   0: 0xffffffff80008b78 (0x012810b3) sll     ra, a6, s2
3 0x80008b78 (0x012810b3) x 1 0xfffffeb8
core   0: 0xffffffff80008b7c (0x107f4313) xori    t1, t5, 263
3 0x80008b7c (0x107f4313) x 6 0x000002f8
core   0: 0xffffffff80008b80 (0x012bf833) and     a6, s7, s2
3 0x80008b80 (0x012bf833) x16 0x54936983
core   0: 0xffffffff80008b84 (0x0bd3ce13) xori    t3, t2, 189
3 0x80008b84 (0x0bd3ce13) x28 0x76d7ff66
core   0: 0xffffffff80008b88 (0x01c87f33) and     t5, a6, t3
3 0x80008b88 (0x01c87f33) x30 0x54936902
core   0: 0xffffffff80008b8c (0x01985593) srli    a1, a6, 25
3 0x80008b8c (0x01985593) x11 0x0000002a
core   0: 0xffffffff80008b90 (0x01291613) slli    a2, s2, 18
3 0x80008b90 (0x01291613) x12 0xa60c0000
core   0: 0xffffffff80008b94 (0x012ed1b3) srl     gp, t4, s2
3 0x80008b94 (0x012ed1b3) x 3 0x00000000
core   0: 0xffffffff80008b98 (0x006bd933) srl     s2, s7, t1
3 0x80008b98 (0x006bd933) x18 0x000000ff
core   0: 0xffffffff80008b9c (0x00aa5713) srli    a4, s4, 10
3 0x80008b9c (0x00aa5713) x14 0x00200053
core   0: 0xffffffff80008ba0 (0x2b3ecb13) xori    s6, t4, 691
3 0x80008ba0 (0x2b3ecb13) x22 0x000002b3
core   0: 0xffffffff80008ba4 (0x405d8fb3) sub     t6, s11, t0
3 0x80008ba4 (0x405d8fb3) x31 0x76d7812e
core   0: 0xffffffff80008ba8 (0x001af333) and     t1, s5, ra
3 0x80008ba8 (0x001af333) x 6 0xfffffeb8
core   0: 0xffffffff80008bac (0x00e312b3) sll     t0, t1, a4
3 0x80008bac (0x00e312b3) x 5 0xf5c00000
core   0: 0xffffffff80008bb0 (0x00000013) nop
3 0x80008bb0 (0x00000013)
core   0: 0xffffffff80008bb4 (0x404750b3) sra     ra, a4, tp
3 0x80008bb4 (0x404750b3) x 1 0x00000000
core   0: 0xffffffff80008bb8 (0x408e82b3) sub     t0, t4, s0
3 0x80008bb8 (0x408e82b3) x 5 0xdda734c0
core   0: 0xffffffff80008bbc (0x41f0d813) srai    a6, ra, 31
3 0x80008bbc (0x41f0d813) x16 0x00000000
core   0: 0xffffffff80008bc0 (0xe00fb393) sltiu   t2, t6, -512
3 0x80008bc0 (0xe00fb393) x 7 0x00000001
core   0: 0xffffffff80008bc4 (0x00ae38b3) sltu    a7, t3, a0
3 0x80008bc4 (0x00ae38b3) x17 0x00000000
core   0: 0xffffffff80008bc8 (0x01f05a93) srli    s5, zero, 31
3 0x80008bc8 (0x01f05a93) x21 0x00000000
core   0: 0xffffffff80008bcc (0x018a6b33) or      s6, s4, s8
3 0x80008bcc (0x018a6b33) x22 0xfffffce6
core   0: 0xffffffff80008bd0 (0x018a1b13) slli    s6, s4, 24
3 0x80008bd0 (0x018a1b13) x22 0xe4000000
core   0: 0xffffffff80008bd4 (0x93151d97) auipc   s11, 0x93151
3 0x80008bd4 (0x93151d97) x27 0x13159bd4
core   0: 0xffffffff80008bd8 (0xe5b3c513) xori    a0, t2, -421
3 0x80008bd8 (0xe5b3c513) x10 0xfffffe5a
core   0: 0xffffffff80008bdc (0x400f88b3) sub     a7, t6, zero
3 0x80008bdc (0x400f88b3) x17 0x76d7812e
core   0: 0xffffffff80008be0 (0x01ba9b93) slli    s7, s5, 27
3 0x80008be0 (0x01ba9b93) x23 0x00000000
core   0: 0xffffffff80008be4 (0xd5d757b7) lui     a5, 0xd5d75
3 0x80008be4 (0xd5d757b7) x15 0xd5d75000
core   0: 0xffffffff80008be8 (0xfbc8ffb7) lui     t6, 0xfbc8f
3 0x80008be8 (0xfbc8ffb7) x31 0xfbc8f000
core   0: 0xffffffff80008bec (0xf3226e93) ori     t4, tp, -206
3 0x80008bec (0xf3226e93) x29 0xffffffff
core   0: 0xffffffff80008bf0 (0xea1a6c13) ori     s8, s4, -351
3 0x80008bf0 (0xea1a6c13) x24 0xfffffee5
core   0: 0xffffffff80008bf4 (0x12a73b37) lui     s6, 0x12a73
3 0x80008bf4 (0x12a73b37) x22 0x12a73000
core   0: 0xffffffff80008bf8 (0x40a70cb3) sub     s9, a4, a0
3 0x80008bf8 (0x40a70cb3) x25 0x002001f9
core   0: 0xffffffff80008bfc (0x01d8c1b3) xor     gp, a7, t4
3 0x80008bfc (0x01d8c1b3) x 3 0x89287ed1
core   0: 0xffffffff80008c00 (0x00169e13) slli    t3, a3, 1
3 0x80008c00 (0x00169e13) x28 0x44b19680
core   0: 0xffffffff80008c04 (0x007856b3) srl     a3, a6, t2
3 0x80008c04 (0x007856b3) x13 0x00000000
core   0: 0xffffffff80008c08 (0xf7823893) sltiu   a7, tp, -136
3 0x80008c08 (0xf7823893) x17 0x00000000
core   0: 0xffffffff80008c0c (0x40e1df93) srai    t6, gp, 14
3 0x80008c0c (0x40e1df93) x31 0xfffe24a1
core   0: 0xffffffff80008c10 (0xd6353717) auipc   a4, 0xd6353
3 0x80008c10 (0xd6353717) x14 0x5635bc10
core   0: 0xffffffff80008c14 (0x410dd613) srai    a2, s11, 16
3 0x80008c14 (0x410dd613) x12 0x00001315
core   0: 0xffffffff80008c18 (0x01ca9993) slli    s3, s5, 28
3 0x80008c18 (0x01ca9993) x19 0x00000000
core   0: 0xffffffff80008c1c (0x00de15b3) sll     a1, t3, a3
3 0x80008c1c (0x00de15b3) x11 0x44b19680
core   0: 0xffffffff80008c20 (0x00bcb3b3) sltu    t2, s9, a1
3 0x80008c20 (0x00bcb3b3) x 7 0x00000001
core   0: 0xffffffff80008c24 (0x017f6eb3) or      t4, t5, s7
3 0x80008c24 (0x017f6eb3) x29 0x54936902
core   0: 0xffffffff80008c28 (0x01366cb3) or      s9, a2, s3
3 0x80008c28 (0x01366cb3) x25 0x00001315
core   0: 0xffffffff80008c2c (0x416f00b3) sub     ra, t5, s6
3 0x80008c2c (0x416f00b3) x 1 0x41ec3902
core   0: 0xffffffff80008c30 (0xf6f40893) addi    a7, s0, -145
3 0x80008c30 (0xf6f40893) x17 0x2258caaf
core   0: 0xffffffff80008c34 (0x00dd9593) slli    a1, s11, 13
3 0x80008c34 (0x00dd9593) x11 0xb37a8000
core   0: 0xffffffff80008c38 (0x05c7ae13) slti    t3, a5, 92
3 0x80008c38 (0x05c7ae13) x28 0x00000001
core   0: 0xffffffff80008c3c (0x4045d633) sra     a2, a1, tp
3 0x80008c3c (0x4045d633) x12 0xffffffff
core   0: 0xffffffff80008c40 (0x00de1d93) slli    s11, t3, 13
3 0x80008c40 (0x00de1d93) x27 0x00002000
core   0: 0xffffffff80008c44 (0x0020c2b3) xor     t0, ra, sp
3 0x80008c44 (0x0020c2b3) x 5 0x41ec3902
core   0: 0xffffffff80008c48 (0x005cc933) xor     s2, s9, t0
3 0x80008c48 (0x005cc933) x18 0x41ec2a17
core   0: 0xffffffff80008c4c (0x00015713) srli    a4, sp, 0
3 0x80008c4c (0x00015713) x14 0x00000000
core   0: 0xffffffff80008c50 (0x000bd133) srl     sp, s7, zero
3 0x80008c50 (0x000bd133) x 2 0x00000000
core   0: 0xffffffff80008c54 (0x015e6db3) or      s11, t3, s5
3 0x80008c54 (0x015e6db3) x27 0x00000001
core   0: 0xffffffff80008c58 (0x0034d913) srli    s2, s1, 3
3 0x80008c58 (0x0034d913) x18 0x100021cc
core   0: 0xffffffff80008c5c (0x01640eb3) add     t4, s0, s6
3 0x80008c5c (0x01640eb3) x29 0x34fffb40
core   0: 0xffffffff80008c60 (0x05ddab93) slti    s7, s11, 93
3 0x80008c60 (0x05ddab93) x23 0x00000001
core   0: 0xffffffff80008c64 (0x00abd313) srli    t1, s7, 10
3 0x80008c64 (0x00abd313) x 6 0x00000000
core   0: 0xffffffff80008c68 (0x41175133) sra     sp, a4, a7
3 0x80008c68 (0x41175133) x 2 0x00000000
core   0: 0xffffffff80008c6c (0x1f144b13) xori    s6, s0, 497
3 0x80008c6c (0x1f144b13) x22 0x2258cab1
core   0: 0xffffffff80008c70 (0x01694433) xor     s0, s2, s6
3 0x80008c70 (0x01694433) x 8 0x3258eb7d
core   0: 0xffffffff80008c74 (0x00000013) nop
3 0x80008c74 (0x00000013)
core   0: 0xffffffff80008c78 (0x00c41c93) slli    s9, s0, 12
3 0x80008c78 (0x00c41c93) x25 0x8eb7d000
core   0: 0xffffffff80008c7c (0xcbe70313) addi    t1, a4, -834
3 0x80008c7c (0xcbe70313) x 6 0xfffffcbe
core   0: 0xffffffff80008c80 (0x00002933) slt     s2, zero, zero
3 0x80008c80 (0x00002933) x18 0x00000000
core   0: 0xffffffff80008c84 (0x01953133) sltu    sp, a0, s9
3 0x80008c84 (0x01953133) x 2 0x00000000
core   0: 0xffffffff80008c88 (0xc08df913) andi    s2, s11, -1016
3 0x80008c88 (0xc08df913) x18 0x00000000
core   0: 0xffffffff80008c8c (0x2e2cf113) andi    sp, s9, 738
3 0x80008c8c (0x2e2cf113) x 2 0x00000000
core   0: 0xffffffff80008c90 (0x00668633) add     a2, a3, t1
3 0x80008c90 (0x00668633) x12 0xfffffcbe
core   0: 0xffffffff80008c94 (0x41d003b3) sub     t2, zero, t4
3 0x80008c94 (0x41d003b3) x 7 0xcb0004c0
core   0: 0xffffffff80008c98 (0x00fd28b3) slt     a7, s10, a5
3 0x80008c98 (0x00fd28b3) x17 0x00000001
core   0: 0xffffffff80008c9c (0x0118a5b3) slt     a1, a7, a7
3 0x80008c9c (0x0118a5b3) x11 0x00000000
core   0: 0xffffffff80008ca0 (0x01998bb3) add     s7, s3, s9
3 0x80008ca0 (0x01998bb3) x23 0x8eb7d000
core   0: 0xffffffff80008ca4 (0x00e465b3) or      a1, s0, a4
3 0x80008ca4 (0x00e465b3) x11 0x3258eb7d
core   0: 0xffffffff80008ca8 (0x0117ccb3) xor     s9, a5, a7
3 0x80008ca8 (0x0117ccb3) x25 0xd5d75001
core   0: 0xffffffff80008cac (0x41d90ab3) sub     s5, s2, t4
3 0x80008cac (0x41d90ab3) x21 0xcb0004c0
core   0: 0xffffffff80008cb0 (0x1a284097) auipc   ra, 0x1a284
3 0x80008cb0 (0x1a284097) x 1 0x9a28ccb0
core   0: 0xffffffff80008cb4 (0x402adb13) srai    s6, s5, 2
3 0x80008cb4 (0x402adb13) x22 0xf2c00130
core   0: 0xffffffff80008cb8 (0x01fd4fb3) xor     t6, s10, t6
3 0x80008cb8 (0x01fd4fb3) x31 0x2b6c01c6
core   0: 0xffffffff80008cbc (0x3271e513) ori     a0, gp, 807
3 0x80008cbc (0x3271e513) x10 0x89287ff7
core   0: 0xffffffff80008cc0 (0x17d5ec13) ori     s8, a1, 381
3 0x80008cc0 (0x17d5ec13) x24 0x3258eb7d
core   0: 0xffffffff80008cc4 (0x0985b593) sltiu   a1, a1, 152
3 0x80008cc4 (0x0985b593) x11 0x00000000
core   0: 0xffffffff80008cc8 (0x007e9813) slli    a6, t4, 7
3 0x80008cc8 (0x007e9813) x16 0x7ffda000
core   0: 0xffffffff80008ccc (0x40c956b3) sra     a3, s2, a2
3 0x80008ccc (0x40c956b3) x13 0x00000000
core   0: 0xffffffff80008cd0 (0x004b0b33) add     s6, s6, tp
3 0x80008cd0 (0x004b0b33) x22 0xf2c0012f
core   0: 0xffffffff80008cd4 (0x01968933) add     s2, a3, s9
3 0x80008cd4 (0x01968933) x18 0xd5d75001
core   0: 0xffffffff80008cd8 (0x00b39193) slli    gp, t2, 11
3 0x80008cd8 (0x00b39193) x 3 0x00260000
core   0: 0xffffffff80008cdc (0x2fb7a893) slti    a7, a5, 763
3 0x80008cdc (0x2fb7a893) x17 0x00000001
core   0: 0xffffffff80008ce0 (0x01a1e2b3) or      t0, gp, s10
3 0x80008ce0 (0x01a1e2b3) x 5 0xd4b62567
core   0: 0xffffffff80008ce4 (0x2ae27393) andi    t2, tp, 686
3 0x80008ce4 (0x2ae27393) x 7 0x000002ae
core   0: 0xffffffff80008ce8 (0xddbd5317) auipc   t1, 0xddbd5
3 0x80008ce8 (0xddbd5317) x 6 0x5dbddce8
core   0: 0xffffffff80008cec (0x01fee333) or      t1, t4, t6
3 0x80008cec (0x01fee333) x 6 0x3ffffbc6
core   0: 0xffffffff80008cf0 (0x1a0cff13) andi    t5, s9, 416
3 0x80008cf0 (0x1a0cff13) x30 0x00000000
core   0: 0xffffffff80008cf4 (0x007972b3) and     t0, s2, t2
3 0x80008cf4 (0x007972b3) x 5 0x00000000
core   0: 0xffffffff80008cf8 (0xcf910913) addi    s2, sp, -775
3 0x80008cf8 (0xcf910913) x18 0xfffffcf9
core   0: 0xffffffff80008cfc (0xe4d4e613) ori     a2, s1, -435
3 0x80008cfc (0xe4d4e613) x12 0xfffffe6d
core   0: 0xffffffff80008d00 (0x006749b3) xor     s3, a4, t1
3 0x80008d00 (0x006749b3) x19 0x3ffffbc6
core   0: 0xffffffff80008d04 (0x003a82b3) add     t0, s5, gp
3 0x80008d04 (0x003a82b3) x 5 0xcb2604c0
core   0: 0xffffffff80008d08 (0x406d5613) srai    a2, s10, 6
3 0x80008d08 (0x406d5613) x12 0xff524895
core   0: 0xffffffff80008d0c (0x40dfc597) auipc   a1, 0x40dfc
3 0x80008d0c (0x40dfc597) x11 0xc0e04d0c
core   0: 0xffffffff80008d10 (0x0d143693) sltiu   a3, s0, 209
3 0x80008d10 (0x0d143693) x13 0x00000000
core   0: 0xffffffff80008d14 (0x179fef93) ori     t6, t6, 377
3 0x80008d14 (0x179fef93) x31 0x2b6c01ff
core   0: 0xffffffff80008d18 (0x001efeb3) and     t4, t4, ra
3 0x80008d18 (0x001efeb3) x29 0x1028c800
core   0: 0xffffffff80008d1c (0x00e117b3) sll     a5, sp, a4
3 0x80008d1c (0x00e117b3) x15 0x00000000
core   0: 0xffffffff80008d20 (0x01fa16b3) sll     a3, s4, t6
3 0x80008d20 (0x01fa16b3) x13 0x00000000
core   0: 0xffffffff80008d24 (0xf8162793) slti    a5, a2, -127
3 0x80008d24 (0xf8162793) x15 0x00000001
core   0: 0xffffffff80008d28 (0x40ccd193) srai    gp, s9, 12
3 0x80008d28 (0x40ccd193) x 3 0xfffd5d75
core   0: 0xffffffff80008d2c (0x014c1013) slli    zero, s8, 20
3 0x80008d2c (0x014c1013)
core   0: 0xffffffff80008d30 (0xca374893) xori    a7, a4, -861
3 0x80008d30 (0xca374893) x17 0xfffffca3
core   0: 0xffffffff80008d34 (0x00962ab3) slt     s5, a2, s1
3 0x80008d34 (0x00962ab3) x21 0x00000000
core   0: 0xffffffff80008d38 (0x01ff09b3) add     s3, t5, t6
3 0x80008d38 (0x01ff09b3) x19 0x2b6c01ff
core   0: 0xffffffff80008d3c (0x417fdbb3) sra     s7, t6, s7
3 0x80008d3c (0x417fdbb3) x23 0x2b6c01ff
core   0: 0xffffffff80008d40 (0x00fd5333) srl     t1, s10, a5
3 0x80008d40 (0x00fd5333) x 6 0x6a4912b3
core   0: 0xffffffff80008d44 (0x77c02837) lui     a6, 0x77c02
3 0x80008d44 (0x77c02837) x16 0x77c02000
core   0: 0xffffffff80008d48 (0x2d4c3113) sltiu   sp, s8, 724
3 0x80008d48 (0x2d4c3113) x 2 0x00000000
core   0: 0xffffffff80008d4c (0x41905413) srai    s0, zero, 25
3 0x80008d4c (0x41905413) x 8 0x00000000
core   0: 0xffffffff80008d50 (0x01be7033) and     zero, t3, s11
3 0x80008d50 (0x01be7033)
core   0: 0xffffffff80008d54 (0x01dd9c33) sll     s8, s11, t4
3 0x80008d54 (0x01dd9c33) x24 0x00000001
core   0: 0xffffffff80008d58 (0x00a136b3) sltu    a3, sp, a0
3 0x80008d58 (0x00a136b3) x13 0x00000001
core   0: 0xffffffff80008d5c (0x00169c13) slli    s8, a3, 1
3 0x80008d5c (0x00169c13) x24 0x00000002
core   0: 0xffffffff80008d60 (0x413ddb93) srai    s7, s11, 19
3 0x80008d60 (0x413ddb93) x23 0x00000000
core   0: 0xffffffff80008d64 (0xa40dd1b7) lui     gp, 0xa40dd
3 0x80008d64 (0xa40dd1b7) x 3 0xa40dd000
core   0: 0xffffffff80008d68 (0xdb5c4437) lui     s0, 0xdb5c4
3 0x80008d68 (0xdb5c4437) x 8 0xdb5c4000
core   0: 0xffffffff80008d6c (0x017e0333) add     t1, t3, s7
3 0x80008d6c (0x017e0333) x 6 0x00000001
core   0: 0xffffffff80008d70 (0x001b29b3) slt     s3, s6, ra
3 0x80008d70 (0x001b29b3) x19 0x00000000
core   0: 0xffffffff80008d74 (0x00f15933) srl     s2, sp, a5
3 0x80008d74 (0x00f15933) x18 0x00000000
core   0: 0xffffffff80008d78 (0x00aca3b3) slt     t2, s9, a0
3 0x80008d78 (0x00aca3b3) x 7 0x00000000
core   0: 0xffffffff80008d7c (0x01adda93) srli    s5, s11, 26
3 0x80008d7c (0x01adda93) x21 0x00000000
core   0: 0xffffffff80008d80 (0x006b8e33) add     t3, s7, t1
3 0x80008d80 (0x006b8e33) x28 0x00000001
core   0: 0xffffffff80008d84 (0x409a8c33) sub     s8, s5, s1
3 0x80008d84 (0x409a8c33) x24 0x7ffef19c
core   0: 0xffffffff80008d88 (0x00eed693) srli    a3, t4, 14
3 0x80008d88 (0x00eed693) x13 0x000040a3
core   0: 0xffffffff80008d8c (0xb14977b7) lui     a5, 0xb1497
3 0x80008d8c (0xb14977b7) x15 0xb1497000
core   0: 0xffffffff80008d90 (0x0b9dbb13) sltiu   s6, s11, 185
3 0x80008d90 (0x0b9dbb13) x22 0x00000001
core   0: 0xffffffff80008d94 (0x00c89993) slli    s3, a7, 12
3 0x80008d94 (0x00c89993) x19 0xffca3000
core   0: 0xffffffff80008d98 (0x34eef393) andi    t2, t4, 846
3 0x80008d98 (0x34eef393) x 7 0x00000000
core   0: 0xffffffff80008d9c (0x01e45b93) srli    s7, s0, 30
3 0x80008d9c (0x01e45b93) x23 0x00000003
core   0: 0xffffffff80008da0 (0x00c007b3) add     a5, zero, a2
3 0x80008da0 (0x00c007b3) x15 0xff524895
core   0: 0xffffffff80008da4 (0x001a0eb3) add     t4, s4, ra
3 0x80008da4 (0x001a0eb3) x29 0x1a2a1994
core   0: 0xffffffff80008da8 (0x00b03ab3) snez    s5, a1
3 0x80008da8 (0x00b03ab3) x21 0x00000001
core   0: 0xffffffff80008dac (0x4082d3b3) sra     t2, t0, s0
3 0x80008dac (0x4082d3b3) x 7 0xcb2604c0
core   0: 0xffffffff80008db0 (0x004393b3) sll     t2, t2, tp
3 0x80008db0 (0x004393b3) x 7 0x00000000
core   0: 0xffffffff80008db4 (0x01ba5b33) srl     s6, s4, s11
3 0x80008db4 (0x01ba5b33) x22 0x4000a672
core   0: 0xffffffff80008db8 (0x01022cb3) slt     s9, tp, a6
3 0x80008db8 (0x01022cb3) x25 0x00000001
core   0: 0xffffffff80008dbc (0x407d5f33) sra     t5, s10, t2
3 0x80008dbc (0x407d5f33) x30 0xd4922567
core   0: 0xffffffff80008dc0 (0xd8200b93) li      s7, -638
3 0x80008dc0 (0xd8200b93) x23 0xfffffd82
core   0: 0xffffffff80008dc4 (0x41b703b3) sub     t2, a4, s11
3 0x80008dc4 (0x41b703b3) x 7 0xffffffff
core   0: 0xffffffff80008dc8 (0xe2673393) sltiu   t2, a4, -474
3 0x80008dc8 (0xe2673393) x 7 0x00000001
core   0: 0xffffffff80008dcc (0x0a1f4893) xori    a7, t5, 161
3 0x80008dcc (0x0a1f4893) x17 0xd49225c6
core   0: 0xffffffff80008dd0 (0x0b298593) addi    a1, s3, 178
3 0x80008dd0 (0x0b298593) x11 0xffca30b2
core   0: 0xffffffff80008dd4 (0x404b0b33) sub     s6, s6, tp
3 0x80008dd4 (0x404b0b33) x22 0x4000a673
core   0: 0xffffffff80008dd8 (0x01bf1c33) sll     s8, t5, s11
3 0x80008dd8 (0x01bf1c33) x24 0xa9244ace
core   0: 0xffffffff80008ddc (0x01037733) and     a4, t1, a6
3 0x80008ddc (0x01037733) x14 0x00000000
core   0: 0xffffffff80008de0 (0x010d5ab3) srl     s5, s10, a6
3 0x80008de0 (0x010d5ab3) x21 0xd4922567
core   0: 0xffffffff80008de4 (0x40bc5b13) srai    s6, s8, 11
3 0x80008de4 (0x40bc5b13) x22 0xfff52489
core   0: 0xffffffff80008de8 (0x00114733) xor     a4, sp, ra
3 0x80008de8 (0x00114733) x14 0x9a28ccb0
core   0: 0xffffffff80008dec (0x406281b3) sub     gp, t0, t1
3 0x80008dec (0x406281b3) x 3 0xcb2604bf
core   0: 0xffffffff80008df0 (0x3bfa8797) auipc   a5, 0x3bfa8
3 0x80008df0 (0x3bfa8797) x15 0xbbfb0df0
core   0: 0xffffffff80008df4 (0x40ced0b3) sra     ra, t4, a2
3 0x80008df4 (0x40ced0b3) x 1 0x000000d1
core   0: 0xffffffff80008df8 (0x40d15f33) sra     t5, sp, a3
3 0x80008df8 (0x40d15f33) x30 0x00000000
core   0: 0xffffffff80008dfc (0x008f0bb3) add     s7, t5, s0
3 0x80008dfc (0x008f0bb3) x23 0xdb5c4000
core   0: 0xffffffff80008e00 (0x01d55b13) srli    s6, a0, 29
3 0x80008e00 (0x01d55b13) x22 0x00000004
core   0: 0xffffffff80008e04 (0xecbd6e93) ori     t4, s10, -309
3 0x80008e04 (0xecbd6e93) x29 0xffffffef
core   0: 0xffffffff80008e08 (0xf26fb713) sltiu   a4, t6, -218
3 0x80008e08 (0xf26fb713) x14 0x00000001
core   0: 0xffffffff80008e0c (0x01279e33) sll     t3, a5, s2
3 0x80008e0c (0x01279e33) x28 0xbbfb0df0
core   0: 0xffffffff80008e10 (0x00f0bbb3) sltu    s7, ra, a5
3 0x80008e10 (0x00f0bbb3) x23 0x00000001
core   0: 0xffffffff80008e14 (0x0122ab33) slt     s6, t0, s2
3 0x80008e14 (0x0122ab33) x22 0x00000001
core   0: 0xffffffff80008e18 (0x000cceb3) xor     t4, s9, zero
3 0x80008e18 (0x000cceb3) x29 0x00000001
core   0: 0xffffffff80008e1c (0x01595c33) srl     s8, s2, s5
3 0x80008e1c (0x01595c33) x24 0x00000000
core   0: 0xffffffff80008e20 (0xffb80793) addi    a5, a6, -5
3 0x80008e20 (0xffb80793) x15 0x77c01ffb
core   0: 0xffffffff80008e24 (0xf3760d93) addi    s11, a2, -201
3 0x80008e24 (0xf3760d93) x27 0xff5247cc
core   0: 0xffffffff80008e28 (0xa34a7517) auipc   a0, 0xa34a7
3 0x80008e28 (0xa34a7517) x10 0x234afe28
core   0: 0xffffffff80008e2c (0x1f3b7f13) andi    t5, s6, 499
3 0x80008e2c (0x1f3b7f13) x30 0x00000001
core   0: 0xffffffff80008e30 (0x01733433) sltu    s0, t1, s7
3 0x80008e30 (0x01733433) x 8 0x00000000
core   0: 0xffffffff80008e34 (0x00259513) slli    a0, a1, 2
3 0x80008e34 (0x00259513) x10 0xff28c2c8
core   0: 0xffffffff80008e38 (0x5e81aa97) auipc   s5, 0x5e81a
3 0x80008e38 (0x5e81aa97) x21 0xde822e38
core   0: 0xffffffff80008e3c (0x00000013) nop
3 0x80008e3c (0x00000013)
core   0: 0xffffffff80008e40 (0x00ad5bb3) srl     s7, s10, a0
3 0x80008e40 (0x00ad5bb3) x23 0x00d49225
core   0: 0xffffffff80008e44 (0x01069d93) slli    s11, a3, 16
3 0x80008e44 (0x01069d93) x27 0x40a30000
core   0: 0xffffffff80008e48 (0x01ecd533) srl     a0, s9, t5
3 0x80008e48 (0x01ecd533) x10 0x00000000
core   0: 0xffffffff80008e4c (0xea47ab17) auipc   s6, 0xea47a
3 0x80008e4c (0xea47ab17) x22 0x6a482e4c
core   0: 0xffffffff80008e50 (0x39947513) andi    a0, s0, 921
3 0x80008e50 (0x39947513) x10 0x00000000
core   0: 0xffffffff80008e54 (0xd6d12313) slti    t1, sp, -659
3 0x80008e54 (0xd6d12313) x 6 0x00000000
core   0: 0xffffffff80008e58 (0x179ba593) slti    a1, s7, 377
3 0x80008e58 (0x179ba593) x11 0x00000000
core   0: 0xffffffff80008e5c (0x00c41193) slli    gp, s0, 12
3 0x80008e5c (0x00c41193) x 3 0x00000000
core   0: 0xffffffff80008e60 (0x235ce393) ori     t2, s9, 565
3 0x80008e60 (0x235ce393) x 7 0x00000235
core   0: 0xffffffff80008e64 (0x00c1e8b3) or      a7, gp, a2
3 0x80008e64 (0x00c1e8b3) x17 0xff524895
core   0: 0xffffffff80008e68 (0x0046e633) or      a2, a3, tp
3 0x80008e68 (0x0046e633) x12 0xffffffff
core   0: 0xffffffff80008e6c (0xcad8ce13) xori    t3, a7, -851
3 0x80008e6c (0xcad8ce13) x28 0x00adb438
core   0: 0xffffffff80008e70 (0x01f08b33) add     s6, ra, t6
3 0x80008e70 (0x01f08b33) x22 0x2b6c02d0
core   0: 0xffffffff80008e74 (0x30a7e093) ori     ra, a5, 778
3 0x80008e74 (0x30a7e093) x 1 0x77c01ffb
core   0: 0xffffffff80008e78 (0xd35cf813) andi    a6, s9, -715
3 0x80008e78 (0xd35cf813) x16 0x00000001
core   0: 0xffffffff80008e7c (0x00d41633) sll     a2, s0, a3
3 0x80008e7c (0x00d41633) x12 0x00000000
core   0: 0xffffffff80008e80 (0x00f6dc13) srli    s8, a3, 15
3 0x80008e80 (0x00f6dc13) x24 0x00000000
core   0: 0xffffffff80008e84 (0x0062c8b3) xor     a7, t0, t1
3 0x80008e84 (0x0062c8b3) x17 0xcb2604c0
core   0: 0xffffffff80008e88 (0x87131037) lui     zero, 0x87131
3 0x80008e88 (0x87131037)
core   0: 0xffffffff80008e8c (0x40145213) srai    tp, s0, 1
3 0x80008e8c (0x40145213) x 4 0x00000000
core   0: 0xffffffff80008e90 (0x75a46db7) lui     s11, 0x75a46
3 0x80008e90 (0x75a46db7) x27 0x75a46000
core   0: 0xffffffff80008e94 (0x00ae9a93) slli    s5, t4, 10
3 0x80008e94 (0x00ae9a93) x21 0x00000400
core   0: 0xffffffff80008e98 (0x00af5cb3) srl     s9, t5, a0
3 0x80008e98 (0x00af5cb3) x25 0x00000001
core   0: 0xffffffff80008e9c (0x01b75093) srli    ra, a4, 27
3 0x80008e9c (0x01b75093) x 1 0x00000000
core   0: 0xffffffff80008ea0 (0xda06be13) sltiu   t3, a3, -608
3 0x80008ea0 (0xda06be13) x28 0x00000001
core   0: 0xffffffff80008ea4 (0xff2f4193) xori    gp, t5, -14
3 0x80008ea4 (0xff2f4193) x 3 0xfffffff3
core   0: 0xffffffff80008ea8 (0x0e456f93) ori     t6, a0, 228
3 0x80008ea8 (0x0e456f93) x31 0x000000e4
core   0: 0xffffffff80008eac (0x410487b3) sub     a5, s1, a6
3 0x80008eac (0x410487b3) x15 0x80010e63
core   0: 0xffffffff80008eb0 (0xfd387613) andi    a2, a6, -45
3 0x80008eb0 (0xfd387613) x12 0x00000001
core   0: 0xffffffff80008eb4 (0x00000013) nop
3 0x80008eb4 (0x00000013)
core   0: 0xffffffff80008eb8 (0x0109ceb3) xor     t4, s3, a6
3 0x80008eb8 (0x0109ceb3) x29 0xffca3001
core   0: 0xffffffff80008ebc (0x412e89b3) sub     s3, t4, s2
3 0x80008ebc (0x412e89b3) x19 0xffca3001
core   0: 0xffffffff80008ec0 (0x01e4e1b3) or      gp, s1, t5
3 0x80008ec0 (0x01e4e1b3) x 3 0x80010e65
core   0: 0xffffffff80008ec4 (0xc3a40793) addi    a5, s0, -966
3 0x80008ec4 (0xc3a40793) x15 0xfffffc3a
core   0: 0xffffffff80008ec8 (0x00d98433) add     s0, s3, a3
3 0x80008ec8 (0x00d98433) x 8 0xffca70a4
core   0: 0xffffffff80008ecc (0x6b5db897) auipc   a7, 0x6b5db
3 0x80008ecc (0x6b5db897) x17 0xeb5e3ecc
core   0: 0xffffffff80008ed0 (0x40addb93) srai    s7, s11, 10
3 0x80008ed0 (0x40addb93) x23 0x001d6918
core   0: 0xffffffff80008ed4 (0x00000013) nop
3 0x80008ed4 (0x00000013)
core   0: 0xffffffff80008ed8 (0x00eaac33) slt     s8, s5, a4
3 0x80008ed8 (0x00eaac33) x24 0x00000000
core   0: 0xffffffff80008edc (0x40285833) sra     a6, a6, sp
3 0x80008edc (0x40285833) x16 0x00000001
core   0: 0xffffffff80008ee0 (0x01355d93) srli    s11, a0, 19
3 0x80008ee0 (0x01355d93) x27 0x00000000
core   0: 0xffffffff80008ee4 (0x01da3bb3) sltu    s7, s4, t4
3 0x80008ee4 (0x01da3bb3) x23 0x00000001
core   0: 0xffffffff80008ee8 (0x41675b33) sra     s6, a4, s6
3 0x80008ee8 (0x41675b33) x22 0x00000000
core   0: 0xffffffff80008eec (0x0170b933) sltu    s2, ra, s7
3 0x80008eec (0x0170b933) x18 0x00000001
core   0: 0xffffffff80008ef0 (0x0172e533) or      a0, t0, s7
3 0x80008ef0 (0x0172e533) x10 0xcb2604c1
core   0: 0xffffffff80008ef4 (0xd5384793) xori    a5, a6, -685
3 0x80008ef4 (0xd5384793) x15 0xfffffd52
core   0: 0xffffffff80008ef8 (0x01ed8333) add     t1, s11, t5
3 0x80008ef8 (0x01ed8333) x 6 0x00000001
core   0: 0xffffffff80008efc (0xf702c313) xori    t1, t0, -144
3 0x80008efc (0xf702c313) x 6 0x34d9fbb0
core   0: 0xffffffff80008f00 (0x00000013) nop
3 0x80008f00 (0x00000013)
core   0: 0xffffffff80008f04 (0xf7932e93) slti    t4, t1, -135
3 0x80008f04 (0xf7932e93) x29 0x00000000
core   0: 0xffffffff80008f08 (0x2f4bf793) andi    a5, s7, 756
3 0x80008f08 (0x2f4bf793) x15 0x00000000
core   0: 0xffffffff80008f0c (0x00000013) nop
3 0x80008f0c (0x00000013)
core   0: 0xffffffff80008f10 (0x0186adb3) slt     s11, a3, s8
3 0x80008f10 (0x0186adb3) x27 0x00000000
core   0: 0xffffffff80008f14 (0x00f8ff33) and     t5, a7, a5
3 0x80008f14 (0x00f8ff33) x30 0x00000000
core   0: 0xffffffff80008f18 (0x00f95733) srl     a4, s2, a5
3 0x80008f18 (0x00f95733) x14 0x00000001
core   0: 0xffffffff80008f1c (0x01628433) add     s0, t0, s6
3 0x80008f1c (0x01628433) x 8 0xcb2604c0
core   0: 0xffffffff80008f20 (0x016ad213) srli    tp, s5, 22
3 0x80008f20 (0x016ad213) x 4 0x00000000
core   0: 0xffffffff80008f24 (0x22eafd93) andi    s11, s5, 558
3 0x80008f24 (0x22eafd93) x27 0x00000000
core   0: 0xffffffff80008f28 (0x1ed6f613) andi    a2, a3, 493
3 0x80008f28 (0x1ed6f613) x12 0x000000a1
core   0: 0xffffffff80008f2c (0x00000013) nop
3 0x80008f2c (0x00000013)
core   0: 0xffffffff80008f30 (0xcf82c193) xori    gp, t0, -776
3 0x80008f30 (0xcf82c193) x 3 0x34d9f838
core   0: 0xffffffff80008f34 (0x40fcd233) sra     tp, s9, a5
3 0x80008f34 (0x40fcd233) x 4 0x00000001
core   0: 0xffffffff80008f38 (0x0caeb613) sltiu   a2, t4, 202
3 0x80008f38 (0x0caeb613) x12 0x00000001
core   0: 0xffffffff80008f3c (0x00144933) xor     s2, s0, ra
3 0x80008f3c (0x00144933) x18 0xcb2604c0
core   0: 0xffffffff80008f40 (0xc0913413) sltiu   s0, sp, -1015
3 0x80008f40 (0xc0913413) x 8 0x00000001
core   0: 0xffffffff80008f44 (0xe19bf713) andi    a4, s7, -487
3 0x80008f44 (0xe19bf713) x14 0x00000001
core   0: 0xffffffff80008f48 (0x559dc697) auipc   a3, 0x559dc
3 0x80008f48 (0x559dc697) x13 0xd59e4f48
core   0: 0xffffffff80008f4c (0x2e9c5c37) lui     s8, 0x2e9c5
3 0x80008f4c (0x2e9c5c37) x24 0x2e9c5000
core   0: 0xffffffff80008f50 (0x011bc1b3) xor     gp, s7, a7
3 0x80008f50 (0x011bc1b3) x 3 0xeb5e3ecd
core   0: 0xffffffff80008f54 (0x41afd2b3) sra     t0, t6, s10
3 0x80008f54 (0x41afd2b3) x 5 0x00000001
core   0: 0xffffffff80008f58 (0x00000013) nop
3 0x80008f58 (0x00000013)
core   0: 0xffffffff80008f5c (0x01badfb3) srl     t6, s5, s11
3 0x80008f5c (0x01badfb3) x31 0x00000400
core   0: 0xffffffff80008f60 (0x00fc5e13) srli    t3, s8, 15
3 0x80008f60 (0x00fc5e13) x28 0x00005d38
core   0: 0xffffffff80008f64 (0x0e13ec37) lui     s8, 0xe13e
3 0x80008f64 (0x0e13ec37) x24 0x0e13e000
core   0: 0xffffffff80008f68 (0xfccc0f13) addi    t5, s8, -52
3 0x80008f68 (0xfccc0f13) x30 0x0e13dfcc
core   0: 0xffffffff80008f6c (0x00a23e33) sltu    t3, tp, a0
3 0x80008f6c (0x00a23e33) x28 0x00000001
core   0: 0xffffffff80008f70 (0x01320b33) add     s6, tp, s3
3 0x80008f70 (0x01320b33) x22 0xffca3002
core   0: 0xffffffff80008f74 (0xce54c193) xori    gp, s1, -795
3 0x80008f74 (0xce54c193) x 3 0x7ffef281
core   0: 0xffffffff80008f78 (0x009e9c13) slli    s8, t4, 9
3 0x80008f78 (0x009e9c13) x24 0x00000000
core   0: 0xffffffff80008f7c (0x00bd59b3) srl     s3, s10, a1
3 0x80008f7c (0x00bd59b3) x19 0xd4922567
core   0: 0xffffffff80008f80 (0x00000013) nop
3 0x80008f80 (0x00000013)
core   0: 0xffffffff80008f84 (0x00ed9293) slli    t0, s11, 14
3 0x80008f84 (0x00ed9293) x 5 0x00000000
core   0: 0xffffffff80008f88 (0xef71ff93) andi    t6, gp, -265
3 0x80008f88 (0xef71ff93) x31 0x7ffef281
core   0: 0xffffffff80008f8c (0x184ea713) slti    a4, t4, 388
3 0x80008f8c (0x184ea713) x14 0x00000001
core   0: 0xffffffff80008f90 (0xecd56513) ori     a0, a0, -307
3 0x80008f90 (0xecd56513) x10 0xfffffecd
core   0: 0xffffffff80008f94 (0x018e4233) xor     tp, t3, s8
3 0x80008f94 (0x018e4233) x 4 0x00000001
core   0: 0xffffffff80008f98 (0xcac4c513) xori    a0, s1, -852
3 0x80008f98 (0xcac4c513) x10 0x7ffef2c8
core   0: 0xffffffff80008f9c (0x00653cb3) sltu    s9, a0, t1
3 0x80008f9c (0x00653cb3) x25 0x00000000
core   0: 0xffffffff80008fa0 (0x4190d713) srai    a4, ra, 25
3 0x80008fa0 (0x4190d713) x14 0x00000000
core   0: 0xffffffff80008fa4 (0x4145d533) sra     a0, a1, s4
3 0x80008fa4 (0x4145d533) x10 0x00000000
core   0: 0xffffffff80008fa8 (0xf590d1b7) lui     gp, 0xf590d
3 0x80008fa8 (0xf590d1b7) x 3 0xf590d000
core   0: 0xffffffff80008fac (0x00eb9813) slli    a6, s7, 14
3 0x80008fac (0x00eb9813) x16 0x00004000
core   0: 0xffffffff80008fb0 (0x00e36833) or      a6, t1, a4
3 0x80008fb0 (0x00e36833) x16 0x34d9fbb0
core   0: 0xffffffff80008fb4 (0x41eb5193) srai    gp, s6, 30
3 0x80008fb4 (0x41eb5193) x 3 0xffffffff
core   0: 0xffffffff80008fb8 (0x3f5d2337) lui     t1, 0x3f5d2
3 0x80008fb8 (0x3f5d2337) x 6 0x3f5d2000
core   0: 0xffffffff80008fbc (0x41835813) srai    a6, t1, 24
3 0x80008fbc (0x41835813) x16 0x0000003f
core   0: 0xffffffff80008fc0 (0x40740433) sub     s0, s0, t2
3 0x80008fc0 (0x40740433) x 8 0xfffffdcc
core   0: 0xffffffff80008fc4 (0x2c55e893) ori     a7, a1, 709
3 0x80008fc4 (0x2c55e893) x17 0x000002c5
core   0: 0xffffffff80008fc8 (0x00000013) nop
3 0x80008fc8 (0x00000013)
core   0: 0xffffffff80008fcc (0x003628b3) slt     a7, a2, gp
3 0x80008fcc (0x003628b3) x17 0x00000000
core   0: 0xffffffff80008fd0 (0x010a7cb3) and     s9, s4, a6
3 0x80008fd0 (0x010a7cb3) x25 0x00000024
core   0: 0xffffffff80008fd4 (0x002a1693) slli    a3, s4, 2
3 0x80008fd4 (0x002a1693) x13 0x00053390
core   0: 0xffffffff80008fd8 (0x06456193) ori     gp, a0, 100
3 0x80008fd8 (0x06456193) x 3 0x00000064
core   0: 0xffffffff80008fdc (0x00985993) srli    s3, a6, 9
3 0x80008fdc (0x00985993) x19 0x00000000
core   0: 0xffffffff80008fe0 (0x40b30233) sub     tp, t1, a1
3 0x80008fe0 (0x40b30233) x 4 0x3f5d2000
core   0: 0xffffffff80008fe4 (0x0f0ffc93) andi    s9, t6, 240
3 0x80008fe4 (0x0f0ffc93) x25 0x00000080
core   0: 0xffffffff80008fe8 (0xe51a7613) andi    a2, s4, -431
3 0x80008fe8 (0xe51a7613) x12 0x80014c40
core   0: 0xffffffff80008fec (0x00d64433) xor     s0, a2, a3
3 0x80008fec (0x00d64433) x 8 0x80047fd0
core   0: 0xffffffff80008ff0 (0xc5f1af93) slti    t6, gp, -929
3 0x80008ff0 (0xc5f1af93) x31 0x00000000
core   0: 0xffffffff80008ff4 (0x01b385b3) add     a1, t2, s11
3 0x80008ff4 (0x01b385b3) x11 0x00000235
core   0: 0xffffffff80008ff8 (0xe7d3e293) ori     t0, t2, -387
3 0x80008ff8 (0xe7d3e293) x 5 0xfffffe7d
core   0: 0xffffffff80008ffc (0x40035213) srai    tp, t1, 0
3 0x80008ffc (0x40035213) x 4 0x3f5d2000
core   0: 0xffffffff80009000 (0x01af8533) add     a0, t6, s10
3 0x80009000 (0x01af8533) x10 0xd4922567
core   0: 0xffffffff80009004 (0x0028acb3) slt     s9, a7, sp
3 0x80009004 (0x0028acb3) x25 0x00000000
core   0: 0xffffffff80009008 (0x00f181b3) add     gp, gp, a5
3 0x80009008 (0x00f181b3) x 3 0x00000064
core   0: 0xffffffff8000900c (0x00000013) nop
3 0x8000900c (0x00000013)
core   0: 0xffffffff80009010 (0x2caf6813) ori     a6, t5, 714
3 0x80009010 (0x2caf6813) x16 0x0e13dfce
core   0: 0xffffffff80009014 (0xca98a193) slti    gp, a7, -855
3 0x80009014 (0xca98a193) x 3 0x00000000
core   0: 0xffffffff80009018 (0x0160c333) xor     t1, ra, s6
3 0x80009018 (0x0160c333) x 6 0xffca3002
core   0: 0xffffffff8000901c (0xde19d037) lui     zero, 0xde19d
3 0x8000901c (0xde19d037)
core   0: 0xffffffff80009020 (0x01a7cbb3) xor     s7, a5, s10
3 0x80009020 (0x01a7cbb3) x23 0xd4922567
core   0: 0xffffffff80009024 (0x00a880b3) add     ra, a7, a0
3 0x80009024 (0x00a880b3) x 1 0xd4922567
core   0: 0xffffffff80009028 (0xcf1feb93) ori     s7, t6, -783
3 0x80009028 (0xcf1feb93) x23 0xfffffcf1
core   0: 0xffffffff8000902c (0xc69fc113) xori    sp, t6, -919
3 0x8000902c (0xc69fc113) x 2 0xfffffc69
core   0: 0xffffffff80009030 (0x40f0db13) srai    s6, ra, 15
3 0x80009030 (0x40f0db13) x22 0xffffa924
core   0: 0xffffffff80009034 (0x50125337) lui     t1, 0x50125
3 0x80009034 (0x50125337) x 6 0x50125000
core   0: 0xffffffff80009038 (0xcff4ef13) ori     t5, s1, -769
3 0x80009038 (0xcff4ef13) x30 0xfffffeff
core   0: 0xffffffff8000903c (0x01292513) slti    a0, s2, 18
3 0x8000903c (0x01292513) x10 0x00000001
core   0: 0xffffffff80009040 (0x001393b3) sll     t2, t2, ra
3 0x80009040 (0x001393b3) x 7 0x00011a80
core   0: 0xffffffff80009044 (0x00000013) nop
3 0x80009044 (0x00000013)
core   0: 0xffffffff80009048 (0x41f5d893) srai    a7, a1, 31
3 0x80009048 (0x41f5d893) x17 0x00000000
core   0: 0xffffffff8000904c (0x011f78b3) and     a7, t5, a7
3 0x8000904c (0x011f78b3) x17 0x00000000
core   0: 0xffffffff80009050 (0x01df03b3) add     t2, t5, t4
3 0x80009050 (0x01df03b3) x 7 0xfffffeff
core   0: 0xffffffff80009054 (0x7355e1b7) lui     gp, 0x7355e
3 0x80009054 (0x7355e1b7) x 3 0x7355e000
core   0: 0xffffffff80009058 (0x35eab813) sltiu   a6, s5, 862
3 0x80009058 (0x35eab813) x16 0x00000000
core   0: 0xffffffff8000905c (0xf9bcbb13) sltiu   s6, s9, -101
3 0x8000905c (0xf9bcbb13) x22 0x00000001
core   0: 0xffffffff80009060 (0x010bdfb3) srl     t6, s7, a6
3 0x80009060 (0x010bdfb3) x31 0xfffffcf1
core   0: 0xffffffff80009064 (0x0005d9b3) srl     s3, a1, zero
3 0x80009064 (0x0005d9b3) x19 0x00000235
core   0: 0xffffffff80009068 (0x26d7ac93) slti    s9, a5, 621
3 0x80009068 (0x26d7ac93) x25 0x00000001
core   0: 0xffffffff8000906c (0x011dbfb3) sltu    t6, s11, a7
3 0x8000906c (0x011dbfb3) x31 0x00000000
core   0: 0xffffffff80009070 (0x18228413) addi    s0, t0, 386
3 0x80009070 (0x18228413) x 8 0xffffffff
core   0: 0xffffffff80009074 (0x00005f13) srli    t5, zero, 0
3 0x80009074 (0x00005f13) x30 0x00000000
core   0: 0xffffffff80009078 (0x0126b7b3) sltu    a5, a3, s2
3 0x80009078 (0x0126b7b3) x15 0x00000001
core   0: 0xffffffff8000907c (0x01f90bb3) add     s7, s2, t6
3 0x8000907c (0x01f90bb3) x23 0xcb2604c0
core   0: 0xffffffff80009080 (0xffeaab13) slti    s6, s5, -2
3 0x80009080 (0xffeaab13) x22 0x00000000
core   0: 0xffffffff80009084 (0x0019ec33) or      s8, s3, ra
3 0x80009084 (0x0019ec33) x24 0xd4922777
core   0: 0xffffffff80009088 (0x40825133) sra     sp, tp, s0
3 0x80009088 (0x40825133) x 2 0x00000000
core   0: 0xffffffff8000908c (0x07438293) addi    t0, t2, 116
3 0x8000908c (0x07438293) x 5 0xffffff73
core   0: 0xffffffff80009090 (0x277ca993) slti    s3, s9, 631
3 0x80009090 (0x277ca993) x19 0x00000001
core   0: 0xffffffff80009094 (0x41ee58b3) sra     a7, t3, t5
3 0x80009094 (0x41ee58b3) x17 0x00000001
core   0: 0xffffffff80009098 (0x41dc05b3) sub     a1, s8, t4
3 0x80009098 (0x41dc05b3) x11 0xd4922777
core   0: 0xffffffff8000909c (0x4107d9b3) sra     s3, a5, a6
3 0x8000909c (0x4107d9b3) x19 0x00000001
core   0: 0xffffffff800090a0 (0x008b1313) slli    t1, s6, 8
3 0x800090a0 (0x008b1313) x 6 0x00000000
core   0: 0xffffffff800090a4 (0xff787813) andi    a6, a6, -9
3 0x800090a4 (0xff787813) x16 0x00000000
core   0: 0xffffffff800090a8 (0xebaa0e97) auipc   t4, 0xebaa0
3 0x800090a8 (0xebaa0e97) x29 0x6baa90a8
core   0: 0xffffffff800090ac (0x41e0d793) srai    a5, ra, 30
3 0x800090ac (0x41e0d793) x15 0xffffffff
core   0: 0xffffffff800090b0 (0x01493333) sltu    t1, s2, s4
3 0x800090b0 (0x01493333) x 6 0x00000000
core   0: 0xffffffff800090b4 (0x3d8e6093) ori     ra, t3, 984
3 0x800090b4 (0x3d8e6093) x 1 0x000003d9
core   0: 0xffffffff800090b8 (0x4014db93) srai    s7, s1, 1
3 0x800090b8 (0x4014db93) x23 0xc0008732
core   0: 0xffffffff800090bc (0x12152013) slti    zero, a0, 289
3 0x800090bc (0x12152013)
core   0: 0xffffffff800090c0 (0x4140d933) sra     s2, ra, s4
3 0x800090c0 (0x4140d933) x18 0x0000003d
core   0: 0xffffffff800090c4 (0x24d73393) sltiu   t2, a4, 589
3 0x800090c4 (0x24d73393) x 7 0x00000001
core   0: 0xffffffff800090c8 (0x01efcfb3) xor     t6, t6, t5
3 0x800090c8 (0x01efcfb3) x31 0x00000000
core   0: 0xffffffff800090cc (0x015c82b3) add     t0, s9, s5
3 0x800090cc (0x015c82b3) x 5 0x00000401
core   0: 0xffffffff800090d0 (0x00117533) and     a0, sp, ra
3 0x800090d0 (0x00117533) x10 0x00000000
core   0: 0xffffffff800090d4 (0x3899ed93) ori     s11, s3, 905
3 0x800090d4 (0x3899ed93) x27 0x00000389
core   0: 0xffffffff800090d8 (0xcc71a513) slti    a0, gp, -825
3 0x800090d8 (0xcc71a513) x10 0x00000000
core   0: 0xffffffff800090dc (0x01760e33) add     t3, a2, s7
3 0x800090dc (0x01760e33) x28 0x4001d372
core   0: 0xffffffff800090e0 (0x006e7bb3) and     s7, t3, t1
3 0x800090e0 (0x006e7bb3) x23 0x00000000
core   0: 0xffffffff800090e4 (0xf61b4f93) xori    t6, s6, -159
3 0x800090e4 (0xf61b4f93) x31 0xffffff61
core   0: 0xffffffff800090e8 (0x01a4edb3) or      s11, s1, s10
3 0x800090e8 (0x01a4edb3) x27 0xd4932f67
core   0: 0xffffffff800090ec (0x00d935b3) sltu    a1, s2, a3
3 0x800090ec (0x00d935b3) x11 0x00000001
core   0: 0xffffffff800090f0 (0x00a77633) and     a2, a4, a0
3 0x800090f0 (0x00a77633) x12 0x00000000
core   0: 0xffffffff800090f4 (0x01f597b3) sll     a5, a1, t6
3 0x800090f4 (0x01f597b3) x15 0x00000002
core   0: 0xffffffff800090f8 (0x00e9cab3) xor     s5, s3, a4
3 0x800090f8 (0x00e9cab3) x21 0x00000001
core   0: 0xffffffff800090fc (0x01901b33) sll     s6, zero, s9
3 0x800090fc (0x01901b33) x22 0x00000000
core   0: 0xffffffff80009100 (0x000c8f33) add     t5, s9, zero
3 0x80009100 (0x000c8f33) x30 0x00000001
core   0: 0xffffffff80009104 (0xd865f893) andi    a7, a1, -634
3 0x80009104 (0xd865f893) x17 0x00000000
core   0: 0xffffffff80009108 (0x01dbf2b3) and     t0, s7, t4
3 0x80009108 (0x01dbf2b3) x 5 0x00000000
core   0: 0xffffffff8000910c (0x746d4b37) lui     s6, 0x746d4
3 0x8000910c (0x746d4b37) x22 0x746d4000
core   0: 0xffffffff80009110 (0x00d070b3) and     ra, zero, a3
3 0x80009110 (0x00d070b3) x 1 0x00000000
core   0: 0xffffffff80009114 (0x0158a3b3) slt     t2, a7, s5
3 0x80009114 (0x0158a3b3) x 7 0x00000001
core   0: 0xffffffff80009118 (0xfaf94c13) xori    s8, s2, -81
3 0x80009118 (0xfaf94c13) x24 0xffffff92
core   0: 0xffffffff8000911c (0x0079c6b3) xor     a3, s3, t2
3 0x8000911c (0x0079c6b3) x13 0x00000000
core   0: 0xffffffff80009120 (0x417688b3) sub     a7, a3, s7
3 0x80009120 (0x417688b3) x17 0x00000000
core   0: 0xffffffff80009124 (0x05817f13) andi    t5, sp, 88
3 0x80009124 (0x05817f13) x30 0x00000000
core   0: 0xffffffff80009128 (0x41e58733) sub     a4, a1, t5
3 0x80009128 (0x41e58733) x14 0x00000001
core   0: 0xffffffff8000912c (0xe3f63b13) sltiu   s6, a2, -449
3 0x8000912c (0xe3f63b13) x22 0x00000001
core   0: 0xffffffff80009130 (0xce37e713) ori     a4, a5, -797
3 0x80009130 (0xce37e713) x14 0xfffffce3
core   0: 0xffffffff80009134 (0x00301433) sll     s0, zero, gp
3 0x80009134 (0x00301433) x 8 0x00000000
core   0: 0xffffffff80009138 (0x01d0eeb3) or      t4, ra, t4
3 0x80009138 (0x01d0eeb3) x29 0x6baa90a8
core   0: 0xffffffff8000913c (0x0cd0b693) sltiu   a3, ra, 205
3 0x8000913c (0x0cd0b693) x13 0x00000001
core   0: 0xffffffff80009140 (0x2492bd93) sltiu   s11, t0, 585
3 0x80009140 (0x2492bd93) x27 0x00000001
core   0: 0xffffffff80009144 (0x019036b3) snez    a3, s9
3 0x80009144 (0x019036b3) x13 0x00000001
core   0: 0xffffffff80009148 (0x3a9c7513) andi    a0, s8, 937
3 0x80009148 (0x3a9c7513) x10 0x00000380
core   0: 0xffffffff8000914c (0xe197f517) auipc   a0, 0xe197f
3 0x8000914c (0xe197f517) x10 0x6198814c
core   0: 0xffffffff80009150 (0x407d5e33) sra     t3, s10, t2
3 0x80009150 (0x407d5e33) x28 0xea4912b3
core   0: 0xffffffff80009154 (0xf5ea7113) andi    sp, s4, -162
3 0x80009154 (0xf5ea7113) x 2 0x80014c44
core   0: 0xffffffff80009158 (0x0190abb3) slt     s7, ra, s9
3 0x80009158 (0x0190abb3) x23 0x00000001
core   0: 0xffffffff8000915c (0xcddeef13) ori     t5, t4, -803
3 0x8000915c (0xcddeef13) x30 0xfffffcfd
core   0: 0xffffffff80009160 (0x00000013) nop
3 0x80009160 (0x00000013)
core   0: 0xffffffff80009164 (0x3d22f913) andi    s2, t0, 978
3 0x80009164 (0x3d22f913) x18 0x00000000
core   0: 0xffffffff80009168 (0x00174fb3) xor     t6, a4, ra
3 0x80009168 (0x00174fb3) x31 0xfffffce3
core   0: 0xffffffff8000916c (0x60a29297) auipc   t0, 0x60a29
3 0x8000916c (0x60a29297) x 5 0xe0a3216c
core   0: 0xffffffff80009170 (0x00000013) nop
3 0x80009170 (0x00000013)
core   0: 0xffffffff80009174 (0xa80c1697) auipc   a3, 0xa80c1
3 0x80009174 (0xa80c1697) x13 0x280ca174
core   0: 0xffffffff80009178 (0x01a49613) slli    a2, s1, 26
3 0x80009178 (0x01a49613) x12 0x90000000
core   0: 0xffffffff8000917c (0x002dc633) xor     a2, s11, sp
3 0x8000917c (0x002dc633) x12 0x80014c45
core   0: 0xffffffff80009180 (0x015c9c93) slli    s9, s9, 21
3 0x80009180 (0x015c9c93) x25 0x00200000
core   0: 0xffffffff80009184 (0x00a4d613) srli    a2, s1, 10
3 0x80009184 (0x00a4d613) x12 0x00200043
core   0: 0xffffffff80009188 (0x25c2b637) lui     a2, 0x25c2b
3 0x80009188 (0x25c2b637) x12 0x25c2b000
core   0: 0xffffffff8000918c (0x40c45793) srai    a5, s0, 12
3 0x8000918c (0x40c45793) x15 0x00000000
core   0: 0xffffffff80009190 (0x7bcce797) auipc   a5, 0x7bcce
3 0x80009190 (0x7bcce797) x15 0xfbcd7190
core   0: 0xffffffff80009194 (0x0042d793) srli    a5, t0, 4
3 0x80009194 (0x0042d793) x15 0x0e0a3216
core   0: 0xffffffff80009198 (0x00004533) xor     a0, zero, zero
3 0x80009198 (0x00004533) x10 0x00000000
core   0: 0xffffffff8000919c (0x40dfd713) srai    a4, t6, 13
3 0x8000919c (0x40dfd713) x14 0xffffffff
core   0: 0xffffffff800091a0 (0x0005e933) or      s2, a1, zero
3 0x800091a0 (0x0005e933) x18 0x00000001
core   0: 0xffffffff800091a4 (0x41898bb3) sub     s7, s3, s8
3 0x800091a4 (0x41898bb3) x23 0x0000006f
core   0: 0xffffffff800091a8 (0x19687a93) andi    s5, a6, 406
3 0x800091a8 (0x19687a93) x21 0x00000000
core   0: 0xffffffff800091ac (0x01fe12b3) sll     t0, t3, t6
3 0x800091ac (0x01fe12b3) x 5 0x52489598
core   0: 0xffffffff800091b0 (0x009c4b33) xor     s6, s8, s1
3 0x800091b0 (0x009c4b33) x22 0x7ffef1f6
core   0: 0xffffffff800091b4 (0x5202cd97) auipc   s11, 0x5202c
3 0x800091b4 (0x5202cd97) x27 0xd20351b4
core   0: 0xffffffff800091b8 (0x00ff8db3) add     s11, t6, a5
3 0x800091b8 (0x00ff8db3) x27 0x0e0a2ef9
core   0: 0xffffffff800091bc (0xcfdd6117) auipc   sp, 0xcfdd6
3 0x800091bc (0xcfdd6117) x 2 0x4fddf1bc
core   0: 0xffffffff800091c0 (0xeaa12cb7) lui     s9, 0xeaa12
3 0x800091c0 (0xeaa12cb7) x25 0xeaa12000
core   0: 0xffffffff800091c4 (0x41fa0733) sub     a4, s4, t6
3 0x800091c4 (0x41fa0733) x14 0x80015001
core   0: 0xffffffff800091c8 (0x011b1eb3) sll     t4, s6, a7
3 0x800091c8 (0x011b1eb3) x29 0x7ffef1f6
core   0: 0xffffffff800091cc (0x2a7d7f13) andi    t5, s10, 679
3 0x800091cc (0x2a7d7f13) x30 0x00000027
core   0: 0xffffffff800091d0 (0x000639b3) sltu    s3, a2, zero
3 0x800091d0 (0x000639b3) x19 0x00000000
core   0: 0xffffffff800091d4 (0x407dd633) sra     a2, s11, t2
3 0x800091d4 (0x407dd633) x12 0x0705177c
core   0: 0xffffffff800091d8 (0x405fddb3) sra     s11, t6, t0
3 0x800091d8 (0x405fddb3) x27 0xffffffff
core   0: 0xffffffff800091dc (0x0104c233) xor     tp, s1, a6
3 0x800091dc (0x0104c233) x 4 0x80010e64
core   0: 0xffffffff800091e0 (0x006d75b3) and     a1, s10, t1
3 0x800091e0 (0x006d75b3) x11 0x00000000
core   0: 0xffffffff800091e4 (0x01cec2b3) xor     t0, t4, t3
3 0x800091e4 (0x01cec2b3) x 5 0x95b7e345
core   0: 0xffffffff800091e8 (0x00000013) nop
3 0x800091e8 (0x00000013)
core   0: 0xffffffff800091ec (0xfcb93e13) sltiu   t3, s2, -53
3 0x800091ec (0xfcb93e13) x28 0x00000001
core   0: 0xffffffff800091f0 (0xe2d34613) xori    a2, t1, -467
3 0x800091f0 (0xe2d34613) x12 0xfffffe2d
core   0: 0xffffffff800091f4 (0x0792c793) xori    a5, t0, 121
3 0x800091f4 (0x0792c793) x15 0x95b7e33c
core   0: 0xffffffff800091f8 (0x00eb08b3) add     a7, s6, a4
3 0x800091f8 (0x00eb08b3) x17 0x000041f7
core   0: 0xffffffff800091fc (0x1f20f697) auipc   a3, 0x1f20f
3 0x800091fc (0x1f20f697) x13 0x9f2181fc
core   0: 0xffffffff80009200 (0xd48a0e13) addi    t3, s4, -696
3 0x80009200 (0xd48a0e13) x28 0x80014a2c
core   0: 0xffffffff80009204 (0x41505533) sra     a0, zero, s5
3 0x80009204 (0x41505533) x10 0x00000000
core   0: 0xffffffff80009208 (0xc7b8c193) xori    gp, a7, -901
3 0x80009208 (0xc7b8c193) x 3 0xffffbd8c
core   0: 0xffffffff8000920c (0x2e3b2e13) slti    t3, s6, 739
3 0x8000920c (0x2e3b2e13) x28 0x00000000
core   0: 0xffffffff80009210 (0x0020eab3) or      s5, ra, sp
3 0x80009210 (0x0020eab3) x21 0x4fddf1bc
core   0: 0xffffffff80009214 (0x01f3c233) xor     tp, t2, t6
3 0x80009214 (0x01f3c233) x 4 0xfffffce2
core   0: 0xffffffff80009218 (0x01da6eb3) or      t4, s4, t4
3 0x80009218 (0x01da6eb3) x29 0xfffffdf6
core   0: 0xffffffff8000921c (0x02cd3213) sltiu   tp, s10, 44
3 0x8000921c (0x02cd3213) x 4 0x00000000
core   0: 0xffffffff80009220 (0x4193db33) sra     s6, t2, s9
3 0x80009220 (0x4193db33) x22 0x00000001
core   0: 0xffffffff80009224 (0xd5f77b13) andi    s6, a4, -673
3 0x80009224 (0xd5f77b13) x22 0x80015001
core   0: 0xffffffff80009228 (0xfb3c4e13) xori    t3, s8, -77
3 0x80009228 (0xfb3c4e13) x28 0x00000021
core   0: 0xffffffff8000922c (0x3a0f7c13) andi    s8, t5, 928
3 0x8000922c (0x3a0f7c13) x24 0x00000020
core   0: 0xffffffff80009230 (0xd3357793) andi    a5, a0, -717
3 0x80009230 (0xd3357793) x15 0x00000000
core   0: 0xffffffff80009234 (0xc8867b93) andi    s7, a2, -888
3 0x80009234 (0xc8867b93) x23 0xfffffc08
core   0: 0xffffffff80009238 (0x4b8e5137) lui     sp, 0x4b8e5
3 0x80009238 (0x4b8e5137) x 2 0x4b8e5000
core   0: 0xffffffff8000923c (0x00eed813) srli    a6, t4, 14
3 0x8000923c (0x00eed813) x16 0x0003ffff
core   0: 0xffffffff80009240 (0x40e98db3) sub     s11, s3, a4
3 0x80009240 (0x40e98db3) x27 0x7ffeafff
core   0: 0xffffffff80009244 (0x416305b3) sub     a1, t1, s6
3 0x80009244 (0x416305b3) x11 0x7ffeafff
core   0: 0xffffffff80009248 (0x4114d413) srai    s0, s1, 17
3 0x80009248 (0x4114d413) x 8 0xffffc000
core   0: 0xffffffff8000924c (0x3a26c9b7) lui     s3, 0x3a26c
3 0x8000924c (0x3a26c9b7) x19 0x3a26c000
core   0: 0xffffffff80009250 (0x00bc9c93) slli    s9, s9, 11
3 0x80009250 (0x00bc9c93) x25 0x09000000
core   0: 0xffffffff80009254 (0x00a7ebb3) or      s7, a5, a0
3 0x80009254 (0x00a7ebb3) x23 0x00000000
core   0: 0xffffffff80009258 (0x01aa4133) xor     sp, s4, s10
3 0x80009258 (0x01aa4133) x 2 0x54936983
core   0: 0xffffffff8000925c (0x00000013) nop
3 0x8000925c (0x00000013)
core   0: 0xffffffff80009260 (0x00279633) sll     a2, a5, sp
3 0x80009260 (0x00279633) x12 0x00000000
core   0: 0xffffffff80009264 (0x00000013) nop
3 0x80009264 (0x00000013)
core   0: 0xffffffff80009268 (0x01f311b3) sll     gp, t1, t6
3 0x80009268 (0x01f311b3) x 3 0x00000000
core   0: 0xffffffff8000926c (0x0133de93) srli    t4, t2, 19
3 0x8000926c (0x0133de93) x29 0x00000000
core   0: 0xffffffff80009270 (0xcf20f1b7) lui     gp, 0xcf20f
3 0x80009270 (0xcf20f1b7) x 3 0xcf20f000
core   0: 0xffffffff80009274 (0x2848bc13) sltiu   s8, a7, 644
3 0x80009274 (0x2848bc13) x24 0x00000000
core   0: 0xffffffff80009278 (0x28c22317) auipc   t1, 0x28c22
3 0x80009278 (0x28c22317) x 6 0xa8c2b278
core   0: 0xffffffff8000927c (0xd8df6693) ori     a3, t5, -627
3 0x8000927c (0xd8df6693) x13 0xfffffdaf
core   0: 0xffffffff80009280 (0x01354433) xor     s0, a0, s3
3 0x80009280 (0x01354433) x 8 0x3a26c000
core   0: 0xffffffff80009284 (0x0428a113) slti    sp, a7, 66
3 0x80009284 (0x0428a113) x 2 0x00000000
core   0: 0xffffffff80009288 (0x1c01e993) ori     s3, gp, 448
3 0x80009288 (0x1c01e993) x19 0xcf20f1c0
core   0: 0xffffffff8000928c (0x0063d813) srli    a6, t2, 6
3 0x8000928c (0x0063d813) x16 0x00000000
core   0: 0xffffffff80009290 (0x41a0d1b3) sra     gp, ra, s10
3 0x80009290 (0x41a0d1b3) x 3 0x00000000
core   0: 0xffffffff80009294 (0x011a06b3) add     a3, s4, a7
3 0x80009294 (0x011a06b3) x13 0x80018edb
core   0: 0xffffffff80009298 (0x01254433) xor     s0, a0, s2
3 0x80009298 (0x01254433) x 8 0x00000001
core   0: 0xffffffff8000929c (0x36d96713) ori     a4, s2, 877
3 0x8000929c (0x36d96713) x14 0x0000036d
core   0: 0xffffffff800092a0 (0xe5c28913) addi    s2, t0, -420
3 0x800092a0 (0xe5c28913) x18 0x95b7e1a1
core   0: 0xffffffff800092a4 (0x068bdf17) auipc   t5, 0x68bd
3 0x800092a4 (0x068bdf17) x30 0x868c62a4
core   0: 0xffffffff800092a8 (0x016e9f13) slli    t5, t4, 22
3 0x800092a8 (0x016e9f13) x30 0x00000000
core   0: 0xffffffff800092ac (0x014e43b3) xor     t2, t3, s4
3 0x800092ac (0x014e43b3) x 7 0x80014cc5
core   0: 0xffffffff800092b0 (0x238a7f13) andi    t5, s4, 568
3 0x800092b0 (0x238a7f13) x30 0x00000020
core   0: 0xffffffff800092b4 (0x01f8a3b3) slt     t2, a7, t6
3 0x800092b4 (0x01f8a3b3) x 7 0x00000000
core   0: 0xffffffff800092b8 (0x1ec50693) addi    a3, a0, 492
3 0x800092b8 (0x1ec50693) x13 0x000001ec
core   0: 0xffffffff800092bc (0xda62c013) xori    zero, t0, -602
3 0x800092bc (0xda62c013)
core   0: 0xffffffff800092c0 (0x41420733) sub     a4, tp, s4
3 0x800092c0 (0x41420733) x14 0x7ffeb31c
core   0: 0xffffffff800092c4 (0x56d9ccb7) lui     s9, 0x56d9c
3 0x800092c4 (0x56d9ccb7) x25 0x56d9c000
core   0: 0xffffffff800092c8 (0x0021de93) srli    t4, gp, 2
3 0x800092c8 (0x0021de93) x29 0x00000000
core   0: 0xffffffff800092cc (0xe9f83793) sltiu   a5, a6, -353
3 0x800092cc (0xe9f83793) x15 0x00000001
core   0: 0xffffffff800092d0 (0x0166e433) or      s0, a3, s6
3 0x800092d0 (0x0166e433) x 8 0x800151ed
core   0: 0xffffffff800092d4 (0x01d8e333) or      t1, a7, t4
3 0x800092d4 (0x01d8e333) x 6 0x000041f7
core   0: 0xffffffff800092d8 (0xe9959417) auipc   s0, 0xe9959
3 0x800092d8 (0xe9959417) x 8 0x699622d8
core   0: 0xffffffff800092dc (0xc6dd4013) xori    zero, s10, -915
3 0x800092dc (0xc6dd4013)
core   0: 0xffffffff800092e0 (0x2b967913) andi    s2, a2, 697
3 0x800092e0 (0x2b967913) x18 0x00000000
core   0: 0xffffffff800092e4 (0x40638833) sub     a6, t2, t1
3 0x800092e4 (0x40638833) x16 0xffffbe09
core   0: 0xffffffff800092e8 (0xc1beaa93) slti    s5, t4, -997
3 0x800092e8 (0xc1beaa93) x21 0x00000000
core   0: 0xffffffff800092ec (0x01fac933) xor     s2, s5, t6
3 0x800092ec (0x01fac933) x18 0xfffffce3
core   0: 0xffffffff800092f0 (0xd896e513) ori     a0, a3, -631
3 0x800092f0 (0xd896e513) x10 0xfffffded
core   0: 0xffffffff800092f4 (0x0028e133) or      sp, a7, sp
3 0x800092f4 (0x0028e133) x 2 0x000041f7
core   0: 0xffffffff800092f8 (0x00321a93) slli    s5, tp, 3
3 0x800092f8 (0x00321a93) x21 0x00000000
core   0: 0xffffffff800092fc (0x401f0533) sub     a0, t5, ra
3 0x800092fc (0x401f0533) x10 0x00000020
core   0: 0xffffffff80009300 (0xd323b293) sltiu   t0, t2, -718
3 0x80009300 (0xd323b293) x 5 0x00000001
core   0: 0xffffffff80009304 (0x00eb5513) srli    a0, s6, 14
3 0x80009304 (0x00eb5513) x10 0x00020005
core   0: 0xffffffff80009308 (0x004aeb33) or      s6, s5, tp
3 0x80009308 (0x004aeb33) x22 0x00000000
core   0: 0xffffffff8000930c (0x00000013) nop
3 0x8000930c (0x00000013)
core   0: 0xffffffff80009310 (0x40978c33) sub     s8, a5, s1
3 0x80009310 (0x40978c33) x24 0x7ffef19d
core   0: 0xffffffff80009314 (0x004e9733) sll     a4, t4, tp
3 0x80009314 (0x004e9733) x14 0x00000000
core   0: 0xffffffff80009318 (0x084c0d93) addi    s11, s8, 132
3 0x80009318 (0x084c0d93) x27 0x7ffef221
core   0: 0xffffffff8000931c (0x40b0d3b3) sra     t2, ra, a1
3 0x8000931c (0x40b0d3b3) x 7 0x00000000
core   0: 0xffffffff80009320 (0x40ded693) srai    a3, t4, 13
3 0x80009320 (0x40ded693) x13 0x00000000
core   0: 0xffffffff80009324 (0xb47b1d97) auipc   s11, 0xb47b1
3 0x80009324 (0xb47b1d97) x27 0x347ba324
core   0: 0xffffffff80009328 (0x00d7dd93) srli    s11, a5, 13
3 0x80009328 (0x00d7dd93) x27 0x00000000
core   0: 0xffffffff8000932c (0xf7e33e93) sltiu   t4, t1, -130
3 0x8000932c (0xf7e33e93) x29 0x00000001
core   0: 0xffffffff80009330 (0xf2a1e093) ori     ra, gp, -214
3 0x80009330 (0xf2a1e093) x 1 0xffffff2a
core   0: 0xffffffff80009334 (0x2e0c0c13) addi    s8, s8, 736
3 0x80009334 (0x2e0c0c13) x24 0x7ffef47d
core   0: 0xffffffff80009338 (0x016ab7b3) sltu    a5, s5, s6
3 0x80009338 (0x016ab7b3) x15 0x00000000
core   0: 0xffffffff8000933c (0x010fe7b3) or      a5, t6, a6
3 0x8000933c (0x010fe7b3) x15 0xfffffeeb
core   0: 0xffffffff80009340 (0xc70d2e93) slti    t4, s10, -912
3 0x80009340 (0xc70d2e93) x29 0x00000001
core   0: 0xffffffff80009344 (0xfe440213) addi    tp, s0, -28
3 0x80009344 (0xfe440213) x 4 0x699622bc
core   0: 0xffffffff80009348 (0x005e1713) slli    a4, t3, 5
3 0x80009348 (0x005e1713) x14 0x00000420
core   0: 0xffffffff8000934c (0x28837293) andi    t0, t1, 648
3 0x8000934c (0x28837293) x 5 0x00000080
core   0: 0xffffffff80009350 (0x00095c93) srli    s9, s2, 0
3 0x80009350 (0x00095c93) x25 0xfffffce3
core   0: 0xffffffff80009354 (0xcfff3b13) sltiu   s6, t5, -769
3 0x80009354 (0xcfff3b13) x22 0x00000001
core   0: 0xffffffff80009358 (0x011cb633) sltu    a2, s9, a7
3 0x80009358 (0x011cb633) x12 0x00000000
core   0: 0xffffffff8000935c (0x00157033) and     zero, a0, ra
3 0x8000935c (0x00157033)
core   0: 0xffffffff80009360 (0xfae2f393) andi    t2, t0, -82
3 0x80009360 (0xfae2f393) x 7 0x00000080
core   0: 0xffffffff80009364 (0x0126deb3) srl     t4, a3, s2
3 0x80009364 (0x0126deb3) x29 0x00000000
core   0: 0xffffffff80009368 (0x00c2fdb3) and     s11, t0, a2
3 0x80009368 (0x00c2fdb3) x27 0x00000000
core   0: 0xffffffff8000936c (0x39e63393) sltiu   t2, a2, 926
3 0x8000936c (0x39e63393) x 7 0x00000001
core   0: 0xffffffff80009370 (0x1ffeac97) auipc   s9, 0x1ffea
3 0x80009370 (0x1ffeac97) x25 0x9fff3370
core   0: 0xffffffff80009374 (0x2feca993) slti    s3, s9, 766
3 0x80009374 (0x2feca993) x19 0x00000001
core   0: 0xffffffff80009378 (0x017060b3) or      ra, zero, s7
3 0x80009378 (0x017060b3) x 1 0x00000000
core   0: 0xffffffff8000937c (0x015e5693) srli    a3, t3, 21
3 0x8000937c (0x015e5693) x13 0x00000000
core   0: 0xffffffff80009380 (0x77be1637) lui     a2, 0x77be1
3 0x80009380 (0x77be1637) x12 0x77be1000
core   0: 0xffffffff80009384 (0xca18c413) xori    s0, a7, -863
3 0x80009384 (0xca18c413) x 8 0xffffbd56
core   0: 0xffffffff80009388 (0x413f0833) sub     a6, t5, s3
3 0x80009388 (0x413f0833) x16 0x0000001f
core   0: 0xffffffff8000938c (0x01a151b3) srl     gp, sp, s10
3 0x8000938c (0x01a151b3) x 3 0x00000083
core   0: 0xffffffff80009390 (0x1ed18393) addi    t2, gp, 493
3 0x80009390 (0x1ed18393) x 7 0x00000270
core   0: 0xffffffff80009394 (0x01a01093) slli    ra, zero, 26
3 0x80009394 (0x01a01093) x 1 0x00000000
core   0: 0xffffffff80009398 (0x00000613) li      a2, 0
3 0x80009398 (0x00000613) x12 0x00000000
core   0: 0xffffffff8000939c (0xfff00e93) li      t4, -1
3 0x8000939c (0xfff00e93) x29 0xffffffff
core   0: 0xffffffff800093a0 (0x80000c37) lui     s8, 0x80000
3 0x800093a0 (0x80000c37) x24 0x80000000
core   0: 0xffffffff800093a4 (0x800001b7) lui     gp, 0x80000
3 0x800093a4 (0x800001b7) x 3 0x80000000
core   0: 0xffffffff800093a8 (0x00000713) li      a4, 0
3 0x800093a8 (0x00000713) x14 0x00000000
core   0: 0xffffffff800093ac (0xfedaf337) lui     t1, 0xfedaf
3 0x800093ac (0xfedaf337) x 6 0xfedaf000
core   0: 0xffffffff800093b0 (0xd5030313) addi    t1, t1, -688
3 0x800093b0 (0xd5030313) x 6 0xfedaed50
core   0: 0xffffffff800093b4 (0x545e8fb7) lui     t6, 0x545e8
3 0x800093b4 (0x545e8fb7) x31 0x545e8000
core   0: 0xffffffff800093b8 (0xe11f8f93) addi    t6, t6, -495
3 0x800093b8 (0xe11f8f93) x31 0x545e7e11
core   0: 0xffffffff800093bc (0x6f145cb7) lui     s9, 0x6f145
3 0x800093bc (0x6f145cb7) x25 0x6f145000
core   0: 0xffffffff800093c0 (0x945c8c93) addi    s9, s9, -1723
3 0x800093c0 (0x945c8c93) x25 0x6f144945
core   0: 0xffffffff800093c4 (0x80000b37) lui     s6, 0x80000
3 0x800093c4 (0x80000b37) x22 0x80000000
core   0: 0xffffffff800093c8 (0x34c44537) lui     a0, 0x34c44
3 0x800093c8 (0x34c44537) x10 0x34c44000
core   0: 0xffffffff800093cc (0xd6450513) addi    a0, a0, -668
3 0x800093cc (0xd6450513) x10 0x34c43d64
core   0: 0xffffffff800093d0 (0x2a0f3737) lui     a4, 0x2a0f3
3 0x800093d0 (0x2a0f3737) x14 0x2a0f3000
core   0: 0xffffffff800093d4 (0x5d5a0b17) auipc   s6, 0x5d5a0
3 0x800093d4 (0x5d5a0b17) x22 0xdd5a93d4
core   0: 0xffffffff800093d8 (0x14784b17) auipc   s6, 0x14784
3 0x800093d8 (0x14784b17) x22 0x9478d3d8
core   0: 0xffffffff800093dc (0xf3fc0c13) addi    s8, s8, -193
3 0x800093dc (0xf3fc0c13) x24 0x7fffff3f
core   0: 0xffffffff800093e0 (0x14d30613) addi    a2, t1, 333
3 0x800093e0 (0x14d30613) x12 0xfedaee9d
core   0: 0xffffffff800093e4 (0x00000013) nop
3 0x800093e4 (0x00000013)
core   0: 0xffffffff800093e8 (0x00000013) nop
3 0x800093e8 (0x00000013)
core   0: 0xffffffff800093ec (0x3ed62317) auipc   t1, 0x3ed62
3 0x800093ec (0x3ed62317) x 6 0xbed6b3ec
core   0: 0xffffffff800093f0 (0x00000013) nop
3 0x800093f0 (0x00000013)
core   0: 0xffffffff800093f4 (0x1821b517) auipc   a0, 0x1821b
3 0x800093f4 (0x1821b517) x10 0x982243f4
core   0: 0xffffffff800093f8 (0x44684517) auipc   a0, 0x44684
3 0x800093f8 (0x44684517) x10 0xc468d3f8
core   0: 0xffffffff800093fc (0x018f8533) add     a0, t6, s8
3 0x800093fc (0x018f8533) x10 0xd45e7d50
core   0: 0xffffffff80009400 (0x6cbf5f97) auipc   t6, 0x6cbf5
3 0x80009400 (0x6cbf5f97) x31 0xecbfe400
core   0: 0xffffffff80009404 (0x86b7cc97) auipc   s9, 0x86b7c
3 0x80009404 (0x86b7cc97) x25 0x06b85404
core   0: 0xffffffff80009408 (0xc38a7197) auipc   gp, 0xc38a7
3 0x80009408 (0xc38a7197) x 3 0x438b0408
core   0: 0xffffffff8000940c (0x65e84e97) auipc   t4, 0x65e84
3 0x8000940c (0x65e84e97) x29 0xe5e8d40c
core   0: 0xffffffff80009410 (0x0005b233) sltu    tp, a1, zero
3 0x80009410 (0x0005b233) x 4 0x00000000
core   0: 0xffffffff80009414 (0x0115e0b3) or      ra, a1, a7
3 0x80009414 (0x0115e0b3) x 1 0x7ffeefff
core   0: 0xffffffff80009418 (0xffb9d397) auipc   t2, 0xffb9d
3 0x80009418 (0xffb9d397) x 7 0x7fba6418
core   0: 0xffffffff8000941c (0xe96b7c13) andi    s8, s6, -362
3 0x8000941c (0xe96b7c13) x24 0x9478d290
core   0: 0xffffffff80009420 (0x118e8b13) addi    s6, t4, 280
3 0x80009420 (0x118e8b13) x22 0xe5e8d524
core   0: 0xffffffff80009424 (0x004e5e93) srli    t4, t3, 4
3 0x80009424 (0x004e5e93) x29 0x00000002
core   0: 0xffffffff80009428 (0xe99ec013) xori    zero, t4, -359
3 0x80009428 (0xe99ec013)
core   0: 0xffffffff8000942c (0x10b66f93) ori     t6, a2, 267
3 0x8000942c (0x10b66f93) x31 0xfedaef9f
core   0: 0xffffffff80009430 (0x00eedb93) srli    s7, t4, 14
3 0x80009430 (0x00eedb93) x23 0x00000000
core   0: 0xffffffff80009434 (0x26f7e893) ori     a7, a5, 623
3 0x80009434 (0x26f7e893) x17 0xfffffeef
core   0: 0xffffffff80009438 (0x404f08b3) sub     a7, t5, tp
3 0x80009438 (0x404f08b3) x17 0x00000020
core   0: 0xffffffff8000943c (0x01f57f33) and     t5, a0, t6
3 0x8000943c (0x01f57f33) x30 0xd45a6d10
core   0: 0xffffffff80009440 (0x40f65933) sra     s2, a2, a5
3 0x80009440 (0x40f65933) x18 0xffffdb5d
core   0: 0xffffffff80009444 (0x00530db3) add     s11, t1, t0
3 0x80009444 (0x00530db3) x27 0xbed6b46c
core   0: 0xffffffff80009448 (0x2175cbb7) lui     s7, 0x2175c
3 0x80009448 (0x2175cbb7) x23 0x2175c000
core   0: 0xffffffff8000944c (0x01bb5e13) srli    t3, s6, 27
3 0x8000944c (0x01bb5e13) x28 0x0000001c
core   0: 0xffffffff80009450 (0x40128833) sub     a6, t0, ra
3 0x80009450 (0x40128833) x16 0x80011081
core   0: 0xffffffff80009454 (0x15e23e93) sltiu   t4, tp, 350
3 0x80009454 (0x15e23e93) x29 0x00000001
core   0: 0xffffffff80009458 (0x210cbf93) sltiu   t6, s9, 528
3 0x80009458 (0x210cbf93) x31 0x00000000
core   0: 0xffffffff8000945c (0x0180a033) slt     zero, ra, s8
3 0x8000945c (0x0180a033)
core   0: 0xffffffff80009460 (0x3de3e393) ori     t2, t2, 990
3 0x80009460 (0x3de3e393) x 7 0x7fba67de
core   0: 0xffffffff80009464 (0xffee3c93) sltiu   s9, t3, -2
3 0x80009464 (0xffee3c93) x25 0x00000001
core   0: 0xffffffff80009468 (0x009ec7b3) xor     a5, t4, s1
3 0x80009468 (0x009ec7b3) x15 0x80010e65
core   0: 0xffffffff8000946c (0x07460b93) addi    s7, a2, 116
3 0x8000946c (0x07460b93) x23 0xfedaef11
core   0: 0xffffffff80009470 (0x016e5eb3) srl     t4, t3, s6
3 0x80009470 (0x016e5eb3) x29 0x00000001
core   0: 0xffffffff80009474 (0x2ca8e717) auipc   a4, 0x2ca8e
3 0x80009474 (0x2ca8e717) x14 0xaca97474
core   0: 0xffffffff80009478 (0x005bd1b3) srl     gp, s7, t0
3 0x80009478 (0x005bd1b3) x 3 0xfedaef11
core   0: 0xffffffff8000947c (0xf3623e93) sltiu   t4, tp, -202
3 0x8000947c (0xf3623e93) x29 0x00000001
core   0: 0xffffffff80009480 (0x407fd533) sra     a0, t6, t2
3 0x80009480 (0x407fd533) x10 0x00000000
core   0: 0xffffffff80009484 (0x0032bfb3) sltu    t6, t0, gp
3 0x80009484 (0x0032bfb3) x31 0x00000001
core   0: 0xffffffff80009488 (0x202e7c93) andi    s9, t3, 514
3 0x80009488 (0x202e7c93) x25 0x00000000
core   0: 0xffffffff8000948c (0x00175693) srli    a3, a4, 1
3 0x8000948c (0x00175693) x13 0x5654ba3a
core   0: 0xffffffff80009490 (0xd362e893) ori     a7, t0, -714
3 0x80009490 (0xd362e893) x17 0xfffffdb6
core   0: 0xffffffff80009494 (0xc4f40993) addi    s3, s0, -945
3 0x80009494 (0xc4f40993) x19 0xffffb9a5
core   0: 0xffffffff80009498 (0x41d0da93) srai    s5, ra, 29
3 0x80009498 (0x41d0da93) x21 0x00000003
core   0: 0xffffffff8000949c (0x0048cfb3) xor     t6, a7, tp
3 0x8000949c (0x0048cfb3) x31 0xfffffdb6
core   0: 0xffffffff800094a0 (0x40295db3) sra     s11, s2, sp
3 0x800094a0 (0x40295db3) x27 0xffffffff
core   0: 0xffffffff800094a4 (0x0006d513) srli    a0, a3, 0
3 0x800094a4 (0x0006d513) x10 0x5654ba3a
core   0: 0xffffffff800094a8 (0x00a5b933) sltu    s2, a1, a0
3 0x800094a8 (0x00a5b933) x18 0x00000000
core   0: 0xffffffff800094ac (0x00f55213) srli    tp, a0, 15
3 0x800094ac (0x00f55213) x 4 0x0000aca9
core   0: 0xffffffff800094b0 (0xf763c193) xori    gp, t2, -138
3 0x800094b0 (0xf763c193) x 3 0x804598a8
core   0: 0xffffffff800094b4 (0x00e4d933) srl     s2, s1, a4
3 0x800094b4 (0x00e4d933) x18 0x00000800
core   0: 0xffffffff800094b8 (0xd583fe13) andi    t3, t2, -680
3 0x800094b8 (0xd583fe13) x28 0x7fba6558
core   0: 0xffffffff800094bc (0xce0e7613) andi    a2, t3, -800
3 0x800094bc (0xce0e7613) x12 0x7fba6440
core   0: 0xffffffff800094c0 (0x010ee8b3) or      a7, t4, a6
3 0x800094c0 (0x010ee8b3) x17 0x80011081
core   0: 0xffffffff800094c4 (0x014f6ab3) or      s5, t5, s4
3 0x800094c4 (0x014f6ab3) x21 0xd45b6df4
core   0: 0xffffffff800094c8 (0x015a6e33) or      t3, s4, s5
3 0x800094c8 (0x015a6e33) x28 0xd45b6df4
core   0: 0xffffffff800094cc (0x41055bb3) sra     s7, a0, a6
3 0x800094cc (0x41055bb3) x23 0x2b2a5d1d
core   0: 0xffffffff800094d0 (0x325ec913) xori    s2, t4, 805
3 0x800094d0 (0x325ec913) x18 0x00000324
core   0: 0xffffffff800094d4 (0x1ff67c97) auipc   s9, 0x1ff67
3 0x800094d4 (0x1ff67c97) x25 0x9ff704d4
core   0: 0xffffffff800094d8 (0xc03fb737) lui     a4, 0xc03fb
3 0x800094d8 (0xc03fb737) x14 0xc03fb000
core   0: 0xffffffff800094dc (0x01afd6b3) srl     a3, t6, s10
3 0x800094dc (0x01afd6b3) x13 0x01fffffb
core   0: 0xffffffff800094e0 (0x00ac7eb3) and     t4, s8, a0
3 0x800094e0 (0x00ac7eb3) x29 0x14509210
core   0: 0xffffffff800094e4 (0x160ab5b7) lui     a1, 0x160ab
3 0x800094e4 (0x160ab5b7) x11 0x160ab000
core   0: 0xffffffff800094e8 (0x00423433) sltu    s0, tp, tp
3 0x800094e8 (0x00423433) x 8 0x00000000
core   0: 0xffffffff800094ec (0x003d6433) or      s0, s10, gp
3 0x800094ec (0x003d6433) x 8 0xd4d7bdef
core   0: 0xffffffff800094f0 (0x01c0f7b3) and     a5, ra, t3
3 0x800094f0 (0x01c0f7b3) x15 0x545a6df4
core   0: 0xffffffff800094f4 (0x01fa5b33) srl     s6, s4, t6
3 0x800094f4 (0x01fa5b33) x22 0x00000200
core   0: 0xffffffff800094f8 (0x41f25e13) srai    t3, tp, 31
3 0x800094f8 (0x41f25e13) x28 0x00000000
core   0: 0xffffffff800094fc (0x018fc833) xor     a6, t6, s8
3 0x800094fc (0x018fc833) x16 0x6b872f26
core   0: 0xffffffff80009500 (0x01625333) srl     t1, tp, s6
3 0x80009500 (0x01625333) x 6 0x0000aca9
core   0: 0xffffffff80009504 (0xfd6f6113) ori     sp, t5, -42
3 0x80009504 (0xfd6f6113) x 2 0xffffffd6
core   0: 0xffffffff80009508 (0x014831b3) sltu    gp, a6, s4
3 0x80009508 (0x014831b3) x 3 0x00000001
core   0: 0xffffffff8000950c (0x00000013) nop
3 0x8000950c (0x00000013)
core   0: 0xffffffff80009510 (0x32aef593) andi    a1, t4, 810
3 0x80009510 (0x32aef593) x11 0x00000200
core   0: 0xffffffff80009514 (0x00c109b3) add     s3, sp, a2
3 0x80009514 (0x00c109b3) x19 0x7fba6416
core   0: 0xffffffff80009518 (0xc8df8093) addi    ra, t6, -883
3 0x80009518 (0xc8df8093) x 1 0xfffffa43
core   0: 0xffffffff8000951c (0x1e1f7413) andi    s0, t5, 481
3 0x8000951c (0x1e1f7413) x 8 0x00000100
core   0: 0xffffffff80009520 (0x00000013) nop
3 0x80009520 (0x00000013)
core   0: 0xffffffff80009524 (0x41968133) sub     sp, a3, s9
3 0x80009524 (0x41968133) x 2 0x6208fb27
core   0: 0xffffffff80009528 (0x2c197013) andi    zero, s2, 705
3 0x80009528 (0x2c197013)
core   0: 0xffffffff8000952c (0xc7e5b113) sltiu   sp, a1, -898
3 0x8000952c (0xc7e5b113) x 2 0x00000001
core   0: 0xffffffff80009530 (0x417d5e93) srai    t4, s10, 23
3 0x80009530 (0x417d5e93) x29 0xffffffa9
core   0: 0xffffffff80009534 (0x00856b33) or      s6, a0, s0
3 0x80009534 (0x00856b33) x22 0x5654bb3a
core   0: 0xffffffff80009538 (0x00394333) xor     t1, s2, gp
3 0x80009538 (0x00394333) x 6 0x00000325
core   0: 0xffffffff8000953c (0x939989b7) lui     s3, 0x93998
3 0x8000953c (0x939989b7) x19 0x93998000
core   0: 0xffffffff80009540 (0x00bcd533) srl     a0, s9, a1
3 0x80009540 (0x00bcd533) x10 0x9ff704d4
core   0: 0xffffffff80009544 (0x002099b3) sll     s3, ra, sp
3 0x80009544 (0x002099b3) x19 0xfffff486
core   0: 0xffffffff80009548 (0xfbeace97) auipc   t4, 0xfbeac
3 0x80009548 (0xfbeace97) x29 0x7beb5548
core   0: 0xffffffff8000954c (0x01e36bb3) or      s7, t1, t5
3 0x8000954c (0x01e36bb3) x23 0xd45a6f35
core   0: 0xffffffff80009550 (0x011e9c13) slli    s8, t4, 17
3 0x80009550 (0x011e9c13) x24 0xaa900000
core   0: 0xffffffff80009554 (0x01a49d93) slli    s11, s1, 26
3 0x80009554 (0x01a49d93) x27 0x90000000
core   0: 0xffffffff80009558 (0x412553b3) sra     t2, a0, s2
3 0x80009558 (0x412553b3) x 7 0xf9ff704d
core   0: 0xffffffff8000955c (0x019e1bb3) sll     s7, t3, s9
3 0x8000955c (0x019e1bb3) x23 0x00000000
core   0: 0xffffffff80009560 (0x009ffa93) andi    s5, t6, 9
3 0x80009560 (0x009ffa93) x21 0x00000000
core   0: 0xffffffff80009564 (0x41978933) sub     s2, a5, s9
3 0x80009564 (0x41978933) x18 0xb4636920
core   0: 0xffffffff80009568 (0xdfcc6a93) ori     s5, s8, -516
3 0x80009568 (0xdfcc6a93) x21 0xfffffdfc
core   0: 0xffffffff8000956c (0x39fa3f93) sltiu   t6, s4, 927
3 0x8000956c (0x39fa3f93) x31 0x00000000
core   0: 0xffffffff80009570 (0x0047d233) srl     tp, a5, tp
3 0x80009570 (0x0047d233) x 4 0x002a2d36
core   0: 0xffffffff80009574 (0x00a72fb3) slt     t6, a4, a0
3 0x80009574 (0x00a72fb3) x31 0x00000000
core   0: 0xffffffff80009578 (0x01a4d333) srl     t1, s1, s10
3 0x80009578 (0x01a4d333) x 6 0x0100021c
core   0: 0xffffffff8000957c (0x41228533) sub     a0, t0, s2
3 0x8000957c (0x41228533) x10 0x4b9c9760
core   0: 0xffffffff80009580 (0x408b5bb3) sra     s7, s6, s0
3 0x80009580 (0x408b5bb3) x23 0x5654bb3a
core   0: 0xffffffff80009584 (0x00945793) srli    a5, s0, 9
3 0x80009584 (0x00945793) x15 0x00000000
core   0: 0xffffffff80009588 (0xbd122617) auipc   a2, 0xbd122
3 0x80009588 (0xbd122617) x12 0x3d12b588
core   0: 0xffffffff8000958c (0x0139a133) slt     sp, s3, s3
3 0x8000958c (0x0139a133) x 2 0x00000000
core   0: 0xffffffff80009590 (0xef297613) andi    a2, s2, -270
3 0x80009590 (0xef297613) x12 0xb4636820
core   0: 0xffffffff80009594 (0xc8c73793) sltiu   a5, a4, -884
3 0x80009594 (0xc8c73793) x15 0x00000001
core   0: 0xffffffff80009598 (0x015fee33) or      t3, t6, s5
3 0x80009598 (0x015fee33) x28 0xfffffdfc
core   0: 0xffffffff8000959c (0xc474b393) sltiu   t2, s1, -953
3 0x8000959c (0xc474b393) x 7 0x00000001
core   0: 0xffffffff800095a0 (0x40ccdeb3) sra     t4, s9, a2
3 0x800095a0 (0x40ccdeb3) x29 0x9ff704d4
core   0: 0xffffffff800095a4 (0x41675793) srai    a5, a4, 22
3 0x800095a4 (0x41675793) x15 0xffffff00
core   0: 0xffffffff800095a8 (0x0022de33) srl     t3, t0, sp
3 0x800095a8 (0x0022de33) x28 0x00000080
core   0: 0xffffffff800095ac (0x011790b3) sll     ra, a5, a7
3 0x800095ac (0x011790b3) x 1 0xfffffe00
core   0: 0xffffffff800095b0 (0x62cb6b37) lui     s6, 0x62cb6
3 0x800095b0 (0x62cb6b37) x22 0x62cb6000
core   0: 0xffffffff800095b4 (0x32e6b093) sltiu   ra, a3, 814
3 0x800095b4 (0x32e6b093) x 1 0x00000000
core   0: 0xffffffff800095b8 (0xe9cacf13) xori    t5, s5, -356
3 0x800095b8 (0xe9cacf13) x30 0x00000360
core   0: 0xffffffff800095bc (0x01e79db3) sll     s11, a5, t5
3 0x800095bc (0x01e79db3) x27 0xffffff00
core   0: 0xffffffff800095c0 (0x616b1197) auipc   gp, 0x616b1
3 0x800095c0 (0x616b1197) x 3 0xe16ba5c0
core   0: 0xffffffff800095c4 (0x40e2df13) srai    t5, t0, 14
3 0x800095c4 (0x40e2df13) x30 0x00000000
core   0: 0xffffffff800095c8 (0x009928b3) slt     a7, s2, s1
3 0x800095c8 (0x009928b3) x17 0x00000000
core   0: 0xffffffff800095cc (0x0162f3b3) and     t2, t0, s6
3 0x800095cc (0x0162f3b3) x 7 0x00000000
core   0: 0xffffffff800095d0 (0x112cb813) sltiu   a6, s9, 274
3 0x800095d0 (0x112cb813) x16 0x00000000
core   0: 0xffffffff800095d4 (0xd3bde393) ori     t2, s11, -709
3 0x800095d4 (0xd3bde393) x 7 0xffffff3b
core   0: 0xffffffff800095d8 (0x00f7cdb3) xor     s11, a5, a5
3 0x800095d8 (0x00f7cdb3) x27 0x00000000
core   0: 0xffffffff800095dc (0x40b30933) sub     s2, t1, a1
3 0x800095dc (0x40b30933) x18 0x0100001c
core   0: 0xffffffff800095e0 (0x3dea3b13) sltiu   s6, s4, 990
3 0x800095e0 (0x3dea3b13) x22 0x00000000
core   0: 0xffffffff800095e4 (0x005dc1b3) xor     gp, s11, t0
3 0x800095e4 (0x005dc1b3) x 3 0x00000080
core   0: 0xffffffff800095e8 (0x01d906b3) add     a3, s2, t4
3 0x800095e8 (0x01d906b3) x13 0xa0f704f0
core   0: 0xffffffff800095ec (0x01d36233) or      tp, t1, t4
3 0x800095ec (0x01d36233) x 4 0x9ff706dc
core   0: 0xffffffff800095f0 (0x29275437) lui     s0, 0x29275
3 0x800095f0 (0x29275437) x 8 0x29275000
core   0: 0xffffffff800095f4 (0x1a0afd93) andi    s11, s5, 416
3 0x800095f4 (0x1a0afd93) x27 0x000001a0
core   0: 0xffffffff800095f8 (0x2587fd93) andi    s11, a5, 600
3 0x800095f8 (0x2587fd93) x27 0x00000200
core   0: 0xffffffff800095fc (0x8d5cceb7) lui     t4, 0x8d5cc
3 0x800095fc (0x8d5cceb7) x29 0x8d5cc000
core   0: 0xffffffff80009600 (0xfb878213) addi    tp, a5, -72
3 0x80009600 (0xfb878213) x 4 0xfffffeb8
core   0: 0xffffffff80009604 (0x3d3cc413) xori    s0, s9, 979
3 0x80009604 (0x3d3cc413) x 8 0x9ff70707
core   0: 0xffffffff80009608 (0xd8deb213) sltiu   tp, t4, -627
3 0x80009608 (0xd8deb213) x 4 0x00000001
core   0: 0xffffffff8000960c (0x00f47933) and     s2, s0, a5
3 0x8000960c (0x00f47933) x18 0x9ff70700
core   0: 0xffffffff80009610 (0x01a341b3) xor     gp, t1, s10
3 0x80009610 (0x01a341b3) x 3 0xd592277b
core   0: 0xffffffff80009614 (0xce3bf213) andi    tp, s7, -797
3 0x80009614 (0xce3bf213) x 4 0x5654b822
core   0: 0xffffffff80009618 (0x008267b3) or      a5, tp, s0
3 0x80009618 (0x008267b3) x15 0xdff7bf27
core   0: 0xffffffff8000961c (0x4b5b3bb7) lui     s7, 0x4b5b3
3 0x8000961c (0x4b5b3bb7) x23 0x4b5b3000
core   0: 0xffffffff80009620 (0x416e83b3) sub     t2, t4, s6
3 0x80009620 (0x416e83b3) x 7 0x8d5cc000
core   0: 0xffffffff80009624 (0x00f56033) or      zero, a0, a5
3 0x80009624 (0x00f56033)
core   0: 0xffffffff80009628 (0x000df533) and     a0, s11, zero
3 0x80009628 (0x000df533) x10 0x00000000
core   0: 0xffffffff8000962c (0x40aa00b3) sub     ra, s4, a0
3 0x8000962c (0x40aa00b3) x 1 0x80014ce4
core   0: 0xffffffff80009630 (0xff3c7113) andi    sp, s8, -13
3 0x80009630 (0xff3c7113) x 2 0xaa900000
core   0: 0xffffffff80009634 (0x017420b3) slt     ra, s0, s7
3 0x80009634 (0x017420b3) x 1 0x00000001
core   0: 0xffffffff80009638 (0x03da2513) slti    a0, s4, 61
3 0x80009638 (0x03da2513) x10 0x00000001
core   0: 0xffffffff8000963c (0x4113d133) sra     sp, t2, a7
3 0x8000963c (0x4113d133) x 2 0x8d5cc000
core   0: 0xffffffff80009640 (0x2dc3c213) xori    tp, t2, 732
3 0x80009640 (0x2dc3c213) x 4 0x8d5cc2dc
core   0: 0xffffffff80009644 (0x4017d1b3) sra     gp, a5, ra
3 0x80009644 (0x4017d1b3) x 3 0xeffbdf93
core   0: 0xffffffff80009648 (0x01d195b3) sll     a1, gp, t4
3 0x80009648 (0x01d195b3) x11 0xeffbdf93
core   0: 0xffffffff8000964c (0xfb10bb37) lui     s6, 0xfb10b
3 0x8000964c (0xfb10bb37) x22 0xfb10b000
core   0: 0xffffffff80009650 (0x35b1ee93) ori     t4, gp, 859
3 0x80009650 (0x35b1ee93) x29 0xeffbdfdb
core   0: 0xffffffff80009654 (0x37a7be93) sltiu   t4, a5, 890
3 0x80009654 (0x37a7be93) x29 0x00000000
core   0: 0xffffffff80009658 (0x0197ebb3) or      s7, a5, s9
3 0x80009658 (0x0197ebb3) x23 0xdff7bff7
core   0: 0xffffffff8000965c (0xb62ec237) lui     tp, 0xb62ec
3 0x8000965c (0xb62ec237) x 4 0xb62ec000
core   0: 0xffffffff80009660 (0xd138f6b7) lui     a3, 0xd138f
3 0x80009660 (0xd138f6b7) x13 0xd138f000
core   0: 0xffffffff80009664 (0xd4662713) slti    a4, a2, -698
3 0x80009664 (0xd4662713) x14 0x00000001
core   0: 0xffffffff80009668 (0x00000013) nop
3 0x80009668 (0x00000013)
core   0: 0xffffffff8000966c (0x4e7bf437) lui     s0, 0x4e7bf
3 0x8000966c (0x4e7bf437) x 8 0x4e7bf000
core   0: 0xffffffff80009670 (0x00fc1ab3) sll     s5, s8, a5
3 0x80009670 (0x00fc1ab3) x21 0x48000000
core   0: 0xffffffff80009674 (0x1b5e8993) addi    s3, t4, 437
3 0x80009674 (0x1b5e8993) x19 0x000001b5
core   0: 0xffffffff80009678 (0x415cdc33) sra     s8, s9, s5
3 0x80009678 (0x415cdc33) x24 0x9ff704d4
core   0: 0xffffffff8000967c (0x016d0b13) addi    s6, s10, 22
3 0x8000967c (0x016d0b13) x22 0xd492257d
core   0: 0xffffffff80009680 (0x007418b3) sll     a7, s0, t2
3 0x80009680 (0x007418b3) x17 0x4e7bf000
core   0: 0xffffffff80009684 (0x00000013) nop
3 0x80009684 (0x00000013)
core   0: 0xffffffff80009688 (0x00ac9993) slli    s3, s9, 10
3 0x80009688 (0x00ac9993) x19 0xdc135000
core   0: 0xffffffff8000968c (0xce520293) addi    t0, tp, -795
3 0x8000968c (0xce520293) x 5 0xb62ebce5
core   0: 0xffffffff80009690 (0x01f13533) sltu    a0, sp, t6
3 0x80009690 (0x01f13533) x10 0x00000000
core   0: 0xffffffff80009694 (0x00000013) nop
3 0x80009694 (0x00000013)
core   0: 0xffffffff80009698 (0x01b52333) slt     t1, a0, s11
3 0x80009698 (0x01b52333) x 6 0x00000001
core   0: 0xffffffff8000969c (0x7f351317) auipc   t1, 0x7f351
3 0x8000969c (0x7f351317) x 6 0xff35a69c
core   0: 0xffffffff800096a0 (0x376c3d93) sltiu   s11, s8, 886
3 0x800096a0 (0x376c3d93) x27 0x00000000
core   0: 0xffffffff800096a4 (0x40ae5313) srai    t1, t3, 10
3 0x800096a4 (0x40ae5313) x 6 0x00000000
core   0: 0xffffffff800096a8 (0x017825b3) slt     a1, a6, s7
3 0x800096a8 (0x017825b3) x11 0x00000000
core   0: 0xffffffff800096ac (0x40b2d7b3) sra     a5, t0, a1
3 0x800096ac (0x40b2d7b3) x15 0xb62ebce5
core   0: 0xffffffff800096b0 (0x01eeaf33) slt     t5, t4, t5
3 0x800096b0 (0x01eeaf33) x30 0x00000000
core   0: 0xffffffff800096b4 (0x35dacd93) xori    s11, s5, 861
3 0x800096b4 (0x35dacd93) x27 0x4800035d
core   0: 0xffffffff800096b8 (0xeaafef13) ori     t5, t6, -342
3 0x800096b8 (0xeaafef13) x30 0xfffffeaa
core   0: 0xffffffff800096bc (0xd811a913) slti    s2, gp, -639
3 0x800096bc (0xd811a913) x18 0x00000001
core   0: 0xffffffff800096c0 (0x1d9d6813) ori     a6, s10, 473
3 0x800096c0 (0x1d9d6813) x16 0xd49225ff
core   0: 0xffffffff800096c4 (0x0f12a893) slti    a7, t0, 241
3 0x800096c4 (0x0f12a893) x17 0x00000001
core   0: 0xffffffff800096c8 (0xd566be93) sltiu   t4, a3, -682
3 0x800096c8 (0xd566be93) x29 0x00000001
core   0: 0xffffffff800096cc (0x40a40533) sub     a0, s0, a0
3 0x800096cc (0x40a40533) x10 0x4e7bf000
core   0: 0xffffffff800096d0 (0x73250237) lui     tp, 0x73250
3 0x800096d0 (0x73250237) x 4 0x73250000
core   0: 0xffffffff800096d4 (0x41580ab3) sub     s5, a6, s5
3 0x800096d4 (0x41580ab3) x21 0x8c9225ff
core   0: 0xffffffff800096d8 (0x00c4c733) xor     a4, s1, a2
3 0x800096d8 (0x00c4c733) x14 0x34626644
core   0: 0xffffffff800096dc (0x00000013) nop
3 0x800096dc (0x00000013)
core   0: 0xffffffff800096e0 (0xd99e3a93) sltiu   s5, t3, -615
3 0x800096e0 (0xd99e3a93) x21 0x00000001
core   0: 0xffffffff800096e4 (0x40400ab3) sub     s5, zero, tp
3 0x800096e4 (0x40400ab3) x21 0x8cdb0000
core   0: 0xffffffff800096e8 (0x00000013) nop
3 0x800096e8 (0x00000013)
core   0: 0xffffffff800096ec (0x01428c33) add     s8, t0, s4
3 0x800096ec (0x01428c33) x24 0x363009c9
core   0: 0xffffffff800096f0 (0x01ad8cb3) add     s9, s11, s10
3 0x800096f0 (0x01ad8cb3) x25 0x1c9228c4
core   0: 0xffffffff800096f4 (0x0040fb33) and     s6, ra, tp
3 0x800096f4 (0x0040fb33) x22 0x00000000
core   0: 0xffffffff800096f8 (0x403f5c33) sra     s8, t5, gp
3 0x800096f8 (0x403f5c33) x24 0xffffffff
core   0: 0xffffffff800096fc (0x0044d233) srl     tp, s1, tp
3 0x800096fc (0x0044d233) x 4 0x80010e64
core   0: 0xffffffff80009700 (0x00cd5393) srli    t2, s10, 12
3 0x80009700 (0x00cd5393) x 7 0x000d4922
core   0: 0xffffffff80009704 (0x01771f93) slli    t6, a4, 23
3 0x80009704 (0x01771f93) x31 0x22000000
core   0: 0xffffffff80009708 (0x23244393) xori    t2, s0, 562
3 0x80009708 (0x23244393) x 7 0x4e7bf232
core   0: 0xffffffff8000970c (0x01ad4c93) xori    s9, s10, 26
3 0x8000970c (0x01ad4c93) x25 0xd492257d
core   0: 0xffffffff80009710 (0x409ee5b7) lui     a1, 0x409ee
3 0x80009710 (0x409ee5b7) x11 0x409ee000
core   0: 0xffffffff80009714 (0x418d5b33) sra     s6, s10, s8
3 0x80009714 (0x418d5b33) x22 0xffffffff
core   0: 0xffffffff80009718 (0xe2459637) lui     a2, 0xe2459
3 0x80009718 (0xe2459637) x12 0xe2459000
core   0: 0xffffffff8000971c (0x017ea8b3) slt     a7, t4, s7
3 0x8000971c (0x017ea8b3) x17 0x00000000
core   0: 0xffffffff80009720 (0x00073ab3) sltu    s5, a4, zero
3 0x80009720 (0x00073ab3) x21 0x00000000
core   0: 0xffffffff80009724 (0xe8483c93) sltiu   s9, a6, -380
3 0x80009724 (0xe8483c93) x25 0x00000001
core   0: 0xffffffff80009728 (0x00379eb3) sll     t4, a5, gp
3 0x80009728 (0x00379eb3) x29 0xe7280000
core   0: 0xffffffff8000972c (0xe818ee13) ori     t3, a7, -383
3 0x8000972c (0xe818ee13) x28 0xfffffe81
core   0: 0xffffffff80009730 (0x40338833) sub     a6, t2, gp
3 0x80009730 (0x40338833) x16 0x5e80129f
core   0: 0xffffffff80009734 (0x00f20cb3) add     s9, tp, a5
3 0x80009734 (0x00f20cb3) x25 0x362fcb49
core   0: 0xffffffff80009738 (0x32624b93) xori    s7, tp, 806
3 0x80009738 (0x32624b93) x23 0x80010d42
core   0: 0xffffffff8000973c (0x2373b993) sltiu   s3, t2, 567
3 0x8000973c (0x2373b993) x19 0x00000000
core   0: 0xffffffff80009740 (0x00256133) or      sp, a0, sp
3 0x80009740 (0x00256133) x 2 0xcf7ff000
core   0: 0xffffffff80009744 (0x2c88b693) sltiu   a3, a7, 712
3 0x80009744 (0x2c88b693) x13 0x00000001
core   0: 0xffffffff80009748 (0x003db7b3) sltu    a5, s11, gp
3 0x80009748 (0x003db7b3) x15 0x00000001
core   0: 0xffffffff8000974c (0x07c5a293) slti    t0, a1, 124
3 0x8000974c (0x07c5a293) x 5 0x00000000
core   0: 0xffffffff80009750 (0x01a4f033) and     zero, s1, s10
3 0x80009750 (0x01a4f033)
core   0: 0xffffffff80009754 (0x017f2cb3) slt     s9, t5, s7
3 0x80009754 (0x017f2cb3) x25 0x00000000
core   0: 0xffffffff80009758 (0x01d9b133) sltu    sp, s3, t4
3 0x80009758 (0x01d9b133) x 2 0x00000001
core   0: 0xffffffff8000975c (0xc68ec793) xori    a5, t4, -920
3 0x8000975c (0xc68ec793) x15 0x18d7fc68
core   0: 0xffffffff80009760 (0x4148d193) srai    gp, a7, 20
3 0x80009760 (0x4148d193) x 3 0x00000000
core   0: 0xffffffff80009764 (0xf1467793) andi    a5, a2, -236
3 0x80009764 (0xf1467793) x15 0xe2459000
core   0: 0xffffffff80009768 (0x41c80133) sub     sp, a6, t3
3 0x80009768 (0x41c80133) x 2 0x5e80141e
core   0: 0xffffffff8000976c (0x2e2a0193) addi    gp, s4, 738
3 0x8000976c (0x2e2a0193) x 3 0x80014fc6
core   0: 0xffffffff80009770 (0x40368cb3) sub     s9, a3, gp
3 0x80009770 (0x40368cb3) x25 0x7ffeb03b
core   0: 0xffffffff80009774 (0x1d5a8293) addi    t0, s5, 469
3 0x80009774 (0x1d5a8293) x 5 0x000001d5
core   0: 0xffffffff80009778 (0x0143d013) srli    zero, t2, 20
3 0x80009778 (0x0143d013)
core   0: 0xffffffff8000977c (0x01f65993) srli    s3, a2, 31
3 0x8000977c (0x01f65993) x19 0x00000001
core   0: 0xffffffff80009780 (0x407bdc33) sra     s8, s7, t2
3 0x80009780 (0x407bdc33) x24 0xffffe000
core   0: 0xffffffff80009784 (0x00941813) slli    a6, s0, 9
3 0x80009784 (0x00941813) x16 0xf7e00000
core   0: 0xffffffff80009788 (0x00a71293) slli    t0, a4, 10
3 0x80009788 (0x00a71293) x 5 0x89991000
core   0: 0xffffffff8000978c (0x413ed433) sra     s0, t4, s3
3 0x8000978c (0x413ed433) x 8 0xf3940000
core   0: 0xffffffff80009790 (0x005ce533) or      a0, s9, t0
3 0x80009790 (0x005ce533) x10 0xffffb03b
core   0: 0xffffffff80009794 (0x0102c933) xor     s2, t0, a6
3 0x80009794 (0x0102c933) x18 0x7e791000
core   0: 0xffffffff80009798 (0x76536797) auipc   a5, 0x76536
3 0x80009798 (0x76536797) x15 0xf653f798
core   0: 0xffffffff8000979c (0x40b6d233) sra     tp, a3, a1
3 0x8000979c (0x40b6d233) x 4 0x00000001
core   0: 0xffffffff800097a0 (0x40ead6b3) sra     a3, s5, a4
3 0x800097a0 (0x40ead6b3) x13 0x00000000
core   0: 0xffffffff800097a4 (0x38d8c913) xori    s2, a7, 909
3 0x800097a4 (0x38d8c913) x18 0x0000038d
core   0: 0xffffffff800097a8 (0x0076a233) slt     tp, a3, t2
3 0x800097a8 (0x0076a233) x 4 0x00000001
core   0: 0xffffffff800097ac (0xe4a9ca93) xori    s5, s3, -438
3 0x800097ac (0xe4a9ca93) x21 0xfffffe4b
core   0: 0xffffffff800097b0 (0x418ed293) srai    t0, t4, 24
3 0x800097b0 (0x418ed293) x 5 0xffffffe7
core   0: 0xffffffff800097b4 (0x005fd233) srl     tp, t6, t0
3 0x800097b4 (0x005fd233) x 4 0x00440000
core   0: 0xffffffff800097b8 (0x01bb9213) slli    tp, s7, 27
3 0x800097b8 (0x01bb9213) x 4 0x10000000
core   0: 0xffffffff800097bc (0x41950f33) sub     t5, a0, s9
3 0x800097bc (0x41950f33) x30 0x80010000
core   0: 0xffffffff800097c0 (0x00fd98b3) sll     a7, s11, a5
3 0x800097c0 (0x00fd98b3) x17 0x5d000000
core   0: 0xffffffff800097c4 (0x41dfdb33) sra     s6, t6, t4
3 0x800097c4 (0x41dfdb33) x22 0x22000000
core   0: 0xffffffff800097c8 (0x3d258317) auipc   t1, 0x3d258
3 0x800097c8 (0x3d258317) x 6 0xbd2617c8
core   0: 0xffffffff800097cc (0xfe806213) ori     tp, zero, -24
3 0x800097cc (0xfe806213) x 4 0xffffffe8
core   0: 0xffffffff800097d0 (0x41d8d713) srai    a4, a7, 29
3 0x800097d0 (0x41d8d713) x14 0x00000002
core   0: 0xffffffff800097d4 (0x212fb393) sltiu   t2, t6, 530
3 0x800097d4 (0x212fb393) x 7 0x00000000
core   0: 0xffffffff800097d8 (0xe476ce93) xori    t4, a3, -441
3 0x800097d8 (0xe476ce93) x29 0xfffffe47
core   0: 0xffffffff800097dc (0xd3bff793) andi    a5, t6, -709
3 0x800097dc (0xd3bff793) x15 0x22000000
core   0: 0xffffffff800097e0 (0x014ac933) xor     s2, s5, s4
3 0x800097e0 (0x014ac933) x18 0x7ffeb2af
core   0: 0xffffffff800097e4 (0x00b31313) slli    t1, t1, 11
3 0x800097e4 (0x00b31313) x 6 0x30be4000
core   0: 0xffffffff800097e8 (0x01c12933) slt     s2, sp, t3
3 0x800097e8 (0x01c12933) x18 0x00000000
core   0: 0xffffffff800097ec (0x1d084c93) xori    s9, a6, 464
3 0x800097ec (0x1d084c93) x25 0xf7e001d0
core   0: 0xffffffff800097f0 (0x01e1f933) and     s2, gp, t5
3 0x800097f0 (0x01e1f933) x18 0x80010000
core   0: 0xffffffff800097f4 (0x0cc93413) sltiu   s0, s2, 204
3 0x800097f4 (0x0cc93413) x 8 0x00000000
core   0: 0xffffffff800097f8 (0x00c1c3b3) xor     t2, gp, a2
3 0x800097f8 (0x00c1c3b3) x 7 0x6244dfc6
core   0: 0xffffffff800097fc (0x62f16617) auipc   a2, 0x62f16
3 0x800097fc (0x62f16617) x12 0xe2f1f7fc
core   0: 0xffffffff80009800 (0x0114a133) slt     sp, s1, a7
3 0x80009800 (0x0114a133) x 2 0x00000001
core   0: 0xffffffff80009804 (0x01cf3bb3) sltu    s7, t5, t3
3 0x80009804 (0x01cf3bb3) x23 0x00000001
core   0: 0xffffffff80009808 (0x00835f93) srli    t6, t1, 8
3 0x80009808 (0x00835f93) x31 0x0030be40
core   0: 0xffffffff8000980c (0x0008d793) srli    a5, a7, 0
3 0x8000980c (0x0008d793) x15 0x5d000000
core   0: 0xffffffff80009810 (0x1ef7f993) andi    s3, a5, 495
3 0x80009810 (0x1ef7f993) x19 0x00000000
core   0: 0xffffffff80009814 (0x01463fb3) sltu    t6, a2, s4
3 0x80009814 (0x01463fb3) x31 0x00000000
core   0: 0xffffffff80009818 (0xf64712b7) lui     t0, 0xf6471
3 0x80009818 (0xf64712b7) x 5 0xf6471000
core   0: 0xffffffff8000981c (0x3302cb37) lui     s6, 0x3302c
3 0x8000981c (0x3302cb37) x22 0x3302c000
core   0: 0xffffffff80009820 (0x087b2713) slti    a4, s6, 135
3 0x80009820 (0x087b2713) x14 0x00000000
core   0: 0xffffffff80009824 (0x00dee3b3) or      t2, t4, a3
3 0x80009824 (0x00dee3b3) x 7 0xfffffe47
core   0: 0xffffffff80009828 (0x013b5db3) srl     s11, s6, s3
3 0x80009828 (0x013b5db3) x27 0x3302c000
core   0: 0xffffffff8000982c (0x01721193) slli    gp, tp, 23
3 0x8000982c (0x01721193) x 3 0xf4000000
core   0: 0xffffffff80009830 (0x4196d593) srai    a1, a3, 25
3 0x80009830 (0x4196d593) x11 0x00000000
core   0: 0xffffffff80009834 (0x00000013) nop
3 0x80009834 (0x00000013)
core   0: 0xffffffff80009838 (0xc54aab37) lui     s6, 0xc54aa
3 0x80009838 (0xc54aab37) x22 0xc54aa000
core   0: 0xffffffff8000983c (0x00f91333) sll     t1, s2, a5
3 0x8000983c (0x00f91333) x 6 0x80010000
core   0: 0xffffffff80009840 (0x01e07e33) and     t3, zero, t5
3 0x80009840 (0x01e07e33) x28 0x00000000
core   0: 0xffffffff80009844 (0x01459f33) sll     t5, a1, s4
3 0x80009844 (0x01459f33) x30 0x00000000
core   0: 0xffffffff80009848 (0x00a26ab3) or      s5, tp, a0
3 0x80009848 (0x00a26ab3) x21 0xfffffffb
core   0: 0xffffffff8000984c (0x04ebf913) andi    s2, s7, 78
3 0x8000984c (0x04ebf913) x18 0x00000000
core   0: 0xffffffff80009850 (0xc99c7f93) andi    t6, s8, -871
3 0x80009850 (0xc99c7f93) x31 0xffffe000
core   0: 0xffffffff80009854 (0x01cca833) slt     a6, s9, t3
3 0x80009854 (0x01cca833) x16 0x00000001
core   0: 0xffffffff80009858 (0x00127833) and     a6, tp, ra
3 0x80009858 (0x00127833) x16 0x00000000
core   0: 0xffffffff8000985c (0x4049ddb3) sra     s11, s3, tp
3 0x8000985c (0x4049ddb3) x27 0x00000000
core   0: 0xffffffff80009860 (0xfe69ce13) xori    t3, s3, -26
3 0x80009860 (0xfe69ce13) x28 0xffffffe6
core   0: 0xffffffff80009864 (0x3ae3fe13) andi    t3, t2, 942
3 0x80009864 (0x3ae3fe13) x28 0x00000206
core   0: 0xffffffff80009868 (0x01bba833) slt     a6, s7, s11
3 0x80009868 (0x01bba833) x16 0x00000000
core   0: 0xffffffff8000986c (0x00000013) nop
3 0x8000986c (0x00000013)
core   0: 0xffffffff80009870 (0x01f9d1b3) srl     gp, s3, t6
3 0x80009870 (0x01f9d1b3) x 3 0x00000000
core   0: 0xffffffff80009874 (0x01e522b3) slt     t0, a0, t5
3 0x80009874 (0x01e522b3) x 5 0x00000001
core   0: 0xffffffff80009878 (0x2ae5b593) sltiu   a1, a1, 686
3 0x80009878 (0x2ae5b593) x11 0x00000001
core   0: 0xffffffff8000987c (0xdf767113) andi    sp, a2, -521
3 0x8000987c (0xdf767113) x 2 0xe2f1f5f4
core   0: 0xffffffff80009880 (0x01a44733) xor     a4, s0, s10
3 0x80009880 (0x01a44733) x14 0xd4922567
core   0: 0xffffffff80009884 (0x07b4fa93) andi    s5, s1, 123
3 0x80009884 (0x07b4fa93) x21 0x00000060
core   0: 0xffffffff80009888 (0x00bad093) srli    ra, s5, 11
3 0x80009888 (0x00bad093) x 1 0x00000000
core   0: 0xffffffff8000988c (0x41eadeb3) sra     t4, s5, t5
3 0x8000988c (0x41eadeb3) x29 0x00000060
core   0: 0xffffffff80009890 (0x01c4d793) srli    a5, s1, 28
3 0x80009890 (0x01c4d793) x15 0x00000008
core   0: 0xffffffff80009894 (0x016308b3) add     a7, t1, s6
3 0x80009894 (0x016308b3) x17 0x454ba000
core   0: 0xffffffff80009898 (0x16cdf613) andi    a2, s11, 364
3 0x80009898 (0x16cdf613) x12 0x00000000
core   0: 0xffffffff8000989c (0x40d95a93) srai    s5, s2, 13
3 0x8000989c (0x40d95a93) x21 0x00000000
core   0: 0xffffffff800098a0 (0x07d22213) slti    tp, tp, 125
3 0x800098a0 (0x07d22213) x 4 0x00000001
core   0: 0xffffffff800098a4 (0x06897293) andi    t0, s2, 104
3 0x800098a4 (0x06897293) x 5 0x00000000
core   0: 0xffffffff800098a8 (0x00535eb3) srl     t4, t1, t0
3 0x800098a8 (0x00535eb3) x29 0x80010000
core   0: 0xffffffff800098ac (0x35d4c813) xori    a6, s1, 861
3 0x800098ac (0x35d4c813) x16 0x80010d39
core   0: 0xffffffff800098b0 (0x00000013) nop
3 0x800098b0 (0x00000013)
core   0: 0xffffffff800098b4 (0x011201b3) add     gp, tp, a7
3 0x800098b4 (0x011201b3) x 3 0x454ba001
core   0: 0xffffffff800098b8 (0x411150b3) sra     ra, sp, a7
3 0x800098b8 (0x411150b3) x 1 0xe2f1f5f4
core   0: 0xffffffff800098bc (0x00b2deb3) srl     t4, t0, a1
3 0x800098bc (0x00b2deb3) x29 0x00000000
core   0: 0xffffffff800098c0 (0x01496833) or      a6, s2, s4
3 0x800098c0 (0x01496833) x16 0x80014ce4
core   0: 0xffffffff800098c4 (0x123de293) ori     t0, s11, 291
3 0x800098c4 (0x123de293) x 5 0x00000123
core   0: 0xffffffff800098c8 (0x018a41b3) xor     gp, s4, s8
3 0x800098c8 (0x018a41b3) x 3 0x7ffeace4
core   0: 0xffffffff800098cc (0xfa093e93) sltiu   t4, s2, -96
3 0x800098cc (0xfa093e93) x29 0x00000001
core   0: 0xffffffff800098d0 (0x011bdb13) srli    s6, s7, 17
3 0x800098d0 (0x011bdb13) x22 0x00000000
core   0: 0xffffffff800098d4 (0x0f0a4093) xori    ra, s4, 240
3 0x800098d4 (0x0f0a4093) x 1 0x80014c14
core   0: 0xffffffff800098d8 (0x41dc8bb3) sub     s7, s9, t4
3 0x800098d8 (0x41dc8bb3) x23 0xf7e001cf
core   0: 0xffffffff800098dc (0x01f74133) xor     sp, a4, t6
3 0x800098dc (0x01f74133) x 2 0x2b6dc567
core   0: 0xffffffff800098e0 (0x019777b3) and     a5, a4, s9
3 0x800098e0 (0x019777b3) x15 0xd4800140
core   0: 0xffffffff800098e4 (0x41185313) srai    t1, a6, 17
3 0x800098e4 (0x41185313) x 6 0xffffc000
core   0: 0xffffffff800098e8 (0x006a2533) slt     a0, s4, t1
3 0x800098e8 (0x006a2533) x10 0x00000001
core   0: 0xffffffff800098ec (0xc9100613) li      a2, -879
3 0x800098ec (0xc9100613) x12 0xfffffc91
core   0: 0xffffffff800098f0 (0xf6a0c513) xori    a0, ra, -150
3 0x800098f0 (0xf6a0c513) x10 0x7ffeb37e
core   0: 0xffffffff800098f4 (0xeeff0813) addi    a6, t5, -273
3 0x800098f4 (0xeeff0813) x16 0xfffffeef
core   0: 0xffffffff800098f8 (0xf00e4f93) xori    t6, t3, -256
3 0x800098f8 (0xf00e4f93) x31 0xfffffd06
core   0: 0xffffffff800098fc (0xcefdeb93) ori     s7, s11, -785
3 0x800098fc (0xcefdeb93) x23 0xfffffcef
core   0: 0xffffffff80009900 (0x3e693193) sltiu   gp, s2, 998
3 0x80009900 (0x3e693193) x 3 0x00000001
core   0: 0xffffffff80009904 (0x41a35133) sra     sp, t1, s10
3 0x80009904 (0x41a35133) x 2 0xffffff80
core   0: 0xffffffff80009908 (0x00df38b3) sltu    a7, t5, a3
3 0x80009908 (0x00df38b3) x17 0x00000000
core   0: 0xffffffff8000990c (0x4074d133) sra     sp, s1, t2
3 0x8000990c (0x4074d133) x 2 0xff00021c
core   0: 0xffffffff80009910 (0x00ec7cb3) and     s9, s8, a4
3 0x80009910 (0x00ec7cb3) x25 0xd4922000
core   0: 0xffffffff80009914 (0x0012a733) slt     a4, t0, ra
3 0x80009914 (0x0012a733) x14 0x00000000
core   0: 0xffffffff80009918 (0x41bed233) sra     tp, t4, s11
3 0x80009918 (0x41bed233) x 4 0x00000001
core   0: 0xffffffff8000991c (0x00000013) nop
3 0x8000991c (0x00000013)
core   0: 0xffffffff80009920 (0xe665a213) slti    tp, a1, -410
3 0x80009920 (0xe665a213) x 4 0x00000000
core   0: 0xffffffff80009924 (0x4183d713) srai    a4, t2, 24
3 0x80009924 (0x4183d713) x14 0xffffffff
core   0: 0xffffffff80009928 (0x01f95393) srli    t2, s2, 31
3 0x80009928 (0x01f95393) x 7 0x00000000
core   0: 0xffffffff8000992c (0x01f606b3) add     a3, a2, t6
3 0x8000992c (0x01f606b3) x13 0xfffff997
core   0: 0xffffffff80009930 (0xc2dc7b93) andi    s7, s8, -979
3 0x80009930 (0xc2dc7b93) x23 0xffffe000
core   0: 0xffffffff80009934 (0x2cc06313) ori     t1, zero, 716
3 0x80009934 (0x2cc06313) x 6 0x000002cc
core   0: 0xffffffff80009938 (0x40a70133) sub     sp, a4, a0
3 0x80009938 (0x40a70133) x 2 0x80014c81
core   0: 0xffffffff8000993c (0x007b5b33) srl     s6, s6, t2
3 0x8000993c (0x007b5b33) x22 0x00000000
core   0: 0xffffffff80009940 (0x01bcb533) sltu    a0, s9, s11
3 0x80009940 (0x01bcb533) x10 0x00000000
core   0: 0xffffffff80009944 (0x05466817) auipc   a6, 0x5466
3 0x80009944 (0x05466817) x16 0x8546f944
core   0: 0xffffffff80009948 (0x01d3d1b3) srl     gp, t2, t4
3 0x80009948 (0x01d3d1b3) x 3 0x00000000
core   0: 0xffffffff8000994c (0x00acdb13) srli    s6, s9, 10
3 0x8000994c (0x00acdb13) x22 0x00352488
core   0: 0xffffffff80009950 (0x009db633) sltu    a2, s11, s1
3 0x80009950 (0x009db633) x12 0x00000001
core   0: 0xffffffff80009954 (0x01dd9c93) slli    s9, s11, 29
3 0x80009954 (0x01dd9c93) x25 0x00000000
core   0: 0xffffffff80009958 (0x41025233) sra     tp, tp, a6
3 0x80009958 (0x41025233) x 4 0x00000000
core   0: 0xffffffff8000995c (0x00464733) xor     a4, a2, tp
3 0x8000995c (0x00464733) x14 0x00000001
core   0: 0xffffffff80009960 (0x3a89c137) lui     sp, 0x3a89c
3 0x80009960 (0x3a89c137) x 2 0x3a89c000
core   0: 0xffffffff80009964 (0x0121ccb3) xor     s9, gp, s2
3 0x80009964 (0x0121ccb3) x25 0x00000000
core   0: 0xffffffff80009968 (0x012d3c33) sltu    s8, s10, s2
3 0x80009968 (0x012d3c33) x24 0x00000000
core   0: 0xffffffff8000996c (0x179a6fb7) lui     t6, 0x179a6
3 0x8000996c (0x179a6fb7) x31 0x179a6000
core   0: 0xffffffff80009970 (0xcfd00e13) li      t3, -771
3 0x80009970 (0xcfd00e13) x28 0xfffffcfd
core   0: 0xffffffff80009974 (0x00704fb3) xor     t6, zero, t2
3 0x80009974 (0x00704fb3) x31 0x00000000
core   0: 0xffffffff80009978 (0x01fbb933) sltu    s2, s7, t6
3 0x80009978 (0x01fbb933) x18 0x00000000
core   0: 0xffffffff8000997c (0xdd72eb93) ori     s7, t0, -553
3 0x8000997c (0xdd72eb93) x23 0xfffffdf7
core   0: 0xffffffff80009980 (0x00000013) nop
3 0x80009980 (0x00000013)
core   0: 0xffffffff80009984 (0x016812b3) sll     t0, a6, s6
3 0x80009984 (0x016812b3) x 5 0x46f94400
core   0: 0xffffffff80009988 (0x05aae613) ori     a2, s5, 90
3 0x80009988 (0x05aae613) x12 0x0000005a
core   0: 0xffffffff8000998c (0x00000013) nop
3 0x8000998c (0x00000013)
core   0: 0xffffffff80009990 (0x1b13f813) andi    a6, t2, 433
3 0x80009990 (0x1b13f813) x16 0x00000000
core   0: 0xffffffff80009994 (0x0142bdb3) sltu    s11, t0, s4
3 0x80009994 (0x0142bdb3) x27 0x00000001
core   0: 0xffffffff80009998 (0x4081d993) srai    s3, gp, 8
3 0x80009998 (0x4081d993) x19 0x00000000
core   0: 0xffffffff8000999c (0x01280eb3) add     t4, a6, s2
3 0x8000999c (0x01280eb3) x29 0x00000000
core   0: 0xffffffff800099a0 (0x00000013) nop
3 0x800099a0 (0x00000013)
core   0: 0xffffffff800099a4 (0x01e54c33) xor     s8, a0, t5
3 0x800099a4 (0x01e54c33) x24 0x00000000
core   0: 0xffffffff800099a8 (0x01d3c933) xor     s2, t2, t4
3 0x800099a8 (0x01d3c933) x18 0x00000000
core   0: 0xffffffff800099ac (0x401cd993) srai    s3, s9, 1
3 0x800099ac (0x401cd993) x19 0x00000000
core   0: 0xffffffff800099b0 (0x00000013) nop
3 0x800099b0 (0x00000013)
core   0: 0xffffffff800099b4 (0x000a4db3) xor     s11, s4, zero
3 0x800099b4 (0x000a4db3) x27 0x80014ce4
core   0: 0xffffffff800099b8 (0x40a451b3) sra     gp, s0, a0
3 0x800099b8 (0x40a451b3) x 3 0x00000000
core   0: 0xffffffff800099bc (0x00000013) nop
3 0x800099bc (0x00000013)
core   0: 0xffffffff800099c0 (0x00000013) nop
3 0x800099c0 (0x00000013)
core   0: 0xffffffff800099c4 (0x20b1c393) xori    t2, gp, 523
3 0x800099c4 (0x20b1c393) x 7 0x0000020b
core   0: 0xffffffff800099c8 (0xcebc6117) auipc   sp, 0xcebc6
3 0x800099c8 (0xcebc6117) x 2 0x4ebcf9c8
core   0: 0xffffffff800099cc (0xfc804993) xori    s3, zero, -56
3 0x800099cc (0xfc804993) x19 0xffffffc8
core   0: 0xffffffff800099d0 (0x00000013) nop
3 0x800099d0 (0x00000013)
core   0: 0xffffffff800099d4 (0x4094d913) srai    s2, s1, 9
3 0x800099d4 (0x4094d913) x18 0xffc00087
core   0: 0xffffffff800099d8 (0x250f8893) addi    a7, t6, 592
3 0x800099d8 (0x250f8893) x17 0x00000250
core   0: 0xffffffff800099dc (0x38967993) andi    s3, a2, 905
3 0x800099dc (0x38967993) x19 0x00000008
core   0: 0xffffffff800099e0 (0x01c09213) slli    tp, ra, 28
3 0x800099e0 (0x01c09213) x 4 0x40000000
core   0: 0xffffffff800099e4 (0x00902bb3) slt     s7, zero, s1
3 0x800099e4 (0x00902bb3) x23 0x00000000
core   0: 0xffffffff800099e8 (0xca53b813) sltiu   a6, t2, -859
3 0x800099e8 (0xca53b813) x16 0x00000001
core   0: 0xffffffff800099ec (0x005a9033) sll     zero, s5, t0
3 0x800099ec (0x005a9033)
core   0: 0xffffffff800099f0 (0x97ec6597) auipc   a1, 0x97ec6
3 0x800099f0 (0x97ec6597) x11 0x17ecf9f0
core   0: 0xffffffff800099f4 (0xeb94f917) auipc   s2, 0xeb94f
3 0x800099f4 (0xeb94f917) x18 0x6b9589f4
core   0: 0xffffffff800099f8 (0x015c8133) add     sp, s9, s5
3 0x800099f8 (0x015c8133) x 2 0x00000000
core   0: 0xffffffff800099fc (0x01fd36b3) sltu    a3, s10, t6
3 0x800099fc (0x01fd36b3) x13 0x00000000
core   0: 0xffffffff80009a00 (0x2893e293) ori     t0, t2, 649
3 0x80009a00 (0x2893e293) x 5 0x0000028b
core   0: 0xffffffff80009a04 (0x04c1cf97) auipc   t6, 0x4c1c
3 0x80009a04 (0x04c1cf97) x31 0x84c25a04
core   0: 0xffffffff80009a08 (0x008f1e13) slli    t3, t5, 8
3 0x80009a08 (0x008f1e13) x28 0x00000000
core   0: 0xffffffff80009a0c (0x00098b33) add     s6, s3, zero
3 0x80009a0c (0x00098b33) x22 0x00000008
core   0: 0xffffffff80009a10 (0x00af1013) slli    zero, t5, 10
3 0x80009a10 (0x00af1013)
core   0: 0xffffffff80009a14 (0x007a6133) or      sp, s4, t2
3 0x80009a14 (0x007a6133) x 2 0x80014eef
core   0: 0xffffffff80009a18 (0x39a70b93) addi    s7, a4, 922
3 0x80009a18 (0x39a70b93) x23 0x0000039b
core   0: 0xffffffff80009a1c (0x01079fb3) sll     t6, a5, a6
3 0x80009a1c (0x01079fb3) x31 0xa9000280
core   0: 0xffffffff80009a20 (0x70b80b37) lui     s6, 0x70b80
3 0x80009a20 (0x70b80b37) x22 0x70b80000
core   0: 0xffffffff80009a24 (0x00cb5913) srli    s2, s6, 12
3 0x80009a24 (0x00cb5913) x18 0x00070b80
core   0: 0xffffffff80009a28 (0xcceefe93) andi    t4, t4, -818
3 0x80009a28 (0xcceefe93) x29 0x00000000
core   0: 0xffffffff80009a2c (0xe69fc513) xori    a0, t6, -407
3 0x80009a2c (0xe69fc513) x10 0x56fffce9
core   0: 0xffffffff80009a30 (0x00a4f833) and     a6, s1, a0
3 0x80009a30 (0x00a4f833) x16 0x00010c60
core   0: 0xffffffff80009a34 (0x3ca2bf93) sltiu   t6, t0, 970
3 0x80009a34 (0x3ca2bf93) x31 0x00000001
core   0: 0xffffffff80009a38 (0x011c0db3) add     s11, s8, a7
3 0x80009a38 (0x011c0db3) x27 0x00000250
core   0: 0xffffffff80009a3c (0x3e19f913) andi    s2, s3, 993
3 0x80009a3c (0x3e19f913) x18 0x00000000
core   0: 0xffffffff80009a40 (0x014cc3b3) xor     t2, s9, s4
3 0x80009a40 (0x014cc3b3) x 7 0x80014ce4
core   0: 0xffffffff80009a44 (0x0546f913) andi    s2, a3, 84
3 0x80009a44 (0x0546f913) x18 0x00000000
core   0: 0xffffffff80009a48 (0x1f924993) xori    s3, tp, 505
3 0x80009a48 (0x1f924993) x19 0x400001f9
core   0: 0xffffffff80009a4c (0x1052bb13) sltiu   s6, t0, 261
3 0x80009a4c (0x1052bb13) x22 0x00000000
core   0: 0xffffffff80009a50 (0x40480db3) sub     s11, a6, tp
3 0x80009a50 (0x40480db3) x27 0xc0010c60
core   0: 0xffffffff80009a54 (0x009c9a93) slli    s5, s9, 9
3 0x80009a54 (0x009c9a93) x21 0x00000000
core   0: 0xffffffff80009a58 (0x3c92ae17) auipc   t3, 0x3c92a
3 0x80009a58 (0x3c92ae17) x28 0xbc933a58
core   0: 0xffffffff80009a5c (0x006c5713) srli    a4, s8, 6
3 0x80009a5c (0x006c5713) x14 0x00000000
core   0: 0xffffffff80009a60 (0xf8f07893) andi    a7, zero, -113
3 0x80009a60 (0xf8f07893) x17 0x00000000
core   0: 0xffffffff80009a64 (0x01cb1833) sll     a6, s6, t3
3 0x80009a64 (0x01cb1833) x16 0x00000000
core   0: 0xffffffff80009a68 (0x0dabaf93) slti    t6, s7, 218
3 0x80009a68 (0x0dabaf93) x31 0x00000000
core   0: 0xffffffff80009a6c (0x01e39293) slli    t0, t2, 30
3 0x80009a6c (0x01e39293) x 5 0x00000000
core   0: 0xffffffff80009a70 (0x00d85e93) srli    t4, a6, 13
3 0x80009a70 (0x00d85e93) x29 0x00000000
core   0: 0xffffffff80009a74 (0x000f5b33) srl     s6, t5, zero
3 0x80009a74 (0x000f5b33) x22 0x00000000
core   0: 0xffffffff80009a78 (0xd0f3f217) auipc   tp, 0xd0f3f
3 0x80009a78 (0xd0f3f217) x 4 0x50f48a78
core   0: 0xffffffff80009a7c (0x01159c93) slli    s9, a1, 17
3 0x80009a7c (0x01159c93) x25 0xf3e00000
core   0: 0xffffffff80009a80 (0x00000013) nop
3 0x80009a80 (0x00000013)
core   0: 0xffffffff80009a84 (0x000c1f33) sll     t5, s8, zero
3 0x80009a84 (0x000c1f33) x30 0x00000000
core   0: 0xffffffff80009a88 (0x2d364c13) xori    s8, a2, 723
3 0x80009a88 (0x2d364c13) x24 0x00000289
core   0: 0xffffffff80009a8c (0x0118f133) and     sp, a7, a7
3 0x80009a8c (0x0118f133) x 2 0x00000000
core   0: 0xffffffff80009a90 (0x01c0dcb3) srl     s9, ra, t3
3 0x80009a90 (0x01c0dcb3) x25 0x00000080
core   0: 0xffffffff80009a94 (0xd63c6413) ori     s0, s8, -669
3 0x80009a94 (0xd63c6413) x 8 0xffffffeb
core   0: 0xffffffff80009a98 (0xf1610313) addi    t1, sp, -234
3 0x80009a98 (0xf1610313) x 6 0xffffff16
core   0: 0xffffffff80009a9c (0x00e9c213) xori    tp, s3, 14
3 0x80009a9c (0x00e9c213) x 4 0x400001f7
core   0: 0xffffffff80009aa0 (0x17c20a93) addi    s5, tp, 380
3 0x80009aa0 (0x17c20a93) x21 0x40000373
core   0: 0xffffffff80009aa4 (0x0077d333) srl     t1, a5, t2
3 0x80009aa4 (0x0077d333) x 6 0x0d480014
core   0: 0xffffffff80009aa8 (0x01707b33) and     s6, zero, s7
3 0x80009aa8 (0x01707b33) x22 0x00000000
core   0: 0xffffffff80009aac (0xe900c093) xori    ra, ra, -368
3 0x80009aac (0xe900c093) x 1 0x7ffeb284
core   0: 0xffffffff80009ab0 (0x114a6993) ori     s3, s4, 276
3 0x80009ab0 (0x114a6993) x19 0x80014df4
core   0: 0xffffffff80009ab4 (0x0150de93) srli    t4, ra, 21
3 0x80009ab4 (0x0150de93) x29 0x000003ff
core   0: 0xffffffff80009ab8 (0x703b3c37) lui     s8, 0x703b3
3 0x80009ab8 (0x703b3c37) x24 0x703b3000
core   0: 0xffffffff80009abc (0x00095833) srl     a6, s2, zero
3 0x80009abc (0x00095833) x16 0x00000000
core   0: 0xffffffff80009ac0 (0x00c385b3) add     a1, t2, a2
3 0x80009ac0 (0x00c385b3) x11 0x80014d3e
core   0: 0xffffffff80009ac4 (0x0029d7b3) srl     a5, s3, sp
3 0x80009ac4 (0x0029d7b3) x15 0x80014df4
core   0: 0xffffffff80009ac8 (0x00fc95b3) sll     a1, s9, a5
3 0x80009ac8 (0x00fc95b3) x11 0x08000000
core   0: 0xffffffff80009acc (0xaad87397) auipc   t2, 0xaad87
3 0x80009acc (0xaad87397) x 7 0x2ad90acc
core   0: 0xffffffff80009ad0 (0x30286197) auipc   gp, 0x30286
3 0x80009ad0 (0x30286197) x 3 0xb028fad0
core   0: 0xffffffff80009ad4 (0x014c5bb3) srl     s7, s8, s4
3 0x80009ad4 (0x014c5bb3) x23 0x0703b300
core   0: 0xffffffff80009ad8 (0x41fad633) sra     a2, s5, t6
3 0x80009ad8 (0x41fad633) x12 0x40000373
core   0: 0xffffffff80009adc (0x45481297) auipc   t0, 0x45481
3 0x80009adc (0x45481297) x 5 0xc548aadc
core   0: 0xffffffff80009ae0 (0x00c09a93) slli    s5, ra, 12
3 0x80009ae0 (0x00c09a93) x21 0xeb284000
core   0: 0xffffffff80009ae4 (0xe08c9337) lui     t1, 0xe08c9
3 0x80009ae4 (0xe08c9337) x 6 0xe08c9000
core   0: 0xffffffff80009ae8 (0xdfa6bf13) sltiu   t5, a3, -518
3 0x80009ae8 (0xdfa6bf13) x30 0x00000001
core   0: 0xffffffff80009aec (0x0050a2b3) slt     t0, ra, t0
3 0x80009aec (0x0050a2b3) x 5 0x00000000
core   0: 0xffffffff80009af0 (0xc014ee93) ori     t4, s1, -1023
3 0x80009af0 (0xc014ee93) x29 0xfffffe65
core   0: 0xffffffff80009af4 (0xd07d8f93) addi    t6, s11, -761
3 0x80009af4 (0xd07d8f93) x31 0xc0010967
core   0: 0xffffffff80009af8 (0x00425a93) srli    s5, tp, 4
3 0x80009af8 (0x00425a93) x21 0x0400001f
core   0: 0xffffffff80009afc (0x00000013) nop
3 0x80009afc (0x00000013)
core   0: 0xffffffff80009b00 (0x00e3c933) xor     s2, t2, a4
3 0x80009b00 (0x00e3c933) x18 0x2ad90acc
core   0: 0xffffffff80009b04 (0x01d40533) add     a0, s0, t4
3 0x80009b04 (0x01d40533) x10 0xfffffe50
core   0: 0xffffffff80009b08 (0x01af6633) or      a2, t5, s10
3 0x80009b08 (0x01af6633) x12 0xd4922567
core   0: 0xffffffff80009b0c (0x06573513) sltiu   a0, a4, 101
3 0x80009b0c (0x06573513) x10 0x00000001
core   0: 0xffffffff80009b10 (0x000ad833) srl     a6, s5, zero
3 0x80009b10 (0x000ad833) x16 0x0400001f
core   0: 0xffffffff80009b14 (0xe0827c93) andi    s9, tp, -504
3 0x80009b14 (0xe0827c93) x25 0x40000000
core   0: 0xffffffff80009b18 (0x403f51b3) sra     gp, t5, gp
3 0x80009b18 (0x403f51b3) x 3 0x00000000
core   0: 0xffffffff80009b1c (0x0feabf93) sltiu   t6, s5, 254
3 0x80009b1c (0x0feabf93) x31 0x00000000
core   0: 0xffffffff80009b20 (0xe5126813) ori     a6, tp, -431
3 0x80009b20 (0xe5126813) x16 0xfffffff7
core   0: 0xffffffff80009b24 (0x00e69f33) sll     t5, a3, a4
3 0x80009b24 (0x00e69f33) x30 0x00000000
core   0: 0xffffffff80009b28 (0xe6e4f693) andi    a3, s1, -402
3 0x80009b28 (0xe6e4f693) x13 0x80010e64
core   0: 0xffffffff80009b2c (0x4085d833) sra     a6, a1, s0
3 0x80009b2c (0x4085d833) x16 0x00010000
core   0: 0xffffffff80009b30 (0x00000013) nop
3 0x80009b30 (0x00000013)
core   0: 0xffffffff80009b34 (0x3c1d0293) addi    t0, s10, 961
3 0x80009b34 (0x3c1d0293) x 5 0xd4922928
core   0: 0xffffffff80009b38 (0x0079da93) srli    s5, s3, 7
3 0x80009b38 (0x0079da93) x21 0x0100029b
core   0: 0xffffffff80009b3c (0x00a83c33) sltu    s8, a6, a0
3 0x80009b3c (0x00a83c33) x24 0x00000000
core   0: 0xffffffff80009b40 (0x00f17ab3) and     s5, sp, a5
3 0x80009b40 (0x00f17ab3) x21 0x00000000
core   0: 0xffffffff80009b44 (0xc7787f93) andi    t6, a6, -905
3 0x80009b44 (0xc7787f93) x31 0x00010000
core   0: 0xffffffff80009b48 (0x01a65393) srli    t2, a2, 26
3 0x80009b48 (0x01a65393) x 7 0x00000035
core   0: 0xffffffff80009b4c (0x01ee69b3) or      s3, t3, t5
3 0x80009b4c (0x01ee69b3) x19 0xbc933a58
core   0: 0xffffffff80009b50 (0x41c68433) sub     s0, a3, t3
3 0x80009b50 (0x41c68433) x 8 0xc36dd40c
core   0: 0xffffffff80009b54 (0x532d6917) auipc   s2, 0x532d6
3 0x80009b54 (0x532d6917) x18 0xd32dfb54
core   0: 0xffffffff80009b58 (0xfd332193) slti    gp, t1, -45
3 0x80009b58 (0xfd332193) x 3 0x00000001
core   0: 0xffffffff80009b5c (0x007ada93) srli    s5, s5, 7
3 0x80009b5c (0x007ada93) x21 0x00000000
core   0: 0xffffffff80009b60 (0xd22c2993) slti    s3, s8, -734
3 0x80009b60 (0xd22c2993) x19 0x00000000
core   0: 0xffffffff80009b64 (0x258e8713) addi    a4, t4, 600
3 0x80009b64 (0x258e8713) x14 0x000000bd
core   0: 0xffffffff80009b68 (0x01eba1b3) slt     gp, s7, t5
3 0x80009b68 (0x01eba1b3) x 3 0x00000000
core   0: 0xffffffff80009b6c (0xe6174b93) xori    s7, a4, -415
3 0x80009b6c (0xe6174b93) x23 0xfffffedc
core   0: 0xffffffff80009b70 (0x0076e833) or      a6, a3, t2
3 0x80009b70 (0x0076e833) x16 0x80010e75
core   0: 0xffffffff80009b74 (0xec6aa613) slti    a2, s5, -314
3 0x80009b74 (0xec6aa613) x12 0x00000000
core   0: 0xffffffff80009b78 (0x00c6e2b3) or      t0, a3, a2
3 0x80009b78 (0x00c6e2b3) x 5 0x80010e64
core   0: 0xffffffff80009b7c (0x41b503b3) sub     t2, a0, s11
3 0x80009b7c (0x41b503b3) x 7 0x3ffef3a1
core   0: 0xffffffff80009b80 (0x008ed893) srli    a7, t4, 8
3 0x80009b80 (0x008ed893) x17 0x00fffffe
core   0: 0xffffffff80009b84 (0x00dd13b3) sll     t2, s10, a3
3 0x80009b84 (0x00dd13b3) x 7 0x49225670
core   0: 0xffffffff80009b88 (0x005e2bb3) slt     s7, t3, t0
3 0x80009b88 (0x005e2bb3) x23 0x00000000
core   0: 0xffffffff80009b8c (0x8a9fa797) auipc   a5, 0x8a9fa
3 0x80009b8c (0x8a9fa797) x15 0x0aa03b8c
core   0: 0xffffffff80009b90 (0x49853097) auipc   ra, 0x49853
3 0x80009b90 (0x49853097) x 1 0xc985cb90
core   0: 0xffffffff80009b94 (0x0b6fea93) ori     s5, t6, 182
3 0x80009b94 (0x0b6fea93) x21 0x000100b6
core   0: 0xffffffff80009b98 (0x002f2c33) slt     s8, t5, sp
3 0x80009b98 (0x002f2c33) x24 0x00000000
core   0: 0xffffffff80009b9c (0xfb000993) li      s3, -80
3 0x80009b9c (0xfb000993) x19 0xffffffb0
core   0: 0xffffffff80009ba0 (0xa9b8ce37) lui     t3, 0xa9b8c
3 0x80009ba0 (0xa9b8ce37) x28 0xa9b8c000
core   0: 0xffffffff80009ba4 (0x0ce62013) slti    zero, a2, 206
3 0x80009ba4 (0x0ce62013)
core   0: 0xffffffff80009ba8 (0x00d49333) sll     t1, s1, a3
3 0x80009ba8 (0x00d49333) x 6 0x0010e640
core   0: 0xffffffff80009bac (0x01f4f0b3) and     ra, s1, t6
3 0x80009bac (0x01f4f0b3) x 1 0x00010000
core   0: 0xffffffff80009bb0 (0x00efe2b3) or      t0, t6, a4
3 0x80009bb0 (0x00efe2b3) x 5 0x000100bd
core   0: 0xffffffff80009bb4 (0x01e309b3) add     s3, t1, t5
3 0x80009bb4 (0x01e309b3) x19 0x0010e640
core   0: 0xffffffff80009bb8 (0x05593413) sltiu   s0, s2, 85
3 0x80009bb8 (0x05593413) x 8 0x00000000
core   0: 0xffffffff80009bbc (0x0175c2b3) xor     t0, a1, s7
3 0x80009bbc (0x0175c2b3) x 5 0x08000000
core   0: 0xffffffff80009bc0 (0x4005d833) sra     a6, a1, zero
3 0x80009bc0 (0x4005d833) x16 0x08000000
core   0: 0xffffffff80009bc4 (0x406fdb33) sra     s6, t6, t1
3 0x80009bc4 (0x406fdb33) x22 0x00010000
core   0: 0xffffffff80009bc8 (0x73663337) lui     t1, 0x73663
3 0x80009bc8 (0x73663337) x 6 0x73663000
core   0: 0xffffffff80009bcc (0x00fd42b3) xor     t0, s10, a5
3 0x80009bcc (0x00fd42b3) x 5 0xde321eeb
core   0: 0xffffffff80009bd0 (0x006e6733) or      a4, t3, t1
3 0x80009bd0 (0x006e6733) x14 0xfbfef000
core   0: 0xffffffff80009bd4 (0x24013093) sltiu   ra, sp, 576
3 0x80009bd4 (0x24013093) x 1 0x00000001
core   0: 0xffffffff80009bd8 (0x01ae21b3) slt     gp, t3, s10
3 0x80009bd8 (0x01ae21b3) x 3 0x00000001
core   0: 0xffffffff80009bdc (0x00aefe33) and     t3, t4, a0
3 0x80009bdc (0x00aefe33) x28 0x00000001
core   0: 0xffffffff80009be0 (0x63684ab7) lui     s5, 0x63684
3 0x80009be0 (0x63684ab7) x21 0x63684000
core   0: 0xffffffff80009be4 (0x00244933) xor     s2, s0, sp
3 0x80009be4 (0x00244933) x18 0x00000000
core   0: 0xffffffff80009be8 (0x40220ab3) sub     s5, tp, sp
3 0x80009be8 (0x40220ab3) x21 0x400001f7
core   0: 0xffffffff80009bec (0x005b88b3) add     a7, s7, t0
3 0x80009bec (0x005b88b3) x17 0xde321eeb
core   0: 0xffffffff80009bf0 (0x00282b33) slt     s6, a6, sp
3 0x80009bf0 (0x00282b33) x22 0x00000000
core   0: 0xffffffff80009bf4 (0x0027c233) xor     tp, a5, sp
3 0x80009bf4 (0x0027c233) x 4 0x0aa03b8c
core   0: 0xffffffff80009bf8 (0x015c9c33) sll     s8, s9, s5
3 0x80009bf8 (0x015c9c33) x24 0x00000000
core   0: 0xffffffff80009bfc (0x3d9d9337) lui     t1, 0x3d9d9
3 0x80009bfc (0x3d9d9337) x 6 0x3d9d9000
core   0: 0xffffffff80009c00 (0x402d0e33) sub     t3, s10, sp
3 0x80009c00 (0x402d0e33) x28 0xd4922567
core   0: 0xffffffff80009c04 (0x001d3b33) sltu    s6, s10, ra
3 0x80009c04 (0x001d3b33) x22 0x00000000
core   0: 0xffffffff80009c08 (0x01dc07b3) add     a5, s8, t4
3 0x80009c08 (0x01dc07b3) x15 0xfffffe65
core   0: 0xffffffff80009c0c (0x417652b3) sra     t0, a2, s7
3 0x80009c0c (0x417652b3) x 5 0x00000000
core   0: 0xffffffff80009c10 (0x009637b3) sltu    a5, a2, s1
3 0x80009c10 (0x009637b3) x15 0x00000001
core   0: 0xffffffff80009c14 (0x37914393) xori    t2, sp, 889
3 0x80009c14 (0x37914393) x 7 0x00000379
core   0: 0xffffffff80009c18 (0x0de7f313) andi    t1, a5, 222
3 0x80009c18 (0x0de7f313) x 6 0x00000000
core   0: 0xffffffff80009c1c (0x1caf8893) addi    a7, t6, 458
3 0x80009c1c (0x1caf8893) x17 0x000101ca
core   0: 0xffffffff80009c20 (0x0058cb33) xor     s6, a7, t0
3 0x80009c20 (0x0058cb33) x22 0x000101ca
core   0: 0xffffffff80009c24 (0x01c5f8b3) and     a7, a1, t3
3 0x80009c24 (0x01c5f8b3) x17 0x00000000
core   0: 0xffffffff80009c28 (0xd3d20213) addi    tp, tp, -707
3 0x80009c28 (0xd3d20213) x 4 0x0aa038c9
core   0: 0xffffffff80009c2c (0xca2e6793) ori     a5, t3, -862
3 0x80009c2c (0xca2e6793) x15 0xfffffde7
core   0: 0xffffffff80009c30 (0x01856133) or      sp, a0, s8
3 0x80009c30 (0x01856133) x 2 0x00000001
core   0: 0xffffffff80009c34 (0x74d5af17) auipc   t5, 0x74d5a
3 0x80009c34 (0x74d5af17) x30 0xf4d63c34
core   0: 0xffffffff80009c38 (0x007a3f33) sltu    t5, s4, t2
3 0x80009c38 (0x007a3f33) x30 0x00000000
core   0: 0xffffffff80009c3c (0xddecd437) lui     s0, 0xddecd
3 0x80009c3c (0xddecd437) x 8 0xddecd000
core   0: 0xffffffff80009c40 (0xca130037) lui     zero, 0xca130
3 0x80009c40 (0xca130037)
core   0: 0xffffffff80009c44 (0x004fd093) srli    ra, t6, 4
3 0x80009c44 (0x004fd093) x 1 0x00001000
core   0: 0xffffffff80009c48 (0xd6f83f13) sltiu   t5, a6, -657
3 0x80009c48 (0xd6f83f13) x30 0x00000001
core   0: 0xffffffff80009c4c (0x0146e433) or      s0, a3, s4
3 0x80009c4c (0x0146e433) x 8 0x80014ee4
core   0: 0xffffffff80009c50 (0x27794713) xori    a4, s2, 631
3 0x80009c50 (0x27794713) x14 0x00000277
core   0: 0xffffffff80009c54 (0x0153e2b3) or      t0, t2, s5
3 0x80009c54 (0x0153e2b3) x 5 0x400003ff
core   0: 0xffffffff80009c58 (0x00af0ab3) add     s5, t5, a0
3 0x80009c58 (0x00af0ab3) x21 0x00000002
core   0: 0xffffffff80009c5c (0xc16cb613) sltiu   a2, s9, -1002
3 0x80009c5c (0xc16cb613) x12 0x00000001
core   0: 0xffffffff80009c60 (0x007723b3) slt     t2, a4, t2
3 0x80009c60 (0x007723b3) x 7 0x00000001
core   0: 0xffffffff80009c64 (0xc7cbc893) xori    a7, s7, -900
3 0x80009c64 (0xc7cbc893) x17 0xfffffc7c
core   0: 0xffffffff80009c68 (0x01101113) slli    sp, zero, 17
3 0x80009c68 (0x01101113) x 2 0x00000000
core   0: 0xffffffff80009c6c (0x01d85c13) srli    s8, a6, 29
3 0x80009c6c (0x01d85c13) x24 0x00000000
core   0: 0xffffffff80009c70 (0x007cfab3) and     s5, s9, t2
3 0x80009c70 (0x007cfab3) x21 0x00000000
core   0: 0xffffffff80009c74 (0x011755b3) srl     a1, a4, a7
3 0x80009c74 (0x011755b3) x11 0x00000000
core   0: 0xffffffff80009c78 (0x40cb5e33) sra     t3, s6, a2
3 0x80009c78 (0x40cb5e33) x28 0x000080e5
core   0: 0xffffffff80009c7c (0x01057633) and     a2, a0, a6
3 0x80009c7c (0x01057633) x12 0x00000000
core   0: 0xffffffff80009c80 (0x01021913) slli    s2, tp, 16
3 0x80009c80 (0x01021913) x18 0x38c90000
core   0: 0xffffffff80009c84 (0x00de3733) sltu    a4, t3, a3
3 0x80009c84 (0x00de3733) x14 0x00000001
core   0: 0xffffffff80009c88 (0xc4523413) sltiu   s0, tp, -955
3 0x80009c88 (0xc4523413) x 8 0x00000001
core   0: 0xffffffff80009c8c (0x00409e13) slli    t3, ra, 4
3 0x80009c8c (0x00409e13) x28 0x00010000
core   0: 0xffffffff80009c90 (0x017d3ab3) sltu    s5, s10, s7
3 0x80009c90 (0x017d3ab3) x21 0x00000000
core   0: 0xffffffff80009c94 (0x86f44f97) auipc   t6, 0x86f44
3 0x80009c94 (0x86f44f97) x31 0x06f4dc94
core   0: 0xffffffff80009c98 (0x0a75c893) xori    a7, a1, 167
3 0x80009c98 (0x0a75c893) x17 0x000000a7
core   0: 0xffffffff80009c9c (0x016d78b3) and     a7, s10, s6
3 0x80009c9c (0x016d78b3) x17 0x00000142
core   0: 0xffffffff80009ca0 (0x01afa033) slt     zero, t6, s10
3 0x80009ca0 (0x01afa033)
core   0: 0xffffffff80009ca4 (0x005fd893) srli    a7, t6, 5
3 0x80009ca4 (0x005fd893) x17 0x0037a6e4
core   0: 0xffffffff80009ca8 (0xd6e27a93) andi    s5, tp, -658
3 0x80009ca8 (0xd6e27a93) x21 0x0aa03848
core   0: 0xffffffff80009cac (0x016017b3) sll     a5, zero, s6
3 0x80009cac (0x016017b3) x15 0x00000000
core   0: 0xffffffff80009cb0 (0xc5cc2093) slti    ra, s8, -932
3 0x80009cb0 (0xc5cc2093) x 1 0x00000000
core   0: 0xffffffff80009cb4 (0xd780f213) andi    tp, ra, -648
3 0x80009cb4 (0xd780f213) x 4 0x00000000
core   0: 0xffffffff80009cb8 (0xd03a6793) ori     a5, s4, -765
3 0x80009cb8 (0xd03a6793) x15 0xfffffde7
core   0: 0xffffffff80009cbc (0x34839817) auipc   a6, 0x34839
3 0x80009cbc (0x34839817) x16 0xb4842cbc
core   0: 0xffffffff80009cc0 (0xf81d6513) ori     a0, s10, -127
3 0x80009cc0 (0xf81d6513) x10 0xffffffe7
core   0: 0xffffffff80009cc4 (0x004fa1b3) slt     gp, t6, tp
3 0x80009cc4 (0x004fa1b3) x 3 0x00000000
core   0: 0xffffffff80009cc8 (0x00c63333) sltu    t1, a2, a2
3 0x80009cc8 (0x00c63333) x 6 0x00000000
core   0: 0xffffffff80009ccc (0x01c35f13) srli    t5, t1, 28
3 0x80009ccc (0x01c35f13) x30 0x00000000
core   0: 0xffffffff80009cd0 (0xb0c875b7) lui     a1, 0xb0c87
3 0x80009cd0 (0xb0c875b7) x11 0xb0c87000
core   0: 0xffffffff80009cd4 (0x01548cb3) add     s9, s1, s5
3 0x80009cd4 (0x01548cb3) x25 0x8aa146ac
core   0: 0xffffffff80009cd8 (0xdb26ef13) ori     t5, a3, -590
3 0x80009cd8 (0xdb26ef13) x30 0xfffffff6
core   0: 0xffffffff80009cdc (0x01e78ab3) add     s5, a5, t5
3 0x80009cdc (0x01e78ab3) x21 0xfffffddd
core   0: 0xffffffff80009ce0 (0x008de833) or      a6, s11, s0
3 0x80009ce0 (0x008de833) x16 0xc0010c61
core   0: 0xffffffff80009ce4 (0x00a9dbb3) srl     s7, s3, a0
3 0x80009ce4 (0x00a9dbb3) x23 0x000021cc
core   0: 0xffffffff80009ce8 (0x416450b3) sra     ra, s0, s6
3 0x80009ce8 (0x416450b3) x 1 0x00000000
core   0: 0xffffffff80009cec (0xd55e4e13) xori    t3, t3, -683
3 0x80009cec (0xd55e4e13) x28 0xfffefd55
core   0: 0xffffffff80009cf0 (0x0179ea93) ori     s5, s3, 23
3 0x80009cf0 (0x0179ea93) x21 0x0010e657
core   0: 0xffffffff80009cf4 (0x40df5133) sra     sp, t5, a3
3 0x80009cf4 (0x40df5133) x 2 0xffffffff
core   0: 0xffffffff80009cf8 (0x014a9b13) slli    s6, s5, 20
3 0x80009cf8 (0x014a9b13) x22 0x65700000
core   0: 0xffffffff80009cfc (0x01a9a9b3) slt     s3, s3, s10
3 0x80009cfc (0x01a9a9b3) x19 0x00000000
core   0: 0xffffffff80009d00 (0xb6591837) lui     a6, 0xb6591
3 0x80009d00 (0xb6591837) x16 0xb6591000
core   0: 0xffffffff80009d04 (0x002f3bb3) sltu    s7, t5, sp
3 0x80009d04 (0x002f3bb3) x23 0x00000001
core   0: 0xffffffff80009d08 (0x00000013) nop
3 0x80009d08 (0x00000013)
core   0: 0xffffffff80009d0c (0xdb6bcb13) xori    s6, s7, -586
3 0x80009d0c (0xdb6bcb13) x22 0xfffffdb7
core   0: 0xffffffff80009d10 (0x0061a433) slt     s0, gp, t1
3 0x80009d10 (0x0061a433) x 8 0x00000000
core   0: 0xffffffff80009d14 (0x0319a793) slti    a5, s3, 49
3 0x80009d14 (0x0319a793) x15 0x00000001
core   0: 0xffffffff80009d18 (0x0041bb33) sltu    s6, gp, tp
3 0x80009d18 (0x0041bb33) x22 0x00000000
core   0: 0xffffffff80009d1c (0x1ca96813) ori     a6, s2, 458
3 0x80009d1c (0x1ca96813) x16 0x38c901ca
core   0: 0xffffffff80009d20 (0x00936cb3) or      s9, t1, s1
3 0x80009d20 (0x00936cb3) x25 0x80010e64
core   0: 0xffffffff80009d24 (0x6c2433b7) lui     t2, 0x6c243
3 0x80009d24 (0x6c2433b7) x 7 0x6c243000
core   0: 0xffffffff80009d28 (0x0c68ee93) ori     t4, a7, 198
3 0x80009d28 (0x0c68ee93) x29 0x0037a6e6
core   0: 0xffffffff80009d2c (0xc3c6f613) andi    a2, a3, -964
3 0x80009d2c (0xc3c6f613) x12 0x80010c24
core   0: 0xffffffff80009d30 (0x00101713) slli    a4, zero, 1
3 0x80009d30 (0x00101713) x14 0x00000000
core   0: 0xffffffff80009d34 (0xc5d8fd93) andi    s11, a7, -931
3 0x80009d34 (0xc5d8fd93) x27 0x0037a444
core   0: 0xffffffff80009d38 (0xd17cd6b7) lui     a3, 0xd17cd
3 0x80009d38 (0xd17cd6b7) x13 0xd17cd000
core   0: 0xffffffff80009d3c (0x015aac33) slt     s8, s5, s5
3 0x80009d3c (0x015aac33) x24 0x00000000
core   0: 0xffffffff80009d40 (0xec213593) sltiu   a1, sp, -318
3 0x80009d40 (0xec213593) x11 0x00000000
core   0: 0xffffffff80009d44 (0xeafceb13) ori     s6, s9, -337
3 0x80009d44 (0xeafceb13) x22 0xfffffeef
core   0: 0xffffffff80009d48 (0x015fc633) xor     a2, t6, s5
3 0x80009d48 (0x015fc633) x12 0x06e43ac3
core   0: 0xffffffff80009d4c (0x01bf6033) or      zero, t5, s11
3 0x80009d4c (0x01bf6033)
core   0: 0xffffffff80009d50 (0x4010deb3) sra     t4, ra, ra
3 0x80009d50 (0x4010deb3) x29 0x00000000
core   0: 0xffffffff80009d54 (0x3175f713) andi    a4, a1, 791
3 0x80009d54 (0x3175f713) x14 0x00000000
core   0: 0xffffffff80009d58 (0x01951133) sll     sp, a0, s9
3 0x80009d58 (0x01951133) x 2 0xfffffe70
core   0: 0xffffffff80009d5c (0xba846237) lui     tp, 0xba846
3 0x80009d5c (0xba846237) x 4 0xba846000
core   0: 0xffffffff80009d60 (0x416e0c33) sub     s8, t3, s6
3 0x80009d60 (0x416e0c33) x24 0xfffefe66
core   0: 0xffffffff80009d64 (0x40020c33) sub     s8, tp, zero
3 0x80009d64 (0x40020c33) x24 0xba846000
core   0: 0xffffffff80009d68 (0x0fbb0317) auipc   t1, 0xfbb0
3 0x80009d68 (0x0fbb0317) x 6 0x8fbb9d68
core   0: 0xffffffff80009d6c (0xe9e3f413) andi    s0, t2, -354
3 0x80009d6c (0xe9e3f413) x 8 0x6c243000
core   0: 0xffffffff80009d70 (0x9bf5a6b7) lui     a3, 0x9bf5a
3 0x80009d70 (0x9bf5a6b7) x13 0x9bf5a000
core   0: 0xffffffff80009d74 (0x00000013) nop
3 0x80009d74 (0x00000013)
core   0: 0xffffffff80009d78 (0x37eee513) ori     a0, t4, 894
3 0x80009d78 (0x37eee513) x10 0x0000037e
core   0: 0xffffffff80009d7c (0x00788db3) add     s11, a7, t2
3 0x80009d7c (0x00788db3) x27 0x6c5bd6e4
core   0: 0xffffffff80009d80 (0x403958b3) sra     a7, s2, gp
3 0x80009d80 (0x403958b3) x17 0x38c90000
core   0: 0xffffffff80009d84 (0x00755db3) srl     s11, a0, t2
3 0x80009d84 (0x00755db3) x27 0x0000037e
core   0: 0xffffffff80009d88 (0x009e3e33) sltu    t3, t3, s1
3 0x80009d88 (0x009e3e33) x28 0x00000000
core   0: 0xffffffff80009d8c (0x00c63033) sltu    zero, a2, a2
3 0x80009d8c (0x00c63033)
core   0: 0xffffffff80009d90 (0x00000013) nop
3 0x80009d90 (0x00000013)
core   0: 0xffffffff80009d94 (0x1bd9b217) auipc   tp, 0x1bd9b
3 0x80009d94 (0x1bd9b217) x 4 0x9bda4d94
core   0: 0xffffffff80009d98 (0x41b45233) sra     tp, s0, s11
3 0x80009d98 (0x41b45233) x 4 0x00000001
core   0: 0xffffffff80009d9c (0x01d15793) srli    a5, sp, 29
3 0x80009d9c (0x01d15793) x15 0x00000007
core   0: 0xffffffff80009da0 (0x001d9e93) slli    t4, s11, 1
3 0x80009da0 (0x001d9e93) x29 0x000006fc
core   0: 0xffffffff80009da4 (0x004e1213) slli    tp, t3, 4
3 0x80009da4 (0x004e1213) x 4 0x00000000
core   0: 0xffffffff80009da8 (0xfb864c93) xori    s9, a2, -72
3 0x80009da8 (0xfb864c93) x25 0xf91bc57b
core   0: 0xffffffff80009dac (0xe753fc93) andi    s9, t2, -395
3 0x80009dac (0xe753fc93) x25 0x6c243000
core   0: 0xffffffff80009db0 (0x1771ba93) sltiu   s5, gp, 375
3 0x80009db0 (0x1771ba93) x21 0x00000001
core   0: 0xffffffff80009db4 (0xc8c8bc93) sltiu   s9, a7, -884
3 0x80009db4 (0xc8c8bc93) x25 0x00000001
core   0: 0xffffffff80009db8 (0x01e22cb3) slt     s9, tp, t5
3 0x80009db8 (0x01e22cb3) x25 0x00000000
core   0: 0xffffffff80009dbc (0x405658b3) sra     a7, a2, t0
3 0x80009dbc (0x405658b3) x17 0x00000000
core   0: 0xffffffff80009dc0 (0x0a360717) auipc   a4, 0xa360
3 0x80009dc0 (0x0a360717) x14 0x8a369dc0
core   0: 0xffffffff80009dc4 (0x7e5db197) auipc   gp, 0x7e5db
3 0x80009dc4 (0x7e5db197) x 3 0xfe5e4dc4
core   0: 0xffffffff80009dc8 (0x00ced113) srli    sp, t4, 12
3 0x80009dc8 (0x00ced113) x 2 0x00000000
core   0: 0xffffffff80009dcc (0x7dc4b737) lui     a4, 0x7dc4b
3 0x80009dcc (0x7dc4b737) x14 0x7dc4b000
core   0: 0xffffffff80009dd0 (0xd7a93293) sltiu   t0, s2, -646
3 0x80009dd0 (0xd7a93293) x 5 0x00000001
core   0: 0xffffffff80009dd4 (0xf89a7213) andi    tp, s4, -119
3 0x80009dd4 (0xf89a7213) x 4 0x80014c80
core   0: 0xffffffff80009dd8 (0x00a41b93) slli    s7, s0, 10
3 0x80009dd8 (0x00a41b93) x23 0x90c00000
core   0: 0xffffffff80009ddc (0xce7ee713) ori     a4, t4, -793
3 0x80009ddc (0xce7ee713) x14 0xfffffeff
core   0: 0xffffffff80009de0 (0x00d9b833) sltu    a6, s3, a3
3 0x80009de0 (0x00d9b833) x16 0x00000001
core   0: 0xffffffff80009de4 (0x00022cb3) slt     s9, tp, zero
3 0x80009de4 (0x00022cb3) x25 0x00000001
core   0: 0xffffffff80009de8 (0x3cba4eb7) lui     t4, 0x3cba4
3 0x80009de8 (0x3cba4eb7) x29 0x3cba4000
core   0: 0xffffffff80009dec (0x01609e93) slli    t4, ra, 22
3 0x80009dec (0x01609e93) x29 0x00000000
core   0: 0xffffffff80009df0 (0x017d0633) add     a2, s10, s7
3 0x80009df0 (0x017d0633) x12 0x65522567
core   0: 0xffffffff80009df4 (0x01512fb7) lui     t6, 0x1512
3 0x80009df4 (0x01512fb7) x31 0x01512000
core   0: 0xffffffff80009df8 (0x00965cb3) srl     s9, a2, s1
3 0x80009df8 (0x00965cb3) x25 0x06552256
core   0: 0xffffffff80009dfc (0x0095c333) xor     t1, a1, s1
3 0x80009dfc (0x0095c333) x 6 0x80010e64
core   0: 0xffffffff80009e00 (0xec560913) addi    s2, a2, -315
3 0x80009e00 (0xec560913) x18 0x6552242c
core   0: 0xffffffff80009e04 (0x016e1cb3) sll     s9, t3, s6
3 0x80009e04 (0x016e1cb3) x25 0x00000000
core   0: 0xffffffff80009e08 (0x40ae59b3) sra     s3, t3, a0
3 0x80009e08 (0x40ae59b3) x19 0x00000000
core   0: 0xffffffff80009e0c (0x40cc0433) sub     s0, s8, a2
3 0x80009e0c (0x40cc0433) x 8 0x55323a99
core   0: 0xffffffff80009e10 (0x4192df13) srai    t5, t0, 25
3 0x80009e10 (0x4192df13) x30 0x00000000
core   0: 0xffffffff80009e14 (0xdc76cb13) xori    s6, a3, -569
3 0x80009e14 (0xdc76cb13) x22 0x640a5dc7
core   0: 0xffffffff80009e18 (0x012ff1b3) and     gp, t6, s2
3 0x80009e18 (0x012ff1b3) x 3 0x01502000
core   0: 0xffffffff80009e1c (0x409250b3) sra     ra, tp, s1
3 0x80009e1c (0x409250b3) x 1 0xf80014c8
core   0: 0xffffffff80009e20 (0x00ff5bb3) srl     s7, t5, a5
3 0x80009e20 (0x00ff5bb3) x23 0x00000000
core   0: 0xffffffff80009e24 (0xe0782813) slti    a6, a6, -505
3 0x80009e24 (0xe0782813) x16 0x00000000
core   0: 0xffffffff80009e28 (0x1c4c8213) addi    tp, s9, 452
3 0x80009e28 (0x1c4c8213) x 4 0x000001c4
core   0: 0xffffffff80009e2c (0x40a0dfb3) sra     t6, ra, a0
3 0x80009e2c (0x40a0dfb3) x31 0xffffffff
core   0: 0xffffffff80009e30 (0x416e5533) sra     a0, t3, s6
3 0x80009e30 (0x416e5533) x10 0x00000000
core   0: 0xffffffff80009e34 (0x409bd033) sra     zero, s7, s1
3 0x80009e34 (0x409bd033)
core   0: 0xffffffff80009e38 (0x006a5993) srli    s3, s4, 6
3 0x80009e38 (0x006a5993) x19 0x02000533
core   0: 0xffffffff80009e3c (0x416603b3) sub     t2, a2, s6
3 0x80009e3c (0x416603b3) x 7 0x0147c7a0
core   0: 0xffffffff80009e40 (0x01e6e733) or      a4, a3, t5
3 0x80009e40 (0x01e6e733) x14 0x9bf5a000
core   0: 0xffffffff80009e44 (0x0071c533) xor     a0, gp, t2
3 0x80009e44 (0x0071c533) x10 0x0017e7a0
core   0: 0xffffffff80009e48 (0x01b7c233) xor     tp, a5, s11
3 0x80009e48 (0x01b7c233) x 4 0x00000379
core   0: 0xffffffff80009e4c (0x0251c293) xori    t0, gp, 37
3 0x80009e4c (0x0251c293) x 5 0x01502025
core   0: 0xffffffff80009e50 (0x0189afb3) slt     t6, s3, s8
3 0x80009e50 (0x0189afb3) x31 0x00000000
core   0: 0xffffffff80009e54 (0x405a5133) sra     sp, s4, t0
3 0x80009e54 (0x405a5133) x 2 0xfc000a67
core   0: 0xffffffff80009e58 (0x00000013) nop
3 0x80009e58 (0x00000013)
core   0: 0xffffffff80009e5c (0x404d82b3) sub     t0, s11, tp
3 0x80009e5c (0x404d82b3) x 5 0x00000005
core   0: 0xffffffff80009e60 (0xa84b9197) auipc   gp, 0xa84b9
3 0x80009e60 (0xa84b9197) x 3 0x284c2e60
core   0: 0xffffffff80009e64 (0xf2452237) lui     tp, 0xf2452
3 0x80009e64 (0xf2452237) x 4 0xf2452000
core   0: 0xffffffff80009e68 (0xcb424613) xori    a2, tp, -844
3 0x80009e68 (0xcb424613) x12 0x0dbadcb4
core   0: 0xffffffff80009e6c (0x41c1d813) srai    a6, gp, 28
3 0x80009e6c (0x41c1d813) x16 0x00000002
core   0: 0xffffffff80009e70 (0xf967cf13) xori    t5, a5, -106
3 0x80009e70 (0xf967cf13) x30 0xffffff91
core   0: 0xffffffff80009e74 (0x4020d033) sra     zero, ra, sp
3 0x80009e74 (0x4020d033)
core   0: 0xffffffff80009e78 (0x0192ddb3) srl     s11, t0, s9
3 0x80009e78 (0x0192ddb3) x27 0x00000005
core   0: 0xffffffff80009e7c (0x401c5893) srai    a7, s8, 1
3 0x80009e7c (0x401c5893) x17 0xdd423000
core   0: 0xffffffff80009e80 (0x01903733) snez    a4, s9
3 0x80009e80 (0x01903733) x14 0x00000000
core   0: 0xffffffff80009e84 (0x17c1bf93) sltiu   t6, gp, 380
3 0x80009e84 (0x17c1bf93) x31 0x00000000
core   0: 0xffffffff80009e88 (0x01c9fe33) and     t3, s3, t3
3 0x80009e88 (0x01c9fe33) x28 0x00000000
core   0: 0xffffffff80009e8c (0x009bedb3) or      s11, s7, s1
3 0x80009e8c (0x009bedb3) x27 0x80010e64
core   0: 0xffffffff80009e90 (0x418ad033) sra     zero, s5, s8
3 0x80009e90 (0x418ad033)
core   0: 0xffffffff80009e94 (0x41765993) srai    s3, a2, 23
3 0x80009e94 (0x41765993) x19 0x0000001b
core   0: 0xffffffff80009e98 (0x0041dbb3) srl     s7, gp, tp
3 0x80009e98 (0x0041dbb3) x23 0x284c2e60
core   0: 0xffffffff80009e9c (0x41a58133) sub     sp, a1, s10
3 0x80009e9c (0x41a58133) x 2 0x2b6dda99
core   0: 0xffffffff80009ea0 (0x015707b3) add     a5, a4, s5
3 0x80009ea0 (0x015707b3) x15 0x00000001
core   0: 0xffffffff80009ea4 (0x018bfcb3) and     s9, s7, s8
3 0x80009ea4 (0x018bfcb3) x25 0x28042000
core   0: 0xffffffff80009ea8 (0x0036d0b3) srl     ra, a3, gp
3 0x80009ea8 (0x0036d0b3) x 1 0x9bf5a000
core   0: 0xffffffff80009eac (0x40e65ab3) sra     s5, a2, a4
3 0x80009eac (0x40e65ab3) x21 0x0dbadcb4
core   0: 0xffffffff80009eb0 (0x12a12a93) slti    s5, sp, 298
3 0x80009eb0 (0x12a12a93) x21 0x00000000
core   0: 0xffffffff80009eb4 (0xf40d8993) addi    s3, s11, -192
3 0x80009eb4 (0xf40d8993) x19 0x80010da4
core   0: 0xffffffff80009eb8 (0x3c848d93) addi    s11, s1, 968
3 0x80009eb8 (0x3c848d93) x27 0x8001122c
core   0: 0xffffffff80009ebc (0x01a11413) slli    s0, sp, 26
3 0x80009ebc (0x01a11413) x 8 0x64000000
core   0: 0xffffffff80009ec0 (0x018b9c93) slli    s9, s7, 24
3 0x80009ec0 (0x018b9c93) x25 0x60000000
core   0: 0xffffffff80009ec4 (0x0006f0b3) and     ra, a3, zero
3 0x80009ec4 (0x0006f0b3) x 1 0x00000000
core   0: 0xffffffff80009ec8 (0x009d5cb3) srl     s9, s10, s1
3 0x80009ec8 (0x009d5cb3) x25 0x0d492256
core   0: 0xffffffff80009ecc (0xa9e62717) auipc   a4, 0xa9e62
3 0x80009ecc (0xa9e62717) x14 0x29e6becc
core   0: 0xffffffff80009ed0 (0x38217193) andi    gp, sp, 898
3 0x80009ed0 (0x38217193) x 3 0x00000280
core   0: 0xffffffff80009ed4 (0x08b2f293) andi    t0, t0, 139
3 0x80009ed4 (0x08b2f293) x 5 0x00000001
core   0: 0xffffffff80009ed8 (0xcfa66e93) ori     t4, a2, -774
3 0x80009ed8 (0xcfa66e93) x29 0xfffffcfe
core   0: 0xffffffff80009edc (0x00f3d693) srli    a3, t2, 15
3 0x80009edc (0x00f3d693) x13 0x0000028f
core   0: 0xffffffff80009ee0 (0x41435813) srai    a6, t1, 20
3 0x80009ee0 (0x41435813) x16 0xfffff800
core   0: 0xffffffff80009ee4 (0x00660cb3) add     s9, a2, t1
3 0x80009ee4 (0x00660cb3) x25 0x8dbbeb18
core   0: 0xffffffff80009ee8 (0xbcd97b97) auipc   s7, 0xbcd97
3 0x80009ee8 (0xbcd97b97) x23 0x3cda0ee8
core   0: 0xffffffff80009eec (0x1d4ca913) slti    s2, s9, 468
3 0x80009eec (0x1d4ca913) x18 0x00000001
core   0: 0xffffffff80009ef0 (0x33f22937) lui     s2, 0x33f22
3 0x80009ef0 (0x33f22937) x18 0x33f22000
core   0: 0xffffffff80009ef4 (0x25c63213) sltiu   tp, a2, 604
3 0x80009ef4 (0x25c63213) x 4 0x00000000
core   0: 0xffffffff80009ef8 (0x01137433) and     s0, t1, a7
3 0x80009ef8 (0x01137433) x 8 0x80000000
core   0: 0xffffffff80009efc (0x00000013) nop
3 0x80009efc (0x00000013)
core   0: 0xffffffff80009f00 (0x419bd0b3) sra     ra, s7, s9
3 0x80009f00 (0x419bd0b3) x 1 0x0000003c
core   0: 0xffffffff80009f04 (0x409c83b3) sub     t2, s9, s1
3 0x80009f04 (0x409c83b3) x 7 0x0dbadcb4
core   0: 0xffffffff80009f08 (0x9956a3b7) lui     t2, 0x9956a
3 0x80009f08 (0x9956a3b7) x 7 0x9956a000
core   0: 0xffffffff80009f0c (0x01061833) sll     a6, a2, a6
3 0x80009f0c (0x01061833) x16 0x0dbadcb4
core   0: 0xffffffff80009f10 (0xcd970113) addi    sp, a4, -807
3 0x80009f10 (0xcd970113) x 2 0x29e6bba5
core   0: 0xffffffff80009f14 (0x009d2b33) slt     s6, s10, s1
3 0x80009f14 (0x009d2b33) x22 0x00000000
core   0: 0xffffffff80009f18 (0x778a0f17) auipc   t5, 0x778a0
3 0x80009f18 (0x778a0f17) x30 0xf78a9f18
core   0: 0xffffffff80009f1c (0x00875b93) srli    s7, a4, 8
3 0x80009f1c (0x00875b93) x23 0x0029e6be
core   0: 0xffffffff80009f20 (0x0518e813) ori     a6, a7, 81
3 0x80009f20 (0x0518e813) x16 0xdd423051
core   0: 0xffffffff80009f24 (0x3ed96b93) ori     s7, s2, 1005
3 0x80009f24 (0x3ed96b93) x23 0x33f223ed
core   0: 0xffffffff80009f28 (0x09eaef13) ori     t5, s5, 158
3 0x80009f28 (0x09eaef13) x30 0x0000009e
core   0: 0xffffffff80009f2c (0x019d6293) ori     t0, s10, 25
3 0x80009f2c (0x019d6293) x 5 0xd492257f
core   0: 0xffffffff80009f30 (0x01a17ab3) and     s5, sp, s10
3 0x80009f30 (0x01a17ab3) x21 0x00822125
core   0: 0xffffffff80009f34 (0x014b57b3) srl     a5, s6, s4
3 0x80009f34 (0x014b57b3) x15 0x00000000
core   0: 0xffffffff80009f38 (0xf604c013) xori    zero, s1, -160
3 0x80009f38 (0xf604c013)
core   0: 0xffffffff80009f3c (0x25278f13) addi    t5, a5, 594
3 0x80009f3c (0x25278f13) x30 0x00000252
core   0: 0xffffffff80009f40 (0x011f5e93) srli    t4, t5, 17
3 0x80009f40 (0x011f5e93) x29 0x00000000
core   0: 0xffffffff80009f44 (0xd658b313) sltiu   t1, a7, -667
3 0x80009f44 (0xd658b313) x 6 0x00000001
core   0: 0xffffffff80009f48 (0xe290f913) andi    s2, ra, -471
3 0x80009f48 (0xe290f913) x18 0x00000028
core   0: 0xffffffff80009f4c (0x1af2ab93) slti    s7, t0, 431
3 0x80009f4c (0x1af2ab93) x23 0x00000001
core   0: 0xffffffff80009f50 (0x00f6deb3) srl     t4, a3, a5
3 0x80009f50 (0x00f6deb3) x29 0x0000028f
core   0: 0xffffffff80009f54 (0x0040d3b3) srl     t2, ra, tp
3 0x80009f54 (0x0040d3b3) x 7 0x0000003c
core   0: 0xffffffff80009f58 (0x64e2e597) auipc   a1, 0x64e2e
3 0x80009f58 (0x64e2e597) x11 0xe4e37f58
core   0: 0xffffffff80009f5c (0xd3d6b5b7) lui     a1, 0xd3d6b
3 0x80009f5c (0xd3d6b5b7) x11 0xd3d6b000
core   0: 0xffffffff80009f60 (0x016763b3) or      t2, a4, s6
3 0x80009f60 (0x016763b3) x 7 0x29e6becc
core   0: 0xffffffff80009f64 (0x00000013) nop
3 0x80009f64 (0x00000013)
core   0: 0xffffffff80009f68 (0x3d0c0813) addi    a6, s8, 976
3 0x80009f68 (0x3d0c0813) x16 0xba8463d0
core   0: 0xffffffff80009f6c (0x00724733) xor     a4, tp, t2
3 0x80009f6c (0x00724733) x14 0x29e6becc
core   0: 0xffffffff80009f70 (0x01f85713) srli    a4, a6, 31
3 0x80009f70 (0x01f85713) x14 0x00000001
core   0: 0xffffffff80009f74 (0xfbc96e13) ori     t3, s2, -68
3 0x80009f74 (0xfbc96e13) x28 0xffffffbc
core   0: 0xffffffff80009f78 (0x01a51f13) slli    t5, a0, 26
3 0x80009f78 (0x01a51f13) x30 0x80000000
core   0: 0xffffffff80009f7c (0x00899213) slli    tp, s3, 8
3 0x80009f7c (0x00899213) x 4 0x010da400
core   0: 0xffffffff80009f80 (0xd8d98293) addi    t0, s3, -627
3 0x80009f80 (0xd8d98293) x 5 0x80010b31
core   0: 0xffffffff80009f84 (0x3ab1c793) xori    a5, gp, 939
3 0x80009f84 (0x3ab1c793) x15 0x0000012b
core   0: 0xffffffff80009f88 (0x004970b3) and     ra, s2, tp
3 0x80009f88 (0x004970b3) x 1 0x00000000
core   0: 0xffffffff80009f8c (0x41115c13) srai    s8, sp, 17
3 0x80009f8c (0x41115c13) x24 0x000014f3
core   0: 0xffffffff80009f90 (0x65e76717) auipc   a4, 0x65e76
3 0x80009f90 (0x65e76717) x14 0xe5e7ff90
core   0: 0xffffffff80009f94 (0x01193eb3) sltu    t4, s2, a7
3 0x80009f94 (0x01193eb3) x29 0x00000001
core   0: 0xffffffff80009f98 (0x4001d7b3) sra     a5, gp, zero
3 0x80009f98 (0x4001d7b3) x15 0x00000280
core   0: 0xffffffff80009f9c (0x01985233) srl     tp, a6, s9
3 0x80009f9c (0x01985233) x 4 0x000000ba
core   0: 0xffffffff80009fa0 (0x4154d1b3) sra     gp, s1, s5
3 0x80009fa0 (0x4154d1b3) x 3 0xfc000873
core   0: 0xffffffff80009fa4 (0x007977b3) and     a5, s2, t2
3 0x80009fa4 (0x007977b3) x15 0x00000008
core   0: 0xffffffff80009fa8 (0x00bf56b3) srl     a3, t5, a1
3 0x80009fa8 (0x00bf56b3) x13 0x80000000
core   0: 0xffffffff80009fac (0x00ede033) or      zero, s11, a4
3 0x80009fac (0x00ede033)
core   0: 0xffffffff80009fb0 (0x00dabcb3) sltu    s9, s5, a3
3 0x80009fb0 (0x00dabcb3) x25 0x00000001
core   0: 0xffffffff80009fb4 (0x003c27b3) slt     a5, s8, gp
3 0x80009fb4 (0x003c27b3) x15 0x00000000
core   0: 0xffffffff80009fb8 (0x5f5e6717) auipc   a4, 0x5f5e6
3 0x80009fb8 (0x5f5e6717) x14 0xdf5effb8
core   0: 0xffffffff80009fbc (0x01def8b3) and     a7, t4, t4
3 0x80009fbc (0x01def8b3) x17 0x00000001
core   0: 0xffffffff80009fc0 (0x018ec9b3) xor     s3, t4, s8
3 0x80009fc0 (0x018ec9b3) x19 0x000014f2
core   0: 0xffffffff80009fc4 (0xc4acac93) slti    s9, s9, -950
3 0x80009fc4 (0xc4acac93) x25 0x00000000
core   0: 0xffffffff80009fc8 (0x405a88b3) sub     a7, s5, t0
3 0x80009fc8 (0x405a88b3) x17 0x808115f4
core   0: 0xffffffff80009fcc (0x00000013) nop
3 0x80009fcc (0x00000013)
core   0: 0xffffffff80009fd0 (0x00709593) slli    a1, ra, 7
3 0x80009fd0 (0x00709593) x11 0x00000000
core   0: 0xffffffff80009fd4 (0xc56af993) andi    s3, s5, -938
3 0x80009fd4 (0xc56af993) x19 0x00822004
core   0: 0xffffffff80009fd8 (0x00515433) srl     s0, sp, t0
3 0x80009fd8 (0x00515433) x 8 0x000014f3
core   0: 0xffffffff80009fdc (0x2c226b13) ori     s6, tp, 706
3 0x80009fdc (0x2c226b13) x22 0x000002fa
core   0: 0xffffffff80009fe0 (0xce1dfa93) andi    s5, s11, -799
3 0x80009fe0 (0xce1dfa93) x21 0x80011020
core   0: 0xffffffff80009fe4 (0x2db82d93) slti    s11, a6, 731
3 0x80009fe4 (0x2db82d93) x27 0x00000001
core   0: 0xffffffff80009fe8 (0x40aa8733) sub     a4, s5, a0
3 0x80009fe8 (0x40aa8733) x14 0x7fe92880
core   0: 0xffffffff80009fec (0x41c35db3) sra     s11, t1, t3
3 0x80009fec (0x41c35db3) x27 0x00000000
core   0: 0xffffffff80009ff0 (0x00000013) nop
3 0x80009ff0 (0x00000013)
core   0: 0xffffffff80009ff4 (0x01e40933) add     s2, s0, t5
3 0x80009ff4 (0x01e40933) x18 0x800014f3
core   0: 0xffffffff80009ff8 (0x33ad7993) andi    s3, s10, 826
3 0x80009ff8 (0x33ad7993) x19 0x00000122
core   0: 0xffffffff80009ffc (0x0120d333) srl     t1, ra, s2
3 0x80009ffc (0x0120d333) x 6 0x00000000
core   0: 0xffffffff8000a000 (0x005e9993) slli    s3, t4, 5
3 0x8000a000 (0x005e9993) x19 0x00000020
core   0: 0xffffffff8000a004 (0x18c04e93) xori    t4, zero, 396
3 0x8000a004 (0x18c04e93) x29 0x0000018c
core   0: 0xffffffff8000a008 (0x000b8bb3) add     s7, s7, zero
3 0x8000a008 (0x000b8bb3) x23 0x00000001
core   0: 0xffffffff8000a00c (0x46f28097) auipc   ra, 0x46f28
3 0x8000a00c (0x46f28097) x 1 0xc6f3200c
core   0: 0xffffffff8000a010 (0x010fa2b3) slt     t0, t6, a6
3 0x8000a010 (0x010fa2b3) x 5 0x00000000
core   0: 0xffffffff8000a014 (0x35c64393) xori    t2, a2, 860
3 0x8000a014 (0x35c64393) x 7 0x0dbadfe8
core   0: 0xffffffff8000a018 (0x011638b3) sltu    a7, a2, a7
3 0x8000a018 (0x011638b3) x17 0x00000001
core   0: 0xffffffff8000a01c (0x0041b6b3) sltu    a3, gp, tp
3 0x8000a01c (0x0041b6b3) x13 0x00000000
core   0: 0xffffffff8000a020 (0xee574e93) xori    t4, a4, -283
3 0x8000a020 (0xee574e93) x29 0x8016d665
core   0: 0xffffffff8000a024 (0xc78f2713) slti    a4, t5, -904
3 0x8000a024 (0xc78f2713) x14 0x00000001
core   0: 0xffffffff8000a028 (0x01f6f6b3) and     a3, a3, t6
3 0x8000a028 (0x01f6f6b3) x13 0x00000000
core   0: 0xffffffff8000a02c (0x04e63113) sltiu   sp, a2, 78
3 0x8000a02c (0x04e63113) x 2 0x00000000
core   0: 0xffffffff8000a030 (0x2e094f93) xori    t6, s2, 736
3 0x8000a030 (0x2e094f93) x31 0x80001613
core   0: 0xffffffff8000a034 (0x41150033) sub     zero, a0, a7
3 0x8000a034 (0x41150033)
core   0: 0xffffffff8000a038 (0xfa7cf593) andi    a1, s9, -89
3 0x8000a038 (0xfa7cf593) x11 0x00000000
core   0: 0xffffffff8000a03c (0x41e05113) srai    sp, zero, 30
3 0x8000a03c (0x41e05113) x 2 0x00000000
core   0: 0xffffffff8000a040 (0x408e5113) srai    sp, t3, 8
3 0x8000a040 (0x408e5113) x 2 0xffffffff
core   0: 0xffffffff8000a044 (0x01560333) add     t1, a2, s5
3 0x8000a044 (0x01560333) x 6 0x8dbbecd4
core   0: 0xffffffff8000a048 (0x00141313) slli    t1, s0, 1
3 0x8000a048 (0x00141313) x 6 0x000029e6
core   0: 0xffffffff8000a04c (0x0020ebb3) or      s7, ra, sp
3 0x8000a04c (0x0020ebb3) x23 0xffffffff
core   0: 0xffffffff8000a050 (0x00f71933) sll     s2, a4, a5
3 0x8000a050 (0x00f71933) x18 0x00000001
core   0: 0xffffffff8000a054 (0x00276133) or      sp, a4, sp
3 0x8000a054 (0x00276133) x 2 0xffffffff
core   0: 0xffffffff8000a058 (0x0074bdb3) sltu    s11, s1, t2
3 0x8000a058 (0x0074bdb3) x27 0x00000000
core   0: 0xffffffff8000a05c (0x00e5cf33) xor     t5, a1, a4
3 0x8000a05c (0x00e5cf33) x30 0x00000001
core   0: 0xffffffff8000a060 (0x0110d233) srl     tp, ra, a7
3 0x8000a060 (0x0110d233) x 4 0x63799006
core   0: 0xffffffff8000a064 (0x383fb293) sltiu   t0, t6, 899
3 0x8000a064 (0x383fb293) x 5 0x00000000
core   0: 0xffffffff8000a068 (0xdfb66313) ori     t1, a2, -517
3 0x8000a068 (0xdfb66313) x 6 0xfffffdff
core   0: 0xffffffff8000a06c (0xfb4a7217) auipc   tp, 0xfb4a7
3 0x8000a06c (0xfb4a7217) x 4 0x7b4b106c
core   0: 0xffffffff8000a070 (0xc3487993) andi    s3, a6, -972
3 0x8000a070 (0xc3487993) x19 0xba846010
core   0: 0xffffffff8000a074 (0x004c08b3) add     a7, s8, tp
3 0x8000a074 (0x004c08b3) x17 0x7b4b255f
core   0: 0xffffffff8000a078 (0xe1f25517) auipc   a0, 0xe1f25
3 0x8000a078 (0xe1f25517) x10 0x61f2f078
core   0: 0xffffffff8000a07c (0x41a8d833) sra     a6, a7, s10
3 0x8000a07c (0x41a8d833) x16 0x00f6964a
core   0: 0xffffffff8000a080 (0x006899b3) sll     s3, a7, t1
3 0x8000a080 (0x006899b3) x19 0x80000000
core   0: 0xffffffff8000a084 (0x2320c993) xori    s3, ra, 562
3 0x8000a084 (0x2320c993) x19 0xc6f3223e
core   0: 0xffffffff8000a088 (0x00f1c733) xor     a4, gp, a5
3 0x8000a088 (0x00f1c733) x14 0xfc000873
core   0: 0xffffffff8000a08c (0x21106813) ori     a6, zero, 529
3 0x8000a08c (0x21106813) x16 0x00000211
core   0: 0xffffffff8000a090 (0x85f230b7) lui     ra, 0x85f23
3 0x8000a090 (0x85f230b7) x 1 0x85f23000
core   0: 0xffffffff8000a094 (0x4076db33) sra     s6, a3, t2
3 0x8000a094 (0x4076db33) x22 0x00000000
core   0: 0xffffffff8000a098 (0x010ed893) srli    a7, t4, 16
3 0x8000a098 (0x010ed893) x17 0x00008016
core   0: 0xffffffff8000a09c (0x01369513) slli    a0, a3, 19
3 0x8000a09c (0x01369513) x10 0x00000000
core   0: 0xffffffff8000a0a0 (0x26a36793) ori     a5, t1, 618
3 0x8000a0a0 (0x26a36793) x15 0xffffffff
core   0: 0xffffffff8000a0a4 (0x40128233) sub     tp, t0, ra
3 0x8000a0a4 (0x40128233) x 4 0x7a0dd000
core   0: 0xffffffff8000a0a8 (0x0096d793) srli    a5, a3, 9
3 0x8000a0a8 (0x0096d793) x15 0x00000000
core   0: 0xffffffff8000a0ac (0x00104333) xor     t1, zero, ra
3 0x8000a0ac (0x00104333) x 6 0x85f23000
core   0: 0xffffffff8000a0b0 (0x4171d393) srai    t2, gp, 23
3 0x8000a0b0 (0x4171d393) x 7 0xfffffff8
core   0: 0xffffffff8000a0b4 (0xf9856293) ori     t0, a0, -104
3 0x8000a0b4 (0xf9856293) x 5 0xffffff98
core   0: 0xffffffff8000a0b8 (0x000d2e33) slt     t3, s10, zero
3 0x8000a0b8 (0x000d2e33) x28 0x00000001
core   0: 0xffffffff8000a0bc (0xa7797db7) lui     s11, 0xa7797
3 0x8000a0bc (0xa7797db7) x27 0xa7797000
core   0: 0xffffffff8000a0c0 (0x01019813) slli    a6, gp, 16
3 0x8000a0c0 (0x01019813) x16 0x08730000
core   0: 0xffffffff8000a0c4 (0x01501413) slli    s0, zero, 21
3 0x8000a0c4 (0x01501413) x 8 0x00000000
core   0: 0xffffffff8000a0c8 (0xd7717693) andi    a3, sp, -649
3 0x8000a0c8 (0xd7717693) x13 0xfffffd77
core   0: 0xffffffff8000a0cc (0x0129e1b3) or      gp, s3, s2
3 0x8000a0cc (0x0129e1b3) x 3 0xc6f3223f
core   0: 0xffffffff8000a0d0 (0x01cac6b3) xor     a3, s5, t3
3 0x8000a0d0 (0x01cac6b3) x13 0x80011021
core   0: 0xffffffff8000a0d4 (0xd7277013) andi    zero, a4, -654
3 0x8000a0d4 (0xd7277013)
core   0: 0xffffffff8000a0d8 (0x01585833) srl     a6, a6, s5
3 0x8000a0d8 (0x01585833) x16 0x08730000
core   0: 0xffffffff8000a0dc (0x27bf8f93) addi    t6, t6, 635
3 0x8000a0dc (0x27bf8f93) x31 0x8000188e
core   0: 0xffffffff8000a0e0 (0xdecf0613) addi    a2, t5, -532
3 0x8000a0e0 (0xdecf0613) x12 0xfffffded
core   0: 0xffffffff8000a0e4 (0x40a50b33) sub     s6, a0, a0
3 0x8000a0e4 (0x40a50b33) x22 0x00000000
core   0: 0xffffffff8000a0e8 (0xded2ff13) andi    t5, t0, -531
3 0x8000a0e8 (0xded2ff13) x30 0xfffffd88
core   0: 0xffffffff8000a0ec (0x4114d613) srai    a2, s1, 17
3 0x8000a0ec (0x4114d613) x12 0xffffc000
core   0: 0xffffffff8000a0f0 (0x00531f13) slli    t5, t1, 5
3 0x8000a0f0 (0x00531f13) x30 0xbe460000
core   0: 0xffffffff8000a0f4 (0x00220eb3) add     t4, tp, sp
3 0x8000a0f4 (0x00220eb3) x29 0x7a0dcfff
core   0: 0xffffffff8000a0f8 (0xc2fec393) xori    t2, t4, -977
3 0x8000a0f8 (0xc2fec393) x 7 0x85f233d0
core   0: 0xffffffff8000a0fc (0x008b49b3) xor     s3, s6, s0
3 0x8000a0fc (0x008b49b3) x19 0x00000000
core   0: 0xffffffff8000a100 (0xc5bde593) ori     a1, s11, -933
3 0x8000a100 (0xc5bde593) x11 0xfffffc5b
core   0: 0xffffffff8000a104 (0x01b1d533) srl     a0, gp, s11
3 0x8000a104 (0x01b1d533) x10 0xc6f3223f
core   0: 0xffffffff8000a108 (0x9417a917) auipc   s2, 0x9417a
3 0x8000a108 (0x9417a917) x18 0x14184108
core   0: 0xffffffff8000a10c (0x01ad3ab3) sltu    s5, s10, s10
3 0x8000a10c (0x01ad3ab3) x21 0x00000000
core   0: 0xffffffff8000a110 (0x3b750413) addi    s0, a0, 951
3 0x8000a110 (0x3b750413) x 8 0xc6f325f6
core   0: 0xffffffff8000a114 (0x00000013) nop
3 0x8000a114 (0x00000013)
core   0: 0xffffffff8000a118 (0x29188613) addi    a2, a7, 657
3 0x8000a118 (0x29188613) x12 0x000082a7
core   0: 0xffffffff8000a11c (0x01c2f533) and     a0, t0, t3
3 0x8000a11c (0x01c2f533) x10 0x00000000
core   0: 0xffffffff8000a120 (0x01cea333) slt     t1, t4, t3
3 0x8000a120 (0x01cea333) x 6 0x00000000
core   0: 0xffffffff8000a124 (0x41cc5cb3) sra     s9, s8, t3
3 0x8000a124 (0x41cc5cb3) x25 0x00000a79
core   0: 0xffffffff8000a128 (0x36a54293) xori    t0, a0, 874
3 0x8000a128 (0x36a54293) x 5 0x0000036a
core   0: 0xffffffff8000a12c (0x000e18b3) sll     a7, t3, zero
3 0x8000a12c (0x000e18b3) x17 0x00000001
core   0: 0xffffffff8000a130 (0x013dcb33) xor     s6, s11, s3
3 0x8000a130 (0x013dcb33) x22 0xa7797000
core   0: 0xffffffff8000a134 (0x0124b733) sltu    a4, s1, s2
3 0x8000a134 (0x0124b733) x14 0x00000000
core   0: 0xffffffff8000a138 (0xc0b809b7) lui     s3, 0xc0b80
3 0x8000a138 (0xc0b809b7) x19 0xc0b80000
core   0: 0xffffffff8000a13c (0x3f3c3037) lui     zero, 0x3f3c3
3 0x8000a13c (0x3f3c3037)
core   0: 0xffffffff8000a140 (0x0088f833) and     a6, a7, s0
3 0x8000a140 (0x0088f833) x16 0x00000000
core   0: 0xffffffff8000a144 (0x40715193) srai    gp, sp, 7
3 0x8000a144 (0x40715193) x 3 0xffffffff
core   0: 0xffffffff8000a148 (0x663cfcb7) lui     s9, 0x663cf
3 0x8000a148 (0x663cfcb7) x25 0x663cf000
core   0: 0xffffffff8000a14c (0x2fc72313) slti    t1, a4, 764
3 0x8000a14c (0x2fc72313) x 6 0x00000001
core   0: 0xffffffff8000a150 (0x417a52b3) sra     t0, s4, s7
3 0x8000a150 (0x417a52b3) x 5 0xffffffff
core   0: 0xffffffff8000a154 (0x1f93de37) lui     t3, 0x1f93d
3 0x8000a154 (0x1f93de37) x28 0x1f93d000
core   0: 0xffffffff8000a158 (0x00a28fb3) add     t6, t0, a0
3 0x8000a158 (0x00a28fb3) x31 0xffffffff
core   0: 0xffffffff8000a15c (0xe060f5b7) lui     a1, 0xe060f
3 0x8000a15c (0xe060f5b7) x11 0xe060f000
core   0: 0xffffffff8000a160 (0x4055d193) srai    gp, a1, 5
3 0x8000a160 (0x4055d193) x 3 0xff030780
core   0: 0xffffffff8000a164 (0x016c52b3) srl     t0, s8, s6
3 0x8000a164 (0x016c52b3) x 5 0x000014f3
core   0: 0xffffffff8000a168 (0x2f106b13) ori     s6, zero, 753
3 0x8000a168 (0x2f106b13) x22 0x000002f1
core   0: 0xffffffff8000a16c (0x0126eb33) or      s6, a3, s2
3 0x8000a16c (0x0126eb33) x22 0x94195129
core   0: 0xffffffff8000a170 (0x002daab3) slt     s5, s11, sp
3 0x8000a170 (0x002daab3) x21 0x00000001
core   0: 0xffffffff8000a174 (0x00bdb1b3) sltu    gp, s11, a1
3 0x8000a174 (0x00bdb1b3) x 3 0x00000001
core   0: 0xffffffff8000a178 (0x16c24593) xori    a1, tp, 364
3 0x8000a178 (0x16c24593) x11 0x7a0dd16c
core   0: 0xffffffff8000a17c (0x22337813) andi    a6, t1, 547
3 0x8000a17c (0x22337813) x16 0x00000001
core   0: 0xffffffff8000a180 (0x01a66313) ori     t1, a2, 26
3 0x8000a180 (0x01a66313) x 6 0x000082bf
core   0: 0xffffffff8000a184 (0x006c69b3) or      s3, s8, t1
3 0x8000a184 (0x006c69b3) x19 0x000096ff
core   0: 0xffffffff8000a188 (0x0123d833) srl     a6, t2, s2
3 0x8000a188 (0x0123d833) x16 0x0085f233
core   0: 0xffffffff8000a18c (0x00b17333) and     t1, sp, a1
3 0x8000a18c (0x00b17333) x 6 0x7a0dd16c
core   0: 0xffffffff8000a190 (0x2d3bb397) auipc   t2, 0x2d3bb
3 0x8000a190 (0x2d3bb397) x 7 0xad3c5190
core   0: 0xffffffff8000a194 (0xecbd6113) ori     sp, s10, -309
3 0x8000a194 (0xecbd6113) x 2 0xffffffef
core   0: 0xffffffff8000a198 (0x00000013) nop
3 0x8000a198 (0x00000013)
core   0: 0xffffffff8000a19c (0x00add533) srl     a0, s11, a0
3 0x8000a19c (0x00add533) x10 0xa7797000
core   0: 0xffffffff8000a1a0 (0x00c55433) srl     s0, a0, a2
3 0x8000a1a0 (0x00c55433) x 8 0x014ef2e0
core   0: 0xffffffff8000a1a4 (0x2e089e37) lui     t3, 0x2e089
3 0x8000a1a4 (0x2e089e37) x28 0x2e089000
core   0: 0xffffffff8000a1a8 (0xea6ce593) ori     a1, s9, -346
3 0x8000a1a8 (0xea6ce593) x11 0xfffffea6
core   0: 0xffffffff8000a1ac (0x010178b3) and     a7, sp, a6
3 0x8000a1ac (0x010178b3) x17 0x0085f223
core   0: 0xffffffff8000a1b0 (0x00c11313) slli    t1, sp, 12
3 0x8000a1b0 (0x00c11313) x 6 0xfffef000
core   0: 0xffffffff8000a1b4 (0x1f99a217) auipc   tp, 0x1f99a
3 0x8000a1b4 (0x1f99a217) x 4 0x9f9a41b4
core   0: 0xffffffff8000a1b8 (0xb5ae5ab7) lui     s5, 0xb5ae5
3 0x8000a1b8 (0xb5ae5ab7) x21 0xb5ae5000
core   0: 0xffffffff8000a1bc (0x01c5e433) or      s0, a1, t3
3 0x8000a1bc (0x01c5e433) x 8 0xfffffea6
core   0: 0xffffffff8000a1c0 (0x391a6393) ori     t2, s4, 913
3 0x8000a1c0 (0x391a6393) x 7 0x80014ff5
core   0: 0xffffffff8000a1c4 (0x40e10433) sub     s0, sp, a4
3 0x8000a1c4 (0x40e10433) x 8 0xffffffef
core   0: 0xffffffff8000a1c8 (0x007948b3) xor     a7, s2, t2
3 0x8000a1c8 (0x007948b3) x17 0x94190efd
core   0: 0xffffffff8000a1cc (0xea36c513) xori    a0, a3, -349
3 0x8000a1cc (0xea36c513) x10 0x7ffeee82
core   0: 0xffffffff8000a1d0 (0x41670fb3) sub     t6, a4, s6
3 0x8000a1d0 (0x41670fb3) x31 0x6be6aed7
core   0: 0xffffffff8000a1d4 (0x437c31b7) lui     gp, 0x437c3
3 0x8000a1d4 (0x437c31b7) x 3 0x437c3000
core   0: 0xffffffff8000a1d8 (0x41838333) sub     t1, t2, s8
3 0x8000a1d8 (0x41838333) x 6 0x80013b02
core   0: 0xffffffff8000a1dc (0x00ddf6b3) and     a3, s11, a3
3 0x8000a1dc (0x00ddf6b3) x13 0x80011000
core   0: 0xffffffff8000a1e0 (0x4038da93) srai    s5, a7, 3
3 0x8000a1e0 (0x4038da93) x21 0xf28321df
core   0: 0xffffffff8000a1e4 (0x01fcbb33) sltu    s6, s9, t6
3 0x8000a1e4 (0x01fcbb33) x22 0x00000001
core   0: 0xffffffff8000a1e8 (0x00dc30b3) sltu    ra, s8, a3
3 0x8000a1e8 (0x00dc30b3) x 1 0x00000001
core   0: 0xffffffff8000a1ec (0x4889c8b7) lui     a7, 0x4889c
3 0x8000a1ec (0x4889c8b7) x17 0x4889c000
core   0: 0xffffffff8000a1f0 (0xe617b013) sltiu   zero, a5, -415
3 0x8000a1f0 (0xe617b013)
core   0: 0xffffffff8000a1f4 (0xf6d56093) ori     ra, a0, -147
3 0x8000a1f4 (0xf6d56093) x 1 0xffffffef
core   0: 0xffffffff8000a1f8 (0xd54b7193) andi    gp, s6, -684
3 0x8000a1f8 (0xd54b7193) x 3 0x00000000
core   0: 0xffffffff8000a1fc (0x40d65333) sra     t1, a2, a3
3 0x8000a1fc (0x40d65333) x 6 0x000082a7
core   0: 0xffffffff8000a200 (0x1903a393) slti    t2, t2, 400
3 0x8000a200 (0x1903a393) x 7 0x00000001
core   0: 0xffffffff8000a204 (0x1132f593) andi    a1, t0, 275
3 0x8000a204 (0x1132f593) x11 0x00000013
core   0: 0xffffffff8000a208 (0xdb362e13) slti    t3, a2, -589
3 0x8000a208 (0xdb362e13) x28 0x00000000
core   0: 0xffffffff8000a20c (0x40c84cb7) lui     s9, 0x40c84
3 0x8000a20c (0x40c84cb7) x25 0x40c84000
core   0: 0xffffffff8000a210 (0x00e7a733) slt     a4, a5, a4
3 0x8000a210 (0x00e7a733) x14 0x00000000
core   0: 0xffffffff8000a214 (0xed5ec313) xori    t1, t4, -299
3 0x8000a214 (0xed5ec313) x 6 0x85f2312a
core   0: 0xffffffff8000a218 (0xf066af93) slti    t6, a3, -250
3 0x8000a218 (0xf066af93) x31 0x00000001
core   0: 0xffffffff8000a21c (0xdfe19617) auipc   a2, 0xdfe19
3 0x8000a21c (0xdfe19617) x12 0x5fe2321c
core   0: 0xffffffff8000a220 (0x417b5013) srai    zero, s6, 23
3 0x8000a220 (0x417b5013)
core   0: 0xffffffff8000a224 (0x3203cf13) xori    t5, t2, 800
3 0x8000a224 (0x3203cf13) x30 0x00000321
core   0: 0xffffffff8000a228 (0x0099b633) sltu    a2, s3, s1
3 0x8000a228 (0x0099b633) x12 0x00000001
core   0: 0xffffffff8000a22c (0x00aa1d93) slli    s11, s4, 10
3 0x8000a22c (0x00aa1d93) x27 0x05339000
core   0: 0xffffffff8000a230 (0x403c5d93) srai    s11, s8, 3
3 0x8000a230 (0x403c5d93) x27 0x0000029e
core   0: 0xffffffff8000a234 (0xecbe3193) sltiu   gp, t3, -309
3 0x8000a234 (0xecbe3193) x 3 0x00000001
core   0: 0xffffffff8000a238 (0x0119deb3) srl     t4, s3, a7
3 0x8000a238 (0x0119deb3) x29 0x000096ff
core   0: 0xffffffff8000a23c (0x41205713) srai    a4, zero, 18
3 0x8000a23c (0x41205713) x14 0x00000000
core   0: 0xffffffff8000a240 (0x2a410e13) addi    t3, sp, 676
3 0x8000a240 (0x2a410e13) x28 0x00000293
core   0: 0xffffffff8000a244 (0x0153a7b3) slt     a5, t2, s5
3 0x8000a244 (0x0153a7b3) x15 0x00000000
core   0: 0xffffffff8000a248 (0x400a0233) sub     tp, s4, zero
3 0x8000a248 (0x400a0233) x 4 0x80014ce4
core   0: 0xffffffff8000a24c (0x2d056c13) ori     s8, a0, 720
3 0x8000a24c (0x2d056c13) x24 0x7ffeeed2
core   0: 0xffffffff8000a250 (0x002086b3) add     a3, ra, sp
3 0x8000a250 (0x002086b3) x13 0xffffffde
core   0: 0xffffffff8000a254 (0x21ff4693) xori    a3, t5, 543
3 0x8000a254 (0x21ff4693) x13 0x0000013e
core   0: 0xffffffff8000a258 (0x3ce54b13) xori    s6, a0, 974
3 0x8000a258 (0x3ce54b13) x22 0x7ffeed4c
core   0: 0xffffffff8000a25c (0x007baab3) slt     s5, s7, t2
3 0x8000a25c (0x007baab3) x21 0x00000001
core   0: 0xffffffff8000a260 (0x00fd2eb3) slt     t4, s10, a5
3 0x8000a260 (0x00fd2eb3) x29 0x00000001
core   0: 0xffffffff8000a264 (0xf91d4093) xori    ra, s10, -111
3 0x8000a264 (0xf91d4093) x 1 0x2b6ddaf6
core   0: 0xffffffff8000a268 (0x00922733) slt     a4, tp, s1
3 0x8000a268 (0x00922733) x14 0x00000000
core   0: 0xffffffff8000a26c (0x4067d0b3) sra     ra, a5, t1
3 0x8000a26c (0x4067d0b3) x 1 0x00000000
core   0: 0xffffffff8000a270 (0xef438e93) addi    t4, t2, -268
3 0x8000a270 (0xef438e93) x29 0xfffffef5
core   0: 0xffffffff8000a274 (0x0126c2b3) xor     t0, a3, s2
3 0x8000a274 (0x0126c2b3) x 5 0x14184036
core   0: 0xffffffff8000a278 (0x01f1e733) or      a4, gp, t6
3 0x8000a278 (0x01f1e733) x14 0x00000001
core   0: 0xffffffff8000a27c (0x07c81717) auipc   a4, 0x7c81
3 0x8000a27c (0x07c81717) x14 0x87c8b27c
core   0: 0xffffffff8000a280 (0x0142a533) slt     a0, t0, s4
3 0x8000a280 (0x0142a533) x10 0x00000000
core   0: 0xffffffff8000a284 (0xc707b113) sltiu   sp, a5, -912
3 0x8000a284 (0xc707b113) x 2 0x00000001
core   0: 0xffffffff8000a288 (0x40c2d7b3) sra     a5, t0, a2
3 0x8000a288 (0x40c2d7b3) x15 0x0a0c201b
core   0: 0xffffffff8000a28c (0x41f68e33) sub     t3, a3, t6
3 0x8000a28c (0x41f68e33) x28 0x0000013d
core   0: 0xffffffff8000a290 (0x4168d593) srai    a1, a7, 22
3 0x8000a290 (0x4168d593) x11 0x00000122
core   0: 0xffffffff8000a294 (0x01138933) add     s2, t2, a7
3 0x8000a294 (0x01138933) x18 0x4889c001
core   0: 0xffffffff8000a298 (0xcf3e8d93) addi    s11, t4, -781
3 0x8000a298 (0xcf3e8d93) x27 0xfffffbe8
core   0: 0xffffffff8000a29c (0x013aac33) slt     s8, s5, s3
3 0x8000a29c (0x013aac33) x24 0x00000001
core   0: 0xffffffff8000a2a0 (0x01ec6e93) ori     t4, s8, 30
3 0x8000a2a0 (0x01ec6e93) x29 0x0000001f
core   0: 0xffffffff8000a2a4 (0x4177d3b3) sra     t2, a5, s7
3 0x8000a2a4 (0x4177d3b3) x 7 0x00000000
core   0: 0xffffffff8000a2a8 (0x40c4d593) srai    a1, s1, 12
3 0x8000a2a8 (0x40c4d593) x11 0xfff80010
core   0: 0xffffffff8000a2ac (0x00000013) nop
3 0x8000a2ac (0x00000013)
core   0: 0xffffffff8000a2b0 (0x40c0d013) srai    zero, ra, 12
3 0x8000a2b0 (0x40c0d013)
core   0: 0xffffffff8000a2b4 (0x01979193) slli    gp, a5, 25
3 0x8000a2b4 (0x01979193) x 3 0x36000000
core   0: 0xffffffff8000a2b8 (0xc9de2c13) slti    s8, t3, -867
3 0x8000a2b8 (0xc9de2c13) x24 0x00000000
core   0: 0xffffffff8000a2bc (0x00403ab3) snez    s5, tp
3 0x8000a2bc (0x00403ab3) x21 0x00000001
core   0: 0xffffffff8000a2c0 (0x01077eb3) and     t4, a4, a6
3 0x8000a2c0 (0x01077eb3) x29 0x0080b230
core   0: 0xffffffff8000a2c4 (0x14023c93) sltiu   s9, tp, 320
3 0x8000a2c4 (0x14023c93) x25 0x00000000
core   0: 0xffffffff8000a2c8 (0x0093d7b3) srl     a5, t2, s1
3 0x8000a2c8 (0x0093d7b3) x15 0x00000000
core   0: 0xffffffff8000a2cc (0x00939313) slli    t1, t2, 9
3 0x8000a2cc (0x00939313) x 6 0x00000000
core   0: 0xffffffff8000a2d0 (0x00f25833) srl     a6, tp, a5
3 0x8000a2d0 (0x00f25833) x16 0x80014ce4
core   0: 0xffffffff8000a2d4 (0x0096c033) xor     zero, a3, s1
3 0x8000a2d4 (0x0096c033)
core   0: 0xffffffff8000a2d8 (0x01de97b3) sll     a5, t4, t4
3 0x8000a2d8 (0x01de97b3) x15 0xb2300000
core   0: 0xffffffff8000a2dc (0x00912833) slt     a6, sp, s1
3 0x8000a2dc (0x00912833) x16 0x00000000
core   0: 0xffffffff8000a2e0 (0x00f15313) srli    t1, sp, 15
3 0x8000a2e0 (0x00f15313) x 6 0x00000000
core   0: 0xffffffff8000a2e4 (0x4814ac37) lui     s8, 0x4814a
3 0x8000a2e4 (0x4814ac37) x24 0x4814a000
core   0: 0xffffffff8000a2e8 (0xb961d0b7) lui     ra, 0xb961d
3 0x8000a2e8 (0xb961d0b7) x 1 0xb961d000
core   0: 0xffffffff8000a2ec (0x00000013) nop
3 0x8000a2ec (0x00000013)
core   0: 0xffffffff8000a2f0 (0x41ed8133) sub     sp, s11, t5
3 0x8000a2f0 (0x41ed8133) x 2 0xfffff8c7
core   0: 0xffffffff8000a2f4 (0x0cf78693) addi    a3, a5, 207
3 0x8000a2f4 (0x0cf78693) x13 0xb23000cf
core   0: 0xffffffff8000a2f8 (0xd27f4f13) xori    t5, t5, -729
3 0x8000a2f8 (0xd27f4f13) x30 0xfffffe06
core   0: 0xffffffff8000a2fc (0x0093d393) srli    t2, t2, 9
3 0x8000a2fc (0x0093d393) x 7 0x00000000
core   0: 0xffffffff8000a300 (0x0146b933) sltu    s2, a3, s4
3 0x8000a300 (0x0146b933) x18 0x00000000
core   0: 0xffffffff8000a304 (0x33bbe113) ori     sp, s7, 827
3 0x8000a304 (0x33bbe113) x 2 0xffffffff
core   0: 0xffffffff8000a308 (0x00d183b3) add     t2, gp, a3
3 0x8000a308 (0x00d183b3) x 7 0xe83000cf
core   0: 0xffffffff8000a30c (0x00aa92b3) sll     t0, s5, a0
3 0x8000a30c (0x00aa92b3) x 5 0x00000001
core   0: 0xffffffff8000a310 (0x79226c17) auipc   s8, 0x79226
3 0x8000a310 (0x79226c17) x24 0xf9230310
core   0: 0xffffffff8000a314 (0xf2044e93) xori    t4, s0, -224
3 0x8000a314 (0xf2044e93) x29 0x000000cf
core   0: 0xffffffff8000a318 (0x4c2fd837) lui     a6, 0x4c2fd
3 0x8000a318 (0x4c2fd837) x16 0x4c2fd000
core   0: 0xffffffff8000a31c (0x15887e17) auipc   t3, 0x15887
3 0x8000a31c (0x15887e17) x28 0x9589131c
core   0: 0xffffffff8000a320 (0xe973be13) sltiu   t3, t2, -361
3 0x8000a320 (0xe973be13) x28 0x00000001
core   0: 0xffffffff8000a324 (0x01969ab3) sll     s5, a3, s9
3 0x8000a324 (0x01969ab3) x21 0xb23000cf
core   0: 0xffffffff8000a328 (0x01995893) srli    a7, s2, 25
3 0x8000a328 (0x01995893) x17 0x00000000
core   0: 0xffffffff8000a32c (0x160ab313) sltiu   t1, s5, 352
3 0x8000a32c (0x160ab313) x 6 0x00000000
core   0: 0xffffffff8000a330 (0x40b0d3b3) sra     t2, ra, a1
3 0x8000a330 (0x40b0d3b3) x 7 0xffffb961
core   0: 0xffffffff8000a334 (0x00450633) add     a2, a0, tp
3 0x8000a334 (0x00450633) x12 0x80014ce4
core   0: 0xffffffff8000a338 (0xa9312f17) auipc   t5, 0xa9312
3 0x8000a338 (0xa9312f17) x30 0x2931c338
core   0: 0xffffffff8000a33c (0xf7078f13) addi    t5, a5, -144
3 0x8000a33c (0xf7078f13) x30 0xb22fff70
core   0: 0xffffffff8000a340 (0x412f88b3) sub     a7, t6, s2
3 0x8000a340 (0x412f88b3) x17 0x00000001
core   0: 0xffffffff8000a344 (0x00207c33) and     s8, zero, sp
3 0x8000a344 (0x00207c33) x24 0x00000000
core   0: 0xffffffff8000a348 (0x000d16b3) sll     a3, s10, zero
3 0x8000a348 (0x000d16b3) x13 0xd4922567
core   0: 0xffffffff8000a34c (0x00a63733) sltu    a4, a2, a0
3 0x8000a34c (0x00a63733) x14 0x00000000
core   0: 0xffffffff8000a350 (0x001c60b3) or      ra, s8, ra
3 0x8000a350 (0x001c60b3) x 1 0xb961d000
core   0: 0xffffffff8000a354 (0x41cbd993) srai    s3, s7, 28
3 0x8000a354 (0x41cbd993) x19 0xffffffff
core   0: 0xffffffff8000a358 (0x00a95bb3) srl     s7, s2, a0
3 0x8000a358 (0x00a95bb3) x23 0x00000000
core   0: 0xffffffff8000a35c (0x4180d7b3) sra     a5, ra, s8
3 0x8000a35c (0x4180d7b3) x15 0xb961d000
core   0: 0xffffffff8000a360 (0x0037f733) and     a4, a5, gp
3 0x8000a360 (0x0037f733) x14 0x30000000
core   0: 0xffffffff8000a364 (0x00c05513) srli    a0, zero, 12
3 0x8000a364 (0x00c05513) x10 0x00000000
core   0: 0xffffffff8000a368 (0x00c61213) slli    tp, a2, 12
3 0x8000a368 (0x00c61213) x 4 0x14ce4000
core   0: 0xffffffff8000a36c (0x0027d513) srli    a0, a5, 2
3 0x8000a36c (0x0027d513) x10 0x2e587400
core   0: 0xffffffff8000a370 (0xcfaab393) sltiu   t2, s5, -774
3 0x8000a370 (0xcfaab393) x 7 0x00000001
core   0: 0xffffffff8000a374 (0x1b7ac593) xori    a1, s5, 439
3 0x8000a374 (0x1b7ac593) x11 0xb2300178
core   0: 0xffffffff8000a378 (0x021d2893) slti    a7, s10, 33
3 0x8000a378 (0x021d2893) x17 0x00000001
core   0: 0xffffffff8000a37c (0x01408f33) add     t5, ra, s4
3 0x8000a37c (0x01408f33) x30 0x39631ce4
core   0: 0xffffffff8000a380 (0x00000013) nop
3 0x8000a380 (0x00000013)
core   0: 0xffffffff8000a384 (0x01cf8933) add     s2, t6, t3
3 0x8000a384 (0x01cf8933) x18 0x00000002
core   0: 0xffffffff8000a388 (0xe46ac813) xori    a6, s5, -442
3 0x8000a388 (0xe46ac813) x16 0x4dcffe89
core   0: 0xffffffff8000a38c (0x410c8833) sub     a6, s9, a6
3 0x8000a38c (0x410c8833) x16 0xb2300177
core   0: 0xffffffff8000a390 (0x404652b3) sra     t0, a2, tp
3 0x8000a390 (0x404652b3) x 5 0x80014ce4
core   0: 0xffffffff8000a394 (0x408608b3) sub     a7, a2, s0
3 0x8000a394 (0x408608b3) x17 0x80014cf5
core   0: 0xffffffff8000a398 (0x0091a033) slt     zero, gp, s1
3 0x8000a398 (0x0091a033)
core   0: 0xffffffff8000a39c (0x007a5f33) srl     t5, s4, t2
3 0x8000a39c (0x007a5f33) x30 0x4000a672
core   0: 0xffffffff8000a3a0 (0x40195333) sra     t1, s2, ra
3 0x8000a3a0 (0x40195333) x 6 0x00000002
core   0: 0xffffffff8000a3a4 (0x01aa1bb3) sll     s7, s4, s10
3 0x8000a3a4 (0x01aa1bb3) x23 0x00a67200
core   0: 0xffffffff8000a3a8 (0x842c7297) auipc   t0, 0x842c7
3 0x8000a3a8 (0x842c7297) x 5 0x042d13a8
core   0: 0xffffffff8000a3ac (0x01a8d233) srl     tp, a7, s10
3 0x8000a3ac (0x01a8d233) x 4 0x01000299
core   0: 0xffffffff8000a3b0 (0x01992633) slt     a2, s2, s9
3 0x8000a3b0 (0x01992633) x12 0x00000000
core   0: 0xffffffff8000a3b4 (0x01bff0b3) and     ra, t6, s11
3 0x8000a3b4 (0x01bff0b3) x 1 0x00000000
core   0: 0xffffffff8000a3b8 (0x2d5e7113) andi    sp, t3, 725
3 0x8000a3b8 (0x2d5e7113) x 2 0x00000001
core   0: 0xffffffff8000a3bc (0x25ad8313) addi    t1, s11, 602
3 0x8000a3bc (0x25ad8313) x 6 0xfffffe42
core   0: 0xffffffff8000a3c0 (0x01a4f0b3) and     ra, s1, s10
3 0x8000a3c0 (0x01a4f0b3) x 1 0x80000464
core   0: 0xffffffff8000a3c4 (0x11c07b93) andi    s7, zero, 284
3 0x8000a3c4 (0x11c07b93) x23 0x00000000
core   0: 0xffffffff8000a3c8 (0xb41d3c37) lui     s8, 0xb41d3
3 0x8000a3c8 (0xb41d3c37) x24 0xb41d3000
core   0: 0xffffffff8000a3cc (0x01235733) srl     a4, t1, s2
3 0x8000a3cc (0x01235733) x14 0x3fffff90
core   0: 0xffffffff8000a3d0 (0x01b39fb3) sll     t6, t2, s11
3 0x8000a3d0 (0x01b39fb3) x31 0x00000100
core   0: 0xffffffff8000a3d4 (0x01c64733) xor     a4, a2, t3
3 0x8000a3d4 (0x01c64733) x14 0x00000001
core   0: 0xffffffff8000a3d8 (0x017b0933) add     s2, s6, s7
3 0x8000a3d8 (0x017b0933) x18 0x7ffeed4c
core   0: 0xffffffff8000a3dc (0x01f57e33) and     t3, a0, t6
3 0x8000a3dc (0x01f57e33) x28 0x00000000
core   0: 0xffffffff8000a3e0 (0xe0b7ce13) xori    t3, a5, -501
3 0x8000a3e0 (0xe0b7ce13) x28 0x469e2e0b
core   0: 0xffffffff8000a3e4 (0x015e5993) srli    s3, t3, 21
3 0x8000a3e4 (0x015e5993) x19 0x00000234
core   0: 0xffffffff8000a3e8 (0x00996433) or      s0, s2, s1
3 0x8000a3e8 (0x00996433) x 8 0xffffef6c
core   0: 0xffffffff8000a3ec (0x31383f13) sltiu   t5, a6, 787
3 0x8000a3ec (0x31383f13) x30 0x00000000
core   0: 0xffffffff8000a3f0 (0x010795b3) sll     a1, a5, a6
3 0x8000a3f0 (0x010795b3) x11 0x00000000
core   0: 0xffffffff8000a3f4 (0x00a59a93) slli    s5, a1, 10
3 0x8000a3f4 (0x00a59a93) x21 0x00000000
core   0: 0xffffffff8000a3f8 (0x01b3de33) srl     t3, t2, s11
3 0x8000a3f8 (0x01b3de33) x28 0x00000000
core   0: 0xffffffff8000a3fc (0xdec4a193) slti    gp, s1, -532
3 0x8000a3fc (0xdec4a193) x 3 0x00000001
core   0: 0xffffffff8000a400 (0x00f2f033) and     zero, t0, a5
3 0x8000a400 (0x00f2f033)
core   0: 0xffffffff8000a404 (0x00245f13) srli    t5, s0, 2
3 0x8000a404 (0x00245f13) x30 0x3ffffbdb
core   0: 0xffffffff8000a408 (0x16a83993) sltiu   s3, a6, 362
3 0x8000a408 (0x16a83993) x19 0x00000000
core   0: 0xffffffff8000a40c (0x005da1b3) slt     gp, s11, t0
3 0x8000a40c (0x005da1b3) x 3 0x00000001
core   0: 0xffffffff8000a410 (0xe595ab93) slti    s7, a1, -423
3 0x8000a410 (0xe595ab93) x23 0x00000000
core   0: 0xffffffff8000a414 (0xc6ab3e93) sltiu   t4, s6, -918
3 0x8000a414 (0xc6ab3e93) x29 0x00000001
core   0: 0xffffffff8000a418 (0x0182c2b3) xor     t0, t0, s8
3 0x8000a418 (0x0182c2b3) x 5 0xb03023a8
core   0: 0xffffffff8000a41c (0x00aa4633) xor     a2, s4, a0
3 0x8000a41c (0x00aa4633) x12 0xae5938e4
core   0: 0xffffffff8000a420 (0x013abdb3) sltu    s11, s5, s3
3 0x8000a420 (0x013abdb3) x27 0x00000000
core   0: 0xffffffff8000a424 (0x00653cb3) sltu    s9, a0, t1
3 0x8000a424 (0x00653cb3) x25 0x00000001
core   0: 0xffffffff8000a428 (0x01017833) and     a6, sp, a6
3 0x8000a428 (0x01017833) x16 0x00000001
core   0: 0xffffffff8000a42c (0x000098b3) sll     a7, ra, zero
3 0x8000a42c (0x000098b3) x17 0x80000464
core   0: 0xffffffff8000a430 (0xbe141537) lui     a0, 0xbe141
3 0x8000a430 (0xbe141537) x10 0xbe141000
core   0: 0xffffffff8000a434 (0x2409ba93) sltiu   s5, s3, 576
3 0x8000a434 (0x2409ba93) x21 0x00000001
core   0: 0xffffffff8000a438 (0xfc9ff893) andi    a7, t6, -55
3 0x8000a438 (0xfc9ff893) x17 0x00000100
core   0: 0xffffffff8000a43c (0x019806b3) add     a3, a6, s9
3 0x8000a43c (0x019806b3) x13 0x00000002
core   0: 0xffffffff8000a440 (0x01efac93) slti    s9, t6, 30
3 0x8000a440 (0x01efac93) x25 0x00000000
core   0: 0xffffffff8000a444 (0x00e5a333) slt     t1, a1, a4
3 0x8000a444 (0x00e5a333) x 6 0x00000001
core   0: 0xffffffff8000a448 (0x003a36b3) sltu    a3, s4, gp
3 0x8000a448 (0x003a36b3) x13 0x00000000
core   0: 0xffffffff8000a44c (0x01c5be33) sltu    t3, a1, t3
3 0x8000a44c (0x01c5be33) x28 0x00000000
core   0: 0xffffffff8000a450 (0x0028be33) sltu    t3, a7, sp
3 0x8000a450 (0x0028be33) x28 0x00000000
core   0: 0xffffffff8000a454 (0x00ac0733) add     a4, s8, a0
3 0x8000a454 (0x00ac0733) x14 0x72314000
core   0: 0xffffffff8000a458 (0x01e6e033) or      zero, a3, t5
3 0x8000a458 (0x01e6e033)
core   0: 0xffffffff8000a45c (0x3a76b613) sltiu   a2, a3, 935
3 0x8000a45c (0x3a76b613) x12 0x00000001
core   0: 0xffffffff8000a460 (0x015d5633) srl     a2, s10, s5
3 0x8000a460 (0x015d5633) x12 0x6a4912b3
core   0: 0xffffffff8000a464 (0x1c3b3f93) sltiu   t6, s6, 451
3 0x8000a464 (0x1c3b3f93) x31 0x00000000
core   0: 0xffffffff8000a468 (0x0173fcb3) and     s9, t2, s7
3 0x8000a468 (0x0173fcb3) x25 0x00000000
core   0: 0xffffffff8000a46c (0x001413b3) sll     t2, s0, ra
3 0x8000a46c (0x001413b3) x 7 0xfffef6c0
core   0: 0xffffffff8000a470 (0x0084de13) srli    t3, s1, 8
3 0x8000a470 (0x0084de13) x28 0x0080010e
core   0: 0xffffffff8000a474 (0x0eee2b93) slti    s7, t3, 238
3 0x8000a474 (0x0eee2b93) x23 0x00000000
core   0: 0xffffffff8000a478 (0x00dcf6b3) and     a3, s9, a3
3 0x8000a478 (0x00dcf6b3) x13 0x00000000
core   0: 0xffffffff8000a47c (0x00455613) srli    a2, a0, 4
3 0x8000a47c (0x00455613) x12 0x0be14100
core   0: 0xffffffff8000a480 (0xd36ab913) sltiu   s2, s5, -714
3 0x8000a480 (0xd36ab913) x18 0x00000001
core   0: 0xffffffff8000a484 (0x0a063213) sltiu   tp, a2, 160
3 0x8000a484 (0x0a063213) x 4 0x00000000
core   0: 0xffffffff8000a488 (0xfbf57893) andi    a7, a0, -65
3 0x8000a488 (0xfbf57893) x17 0xbe141000
core   0: 0xffffffff8000a48c (0xdaeb2593) slti    a1, s6, -594
3 0x8000a48c (0xdaeb2593) x11 0x00000000
core   0: 0xffffffff8000a490 (0x82169cb7) lui     s9, 0x82169
3 0x8000a490 (0x82169cb7) x25 0x82169000
core   0: 0xffffffff8000a494 (0x0080d733) srl     a4, ra, s0
3 0x8000a494 (0x0080d733) x14 0x00080000
core   0: 0xffffffff8000a498 (0xd67af093) andi    ra, s5, -665
3 0x8000a498 (0xd67af093) x 1 0x00000001
core   0: 0xffffffff8000a49c (0x1ef50813) addi    a6, a0, 495
3 0x8000a49c (0x1ef50813) x16 0xbe1411ef
core   0: 0xffffffff8000a4a0 (0x2e1f7217) auipc   tp, 0x2e1f7
3 0x8000a4a0 (0x2e1f7217) x 4 0xae2014a0
core   0: 0xffffffff8000a4a4 (0x00c85633) srl     a2, a6, a2
3 0x8000a4a4 (0x00c85633) x12 0xbe1411ef
core   0: 0xffffffff8000a4a8 (0x4071df13) srai    t5, gp, 7
3 0x8000a4a8 (0x4071df13) x30 0x00000000
core   0: 0xffffffff8000a4ac (0x018bc133) xor     sp, s7, s8
3 0x8000a4ac (0x018bc133) x 2 0xb41d3000
core   0: 0xffffffff8000a4b0 (0xf69b6c13) ori     s8, s6, -151
3 0x8000a4b0 (0xf69b6c13) x24 0xffffff6d
core   0: 0xffffffff8000a4b4 (0x0035afb3) slt     t6, a1, gp
3 0x8000a4b4 (0x0035afb3) x31 0x00000001
core   0: 0xffffffff8000a4b8 (0x348fc613) xori    a2, t6, 840
3 0x8000a4b8 (0x348fc613) x12 0x00000349
core   0: 0xffffffff8000a4bc (0x08ad6e93) ori     t4, s10, 138
3 0x8000a4bc (0x08ad6e93) x29 0xd49225ef
core   0: 0xffffffff8000a4c0 (0x004beab3) or      s5, s7, tp
3 0x8000a4c0 (0x004beab3) x21 0xae2014a0
core   0: 0xffffffff8000a4c4 (0xfbcca013) slti    zero, s9, -68
3 0x8000a4c4 (0xfbcca013)
core   0: 0xffffffff8000a4c8 (0x6c69aa97) auipc   s5, 0x6c69a
3 0x8000a4c8 (0x6c69aa97) x21 0xec6a44c8
core   0: 0xffffffff8000a4cc (0x0088eab3) or      s5, a7, s0
3 0x8000a4cc (0x0088eab3) x21 0xffffff6c
core   0: 0xffffffff8000a4d0 (0x01271113) slli    sp, a4, 18
3 0x8000a4d0 (0x01271113) x 2 0x00000000
core   0: 0xffffffff8000a4d4 (0x00426833) or      a6, tp, tp
3 0x8000a4d4 (0x00426833) x16 0xae2014a0
core   0: 0xffffffff8000a4d8 (0x00af0bb3) add     s7, t5, a0
3 0x8000a4d8 (0x00af0bb3) x23 0xbe141000
core   0: 0xffffffff8000a4dc (0x0046eab3) or      s5, a3, tp
3 0x8000a4dc (0x0046eab3) x21 0xae2014a0
core   0: 0xffffffff8000a4e0 (0x015a0e33) add     t3, s4, s5
3 0x8000a4e0 (0x015a0e33) x28 0x2e216184
core   0: 0xffffffff8000a4e4 (0x0168d793) srli    a5, a7, 22
3 0x8000a4e4 (0x0168d793) x15 0x000002f8
core   0: 0xffffffff8000a4e8 (0x0155e6b3) or      a3, a1, s5
3 0x8000a4e8 (0x0155e6b3) x13 0xae2014a0
core   0: 0xffffffff8000a4ec (0x012a9293) slli    t0, s5, 18
3 0x8000a4ec (0x012a9293) x 5 0x52800000
core   0: 0xffffffff8000a4f0 (0x011dffb3) and     t6, s11, a7
3 0x8000a4f0 (0x011dffb3) x31 0x00000000
core   0: 0xffffffff8000a4f4 (0xb60c0037) lui     zero, 0xb60c0
3 0x8000a4f4 (0xb60c0037)
core   0: 0xffffffff8000a4f8 (0xd7c1af93) slti    t6, gp, -644
3 0x8000a4f8 (0xd7c1af93) x31 0x00000000
core   0: 0xffffffff8000a4fc (0x01f36b33) or      s6, t1, t6
3 0x8000a4fc (0x01f36b33) x22 0x00000001
core   0: 0xffffffff8000a500 (0x0e374613) xori    a2, a4, 227
3 0x8000a500 (0x0e374613) x12 0x000800e3
core   0: 0xffffffff8000a504 (0x07be0113) addi    sp, t3, 123
3 0x8000a504 (0x07be0113) x 2 0x2e2161ff
core   0: 0xffffffff8000a508 (0x41e7d613) srai    a2, a5, 30
3 0x8000a508 (0x41e7d613) x12 0x00000000
core   0: 0xffffffff8000a50c (0x1b197893) andi    a7, s2, 433
3 0x8000a50c (0x1b197893) x17 0x00000001
core   0: 0xffffffff8000a510 (0xebe20e13) addi    t3, tp, -322
3 0x8000a510 (0xebe20e13) x28 0xae20135e
core   0: 0xffffffff8000a514 (0x0026bfb3) sltu    t6, a3, sp
3 0x8000a514 (0x0026bfb3) x31 0x00000000
core   0: 0xffffffff8000a518 (0x404a5e33) sra     t3, s4, tp
3 0x8000a518 (0x404a5e33) x28 0x80014ce4
core   0: 0xffffffff8000a51c (0x108b4313) xori    t1, s6, 264
3 0x8000a51c (0x108b4313) x 6 0x00000109
core   0: 0xffffffff8000a520 (0x01827fb3) and     t6, tp, s8
3 0x8000a520 (0x01827fb3) x31 0xae201420
core   0: 0xffffffff8000a524 (0xcc94bc13) sltiu   s8, s1, -823
3 0x8000a524 (0xcc94bc13) x24 0x00000001
core   0: 0xffffffff8000a528 (0x01118533) add     a0, gp, a7
3 0x8000a528 (0x01118533) x10 0x00000002
core   0: 0xffffffff8000a52c (0x01fabe33) sltu    t3, s5, t6
3 0x8000a52c (0x01fabe33) x28 0x00000000
core   0: 0xffffffff8000a530 (0x00215bb3) srl     s7, sp, sp
3 0x8000a530 (0x00215bb3) x23 0x00000000
core   0: 0xffffffff8000a534 (0x00000013) nop
3 0x8000a534 (0x00000013)
core   0: 0xffffffff8000a538 (0xd6573193) sltiu   gp, a4, -667
3 0x8000a538 (0xd6573193) x 3 0x00000001
core   0: 0xffffffff8000a53c (0x01f96f33) or      t5, s2, t6
3 0x8000a53c (0x01f96f33) x30 0xae201421
core   0: 0xffffffff8000a540 (0x00000013) nop
3 0x8000a540 (0x00000013)
core   0: 0xffffffff8000a544 (0x01137233) and     tp, t1, a7
3 0x8000a544 (0x01137233) x 4 0x00000001
core   0: 0xffffffff8000a548 (0x41ead633) sra     a2, s5, t5
3 0x8000a548 (0x41ead633) x12 0xd7100a50
core   0: 0xffffffff8000a54c (0x0500c913) xori    s2, ra, 80
3 0x8000a54c (0x0500c913) x18 0x00000051
core   0: 0xffffffff8000a550 (0x006650b3) srl     ra, a2, t1
3 0x8000a550 (0x006650b3) x 1 0x006b8805
core   0: 0xffffffff8000a554 (0x238eb637) lui     a2, 0x238eb
3 0x8000a554 (0x238eb637) x12 0x238eb000
core   0: 0xffffffff8000a558 (0x4063dc93) srai    s9, t2, 6
3 0x8000a558 (0x4063dc93) x25 0xfffffbdb
core   0: 0xffffffff8000a55c (0xe8f18a93) addi    s5, gp, -369
3 0x8000a55c (0xe8f18a93) x21 0xfffffe90
core   0: 0xffffffff8000a560 (0x007ed633) srl     a2, t4, t2
3 0x8000a560 (0x007ed633) x12 0xd49225ef
core   0: 0xffffffff8000a564 (0x01838533) add     a0, t2, s8
3 0x8000a564 (0x01838533) x10 0xfffef6c1
core   0: 0xffffffff8000a568 (0x016b5893) srli    a7, s6, 22
3 0x8000a568 (0x016b5893) x17 0x00000000
core   0: 0xffffffff8000a56c (0x8b8a6837) lui     a6, 0x8b8a6
3 0x8000a56c (0x8b8a6837) x16 0x8b8a6000
core   0: 0xffffffff8000a570 (0xd9d57013) andi    zero, a0, -611
3 0x8000a570 (0xd9d57013)
core   0: 0xffffffff8000a574 (0x01e4bf33) sltu    t5, s1, t5
3 0x8000a574 (0x01e4bf33) x30 0x00000001
core   0: 0xffffffff8000a578 (0x25956693) ori     a3, a0, 601
3 0x8000a578 (0x25956693) x13 0xfffef6d9
core   0: 0xffffffff8000a57c (0x411adeb3) sra     t4, s5, a7
3 0x8000a57c (0x411adeb3) x29 0xfffffe90
core   0: 0xffffffff8000a580 (0x00437133) and     sp, t1, tp
3 0x8000a580 (0x00437133) x 2 0x00000001
core   0: 0xffffffff8000a584 (0x0008e9b3) or      s3, a7, zero
3 0x8000a584 (0x0008e9b3) x19 0x00000000
core   0: 0xffffffff8000a588 (0x413f5913) srai    s2, t5, 19
3 0x8000a588 (0x413f5913) x18 0x00000000
core   0: 0xffffffff8000a58c (0x01335c13) srli    s8, t1, 19
3 0x8000a58c (0x01335c13) x24 0x00000000
core   0: 0xffffffff8000a590 (0x01d24233) xor     tp, tp, t4
3 0x8000a590 (0x01d24233) x 4 0xfffffe91
core   0: 0xffffffff8000a594 (0x00c47733) and     a4, s0, a2
3 0x8000a594 (0x00c47733) x14 0xd492256c
core   0: 0xffffffff8000a598 (0x00799e33) sll     t3, s3, t2
3 0x8000a598 (0x00799e33) x28 0x00000000
core   0: 0xffffffff8000a59c (0x01c20233) add     tp, tp, t3
3 0x8000a59c (0x01c20233) x 4 0xfffffe91
core   0: 0xffffffff8000a5a0 (0x0037d513) srli    a0, a5, 3
3 0x8000a5a0 (0x0037d513) x10 0x0000005f
core   0: 0xffffffff8000a5a4 (0x41390b33) sub     s6, s2, s3
3 0x8000a5a4 (0x41390b33) x22 0x00000000
core   0: 0xffffffff8000a5a8 (0x015f1633) sll     a2, t5, s5
3 0x8000a5a8 (0x015f1633) x12 0x00010000
core   0: 0xffffffff8000a5ac (0x011c5bb3) srl     s7, s8, a7
3 0x8000a5ac (0x011c5bb3) x23 0x00000000
core   0: 0xffffffff8000a5b0 (0x015d0333) add     t1, s10, s5
3 0x8000a5b0 (0x015d0333) x 6 0xd49223f7
core   0: 0xffffffff8000a5b4 (0x40408e33) sub     t3, ra, tp
3 0x8000a5b4 (0x40408e33) x28 0x006b8974
core   0: 0xffffffff8000a5b8 (0x00a39833) sll     a6, t2, a0
3 0x8000a5b8 (0x00a39833) x16 0x00000000
core   0: 0xffffffff8000a5bc (0x01efdbb3) srl     s7, t6, t5
3 0x8000a5bc (0x01efdbb3) x23 0x57100a10
core   0: 0xffffffff8000a5c0 (0x00dc9633) sll     a2, s9, a3
3 0x8000a5c0 (0x00dc9633) x12 0xb6000000
core   0: 0xffffffff8000a5c4 (0xea3f6993) ori     s3, t5, -349
3 0x8000a5c4 (0xea3f6993) x19 0xfffffea3
core   0: 0xffffffff8000a5c8 (0xc92d2113) slti    sp, s10, -878
3 0x8000a5c8 (0xc92d2113) x 2 0x00000001
core   0: 0xffffffff8000a5cc (0x4078dbb3) sra     s7, a7, t2
3 0x8000a5cc (0x4078dbb3) x23 0x00000000
core   0: 0xffffffff8000a5d0 (0x00315393) srli    t2, sp, 3
3 0x8000a5d0 (0x00315393) x 7 0x00000000
core   0: 0xffffffff8000a5d4 (0x41d0d993) srai    s3, ra, 29
3 0x8000a5d4 (0x41d0d993) x19 0x00000000
core   0: 0xffffffff8000a5d8 (0x01aa95b3) sll     a1, s5, s10
3 0x8000a5d8 (0x01aa95b3) x11 0xffff4800
core   0: 0xffffffff8000a5dc (0x5a69b917) auipc   s2, 0x5a69b
3 0x8000a5dc (0x5a69b917) x18 0xda6a55dc
core   0: 0xffffffff8000a5e0 (0x01f071b3) and     gp, zero, t6
3 0x8000a5e0 (0x01f071b3) x 3 0x00000000
core   0: 0xffffffff8000a5e4 (0x00285593) srli    a1, a6, 2
3 0x8000a5e4 (0x00285593) x11 0x00000000
core   0: 0xffffffff8000a5e8 (0x001b9f13) slli    t5, s7, 1
3 0x8000a5e8 (0x001b9f13) x30 0x00000000
core   0: 0xffffffff8000a5ec (0x01d73033) sltu    zero, a4, t4
3 0x8000a5ec (0x01d73033)
core   0: 0xffffffff8000a5f0 (0xef31e593) ori     a1, gp, -269
3 0x8000a5f0 (0xef31e593) x11 0xfffffef3
core   0: 0xffffffff8000a5f4 (0xef127d93) andi    s11, tp, -271
3 0x8000a5f4 (0xef127d93) x27 0xfffffe91
core   0: 0xffffffff8000a5f8 (0x2b8f6413) ori     s0, t5, 696
3 0x8000a5f8 (0x2b8f6413) x 8 0x000002b8
core   0: 0xffffffff8000a5fc (0x01c7b933) sltu    s2, a5, t3
3 0x8000a5fc (0x01c7b933) x18 0x00000001
core   0: 0xffffffff8000a600 (0x01dc9913) slli    s2, s9, 29
3 0x8000a600 (0x01dc9913) x18 0x60000000
core   0: 0xffffffff8000a604 (0x005a1733) sll     a4, s4, t0
3 0x8000a604 (0x005a1733) x14 0x80014ce4
core   0: 0xffffffff8000a608 (0x01411893) slli    a7, sp, 20
3 0x8000a608 (0x01411893) x17 0x00100000
core   0: 0xffffffff8000a60c (0x41860ab3) sub     s5, a2, s8
3 0x8000a60c (0x41860ab3) x21 0xb6000000
core   0: 0xffffffff8000a610 (0x00c3d233) srl     tp, t2, a2
3 0x8000a610 (0x00c3d233) x 4 0x00000000
core   0: 0xffffffff8000a614 (0x405fdb33) sra     s6, t6, t0
3 0x8000a614 (0x405fdb33) x22 0xae201420
core   0: 0xffffffff8000a618 (0x4173de93) srai    t4, t2, 23
3 0x8000a618 (0x4173de93) x29 0x00000000
core   0: 0xffffffff8000a61c (0x017295b3) sll     a1, t0, s7
3 0x8000a61c (0x017295b3) x11 0x52800000
core   0: 0xffffffff8000a620 (0x01476e33) or      t3, a4, s4
3 0x8000a620 (0x01476e33) x28 0x80014ce4
core   0: 0xffffffff8000a624 (0x403dddb3) sra     s11, s11, gp
3 0x8000a624 (0x403dddb3) x27 0xfffffe91
core   0: 0xffffffff8000a628 (0x01863633) sltu    a2, a2, s8
3 0x8000a628 (0x01863633) x12 0x00000000
core   0: 0xffffffff8000a62c (0x3e067137) lui     sp, 0x3e067
3 0x8000a62c (0x3e067137) x 2 0x3e067000
core   0: 0xffffffff8000a630 (0x01ff5733) srl     a4, t5, t6
3 0x8000a630 (0x01ff5733) x14 0x00000000
core   0: 0xffffffff8000a634 (0x41035833) sra     a6, t1, a6
3 0x8000a634 (0x41035833) x16 0xd49223f7
core   0: 0xffffffff8000a638 (0x015476b3) and     a3, s0, s5
3 0x8000a638 (0x015476b3) x13 0x00000000
core   0: 0xffffffff8000a63c (0x3f96bd93) sltiu   s11, a3, 1017
3 0x8000a63c (0x3f96bd93) x27 0x00000001
core   0: 0xffffffff8000a640 (0x00000013) nop
3 0x8000a640 (0x00000013)
core   0: 0xffffffff8000a644 (0xd1edbf93) sltiu   t6, s11, -738
3 0x8000a644 (0xd1edbf93) x31 0x00000001
core   0: 0xffffffff8000a648 (0x01e35413) srli    s0, t1, 30
3 0x8000a648 (0x01e35413) x 8 0x00000003
core   0: 0xffffffff8000a64c (0xa36a0137) lui     sp, 0xa36a0
3 0x8000a64c (0xa36a0137) x 2 0xa36a0000
core   0: 0xffffffff8000a650 (0x00000013) nop
3 0x8000a650 (0x00000013)
core   0: 0xffffffff8000a654 (0x00000013) nop
3 0x8000a654 (0x00000013)
core   0: 0xffffffff8000a658 (0x003e8633) add     a2, t4, gp
3 0x8000a658 (0x003e8633) x12 0x00000000
core   0: 0xffffffff8000a65c (0x39f40413) addi    s0, s0, 927
3 0x8000a65c (0x39f40413) x 8 0x000003a2
core   0: 0xffffffff8000a660 (0x00513133) sltu    sp, sp, t0
3 0x8000a660 (0x00513133) x 2 0x00000000
core   0: 0xffffffff8000a664 (0x00771433) sll     s0, a4, t2
3 0x8000a664 (0x00771433) x 8 0x00000000
core   0: 0xffffffff8000a668 (0x01ae1893) slli    a7, t3, 26
3 0x8000a668 (0x01ae1893) x17 0x90000000
core   0: 0xffffffff8000a66c (0xcf340d93) addi    s11, s0, -781
3 0x8000a66c (0xcf340d93) x27 0xfffffcf3
core   0: 0xffffffff8000a670 (0x1b1fbf13) sltiu   t5, t6, 433
3 0x8000a670 (0x1b1fbf13) x30 0x00000001
core   0: 0xffffffff8000a674 (0xc231e613) ori     a2, gp, -989
3 0x8000a674 (0xc231e613) x12 0xfffffc23
core   0: 0xffffffff8000a678 (0x0116e3b3) or      t2, a3, a7
3 0x8000a678 (0x0116e3b3) x 7 0x90000000
core   0: 0xffffffff8000a67c (0xaf591297) auipc   t0, 0xaf591
3 0x8000a67c (0xaf591297) x 5 0x2f59b67c
core   0: 0xffffffff8000a680 (0x00b3d333) srl     t1, t2, a1
3 0x8000a680 (0x00b3d333) x 6 0x90000000
core   0: 0xffffffff8000a684 (0x8b404317) auipc   t1, 0x8b404
3 0x8000a684 (0x8b404317) x 6 0x0b40e684
core   0: 0xffffffff8000a688 (0x405b56b3) sra     a3, s6, t0
3 0x8000a688 (0x405b56b3) x13 0xfffffffa
core   0: 0xffffffff8000a68c (0x00d858b3) srl     a7, a6, a3
3 0x8000a68c (0x00d858b3) x17 0x00000035
core   0: 0xffffffff8000a690 (0x015b3733) sltu    a4, s6, s5
3 0x8000a690 (0x015b3733) x14 0x00000001
core   0: 0xffffffff8000a694 (0x419bdc33) sra     s8, s7, s9
3 0x8000a694 (0x419bdc33) x24 0x00000000
core   0: 0xffffffff8000a698 (0x37224113) xori    sp, tp, 882
3 0x8000a698 (0x37224113) x 2 0x00000372
core   0: 0xffffffff8000a69c (0x4067d393) srai    t2, a5, 6
3 0x8000a69c (0x4067d393) x 7 0x0000000b
core   0: 0xffffffff8000a6a0 (0x0176dc93) srli    s9, a3, 23
3 0x8000a6a0 (0x0176dc93) x25 0x000001ff
core   0: 0xffffffff8000a6a4 (0x009f9433) sll     s0, t6, s1
3 0x8000a6a4 (0x009f9433) x 8 0x00000010
core   0: 0xffffffff8000a6a8 (0x0091de33) srl     t3, gp, s1
3 0x8000a6a8 (0x0091de33) x28 0x00000000
core   0: 0xffffffff8000a6ac (0x0206df97) auipc   t6, 0x206d
3 0x8000a6ac (0x0206df97) x31 0x820776ac
core   0: 0xffffffff8000a6b0 (0x00000013) nop
3 0x8000a6b0 (0x00000013)
core   0: 0xffffffff8000a6b4 (0x00db35b3) sltu    a1, s6, a3
3 0x8000a6b4 (0x00db35b3) x11 0x00000001
core   0: 0xffffffff8000a6b8 (0x41930233) sub     tp, t1, s9
3 0x8000a6b8 (0x41930233) x 4 0x0b40e485
core   0: 0xffffffff8000a6bc (0x01e886b3) add     a3, a7, t5
3 0x8000a6bc (0x01e886b3) x13 0x00000036
core   0: 0xffffffff8000a6c0 (0x018720b3) slt     ra, a4, s8
3 0x8000a6c0 (0x018720b3) x 1 0x00000000
core   0: 0xffffffff8000a6c4 (0x8a0b0417) auipc   s0, 0x8a0b0
3 0x8000a6c4 (0x8a0b0417) x 8 0x0a0ba6c4
core   0: 0xffffffff8000a6c8 (0x004b15b3) sll     a1, s6, tp
3 0x8000a6c8 (0x004b15b3) x11 0xc4028400
core   0: 0xffffffff8000a6cc (0x4076dcb3) sra     s9, a3, t2
3 0x8000a6cc (0x4076dcb3) x25 0x00000000
core   0: 0xffffffff8000a6d0 (0x0166ce33) xor     t3, a3, s6
3 0x8000a6d0 (0x0166ce33) x28 0xae201416
core   0: 0xffffffff8000a6d4 (0x00cbb8b3) sltu    a7, s7, a2
3 0x8000a6d4 (0x00cbb8b3) x17 0x00000001
core   0: 0xffffffff8000a6d8 (0xc5bb6093) ori     ra, s6, -933
3 0x8000a6d8 (0xc5bb6093) x 1 0xfffffc7b
core   0: 0xffffffff8000a6dc (0x0167d793) srli    a5, a5, 22
3 0x8000a6dc (0x0167d793) x15 0x00000000
core   0: 0xffffffff8000a6e0 (0x419c5633) sra     a2, s8, s9
3 0x8000a6e0 (0x419c5633) x12 0x00000000
core   0: 0xffffffff8000a6e4 (0x01891f33) sll     t5, s2, s8
3 0x8000a6e4 (0x01891f33) x30 0x60000000
core   0: 0xffffffff8000a6e8 (0x01e89e13) slli    t3, a7, 30
3 0x8000a6e8 (0x01e89e13) x28 0x40000000
core   0: 0xffffffff8000a6ec (0xe1db8813) addi    a6, s7, -483
3 0x8000a6ec (0xe1db8813) x16 0xfffffe1d
core   0: 0xffffffff8000a6f0 (0xe7ec6b93) ori     s7, s8, -386
3 0x8000a6f0 (0xe7ec6b93) x23 0xfffffe7e
core   0: 0xffffffff8000a6f4 (0x00000013) nop
3 0x8000a6f4 (0x00000013)
core   0: 0xffffffff8000a6f8 (0x005dbfb3) sltu    t6, s11, t0
3 0x8000a6f8 (0x005dbfb3) x31 0x00000000
core   0: 0xffffffff8000a6fc (0xe09d2513) slti    a0, s10, -503
3 0x8000a6fc (0xe09d2513) x10 0x00000001
core   0: 0xffffffff8000a700 (0x1ad52993) slti    s3, a0, 429
3 0x8000a700 (0x1ad52993) x19 0x00000001
core   0: 0xffffffff8000a704 (0x0072e133) or      sp, t0, t2
3 0x8000a704 (0x0072e133) x 2 0x2f59b67f
core   0: 0xffffffff8000a708 (0x0037fcb3) and     s9, a5, gp
3 0x8000a708 (0x0037fcb3) x25 0x00000000
core   0: 0xffffffff8000a70c (0x012f98b3) sll     a7, t6, s2
3 0x8000a70c (0x012f98b3) x17 0x00000000
core   0: 0xffffffff8000a710 (0x0080c933) xor     s2, ra, s0
3 0x8000a710 (0x0080c933) x18 0xf5f45abf
core   0: 0xffffffff8000a714 (0xd21a6413) ori     s0, s4, -735
3 0x8000a714 (0xd21a6413) x 8 0xfffffde5
core   0: 0xffffffff8000a718 (0x4074d613) srai    a2, s1, 7
3 0x8000a718 (0x4074d613) x12 0xff00021c
core   0: 0xffffffff8000a71c (0x22fcc313) xori    t1, s9, 559
3 0x8000a71c (0x22fcc313) x 6 0x0000022f
core   0: 0xffffffff8000a720 (0x0129dbb3) srl     s7, s3, s2
3 0x8000a720 (0x0129dbb3) x23 0x00000000
core   0: 0xffffffff8000a724 (0x014c05b3) add     a1, s8, s4
3 0x8000a724 (0x014c05b3) x11 0x80014ce4
core   0: 0xffffffff8000a728 (0xd931ea93) ori     s5, gp, -621
3 0x8000a728 (0xd931ea93) x21 0xfffffd93
core   0: 0xffffffff8000a72c (0x008e9713) slli    a4, t4, 8
3 0x8000a72c (0x008e9713) x14 0x00000000
core   0: 0xffffffff8000a730 (0x00f638b3) sltu    a7, a2, a5
3 0x8000a730 (0x00f638b3) x17 0x00000000
core   0: 0xffffffff8000a734 (0x01f79533) sll     a0, a5, t6
3 0x8000a734 (0x01f79533) x10 0x00000000
core   0: 0xffffffff8000a738 (0x404e5893) srai    a7, t3, 4
3 0x8000a738 (0x404e5893) x17 0x04000000
core   0: 0xffffffff8000a73c (0x00f8ef33) or      t5, a7, a5
3 0x8000a73c (0x00f8ef33) x30 0x04000000
core   0: 0xffffffff8000a740 (0x4079ba97) auipc   s5, 0x4079b
3 0x8000a740 (0x4079ba97) x21 0xc07a5740
core   0: 0xffffffff8000a744 (0x015cc533) xor     a0, s9, s5
3 0x8000a744 (0x015cc533) x10 0xc07a5740
core   0: 0xffffffff8000a748 (0x31142417) auipc   s0, 0x31142
3 0x8000a748 (0x31142417) x 8 0xb114c748
core   0: 0xffffffff8000a74c (0x3441e413) ori     s0, gp, 836
3 0x8000a74c (0x3441e413) x 8 0x00000344
core   0: 0xffffffff8000a750 (0x00fadf33) srl     t5, s5, a5
3 0x8000a750 (0x00fadf33) x30 0xc07a5740
core   0: 0xffffffff8000a754 (0xda226f93) ori     t6, tp, -606
3 0x8000a754 (0xda226f93) x31 0xfffffda7
core   0: 0xffffffff8000a758 (0xc82e0b13) addi    s6, t3, -894
3 0x8000a758 (0xc82e0b13) x22 0x3ffffc82
core   0: 0xffffffff8000a75c (0x33bb3213) sltiu   tp, s6, 827
3 0x8000a75c (0x33bb3213) x 4 0x00000000
core   0: 0xffffffff8000a760 (0xfba5c813) xori    a6, a1, -70
3 0x8000a760 (0xfba5c813) x16 0x7ffeb35e
core   0: 0xffffffff8000a764 (0x019743b3) xor     t2, a4, s9
3 0x8000a764 (0x019743b3) x 7 0x00000000
core   0: 0xffffffff8000a768 (0x97f31217) auipc   tp, 0x97f31
3 0x8000a768 (0x97f31217) x 4 0x17f3b768
core   0: 0xffffffff8000a76c (0x00a79cb3) sll     s9, a5, a0
3 0x8000a76c (0x00a79cb3) x25 0x00000000
core   0: 0xffffffff8000a770 (0x01a000b3) add     ra, zero, s10
3 0x8000a770 (0x01a000b3) x 1 0xd4922567
core   0: 0xffffffff8000a774 (0x002c46b3) xor     a3, s8, sp
3 0x8000a774 (0x002c46b3) x13 0x2f59b67f
core   0: 0xffffffff8000a778 (0xc3e98c93) addi    s9, s3, -962
3 0x8000a778 (0xc3e98c93) x25 0xfffffc3f
core   0: 0xffffffff8000a77c (0x01065193) srli    gp, a2, 16
3 0x8000a77c (0x01065193) x 3 0x0000ff00
core   0: 0xffffffff8000a780 (0x41ee5633) sra     a2, t3, t5
3 0x8000a780 (0x41ee5633) x12 0x40000000
core   0: 0xffffffff8000a784 (0x7a667c37) lui     s8, 0x7a667
3 0x8000a784 (0x7a667c37) x24 0x7a667000
core   0: 0xffffffff8000a788 (0xda09b013) sltiu   zero, s3, -608
3 0x8000a788 (0xda09b013)
core   0: 0xffffffff8000a78c (0x3bdab093) sltiu   ra, s5, 957
3 0x8000a78c (0x3bdab093) x 1 0x00000000
core   0: 0xffffffff8000a790 (0x0006df93) srli    t6, a3, 0
3 0x8000a790 (0x0006df93) x31 0x2f59b67f
core   0: 0xffffffff8000a794 (0x3d28e593) ori     a1, a7, 978
3 0x8000a794 (0x3d28e593) x11 0x040003d2
core   0: 0xffffffff8000a798 (0x00000013) nop
3 0x8000a798 (0x00000013)
core   0: 0xffffffff8000a79c (0x40dd0433) sub     s0, s10, a3
3 0x8000a79c (0x40dd0433) x 8 0xa5386ee8
core   0: 0xffffffff8000a7a0 (0x22534313) xori    t1, t1, 549
3 0x8000a7a0 (0x22534313) x 6 0x0000000a
core   0: 0xffffffff8000a7a4 (0xf37d4593) xori    a1, s10, -201
3 0x8000a7a4 (0xf37d4593) x11 0x2b6dda50
core   0: 0xffffffff8000a7a8 (0x810bd637) lui     a2, 0x810bd
3 0x8000a7a8 (0x810bd637) x12 0x810bd000
core   0: 0xffffffff8000a7ac (0x485cce37) lui     t3, 0x485cc
3 0x8000a7ac (0x485cce37) x28 0x485cc000
core   0: 0xffffffff8000a7b0 (0x40815b93) srai    s7, sp, 8
3 0x8000a7b0 (0x40815b93) x23 0x002f59b6
core   0: 0xffffffff8000a7b4 (0x01ec09b3) add     s3, s8, t5
3 0x8000a7b4 (0x01ec09b3) x19 0x3ae0c740
core   0: 0xffffffff8000a7b8 (0x06971897) auipc   a7, 0x6971
3 0x8000a7b8 (0x06971897) x17 0x8697b7b8
core   0: 0xffffffff8000a7bc (0x0e500993) li      s3, 229
3 0x8000a7bc (0x0e500993) x19 0x000000e5
core   0: 0xffffffff8000a7c0 (0xc9e53513) sltiu   a0, a0, -866
3 0x8000a7c0 (0xc9e53513) x10 0x00000001
core   0: 0xffffffff8000a7c4 (0x6adfb6b7) lui     a3, 0x6adfb
3 0x8000a7c4 (0x6adfb6b7) x13 0x6adfb000
core   0: 0xffffffff8000a7c8 (0x00ccc233) xor     tp, s9, a2
3 0x8000a7c8 (0x00ccc233) x 4 0x7ef42c3f
core   0: 0xffffffff8000a7cc (0x0198a433) slt     s0, a7, s9
3 0x8000a7cc (0x0198a433) x 8 0x00000001
core   0: 0xffffffff8000a7d0 (0x00fcbcb3) sltu    s9, s9, a5
3 0x8000a7d0 (0x00fcbcb3) x25 0x00000000
core   0: 0xffffffff8000a7d4 (0x00d8b433) sltu    s0, a7, a3
3 0x8000a7d4 (0x00d8b433) x 8 0x00000000
core   0: 0xffffffff8000a7d8 (0x20403913) sltiu   s2, zero, 516
3 0x8000a7d8 (0x20403913) x18 0x00000001
core   0: 0xffffffff8000a7dc (0x21aaf913) andi    s2, s5, 538
3 0x8000a7dc (0x21aaf913) x18 0x00000200
core   0: 0xffffffff8000a7e0 (0x0152e8b3) or      a7, t0, s5
3 0x8000a7e0 (0x0152e8b3) x17 0xef7bf77c
core   0: 0xffffffff8000a7e4 (0x40aa58b3) sra     a7, s4, a0
3 0x8000a7e4 (0x40aa58b3) x17 0xc000a672
core   0: 0xffffffff8000a7e8 (0x01fe75b3) and     a1, t3, t6
3 0x8000a7e8 (0x01fe75b3) x11 0x08588000
core   0: 0xffffffff8000a7ec (0x003a3833) sltu    a6, s4, gp
3 0x8000a7ec (0x003a3833) x16 0x00000000
core   0: 0xffffffff8000a7f0 (0x005ad393) srli    t2, s5, 5
3 0x8000a7f0 (0x005ad393) x 7 0x0603d2ba
core   0: 0xffffffff8000a7f4 (0x278590b7) lui     ra, 0x27859
3 0x8000a7f4 (0x278590b7) x 1 0x27859000
core   0: 0xffffffff8000a7f8 (0x00ea45b3) xor     a1, s4, a4
3 0x8000a7f8 (0x00ea45b3) x11 0x80014ce4
core   0: 0xffffffff8000a7fc (0x00bd9e13) slli    t3, s11, 11
3 0x8000a7fc (0x00bd9e13) x28 0xffe79800
core   0: 0xffffffff8000a800 (0x36d40393) addi    t2, s0, 877
3 0x8000a800 (0x36d40393) x 7 0x0000036d
core   0: 0xffffffff8000a804 (0x00189c33) sll     s8, a7, ra
3 0x8000a804 (0x00189c33) x24 0xc000a672
core   0: 0xffffffff8000a808 (0x01e041b3) xor     gp, zero, t5
3 0x8000a808 (0x01e041b3) x 3 0xc07a5740
core   0: 0xffffffff8000a80c (0x00000013) nop
3 0x8000a80c (0x00000013)
core   0: 0xffffffff8000a810 (0x01482cb3) slt     s9, a6, s4
3 0x8000a810 (0x01482cb3) x25 0x00000000
core   0: 0xffffffff8000a814 (0x00000013) nop
3 0x8000a814 (0x00000013)
core   0: 0xffffffff8000a818 (0xe1c7ab13) slti    s6, a5, -484
3 0x8000a818 (0xe1c7ab13) x22 0x00000000
core   0: 0xffffffff8000a81c (0x004cd933) srl     s2, s9, tp
3 0x8000a81c (0x004cd933) x18 0x00000000
core   0: 0xffffffff8000a820 (0xdc60f293) andi    t0, ra, -570
3 0x8000a820 (0xdc60f293) x 5 0x27859000
core   0: 0xffffffff8000a824 (0xe2920c93) addi    s9, tp, -471
3 0x8000a824 (0xe2920c93) x25 0x7ef42a68
core   0: 0xffffffff8000a828 (0xdc7e8513) addi    a0, t4, -569
3 0x8000a828 (0xdc7e8513) x10 0xfffffdc7
core   0: 0xffffffff8000a82c (0x001cd533) srl     a0, s9, ra
3 0x8000a82c (0x001cd533) x10 0x7ef42a68
core   0: 0xffffffff8000a830 (0x01e89c33) sll     s8, a7, t5
3 0x8000a830 (0x01e89c33) x24 0xc000a672
core   0: 0xffffffff8000a834 (0xc34e6093) ori     ra, t3, -972
3 0x8000a834 (0xc34e6093) x 1 0xfffffc34
core   0: 0xffffffff8000a838 (0x3ebdf993) andi    s3, s11, 1003
3 0x8000a838 (0x3ebdf993) x19 0x000000e3
core   0: 0xffffffff8000a83c (0xa4cc80b7) lui     ra, 0xa4cc8
3 0x8000a83c (0xa4cc80b7) x 1 0xa4cc8000
core   0: 0xffffffff8000a840 (0xe6e78993) addi    s3, a5, -402
3 0x8000a840 (0xe6e78993) x19 0xfffffe6e
core   0: 0xffffffff8000a844 (0x00a91513) slli    a0, s2, 10
3 0x8000a844 (0x00a91513) x10 0x00000000
core   0: 0xffffffff8000a848 (0x011d0c33) add     s8, s10, a7
3 0x8000a848 (0x011d0c33) x24 0x9492cbd9
core   0: 0xffffffff8000a84c (0x01b955b3) srl     a1, s2, s11
3 0x8000a84c (0x01b955b3) x11 0x00000000
core   0: 0xffffffff8000a850 (0x01861f93) slli    t6, a2, 24
3 0x8000a850 (0x01861f93) x31 0x00000000
core   0: 0xffffffff8000a854 (0x0088ee33) or      t3, a7, s0
3 0x8000a854 (0x0088ee33) x28 0xc000a672
core   0: 0xffffffff8000a858 (0x002406b3) add     a3, s0, sp
3 0x8000a858 (0x002406b3) x13 0x2f59b67f
core   0: 0xffffffff8000a85c (0x00347933) and     s2, s0, gp
3 0x8000a85c (0x00347933) x18 0x00000000
core   0: 0xffffffff8000a860 (0xd43aa313) slti    t1, s5, -701
3 0x8000a860 (0xd43aa313) x 6 0x00000001
core   0: 0xffffffff8000a864 (0x41800733) sub     a4, zero, s8
3 0x8000a864 (0x41800733) x14 0x6b6d3427
core   0: 0xffffffff8000a868 (0xc8f62193) slti    gp, a2, -881
3 0x8000a868 (0xc8f62193) x 3 0x00000001
core   0: 0xffffffff8000a86c (0x035e2c93) slti    s9, t3, 53
3 0x8000a86c (0x035e2c93) x25 0x00000001
core   0: 0xffffffff8000a870 (0x10e56413) ori     s0, a0, 270
3 0x8000a870 (0x10e56413) x 8 0x0000010e
core   0: 0xffffffff8000a874 (0x412ed593) srai    a1, t4, 18
3 0x8000a874 (0x412ed593) x11 0x00000000
core   0: 0xffffffff8000a878 (0x0162afb3) slt     t6, t0, s6
3 0x8000a878 (0x0162afb3) x31 0x00000000
core   0: 0xffffffff8000a87c (0x01f48bb3) add     s7, s1, t6
3 0x8000a87c (0x01f48bb3) x23 0x80010e64
core   0: 0xffffffff8000a880 (0x1a347993) andi    s3, s0, 419
3 0x8000a880 (0x1a347993) x19 0x00000102
core   0: 0xffffffff8000a884 (0x01d206b3) add     a3, tp, t4
3 0x8000a884 (0x01d206b3) x13 0x7ef42c3f
core   0: 0xffffffff8000a888 (0x3aeab113) sltiu   sp, s5, 942
3 0x8000a888 (0x3aeab113) x 2 0x00000000
core   0: 0xffffffff8000a88c (0x41b45913) srai    s2, s0, 27
3 0x8000a88c (0x41b45913) x18 0x00000000
core   0: 0xffffffff8000a890 (0x01745133) srl     sp, s0, s7
3 0x8000a890 (0x01745133) x 2 0x00000010
core   0: 0xffffffff8000a894 (0x00000013) nop
3 0x8000a894 (0x00000013)
core   0: 0xffffffff8000a898 (0x01df88b3) add     a7, t6, t4
3 0x8000a898 (0x01df88b3) x17 0x00000000
core   0: 0xffffffff8000a89c (0x00f1a133) slt     sp, gp, a5
3 0x8000a89c (0x00f1a133) x 2 0x00000000
core   0: 0xffffffff8000a8a0 (0x01ff9733) sll     a4, t6, t6
3 0x8000a8a0 (0x01ff9733) x14 0x00000000
core   0: 0xffffffff8000a8a4 (0x01c7a0b3) slt     ra, a5, t3
3 0x8000a8a4 (0x01c7a0b3) x 1 0x00000000
core   0: 0xffffffff8000a8a8 (0x0112ce33) xor     t3, t0, a7
3 0x8000a8a8 (0x0112ce33) x28 0x27859000
core   0: 0xffffffff8000a8ac (0x01e7dd93) srli    s11, a5, 30
3 0x8000a8ac (0x01e7dd93) x27 0x00000000
core   0: 0xffffffff8000a8b0 (0x0904e593) ori     a1, s1, 144
3 0x8000a8b0 (0x0904e593) x11 0x80010ef4
core   0: 0xffffffff8000a8b4 (0x01903eb3) snez    t4, s9
3 0x8000a8b4 (0x01903eb3) x29 0x00000001
core   0: 0xffffffff8000a8b8 (0xf065c913) xori    s2, a1, -250
3 0x8000a8b8 (0xf065c913) x18 0x7ffef1f2
core   0: 0xffffffff8000a8bc (0x0e833013) sltiu   zero, t1, 232
3 0x8000a8bc (0x0e833013)
core   0: 0xffffffff8000a8c0 (0x01641813) slli    a6, s0, 22
3 0x8000a8c0 (0x01641813) x16 0x43800000
core   0: 0xffffffff8000a8c4 (0x40fcd633) sra     a2, s9, a5
3 0x8000a8c4 (0x40fcd633) x12 0x00000001
core   0: 0xffffffff8000a8c8 (0x01ea5033) srl     zero, s4, t5
3 0x8000a8c8 (0x01ea5033)
core   0: 0xffffffff8000a8cc (0xd6ac3b93) sltiu   s7, s8, -662
3 0x8000a8cc (0xd6ac3b93) x23 0x00000001
core   0: 0xffffffff8000a8d0 (0xb31bb997) auipc   s3, 0xb31bb
3 0x8000a8d0 (0xb31bb997) x19 0x331c58d0
core   0: 0xffffffff8000a8d4 (0x01e9cf33) xor     t5, s3, t5
3 0x8000a8d4 (0x01e9cf33) x30 0xf3660f90
core   0: 0xffffffff8000a8d8 (0x412306b3) sub     a3, t1, s2
3 0x8000a8d8 (0x412306b3) x13 0x80010e0f
core   0: 0xffffffff8000a8dc (0x01a9ef33) or      t5, s3, s10
3 0x8000a8dc (0x01a9ef33) x30 0xf79e7df7
core   0: 0xffffffff8000a8e0 (0xc217e113) ori     sp, a5, -991
3 0x8000a8e0 (0xc217e113) x 2 0xfffffc21
core   0: 0xffffffff8000a8e4 (0x01f9d1b3) srl     gp, s3, t6
3 0x8000a8e4 (0x01f9d1b3) x 3 0x331c58d0
core   0: 0xffffffff8000a8e8 (0x00b69cb3) sll     s9, a3, a1
3 0x8000a8e8 (0x00b69cb3) x25 0xe0f00000
core   0: 0xffffffff8000a8ec (0x00334db3) xor     s11, t1, gp
3 0x8000a8ec (0x00334db3) x27 0x331c58d1
core   0: 0xffffffff8000a8f0 (0xf00d0793) addi    a5, s10, -256
3 0x8000a8f0 (0xf00d0793) x15 0xd4922467
core   0: 0xffffffff8000a8f4 (0x0126fdb3) and     s11, a3, s2
3 0x8000a8f4 (0x0126fdb3) x27 0x00000002
core   0: 0xffffffff8000a8f8 (0x00000013) nop
3 0x8000a8f8 (0x00000013)
core   0: 0xffffffff8000a8fc (0x01d18db3) add     s11, gp, t4
3 0x8000a8fc (0x01d18db3) x27 0x331c58d1
core   0: 0xffffffff8000a900 (0x00b31c13) slli    s8, t1, 11
3 0x8000a900 (0x00b31c13) x24 0x00000800
core   0: 0xffffffff8000a904 (0x01b81f93) slli    t6, a6, 27
3 0x8000a904 (0x01b81f93) x31 0x00000000
core   0: 0xffffffff8000a908 (0x01d6c733) xor     a4, a3, t4
3 0x8000a908 (0x01d6c733) x14 0x80010e0e
core   0: 0xffffffff8000a90c (0xf1fba393) slti    t2, s7, -225
3 0x8000a90c (0xf1fba393) x 7 0x00000000
core   0: 0xffffffff8000a910 (0x40a00fb3) sub     t6, zero, a0
3 0x8000a910 (0x40a00fb3) x31 0x00000000
core   0: 0xffffffff8000a914 (0x41430eb3) sub     t4, t1, s4
3 0x8000a914 (0x41430eb3) x29 0x7ffeb31d
core   0: 0xffffffff8000a918 (0x013eebb3) or      s7, t4, s3
3 0x8000a918 (0x013eebb3) x23 0x7ffefbdd
core   0: 0xffffffff8000a91c (0x015177b3) and     a5, sp, s5
3 0x8000a91c (0x015177b3) x15 0xc07a5400
core   0: 0xffffffff8000a920 (0x00d85533) srl     a0, a6, a3
3 0x8000a920 (0x00d85533) x10 0x00008700
core   0: 0xffffffff8000a924 (0xde956e93) ori     t4, a0, -535
3 0x8000a924 (0xde956e93) x29 0xffffffe9
core   0: 0xffffffff8000a928 (0x4009dbb3) sra     s7, s3, zero
3 0x8000a928 (0x4009dbb3) x23 0x331c58d0
core   0: 0xffffffff8000a92c (0x41a8d933) sra     s2, a7, s10
3 0x8000a92c (0x41a8d933) x18 0x00000000
core   0: 0xffffffff8000a930 (0xc7cff113) andi    sp, t6, -900
3 0x8000a930 (0xc7cff113) x 2 0x00000000
core   0: 0xffffffff8000a934 (0x8638c217) auipc   tp, 0x8638c
3 0x8000a934 (0x8638c217) x 4 0x06396934
core   0: 0xffffffff8000a938 (0xce406a93) ori     s5, zero, -796
3 0x8000a938 (0xce406a93) x21 0xfffffce4
core   0: 0xffffffff8000a93c (0xc7584513) xori    a0, a6, -907
3 0x8000a93c (0xc7584513) x10 0xbc7ffc75
core   0: 0xffffffff8000a940 (0x3937fc93) andi    s9, a5, 915
3 0x8000a940 (0x3937fc93) x25 0x00000000
core   0: 0xffffffff8000a944 (0xda3f3713) sltiu   a4, t5, -605
3 0x8000a944 (0xda3f3713) x14 0x00000001
core   0: 0xffffffff8000a948 (0x8fb910b7) lui     ra, 0x8fb91
3 0x8000a948 (0x8fb910b7) x 1 0x8fb91000
core   0: 0xffffffff8000a94c (0x40a95533) sra     a0, s2, a0
3 0x8000a94c (0x40a95533) x10 0x00000000
core   0: 0xffffffff8000a950 (0x01fe4f33) xor     t5, t3, t6
3 0x8000a950 (0x01fe4f33) x30 0x27859000
core   0: 0xffffffff8000a954 (0x0030ccb3) xor     s9, ra, gp
3 0x8000a954 (0x0030ccb3) x25 0xbca548d0
core   0: 0xffffffff8000a958 (0x006aec33) or      s8, s5, t1
3 0x8000a958 (0x006aec33) x24 0xfffffce5
core   0: 0xffffffff8000a95c (0x7265a137) lui     sp, 0x7265a
3 0x8000a95c (0x7265a137) x 2 0x7265a000
core   0: 0xffffffff8000a960 (0x0156b833) sltu    a6, a3, s5
3 0x8000a960 (0x0156b833) x16 0x00000001
core   0: 0xffffffff8000a964 (0x417fdcb3) sra     s9, t6, s7
3 0x8000a964 (0x417fdcb3) x25 0x00000000
core   0: 0xffffffff8000a968 (0xf20f8893) addi    a7, t6, -224
3 0x8000a968 (0xf20f8893) x17 0xffffff20
core   0: 0xffffffff8000a96c (0xc1733f93) sltiu   t6, t1, -1001
3 0x8000a96c (0xc1733f93) x31 0x00000001
core   0: 0xffffffff8000a970 (0x103aae13) slti    t3, s5, 259
3 0x8000a970 (0x103aae13) x28 0x00000001
core   0: 0xffffffff8000a974 (0x0012d033) srl     zero, t0, ra
3 0x8000a974 (0x0012d033)
core   0: 0xffffffff8000a978 (0x410758b3) sra     a7, a4, a6
3 0x8000a978 (0x410758b3) x17 0x00000000
core   0: 0xffffffff8000a97c (0x01dff933) and     s2, t6, t4
3 0x8000a97c (0x01dff933) x18 0x00000001
core   0: 0xffffffff8000a980 (0x19fce093) ori     ra, s9, 415
3 0x8000a980 (0x19fce093) x 1 0x0000019f
core   0: 0xffffffff8000a984 (0xc2d2e613) ori     a2, t0, -979
3 0x8000a984 (0xc2d2e613) x12 0xfffffc2d
core   0: 0xffffffff8000a988 (0x00635f33) srl     t5, t1, t1
3 0x8000a988 (0x00635f33) x30 0x00000000
core   0: 0xffffffff8000a98c (0x00fb2533) slt     a0, s6, a5
3 0x8000a98c (0x00fb2533) x10 0x00000000
core   0: 0xffffffff8000a990 (0x003a8ab3) add     s5, s5, gp
3 0x8000a990 (0x003a8ab3) x21 0x331c55b4
core   0: 0xffffffff8000a994 (0x01039c13) slli    s8, t2, 16
3 0x8000a994 (0x01039c13) x24 0x00000000
core   0: 0xffffffff8000a998 (0x00000013) nop
3 0x8000a998 (0x00000013)
core   0: 0xffffffff8000a99c (0xcbb0ae93) slti    t4, ra, -837
3 0x8000a99c (0xcbb0ae93) x29 0x00000000
core   0: 0xffffffff8000a9a0 (0x00651f13) slli    t5, a0, 6
3 0x8000a9a0 (0x00651f13) x30 0x00000000
core   0: 0xffffffff8000a9a4 (0xd33c8513) addi    a0, s9, -717
3 0x8000a9a4 (0xd33c8513) x10 0xfffffd33
core   0: 0xffffffff8000a9a8 (0x00f61313) slli    t1, a2, 15
3 0x8000a9a8 (0x00f61313) x 6 0xfe168000
core   0: 0xffffffff8000a9ac (0xc38f97b7) lui     a5, 0xc38f9
3 0x8000a9ac (0xc38f97b7) x15 0xc38f9000
core   0: 0xffffffff8000a9b0 (0x01df67b3) or      a5, t5, t4
3 0x8000a9b0 (0x01df67b3) x15 0x00000000
core   0: 0xffffffff8000a9b4 (0xd6c73f13) sltiu   t5, a4, -660
3 0x8000a9b4 (0xd6c73f13) x30 0x00000001
core   0: 0xffffffff8000a9b8 (0x017bfdb3) and     s11, s7, s7
3 0x8000a9b8 (0x017bfdb3) x27 0x331c58d0
core   0: 0xffffffff8000a9bc (0x00def533) and     a0, t4, a3
3 0x8000a9bc (0x00def533) x10 0x00000000
core   0: 0xffffffff8000a9c0 (0x051f6693) ori     a3, t5, 81
3 0x8000a9c0 (0x051f6693) x13 0x00000051
core   0: 0xffffffff8000a9c4 (0x01972c33) slt     s8, a4, s9
3 0x8000a9c4 (0x01972c33) x24 0x00000000
core   0: 0xffffffff8000a9c8 (0xda61e193) ori     gp, gp, -602
3 0x8000a9c8 (0xda61e193) x 3 0xfffffdf6
core   0: 0xffffffff8000a9cc (0xe24c3c13) sltiu   s8, s8, -476
3 0x8000a9cc (0xe24c3c13) x24 0x00000001
core   0: 0xffffffff8000a9d0 (0xefd92513) slti    a0, s2, -259
3 0x8000a9d0 (0xefd92513) x10 0x00000000
core   0: 0xffffffff8000a9d4 (0xe7047a93) andi    s5, s0, -400
3 0x8000a9d4 (0xe7047a93) x21 0x00000000
core   0: 0xffffffff8000a9d8 (0x08c06a93) ori     s5, zero, 140
3 0x8000a9d8 (0x08c06a93) x21 0x0000008c
core   0: 0xffffffff8000a9dc (0x01a7aeb3) slt     t4, a5, s10
3 0x8000a9dc (0x01a7aeb3) x29 0x00000000
core   0: 0xffffffff8000a9e0 (0x41eb0db3) sub     s11, s6, t5
3 0x8000a9e0 (0x41eb0db3) x27 0xffffffff
core   0: 0xffffffff8000a9e4 (0x00f85313) srli    t1, a6, 15
3 0x8000a9e4 (0x00f85313) x 6 0x00000000
core   0: 0xffffffff8000a9e8 (0x0027ddb3) srl     s11, a5, sp
3 0x8000a9e8 (0x0027ddb3) x27 0x00000000
core   0: 0xffffffff8000a9ec (0x00c41713) slli    a4, s0, 12
3 0x8000a9ec (0x00c41713) x14 0x0010e000
core   0: 0xffffffff8000a9f0 (0xc4eacc13) xori    s8, s5, -946
3 0x8000a9f0 (0xc4eacc13) x24 0xfffffcc2
core   0: 0xffffffff8000a9f4 (0x009c9b33) sll     s6, s9, s1
3 0x8000a9f4 (0x009c9b33) x22 0x00000000
core   0: 0xffffffff8000a9f8 (0x002c9213) slli    tp, s9, 2
3 0x8000a9f8 (0x002c9213) x 4 0x00000000
core   0: 0xffffffff8000a9fc (0xdf2d6313) ori     t1, s10, -526
3 0x8000a9fc (0xdf2d6313) x 6 0xfffffdf7
core   0: 0xffffffff8000aa00 (0x40d0d0b3) sra     ra, ra, a3
3 0x8000aa00 (0x40d0d0b3) x 1 0x00000000
core   0: 0xffffffff8000aa04 (0x032b4cb7) lui     s9, 0x32b4
3 0x8000aa04 (0x032b4cb7) x25 0x032b4000
core   0: 0xffffffff8000aa08 (0xc6daa113) slti    sp, s5, -915
3 0x8000aa08 (0xc6daa113) x 2 0x00000000
core   0: 0xffffffff8000aa0c (0x001667b3) or      a5, a2, ra
3 0x8000aa0c (0x001667b3) x15 0xfffffc2d
core   0: 0xffffffff8000aa10 (0xed64b913) sltiu   s2, s1, -298
3 0x8000aa10 (0xed64b913) x18 0x00000001
core   0: 0xffffffff8000aa14 (0x41dc5f33) sra     t5, s8, t4
3 0x8000aa14 (0x41dc5f33) x30 0xfffffcc2
core   0: 0xffffffff8000aa18 (0x006c5a93) srli    s5, s8, 6
3 0x8000aa18 (0x006c5a93) x21 0x03fffff3
core   0: 0xffffffff8000aa1c (0xefa62393) slti    t2, a2, -262
3 0x8000aa1c (0xefa62393) x 7 0x00000001
core   0: 0xffffffff8000aa20 (0xce30d317) auipc   t1, 0xce30d
3 0x8000aa20 (0xce30d317) x 6 0x4e317a20
core   0: 0xffffffff8000aa24 (0x0027d893) srli    a7, a5, 2
3 0x8000aa24 (0x0027d893) x17 0x3fffff0b
core   0: 0xffffffff8000aa28 (0x41d68f33) sub     t5, a3, t4
3 0x8000aa28 (0x41d68f33) x30 0x00000051
core   0: 0xffffffff8000aa2c (0x01f263b3) or      t2, tp, t6
3 0x8000aa2c (0x01f263b3) x 7 0x00000001
core   0: 0xffffffff8000aa30 (0x00000013) nop
3 0x8000aa30 (0x00000013)
core   0: 0xffffffff8000aa34 (0x01d13333) sltu    t1, sp, t4
3 0x8000aa34 (0x01d13333) x 6 0x00000000
core   0: 0xffffffff8000aa38 (0x00000013) nop
3 0x8000aa38 (0x00000013)
core   0: 0xffffffff8000aa3c (0x0021f0b3) and     ra, gp, sp
3 0x8000aa3c (0x0021f0b3) x 1 0x00000000
core   0: 0xffffffff8000aa40 (0x01005113) srli    sp, zero, 16
3 0x8000aa40 (0x01005113) x 2 0x00000000
core   0: 0xffffffff8000aa44 (0x4136df13) srai    t5, a3, 19
3 0x8000aa44 (0x4136df13) x30 0x00000000
core   0: 0xffffffff8000aa48 (0xf3b17413) andi    s0, sp, -197
3 0x8000aa48 (0xf3b17413) x 8 0x00000000
core   0: 0xffffffff8000aa4c (0x4122dd93) srai    s11, t0, 18
3 0x8000aa4c (0x4122dd93) x27 0x000009e1
core   0: 0xffffffff8000aa50 (0x006073b3) and     t2, zero, t1
3 0x8000aa50 (0x006073b3) x 7 0x00000000
core   0: 0xffffffff8000aa54 (0x00a79913) slli    s2, a5, 10
3 0x8000aa54 (0x00a79913) x18 0xfff0b400
core   0: 0xffffffff8000aa58 (0x00cd5613) srli    a2, s10, 12
3 0x8000aa58 (0x00cd5613) x12 0x000d4922
core   0: 0xffffffff8000aa5c (0xdf59f193) andi    gp, s3, -523
3 0x8000aa5c (0xdf59f193) x 3 0x331c58d0
core   0: 0xffffffff8000aa60 (0x0130e0b3) or      ra, ra, s3
3 0x8000aa60 (0x0130e0b3) x 1 0x331c58d0
core   0: 0xffffffff8000aa64 (0x00b09993) slli    s3, ra, 11
3 0x8000aa64 (0x00b09993) x19 0xe2c68000
core   0: 0xffffffff8000aa68 (0x03792093) slti    ra, s2, 55
3 0x8000aa68 (0x03792093) x 1 0x00000001
core   0: 0xffffffff8000aa6c (0x26effa93) andi    s5, t6, 622
3 0x8000aa6c (0x26effa93) x21 0x00000000
core   0: 0xffffffff8000aa70 (0x005630b3) sltu    ra, a2, t0
3 0x8000aa70 (0x005630b3) x 1 0x00000001
core   0: 0xffffffff8000aa74 (0x00c80c33) add     s8, a6, a2
3 0x8000aa74 (0x00c80c33) x24 0x000d4923
core   0: 0xffffffff8000aa78 (0xddb127b7) lui     a5, 0xddb12
3 0x8000aa78 (0xddb127b7) x15 0xddb12000
core   0: 0xffffffff8000aa7c (0xc05c4993) xori    s3, s8, -1019
3 0x8000aa7c (0xc05c4993) x19 0xfff2b526
core   0: 0xffffffff8000aa80 (0x00000013) nop
3 0x8000aa80 (0x00000013)
core   0: 0xffffffff8000aa84 (0xc4638b13) addi    s6, t2, -954
3 0x8000aa84 (0xc4638b13) x22 0xfffffc46
core   0: 0xffffffff8000aa88 (0x010b9713) slli    a4, s7, 16
3 0x8000aa88 (0x010b9713) x14 0x58d00000
core   0: 0xffffffff8000aa8c (0x40c0dc13) srai    s8, ra, 12
3 0x8000aa8c (0x40c0dc13) x24 0x00000000
core   0: 0xffffffff8000aa90 (0xcc8d1337) lui     t1, 0xcc8d1
3 0x8000aa90 (0xcc8d1337) x 6 0xcc8d1000
core   0: 0xffffffff8000aa94 (0x01b083b3) add     t2, ra, s11
3 0x8000aa94 (0x01b083b3) x 7 0x000009e2
core   0: 0xffffffff8000aa98 (0x012578b3) and     a7, a0, s2
3 0x8000aa98 (0x012578b3) x17 0x00000000
core   0: 0xffffffff8000aa9c (0x4e502117) auipc   sp, 0x4e502
3 0x8000aa9c (0x4e502117) x 2 0xce50ca9c
core   0: 0xffffffff8000aaa0 (0x4019d293) srai    t0, s3, 1
3 0x8000aaa0 (0x4019d293) x 5 0xfff95a93
core   0: 0xffffffff8000aaa4 (0x30838f93) addi    t6, t2, 776
3 0x8000aaa4 (0x30838f93) x31 0x00000cea
core   0: 0xffffffff8000aaa8 (0x01bf3233) sltu    tp, t5, s11
3 0x8000aaa8 (0x01bf3233) x 4 0x00000001
core   0: 0xffffffff8000aaac (0x00e4b2b3) sltu    t0, s1, a4
3 0x8000aaac (0x00e4b2b3) x 5 0x00000000
core   0: 0xffffffff8000aab0 (0xd4324cb7) lui     s9, 0xd4324
3 0x8000aab0 (0xd4324cb7) x25 0xd4324000
core   0: 0xffffffff8000aab4 (0x00000013) nop
3 0x8000aab4 (0x00000013)
core   0: 0xffffffff8000aab8 (0x4038d533) sra     a0, a7, gp
3 0x8000aab8 (0x4038d533) x10 0x00000000
core   0: 0xffffffff8000aabc (0x00000013) nop
3 0x8000aabc (0x00000013)
core   0: 0xffffffff8000aac0 (0x4186d333) sra     t1, a3, s8
3 0x8000aac0 (0x4186d333) x 6 0x00000051
core   0: 0xffffffff8000aac4 (0x016695b3) sll     a1, a3, s6
3 0x8000aac4 (0x016695b3) x11 0x00001440
core   0: 0xffffffff8000aac8 (0x015fd833) srl     a6, t6, s5
3 0x8000aac8 (0x015fd833) x16 0x00000cea
core   0: 0xffffffff8000aacc (0x61f74097) auipc   ra, 0x61f74
3 0x8000aacc (0x61f74097) x 1 0xe1f7eacc
core   0: 0xffffffff8000aad0 (0x41f60fb3) sub     t6, a2, t6
3 0x8000aad0 (0x41f60fb3) x31 0x000d3c38
core   0: 0xffffffff8000aad4 (0x019b43b3) xor     t2, s6, s9
3 0x8000aad4 (0x019b43b3) x 7 0x2bcdbc46
core   0: 0xffffffff8000aad8 (0xd26fe313) ori     t1, t6, -730
3 0x8000aad8 (0xd26fe313) x 6 0xfffffd3e
core   0: 0xffffffff8000aadc (0x1cc62e13) slti    t3, a2, 460
3 0x8000aadc (0x1cc62e13) x28 0x00000000
core   0: 0xffffffff8000aae0 (0x40c786b3) sub     a3, a5, a2
3 0x8000aae0 (0x40c786b3) x13 0xdda3d6de
core   0: 0xffffffff8000aae4 (0x00ff0533) add     a0, t5, a5
3 0x8000aae4 (0x00ff0533) x10 0xddb12000
core   0: 0xffffffff8000aae8 (0xcabf3093) sltiu   ra, t5, -853
3 0x8000aae8 (0xcabf3093) x 1 0x00000001
core   0: 0xffffffff8000aaec (0x00413c33) sltu    s8, sp, tp
3 0x8000aaec (0x00413c33) x24 0x00000000
core   0: 0xffffffff8000aaf0 (0x011a16b3) sll     a3, s4, a7
3 0x8000aaf0 (0x011a16b3) x13 0x80014ce4
core   0: 0xffffffff8000aaf4 (0x0b1cd137) lui     sp, 0xb1cd
3 0x8000aaf4 (0x0b1cd137) x 2 0x0b1cd000
core   0: 0xffffffff8000aaf8 (0x01c8f6b3) and     a3, a7, t3
3 0x8000aaf8 (0x01c8f6b3) x13 0x00000000
core   0: 0xffffffff8000aafc (0x00bff933) and     s2, t6, a1
3 0x8000aafc (0x00bff933) x18 0x00001400
core   0: 0xffffffff8000ab00 (0x01faf433) and     s0, s5, t6
3 0x8000ab00 (0x01faf433) x 8 0x00000000
core   0: 0xffffffff8000ab04 (0x005c57b3) srl     a5, s8, t0
3 0x8000ab04 (0x005c57b3) x15 0x00000000
core   0: 0xffffffff8000ab08 (0xde3af293) andi    t0, s5, -541
3 0x8000ab08 (0xde3af293) x 5 0x00000000
core   0: 0xffffffff8000ab0c (0x00281793) slli    a5, a6, 2
3 0x8000ab0c (0x00281793) x15 0x000033a8
core   0: 0xffffffff8000ab10 (0x58123037) lui     zero, 0x58123
3 0x8000ab10 (0x58123037)
core   0: 0xffffffff8000ab14 (0x407bdb33) sra     s6, s7, t2
3 0x8000ab14 (0x407bdb33) x22 0x00cc7163
core   0: 0xffffffff8000ab18 (0x0094f833) and     a6, s1, s1
3 0x8000ab18 (0x0094f833) x16 0x80010e64
core   0: 0xffffffff8000ab1c (0x01415213) srli    tp, sp, 20
3 0x8000ab1c (0x01415213) x 4 0x000000b1
core   0: 0xffffffff8000ab20 (0x00000013) nop
3 0x8000ab20 (0x00000013)
core   0: 0xffffffff8000ab24 (0x000890b3) sll     ra, a7, zero
3 0x8000ab24 (0x000890b3) x 1 0x00000000
core   0: 0xffffffff8000ab28 (0x01cd1433) sll     s0, s10, t3
3 0x8000ab28 (0x01cd1433) x 8 0xd4922567
core   0: 0xffffffff8000ab2c (0x41a6dc13) srai    s8, a3, 26
3 0x8000ab2c (0x41a6dc13) x24 0x00000000
core   0: 0xffffffff8000ab30 (0x9b8950b7) lui     ra, 0x9b895
3 0x8000ab30 (0x9b8950b7) x 1 0x9b895000
core   0: 0xffffffff8000ab34 (0x134ca797) auipc   a5, 0x134ca
3 0x8000ab34 (0x134ca797) x15 0x934d4b34
core   0: 0xffffffff8000ab38 (0x00000013) nop
3 0x8000ab38 (0x00000013)
core   0: 0xffffffff8000ab3c (0x41e75c93) srai    s9, a4, 30
3 0x8000ab3c (0x41e75c93) x25 0x00000001
core   0: 0xffffffff8000ab40 (0x00a14fb3) xor     t6, sp, a0
3 0x8000ab40 (0x00a14fb3) x31 0xd6adf000
core   0: 0xffffffff8000ab44 (0x009dd293) srli    t0, s11, 9
3 0x8000ab44 (0x009dd293) x 5 0x00000004
core   0: 0xffffffff8000ab48 (0x0155e633) or      a2, a1, s5
3 0x8000ab48 (0x0155e633) x12 0x00001440
core   0: 0xffffffff8000ab4c (0x41808cb3) sub     s9, ra, s8
3 0x8000ab4c (0x41808cb3) x25 0x9b895000
core   0: 0xffffffff8000ab50 (0x0082d633) srl     a2, t0, s0
3 0x8000ab50 (0x0082d633) x12 0x00000000
core   0: 0xffffffff8000ab54 (0x40c406b3) sub     a3, s0, a2
3 0x8000ab54 (0x40c406b3) x13 0xd4922567
core   0: 0xffffffff8000ab58 (0x01931233) sll     tp, t1, s9
3 0x8000ab58 (0x01931233) x 4 0xfffffd3e
core   0: 0xffffffff8000ab5c (0x4099da93) srai    s5, s3, 9
3 0x8000ab5c (0x4099da93) x21 0xfffff95a
core   0: 0xffffffff8000ab60 (0x3d7de593) ori     a1, s11, 983
3 0x8000ab60 (0x3d7de593) x11 0x00000bf7
core   0: 0xffffffff8000ab64 (0x01eed013) srli    zero, t4, 30
3 0x8000ab64 (0x01eed013)
core   0: 0xffffffff8000ab68 (0x00c2a0b3) slt     ra, t0, a2
3 0x8000ab68 (0x00c2a0b3) x 1 0x00000000
core   0: 0xffffffff8000ab6c (0x416450b3) sra     ra, s0, s6
3 0x8000ab6c (0x416450b3) x 1 0xfa9244ac
core   0: 0xffffffff8000ab70 (0x0108bcb3) sltu    s9, a7, a6
3 0x8000ab70 (0x0108bcb3) x25 0x00000001
core   0: 0xffffffff8000ab74 (0x007ad3b3) srl     t2, s5, t2
3 0x8000ab74 (0x007ad3b3) x 7 0x03ffffe5
core   0: 0xffffffff8000ab78 (0x01f9ecb3) or      s9, s3, t6
3 0x8000ab78 (0x01f9ecb3) x25 0xfffff526
core   0: 0xffffffff8000ab7c (0xf8340e13) addi    t3, s0, -125
3 0x8000ab7c (0xf8340e13) x28 0xd49224ea
core   0: 0xffffffff8000ab80 (0x004d18b3) sll     a7, s10, tp
3 0x8000ab80 (0x004d18b3) x17 0xc0000000
core   0: 0xffffffff8000ab84 (0x01fa16b3) sll     a3, s4, t6
3 0x8000ab84 (0x01fa16b3) x13 0x80014ce4
core   0: 0xffffffff8000ab88 (0x00b30333) add     t1, t1, a1
3 0x8000ab88 (0x00b30333) x 6 0x00000935
core   0: 0xffffffff8000ab8c (0xe274e593) ori     a1, s1, -473
3 0x8000ab8c (0xe274e593) x11 0xfffffe67
core   0: 0xffffffff8000ab90 (0x0053bfb3) sltu    t6, t2, t0
3 0x8000ab90 (0x0053bfb3) x31 0x00000000
core   0: 0xffffffff8000ab94 (0x40a4de93) srai    t4, s1, 10
3 0x8000ab94 (0x40a4de93) x29 0xffe00043
core   0: 0xffffffff8000ab98 (0x40c2d293) srai    t0, t0, 12
3 0x8000ab98 (0x40c2d293) x 5 0x00000000
core   0: 0xffffffff8000ab9c (0x00000013) nop
3 0x8000ab9c (0x00000013)
core   0: 0xffffffff8000aba0 (0x00ab69b3) or      s3, s6, a0
3 0x8000aba0 (0x00ab69b3) x19 0xddfd7163
core   0: 0xffffffff8000aba4 (0x01287333) and     t1, a6, s2
3 0x8000aba4 (0x01287333) x 6 0x00000400
core   0: 0xffffffff8000aba8 (0x399dcb93) xori    s7, s11, 921
3 0x8000aba8 (0x399dcb93) x23 0x00000a78
core   0: 0xffffffff8000abac (0x00769033) sll     zero, a3, t2
3 0x8000abac (0x00769033)
core   0: 0xffffffff8000abb0 (0xce423a93) sltiu   s5, tp, -796
3 0x8000abb0 (0xce423a93) x21 0x00000000
core   0: 0xffffffff8000abb4 (0xcae34613) xori    a2, t1, -850
3 0x8000abb4 (0xcae34613) x12 0xfffff8ae
core   0: 0xffffffff8000abb8 (0x01859eb3) sll     t4, a1, s8
3 0x8000abb8 (0x01859eb3) x29 0xfffffe67
core   0: 0xffffffff8000abbc (0x00656eb3) or      t4, a0, t1
3 0x8000abbc (0x00656eb3) x29 0xddb12400
core   0: 0xffffffff8000abc0 (0x009c5f33) srl     t5, s8, s1
3 0x8000abc0 (0x009c5f33) x30 0x00000000
core   0: 0xffffffff8000abc4 (0xcc375f97) auipc   t6, 0xcc375
3 0x8000abc4 (0xcc375f97) x31 0x4c37fbc4
core   0: 0xffffffff8000abc8 (0x41f6d913) srai    s2, a3, 31
3 0x8000abc8 (0x41f6d913) x18 0xffffffff
core   0: 0xffffffff8000abcc (0x40fed833) sra     a6, t4, a5
3 0x8000abcc (0x40fed833) x16 0xfffffddb
core   0: 0xffffffff8000abd0 (0x00d69393) slli    t2, a3, 13
3 0x8000abd0 (0x00d69393) x 7 0x299c8000
core   0: 0xffffffff8000abd4 (0xffd74093) xori    ra, a4, -3
3 0x8000abd4 (0xffd74093) x 1 0xa72ffffd
core   0: 0xffffffff8000abd8 (0x2d130913) addi    s2, t1, 721
3 0x8000abd8 (0x2d130913) x18 0x000006d1
core   0: 0xffffffff8000abdc (0x1afb9b17) auipc   s6, 0x1afb9
3 0x8000abdc (0x1afb9b17) x22 0x9afc3bdc
core   0: 0xffffffff8000abe0 (0xdd904893) xori    a7, zero, -551
3 0x8000abe0 (0xdd904893) x17 0xfffffdd9
core   0: 0xffffffff8000abe4 (0x00aeeb33) or      s6, t4, a0
3 0x8000abe4 (0x00aeeb33) x22 0xddb12400
core   0: 0xffffffff8000abe8 (0x00b89513) slli    a0, a7, 11
3 0x8000abe8 (0x00b89513) x10 0xffeec800
core   0: 0xffffffff8000abec (0x766a1097) auipc   ra, 0x766a1
3 0x8000abec (0x766a1097) x 1 0xf66abbec
core   0: 0xffffffff8000abf0 (0x00ee10b3) sll     ra, t3, a4
3 0x8000abf0 (0x00ee10b3) x 1 0xd49224ea
core   0: 0xffffffff8000abf4 (0x018946b3) xor     a3, s2, s8
3 0x8000abf4 (0x018946b3) x13 0x000006d1
core   0: 0xffffffff8000abf8 (0x11810393) addi    t2, sp, 280
3 0x8000abf8 (0x11810393) x 7 0x0b1cd118
core   0: 0xffffffff8000abfc (0x01ff3633) sltu    a2, t5, t6
3 0x8000abfc (0x01ff3633) x12 0x00000001
core   0: 0xffffffff8000ac00 (0x014cdb93) srli    s7, s9, 20
3 0x8000ac00 (0x014cdb93) x23 0x00000fff
core   0: 0xffffffff8000ac04 (0x003b9733) sll     a4, s7, gp
3 0x8000ac04 (0x003b9733) x14 0x0fff0000
core   0: 0xffffffff8000ac08 (0x00000013) nop
3 0x8000ac08 (0x00000013)
core   0: 0xffffffff8000ac0c (0x01ce5113) srli    sp, t3, 28
3 0x8000ac0c (0x01ce5113) x 2 0x0000000d
core   0: 0xffffffff8000ac10 (0x41a70233) sub     tp, a4, s10
3 0x8000ac10 (0x41a70233) x 4 0x3b6cda99
core   0: 0xffffffff8000ac14 (0x007ad893) srli    a7, s5, 7
3 0x8000ac14 (0x007ad893) x17 0x00000000
core   0: 0xffffffff8000ac18 (0x00f909b3) add     s3, s2, a5
3 0x8000ac18 (0x00f909b3) x19 0x934d5205
core   0: 0xffffffff8000ac1c (0x00000013) nop
3 0x8000ac1c (0x00000013)
core   0: 0xffffffff8000ac20 (0x009e4b33) xor     s6, t3, s1
3 0x8000ac20 (0x009e4b33) x22 0x54932a8e
core   0: 0xffffffff8000ac24 (0x01170433) add     s0, a4, a7
3 0x8000ac24 (0x01170433) x 8 0x0fff0000
core   0: 0xffffffff8000ac28 (0x00d382b3) add     t0, t2, a3
3 0x8000ac28 (0x00d382b3) x 5 0x0b1cd7e9
core   0: 0xffffffff8000ac2c (0x4139dcb3) sra     s9, s3, s3
3 0x8000ac2c (0x4139dcb3) x25 0xfc9a6a90
core   0: 0xffffffff8000ac30 (0x0c967e13) andi    t3, a2, 201
3 0x8000ac30 (0x0c967e13) x28 0x00000001
core   0: 0xffffffff8000ac34 (0x00cf9b93) slli    s7, t6, 12
3 0x8000ac34 (0x00cf9b93) x23 0x7fbc4000
core   0: 0xffffffff8000ac38 (0x009d9193) slli    gp, s11, 9
3 0x8000ac38 (0x009d9193) x 3 0x0013c200
core   0: 0xffffffff8000ac3c (0x4108d333) sra     t1, a7, a6
3 0x8000ac3c (0x4108d333) x 6 0x00000000
core   0: 0xffffffff8000ac40 (0x2e293993) sltiu   s3, s2, 738
3 0x8000ac40 (0x2e293993) x19 0x00000000
core   0: 0xffffffff8000ac44 (0xb4825e97) auipc   t4, 0xb4825
3 0x8000ac44 (0xb4825e97) x29 0x3482fc44
core   0: 0xffffffff8000ac48 (0x0131b533) sltu    a0, gp, s3
3 0x8000ac48 (0x0131b533) x10 0x00000000
core   0: 0xffffffff8000ac4c (0x40da0033) sub     zero, s4, a3
3 0x8000ac4c (0x40da0033)
core   0: 0xffffffff8000ac50 (0xe5ee2413) slti    s0, t3, -418
3 0x8000ac50 (0xe5ee2413) x 8 0x00000000
core   0: 0xffffffff8000ac54 (0x00ac82b3) add     t0, s9, a0
3 0x8000ac54 (0x00ac82b3) x 5 0xfc9a6a90
core   0: 0xffffffff8000ac58 (0x40d887b3) sub     a5, a7, a3
3 0x8000ac58 (0x40d887b3) x15 0xfffff92f
core   0: 0xffffffff8000ac5c (0x00a57c33) and     s8, a0, a0
3 0x8000ac5c (0x00a57c33) x24 0x00000000
core   0: 0xffffffff8000ac60 (0x0c40bb37) lui     s6, 0xc40b
3 0x8000ac60 (0x0c40bb37) x22 0x0c40b000
core   0: 0xffffffff8000ac64 (0x00960833) add     a6, a2, s1
3 0x8000ac64 (0x00960833) x16 0x80010e65
core   0: 0xffffffff8000ac68 (0x6f3cb997) auipc   s3, 0x6f3cb
3 0x8000ac68 (0x6f3cb997) x19 0xef3d5c68
core   0: 0xffffffff8000ac6c (0x01f5d8b3) srl     a7, a1, t6
3 0x8000ac6c (0x01f5d8b3) x17 0x0fffffe6
core   0: 0xffffffff8000ac70 (0x3b436e13) ori     t3, t1, 948
3 0x8000ac70 (0x3b436e13) x28 0x000003b4
core   0: 0xffffffff8000ac74 (0x41478eb3) sub     t4, a5, s4
3 0x8000ac74 (0x41478eb3) x29 0x7ffeac4b
core   0: 0xffffffff8000ac78 (0x00742ab3) slt     s5, s0, t2
3 0x8000ac78 (0x00742ab3) x21 0x00000001
core   0: 0xffffffff8000ac7c (0xfbaacd93) xori    s11, s5, -70
3 0x8000ac7c (0xfbaacd93) x27 0xffffffbb
core   0: 0xffffffff8000ac80 (0x35488513) addi    a0, a7, 852
3 0x8000ac80 (0x35488513) x10 0x1000033a
core   0: 0xffffffff8000ac84 (0x00d835b3) sltu    a1, a6, a3
3 0x8000ac84 (0x00d835b3) x11 0x00000000
core   0: 0xffffffff8000ac88 (0xe8cd0713) addi    a4, s10, -372
3 0x8000ac88 (0xe8cd0713) x14 0xd49223f3
core   0: 0xffffffff8000ac8c (0xc77a7813) andi    a6, s4, -905
3 0x8000ac8c (0xc77a7813) x16 0x80014c64
core   0: 0xffffffff8000ac90 (0x00000013) nop
3 0x8000ac90 (0x00000013)
core   0: 0xffffffff8000ac94 (0x41c20f33) sub     t5, tp, t3
3 0x8000ac94 (0x41c20f33) x30 0x3b6cd6e5
core   0: 0xffffffff8000ac98 (0xfe56a113) slti    sp, a3, -27
3 0x8000ac98 (0xfe56a113) x 2 0x00000000
core   0: 0xffffffff8000ac9c (0x006237b3) sltu    a5, tp, t1
3 0x8000ac9c (0x006237b3) x15 0x00000000
core   0: 0xffffffff8000aca0 (0x28028913) addi    s2, t0, 640
3 0x8000aca0 (0x28028913) x18 0xfc9a6d10
core   0: 0xffffffff8000aca4 (0x402d8233) sub     tp, s11, sp
3 0x8000aca4 (0x402d8233) x 4 0xffffffbb
core   0: 0xffffffff8000aca8 (0x00f21013) slli    zero, tp, 15
3 0x8000aca8 (0x00f21013)
core   0: 0xffffffff8000acac (0xfae08313) addi    t1, ra, -82
3 0x8000acac (0xfae08313) x 6 0xd4922498
core   0: 0xffffffff8000acb0 (0x01e93eb3) sltu    t4, s2, t5
3 0x8000acb0 (0x01e93eb3) x29 0x00000000
core   0: 0xffffffff8000acb4 (0x0711b893) sltiu   a7, gp, 113
3 0x8000acb4 (0x0711b893) x17 0x00000000
core   0: 0xffffffff8000acb8 (0xd76aff93) andi    t6, s5, -650
3 0x8000acb8 (0xd76aff93) x31 0x00000000
core   0: 0xffffffff8000acbc (0x407edf93) srai    t6, t4, 7
3 0x8000acbc (0x407edf93) x31 0x00000000
core   0: 0xffffffff8000acc0 (0x0e16f593) andi    a1, a3, 225
3 0x8000acc0 (0x0e16f593) x11 0x000000c1
core   0: 0xffffffff8000acc4 (0x401f5bb3) sra     s7, t5, ra
3 0x8000acc4 (0x401f5bb3) x23 0x000edb35
core   0: 0xffffffff8000acc8 (0x008b9c33) sll     s8, s7, s0
3 0x8000acc8 (0x008b9c33) x24 0x000edb35
core   0: 0xffffffff8000accc (0x00d65f93) srli    t6, a2, 13
3 0x8000accc (0x00d65f93) x31 0x00000000
core   0: 0xffffffff8000acd0 (0x375b6413) ori     s0, s6, 885
3 0x8000acd0 (0x375b6413) x 8 0x0c40b375
core   0: 0xffffffff8000acd4 (0x401bdc33) sra     s8, s7, ra
3 0x8000acd4 (0x401bdc33) x24 0x000003b6
core   0: 0xffffffff8000acd8 (0x005770b3) and     ra, a4, t0
3 0x8000acd8 (0x005770b3) x 1 0xd4922290
core   0: 0xffffffff8000acdc (0x252dc393) xori    t2, s11, 594
3 0x8000acdc (0x252dc393) x 7 0xfffffde9
core   0: 0xffffffff8000ace0 (0x410688b3) sub     a7, a3, a6
3 0x8000ace0 (0x410688b3) x17 0x7ffeba6d
core   0: 0xffffffff8000ace4 (0xd0a1fe97) auipc   t4, 0xd0a1f
3 0x8000ace4 (0xd0a1fe97) x29 0x50a29ce4
core   0: 0xffffffff8000ace8 (0x0138fe33) and     t3, a7, s3
3 0x8000ace8 (0x0138fe33) x28 0x6f3c1868
core   0: 0xffffffff8000acec (0x00432bb3) slt     s7, t1, tp
3 0x8000acec (0x00432bb3) x23 0x00000001
core   0: 0xffffffff8000acf0 (0x00761613) slli    a2, a2, 7
3 0x8000acf0 (0x00761613) x12 0x00000080
core   0: 0xffffffff8000acf4 (0x00000013) nop
3 0x8000acf4 (0x00000013)
core   0: 0xffffffff8000acf8 (0x40ced433) sra     s0, t4, a2
3 0x8000acf8 (0x40ced433) x 8 0x50a29ce4
core   0: 0xffffffff8000acfc (0xfa27a413) slti    s0, a5, -94
3 0x8000acfc (0xfa27a413) x 8 0x00000000
core   0: 0xffffffff8000ad00 (0xe9f50bb7) lui     s7, 0xe9f50
3 0x8000ad00 (0xe9f50bb7) x23 0xe9f50000
core   0: 0xffffffff8000ad04 (0x00475e13) srli    t3, a4, 4
3 0x8000ad04 (0x00475e13) x28 0x0d49223f
core   0: 0xffffffff8000ad08 (0xf2523213) sltiu   tp, tp, -219
3 0x8000ad08 (0xf2523213) x 4 0x00000000
core   0: 0xffffffff8000ad0c (0x015708b3) add     a7, a4, s5
3 0x8000ad0c (0x015708b3) x17 0xd49223f4
core   0: 0xffffffff8000ad10 (0x405a5b13) srai    s6, s4, 5
3 0x8000ad10 (0x405a5b13) x22 0xfc000a67
core   0: 0xffffffff8000ad14 (0x011367b3) or      a5, t1, a7
3 0x8000ad14 (0x011367b3) x15 0xd49227fc
core   0: 0xffffffff8000ad18 (0x00481213) slli    tp, a6, 4
3 0x8000ad18 (0x00481213) x 4 0x0014c640
core   0: 0xffffffff8000ad1c (0x0815e893) ori     a7, a1, 129
3 0x8000ad1c (0x0815e893) x17 0x000000c1
core   0: 0xffffffff8000ad20 (0x0315cd93) xori    s11, a1, 49
3 0x8000ad20 (0x0315cd93) x27 0x000000f0
core   0: 0xffffffff8000ad24 (0x00000013) nop
3 0x8000ad24 (0x00000013)
core   0: 0xffffffff8000ad28 (0x017831b3) sltu    gp, a6, s7
3 0x8000ad28 (0x017831b3) x 3 0x00000001
core   0: 0xffffffff8000ad2c (0xc113f317) auipc   t1, 0xc113f
3 0x8000ad2c (0xc113f317) x 6 0x41149d2c
core   0: 0xffffffff8000ad30 (0x41dd8eb3) sub     t4, s11, t4
3 0x8000ad30 (0x41dd8eb3) x29 0xaf5d640c
core   0: 0xffffffff8000ad34 (0x00000013) nop
3 0x8000ad34 (0x00000013)
core   0: 0xffffffff8000ad38 (0x007297b3) sll     a5, t0, t2
3 0x8000ad38 (0x007297b3) x15 0x34d52000
core   0: 0xffffffff8000ad3c (0x40b7d333) sra     t1, a5, a1
3 0x8000ad3c (0x40b7d333) x 6 0x1a6a9000
core   0: 0xffffffff8000ad40 (0x01a16b33) or      s6, sp, s10
3 0x8000ad40 (0x01a16b33) x22 0xd4922567
core   0: 0xffffffff8000ad44 (0xd902ab93) slti    s7, t0, -624
3 0x8000ad44 (0xd902ab93) x23 0x00000001
core   0: 0xffffffff8000ad48 (0x00a099b3) sll     s3, ra, a0
3 0x8000ad48 (0x00a099b3) x19 0x40000000
core   0: 0xffffffff8000ad4c (0xcc374093) xori    ra, a4, -829
3 0x8000ad4c (0xcc374093) x 1 0x2b6ddf30
core   0: 0xffffffff8000ad50 (0x00fba233) slt     tp, s7, a5
3 0x8000ad50 (0x00fba233) x 4 0x00000001
core   0: 0xffffffff8000ad54 (0x41bedfb3) sra     t6, t4, s11
3 0x8000ad54 (0x41bedfb3) x31 0xffffaf5d
core   0: 0xffffffff8000ad58 (0x00000013) nop
3 0x8000ad58 (0x00000013)
core   0: 0xffffffff8000ad5c (0x00c29513) slli    a0, t0, 12
3 0x8000ad5c (0x00c29513) x10 0xa6a90000
core   0: 0xffffffff8000ad60 (0x00f736b3) sltu    a3, a4, a5
3 0x8000ad60 (0x00f736b3) x13 0x00000000
core   0: 0xffffffff8000ad64 (0x0201ff93) andi    t6, gp, 32
3 0x8000ad64 (0x0201ff93) x31 0x00000000
core   0: 0xffffffff8000ad68 (0x00000013) nop
3 0x8000ad68 (0x00000013)
core   0: 0xffffffff8000ad6c (0x01161013) slli    zero, a2, 17
3 0x8000ad6c (0x01161013)
core   0: 0xffffffff8000ad70 (0x017b5233) srl     tp, s6, s7
3 0x8000ad70 (0x017b5233) x 4 0x6a4912b3
core   0: 0xffffffff8000ad74 (0x413ade33) sra     t3, s5, s3
3 0x8000ad74 (0x413ade33) x28 0x00000001
core   0: 0xffffffff8000ad78 (0x00ceae33) slt     t3, t4, a2
3 0x8000ad78 (0x00ceae33) x28 0x00000001
core   0: 0xffffffff8000ad7c (0x409ed133) sra     sp, t4, s1
3 0x8000ad7c (0x409ed133) x 2 0xfaf5d640
core   0: 0xffffffff8000ad80 (0x3ac1a793) slti    a5, gp, 940
3 0x8000ad80 (0x3ac1a793) x15 0x00000001
core   0: 0xffffffff8000ad84 (0x01e39733) sll     a4, t2, t5
3 0x8000ad84 (0x01e39733) x14 0xffffbd20
core   0: 0xffffffff8000ad88 (0x1acf4c93) xori    s9, t5, 428
3 0x8000ad88 (0x1acf4c93) x25 0x3b6cd749
core   0: 0xffffffff8000ad8c (0x411c53b3) sra     t2, s8, a7
3 0x8000ad8c (0x411c53b3) x 7 0x000001db
core   0: 0xffffffff8000ad90 (0xeb7e6d93) ori     s11, t3, -329
3 0x8000ad90 (0xeb7e6d93) x27 0xfffffeb7
core   0: 0xffffffff8000ad94 (0x011521b3) slt     gp, a0, a7
3 0x8000ad94 (0x011521b3) x 3 0x00000001
core   0: 0xffffffff8000ad98 (0xe69f3593) sltiu   a1, t5, -407
3 0x8000ad98 (0xe69f3593) x11 0x00000001
core   0: 0xffffffff8000ad9c (0xc9247313) andi    t1, s0, -878
3 0x8000ad9c (0xc9247313) x 6 0x00000000
core   0: 0xffffffff8000ada0 (0x010fd293) srli    t0, t6, 16
3 0x8000ada0 (0x010fd293) x 5 0x00000000
core   0: 0xffffffff8000ada4 (0x014e5893) srli    a7, t3, 20
3 0x8000ada4 (0x014e5893) x17 0x00000000
core   0: 0xffffffff8000ada8 (0x409d5d93) srai    s11, s10, 9
3 0x8000ada8 (0x409d5d93) x27 0xffea4912
core   0: 0xffffffff8000adac (0x0151e333) or      t1, gp, s5
3 0x8000adac (0x0151e333) x 6 0x00000001
core   0: 0xffffffff8000adb0 (0x0049ce33) xor     t3, s3, tp
3 0x8000adb0 (0x0049ce33) x28 0x2a4912b3
core   0: 0xffffffff8000adb4 (0x01925f93) srli    t6, tp, 25
3 0x8000adb4 (0x01925f93) x31 0x00000035
core   0: 0xffffffff8000adb8 (0xf0bd8217) auipc   tp, 0xf0bd8
3 0x8000adb8 (0xf0bd8217) x 4 0x70be2db8
core   0: 0xffffffff8000adbc (0x00d7db13) srli    s6, a5, 13
3 0x8000adbc (0x00d7db13) x22 0x00000000
core   0: 0xffffffff8000adc0 (0x007fb8b3) sltu    a7, t6, t2
3 0x8000adc0 (0x007fb8b3) x17 0x00000001
core   0: 0xffffffff8000adc4 (0x00e066b3) or      a3, zero, a4
3 0x8000adc4 (0x00e066b3) x13 0xffffbd20
core   0: 0xffffffff8000adc8 (0x4155dc33) sra     s8, a1, s5
3 0x8000adc8 (0x4155dc33) x24 0x00000000
core   0: 0xffffffff8000adcc (0x01dc9e13) slli    t3, s9, 29
3 0x8000adcc (0x01dc9e13) x28 0x20000000
core   0: 0xffffffff8000add0 (0x00175393) srli    t2, a4, 1
3 0x8000add0 (0x00175393) x 7 0x7fffde90
core   0: 0xffffffff8000add4 (0x015e9833) sll     a6, t4, s5
3 0x8000add4 (0x015e9833) x16 0x5ebac818
core   0: 0xffffffff8000add8 (0x4061df33) sra     t5, gp, t1
3 0x8000add8 (0x4061df33) x30 0x00000000
core   0: 0xffffffff8000addc (0x41325f13) srai    t5, tp, 19
3 0x8000addc (0x41325f13) x30 0x00000e17
core   0: 0xffffffff8000ade0 (0x0cd97393) andi    t2, s2, 205
3 0x8000ade0 (0x0cd97393) x 7 0x00000000
core   0: 0xffffffff8000ade4 (0x01ca4b33) xor     s6, s4, t3
3 0x8000ade4 (0x01ca4b33) x22 0xa0014ce4
core   0: 0xffffffff8000ade8 (0xd2691737) lui     a4, 0xd2691
3 0x8000ade8 (0xd2691737) x14 0xd2691000
core   0: 0xffffffff8000adec (0x01cb2cb3) slt     s9, s6, t3
3 0x8000adec (0x01cb2cb3) x25 0x00000001
core   0: 0xffffffff8000adf0 (0x01fda933) slt     s2, s11, t6
3 0x8000adf0 (0x01fda933) x18 0x00000001
core   0: 0xffffffff8000adf4 (0x40ef0bb3) sub     s7, t5, a4
3 0x8000adf4 (0x40ef0bb3) x23 0x2d96fe17
core   0: 0xffffffff8000adf8 (0x0013d813) srli    a6, t2, 1
3 0x8000adf8 (0x0013d813) x16 0x00000000
core   0: 0xffffffff8000adfc (0x00abefb3) or      t6, s7, a0
3 0x8000adfc (0x00abefb3) x31 0xafbffe17
core   0: 0xffffffff8000ae00 (0x00d12c33) slt     s8, sp, a3
3 0x8000ae00 (0x00d12c33) x24 0x00000001
core   0: 0xffffffff8000ae04 (0xc65a2597) auipc   a1, 0xc65a2
3 0x8000ae04 (0xc65a2597) x11 0x465ace04
core   0: 0xffffffff8000ae08 (0x00000013) nop
3 0x8000ae08 (0x00000013)
core   0: 0xffffffff8000ae0c (0x267ad237) lui     tp, 0x267ad
3 0x8000ae0c (0x267ad237) x 4 0x267ad000
core   0: 0xffffffff8000ae10 (0xf0396093) ori     ra, s2, -253
3 0x8000ae10 (0xf0396093) x 1 0xffffff03
core   0: 0xffffffff8000ae14 (0xde777a93) andi    s5, a4, -537
3 0x8000ae14 (0xde777a93) x21 0xd2691000
core   0: 0xffffffff8000ae18 (0xdb2b8f93) addi    t6, s7, -590
3 0x8000ae18 (0xdb2b8f93) x31 0x2d96fbc9
core   0: 0xffffffff8000ae1c (0x01c6b233) sltu    tp, a3, t3
3 0x8000ae1c (0x01c6b233) x 4 0x00000000
core   0: 0xffffffff8000ae20 (0x01485113) srli    sp, a6, 20
3 0x8000ae20 (0x01485113) x 2 0x00000000
core   0: 0xffffffff8000ae24 (0xcfc6eb93) ori     s7, a3, -772
3 0x8000ae24 (0xcfc6eb93) x23 0xfffffdfc
core   0: 0xffffffff8000ae28 (0xd6ccff93) andi    t6, s9, -660
3 0x8000ae28 (0xd6ccff93) x31 0x00000000
core   0: 0xffffffff8000ae2c (0x014a82b3) add     t0, s5, s4
3 0x8000ae2c (0x014a82b3) x 5 0x526a5ce4
core   0: 0xffffffff8000ae30 (0xe9878913) addi    s2, a5, -360
3 0x8000ae30 (0xe9878913) x18 0xfffffe99
core   0: 0xffffffff8000ae34 (0xd8ed2b93) slti    s7, s10, -626
3 0x8000ae34 (0xd8ed2b93) x23 0x00000001
core   0: 0xffffffff8000ae38 (0x00482233) slt     tp, a6, tp
3 0x8000ae38 (0x00482233) x 4 0x00000000
core   0: 0xffffffff8000ae3c (0xd6df7213) andi    tp, t5, -659
3 0x8000ae3c (0xd6df7213) x 4 0x00000c05
core   0: 0xffffffff8000ae40 (0x00165cb3) srl     s9, a2, ra
3 0x8000ae40 (0x00165cb3) x25 0x00000010
core   0: 0xffffffff8000ae44 (0x01e4e033) or      zero, s1, t5
3 0x8000ae44 (0x01e4e033)
core   0: 0xffffffff8000ae48 (0x01dbe633) or      a2, s7, t4
3 0x8000ae48 (0x01dbe633) x12 0xaf5d640d
core   0: 0xffffffff8000ae4c (0x008a6fb3) or      t6, s4, s0
3 0x8000ae4c (0x008a6fb3) x31 0x80014ce4
core   0: 0xffffffff8000ae50 (0x00612b33) slt     s6, sp, t1
3 0x8000ae50 (0x00612b33) x22 0x00000001
core   0: 0xffffffff8000ae54 (0x40315cb3) sra     s9, sp, gp
3 0x8000ae54 (0x40315cb3) x25 0x00000000
core   0: 0xffffffff8000ae58 (0x40420eb3) sub     t4, tp, tp
3 0x8000ae58 (0x40420eb3) x29 0x00000000
core   0: 0xffffffff8000ae5c (0x415a03b3) sub     t2, s4, s5
3 0x8000ae5c (0x415a03b3) x 7 0xad983ce4
core   0: 0xffffffff8000ae60 (0xdd4f2993) slti    s3, t5, -556
3 0x8000ae60 (0xdd4f2993) x19 0x00000000
core   0: 0xffffffff8000ae64 (0x151cef13) ori     t5, s9, 337
3 0x8000ae64 (0x151cef13) x30 0x00000151
core   0: 0xffffffff8000ae68 (0x216cee13) ori     t3, s9, 534
3 0x8000ae68 (0x216cee13) x28 0x00000216
core   0: 0xffffffff8000ae6c (0x00e1a633) slt     a2, gp, a4
3 0x8000ae6c (0x00e1a633) x12 0x00000000
core   0: 0xffffffff8000ae70 (0x01890f33) add     t5, s2, s8
3 0x8000ae70 (0x01890f33) x30 0xfffffe9a
core   0: 0xffffffff8000ae74 (0x01b4f433) and     s0, s1, s11
3 0x8000ae74 (0x01b4f433) x 8 0x80000800
core   0: 0xffffffff8000ae78 (0x0056ec33) or      s8, a3, t0
3 0x8000ae78 (0x0056ec33) x24 0xfffffde4
core   0: 0xffffffff8000ae7c (0x307d1b17) auipc   s6, 0x307d1
3 0x8000ae7c (0x307d1b17) x22 0xb07dbe7c
core   0: 0xffffffff8000ae80 (0x413880b3) sub     ra, a7, s3
3 0x8000ae80 (0x413880b3) x 1 0x00000001
core   0: 0xffffffff8000ae84 (0xc6782813) slti    a6, a6, -921
3 0x8000ae84 (0xc6782813) x16 0x00000000
core   0: 0xffffffff8000ae88 (0x01a5ce13) xori    t3, a1, 26
3 0x8000ae88 (0x01a5ce13) x28 0x465ace1e
core   0: 0xffffffff8000ae8c (0x00738933) add     s2, t2, t2
3 0x8000ae8c (0x00738933) x18 0x5b3079c8
core   0: 0xffffffff8000ae90 (0x9a5179b7) lui     s3, 0x9a517
3 0x8000ae90 (0x9a5179b7) x19 0x9a517000
core   0: 0xffffffff8000ae94 (0x016db533) sltu    a0, s11, s6
3 0x8000ae94 (0x016db533) x10 0x00000000
core   0: 0xffffffff8000ae98 (0x40238bb3) sub     s7, t2, sp
3 0x8000ae98 (0x40238bb3) x23 0xad983ce4
core   0: 0xffffffff8000ae9c (0x0160a9b3) slt     s3, ra, s6
3 0x8000ae9c (0x0160a9b3) x19 0x00000000
core   0: 0xffffffff8000aea0 (0x00a3e2b3) or      t0, t2, a0
3 0x8000aea0 (0x00a3e2b3) x 5 0xad983ce4
core   0: 0xffffffff8000aea4 (0x000fbfb3) sltu    t6, t6, zero
3 0x8000aea4 (0x000fbfb3) x31 0x00000000
core   0: 0xffffffff8000aea8 (0x00cebdb3) sltu    s11, t4, a2
3 0x8000aea8 (0x00cebdb3) x27 0x00000000
core   0: 0xffffffff8000aeac (0x0e122093) slti    ra, tp, 225
3 0x8000aeac (0x0e122093) x 1 0x00000000
core   0: 0xffffffff8000aeb0 (0x00d9c1b3) xor     gp, s3, a3
3 0x8000aeb0 (0x00d9c1b3) x 3 0xffffbd20
core   0: 0xffffffff8000aeb4 (0x358e2213) slti    tp, t3, 856
3 0x8000aeb4 (0x358e2213) x 4 0x00000000
core   0: 0xffffffff8000aeb8 (0x74248097) auipc   ra, 0x74248
3 0x8000aeb8 (0x74248097) x 1 0xf4252eb8
core   0: 0xffffffff8000aebc (0x38daa113) slti    sp, s5, 909
3 0x8000aebc (0x38daa113) x 2 0x00000001
core   0: 0xffffffff8000aec0 (0x01c0d233) srl     tp, ra, t3
3 0x8000aec0 (0x01c0d233) x 4 0x00000003
core   0: 0xffffffff8000aec4 (0x01178233) add     tp, a5, a7
3 0x8000aec4 (0x01178233) x 4 0x00000002
core   0: 0xffffffff8000aec8 (0x01fe0eb3) add     t4, t3, t6
3 0x8000aec8 (0x01fe0eb3) x29 0x465ace1e
core   0: 0xffffffff8000aecc (0x003b5213) srli    tp, s6, 3
3 0x8000aecc (0x003b5213) x 4 0x160fb7cf
core   0: 0xffffffff8000aed0 (0x01b4d813) srli    a6, s1, 27
3 0x8000aed0 (0x01b4d813) x16 0x00000010
core   0: 0xffffffff8000aed4 (0x00cd0ab3) add     s5, s10, a2
3 0x8000aed4 (0x00cd0ab3) x21 0xd4922567
core   0: 0xffffffff8000aed8 (0xd5de2793) slti    a5, t3, -675
3 0x8000aed8 (0xd5de2793) x15 0x00000000
core   0: 0xffffffff8000aedc (0x01ea3933) sltu    s2, s4, t5
3 0x8000aedc (0x01ea3933) x18 0x00000001
core   0: 0xffffffff8000aee0 (0x01572333) slt     t1, a4, s5
3 0x8000aee0 (0x01572333) x 6 0x00000001
core   0: 0xffffffff8000aee4 (0x01651693) slli    a3, a0, 22
3 0x8000aee4 (0x01651693) x13 0x00000000
core   0: 0xffffffff8000aee8 (0xefe3a613) slti    a2, t2, -258
3 0x8000aee8 (0xefe3a613) x12 0x00000001
core   0: 0xffffffff8000aeec (0x018e3833) sltu    a6, t3, s8
3 0x8000aeec (0x018e3833) x16 0x00000001
core   0: 0xffffffff8000aef0 (0x2f79ea93) ori     s5, s3, 759
3 0x8000aef0 (0x2f79ea93) x21 0x000002f7
core   0: 0xffffffff8000aef4 (0xe0b90e93) addi    t4, s2, -501
3 0x8000aef4 (0xe0b90e93) x29 0xfffffe0c
core   0: 0xffffffff8000aef8 (0x401f55b3) sra     a1, t5, ra
3 0x8000aef8 (0x401f55b3) x11 0xffffffff
core   0: 0xffffffff8000aefc (0x0108c033) xor     zero, a7, a6
3 0x8000aefc (0x0108c033)
core   0: 0xffffffff8000af00 (0x5368b797) auipc   a5, 0x5368b
3 0x8000af00 (0x5368b797) x15 0xd3695f00
core   0: 0xffffffff8000af04 (0x00c002b3) add     t0, zero, a2
3 0x8000af04 (0x00c002b3) x 5 0x00000001
core   0: 0xffffffff8000af08 (0xb66ac6b7) lui     a3, 0xb66ac
3 0x8000af08 (0xb66ac6b7) x13 0xb66ac000
core   0: 0xffffffff8000af0c (0x4131d613) srai    a2, gp, 19
3 0x8000af0c (0x4131d613) x12 0xffffffff
core   0: 0xffffffff8000af10 (0x00000013) nop
3 0x8000af10 (0x00000013)
core   0: 0xffffffff8000af14 (0x41ee87b3) sub     a5, t4, t5
3 0x8000af14 (0x41ee87b3) x15 0xffffff72
core   0: 0xffffffff8000af18 (0x01861313) slli    t1, a2, 24
3 0x8000af18 (0x01861313) x 6 0xff000000
core   0: 0xffffffff8000af1c (0x41308fb3) sub     t6, ra, s3
3 0x8000af1c (0x41308fb3) x31 0xf4252eb8
core   0: 0xffffffff8000af20 (0x00e371b3) and     gp, t1, a4
3 0x8000af20 (0x00e371b3) x 3 0xd2000000
core   0: 0xffffffff8000af24 (0x00ffb8b3) sltu    a7, t6, a5
3 0x8000af24 (0x00ffb8b3) x17 0x00000001
core   0: 0xffffffff8000af28 (0x40a55233) sra     tp, a0, a0
3 0x8000af28 (0x40a55233) x 4 0x00000000
core   0: 0xffffffff8000af2c (0x001426b3) slt     a3, s0, ra
3 0x8000af2c (0x001426b3) x13 0x00000001
core   0: 0xffffffff8000af30 (0x01875293) srli    t0, a4, 24
3 0x8000af30 (0x01875293) x 5 0x000000d2
core   0: 0xffffffff8000af34 (0x00905193) srli    gp, zero, 9
3 0x8000af34 (0x00905193) x 3 0x00000000
core   0: 0xffffffff8000af38 (0xe8e8cb93) xori    s7, a7, -370
3 0x8000af38 (0xe8e8cb93) x23 0xfffffe8f
core   0: 0xffffffff8000af3c (0x41ef83b3) sub     t2, t6, t5
3 0x8000af3c (0x41ef83b3) x 7 0xf425301e
core   0: 0xffffffff8000af40 (0x41b68bb3) sub     s7, a3, s11
3 0x8000af40 (0x41b68bb3) x23 0x00000001
core   0: 0xffffffff8000af44 (0x0031db33) srl     s6, gp, gp
3 0x8000af44 (0x0031db33) x22 0x00000000
core   0: 0xffffffff8000af48 (0x01aa5513) srli    a0, s4, 26
3 0x8000af48 (0x01aa5513) x10 0x00000020
core   0: 0xffffffff8000af4c (0x005a4fb3) xor     t6, s4, t0
3 0x8000af4c (0x005a4fb3) x31 0x80014c36
core   0: 0xffffffff8000af50 (0x00d6d813) srli    a6, a3, 13
3 0x8000af50 (0x00d6d813) x16 0x00000000
core   0: 0xffffffff8000af54 (0x003a3233) sltu    tp, s4, gp
3 0x8000af54 (0x003a3233) x 4 0x00000000
core   0: 0xffffffff8000af58 (0x00ee9cb3) sll     s9, t4, a4
3 0x8000af58 (0x00ee9cb3) x25 0xfffffe0c
core   0: 0xffffffff8000af5c (0x003fdbb3) srl     s7, t6, gp
3 0x8000af5c (0x003fdbb3) x23 0x80014c36
core   0: 0xffffffff8000af60 (0x01d09e93) slli    t4, ra, 29
3 0x8000af60 (0x01d09e93) x29 0x00000000
core   0: 0xffffffff8000af64 (0x01d11c33) sll     s8, sp, t4
3 0x8000af64 (0x01d11c33) x24 0x00000001
core   0: 0xffffffff8000af68 (0x0068e6b3) or      a3, a7, t1
3 0x8000af68 (0x0068e6b3) x13 0xff000001
core   0: 0xffffffff8000af6c (0x403809b3) sub     s3, a6, gp
3 0x8000af6c (0x403809b3) x19 0x00000000
core   0: 0xffffffff8000af70 (0x01835793) srli    a5, t1, 24
3 0x8000af70 (0x01835793) x15 0x000000ff
core   0: 0xffffffff8000af74 (0x40810633) sub     a2, sp, s0
3 0x8000af74 (0x40810633) x12 0x7ffff801
core   0: 0xffffffff8000af78 (0x00000013) nop
3 0x8000af78 (0x00000013)
core   0: 0xffffffff8000af7c (0xbb76aeb7) lui     t4, 0xbb76a
3 0x8000af7c (0xbb76aeb7) x29 0xbb76a000
core   0: 0xffffffff8000af80 (0x40f78f33) sub     t5, a5, a5
3 0x8000af80 (0x40f78f33) x30 0x00000000
core   0: 0xffffffff8000af84 (0x00a99833) sll     a6, s3, a0
3 0x8000af84 (0x00a99833) x16 0x00000000
core   0: 0xffffffff8000af88 (0x017c2033) slt     zero, s8, s7
3 0x8000af88 (0x017c2033)
core   0: 0xffffffff8000af8c (0x10aa7613) andi    a2, s4, 266
3 0x8000af8c (0x10aa7613) x12 0x00000000
core   0: 0xffffffff8000af90 (0x402980b3) sub     ra, s3, sp
3 0x8000af90 (0x402980b3) x 1 0xffffffff
core   0: 0xffffffff8000af94 (0x01d15393) srli    t2, sp, 29
3 0x8000af94 (0x01d15393) x 7 0x00000000
core   0: 0xffffffff8000af98 (0x01711133) sll     sp, sp, s7
3 0x8000af98 (0x01711133) x 2 0x00400000
core   0: 0xffffffff8000af9c (0x014f0133) add     sp, t5, s4
3 0x8000af9c (0x014f0133) x 2 0x80014ce4
core   0: 0xffffffff8000afa0 (0x33613513) sltiu   a0, sp, 822
3 0x8000afa0 (0x33613513) x10 0x00000000
core   0: 0xffffffff8000afa4 (0x0efdce13) xori    t3, s11, 239
3 0x8000afa4 (0x0efdce13) x28 0x000000ef
core   0: 0xffffffff8000afa8 (0x5c8855b7) lui     a1, 0x5c885
3 0x8000afa8 (0x5c8855b7) x11 0x5c885000
core   0: 0xffffffff8000afac (0x279f7393) andi    t2, t5, 633
3 0x8000afac (0x279f7393) x 7 0x00000000
core   0: 0xffffffff8000afb0 (0x41d35c93) srai    s9, t1, 29
3 0x8000afb0 (0x41d35c93) x25 0xffffffff
core   0: 0xffffffff8000afb4 (0x40ed81b3) sub     gp, s11, a4
3 0x8000afb4 (0x40ed81b3) x 3 0x2d96f000
core   0: 0xffffffff8000afb8 (0x01c22cb3) slt     s9, tp, t3
3 0x8000afb8 (0x01c22cb3) x25 0x00000001
core   0: 0xffffffff8000afbc (0x26bc0e37) lui     t3, 0x26bc0
3 0x8000afbc (0x26bc0e37) x28 0x26bc0000
core   0: 0xffffffff8000afc0 (0xebbe8793) addi    a5, t4, -325
3 0x8000afc0 (0xebbe8793) x15 0xbb769ebb
core   0: 0xffffffff8000afc4 (0x6e049837) lui     a6, 0x6e049
3 0x8000afc4 (0x6e049837) x16 0x6e049000
core   0: 0xffffffff8000afc8 (0x00279833) sll     a6, a5, sp
3 0x8000afc8 (0x00279833) x16 0xb769ebb0
core   0: 0xffffffff8000afcc (0x19838313) addi    t1, t2, 408
3 0x8000afcc (0x19838313) x 6 0x00000198
core   0: 0xffffffff8000afd0 (0x01a89e33) sll     t3, a7, s10
3 0x8000afd0 (0x01a89e33) x28 0x00000080
core   0: 0xffffffff8000afd4 (0x00a70033) add     zero, a4, a0
3 0x8000afd4 (0x00a70033)
core   0: 0xffffffff8000afd8 (0x015e7e33) and     t3, t3, s5
3 0x8000afd8 (0x015e7e33) x28 0x00000080
core   0: 0xffffffff8000afdc (0x014e69b3) or      s3, t3, s4
3 0x8000afdc (0x014e69b3) x19 0x80014ce4
core   0: 0xffffffff8000afe0 (0x00bf21b3) slt     gp, t5, a1
3 0x8000afe0 (0x00bf21b3) x 3 0x00000001
core   0: 0xffffffff8000afe4 (0x00d94fb3) xor     t6, s2, a3
3 0x8000afe4 (0x00d94fb3) x31 0xff000000
core   0: 0xffffffff8000afe8 (0x072dc193) xori    gp, s11, 114
3 0x8000afe8 (0x072dc193) x 3 0x00000072
core   0: 0xffffffff8000afec (0x00644fb3) xor     t6, s0, t1
3 0x8000afec (0x00644fb3) x31 0x80000998
core   0: 0xffffffff8000aff0 (0x33e0f613) andi    a2, ra, 830
3 0x8000aff0 (0x33e0f613) x12 0x0000033e
core   0: 0xffffffff8000aff4 (0x003f18b3) sll     a7, t5, gp
3 0x8000aff4 (0x003f18b3) x17 0x00000000
core   0: 0xffffffff8000aff8 (0x01e65ab3) srl     s5, a2, t5
3 0x8000aff8 (0x01e65ab3) x21 0x0000033e
core   0: 0xffffffff8000affc (0xca268393) addi    t2, a3, -862
3 0x8000affc (0xca268393) x 7 0xfefffca3
core   0: 0xffffffff8000b000 (0x01fd9933) sll     s2, s11, t6
3 0x8000b000 (0x01fd9933) x18 0x00000000
core   0: 0xffffffff8000b004 (0x41c15a93) srai    s5, sp, 28
3 0x8000b004 (0x41c15a93) x21 0xfffffff8
core   0: 0xffffffff8000b008 (0x00000013) nop
3 0x8000b008 (0x00000013)
core   0: 0xffffffff8000b00c (0x481d9c97) auipc   s9, 0x481d9
3 0x8000b00c (0x481d9c97) x25 0xc81e400c
core   0: 0xffffffff8000b010 (0x0186a633) slt     a2, a3, s8
3 0x8000b010 (0x0186a633) x12 0x00000001
core   0: 0xffffffff8000b014 (0x00000013) nop
3 0x8000b014 (0x00000013)
core   0: 0xffffffff8000b018 (0x00000b93) li      s7, 0
3 0x8000b018 (0x00000b93) x23 0x00000000
core   0: 0xffffffff8000b01c (0x800001b7) lui     gp, 0x80000
3 0x8000b01c (0x800001b7) x 3 0x80000000
core   0: 0xffffffff8000b020 (0x00000913) li      s2, 0
3 0x8000b020 (0x00000913) x18 0x00000000
core   0: 0xffffffff8000b024 (0x00000113) li      sp, 0
3 0x8000b024 (0x00000113) x 2 0x00000000
core   0: 0xffffffff8000b028 (0xfff00a93) li      s5, -1
3 0x8000b028 (0xfff00a93) x21 0xffffffff
core   0: 0xffffffff8000b02c (0x33e03337) lui     t1, 0x33e03
3 0x8000b02c (0x33e03337) x 6 0x33e03000
core   0: 0xffffffff8000b030 (0xf2630313) addi    t1, t1, -218
3 0x8000b030 (0xf2630313) x 6 0x33e02f26
core   0: 0xffffffff8000b034 (0x606053b7) lui     t2, 0x60605
3 0x8000b034 (0x606053b7) x 7 0x60605000
core   0: 0xffffffff8000b038 (0xfd838393) addi    t2, t2, -40
3 0x8000b038 (0xfd838393) x 7 0x60604fd8
core   0: 0xffffffff8000b03c (0x00000713) li      a4, 0
3 0x8000b03c (0x00000713) x14 0x00000000
core   0: 0xffffffff8000b040 (0x00000693) li      a3, 0
3 0x8000b040 (0x00000693) x13 0x00000000
core   0: 0xffffffff8000b044 (0xfff00213) li      tp, -1
3 0x8000b044 (0xfff00213) x 4 0xffffffff
core   0: 0xffffffff8000b048 (0x40490ab3) sub     s5, s2, tp
3 0x8000b048 (0x40490ab3) x21 0x00000001
core   0: 0xffffffff8000b04c (0x2d1a8113) addi    sp, s5, 721
3 0x8000b04c (0x2d1a8113) x 2 0x000002d2
core   0: 0xffffffff8000b050 (0x00000013) nop
3 0x8000b050 (0x00000013)
core   0: 0xffffffff8000b054 (0x007203b3) add     t2, tp, t2
3 0x8000b054 (0x007203b3) x 7 0x60604fd7
core   0: 0xffffffff8000b058 (0x40d90bb3) sub     s7, s2, a3
3 0x8000b058 (0x40d90bb3) x23 0x00000000
core   0: 0xffffffff8000b05c (0x00000013) nop
3 0x8000b05c (0x00000013)
core   0: 0xffffffff8000b060 (0x41230ab3) sub     s5, t1, s2
3 0x8000b060 (0x41230ab3) x21 0x33e02f26
core   0: 0xffffffff8000b064 (0x13690913) addi    s2, s2, 310
3 0x8000b064 (0x13690913) x18 0x00000136
core   0: 0xffffffff8000b068 (0x12698a97) auipc   s5, 0x12698
3 0x8000b068 (0x12698a97) x21 0x926a3068
core   0: 0xffffffff8000b06c (0x00e38933) add     s2, t2, a4
3 0x8000b06c (0x00e38933) x18 0x60604fd7
core   0: 0xffffffff8000b070 (0x25720113) addi    sp, tp, 599
3 0x8000b070 (0x25720113) x 2 0x00000256
core   0: 0xffffffff8000b074 (0x788c5317) auipc   t1, 0x788c5
3 0x8000b074 (0x788c5317) x 6 0xf88d0074
core   0: 0xffffffff8000b078 (0x40318133) sub     sp, gp, gp
3 0x8000b078 (0x40318133) x 2 0x00000000
core   0: 0xffffffff8000b07c (0x136fe697) auipc   a3, 0x136fe
3 0x8000b07c (0x136fe697) x13 0x9370907c
core   0: 0xffffffff8000b080 (0x00338ab3) add     s5, t2, gp
3 0x8000b080 (0x00338ab3) x21 0xe0604fd7
core   0: 0xffffffff8000b084 (0x412203b3) sub     t2, tp, s2
3 0x8000b084 (0x412203b3) x 7 0x9f9fb028
core   0: 0xffffffff8000b088 (0xf5018913) addi    s2, gp, -176
3 0x8000b088 (0xf5018913) x18 0x7fffff50
core   0: 0xffffffff8000b08c (0xdd310213) addi    tp, sp, -557
3 0x8000b08c (0xdd310213) x 4 0xfffffdd3
core   0: 0xffffffff8000b090 (0x00000013) nop
3 0x8000b090 (0x00000013)
core   0: 0xffffffff8000b094 (0xebdcb137) lui     sp, 0xebdcb
3 0x8000b094 (0xebdcb137) x 2 0xebdcb000
core   0: 0xffffffff8000b098 (0x00220233) add     tp, tp, sp
3 0x8000b098 (0x00220233) x 4 0xebdcadd3
core   0: 0xffffffff8000b09c (0x40430133) sub     sp, t1, tp
3 0x8000b09c (0x40430133) x 2 0x0cb052a1
core   0: 0xffffffff8000b0a0 (0x40d203b3) sub     t2, tp, a3
3 0x8000b0a0 (0x40d203b3) x 7 0x586c1d57
core   0: 0xffffffff8000b0a4 (0x36c70213) addi    tp, a4, 876
3 0x8000b0a4 (0x36c70213) x 4 0x0000036c
core   0: 0xffffffff8000b0a8 (0x00000013) nop
3 0x8000b0a8 (0x00000013)
core   0: 0xffffffff8000b0ac (0xde0e6917) auipc   s2, 0xde0e6
3 0x8000b0ac (0xde0e6917) x18 0x5e0f10ac
core   0: 0xffffffff8000b0b0 (0xcf5d76b7) lui     a3, 0xcf5d7
3 0x8000b0b0 (0xcf5d76b7) x13 0xcf5d7000
core   0: 0xffffffff8000b0b4 (0x373bb993) sltiu   s3, s7, 883
3 0x8000b0b4 (0x373bb993) x19 0x00000001
core   0: 0xffffffff8000b0b8 (0x0120b7b3) sltu    a5, ra, s2
3 0x8000b0b8 (0x0120b7b3) x15 0x00000000
core   0: 0xffffffff8000b0bc (0x40c15033) sra     zero, sp, a2
3 0x8000b0bc (0x40c15033)
core   0: 0xffffffff8000b0c0 (0x40ac0133) sub     sp, s8, a0
3 0x8000b0c0 (0x40ac0133) x 2 0x00000001
core   0: 0xffffffff8000b0c4 (0x418c5393) srai    t2, s8, 24
3 0x8000b0c4 (0x418c5393) x 7 0x00000000
core   0: 0xffffffff8000b0c8 (0x41af0533) sub     a0, t5, s10
3 0x8000b0c8 (0x41af0533) x10 0x2b6dda99
core   0: 0xffffffff8000b0cc (0x41170033) sub     zero, a4, a7
3 0x8000b0cc (0x41170033)
core   0: 0xffffffff8000b0d0 (0x08153793) sltiu   a5, a0, 129
3 0x8000b0d0 (0x08153793) x15 0x00000000
core   0: 0xffffffff8000b0d4 (0x015f76b3) and     a3, t5, s5
3 0x8000b0d4 (0x015f76b3) x13 0x00000000
core   0: 0xffffffff8000b0d8 (0x00779413) slli    s0, a5, 7
3 0x8000b0d8 (0x00779413) x 8 0x00000000
core   0: 0xffffffff8000b0dc (0x008f8133) add     sp, t6, s0
3 0x8000b0dc (0x008f8133) x 2 0x80000998
core   0: 0xffffffff8000b0e0 (0xfff00e13) li      t3, -1
3 0x8000b0e0 (0xfff00e13) x28 0xffffffff
core   0: 0xffffffff8000b0e4 (0x73fcd8b7) lui     a7, 0x73fcd
3 0x8000b0e4 (0x73fcd8b7) x17 0x73fcd000
core   0: 0xffffffff8000b0e8 (0x54088893) addi    a7, a7, 1344
3 0x8000b0e8 (0x54088893) x17 0x73fcd540
core   0: 0xffffffff8000b0ec (0xfff00213) li      tp, -1
3 0x8000b0ec (0xfff00213) x 4 0xffffffff
core   0: 0xffffffff8000b0f0 (0x00000093) li      ra, 0
3 0x8000b0f0 (0x00000093) x 1 0x00000000
core   0: 0xffffffff8000b0f4 (0xfff00d93) li      s11, -1
3 0x8000b0f4 (0xfff00d93) x27 0xffffffff
core   0: 0xffffffff8000b0f8 (0x4427beb7) lui     t4, 0x4427b
3 0x8000b0f8 (0x4427beb7) x29 0x4427b000
core   0: 0xffffffff8000b0fc (0x257e8e93) addi    t4, t4, 599
3 0x8000b0fc (0x257e8e93) x29 0x4427b257
core   0: 0xffffffff8000b100 (0x387126b7) lui     a3, 0x38712
3 0x8000b100 (0x387126b7) x13 0x38712000
core   0: 0xffffffff8000b104 (0x50b68693) addi    a3, a3, 1291
3 0x8000b104 (0x50b68693) x13 0x3871250b
core   0: 0xffffffff8000b108 (0xfff00c13) li      s8, -1
3 0x8000b108 (0xfff00c13) x24 0xffffffff
core   0: 0xffffffff8000b10c (0x00000b13) li      s6, 0
3 0x8000b10c (0x00000b13) x22 0x00000000
core   0: 0xffffffff8000b110 (0x00000813) li      a6, 0
3 0x8000b110 (0x00000813) x16 0x00000000
core   0: 0xffffffff8000b114 (0x00000013) nop
3 0x8000b114 (0x00000013)
core   0: 0xffffffff8000b118 (0x00000013) nop
3 0x8000b118 (0x00000013)
core   0: 0xffffffff8000b11c (0x01cb00b3) add     ra, s6, t3
3 0x8000b11c (0x01cb00b3) x 1 0xffffffff
core   0: 0xffffffff8000b120 (0x00000013) nop
3 0x8000b120 (0x00000013)
core   0: 0xffffffff8000b124 (0x00000013) nop
3 0x8000b124 (0x00000013)
core   0: 0xffffffff8000b128 (0x2f868e13) addi    t3, a3, 760
3 0x8000b128 (0x2f868e13) x28 0x38712803
core   0: 0xffffffff8000b12c (0x18908893) addi    a7, ra, 393
3 0x8000b12c (0x18908893) x17 0x00000188
core   0: 0xffffffff8000b130 (0x0d188813) addi    a6, a7, 209
3 0x8000b130 (0x0d188813) x16 0x00000259
core   0: 0xffffffff8000b134 (0x13d68813) addi    a6, a3, 317
3 0x8000b134 (0x13d68813) x16 0x38712648
core   0: 0xffffffff8000b138 (0x00000013) nop
3 0x8000b138 (0x00000013)
core   0: 0xffffffff8000b13c (0x02ee0693) addi    a3, t3, 46
3 0x8000b13c (0x02ee0693) x13 0x38712831
core   0: 0xffffffff8000b140 (0x35e08e93) addi    t4, ra, 862
3 0x8000b140 (0x35e08e93) x29 0x0000035d
core   0: 0xffffffff8000b144 (0x9c3e7897) auipc   a7, 0x9c3e7
3 0x8000b144 (0x9c3e7897) x17 0x1c3f2144
core   0: 0xffffffff8000b148 (0xed188c13) addi    s8, a7, -303
3 0x8000b148 (0xed188c13) x24 0x1c3f2015
core   0: 0xffffffff8000b14c (0x416e0e33) sub     t3, t3, s6
3 0x8000b14c (0x416e0e33) x28 0x38712803
core   0: 0xffffffff8000b150 (0xf9908813) addi    a6, ra, -103
3 0x8000b150 (0xf9908813) x16 0xffffff98
core   0: 0xffffffff8000b154 (0x263dd8b7) lui     a7, 0x263dd
3 0x8000b154 (0x263dd8b7) x17 0x263dd000
core   0: 0xffffffff8000b158 (0xfca77b17) auipc   s6, 0xfca77
3 0x8000b158 (0xfca77b17) x22 0x7ca82158
core   0: 0xffffffff8000b15c (0x00000013) nop
3 0x8000b15c (0x00000013)
core   0: 0xffffffff8000b160 (0x00dc0b33) add     s6, s8, a3
3 0x8000b160 (0x00dc0b33) x22 0x54b04846
core   0: 0xffffffff8000b164 (0x404e0b33) sub     s6, t3, tp
3 0x8000b164 (0x404e0b33) x22 0x38712804
core   0: 0xffffffff8000b168 (0x15368d93) addi    s11, a3, 339
3 0x8000b168 (0x15368d93) x27 0x38712984
core   0: 0xffffffff8000b16c (0x1cdd0613) addi    a2, s10, 461
3 0x8000b16c (0x1cdd0613) x12 0xd4922734
core   0: 0xffffffff8000b170 (0x0171d313) srli    t1, gp, 23
3 0x8000b170 (0x0171d313) x 6 0x00000100
core   0: 0xffffffff8000b174 (0xf0842293) slti    t0, s0, -248
3 0x8000b174 (0xf0842293) x 5 0x00000000
core   0: 0xffffffff8000b178 (0xe7063e93) sltiu   t4, a2, -400
3 0x8000b178 (0xe7063e93) x29 0x00000001
core   0: 0xffffffff8000b17c (0x01c132b3) sltu    t0, sp, t3
3 0x8000b17c (0x01c132b3) x 5 0x00000000
core   0: 0xffffffff8000b180 (0xc0ae4893) xori    a7, t3, -1014
3 0x8000b180 (0xc0ae4893) x17 0xc78ed409
core   0: 0xffffffff8000b184 (0x011d5a93) srli    s5, s10, 17
3 0x8000b184 (0x011d5a93) x21 0x00006a49
core   0: 0xffffffff8000b188 (0x0156f9b3) and     s3, a3, s5
3 0x8000b188 (0x0156f9b3) x19 0x00002801
core   0: 0xffffffff8000b18c (0x400fd333) sra     t1, t6, zero
3 0x8000b18c (0x400fd333) x 6 0x80000998
core   0: 0xffffffff8000b190 (0x00719a93) slli    s5, gp, 7
3 0x8000b190 (0x00719a93) x21 0x00000000
core   0: 0xffffffff8000b194 (0xe04ebf93) sltiu   t6, t4, -508
3 0x8000b194 (0xe04ebf93) x31 0x00000001
core   0: 0xffffffff8000b198 (0x01f01813) slli    a6, zero, 31
3 0x8000b198 (0x01f01813) x16 0x00000000
core   0: 0xffffffff8000b19c (0x00e146b3) xor     a3, sp, a4
3 0x8000b19c (0x00e146b3) x13 0x80000998
core   0: 0xffffffff8000b1a0 (0x014bbe33) sltu    t3, s7, s4
3 0x8000b1a0 (0x014bbe33) x28 0x00000001
core   0: 0xffffffff8000b1a4 (0x3a07c193) xori    gp, a5, 928
3 0x8000b1a4 (0x3a07c193) x 3 0x000003a0
core   0: 0xffffffff8000b1a8 (0x0164bb33) sltu    s6, s1, s6
3 0x8000b1a8 (0x0164bb33) x22 0x00000000
core   0: 0xffffffff8000b1ac (0x407ed113) srai    sp, t4, 7
3 0x8000b1ac (0x407ed113) x 2 0x00000000
core   0: 0xffffffff8000b1b0 (0x006dbf33) sltu    t5, s11, t1
3 0x8000b1b0 (0x006dbf33) x30 0x00000001
core   0: 0xffffffff8000b1b4 (0x00000013) nop
3 0x8000b1b4 (0x00000013)
core   0: 0xffffffff8000b1b8 (0x3ec70097) auipc   ra, 0x3ec70
3 0x8000b1b8 (0x3ec70097) x 1 0xbec7b1b8
core   0: 0xffffffff8000b1bc (0x0165e333) or      t1, a1, s6
3 0x8000b1bc (0x0165e333) x 6 0x5c885000
core   0: 0xffffffff8000b1c0 (0x01552733) slt     a4, a0, s5
3 0x8000b1c0 (0x01552733) x14 0x00000000
core   0: 0xffffffff8000b1c4 (0x69012bb7) lui     s7, 0x69012
3 0x8000b1c4 (0x69012bb7) x23 0x69012000
core   0: 0xffffffff8000b1c8 (0x41f18633) sub     a2, gp, t6
3 0x8000b1c8 (0x41f18633) x12 0x0000039f
core   0: 0xffffffff8000b1cc (0x01f53eb3) sltu    t4, a0, t6
3 0x8000b1cc (0x01f53eb3) x29 0x00000000
core   0: 0xffffffff8000b1d0 (0x00aed233) srl     tp, t4, a0
3 0x8000b1d0 (0x00aed233) x 4 0x00000000
core   0: 0xffffffff8000b1d4 (0x640d0a97) auipc   s5, 0x640d0
3 0x8000b1d4 (0x640d0a97) x21 0xe40db1d4
core   0: 0xffffffff8000b1d8 (0x0a008b13) addi    s6, ra, 160
3 0x8000b1d8 (0x0a008b13) x22 0xbec7b258
core   0: 0xffffffff8000b1dc (0x01db96b3) sll     a3, s7, t4
3 0x8000b1dc (0x01db96b3) x13 0x69012000
core   0: 0xffffffff8000b1e0 (0xe75afb13) andi    s6, s5, -395
3 0x8000b1e0 (0xe75afb13) x22 0xe40db054
core   0: 0xffffffff8000b1e4 (0x00000013) nop
3 0x8000b1e4 (0x00000013)
core   0: 0xffffffff8000b1e8 (0x00000013) nop
3 0x8000b1e8 (0x00000013)
core   0: 0xffffffff8000b1ec (0x005cd513) srli    a0, s9, 5
3 0x8000b1ec (0x005cd513) x10 0x0640f200
core   0: 0xffffffff8000b1f0 (0xd540fd93) andi    s11, ra, -684
3 0x8000b1f0 (0xd540fd93) x27 0xbec7b110
core   0: 0xffffffff8000b1f4 (0x41e85f33) sra     t5, a6, t5
3 0x8000b1f4 (0x41e85f33) x30 0x00000000
core   0: 0xffffffff8000b1f8 (0x01a9aeb3) slt     t4, s3, s10
3 0x8000b1f8 (0x01a9aeb3) x29 0x00000000
core   0: 0xffffffff8000b1fc (0x41f6d393) srai    t2, a3, 31
3 0x8000b1fc (0x41f6d393) x 7 0x00000000
core   0: 0xffffffff8000b200 (0xdf6b0f93) addi    t6, s6, -522
3 0x8000b200 (0xdf6b0f93) x31 0xe40dae4a
core   0: 0xffffffff8000b204 (0x400ddc33) sra     s8, s11, zero
3 0x8000b204 (0x400ddc33) x24 0xbec7b110
core   0: 0xffffffff8000b208 (0xd269d917) auipc   s2, 0xd269d
3 0x8000b208 (0xd269d917) x18 0x526a8208
core   0: 0xffffffff8000b20c (0x00000013) nop
3 0x8000b20c (0x00000013)
core   0: 0xffffffff8000b210 (0x01985733) srl     a4, a6, s9
3 0x8000b210 (0x01985733) x14 0x00000000
core   0: 0xffffffff8000b214 (0x01f7fdb3) and     s11, a5, t6
3 0x8000b214 (0x01f7fdb3) x27 0x00000000
core   0: 0xffffffff8000b218 (0x0079df93) srli    t6, s3, 7
3 0x8000b218 (0x0079df93) x31 0x00000050
core   0: 0xffffffff8000b21c (0x01e04bb3) xor     s7, zero, t5
3 0x8000b21c (0x01e04bb3) x23 0x00000000
core   0: 0xffffffff8000b220 (0x015330b3) sltu    ra, t1, s5
3 0x8000b220 (0x015330b3) x 1 0x00000001
core   0: 0xffffffff8000b224 (0x00a90333) add     t1, s2, a0
3 0x8000b224 (0x00a90333) x 6 0x58ab7408
core   0: 0xffffffff8000b228 (0xc27bb113) sltiu   sp, s7, -985
3 0x8000b228 (0xc27bb113) x 2 0x00000001
core   0: 0xffffffff8000b22c (0x00391333) sll     t1, s2, gp
3 0x8000b22c (0x00391333) x 6 0x526a8208
core   0: 0xffffffff8000b230 (0x40b35f93) srai    t6, t1, 11
3 0x8000b230 (0x40b35f93) x31 0x000a4d50
core   0: 0xffffffff8000b234 (0x41335593) srai    a1, t1, 19
3 0x8000b234 (0x41335593) x11 0x00000a4d
core   0: 0xffffffff8000b238 (0x00cfdab3) srl     s5, t6, a2
3 0x8000b238 (0x00cfdab3) x21 0x00000000
core   0: 0xffffffff8000b23c (0x00255e33) srl     t3, a0, sp
3 0x8000b23c (0x00255e33) x28 0x03207900
core   0: 0xffffffff8000b240 (0x008c6c33) or      s8, s8, s0
3 0x8000b240 (0x008c6c33) x24 0xbec7b110
core   0: 0xffffffff8000b244 (0x01944fb3) xor     t6, s0, s9
3 0x8000b244 (0x01944fb3) x31 0xc81e400c
core   0: 0xffffffff8000b248 (0x019e5113) srli    sp, t3, 25
3 0x8000b248 (0x019e5113) x 2 0x00000001
core   0: 0xffffffff8000b24c (0x00000013) nop
3 0x8000b24c (0x00000013)
core   0: 0xffffffff8000b250 (0x03f12713) slti    a4, sp, 63
3 0x8000b250 (0x03f12713) x14 0x00000001
core   0: 0xffffffff8000b254 (0x401f5433) sra     s0, t5, ra
3 0x8000b254 (0x401f5433) x 8 0x00000000
core   0: 0xffffffff8000b258 (0xd8abf113) andi    sp, s7, -630
3 0x8000b258 (0xd8abf113) x 2 0x00000000
core   0: 0xffffffff8000b25c (0x00000013) nop
3 0x8000b25c (0x00000013)
core   0: 0xffffffff8000b260 (0x2c676913) ori     s2, a4, 710
3 0x8000b260 (0x2c676913) x18 0x000002c7
core   0: 0xffffffff8000b264 (0xd7df4393) xori    t2, t5, -643
3 0x8000b264 (0xd7df4393) x 7 0xfffffd7d
core   0: 0xffffffff8000b268 (0x000b2833) slt     a6, s6, zero
3 0x8000b268 (0x000b2833) x16 0x00000001
core   0: 0xffffffff8000b26c (0xc5d47f13) andi    t5, s0, -931
3 0x8000b26c (0xc5d47f13) x30 0x00000000
core   0: 0xffffffff8000b270 (0xc3116f13) ori     t5, sp, -975
3 0x8000b270 (0xc3116f13) x30 0xfffffc31
core   0: 0xffffffff8000b274 (0x00235a93) srli    s5, t1, 2
3 0x8000b274 (0x00235a93) x21 0x149aa082
core   0: 0xffffffff8000b278 (0x010f99b3) sll     s3, t6, a6
3 0x8000b278 (0x010f99b3) x19 0x903c8018
core   0: 0xffffffff8000b27c (0xd9818013) addi    zero, gp, -616
3 0x8000b27c (0xd9818013)
core   0: 0xffffffff8000b280 (0x01f57eb3) and     t4, a0, t6
3 0x8000b280 (0x01f57eb3) x29 0x00004000
core   0: 0xffffffff8000b284 (0x012ae533) or      a0, s5, s2
3 0x8000b284 (0x012ae533) x10 0x149aa2c7
core   0: 0xffffffff8000b288 (0x0f354093) xori    ra, a0, 243
3 0x8000b288 (0x0f354093) x 1 0x149aa234
core   0: 0xffffffff8000b28c (0x018a1313) slli    t1, s4, 24
3 0x8000b28c (0x018a1313) x 6 0xe4000000
core   0: 0xffffffff8000b290 (0x3daa0913) addi    s2, s4, 986
3 0x8000b290 (0x3daa0913) x18 0x800150be
core   0: 0xffffffff8000b294 (0x011c1eb3) sll     t4, s8, a7
3 0x8000b294 (0x011c1eb3) x29 0x8f622000
core   0: 0xffffffff8000b298 (0x011886b3) add     a3, a7, a7
3 0x8000b298 (0x011886b3) x13 0x8f1da812
core   0: 0xffffffff8000b29c (0x00185633) srl     a2, a6, ra
3 0x8000b29c (0x00185633) x12 0x00000000
core   0: 0xffffffff8000b2a0 (0x40d05e13) srai    t3, zero, 13
3 0x8000b2a0 (0x40d05e13) x28 0x00000000
core   0: 0xffffffff8000b2a4 (0x11202c13) slti    s8, zero, 274
3 0x8000b2a4 (0x11202c13) x24 0x00000001
core   0: 0xffffffff8000b2a8 (0x01672533) slt     a0, a4, s6
3 0x8000b2a8 (0x01672533) x10 0x00000000
core   0: 0xffffffff8000b2ac (0x005667b3) or      a5, a2, t0
3 0x8000b2ac (0x005667b3) x15 0x00000000
core   0: 0xffffffff8000b2b0 (0x01351733) sll     a4, a0, s3
3 0x8000b2b0 (0x01351733) x14 0x00000000
core   0: 0xffffffff8000b2b4 (0x386b2293) slti    t0, s6, 902
3 0x8000b2b4 (0x386b2293) x 5 0x00000001
core   0: 0xffffffff8000b2b8 (0x00000013) nop
3 0x8000b2b8 (0x00000013)
core   0: 0xffffffff8000b2bc (0x0094f6b3) and     a3, s1, s1
3 0x8000b2bc (0x0094f6b3) x13 0x80010e64
core   0: 0xffffffff8000b2c0 (0x00000013) nop
3 0x8000b2c0 (0x00000013)
core   0: 0xffffffff8000b2c4 (0x01ee7eb3) and     t4, t3, t5
3 0x8000b2c4 (0x01ee7eb3) x29 0x00000000
core   0: 0xffffffff8000b2c8 (0x00b74733) xor     a4, a4, a1
3 0x8000b2c8 (0x00b74733) x14 0x00000a4d
core   0: 0xffffffff8000b2cc (0x00b716b3) sll     a3, a4, a1
3 0x8000b2cc (0x00b716b3) x13 0x0149a000
core   0: 0xffffffff8000b2d0 (0xcfeaf813) andi    a6, s5, -770
3 0x8000b2d0 (0xcfeaf813) x16 0x149aa082
core   0: 0xffffffff8000b2d4 (0x01d8b5b3) sltu    a1, a7, t4
3 0x8000b2d4 (0x01d8b5b3) x11 0x00000000
core   0: 0xffffffff8000b2d8 (0x3dcbf113) andi    sp, s7, 988
3 0x8000b2d8 (0x3dcbf113) x 2 0x00000000
core   0: 0xffffffff8000b2dc (0x401dd8b3) sra     a7, s11, ra
3 0x8000b2dc (0x401dd8b3) x17 0x00000000
core   0: 0xffffffff8000b2e0 (0x00b988b3) add     a7, s3, a1
3 0x8000b2e0 (0x00b988b3) x17 0x903c8018
core   0: 0xffffffff8000b2e4 (0xc6877713) andi    a4, a4, -920
3 0x8000b2e4 (0xc6877713) x14 0x00000848
core   0: 0xffffffff8000b2e8 (0x00cfd5b3) srl     a1, t6, a2
3 0x8000b2e8 (0x00cfd5b3) x11 0xc81e400c
core   0: 0xffffffff8000b2ec (0xfdf16813) ori     a6, sp, -33
3 0x8000b2ec (0xfdf16813) x16 0xffffffdf
core   0: 0xffffffff8000b2f0 (0xd8268513) addi    a0, a3, -638
3 0x8000b2f0 (0xd8268513) x10 0x01499d82
core   0: 0xffffffff8000b2f4 (0xdab3b093) sltiu   ra, t2, -597
3 0x8000b2f4 (0xdab3b093) x 1 0x00000001
core   0: 0xffffffff8000b2f8 (0x22dd6237) lui     tp, 0x22dd6
3 0x8000b2f8 (0x22dd6237) x 4 0x22dd6000
core   0: 0xffffffff8000b2fc (0x01811413) slli    s0, sp, 24
3 0x8000b2fc (0x01811413) x 8 0x00000000
core   0: 0xffffffff8000b300 (0x00f292b3) sll     t0, t0, a5
3 0x8000b300 (0x00f292b3) x 5 0x00000001
core   0: 0xffffffff8000b304 (0x01bdab33) slt     s6, s11, s11
3 0x8000b304 (0x01bdab33) x22 0x00000000
core   0: 0xffffffff8000b308 (0x07fa0193) addi    gp, s4, 127
3 0x8000b308 (0x07fa0193) x 3 0x80014d63
core   0: 0xffffffff8000b30c (0x00000013) nop
3 0x8000b30c (0x00000013)
core   0: 0xffffffff8000b310 (0x417fd0b3) sra     ra, t6, s7
3 0x8000b310 (0x417fd0b3) x 1 0xc81e400c
core   0: 0xffffffff8000b314 (0x01a4d9b3) srl     s3, s1, s10
3 0x8000b314 (0x01a4d9b3) x19 0x0100021c
core   0: 0xffffffff8000b318 (0x0190d633) srl     a2, ra, s9
3 0x8000b318 (0x0190d633) x12 0x000c81e4
core   0: 0xffffffff8000b31c (0x0164bb33) sltu    s6, s1, s6
3 0x8000b31c (0x0164bb33) x22 0x00000000
core   0: 0xffffffff8000b320 (0x045e7513) andi    a0, t3, 69
3 0x8000b320 (0x045e7513) x10 0x00000000
core   0: 0xffffffff8000b324 (0xce5b8913) addi    s2, s7, -795
3 0x8000b324 (0xce5b8913) x18 0xfffffce5
core   0: 0xffffffff8000b328 (0x0796c193) xori    gp, a3, 121
3 0x8000b328 (0x0796c193) x 3 0x0149a079
core   0: 0xffffffff8000b32c (0x00000013) nop
3 0x8000b32c (0x00000013)
core   0: 0xffffffff8000b330 (0x00b2dbb3) srl     s7, t0, a1
3 0x8000b330 (0x00b2dbb3) x23 0x00000000
core   0: 0xffffffff8000b334 (0x0040006f) j       pc + 0x4
3 0x8000b334 (0x0040006f)
core   0: 0xffffffff8000b338 (0x00100193) li      gp, 1
3 0x8000b338 (0x00100193) x 3 0x00000001
core   0: 0xffffffff8000b33c (0x00000073) ecall
core   0: exception trap_machine_ecall, epc 0xffffffff8000b33c
core   0: 0x000000008000b368 (0x340494f3) csrrw   s1, mscratch, s1
3 0x8000b368 (0x340494f3) x 9 0x00000000 c832_mscratch 0x80010e64
core   0: 0xffffffff8000b36c (0x000a04b3) add     s1, s4, zero
3 0x8000b36c (0x000a04b3) x 9 0x80014ce4
core   0: 0xffffffff8000b370 (0xf8448493) addi    s1, s1, -124
3 0x8000b370 (0xf8448493) x 9 0x80014c68
core   0: 0xffffffff8000b374 (0x0014a223) sw      ra, 4(s1)
3 0x8000b374 (0x0014a223) mem 0x80014c6c 0xc81e400c
core   0: 0xffffffff8000b378 (0x0024a423) sw      sp, 8(s1)
3 0x8000b378 (0x0024a423) mem 0x80014c70 0x00000000
core   0: 0xffffffff8000b37c (0x0034a623) sw      gp, 12(s1)
3 0x8000b37c (0x0034a623) mem 0x80014c74 0x00000001
core   0: 0xffffffff8000b380 (0x0044a823) sw      tp, 16(s1)
3 0x8000b380 (0x0044a823) mem 0x80014c78 0x22dd6000
core   0: 0xffffffff8000b384 (0x0054aa23) sw      t0, 20(s1)
3 0x8000b384 (0x0054aa23) mem 0x80014c7c 0x00000001
core   0: 0xffffffff8000b388 (0x0064ac23) sw      t1, 24(s1)
3 0x8000b388 (0x0064ac23) mem 0x80014c80 0xe4000000
core   0: 0xffffffff8000b38c (0x0074ae23) sw      t2, 28(s1)
3 0x8000b38c (0x0074ae23) mem 0x80014c84 0xfffffd7d
core   0: 0xffffffff8000b390 (0x0284a023) sw      s0, 32(s1)
3 0x8000b390 (0x0284a023) mem 0x80014c88 0x00000000
core   0: 0xffffffff8000b394 (0x0294a223) sw      s1, 36(s1)
3 0x8000b394 (0x0294a223) mem 0x80014c8c 0x80014c68
core   0: 0xffffffff8000b398 (0x02a4a423) sw      a0, 40(s1)
3 0x8000b398 (0x02a4a423) mem 0x80014c90 0x00000000
core   0: 0xffffffff8000b39c (0x02b4a623) sw      a1, 44(s1)
3 0x8000b39c (0x02b4a623) mem 0x80014c94 0xc81e400c
core   0: 0xffffffff8000b3a0 (0x02c4a823) sw      a2, 48(s1)
3 0x8000b3a0 (0x02c4a823) mem 0x80014c98 0x000c81e4
core   0: 0xffffffff8000b3a4 (0x02d4aa23) sw      a3, 52(s1)
3 0x8000b3a4 (0x02d4aa23) mem 0x80014c9c 0x0149a000
core   0: 0xffffffff8000b3a8 (0x02e4ac23) sw      a4, 56(s1)
3 0x8000b3a8 (0x02e4ac23) mem 0x80014ca0 0x00000848
core   0: 0xffffffff8000b3ac (0x02f4ae23) sw      a5, 60(s1)
3 0x8000b3ac (0x02f4ae23) mem 0x80014ca4 0x00000000
core   0: 0xffffffff8000b3b0 (0x0504a023) sw      a6, 64(s1)
3 0x8000b3b0 (0x0504a023) mem 0x80014ca8 0xffffffdf
core   0: 0xffffffff8000b3b4 (0x0514a223) sw      a7, 68(s1)
3 0x8000b3b4 (0x0514a223) mem 0x80014cac 0x903c8018
core   0: 0xffffffff8000b3b8 (0x0524a423) sw      s2, 72(s1)
3 0x8000b3b8 (0x0524a423) mem 0x80014cb0 0xfffffce5
core   0: 0xffffffff8000b3bc (0x0534a623) sw      s3, 76(s1)
3 0x8000b3bc (0x0534a623) mem 0x80014cb4 0x0100021c
core   0: 0xffffffff8000b3c0 (0x0544a823) sw      s4, 80(s1)
3 0x8000b3c0 (0x0544a823) mem 0x80014cb8 0x80014ce4
core   0: 0xffffffff8000b3c4 (0x0554aa23) sw      s5, 84(s1)
3 0x8000b3c4 (0x0554aa23) mem 0x80014cbc 0x149aa082
core   0: 0xffffffff8000b3c8 (0x0564ac23) sw      s6, 88(s1)
3 0x8000b3c8 (0x0564ac23) mem 0x80014cc0 0x00000000
core   0: 0xffffffff8000b3cc (0x0574ae23) sw      s7, 92(s1)
3 0x8000b3cc (0x0574ae23) mem 0x80014cc4 0x00000000
core   0: 0xffffffff8000b3d0 (0x0784a023) sw      s8, 96(s1)
3 0x8000b3d0 (0x0784a023) mem 0x80014cc8 0x00000001
core   0: 0xffffffff8000b3d4 (0x0794a223) sw      s9, 100(s1)
3 0x8000b3d4 (0x0794a223) mem 0x80014ccc 0xc81e400c
core   0: 0xffffffff8000b3d8 (0x07a4a423) sw      s10, 104(s1)
3 0x8000b3d8 (0x07a4a423) mem 0x80014cd0 0xd4922567
core   0: 0xffffffff8000b3dc (0x07b4a623) sw      s11, 108(s1)
3 0x8000b3dc (0x07b4a623) mem 0x80014cd4 0x00000000
core   0: 0xffffffff8000b3e0 (0x07c4a823) sw      t3, 112(s1)
3 0x8000b3e0 (0x07c4a823) mem 0x80014cd8 0x00000000
core   0: 0xffffffff8000b3e4 (0x07d4aa23) sw      t4, 116(s1)
3 0x8000b3e4 (0x07d4aa23) mem 0x80014cdc 0x00000000
core   0: 0xffffffff8000b3e8 (0x07e4ac23) sw      t5, 120(s1)
3 0x8000b3e8 (0x07e4ac23) mem 0x80014ce0 0xfffffc31
core   0: 0xffffffff8000b3ec (0x07f4ae23) sw      t6, 124(s1)
3 0x8000b3ec (0x07f4ae23) mem 0x80014ce4 0xc81e400c
core   0: 0xffffffff8000b3f0 (0x300027f3) csrr    a5, mstatus
3 0x8000b3f0 (0x300027f3) x15 0x00001800
core   0: 0xffffffff8000b3f4 (0x342027f3) csrr    a5, mcause
3 0x8000b3f4 (0x342027f3) x15 0x0000000b
core   0: 0xffffffff8000b3f8 (0x01f7d793) srli    a5, a5, 31
3 0x8000b3f8 (0x01f7d793) x15 0x00000000
core   0: 0xffffffff8000b3fc (0x06079ae3) bnez    a5, pc + 2164
3 0x8000b3fc (0x06079ae3)
core   0: 0xffffffff8000b400 (0x341027f3) csrr    a5, mepc
3 0x8000b400 (0x341027f3) x15 0x8000b33c
core   0: 0xffffffff8000b404 (0x342027f3) csrr    a5, mcause
3 0x8000b404 (0x342027f3) x15 0x0000000b
core   0: 0xffffffff8000b408 (0x00300393) li      t2, 3
3 0x8000b408 (0x00300393) x 7 0x00000003
core   0: 0xffffffff8000b40c (0x72778863) beq     a5, t2, pc + 1840
3 0x8000b40c (0x72778863)
core   0: 0xffffffff8000b410 (0x00800393) li      t2, 8
3 0x8000b410 (0x00800393) x 7 0x00000008
core   0: 0xffffffff8000b414 (0x04778a63) beq     a5, t2, pc + 84
3 0x8000b414 (0x04778a63)
core   0: 0xffffffff8000b418 (0x00900393) li      t2, 9
3 0x8000b418 (0x00900393) x 7 0x00000009
core   0: 0xffffffff8000b41c (0x04778663) beq     a5, t2, pc + 76
3 0x8000b41c (0x04778663)
core   0: 0xffffffff8000b420 (0x00b00393) li      t2, 11
3 0x8000b420 (0x00b00393) x 7 0x0000000b
core   0: 0xffffffff8000b424 (0x04778263) beq     a5, t2, pc + 68
3 0x8000b424 (0x04778263)
core   0: 0xffffffff8000b468 (0xffff5797) auipc   a5, 0xffff5
3 0x8000b468 (0xffff5797) x15 0x80000468
core   0: 0xffffffff8000b46c (0xb9878793) addi    a5, a5, -1128
3 0x8000b46c (0xb9878793) x15 0x80000000
core   0: 0xffffffff8000b470 (0x0007a023) sw      zero, 0(a5)
3 0x8000b470 (0x0007a023) mem 0x80000000 0x00000000
core   0: 0xffffffff8000b474 (0x0017a223) sw      ra, 4(a5)
3 0x8000b474 (0x0017a223) mem 0x80000004 0xc81e400c
core   0: 0xffffffff8000b478 (0x0027a423) sw      sp, 8(a5)
3 0x8000b478 (0x0027a423) mem 0x80000008 0x00000000
core   0: 0xffffffff8000b47c (0x0037a623) sw      gp, 12(a5)
3 0x8000b47c (0x0037a623) mem 0x8000000c 0x00000001
core   0: 0xffffffff8000b480 (0x0047a823) sw      tp, 16(a5)
3 0x8000b480 (0x0047a823) mem 0x80000010 0x22dd6000
core   0: 0xffffffff8000b484 (0x0057aa23) sw      t0, 20(a5)
3 0x8000b484 (0x0057aa23) mem 0x80000014 0x00000001
core   0: 0xffffffff8000b488 (0x0067ac23) sw      t1, 24(a5)
3 0x8000b488 (0x0067ac23) mem 0x80000018 0xe4000000
core   0: 0xffffffff8000b48c (0x0077ae23) sw      t2, 28(a5)
3 0x8000b48c (0x0077ae23) mem 0x8000001c 0x0000000b
core   0: 0xffffffff8000b490 (0x0287a023) sw      s0, 32(a5)
3 0x8000b490 (0x0287a023) mem 0x80000020 0x00000000
core   0: 0xffffffff8000b494 (0x0297a223) sw      s1, 36(a5)
3 0x8000b494 (0x0297a223) mem 0x80000024 0x80014c68
core   0: 0xffffffff8000b498 (0x02a7a423) sw      a0, 40(a5)
3 0x8000b498 (0x02a7a423) mem 0x80000028 0x00000000
core   0: 0xffffffff8000b49c (0x02b7a623) sw      a1, 44(a5)
3 0x8000b49c (0x02b7a623) mem 0x8000002c 0xc81e400c
core   0: 0xffffffff8000b4a0 (0x02c7a823) sw      a2, 48(a5)
3 0x8000b4a0 (0x02c7a823) mem 0x80000030 0x000c81e4
core   0: 0xffffffff8000b4a4 (0x02d7aa23) sw      a3, 52(a5)
3 0x8000b4a4 (0x02d7aa23) mem 0x80000034 0x0149a000
core   0: 0xffffffff8000b4a8 (0x02e7ac23) sw      a4, 56(a5)
3 0x8000b4a8 (0x02e7ac23) mem 0x80000038 0x00000848
core   0: 0xffffffff8000b4ac (0x02f7ae23) sw      a5, 60(a5)
3 0x8000b4ac (0x02f7ae23) mem 0x8000003c 0x80000000
core   0: 0xffffffff8000b4b0 (0x0507a023) sw      a6, 64(a5)
3 0x8000b4b0 (0x0507a023) mem 0x80000040 0xffffffdf
core   0: 0xffffffff8000b4b4 (0x0517a223) sw      a7, 68(a5)
3 0x8000b4b4 (0x0517a223) mem 0x80000044 0x903c8018
core   0: 0xffffffff8000b4b8 (0x0527a423) sw      s2, 72(a5)
3 0x8000b4b8 (0x0527a423) mem 0x80000048 0xfffffce5
core   0: 0xffffffff8000b4bc (0x0537a623) sw      s3, 76(a5)
3 0x8000b4bc (0x0537a623) mem 0x8000004c 0x0100021c
core   0: 0xffffffff8000b4c0 (0x0547a823) sw      s4, 80(a5)
3 0x8000b4c0 (0x0547a823) mem 0x80000050 0x80014ce4
core   0: 0xffffffff8000b4c4 (0x0557aa23) sw      s5, 84(a5)
3 0x8000b4c4 (0x0557aa23) mem 0x80000054 0x149aa082
core   0: 0xffffffff8000b4c8 (0x0567ac23) sw      s6, 88(a5)
3 0x8000b4c8 (0x0567ac23) mem 0x80000058 0x00000000
core   0: 0xffffffff8000b4cc (0x0577ae23) sw      s7, 92(a5)
3 0x8000b4cc (0x0577ae23) mem 0x8000005c 0x00000000
core   0: 0xffffffff8000b4d0 (0x0787a023) sw      s8, 96(a5)
3 0x8000b4d0 (0x0787a023) mem 0x80000060 0x00000001
core   0: 0xffffffff8000b4d4 (0x0797a223) sw      s9, 100(a5)
3 0x8000b4d4 (0x0797a223) mem 0x80000064 0xc81e400c
core   0: 0xffffffff8000b4d8 (0x07a7a423) sw      s10, 104(a5)
3 0x8000b4d8 (0x07a7a423) mem 0x80000068 0xd4922567
core   0: 0xffffffff8000b4dc (0x07b7a623) sw      s11, 108(a5)
3 0x8000b4dc (0x07b7a623) mem 0x8000006c 0x00000000
core   0: 0xffffffff8000b4e0 (0x07c7a823) sw      t3, 112(a5)
3 0x8000b4e0 (0x07c7a823) mem 0x80000070 0x00000000
core   0: 0xffffffff8000b4e4 (0x07d7aa23) sw      t4, 116(a5)
3 0x8000b4e4 (0x07d7aa23) mem 0x80000074 0x00000000
core   0: 0xffffffff8000b4e8 (0x07e7ac23) sw      t5, 120(a5)
3 0x8000b4e8 (0x07e7ac23) mem 0x80000078 0xfffffc31
core   0: 0xffffffff8000b4ec (0x07f7ae23) sw      t6, 124(a5)
3 0x8000b4ec (0x07f7ae23) mem 0x8000007c 0xc81e400c
core   0: 0xffffffff8000b4f0 (0xe51ff06f) j       pc - 0x1b0
3 0x8000b4f0 (0xe51ff06f)
core   0: 0xffffffff8000b340 (0x00001f17) auipc   t5, 0x1
3 0x8000b340 (0x00001f17) x30 0x8000c340
core   0: 0xffffffff8000b344 (0xcc3f2023) sw      gp, -832(t5)
3 0x8000b344 (0xcc3f2023) mem 0x8000c000 0x00000001
core   0: 0xffffffff8000b348 (0xff9ff06f) j       pc - 0x8
3 0x8000b348 (0xff9ff06f)
core   0: 0xffffffff8000b340 (0x00001f17) auipc   t5, 0x1
3 0x8000b340 (0x00001f17) x30 0x8000c340
core   0: 0xffffffff8000b344 (0xcc3f2023) sw      gp, -832(t5)
3 0x8000b344 (0xcc3f2023) mem 0x8000c000 0x00000001
core   0: 0xffffffff8000b348 (0xff9ff06f) j       pc - 0x8
3 0x8000b348 (0xff9ff06f)
core   0: 0xffffffff8000b340 (0x00001f17) auipc   t5, 0x1
3 0x8000b340 (0x00001f17) x30 0x8000c340
core   0: 0xffffffff8000b344 (0xcc3f2023) sw      gp, -832(t5)
3 0x8000b344 (0xcc3f2023) mem 0x8000c000 0x00000001
core   0: 0xffffffff8000b348 (0xff9ff06f) j       pc - 0x8
3 0x8000b348 (0xff9ff06f)
core   0: 0xffffffff8000b340 (0x00001f17) auipc   t5, 0x1
3 0x8000b340 (0x00001f17) x30 0x8000c340
core   0: 0xffffffff8000b344 (0xcc3f2023) sw      gp, -832(t5)
3 0x8000b344 (0xcc3f2023) mem 0x8000c000 0x00000001
core   0: 0xffffffff8000b348 (0xff9ff06f) j       pc - 0x8
3 0x8000b348 (0xff9ff06f)
core   0: 0xffffffff8000b340 (0x00001f17) auipc   t5, 0x1
3 0x8000b340 (0x00001f17) x30 0x8000c340
core   0: 0xffffffff8000b344 (0xcc3f2023) sw      gp, -832(t5)
3 0x8000b344 (0xcc3f2023) mem 0x8000c000 0x00000001
core   0: 0xffffffff8000b348 (0xff9ff06f) j       pc - 0x8
3 0x8000b348 (0xff9ff06f)
core   0: 0xffffffff8000b340 (0x00001f17) auipc   t5, 0x1
3 0x8000b340 (0x00001f17) x30 0x8000c340
core   0: 0xffffffff8000b344 (0xcc3f2023) sw      gp, -832(t5)
3 0x8000b344 (0xcc3f2023) mem 0x8000c000 0x00000001
core   0: 0xffffffff8000b348 (0xff9ff06f) j       pc - 0x8
3 0x8000b348 (0xff9ff06f)
core   0: 0xffffffff8000b340 (0x00001f17) auipc   t5, 0x1
3 0x8000b340 (0x00001f17) x30 0x8000c340
core   0: 0xffffffff8000b344 (0xcc3f2023) sw      gp, -832(t5)
3 0x8000b344 (0xcc3f2023) mem 0x8000c000 0x00000001
core   0: 0xffffffff8000b348 (0xff9ff06f) j       pc - 0x8
3 0x8000b348 (0xff9ff06f)
core   0: 0xffffffff8000b340 (0x00001f17) auipc   t5, 0x1
3 0x8000b340 (0x00001f17) x30 0x8000c340
core   0: 0xffffffff8000b344 (0xcc3f2023) sw      gp, -832(t5)
3 0x8000b344 (0xcc3f2023) mem 0x8000c000 0x00000001
core   0: 0xffffffff8000b348 (0xff9ff06f) j       pc - 0x8
3 0x8000b348 (0xff9ff06f)
core   0: 0xffffffff8000b340 (0x00001f17) auipc   t5, 0x1
3 0x8000b340 (0x00001f17) x30 0x8000c340
core   0: 0xffffffff8000b344 (0xcc3f2023) sw      gp, -832(t5)
3 0x8000b344 (0xcc3f2023) mem 0x8000c000 0x00000001
core   0: 0xffffffff8000b348 (0xff9ff06f) j       pc - 0x8
3 0x8000b348 (0xff9ff06f)
core   0: 0xffffffff8000b340 (0x00001f17) auipc   t5, 0x1
3 0x8000b340 (0x00001f17) x30 0x8000c340
core   0: 0xffffffff8000b344 (0xcc3f2023) sw      gp, -832(t5)
3 0x8000b344 (0xcc3f2023) mem 0x8000c000 0x00000001
core   0: 0xffffffff8000b348 (0xff9ff06f) j       pc - 0x8
3 0x8000b348 (0xff9ff06f)
core   0: 0xffffffff8000b340 (0x00001f17) auipc   t5, 0x1
3 0x8000b340 (0x00001f17) x30 0x8000c340
core   0: 0xffffffff8000b344 (0xcc3f2023) sw      gp, -832(t5)
3 0x8000b344 (0xcc3f2023) mem 0x8000c000 0x00000001
core   0: 0xffffffff8000b348 (0xff9ff06f) j       pc - 0x8
3 0x8000b348 (0xff9ff06f)
core   0: 0xffffffff8000b340 (0x00001f17) auipc   t5, 0x1
3 0x8000b340 (0x00001f17) x30 0x8000c340
core   0: 0xffffffff8000b344 (0xcc3f2023) sw      gp, -832(t5)
3 0x8000b344 (0xcc3f2023) mem 0x8000c000 0x00000001
core   0: 0xffffffff8000b348 (0xff9ff06f) j       pc - 0x8
3 0x8000b348 (0xff9ff06f)
core   0: 0xffffffff8000b340 (0x00001f17) auipc   t5, 0x1
3 0x8000b340 (0x00001f17) x30 0x8000c340
core   0: 0xffffffff8000b344 (0xcc3f2023) sw      gp, -832(t5)
3 0x8000b344 (0xcc3f2023) mem 0x8000c000 0x00000001
core   0: 0xffffffff8000b348 (0xff9ff06f) j       pc - 0x8
3 0x8000b348 (0xff9ff06f)
core   0: 0xffffffff8000b340 (0x00001f17) auipc   t5, 0x1
3 0x8000b340 (0x00001f17) x30 0x8000c340
core   0: 0xffffffff8000b344 (0xcc3f2023) sw      gp, -832(t5)
3 0x8000b344 (0xcc3f2023) mem 0x8000c000 0x00000001
core   0: 0xffffffff8000b348 (0xff9ff06f) j       pc - 0x8
3 0x8000b348 (0xff9ff06f)
core   0: 0xffffffff8000b340 (0x00001f17) auipc   t5, 0x1
3 0x8000b340 (0x00001f17) x30 0x8000c340
core   0: 0xffffffff8000b344 (0xcc3f2023) sw      gp, -832(t5)
3 0x8000b344 (0xcc3f2023) mem 0x8000c000 0x00000001
core   0: 0xffffffff8000b348 (0xff9ff06f) j       pc - 0x8
3 0x8000b348 (0xff9ff06f)
core   0: 0xffffffff8000b340 (0x00001f17) auipc   t5, 0x1
3 0x8000b340 (0x00001f17) x30 0x8000c340
core   0: 0xffffffff8000b344 (0xcc3f2023) sw      gp, -832(t5)
3 0x8000b344 (0xcc3f2023) mem 0x8000c000 0x00000001
core   0: 0xffffffff8000b348 (0xff9ff06f) j       pc - 0x8
3 0x8000b348 (0xff9ff06f)
core   0: 0xffffffff8000b340 (0x00001f17) auipc   t5, 0x1
3 0x8000b340 (0x00001f17) x30 0x8000c340
core   0: 0xffffffff8000b344 (0xcc3f2023) sw      gp, -832(t5)
3 0x8000b344 (0xcc3f2023) mem 0x8000c000 0x00000001
core   0: 0xffffffff8000b348 (0xff9ff06f) j       pc - 0x8
3 0x8000b348 (0xff9ff06f)
core   0: 0xffffffff8000b340 (0x00001f17) auipc   t5, 0x1
3 0x8000b340 (0x00001f17) x30 0x8000c340
core   0: 0xffffffff8000b344 (0xcc3f2023) sw      gp, -832(t5)
3 0x8000b344 (0xcc3f2023) mem 0x8000c000 0x00000001
core   0: 0xffffffff8000b348 (0xff9ff06f) j       pc - 0x8
3 0x8000b348 (0xff9ff06f)
core   0: 0xffffffff8000b340 (0x00001f17) auipc   t5, 0x1
3 0x8000b340 (0x00001f17) x30 0x8000c340
core   0: 0xffffffff8000b344 (0xcc3f2023) sw      gp, -832(t5)
3 0x8000b344 (0xcc3f2023) mem 0x8000c000 0x00000001
core   0: 0xffffffff8000b348 (0xff9ff06f) j       pc - 0x8
3 0x8000b348 (0xff9ff06f)
core   0: 0xffffffff8000b340 (0x00001f17) auipc   t5, 0x1
3 0x8000b340 (0x00001f17) x30 0x8000c340
core   0: 0xffffffff8000b344 (0xcc3f2023) sw      gp, -832(t5)
3 0x8000b344 (0xcc3f2023) mem 0x8000c000 0x00000001
core   0: 0xffffffff8000b348 (0xff9ff06f) j       pc - 0x8
3 0x8000b348 (0xff9ff06f)
core   0: 0xffffffff8000b340 (0x00001f17) auipc   t5, 0x1
3 0x8000b340 (0x00001f17) x30 0x8000c340
core   0: 0xffffffff8000b344 (0xcc3f2023) sw      gp, -832(t5)
3 0x8000b344 (0xcc3f2023) mem 0x8000c000 0x00000001
core   0: 0xffffffff8000b348 (0xff9ff06f) j       pc - 0x8
3 0x8000b348 (0xff9ff06f)
core   0: 0xffffffff8000b340 (0x00001f17) auipc   t5, 0x1
3 0x8000b340 (0x00001f17) x30 0x8000c340
core   0: 0xffffffff8000b344 (0xcc3f2023) sw      gp, -832(t5)
3 0x8000b344 (0xcc3f2023) mem 0x8000c000 0x00000001
core   0: 0xffffffff8000b348 (0xff9ff06f) j       pc - 0x8
3 0x8000b348 (0xff9ff06f)
core   0: 0xffffffff8000b340 (0x00001f17) auipc   t5, 0x1
3 0x8000b340 (0x00001f17) x30 0x8000c340
core   0: 0xffffffff8000b344 (0xcc3f2023) sw      gp, -832(t5)
3 0x8000b344 (0xcc3f2023) mem 0x8000c000 0x00000001
core   0: 0xffffffff8000b348 (0xff9ff06f) j       pc - 0x8
3 0x8000b348 (0xff9ff06f)
core   0: 0xffffffff8000b340 (0x00001f17) auipc   t5, 0x1
3 0x8000b340 (0x00001f17) x30 0x8000c340
core   0: 0xffffffff8000b344 (0xcc3f2023) sw      gp, -832(t5)
3 0x8000b344 (0xcc3f2023) mem 0x8000c000 0x00000001
core   0: 0xffffffff8000b348 (0xff9ff06f) j       pc - 0x8
3 0x8000b348 (0xff9ff06f)
core   0: 0xffffffff8000b340 (0x00001f17) auipc   t5, 0x1
3 0x8000b340 (0x00001f17) x30 0x8000c340
core   0: 0xffffffff8000b344 (0xcc3f2023) sw      gp, -832(t5)
3 0x8000b344 (0xcc3f2023) mem 0x8000c000 0x00000001
core   0: 0xffffffff8000b348 (0xff9ff06f) j       pc - 0x8
3 0x8000b348 (0xff9ff06f)
core   0: 0xffffffff8000b340 (0x00001f17) auipc   t5, 0x1
3 0x8000b340 (0x00001f17) x30 0x8000c340
core   0: 0xffffffff8000b344 (0xcc3f2023) sw      gp, -832(t5)
3 0x8000b344 (0xcc3f2023) mem 0x8000c000 0x00000001
core   0: 0xffffffff8000b348 (0xff9ff06f) j       pc - 0x8
3 0x8000b348 (0xff9ff06f)
core   0: 0xffffffff8000b340 (0x00001f17) auipc   t5, 0x1
3 0x8000b340 (0x00001f17) x30 0x8000c340
core   0: 0xffffffff8000b344 (0xcc3f2023) sw      gp, -832(t5)
3 0x8000b344 (0xcc3f2023) mem 0x8000c000 0x00000001
core   0: 0xffffffff8000b348 (0xff9ff06f) j       pc - 0x8
3 0x8000b348 (0xff9ff06f)
core   0: 0xffffffff8000b340 (0x00001f17) auipc   t5, 0x1
3 0x8000b340 (0x00001f17) x30 0x8000c340
core   0: 0xffffffff8000b344 (0xcc3f2023) sw      gp, -832(t5)
3 0x8000b344 (0xcc3f2023) mem 0x8000c000 0x00000001
core   0: 0xffffffff8000b348 (0xff9ff06f) j       pc - 0x8
3 0x8000b348 (0xff9ff06f)
core   0: 0xffffffff8000b340 (0x00001f17) auipc   t5, 0x1
3 0x8000b340 (0x00001f17) x30 0x8000c340
core   0: 0xffffffff8000b344 (0xcc3f2023) sw      gp, -832(t5)
3 0x8000b344 (0xcc3f2023) mem 0x8000c000 0x00000001
core   0: 0xffffffff8000b348 (0xff9ff06f) j       pc - 0x8
3 0x8000b348 (0xff9ff06f)
core   0: 0xffffffff8000b340 (0x00001f17) auipc   t5, 0x1
3 0x8000b340 (0x00001f17) x30 0x8000c340
core   0: 0xffffffff8000b344 (0xcc3f2023) sw      gp, -832(t5)
3 0x8000b344 (0xcc3f2023) mem 0x8000c000 0x00000001
core   0: 0xffffffff8000b348 (0xff9ff06f) j       pc - 0x8
3 0x8000b348 (0xff9ff06f)
core   0: 0xffffffff8000b340 (0x00001f17) auipc   t5, 0x1
3 0x8000b340 (0x00001f17) x30 0x8000c340
core   0: 0xffffffff8000b344 (0xcc3f2023) sw      gp, -832(t5)
3 0x8000b344 (0xcc3f2023) mem 0x8000c000 0x00000001
core   0: 0xffffffff8000b348 (0xff9ff06f) j       pc - 0x8
3 0x8000b348 (0xff9ff06f)
core   0: 0xffffffff8000b340 (0x00001f17) auipc   t5, 0x1
3 0x8000b340 (0x00001f17) x30 0x8000c340
core   0: 0xffffffff8000b344 (0xcc3f2023) sw      gp, -832(t5)
3 0x8000b344 (0xcc3f2023) mem 0x8000c000 0x00000001
core   0: 0xffffffff8000b348 (0xff9ff06f) j       pc - 0x8
3 0x8000b348 (0xff9ff06f)
core   0: 0xffffffff8000b340 (0x00001f17) auipc   t5, 0x1
3 0x8000b340 (0x00001f17) x30 0x8000c340
core   0: 0xffffffff8000b344 (0xcc3f2023) sw      gp, -832(t5)
3 0x8000b344 (0xcc3f2023) mem 0x8000c000 0x00000001
core   0: 0xffffffff8000b348 (0xff9ff06f) j       pc - 0x8
3 0x8000b348 (0xff9ff06f)
core   0: 0xffffffff8000b340 (0x00001f17) auipc   t5, 0x1
3 0x8000b340 (0x00001f17) x30 0x8000c340
core   0: 0xffffffff8000b344 (0xcc3f2023) sw      gp, -832(t5)
3 0x8000b344 (0xcc3f2023) mem 0x8000c000 0x00000001
core   0: 0xffffffff8000b348 (0xff9ff06f) j       pc - 0x8
3 0x8000b348 (0xff9ff06f)
core   0: 0xffffffff8000b340 (0x00001f17) auipc   t5, 0x1
3 0x8000b340 (0x00001f17) x30 0x8000c340
core   0: 0xffffffff8000b344 (0xcc3f2023) sw      gp, -832(t5)
3 0x8000b344 (0xcc3f2023) mem 0x8000c000 0x00000001
core   0: 0xffffffff8000b348 (0xff9ff06f) j       pc - 0x8
3 0x8000b348 (0xff9ff06f)
core   0: 0xffffffff8000b340 (0x00001f17) auipc   t5, 0x1
3 0x8000b340 (0x00001f17) x30 0x8000c340
core   0: 0xffffffff8000b344 (0xcc3f2023) sw      gp, -832(t5)
3 0x8000b344 (0xcc3f2023) mem 0x8000c000 0x00000001
core   0: 0xffffffff8000b348 (0xff9ff06f) j       pc - 0x8
3 0x8000b348 (0xff9ff06f)
core   0: 0xffffffff8000b340 (0x00001f17) auipc   t5, 0x1
3 0x8000b340 (0x00001f17) x30 0x8000c340
core   0: 0xffffffff8000b344 (0xcc3f2023) sw      gp, -832(t5)
3 0x8000b344 (0xcc3f2023) mem 0x8000c000 0x00000001
core   0: 0xffffffff8000b348 (0xff9ff06f) j       pc - 0x8
3 0x8000b348 (0xff9ff06f)
core   0: 0xffffffff8000b340 (0x00001f17) auipc   t5, 0x1
3 0x8000b340 (0x00001f17) x30 0x8000c340
core   0: 0xffffffff8000b344 (0xcc3f2023) sw      gp, -832(t5)
3 0x8000b344 (0xcc3f2023) mem 0x8000c000 0x00000001
core   0: 0xffffffff8000b348 (0xff9ff06f) j       pc - 0x8
3 0x8000b348 (0xff9ff06f)
core   0: 0xffffffff8000b340 (0x00001f17) auipc   t5, 0x1
3 0x8000b340 (0x00001f17) x30 0x8000c340
core   0: 0xffffffff8000b344 (0xcc3f2023) sw      gp, -832(t5)
3 0x8000b344 (0xcc3f2023) mem 0x8000c000 0x00000001
core   0: 0xffffffff8000b348 (0xff9ff06f) j       pc - 0x8
3 0x8000b348 (0xff9ff06f)
core   0: 0xffffffff8000b340 (0x00001f17) auipc   t5, 0x1
3 0x8000b340 (0x00001f17) x30 0x8000c340
core   0: 0xffffffff8000b344 (0xcc3f2023) sw      gp, -832(t5)
3 0x8000b344 (0xcc3f2023) mem 0x8000c000 0x00000001
core   0: 0xffffffff8000b348 (0xff9ff06f) j       pc - 0x8
3 0x8000b348 (0xff9ff06f)
core   0: 0xffffffff8000b340 (0x00001f17) auipc   t5, 0x1
3 0x8000b340 (0x00001f17) x30 0x8000c340
core   0: 0xffffffff8000b344 (0xcc3f2023) sw      gp, -832(t5)
3 0x8000b344 (0xcc3f2023) mem 0x8000c000 0x00000001
core   0: 0xffffffff8000b348 (0xff9ff06f) j       pc - 0x8
3 0x8000b348 (0xff9ff06f)
core   0: 0xffffffff8000b340 (0x00001f17) auipc   t5, 0x1
3 0x8000b340 (0x00001f17) x30 0x8000c340
core   0: 0xffffffff8000b344 (0xcc3f2023) sw      gp, -832(t5)
3 0x8000b344 (0xcc3f2023) mem 0x8000c000 0x00000001
core   0: 0xffffffff8000b348 (0xff9ff06f) j       pc - 0x8
3 0x8000b348 (0xff9ff06f)
core   0: 0xffffffff8000b340 (0x00001f17) auipc   t5, 0x1
3 0x8000b340 (0x00001f17) x30 0x8000c340
core   0: 0xffffffff8000b344 (0xcc3f2023) sw      gp, -832(t5)
3 0x8000b344 (0xcc3f2023) mem 0x8000c000 0x00000001
core   0: 0xffffffff8000b348 (0xff9ff06f) j       pc - 0x8
3 0x8000b348 (0xff9ff06f)
core   0: 0xffffffff8000b340 (0x00001f17) auipc   t5, 0x1
3 0x8000b340 (0x00001f17) x30 0x8000c340
core   0: 0xffffffff8000b344 (0xcc3f2023) sw      gp, -832(t5)
3 0x8000b344 (0xcc3f2023) mem 0x8000c000 0x00000001
core   0: 0xffffffff8000b348 (0xff9ff06f) j       pc - 0x8
3 0x8000b348 (0xff9ff06f)
core   0: 0xffffffff8000b340 (0x00001f17) auipc   t5, 0x1
3 0x8000b340 (0x00001f17) x30 0x8000c340
core   0: 0xffffffff8000b344 (0xcc3f2023) sw      gp, -832(t5)
3 0x8000b344 (0xcc3f2023) mem 0x8000c000 0x00000001
core   0: 0xffffffff8000b348 (0xff9ff06f) j       pc - 0x8
3 0x8000b348 (0xff9ff06f)
core   0: 0xffffffff8000b340 (0x00001f17) auipc   t5, 0x1
3 0x8000b340 (0x00001f17) x30 0x8000c340
core   0: 0xffffffff8000b344 (0xcc3f2023) sw      gp, -832(t5)
3 0x8000b344 (0xcc3f2023) mem 0x8000c000 0x00000001
core   0: 0xffffffff8000b348 (0xff9ff06f) j       pc - 0x8
3 0x8000b348 (0xff9ff06f)
core   0: 0xffffffff8000b340 (0x00001f17) auipc   t5, 0x1
3 0x8000b340 (0x00001f17) x30 0x8000c340
core   0: 0xffffffff8000b344 (0xcc3f2023) sw      gp, -832(t5)
3 0x8000b344 (0xcc3f2023) mem 0x8000c000 0x00000001
core   0: 0xffffffff8000b348 (0xff9ff06f) j       pc - 0x8
3 0x8000b348 (0xff9ff06f)
core   0: 0xffffffff8000b340 (0x00001f17) auipc   t5, 0x1
3 0x8000b340 (0x00001f17) x30 0x8000c340
core   0: 0xffffffff8000b344 (0xcc3f2023) sw      gp, -832(t5)
3 0x8000b344 (0xcc3f2023) mem 0x8000c000 0x00000001
core   0: 0xffffffff8000b348 (0xff9ff06f) j       pc - 0x8
3 0x8000b348 (0xff9ff06f)
core   0: 0xffffffff8000b340 (0x00001f17) auipc   t5, 0x1
3 0x8000b340 (0x00001f17) x30 0x8000c340
core   0: 0xffffffff8000b344 (0xcc3f2023) sw      gp, -832(t5)
3 0x8000b344 (0xcc3f2023) mem 0x8000c000 0x00000001
core   0: 0xffffffff8000b348 (0xff9ff06f) j       pc - 0x8
3 0x8000b348 (0xff9ff06f)
core   0: 0xffffffff8000b340 (0x00001f17) auipc   t5, 0x1
3 0x8000b340 (0x00001f17) x30 0x8000c340
core   0: 0xffffffff8000b344 (0xcc3f2023) sw      gp, -832(t5)
3 0x8000b344 (0xcc3f2023) mem 0x8000c000 0x00000001
core   0: 0xffffffff8000b348 (0xff9ff06f) j       pc - 0x8
3 0x8000b348 (0xff9ff06f)
core   0: 0xffffffff8000b340 (0x00001f17) auipc   t5, 0x1
3 0x8000b340 (0x00001f17) x30 0x8000c340
core   0: 0xffffffff8000b344 (0xcc3f2023) sw      gp, -832(t5)
3 0x8000b344 (0xcc3f2023) mem 0x8000c000 0x00000001
core   0: 0xffffffff8000b348 (0xff9ff06f) j       pc - 0x8
3 0x8000b348 (0xff9ff06f)
core   0: 0xffffffff8000b340 (0x00001f17) auipc   t5, 0x1
3 0x8000b340 (0x00001f17) x30 0x8000c340
core   0: 0xffffffff8000b344 (0xcc3f2023) sw      gp, -832(t5)
3 0x8000b344 (0xcc3f2023) mem 0x8000c000 0x00000001
core   0: 0xffffffff8000b348 (0xff9ff06f) j       pc - 0x8
3 0x8000b348 (0xff9ff06f)
core   0: 0xffffffff8000b340 (0x00001f17) auipc   t5, 0x1
3 0x8000b340 (0x00001f17) x30 0x8000c340
core   0: 0xffffffff8000b344 (0xcc3f2023) sw      gp, -832(t5)
3 0x8000b344 (0xcc3f2023) mem 0x8000c000 0x00000001
core   0: 0xffffffff8000b348 (0xff9ff06f) j       pc - 0x8
3 0x8000b348 (0xff9ff06f)
core   0: 0xffffffff8000b340 (0x00001f17) auipc   t5, 0x1
3 0x8000b340 (0x00001f17) x30 0x8000c340
core   0: 0xffffffff8000b344 (0xcc3f2023) sw      gp, -832(t5)
3 0x8000b344 (0xcc3f2023) mem 0x8000c000 0x00000001
core   0: 0xffffffff8000b348 (0xff9ff06f) j       pc - 0x8
3 0x8000b348 (0xff9ff06f)
core   0: 0xffffffff8000b340 (0x00001f17) auipc   t5, 0x1
3 0x8000b340 (0x00001f17) x30 0x8000c340
core   0: 0xffffffff8000b344 (0xcc3f2023) sw      gp, -832(t5)
3 0x8000b344 (0xcc3f2023) mem 0x8000c000 0x00000001
core   0: 0xffffffff8000b348 (0xff9ff06f) j       pc - 0x8
3 0x8000b348 (0xff9ff06f)
core   0: 0xffffffff8000b340 (0x00001f17) auipc   t5, 0x1
3 0x8000b340 (0x00001f17) x30 0x8000c340
core   0: 0xffffffff8000b344 (0xcc3f2023) sw      gp, -832(t5)
3 0x8000b344 (0xcc3f2023) mem 0x8000c000 0x00000001
core   0: 0xffffffff8000b348 (0xff9ff06f) j       pc - 0x8
3 0x8000b348 (0xff9ff06f)
core   0: 0xffffffff8000b340 (0x00001f17) auipc   t5, 0x1
3 0x8000b340 (0x00001f17) x30 0x8000c340
core   0: 0xffffffff8000b344 (0xcc3f2023) sw      gp, -832(t5)
3 0x8000b344 (0xcc3f2023) mem 0x8000c000 0x00000001
core   0: 0xffffffff8000b348 (0xff9ff06f) j       pc - 0x8
3 0x8000b348 (0xff9ff06f)
core   0: 0xffffffff8000b340 (0x00001f17) auipc   t5, 0x1
3 0x8000b340 (0x00001f17) x30 0x8000c340
core   0: 0xffffffff8000b344 (0xcc3f2023) sw      gp, -832(t5)
3 0x8000b344 (0xcc3f2023) mem 0x8000c000 0x00000001
core   0: 0xffffffff8000b348 (0xff9ff06f) j       pc - 0x8
3 0x8000b348 (0xff9ff06f)
core   0: 0xffffffff8000b340 (0x00001f17) auipc   t5, 0x1
3 0x8000b340 (0x00001f17) x30 0x8000c340
core   0: 0xffffffff8000b344 (0xcc3f2023) sw      gp, -832(t5)
3 0x8000b344 (0xcc3f2023) mem 0x8000c000 0x00000001
core   0: 0xffffffff8000b348 (0xff9ff06f) j       pc - 0x8
3 0x8000b348 (0xff9ff06f)
core   0: 0xffffffff8000b340 (0x00001f17) auipc   t5, 0x1
3 0x8000b340 (0x00001f17) x30 0x8000c340
core   0: 0xffffffff8000b344 (0xcc3f2023) sw      gp, -832(t5)
3 0x8000b344 (0xcc3f2023) mem 0x8000c000 0x00000001
core   0: 0xffffffff8000b348 (0xff9ff06f) j       pc - 0x8
3 0x8000b348 (0xff9ff06f)
core   0: 0xffffffff8000b340 (0x00001f17) auipc   t5, 0x1
3 0x8000b340 (0x00001f17) x30 0x8000c340
core   0: 0xffffffff8000b344 (0xcc3f2023) sw      gp, -832(t5)
3 0x8000b344 (0xcc3f2023) mem 0x8000c000 0x00000001
core   0: 0xffffffff8000b348 (0xff9ff06f) j       pc - 0x8
3 0x8000b348 (0xff9ff06f)
core   0: 0xffffffff8000b340 (0x00001f17) auipc   t5, 0x1
3 0x8000b340 (0x00001f17) x30 0x8000c340
core   0: 0xffffffff8000b344 (0xcc3f2023) sw      gp, -832(t5)
3 0x8000b344 (0xcc3f2023) mem 0x8000c000 0x00000001
core   0: 0xffffffff8000b348 (0xff9ff06f) j       pc - 0x8
3 0x8000b348 (0xff9ff06f)
core   0: 0xffffffff8000b340 (0x00001f17) auipc   t5, 0x1
3 0x8000b340 (0x00001f17) x30 0x8000c340
core   0: 0xffffffff8000b344 (0xcc3f2023) sw      gp, -832(t5)
3 0x8000b344 (0xcc3f2023) mem 0x8000c000 0x00000001
core   0: 0xffffffff8000b348 (0xff9ff06f) j       pc - 0x8
3 0x8000b348 (0xff9ff06f)
core   0: 0xffffffff8000b340 (0x00001f17) auipc   t5, 0x1
3 0x8000b340 (0x00001f17) x30 0x8000c340
core   0: 0xffffffff8000b344 (0xcc3f2023) sw      gp, -832(t5)
3 0x8000b344 (0xcc3f2023) mem 0x8000c000 0x00000001
core   0: 0xffffffff8000b348 (0xff9ff06f) j       pc - 0x8
3 0x8000b348 (0xff9ff06f)
core   0: 0xffffffff8000b340 (0x00001f17) auipc   t5, 0x1
3 0x8000b340 (0x00001f17) x30 0x8000c340
core   0: 0xffffffff8000b344 (0xcc3f2023) sw      gp, -832(t5)
3 0x8000b344 (0xcc3f2023) mem 0x8000c000 0x00000001
core   0: 0xffffffff8000b348 (0xff9ff06f) j       pc - 0x8
3 0x8000b348 (0xff9ff06f)
core   0: 0xffffffff8000b340 (0x00001f17) auipc   t5, 0x1
3 0x8000b340 (0x00001f17) x30 0x8000c340
core   0: 0xffffffff8000b344 (0xcc3f2023) sw      gp, -832(t5)
3 0x8000b344 (0xcc3f2023) mem 0x8000c000 0x00000001
core   0: 0xffffffff8000b348 (0xff9ff06f) j       pc - 0x8
3 0x8000b348 (0xff9ff06f)
core   0: 0xffffffff8000b340 (0x00001f17) auipc   t5, 0x1
3 0x8000b340 (0x00001f17) x30 0x8000c340
core   0: 0xffffffff8000b344 (0xcc3f2023) sw      gp, -832(t5)
3 0x8000b344 (0xcc3f2023) mem 0x8000c000 0x00000001
core   0: 0xffffffff8000b348 (0xff9ff06f) j       pc - 0x8
3 0x8000b348 (0xff9ff06f)
core   0: 0xffffffff8000b340 (0x00001f17) auipc   t5, 0x1
3 0x8000b340 (0x00001f17) x30 0x8000c340
core   0: 0xffffffff8000b344 (0xcc3f2023) sw      gp, -832(t5)
3 0x8000b344 (0xcc3f2023) mem 0x8000c000 0x00000001
core   0: 0xffffffff8000b348 (0xff9ff06f) j       pc - 0x8
3 0x8000b348 (0xff9ff06f)
core   0: 0xffffffff8000b340 (0x00001f17) auipc   t5, 0x1
3 0x8000b340 (0x00001f17) x30 0x8000c340
core   0: 0xffffffff8000b344 (0xcc3f2023) sw      gp, -832(t5)
3 0x8000b344 (0xcc3f2023) mem 0x8000c000 0x00000001
core   0: 0xffffffff8000b348 (0xff9ff06f) j       pc - 0x8
3 0x8000b348 (0xff9ff06f)
core   0: 0xffffffff8000b340 (0x00001f17) auipc   t5, 0x1
3 0x8000b340 (0x00001f17) x30 0x8000c340
core   0: 0xffffffff8000b344 (0xcc3f2023) sw      gp, -832(t5)
3 0x8000b344 (0xcc3f2023) mem 0x8000c000 0x00000001
core   0: 0xffffffff8000b348 (0xff9ff06f) j       pc - 0x8
3 0x8000b348 (0xff9ff06f)
core   0: 0xffffffff8000b340 (0x00001f17) auipc   t5, 0x1
3 0x8000b340 (0x00001f17) x30 0x8000c340
core   0: 0xffffffff8000b344 (0xcc3f2023) sw      gp, -832(t5)
3 0x8000b344 (0xcc3f2023) mem 0x8000c000 0x00000001
core   0: 0xffffffff8000b348 (0xff9ff06f) j       pc - 0x8
3 0x8000b348 (0xff9ff06f)
core   0: 0xffffffff8000b340 (0x00001f17) auipc   t5, 0x1
3 0x8000b340 (0x00001f17) x30 0x8000c340
core   0: 0xffffffff8000b344 (0xcc3f2023) sw      gp, -832(t5)
3 0x8000b344 (0xcc3f2023) mem 0x8000c000 0x00000001
core   0: 0xffffffff8000b348 (0xff9ff06f) j       pc - 0x8
3 0x8000b348 (0xff9ff06f)
core   0: 0xffffffff8000b340 (0x00001f17) auipc   t5, 0x1
3 0x8000b340 (0x00001f17) x30 0x8000c340
core   0: 0xffffffff8000b344 (0xcc3f2023) sw      gp, -832(t5)
3 0x8000b344 (0xcc3f2023) mem 0x8000c000 0x00000001
core   0: 0xffffffff8000b348 (0xff9ff06f) j       pc - 0x8
3 0x8000b348 (0xff9ff06f)
core   0: 0xffffffff8000b340 (0x00001f17) auipc   t5, 0x1
3 0x8000b340 (0x00001f17) x30 0x8000c340
core   0: 0xffffffff8000b344 (0xcc3f2023) sw      gp, -832(t5)
3 0x8000b344 (0xcc3f2023) mem 0x8000c000 0x00000001
core   0: 0xffffffff8000b348 (0xff9ff06f) j       pc - 0x8
3 0x8000b348 (0xff9ff06f)
core   0: 0xffffffff8000b340 (0x00001f17) auipc   t5, 0x1
3 0x8000b340 (0x00001f17) x30 0x8000c340
core   0: 0xffffffff8000b344 (0xcc3f2023) sw      gp, -832(t5)
3 0x8000b344 (0xcc3f2023) mem 0x8000c000 0x00000001
core   0: 0xffffffff8000b348 (0xff9ff06f) j       pc - 0x8
3 0x8000b348 (0xff9ff06f)
core   0: 0xffffffff8000b340 (0x00001f17) auipc   t5, 0x1
3 0x8000b340 (0x00001f17) x30 0x8000c340
core   0: 0xffffffff8000b344 (0xcc3f2023) sw      gp, -832(t5)
3 0x8000b344 (0xcc3f2023) mem 0x8000c000 0x00000001
core   0: 0xffffffff8000b348 (0xff9ff06f) j       pc - 0x8
3 0x8000b348 (0xff9ff06f)
core   0: 0xffffffff8000b340 (0x00001f17) auipc   t5, 0x1
3 0x8000b340 (0x00001f17) x30 0x8000c340
core   0: 0xffffffff8000b344 (0xcc3f2023) sw      gp, -832(t5)
3 0x8000b344 (0xcc3f2023) mem 0x8000c000 0x00000001
core   0: 0xffffffff8000b348 (0xff9ff06f) j       pc - 0x8
3 0x8000b348 (0xff9ff06f)
core   0: 0xffffffff8000b340 (0x00001f17) auipc   t5, 0x1
3 0x8000b340 (0x00001f17) x30 0x8000c340
core   0: 0xffffffff8000b344 (0xcc3f2023) sw      gp, -832(t5)
3 0x8000b344 (0xcc3f2023) mem 0x8000c000 0x00000001
core   0: 0xffffffff8000b348 (0xff9ff06f) j       pc - 0x8
3 0x8000b348 (0xff9ff06f)
core   0: 0xffffffff8000b340 (0x00001f17) auipc   t5, 0x1
3 0x8000b340 (0x00001f17) x30 0x8000c340
core   0: 0xffffffff8000b344 (0xcc3f2023) sw      gp, -832(t5)
3 0x8000b344 (0xcc3f2023) mem 0x8000c000 0x00000001
core   0: 0xffffffff8000b348 (0xff9ff06f) j       pc - 0x8
3 0x8000b348 (0xff9ff06f)
core   0: 0xffffffff8000b340 (0x00001f17) auipc   t5, 0x1
3 0x8000b340 (0x00001f17) x30 0x8000c340
core   0: 0xffffffff8000b344 (0xcc3f2023) sw      gp, -832(t5)
3 0x8000b344 (0xcc3f2023) mem 0x8000c000 0x00000001
core   0: 0xffffffff8000b348 (0xff9ff06f) j       pc - 0x8
3 0x8000b348 (0xff9ff06f)
core   0: 0xffffffff8000b340 (0x00001f17) auipc   t5, 0x1
3 0x8000b340 (0x00001f17) x30 0x8000c340
core   0: 0xffffffff8000b344 (0xcc3f2023) sw      gp, -832(t5)
3 0x8000b344 (0xcc3f2023) mem 0x8000c000 0x00000001
core   0: 0xffffffff8000b348 (0xff9ff06f) j       pc - 0x8
3 0x8000b348 (0xff9ff06f)
core   0: 0xffffffff8000b340 (0x00001f17) auipc   t5, 0x1
3 0x8000b340 (0x00001f17) x30 0x8000c340
core   0: 0xffffffff8000b344 (0xcc3f2023) sw      gp, -832(t5)
3 0x8000b344 (0xcc3f2023) mem 0x8000c000 0x00000001
core   0: 0xffffffff8000b348 (0xff9ff06f) j       pc - 0x8
3 0x8000b348 (0xff9ff06f)
core   0: 0xffffffff8000b340 (0x00001f17) auipc   t5, 0x1
3 0x8000b340 (0x00001f17) x30 0x8000c340
core   0: 0xffffffff8000b344 (0xcc3f2023) sw      gp, -832(t5)
3 0x8000b344 (0xcc3f2023) mem 0x8000c000 0x00000001
core   0: 0xffffffff8000b348 (0xff9ff06f) j       pc - 0x8
3 0x8000b348 (0xff9ff06f)
core   0: 0xffffffff8000b340 (0x00001f17) auipc   t5, 0x1
3 0x8000b340 (0x00001f17) x30 0x8000c340
core   0: 0xffffffff8000b344 (0xcc3f2023) sw      gp, -832(t5)
3 0x8000b344 (0xcc3f2023) mem 0x8000c000 0x00000001
core   0: 0xffffffff8000b348 (0xff9ff06f) j       pc - 0x8
3 0x8000b348 (0xff9ff06f)
core   0: 0xffffffff8000b340 (0x00001f17) auipc   t5, 0x1
3 0x8000b340 (0x00001f17) x30 0x8000c340
core   0: 0xffffffff8000b344 (0xcc3f2023) sw      gp, -832(t5)
3 0x8000b344 (0xcc3f2023) mem 0x8000c000 0x00000001
core   0: 0xffffffff8000b348 (0xff9ff06f) j       pc - 0x8
3 0x8000b348 (0xff9ff06f)
core   0: 0xffffffff8000b340 (0x00001f17) auipc   t5, 0x1
3 0x8000b340 (0x00001f17) x30 0x8000c340
core   0: 0xffffffff8000b344 (0xcc3f2023) sw      gp, -832(t5)
3 0x8000b344 (0xcc3f2023) mem 0x8000c000 0x00000001
core   0: 0xffffffff8000b348 (0xff9ff06f) j       pc - 0x8
3 0x8000b348 (0xff9ff06f)
core   0: 0xffffffff8000b340 (0x00001f17) auipc   t5, 0x1
3 0x8000b340 (0x00001f17) x30 0x8000c340
core   0: 0xffffffff8000b344 (0xcc3f2023) sw      gp, -832(t5)
3 0x8000b344 (0xcc3f2023) mem 0x8000c000 0x00000001
core   0: 0xffffffff8000b348 (0xff9ff06f) j       pc - 0x8
3 0x8000b348 (0xff9ff06f)
core   0: 0xffffffff8000b340 (0x00001f17) auipc   t5, 0x1
3 0x8000b340 (0x00001f17) x30 0x8000c340
core   0: 0xffffffff8000b344 (0xcc3f2023) sw      gp, -832(t5)
3 0x8000b344 (0xcc3f2023) mem 0x8000c000 0x00000001
core   0: 0xffffffff8000b348 (0xff9ff06f) j       pc - 0x8
3 0x8000b348 (0xff9ff06f)
core   0: 0xffffffff8000b340 (0x00001f17) auipc   t5, 0x1
3 0x8000b340 (0x00001f17) x30 0x8000c340
core   0: 0xffffffff8000b344 (0xcc3f2023) sw      gp, -832(t5)
3 0x8000b344 (0xcc3f2023) mem 0x8000c000 0x00000001
core   0: 0xffffffff8000b348 (0xff9ff06f) j       pc - 0x8
3 0x8000b348 (0xff9ff06f)
core   0: 0xffffffff8000b340 (0x00001f17) auipc   t5, 0x1
3 0x8000b340 (0x00001f17) x30 0x8000c340
core   0: 0xffffffff8000b344 (0xcc3f2023) sw      gp, -832(t5)
3 0x8000b344 (0xcc3f2023) mem 0x8000c000 0x00000001
core   0: 0xffffffff8000b348 (0xff9ff06f) j       pc - 0x8
3 0x8000b348 (0xff9ff06f)
core   0: 0xffffffff8000b340 (0x00001f17) auipc   t5, 0x1
3 0x8000b340 (0x00001f17) x30 0x8000c340
core   0: 0xffffffff8000b344 (0xcc3f2023) sw      gp, -832(t5)
3 0x8000b344 (0xcc3f2023) mem 0x8000c000 0x00000001
core   0: 0xffffffff8000b348 (0xff9ff06f) j       pc - 0x8
3 0x8000b348 (0xff9ff06f)
core   0: 0xffffffff8000b340 (0x00001f17) auipc   t5, 0x1
3 0x8000b340 (0x00001f17) x30 0x8000c340
core   0: 0xffffffff8000b344 (0xcc3f2023) sw      gp, -832(t5)
3 0x8000b344 (0xcc3f2023) mem 0x8000c000 0x00000001
core   0: 0xffffffff8000b348 (0xff9ff06f) j       pc - 0x8
3 0x8000b348 (0xff9ff06f)
core   0: 0xffffffff8000b340 (0x00001f17) auipc   t5, 0x1
3 0x8000b340 (0x00001f17) x30 0x8000c340
core   0: 0xffffffff8000b344 (0xcc3f2023) sw      gp, -832(t5)
3 0x8000b344 (0xcc3f2023) mem 0x8000c000 0x00000001
core   0: 0xffffffff8000b348 (0xff9ff06f) j       pc - 0x8
3 0x8000b348 (0xff9ff06f)
core   0: 0xffffffff8000b340 (0x00001f17) auipc   t5, 0x1
3 0x8000b340 (0x00001f17) x30 0x8000c340
core   0: 0xffffffff8000b344 (0xcc3f2023) sw      gp, -832(t5)
3 0x8000b344 (0xcc3f2023) mem 0x8000c000 0x00000001
core   0: 0xffffffff8000b348 (0xff9ff06f) j       pc - 0x8
3 0x8000b348 (0xff9ff06f)
core   0: 0xffffffff8000b340 (0x00001f17) auipc   t5, 0x1
3 0x8000b340 (0x00001f17) x30 0x8000c340
core   0: 0xffffffff8000b344 (0xcc3f2023) sw      gp, -832(t5)
3 0x8000b344 (0xcc3f2023) mem 0x8000c000 0x00000001
core   0: 0xffffffff8000b348 (0xff9ff06f) j       pc - 0x8
3 0x8000b348 (0xff9ff06f)
core   0: 0xffffffff8000b340 (0x00001f17) auipc   t5, 0x1
3 0x8000b340 (0x00001f17) x30 0x8000c340
core   0: 0xffffffff8000b344 (0xcc3f2023) sw      gp, -832(t5)
3 0x8000b344 (0xcc3f2023) mem 0x8000c000 0x00000001
core   0: 0xffffffff8000b348 (0xff9ff06f) j       pc - 0x8
3 0x8000b348 (0xff9ff06f)
core   0: 0xffffffff8000b340 (0x00001f17) auipc   t5, 0x1
3 0x8000b340 (0x00001f17) x30 0x8000c340
core   0: 0xffffffff8000b344 (0xcc3f2023) sw      gp, -832(t5)
3 0x8000b344 (0xcc3f2023) mem 0x8000c000 0x00000001
core   0: 0xffffffff8000b348 (0xff9ff06f) j       pc - 0x8
3 0x8000b348 (0xff9ff06f)
core   0: 0xffffffff8000b340 (0x00001f17) auipc   t5, 0x1
3 0x8000b340 (0x00001f17) x30 0x8000c340
core   0: 0xffffffff8000b344 (0xcc3f2023) sw      gp, -832(t5)
3 0x8000b344 (0xcc3f2023) mem 0x8000c000 0x00000001
core   0: 0xffffffff8000b348 (0xff9ff06f) j       pc - 0x8
3 0x8000b348 (0xff9ff06f)
core   0: 0xffffffff8000b340 (0x00001f17) auipc   t5, 0x1
3 0x8000b340 (0x00001f17) x30 0x8000c340
core   0: 0xffffffff8000b344 (0xcc3f2023) sw      gp, -832(t5)
3 0x8000b344 (0xcc3f2023) mem 0x8000c000 0x00000001
core   0: 0xffffffff8000b348 (0xff9ff06f) j       pc - 0x8
3 0x8000b348 (0xff9ff06f)
core   0: 0xffffffff8000b340 (0x00001f17) auipc   t5, 0x1
3 0x8000b340 (0x00001f17) x30 0x8000c340
core   0: 0xffffffff8000b344 (0xcc3f2023) sw      gp, -832(t5)
3 0x8000b344 (0xcc3f2023) mem 0x8000c000 0x00000001
core   0: 0xffffffff8000b348 (0xff9ff06f) j       pc - 0x8
3 0x8000b348 (0xff9ff06f)
core   0: 0xffffffff8000b340 (0x00001f17) auipc   t5, 0x1
3 0x8000b340 (0x00001f17) x30 0x8000c340
core   0: 0xffffffff8000b344 (0xcc3f2023) sw      gp, -832(t5)
3 0x8000b344 (0xcc3f2023) mem 0x8000c000 0x00000001
core   0: 0xffffffff8000b348 (0xff9ff06f) j       pc - 0x8
3 0x8000b348 (0xff9ff06f)
core   0: 0xffffffff8000b340 (0x00001f17) auipc   t5, 0x1
3 0x8000b340 (0x00001f17) x30 0x8000c340
core   0: 0xffffffff8000b344 (0xcc3f2023) sw      gp, -832(t5)
3 0x8000b344 (0xcc3f2023) mem 0x8000c000 0x00000001
core   0: 0xffffffff8000b348 (0xff9ff06f) j       pc - 0x8
3 0x8000b348 (0xff9ff06f)
core   0: 0xffffffff8000b340 (0x00001f17) auipc   t5, 0x1
3 0x8000b340 (0x00001f17) x30 0x8000c340
core   0: 0xffffffff8000b344 (0xcc3f2023) sw      gp, -832(t5)
3 0x8000b344 (0xcc3f2023) mem 0x8000c000 0x00000001
core   0: 0xffffffff8000b348 (0xff9ff06f) j       pc - 0x8
3 0x8000b348 (0xff9ff06f)
core   0: 0xffffffff8000b340 (0x00001f17) auipc   t5, 0x1
3 0x8000b340 (0x00001f17) x30 0x8000c340
core   0: 0xffffffff8000b344 (0xcc3f2023) sw      gp, -832(t5)
3 0x8000b344 (0xcc3f2023) mem 0x8000c000 0x00000001
core   0: 0xffffffff8000b348 (0xff9ff06f) j       pc - 0x8
3 0x8000b348 (0xff9ff06f)
core   0: 0xffffffff8000b340 (0x00001f17) auipc   t5, 0x1
3 0x8000b340 (0x00001f17) x30 0x8000c340
core   0: 0xffffffff8000b344 (0xcc3f2023) sw      gp, -832(t5)
3 0x8000b344 (0xcc3f2023) mem 0x8000c000 0x00000001
core   0: 0xffffffff8000b348 (0xff9ff06f) j       pc - 0x8
3 0x8000b348 (0xff9ff06f)
core   0: 0xffffffff8000b340 (0x00001f17) auipc   t5, 0x1
3 0x8000b340 (0x00001f17) x30 0x8000c340
core   0: 0xffffffff8000b344 (0xcc3f2023) sw      gp, -832(t5)
3 0x8000b344 (0xcc3f2023) mem 0x8000c000 0x00000001
core   0: 0xffffffff8000b348 (0xff9ff06f) j       pc - 0x8
3 0x8000b348 (0xff9ff06f)
core   0: 0xffffffff8000b340 (0x00001f17) auipc   t5, 0x1
3 0x8000b340 (0x00001f17) x30 0x8000c340
core   0: 0xffffffff8000b344 (0xcc3f2023) sw      gp, -832(t5)
3 0x8000b344 (0xcc3f2023) mem 0x8000c000 0x00000001
core   0: 0xffffffff8000b348 (0xff9ff06f) j       pc - 0x8
3 0x8000b348 (0xff9ff06f)
core   0: 0xffffffff8000b340 (0x00001f17) auipc   t5, 0x1
3 0x8000b340 (0x00001f17) x30 0x8000c340
core   0: 0xffffffff8000b344 (0xcc3f2023) sw      gp, -832(t5)
3 0x8000b344 (0xcc3f2023) mem 0x8000c000 0x00000001
core   0: 0xffffffff8000b348 (0xff9ff06f) j       pc - 0x8
3 0x8000b348 (0xff9ff06f)
core   0: 0xffffffff8000b340 (0x00001f17) auipc   t5, 0x1
3 0x8000b340 (0x00001f17) x30 0x8000c340
core   0: 0xffffffff8000b344 (0xcc3f2023) sw      gp, -832(t5)
3 0x8000b344 (0xcc3f2023) mem 0x8000c000 0x00000001
core   0: 0xffffffff8000b348 (0xff9ff06f) j       pc - 0x8
3 0x8000b348 (0xff9ff06f)
core   0: 0xffffffff8000b340 (0x00001f17) auipc   t5, 0x1
3 0x8000b340 (0x00001f17) x30 0x8000c340
core   0: 0xffffffff8000b344 (0xcc3f2023) sw      gp, -832(t5)
3 0x8000b344 (0xcc3f2023) mem 0x8000c000 0x00000001
core   0: 0xffffffff8000b348 (0xff9ff06f) j       pc - 0x8
3 0x8000b348 (0xff9ff06f)
core   0: 0xffffffff8000b340 (0x00001f17) auipc   t5, 0x1
3 0x8000b340 (0x00001f17) x30 0x8000c340
core   0: 0xffffffff8000b344 (0xcc3f2023) sw      gp, -832(t5)
3 0x8000b344 (0xcc3f2023) mem 0x8000c000 0x00000001
core   0: 0xffffffff8000b348 (0xff9ff06f) j       pc - 0x8
3 0x8000b348 (0xff9ff06f)
core   0: 0xffffffff8000b340 (0x00001f17) auipc   t5, 0x1
3 0x8000b340 (0x00001f17) x30 0x8000c340
core   0: 0xffffffff8000b344 (0xcc3f2023) sw      gp, -832(t5)
3 0x8000b344 (0xcc3f2023) mem 0x8000c000 0x00000001
core   0: 0xffffffff8000b348 (0xff9ff06f) j       pc - 0x8
3 0x8000b348 (0xff9ff06f)
core   0: 0xffffffff8000b340 (0x00001f17) auipc   t5, 0x1
3 0x8000b340 (0x00001f17) x30 0x8000c340
core   0: 0xffffffff8000b344 (0xcc3f2023) sw      gp, -832(t5)
3 0x8000b344 (0xcc3f2023) mem 0x8000c000 0x00000001
core   0: 0xffffffff8000b348 (0xff9ff06f) j       pc - 0x8
3 0x8000b348 (0xff9ff06f)
core   0: 0xffffffff8000b340 (0x00001f17) auipc   t5, 0x1
3 0x8000b340 (0x00001f17) x30 0x8000c340
core   0: 0xffffffff8000b344 (0xcc3f2023) sw      gp, -832(t5)
3 0x8000b344 (0xcc3f2023) mem 0x8000c000 0x00000001
core   0: 0xffffffff8000b348 (0xff9ff06f) j       pc - 0x8
3 0x8000b348 (0xff9ff06f)
core   0: 0xffffffff8000b340 (0x00001f17) auipc   t5, 0x1
3 0x8000b340 (0x00001f17) x30 0x8000c340
core   0: 0xffffffff8000b344 (0xcc3f2023) sw      gp, -832(t5)
3 0x8000b344 (0xcc3f2023) mem 0x8000c000 0x00000001
core   0: 0xffffffff8000b348 (0xff9ff06f) j       pc - 0x8
3 0x8000b348 (0xff9ff06f)
core   0: 0xffffffff8000b340 (0x00001f17) auipc   t5, 0x1
3 0x8000b340 (0x00001f17) x30 0x8000c340
core   0: 0xffffffff8000b344 (0xcc3f2023) sw      gp, -832(t5)
3 0x8000b344 (0xcc3f2023) mem 0x8000c000 0x00000001
core   0: 0xffffffff8000b348 (0xff9ff06f) j       pc - 0x8
3 0x8000b348 (0xff9ff06f)
core   0: 0xffffffff8000b340 (0x00001f17) auipc   t5, 0x1
3 0x8000b340 (0x00001f17) x30 0x8000c340
core   0: 0xffffffff8000b344 (0xcc3f2023) sw      gp, -832(t5)
3 0x8000b344 (0xcc3f2023) mem 0x8000c000 0x00000001
core   0: 0xffffffff8000b348 (0xff9ff06f) j       pc - 0x8
3 0x8000b348 (0xff9ff06f)
core   0: 0xffffffff8000b340 (0x00001f17) auipc   t5, 0x1
3 0x8000b340 (0x00001f17) x30 0x8000c340
core   0: 0xffffffff8000b344 (0xcc3f2023) sw      gp, -832(t5)
3 0x8000b344 (0xcc3f2023) mem 0x8000c000 0x00000001
core   0: 0xffffffff8000b348 (0xff9ff06f) j       pc - 0x8
3 0x8000b348 (0xff9ff06f)
core   0: 0xffffffff8000b340 (0x00001f17) auipc   t5, 0x1
3 0x8000b340 (0x00001f17) x30 0x8000c340
core   0: 0xffffffff8000b344 (0xcc3f2023) sw      gp, -832(t5)
3 0x8000b344 (0xcc3f2023) mem 0x8000c000 0x00000001
core   0: 0xffffffff8000b348 (0xff9ff06f) j       pc - 0x8
3 0x8000b348 (0xff9ff06f)
core   0: 0xffffffff8000b340 (0x00001f17) auipc   t5, 0x1
3 0x8000b340 (0x00001f17) x30 0x8000c340
core   0: 0xffffffff8000b344 (0xcc3f2023) sw      gp, -832(t5)
3 0x8000b344 (0xcc3f2023) mem 0x8000c000 0x00000001
core   0: 0xffffffff8000b348 (0xff9ff06f) j       pc - 0x8
3 0x8000b348 (0xff9ff06f)
core   0: 0xffffffff8000b340 (0x00001f17) auipc   t5, 0x1
3 0x8000b340 (0x00001f17) x30 0x8000c340
core   0: 0xffffffff8000b344 (0xcc3f2023) sw      gp, -832(t5)
3 0x8000b344 (0xcc3f2023) mem 0x8000c000 0x00000001
core   0: 0xffffffff8000b348 (0xff9ff06f) j       pc - 0x8
3 0x8000b348 (0xff9ff06f)
core   0: 0xffffffff8000b340 (0x00001f17) auipc   t5, 0x1
3 0x8000b340 (0x00001f17) x30 0x8000c340
core   0: 0xffffffff8000b344 (0xcc3f2023) sw      gp, -832(t5)
3 0x8000b344 (0xcc3f2023) mem 0x8000c000 0x00000001
core   0: 0xffffffff8000b348 (0xff9ff06f) j       pc - 0x8
3 0x8000b348 (0xff9ff06f)
core   0: 0xffffffff8000b340 (0x00001f17) auipc   t5, 0x1
3 0x8000b340 (0x00001f17) x30 0x8000c340
core   0: 0xffffffff8000b344 (0xcc3f2023) sw      gp, -832(t5)
3 0x8000b344 (0xcc3f2023) mem 0x8000c000 0x00000001
core   0: 0xffffffff8000b348 (0xff9ff06f) j       pc - 0x8
3 0x8000b348 (0xff9ff06f)
core   0: 0xffffffff8000b340 (0x00001f17) auipc   t5, 0x1
3 0x8000b340 (0x00001f17) x30 0x8000c340
core   0: 0xffffffff8000b344 (0xcc3f2023) sw      gp, -832(t5)
3 0x8000b344 (0xcc3f2023) mem 0x8000c000 0x00000001
core   0: 0xffffffff8000b348 (0xff9ff06f) j       pc - 0x8
3 0x8000b348 (0xff9ff06f)
core   0: 0xffffffff8000b340 (0x00001f17) auipc   t5, 0x1
3 0x8000b340 (0x00001f17) x30 0x8000c340
core   0: 0xffffffff8000b344 (0xcc3f2023) sw      gp, -832(t5)
3 0x8000b344 (0xcc3f2023) mem 0x8000c000 0x00000001
core   0: 0xffffffff8000b348 (0xff9ff06f) j       pc - 0x8
3 0x8000b348 (0xff9ff06f)
core   0: 0xffffffff8000b340 (0x00001f17) auipc   t5, 0x1
3 0x8000b340 (0x00001f17) x30 0x8000c340
core   0: 0xffffffff8000b344 (0xcc3f2023) sw      gp, -832(t5)
3 0x8000b344 (0xcc3f2023) mem 0x8000c000 0x00000001
core   0: 0xffffffff8000b348 (0xff9ff06f) j       pc - 0x8
3 0x8000b348 (0xff9ff06f)
core   0: 0xffffffff8000b340 (0x00001f17) auipc   t5, 0x1
3 0x8000b340 (0x00001f17) x30 0x8000c340
core   0: 0xffffffff8000b344 (0xcc3f2023) sw      gp, -832(t5)
3 0x8000b344 (0xcc3f2023) mem 0x8000c000 0x00000001
core   0: 0xffffffff8000b348 (0xff9ff06f) j       pc - 0x8
3 0x8000b348 (0xff9ff06f)
core   0: 0xffffffff8000b340 (0x00001f17) auipc   t5, 0x1
3 0x8000b340 (0x00001f17) x30 0x8000c340
core   0: 0xffffffff8000b344 (0xcc3f2023) sw      gp, -832(t5)
3 0x8000b344 (0xcc3f2023) mem 0x8000c000 0x00000001
core   0: 0xffffffff8000b348 (0xff9ff06f) j       pc - 0x8
3 0x8000b348 (0xff9ff06f)
core   0: 0xffffffff8000b340 (0x00001f17) auipc   t5, 0x1
3 0x8000b340 (0x00001f17) x30 0x8000c340
core   0: 0xffffffff8000b344 (0xcc3f2023) sw      gp, -832(t5)
3 0x8000b344 (0xcc3f2023) mem 0x8000c000 0x00000001
core   0: 0xffffffff8000b348 (0xff9ff06f) j       pc - 0x8
3 0x8000b348 (0xff9ff06f)
core   0: 0xffffffff8000b340 (0x00001f17) auipc   t5, 0x1
3 0x8000b340 (0x00001f17) x30 0x8000c340
core   0: 0xffffffff8000b344 (0xcc3f2023) sw      gp, -832(t5)
3 0x8000b344 (0xcc3f2023) mem 0x8000c000 0x00000001
core   0: 0xffffffff8000b348 (0xff9ff06f) j       pc - 0x8
3 0x8000b348 (0xff9ff06f)
core   0: 0xffffffff8000b340 (0x00001f17) auipc   t5, 0x1
3 0x8000b340 (0x00001f17) x30 0x8000c340
core   0: 0xffffffff8000b344 (0xcc3f2023) sw      gp, -832(t5)
3 0x8000b344 (0xcc3f2023) mem 0x8000c000 0x00000001
core   0: 0xffffffff8000b348 (0xff9ff06f) j       pc - 0x8
3 0x8000b348 (0xff9ff06f)
core   0: 0xffffffff8000b340 (0x00001f17) auipc   t5, 0x1
3 0x8000b340 (0x00001f17) x30 0x8000c340
core   0: 0xffffffff8000b344 (0xcc3f2023) sw      gp, -832(t5)
3 0x8000b344 (0xcc3f2023) mem 0x8000c000 0x00000001
core   0: 0xffffffff8000b348 (0xff9ff06f) j       pc - 0x8
3 0x8000b348 (0xff9ff06f)
core   0: 0xffffffff8000b340 (0x00001f17) auipc   t5, 0x1
3 0x8000b340 (0x00001f17) x30 0x8000c340
core   0: 0xffffffff8000b344 (0xcc3f2023) sw      gp, -832(t5)
3 0x8000b344 (0xcc3f2023) mem 0x8000c000 0x00000001
core   0: 0xffffffff8000b348 (0xff9ff06f) j       pc - 0x8
3 0x8000b348 (0xff9ff06f)
core   0: 0xffffffff8000b340 (0x00001f17) auipc   t5, 0x1
3 0x8000b340 (0x00001f17) x30 0x8000c340
core   0: 0xffffffff8000b344 (0xcc3f2023) sw      gp, -832(t5)
3 0x8000b344 (0xcc3f2023) mem 0x8000c000 0x00000001
core   0: 0xffffffff8000b348 (0xff9ff06f) j       pc - 0x8
3 0x8000b348 (0xff9ff06f)
core   0: 0xffffffff8000b340 (0x00001f17) auipc   t5, 0x1
3 0x8000b340 (0x00001f17) x30 0x8000c340
core   0: 0xffffffff8000b344 (0xcc3f2023) sw      gp, -832(t5)
3 0x8000b344 (0xcc3f2023) mem 0x8000c000 0x00000001
core   0: 0xffffffff8000b348 (0xff9ff06f) j       pc - 0x8
3 0x8000b348 (0xff9ff06f)
core   0: 0xffffffff8000b340 (0x00001f17) auipc   t5, 0x1
3 0x8000b340 (0x00001f17) x30 0x8000c340
core   0: 0xffffffff8000b344 (0xcc3f2023) sw      gp, -832(t5)
3 0x8000b344 (0xcc3f2023) mem 0x8000c000 0x00000001
core   0: 0xffffffff8000b348 (0xff9ff06f) j       pc - 0x8
3 0x8000b348 (0xff9ff06f)
core   0: 0xffffffff8000b340 (0x00001f17) auipc   t5, 0x1
3 0x8000b340 (0x00001f17) x30 0x8000c340
core   0: 0xffffffff8000b344 (0xcc3f2023) sw      gp, -832(t5)
3 0x8000b344 (0xcc3f2023) mem 0x8000c000 0x00000001
core   0: 0xffffffff8000b348 (0xff9ff06f) j       pc - 0x8
3 0x8000b348 (0xff9ff06f)
core   0: 0xffffffff8000b340 (0x00001f17) auipc   t5, 0x1
3 0x8000b340 (0x00001f17) x30 0x8000c340
core   0: 0xffffffff8000b344 (0xcc3f2023) sw      gp, -832(t5)
3 0x8000b344 (0xcc3f2023) mem 0x8000c000 0x00000001
core   0: 0xffffffff8000b348 (0xff9ff06f) j       pc - 0x8
3 0x8000b348 (0xff9ff06f)
core   0: 0xffffffff8000b340 (0x00001f17) auipc   t5, 0x1
3 0x8000b340 (0x00001f17) x30 0x8000c340
core   0: 0xffffffff8000b344 (0xcc3f2023) sw      gp, -832(t5)
3 0x8000b344 (0xcc3f2023) mem 0x8000c000 0x00000001
core   0: 0xffffffff8000b348 (0xff9ff06f) j       pc - 0x8
3 0x8000b348 (0xff9ff06f)
core   0: 0xffffffff8000b340 (0x00001f17) auipc   t5, 0x1
3 0x8000b340 (0x00001f17) x30 0x8000c340
core   0: 0xffffffff8000b344 (0xcc3f2023) sw      gp, -832(t5)
3 0x8000b344 (0xcc3f2023) mem 0x8000c000 0x00000001
core   0: 0xffffffff8000b348 (0xff9ff06f) j       pc - 0x8
3 0x8000b348 (0xff9ff06f)
core   0: 0xffffffff8000b340 (0x00001f17) auipc   t5, 0x1
3 0x8000b340 (0x00001f17) x30 0x8000c340
core   0: 0xffffffff8000b344 (0xcc3f2023) sw      gp, -832(t5)
3 0x8000b344 (0xcc3f2023) mem 0x8000c000 0x00000001
core   0: 0xffffffff8000b348 (0xff9ff06f) j       pc - 0x8
3 0x8000b348 (0xff9ff06f)
core   0: 0xffffffff8000b340 (0x00001f17) auipc   t5, 0x1
3 0x8000b340 (0x00001f17) x30 0x8000c340
core   0: 0xffffffff8000b344 (0xcc3f2023) sw      gp, -832(t5)
3 0x8000b344 (0xcc3f2023) mem 0x8000c000 0x00000001
core   0: 0xffffffff8000b348 (0xff9ff06f) j       pc - 0x8
3 0x8000b348 (0xff9ff06f)
core   0: 0xffffffff8000b340 (0x00001f17) auipc   t5, 0x1
3 0x8000b340 (0x00001f17) x30 0x8000c340
core   0: 0xffffffff8000b344 (0xcc3f2023) sw      gp, -832(t5)
3 0x8000b344 (0xcc3f2023) mem 0x8000c000 0x00000001
core   0: 0xffffffff8000b348 (0xff9ff06f) j       pc - 0x8
3 0x8000b348 (0xff9ff06f)
core   0: 0xffffffff8000b340 (0x00001f17) auipc   t5, 0x1
3 0x8000b340 (0x00001f17) x30 0x8000c340
core   0: 0xffffffff8000b344 (0xcc3f2023) sw      gp, -832(t5)
3 0x8000b344 (0xcc3f2023) mem 0x8000c000 0x00000001
core   0: 0xffffffff8000b348 (0xff9ff06f) j       pc - 0x8
3 0x8000b348 (0xff9ff06f)
core   0: 0xffffffff8000b340 (0x00001f17) auipc   t5, 0x1
3 0x8000b340 (0x00001f17) x30 0x8000c340
core   0: 0xffffffff8000b344 (0xcc3f2023) sw      gp, -832(t5)
3 0x8000b344 (0xcc3f2023) mem 0x8000c000 0x00000001
core   0: 0xffffffff8000b348 (0xff9ff06f) j       pc - 0x8
3 0x8000b348 (0xff9ff06f)
core   0: 0xffffffff8000b340 (0x00001f17) auipc   t5, 0x1
3 0x8000b340 (0x00001f17) x30 0x8000c340
core   0: 0xffffffff8000b344 (0xcc3f2023) sw      gp, -832(t5)
3 0x8000b344 (0xcc3f2023) mem 0x8000c000 0x00000001
core   0: 0xffffffff8000b348 (0xff9ff06f) j       pc - 0x8
3 0x8000b348 (0xff9ff06f)
core   0: 0xffffffff8000b340 (0x00001f17) auipc   t5, 0x1
3 0x8000b340 (0x00001f17) x30 0x8000c340
core   0: 0xffffffff8000b344 (0xcc3f2023) sw      gp, -832(t5)
3 0x8000b344 (0xcc3f2023) mem 0x8000c000 0x00000001
core   0: 0xffffffff8000b348 (0xff9ff06f) j       pc - 0x8
3 0x8000b348 (0xff9ff06f)
core   0: 0xffffffff8000b340 (0x00001f17) auipc   t5, 0x1
3 0x8000b340 (0x00001f17) x30 0x8000c340
core   0: 0xffffffff8000b344 (0xcc3f2023) sw      gp, -832(t5)
3 0x8000b344 (0xcc3f2023) mem 0x8000c000 0x00000001
core   0: 0xffffffff8000b348 (0xff9ff06f) j       pc - 0x8
3 0x8000b348 (0xff9ff06f)
core   0: 0xffffffff8000b340 (0x00001f17) auipc   t5, 0x1
3 0x8000b340 (0x00001f17) x30 0x8000c340
core   0: 0xffffffff8000b344 (0xcc3f2023) sw      gp, -832(t5)
3 0x8000b344 (0xcc3f2023) mem 0x8000c000 0x00000001
core   0: 0xffffffff8000b348 (0xff9ff06f) j       pc - 0x8
3 0x8000b348 (0xff9ff06f)
core   0: 0xffffffff8000b340 (0x00001f17) auipc   t5, 0x1
3 0x8000b340 (0x00001f17) x30 0x8000c340
core   0: 0xffffffff8000b344 (0xcc3f2023) sw      gp, -832(t5)
3 0x8000b344 (0xcc3f2023) mem 0x8000c000 0x00000001
core   0: 0xffffffff8000b348 (0xff9ff06f) j       pc - 0x8
3 0x8000b348 (0xff9ff06f)
core   0: 0xffffffff8000b340 (0x00001f17) auipc   t5, 0x1
3 0x8000b340 (0x00001f17) x30 0x8000c340
core   0: 0xffffffff8000b344 (0xcc3f2023) sw      gp, -832(t5)
3 0x8000b344 (0xcc3f2023) mem 0x8000c000 0x00000001
core   0: 0xffffffff8000b348 (0xff9ff06f) j       pc - 0x8
3 0x8000b348 (0xff9ff06f)
core   0: 0xffffffff8000b340 (0x00001f17) auipc   t5, 0x1
3 0x8000b340 (0x00001f17) x30 0x8000c340
core   0: 0xffffffff8000b344 (0xcc3f2023) sw      gp, -832(t5)
3 0x8000b344 (0xcc3f2023) mem 0x8000c000 0x00000001
core   0: 0xffffffff8000b348 (0xff9ff06f) j       pc - 0x8
3 0x8000b348 (0xff9ff06f)
core   0: 0xffffffff8000b340 (0x00001f17) auipc   t5, 0x1
3 0x8000b340 (0x00001f17) x30 0x8000c340
core   0: 0xffffffff8000b344 (0xcc3f2023) sw      gp, -832(t5)
3 0x8000b344 (0xcc3f2023) mem 0x8000c000 0x00000001
core   0: 0xffffffff8000b348 (0xff9ff06f) j       pc - 0x8
3 0x8000b348 (0xff9ff06f)
core   0: 0xffffffff8000b340 (0x00001f17) auipc   t5, 0x1
3 0x8000b340 (0x00001f17) x30 0x8000c340
core   0: 0xffffffff8000b344 (0xcc3f2023) sw      gp, -832(t5)
3 0x8000b344 (0xcc3f2023) mem 0x8000c000 0x00000001
core   0: 0xffffffff8000b348 (0xff9ff06f) j       pc - 0x8
3 0x8000b348 (0xff9ff06f)
core   0: 0xffffffff8000b340 (0x00001f17) auipc   t5, 0x1
3 0x8000b340 (0x00001f17) x30 0x8000c340
core   0: 0xffffffff8000b344 (0xcc3f2023) sw      gp, -832(t5)
3 0x8000b344 (0xcc3f2023) mem 0x8000c000 0x00000001
core   0: 0xffffffff8000b348 (0xff9ff06f) j       pc - 0x8
3 0x8000b348 (0xff9ff06f)
core   0: 0xffffffff8000b340 (0x00001f17) auipc   t5, 0x1
3 0x8000b340 (0x00001f17) x30 0x8000c340
core   0: 0xffffffff8000b344 (0xcc3f2023) sw      gp, -832(t5)
3 0x8000b344 (0xcc3f2023) mem 0x8000c000 0x00000001
core   0: 0xffffffff8000b348 (0xff9ff06f) j       pc - 0x8
3 0x8000b348 (0xff9ff06f)
core   0: 0xffffffff8000b340 (0x00001f17) auipc   t5, 0x1
3 0x8000b340 (0x00001f17) x30 0x8000c340
core   0: 0xffffffff8000b344 (0xcc3f2023) sw      gp, -832(t5)
3 0x8000b344 (0xcc3f2023) mem 0x8000c000 0x00000001
core   0: 0xffffffff8000b348 (0xff9ff06f) j       pc - 0x8
3 0x8000b348 (0xff9ff06f)
core   0: 0xffffffff8000b340 (0x00001f17) auipc   t5, 0x1
3 0x8000b340 (0x00001f17) x30 0x8000c340
core   0: 0xffffffff8000b344 (0xcc3f2023) sw      gp, -832(t5)
3 0x8000b344 (0xcc3f2023) mem 0x8000c000 0x00000001
core   0: 0xffffffff8000b348 (0xff9ff06f) j       pc - 0x8
3 0x8000b348 (0xff9ff06f)
core   0: 0xffffffff8000b340 (0x00001f17) auipc   t5, 0x1
3 0x8000b340 (0x00001f17) x30 0x8000c340
core   0: 0xffffffff8000b344 (0xcc3f2023) sw      gp, -832(t5)
3 0x8000b344 (0xcc3f2023) mem 0x8000c000 0x00000001
core   0: 0xffffffff8000b348 (0xff9ff06f) j       pc - 0x8
3 0x8000b348 (0xff9ff06f)
core   0: 0xffffffff8000b340 (0x00001f17) auipc   t5, 0x1
3 0x8000b340 (0x00001f17) x30 0x8000c340
core   0: 0xffffffff8000b344 (0xcc3f2023) sw      gp, -832(t5)
3 0x8000b344 (0xcc3f2023) mem 0x8000c000 0x00000001
core   0: 0xffffffff8000b348 (0xff9ff06f) j       pc - 0x8
3 0x8000b348 (0xff9ff06f)
core   0: 0xffffffff8000b340 (0x00001f17) auipc   t5, 0x1
3 0x8000b340 (0x00001f17) x30 0x8000c340
core   0: 0xffffffff8000b344 (0xcc3f2023) sw      gp, -832(t5)
3 0x8000b344 (0xcc3f2023) mem 0x8000c000 0x00000001
core   0: 0xffffffff8000b348 (0xff9ff06f) j       pc - 0x8
3 0x8000b348 (0xff9ff06f)
core   0: 0xffffffff8000b340 (0x00001f17) auipc   t5, 0x1
3 0x8000b340 (0x00001f17) x30 0x8000c340
core   0: 0xffffffff8000b344 (0xcc3f2023) sw      gp, -832(t5)
3 0x8000b344 (0xcc3f2023) mem 0x8000c000 0x00000001
core   0: 0xffffffff8000b348 (0xff9ff06f) j       pc - 0x8
3 0x8000b348 (0xff9ff06f)
core   0: 0xffffffff8000b340 (0x00001f17) auipc   t5, 0x1
3 0x8000b340 (0x00001f17) x30 0x8000c340
core   0: 0xffffffff8000b344 (0xcc3f2023) sw      gp, -832(t5)
3 0x8000b344 (0xcc3f2023) mem 0x8000c000 0x00000001
core   0: 0xffffffff8000b348 (0xff9ff06f) j       pc - 0x8
3 0x8000b348 (0xff9ff06f)
core   0: 0xffffffff8000b340 (0x00001f17) auipc   t5, 0x1
3 0x8000b340 (0x00001f17) x30 0x8000c340
core   0: 0xffffffff8000b344 (0xcc3f2023) sw      gp, -832(t5)
3 0x8000b344 (0xcc3f2023) mem 0x8000c000 0x00000001
core   0: 0xffffffff8000b348 (0xff9ff06f) j       pc - 0x8
3 0x8000b348 (0xff9ff06f)
core   0: 0xffffffff8000b340 (0x00001f17) auipc   t5, 0x1
3 0x8000b340 (0x00001f17) x30 0x8000c340
core   0: 0xffffffff8000b344 (0xcc3f2023) sw      gp, -832(t5)
3 0x8000b344 (0xcc3f2023) mem 0x8000c000 0x00000001
core   0: 0xffffffff8000b348 (0xff9ff06f) j       pc - 0x8
3 0x8000b348 (0xff9ff06f)
core   0: 0xffffffff8000b340 (0x00001f17) auipc   t5, 0x1
3 0x8000b340 (0x00001f17) x30 0x8000c340
core   0: 0xffffffff8000b344 (0xcc3f2023) sw      gp, -832(t5)
3 0x8000b344 (0xcc3f2023) mem 0x8000c000 0x00000001
core   0: 0xffffffff8000b348 (0xff9ff06f) j       pc - 0x8
3 0x8000b348 (0xff9ff06f)
core   0: 0xffffffff8000b340 (0x00001f17) auipc   t5, 0x1
3 0x8000b340 (0x00001f17) x30 0x8000c340
core   0: 0xffffffff8000b344 (0xcc3f2023) sw      gp, -832(t5)
3 0x8000b344 (0xcc3f2023) mem 0x8000c000 0x00000001
core   0: 0xffffffff8000b348 (0xff9ff06f) j       pc - 0x8
3 0x8000b348 (0xff9ff06f)
core   0: 0xffffffff8000b340 (0x00001f17) auipc   t5, 0x1
3 0x8000b340 (0x00001f17) x30 0x8000c340
core   0: 0xffffffff8000b344 (0xcc3f2023) sw      gp, -832(t5)
3 0x8000b344 (0xcc3f2023) mem 0x8000c000 0x00000001
core   0: 0xffffffff8000b348 (0xff9ff06f) j       pc - 0x8
3 0x8000b348 (0xff9ff06f)
core   0: 0xffffffff8000b340 (0x00001f17) auipc   t5, 0x1
3 0x8000b340 (0x00001f17) x30 0x8000c340
core   0: 0xffffffff8000b344 (0xcc3f2023) sw      gp, -832(t5)
3 0x8000b344 (0xcc3f2023) mem 0x8000c000 0x00000001
core   0: 0xffffffff8000b348 (0xff9ff06f) j       pc - 0x8
3 0x8000b348 (0xff9ff06f)
core   0: 0xffffffff8000b340 (0x00001f17) auipc   t5, 0x1
3 0x8000b340 (0x00001f17) x30 0x8000c340
core   0: 0xffffffff8000b344 (0xcc3f2023) sw      gp, -832(t5)
3 0x8000b344 (0xcc3f2023) mem 0x8000c000 0x00000001
core   0: 0xffffffff8000b348 (0xff9ff06f) j       pc - 0x8
3 0x8000b348 (0xff9ff06f)
core   0: 0xffffffff8000b340 (0x00001f17) auipc   t5, 0x1
3 0x8000b340 (0x00001f17) x30 0x8000c340
core   0: 0xffffffff8000b344 (0xcc3f2023) sw      gp, -832(t5)
3 0x8000b344 (0xcc3f2023) mem 0x8000c000 0x00000001
core   0: 0xffffffff8000b348 (0xff9ff06f) j       pc - 0x8
3 0x8000b348 (0xff9ff06f)
core   0: 0xffffffff8000b340 (0x00001f17) auipc   t5, 0x1
3 0x8000b340 (0x00001f17) x30 0x8000c340
core   0: 0xffffffff8000b344 (0xcc3f2023) sw      gp, -832(t5)
3 0x8000b344 (0xcc3f2023) mem 0x8000c000 0x00000001
core   0: 0xffffffff8000b348 (0xff9ff06f) j       pc - 0x8
3 0x8000b348 (0xff9ff06f)
core   0: 0xffffffff8000b340 (0x00001f17) auipc   t5, 0x1
3 0x8000b340 (0x00001f17) x30 0x8000c340
core   0: 0xffffffff8000b344 (0xcc3f2023) sw      gp, -832(t5)
3 0x8000b344 (0xcc3f2023) mem 0x8000c000 0x00000001
core   0: 0xffffffff8000b348 (0xff9ff06f) j       pc - 0x8
3 0x8000b348 (0xff9ff06f)
core   0: 0xffffffff8000b340 (0x00001f17) auipc   t5, 0x1
3 0x8000b340 (0x00001f17) x30 0x8000c340
core   0: 0xffffffff8000b344 (0xcc3f2023) sw      gp, -832(t5)
3 0x8000b344 (0xcc3f2023) mem 0x8000c000 0x00000001
core   0: 0xffffffff8000b348 (0xff9ff06f) j       pc - 0x8
3 0x8000b348 (0xff9ff06f)
core   0: 0xffffffff8000b340 (0x00001f17) auipc   t5, 0x1
3 0x8000b340 (0x00001f17) x30 0x8000c340
core   0: 0xffffffff8000b344 (0xcc3f2023) sw      gp, -832(t5)
3 0x8000b344 (0xcc3f2023) mem 0x8000c000 0x00000001
core   0: 0xffffffff8000b348 (0xff9ff06f) j       pc - 0x8
3 0x8000b348 (0xff9ff06f)
core   0: 0xffffffff8000b340 (0x00001f17) auipc   t5, 0x1
3 0x8000b340 (0x00001f17) x30 0x8000c340
core   0: 0xffffffff8000b344 (0xcc3f2023) sw      gp, -832(t5)
3 0x8000b344 (0xcc3f2023) mem 0x8000c000 0x00000001
core   0: 0xffffffff8000b348 (0xff9ff06f) j       pc - 0x8
3 0x8000b348 (0xff9ff06f)
core   0: 0xffffffff8000b340 (0x00001f17) auipc   t5, 0x1
3 0x8000b340 (0x00001f17) x30 0x8000c340
core   0: 0xffffffff8000b344 (0xcc3f2023) sw      gp, -832(t5)
3 0x8000b344 (0xcc3f2023) mem 0x8000c000 0x00000001
core   0: 0xffffffff8000b348 (0xff9ff06f) j       pc - 0x8
3 0x8000b348 (0xff9ff06f)
core   0: 0xffffffff8000b340 (0x00001f17) auipc   t5, 0x1
3 0x8000b340 (0x00001f17) x30 0x8000c340
core   0: 0xffffffff8000b344 (0xcc3f2023) sw      gp, -832(t5)
3 0x8000b344 (0xcc3f2023) mem 0x8000c000 0x00000001
core   0: 0xffffffff8000b348 (0xff9ff06f) j       pc - 0x8
3 0x8000b348 (0xff9ff06f)
core   0: 0xffffffff8000b340 (0x00001f17) auipc   t5, 0x1
3 0x8000b340 (0x00001f17) x30 0x8000c340
core   0: 0xffffffff8000b344 (0xcc3f2023) sw      gp, -832(t5)
3 0x8000b344 (0xcc3f2023) mem 0x8000c000 0x00000001
core   0: 0xffffffff8000b348 (0xff9ff06f) j       pc - 0x8
3 0x8000b348 (0xff9ff06f)
core   0: 0xffffffff8000b340 (0x00001f17) auipc   t5, 0x1
3 0x8000b340 (0x00001f17) x30 0x8000c340
core   0: 0xffffffff8000b344 (0xcc3f2023) sw      gp, -832(t5)
3 0x8000b344 (0xcc3f2023) mem 0x8000c000 0x00000001
core   0: 0xffffffff8000b348 (0xff9ff06f) j       pc - 0x8
3 0x8000b348 (0xff9ff06f)
core   0: 0xffffffff8000b340 (0x00001f17) auipc   t5, 0x1
3 0x8000b340 (0x00001f17) x30 0x8000c340
core   0: 0xffffffff8000b344 (0xcc3f2023) sw      gp, -832(t5)
3 0x8000b344 (0xcc3f2023) mem 0x8000c000 0x00000001
core   0: 0xffffffff8000b348 (0xff9ff06f) j       pc - 0x8
3 0x8000b348 (0xff9ff06f)
core   0: 0xffffffff8000b340 (0x00001f17) auipc   t5, 0x1
3 0x8000b340 (0x00001f17) x30 0x8000c340
core   0: 0xffffffff8000b344 (0xcc3f2023) sw      gp, -832(t5)
3 0x8000b344 (0xcc3f2023) mem 0x8000c000 0x00000001
core   0: 0xffffffff8000b348 (0xff9ff06f) j       pc - 0x8
3 0x8000b348 (0xff9ff06f)
core   0: 0xffffffff8000b340 (0x00001f17) auipc   t5, 0x1
3 0x8000b340 (0x00001f17) x30 0x8000c340
core   0: 0xffffffff8000b344 (0xcc3f2023) sw      gp, -832(t5)
3 0x8000b344 (0xcc3f2023) mem 0x8000c000 0x00000001
core   0: 0xffffffff8000b348 (0xff9ff06f) j       pc - 0x8
3 0x8000b348 (0xff9ff06f)
core   0: 0xffffffff8000b340 (0x00001f17) auipc   t5, 0x1
3 0x8000b340 (0x00001f17) x30 0x8000c340
core   0: 0xffffffff8000b344 (0xcc3f2023) sw      gp, -832(t5)
3 0x8000b344 (0xcc3f2023) mem 0x8000c000 0x00000001
core   0: 0xffffffff8000b348 (0xff9ff06f) j       pc - 0x8
3 0x8000b348 (0xff9ff06f)
core   0: 0xffffffff8000b340 (0x00001f17) auipc   t5, 0x1
3 0x8000b340 (0x00001f17) x30 0x8000c340
core   0: 0xffffffff8000b344 (0xcc3f2023) sw      gp, -832(t5)
3 0x8000b344 (0xcc3f2023) mem 0x8000c000 0x00000001
core   0: 0xffffffff8000b348 (0xff9ff06f) j       pc - 0x8
3 0x8000b348 (0xff9ff06f)
core   0: 0xffffffff8000b340 (0x00001f17) auipc   t5, 0x1
3 0x8000b340 (0x00001f17) x30 0x8000c340
core   0: 0xffffffff8000b344 (0xcc3f2023) sw      gp, -832(t5)
3 0x8000b344 (0xcc3f2023) mem 0x8000c000 0x00000001
core   0: 0xffffffff8000b348 (0xff9ff06f) j       pc - 0x8
3 0x8000b348 (0xff9ff06f)
core   0: 0xffffffff8000b340 (0x00001f17) auipc   t5, 0x1
3 0x8000b340 (0x00001f17) x30 0x8000c340
core   0: 0xffffffff8000b344 (0xcc3f2023) sw      gp, -832(t5)
3 0x8000b344 (0xcc3f2023) mem 0x8000c000 0x00000001
core   0: 0xffffffff8000b348 (0xff9ff06f) j       pc - 0x8
3 0x8000b348 (0xff9ff06f)
core   0: 0xffffffff8000b340 (0x00001f17) auipc   t5, 0x1
3 0x8000b340 (0x00001f17) x30 0x8000c340
core   0: 0xffffffff8000b344 (0xcc3f2023) sw      gp, -832(t5)
3 0x8000b344 (0xcc3f2023) mem 0x8000c000 0x00000001
core   0: 0xffffffff8000b348 (0xff9ff06f) j       pc - 0x8
3 0x8000b348 (0xff9ff06f)
core   0: 0xffffffff8000b340 (0x00001f17) auipc   t5, 0x1
3 0x8000b340 (0x00001f17) x30 0x8000c340
core   0: 0xffffffff8000b344 (0xcc3f2023) sw      gp, -832(t5)
3 0x8000b344 (0xcc3f2023) mem 0x8000c000 0x00000001
core   0: 0xffffffff8000b348 (0xff9ff06f) j       pc - 0x8
3 0x8000b348 (0xff9ff06f)
core   0: 0xffffffff8000b340 (0x00001f17) auipc   t5, 0x1
3 0x8000b340 (0x00001f17) x30 0x8000c340
core   0: 0xffffffff8000b344 (0xcc3f2023) sw      gp, -832(t5)
3 0x8000b344 (0xcc3f2023) mem 0x8000c000 0x00000001
core   0: 0xffffffff8000b348 (0xff9ff06f) j       pc - 0x8
3 0x8000b348 (0xff9ff06f)
core   0: 0xffffffff8000b340 (0x00001f17) auipc   t5, 0x1
3 0x8000b340 (0x00001f17) x30 0x8000c340
core   0: 0xffffffff8000b344 (0xcc3f2023) sw      gp, -832(t5)
3 0x8000b344 (0xcc3f2023) mem 0x8000c000 0x00000001
core   0: 0xffffffff8000b348 (0xff9ff06f) j       pc - 0x8
3 0x8000b348 (0xff9ff06f)
core   0: 0xffffffff8000b340 (0x00001f17) auipc   t5, 0x1
3 0x8000b340 (0x00001f17) x30 0x8000c340
core   0: 0xffffffff8000b344 (0xcc3f2023) sw      gp, -832(t5)
3 0x8000b344 (0xcc3f2023) mem 0x8000c000 0x00000001
core   0: 0xffffffff8000b348 (0xff9ff06f) j       pc - 0x8
3 0x8000b348 (0xff9ff06f)
core   0: 0xffffffff8000b340 (0x00001f17) auipc   t5, 0x1
3 0x8000b340 (0x00001f17) x30 0x8000c340
core   0: 0xffffffff8000b344 (0xcc3f2023) sw      gp, -832(t5)
3 0x8000b344 (0xcc3f2023) mem 0x8000c000 0x00000001
core   0: 0xffffffff8000b348 (0xff9ff06f) j       pc - 0x8
3 0x8000b348 (0xff9ff06f)
core   0: 0xffffffff8000b340 (0x00001f17) auipc   t5, 0x1
3 0x8000b340 (0x00001f17) x30 0x8000c340
core   0: 0xffffffff8000b344 (0xcc3f2023) sw      gp, -832(t5)
3 0x8000b344 (0xcc3f2023) mem 0x8000c000 0x00000001
core   0: 0xffffffff8000b348 (0xff9ff06f) j       pc - 0x8
3 0x8000b348 (0xff9ff06f)
core   0: 0xffffffff8000b340 (0x00001f17) auipc   t5, 0x1
3 0x8000b340 (0x00001f17) x30 0x8000c340
core   0: 0xffffffff8000b344 (0xcc3f2023) sw      gp, -832(t5)
3 0x8000b344 (0xcc3f2023) mem 0x8000c000 0x00000001
core   0: 0xffffffff8000b348 (0xff9ff06f) j       pc - 0x8
3 0x8000b348 (0xff9ff06f)
core   0: 0xffffffff8000b340 (0x00001f17) auipc   t5, 0x1
3 0x8000b340 (0x00001f17) x30 0x8000c340
core   0: 0xffffffff8000b344 (0xcc3f2023) sw      gp, -832(t5)
3 0x8000b344 (0xcc3f2023) mem 0x8000c000 0x00000001
core   0: 0xffffffff8000b348 (0xff9ff06f) j       pc - 0x8
3 0x8000b348 (0xff9ff06f)
core   0: 0xffffffff8000b340 (0x00001f17) auipc   t5, 0x1
3 0x8000b340 (0x00001f17) x30 0x8000c340
core   0: 0xffffffff8000b344 (0xcc3f2023) sw      gp, -832(t5)
3 0x8000b344 (0xcc3f2023) mem 0x8000c000 0x00000001
core   0: 0xffffffff8000b348 (0xff9ff06f) j       pc - 0x8
3 0x8000b348 (0xff9ff06f)
core   0: 0xffffffff8000b340 (0x00001f17) auipc   t5, 0x1
3 0x8000b340 (0x00001f17) x30 0x8000c340
core   0: 0xffffffff8000b344 (0xcc3f2023) sw      gp, -832(t5)
3 0x8000b344 (0xcc3f2023) mem 0x8000c000 0x00000001
core   0: 0xffffffff8000b348 (0xff9ff06f) j       pc - 0x8
3 0x8000b348 (0xff9ff06f)
core   0: 0xffffffff8000b340 (0x00001f17) auipc   t5, 0x1
3 0x8000b340 (0x00001f17) x30 0x8000c340
core   0: 0xffffffff8000b344 (0xcc3f2023) sw      gp, -832(t5)
3 0x8000b344 (0xcc3f2023) mem 0x8000c000 0x00000001
core   0: 0xffffffff8000b348 (0xff9ff06f) j       pc - 0x8
3 0x8000b348 (0xff9ff06f)
core   0: 0xffffffff8000b340 (0x00001f17) auipc   t5, 0x1
3 0x8000b340 (0x00001f17) x30 0x8000c340
core   0: 0xffffffff8000b344 (0xcc3f2023) sw      gp, -832(t5)
3 0x8000b344 (0xcc3f2023) mem 0x8000c000 0x00000001
core   0: 0xffffffff8000b348 (0xff9ff06f) j       pc - 0x8
3 0x8000b348 (0xff9ff06f)
core   0: 0xffffffff8000b340 (0x00001f17) auipc   t5, 0x1
3 0x8000b340 (0x00001f17) x30 0x8000c340
core   0: 0xffffffff8000b344 (0xcc3f2023) sw      gp, -832(t5)
3 0x8000b344 (0xcc3f2023) mem 0x8000c000 0x00000001
core   0: 0xffffffff8000b348 (0xff9ff06f) j       pc - 0x8
3 0x8000b348 (0xff9ff06f)
core   0: 0xffffffff8000b340 (0x00001f17) auipc   t5, 0x1
3 0x8000b340 (0x00001f17) x30 0x8000c340
core   0: 0xffffffff8000b344 (0xcc3f2023) sw      gp, -832(t5)
3 0x8000b344 (0xcc3f2023) mem 0x8000c000 0x00000001
core   0: 0xffffffff8000b348 (0xff9ff06f) j       pc - 0x8
3 0x8000b348 (0xff9ff06f)
core   0: 0xffffffff8000b340 (0x00001f17) auipc   t5, 0x1
3 0x8000b340 (0x00001f17) x30 0x8000c340
core   0: 0xffffffff8000b344 (0xcc3f2023) sw      gp, -832(t5)
3 0x8000b344 (0xcc3f2023) mem 0x8000c000 0x00000001
core   0: 0xffffffff8000b348 (0xff9ff06f) j       pc - 0x8
3 0x8000b348 (0xff9ff06f)
core   0: 0xffffffff8000b340 (0x00001f17) auipc   t5, 0x1
3 0x8000b340 (0x00001f17) x30 0x8000c340
core   0: 0xffffffff8000b344 (0xcc3f2023) sw      gp, -832(t5)
3 0x8000b344 (0xcc3f2023) mem 0x8000c000 0x00000001
core   0: 0xffffffff8000b348 (0xff9ff06f) j       pc - 0x8
3 0x8000b348 (0xff9ff06f)
core   0: 0xffffffff8000b340 (0x00001f17) auipc   t5, 0x1
3 0x8000b340 (0x00001f17) x30 0x8000c340
core   0: 0xffffffff8000b344 (0xcc3f2023) sw      gp, -832(t5)
3 0x8000b344 (0xcc3f2023) mem 0x8000c000 0x00000001
core   0: 0xffffffff8000b348 (0xff9ff06f) j       pc - 0x8
3 0x8000b348 (0xff9ff06f)
core   0: 0xffffffff8000b340 (0x00001f17) auipc   t5, 0x1
3 0x8000b340 (0x00001f17) x30 0x8000c340
core   0: 0xffffffff8000b344 (0xcc3f2023) sw      gp, -832(t5)
3 0x8000b344 (0xcc3f2023) mem 0x8000c000 0x00000001
core   0: 0xffffffff8000b348 (0xff9ff06f) j       pc - 0x8
3 0x8000b348 (0xff9ff06f)
core   0: 0xffffffff8000b340 (0x00001f17) auipc   t5, 0x1
3 0x8000b340 (0x00001f17) x30 0x8000c340
core   0: 0xffffffff8000b344 (0xcc3f2023) sw      gp, -832(t5)
3 0x8000b344 (0xcc3f2023) mem 0x8000c000 0x00000001
core   0: 0xffffffff8000b348 (0xff9ff06f) j       pc - 0x8
3 0x8000b348 (0xff9ff06f)
core   0: 0xffffffff8000b340 (0x00001f17) auipc   t5, 0x1
3 0x8000b340 (0x00001f17) x30 0x8000c340
core   0: 0xffffffff8000b344 (0xcc3f2023) sw      gp, -832(t5)
3 0x8000b344 (0xcc3f2023) mem 0x8000c000 0x00000001
core   0: 0xffffffff8000b348 (0xff9ff06f) j       pc - 0x8
3 0x8000b348 (0xff9ff06f)
core   0: 0xffffffff8000b340 (0x00001f17) auipc   t5, 0x1
3 0x8000b340 (0x00001f17) x30 0x8000c340
core   0: 0xffffffff8000b344 (0xcc3f2023) sw      gp, -832(t5)
3 0x8000b344 (0xcc3f2023) mem 0x8000c000 0x00000001
core   0: 0xffffffff8000b348 (0xff9ff06f) j       pc - 0x8
3 0x8000b348 (0xff9ff06f)
core   0: 0xffffffff8000b340 (0x00001f17) auipc   t5, 0x1
3 0x8000b340 (0x00001f17) x30 0x8000c340
core   0: 0xffffffff8000b344 (0xcc3f2023) sw      gp, -832(t5)
3 0x8000b344 (0xcc3f2023) mem 0x8000c000 0x00000001
core   0: 0xffffffff8000b348 (0xff9ff06f) j       pc - 0x8
3 0x8000b348 (0xff9ff06f)
core   0: 0xffffffff8000b340 (0x00001f17) auipc   t5, 0x1
3 0x8000b340 (0x00001f17) x30 0x8000c340
core   0: 0xffffffff8000b344 (0xcc3f2023) sw      gp, -832(t5)
3 0x8000b344 (0xcc3f2023) mem 0x8000c000 0x00000001
core   0: 0xffffffff8000b348 (0xff9ff06f) j       pc - 0x8
3 0x8000b348 (0xff9ff06f)
core   0: 0xffffffff8000b340 (0x00001f17) auipc   t5, 0x1
3 0x8000b340 (0x00001f17) x30 0x8000c340
core   0: 0xffffffff8000b344 (0xcc3f2023) sw      gp, -832(t5)
3 0x8000b344 (0xcc3f2023) mem 0x8000c000 0x00000001
core   0: 0xffffffff8000b348 (0xff9ff06f) j       pc - 0x8
3 0x8000b348 (0xff9ff06f)
core   0: 0xffffffff8000b340 (0x00001f17) auipc   t5, 0x1
3 0x8000b340 (0x00001f17) x30 0x8000c340
core   0: 0xffffffff8000b344 (0xcc3f2023) sw      gp, -832(t5)
3 0x8000b344 (0xcc3f2023) mem 0x8000c000 0x00000001
core   0: 0xffffffff8000b348 (0xff9ff06f) j       pc - 0x8
3 0x8000b348 (0xff9ff06f)
core   0: 0xffffffff8000b340 (0x00001f17) auipc   t5, 0x1
3 0x8000b340 (0x00001f17) x30 0x8000c340
core   0: 0xffffffff8000b344 (0xcc3f2023) sw      gp, -832(t5)
3 0x8000b344 (0xcc3f2023) mem 0x8000c000 0x00000001
core   0: 0xffffffff8000b348 (0xff9ff06f) j       pc - 0x8
3 0x8000b348 (0xff9ff06f)
core   0: 0xffffffff8000b340 (0x00001f17) auipc   t5, 0x1
3 0x8000b340 (0x00001f17) x30 0x8000c340
core   0: 0xffffffff8000b344 (0xcc3f2023) sw      gp, -832(t5)
3 0x8000b344 (0xcc3f2023) mem 0x8000c000 0x00000001
core   0: 0xffffffff8000b348 (0xff9ff06f) j       pc - 0x8
3 0x8000b348 (0xff9ff06f)
core   0: 0xffffffff8000b340 (0x00001f17) auipc   t5, 0x1
3 0x8000b340 (0x00001f17) x30 0x8000c340
core   0: 0xffffffff8000b344 (0xcc3f2023) sw      gp, -832(t5)
3 0x8000b344 (0xcc3f2023) mem 0x8000c000 0x00000001
core   0: 0xffffffff8000b348 (0xff9ff06f) j       pc - 0x8
3 0x8000b348 (0xff9ff06f)
core   0: 0xffffffff8000b340 (0x00001f17) auipc   t5, 0x1
3 0x8000b340 (0x00001f17) x30 0x8000c340
core   0: 0xffffffff8000b344 (0xcc3f2023) sw      gp, -832(t5)
3 0x8000b344 (0xcc3f2023) mem 0x8000c000 0x00000001
core   0: 0xffffffff8000b348 (0xff9ff06f) j       pc - 0x8
3 0x8000b348 (0xff9ff06f)
core   0: 0xffffffff8000b340 (0x00001f17) auipc   t5, 0x1
3 0x8000b340 (0x00001f17) x30 0x8000c340
core   0: 0xffffffff8000b344 (0xcc3f2023) sw      gp, -832(t5)
3 0x8000b344 (0xcc3f2023) mem 0x8000c000 0x00000001
core   0: 0xffffffff8000b348 (0xff9ff06f) j       pc - 0x8
3 0x8000b348 (0xff9ff06f)
core   0: 0xffffffff8000b340 (0x00001f17) auipc   t5, 0x1
3 0x8000b340 (0x00001f17) x30 0x8000c340
core   0: 0xffffffff8000b344 (0xcc3f2023) sw      gp, -832(t5)
3 0x8000b344 (0xcc3f2023) mem 0x8000c000 0x00000001
core   0: 0xffffffff8000b348 (0xff9ff06f) j       pc - 0x8
3 0x8000b348 (0xff9ff06f)
core   0: 0xffffffff8000b340 (0x00001f17) auipc   t5, 0x1
3 0x8000b340 (0x00001f17) x30 0x8000c340
core   0: 0xffffffff8000b344 (0xcc3f2023) sw      gp, -832(t5)
3 0x8000b344 (0xcc3f2023) mem 0x8000c000 0x00000001
core   0: 0xffffffff8000b348 (0xff9ff06f) j       pc - 0x8
3 0x8000b348 (0xff9ff06f)
core   0: 0xffffffff8000b340 (0x00001f17) auipc   t5, 0x1
3 0x8000b340 (0x00001f17) x30 0x8000c340
core   0: 0xffffffff8000b344 (0xcc3f2023) sw      gp, -832(t5)
3 0x8000b344 (0xcc3f2023) mem 0x8000c000 0x00000001
core   0: 0xffffffff8000b348 (0xff9ff06f) j       pc - 0x8
3 0x8000b348 (0xff9ff06f)
core   0: 0xffffffff8000b340 (0x00001f17) auipc   t5, 0x1
3 0x8000b340 (0x00001f17) x30 0x8000c340
core   0: 0xffffffff8000b344 (0xcc3f2023) sw      gp, -832(t5)
3 0x8000b344 (0xcc3f2023) mem 0x8000c000 0x00000001
core   0: 0xffffffff8000b348 (0xff9ff06f) j       pc - 0x8
3 0x8000b348 (0xff9ff06f)
core   0: 0xffffffff8000b340 (0x00001f17) auipc   t5, 0x1
3 0x8000b340 (0x00001f17) x30 0x8000c340
core   0: 0xffffffff8000b344 (0xcc3f2023) sw      gp, -832(t5)
3 0x8000b344 (0xcc3f2023) mem 0x8000c000 0x00000001
core   0: 0xffffffff8000b348 (0xff9ff06f) j       pc - 0x8
3 0x8000b348 (0xff9ff06f)
core   0: 0xffffffff8000b340 (0x00001f17) auipc   t5, 0x1
3 0x8000b340 (0x00001f17) x30 0x8000c340
core   0: 0xffffffff8000b344 (0xcc3f2023) sw      gp, -832(t5)
3 0x8000b344 (0xcc3f2023) mem 0x8000c000 0x00000001
core   0: 0xffffffff8000b348 (0xff9ff06f) j       pc - 0x8
3 0x8000b348 (0xff9ff06f)
core   0: 0xffffffff8000b340 (0x00001f17) auipc   t5, 0x1
3 0x8000b340 (0x00001f17) x30 0x8000c340
core   0: 0xffffffff8000b344 (0xcc3f2023) sw      gp, -832(t5)
3 0x8000b344 (0xcc3f2023) mem 0x8000c000 0x00000001
core   0: 0xffffffff8000b348 (0xff9ff06f) j       pc - 0x8
3 0x8000b348 (0xff9ff06f)
core   0: 0xffffffff8000b340 (0x00001f17) auipc   t5, 0x1
3 0x8000b340 (0x00001f17) x30 0x8000c340
core   0: 0xffffffff8000b344 (0xcc3f2023) sw      gp, -832(t5)
3 0x8000b344 (0xcc3f2023) mem 0x8000c000 0x00000001
core   0: 0xffffffff8000b348 (0xff9ff06f) j       pc - 0x8
3 0x8000b348 (0xff9ff06f)
core   0: 0xffffffff8000b340 (0x00001f17) auipc   t5, 0x1
3 0x8000b340 (0x00001f17) x30 0x8000c340
core   0: 0xffffffff8000b344 (0xcc3f2023) sw      gp, -832(t5)
3 0x8000b344 (0xcc3f2023) mem 0x8000c000 0x00000001
core   0: 0xffffffff8000b348 (0xff9ff06f) j       pc - 0x8
3 0x8000b348 (0xff9ff06f)
core   0: 0xffffffff8000b340 (0x00001f17) auipc   t5, 0x1
3 0x8000b340 (0x00001f17) x30 0x8000c340
core   0: 0xffffffff8000b344 (0xcc3f2023) sw      gp, -832(t5)
3 0x8000b344 (0xcc3f2023) mem 0x8000c000 0x00000001
core   0: 0xffffffff8000b348 (0xff9ff06f) j       pc - 0x8
3 0x8000b348 (0xff9ff06f)
core   0: 0xffffffff8000b340 (0x00001f17) auipc   t5, 0x1
3 0x8000b340 (0x00001f17) x30 0x8000c340
core   0: 0xffffffff8000b344 (0xcc3f2023) sw      gp, -832(t5)
3 0x8000b344 (0xcc3f2023) mem 0x8000c000 0x00000001
core   0: 0xffffffff8000b348 (0xff9ff06f) j       pc - 0x8
3 0x8000b348 (0xff9ff06f)
core   0: 0xffffffff8000b340 (0x00001f17) auipc   t5, 0x1
3 0x8000b340 (0x00001f17) x30 0x8000c340
core   0: 0xffffffff8000b344 (0xcc3f2023) sw      gp, -832(t5)
3 0x8000b344 (0xcc3f2023) mem 0x8000c000 0x00000001
core   0: 0xffffffff8000b348 (0xff9ff06f) j       pc - 0x8
3 0x8000b348 (0xff9ff06f)
core   0: 0xffffffff8000b340 (0x00001f17) auipc   t5, 0x1
3 0x8000b340 (0x00001f17) x30 0x8000c340
core   0: 0xffffffff8000b344 (0xcc3f2023) sw      gp, -832(t5)
3 0x8000b344 (0xcc3f2023) mem 0x8000c000 0x00000001
core   0: 0xffffffff8000b348 (0xff9ff06f) j       pc - 0x8
3 0x8000b348 (0xff9ff06f)
core   0: 0xffffffff8000b340 (0x00001f17) auipc   t5, 0x1
3 0x8000b340 (0x00001f17) x30 0x8000c340
core   0: 0xffffffff8000b344 (0xcc3f2023) sw      gp, -832(t5)
3 0x8000b344 (0xcc3f2023) mem 0x8000c000 0x00000001
core   0: 0xffffffff8000b348 (0xff9ff06f) j       pc - 0x8
3 0x8000b348 (0xff9ff06f)
core   0: 0xffffffff8000b340 (0x00001f17) auipc   t5, 0x1
3 0x8000b340 (0x00001f17) x30 0x8000c340
core   0: 0xffffffff8000b344 (0xcc3f2023) sw      gp, -832(t5)
3 0x8000b344 (0xcc3f2023) mem 0x8000c000 0x00000001
core   0: 0xffffffff8000b348 (0xff9ff06f) j       pc - 0x8
3 0x8000b348 (0xff9ff06f)
core   0: 0xffffffff8000b340 (0x00001f17) auipc   t5, 0x1
3 0x8000b340 (0x00001f17) x30 0x8000c340
core   0: 0xffffffff8000b344 (0xcc3f2023) sw      gp, -832(t5)
3 0x8000b344 (0xcc3f2023) mem 0x8000c000 0x00000001
core   0: 0xffffffff8000b348 (0xff9ff06f) j       pc - 0x8
3 0x8000b348 (0xff9ff06f)
core   0: 0xffffffff8000b340 (0x00001f17) auipc   t5, 0x1
3 0x8000b340 (0x00001f17) x30 0x8000c340
core   0: 0xffffffff8000b344 (0xcc3f2023) sw      gp, -832(t5)
3 0x8000b344 (0xcc3f2023) mem 0x8000c000 0x00000001
core   0: 0xffffffff8000b348 (0xff9ff06f) j       pc - 0x8
3 0x8000b348 (0xff9ff06f)
core   0: 0xffffffff8000b340 (0x00001f17) auipc   t5, 0x1
3 0x8000b340 (0x00001f17) x30 0x8000c340
core   0: 0xffffffff8000b344 (0xcc3f2023) sw      gp, -832(t5)
3 0x8000b344 (0xcc3f2023) mem 0x8000c000 0x00000001
core   0: 0xffffffff8000b348 (0xff9ff06f) j       pc - 0x8
3 0x8000b348 (0xff9ff06f)
core   0: 0xffffffff8000b340 (0x00001f17) auipc   t5, 0x1
3 0x8000b340 (0x00001f17) x30 0x8000c340
core   0: 0xffffffff8000b344 (0xcc3f2023) sw      gp, -832(t5)
3 0x8000b344 (0xcc3f2023) mem 0x8000c000 0x00000001
core   0: 0xffffffff8000b348 (0xff9ff06f) j       pc - 0x8
3 0x8000b348 (0xff9ff06f)
core   0: 0xffffffff8000b340 (0x00001f17) auipc   t5, 0x1
3 0x8000b340 (0x00001f17) x30 0x8000c340
core   0: 0xffffffff8000b344 (0xcc3f2023) sw      gp, -832(t5)
3 0x8000b344 (0xcc3f2023) mem 0x8000c000 0x00000001
core   0: 0xffffffff8000b348 (0xff9ff06f) j       pc - 0x8
3 0x8000b348 (0xff9ff06f)
core   0: 0xffffffff8000b340 (0x00001f17) auipc   t5, 0x1
3 0x8000b340 (0x00001f17) x30 0x8000c340
core   0: 0xffffffff8000b344 (0xcc3f2023) sw      gp, -832(t5)
3 0x8000b344 (0xcc3f2023) mem 0x8000c000 0x00000001
core   0: 0xffffffff8000b348 (0xff9ff06f) j       pc - 0x8
3 0x8000b348 (0xff9ff06f)
core   0: 0xffffffff8000b340 (0x00001f17) auipc   t5, 0x1
3 0x8000b340 (0x00001f17) x30 0x8000c340
core   0: 0xffffffff8000b344 (0xcc3f2023) sw      gp, -832(t5)
3 0x8000b344 (0xcc3f2023) mem 0x8000c000 0x00000001
core   0: 0xffffffff8000b348 (0xff9ff06f) j       pc - 0x8
3 0x8000b348 (0xff9ff06f)
core   0: 0xffffffff8000b340 (0x00001f17) auipc   t5, 0x1
3 0x8000b340 (0x00001f17) x30 0x8000c340
core   0: 0xffffffff8000b344 (0xcc3f2023) sw      gp, -832(t5)
3 0x8000b344 (0xcc3f2023) mem 0x8000c000 0x00000001
core   0: 0xffffffff8000b348 (0xff9ff06f) j       pc - 0x8
3 0x8000b348 (0xff9ff06f)
core   0: 0xffffffff8000b340 (0x00001f17) auipc   t5, 0x1
3 0x8000b340 (0x00001f17) x30 0x8000c340
core   0: 0xffffffff8000b344 (0xcc3f2023) sw      gp, -832(t5)
3 0x8000b344 (0xcc3f2023) mem 0x8000c000 0x00000001
core   0: 0xffffffff8000b348 (0xff9ff06f) j       pc - 0x8
3 0x8000b348 (0xff9ff06f)
core   0: 0xffffffff8000b340 (0x00001f17) auipc   t5, 0x1
3 0x8000b340 (0x00001f17) x30 0x8000c340
core   0: 0xffffffff8000b344 (0xcc3f2023) sw      gp, -832(t5)
3 0x8000b344 (0xcc3f2023) mem 0x8000c000 0x00000001
core   0: 0xffffffff8000b348 (0xff9ff06f) j       pc - 0x8
3 0x8000b348 (0xff9ff06f)
core   0: 0xffffffff8000b340 (0x00001f17) auipc   t5, 0x1
3 0x8000b340 (0x00001f17) x30 0x8000c340
core   0: 0xffffffff8000b344 (0xcc3f2023) sw      gp, -832(t5)
3 0x8000b344 (0xcc3f2023) mem 0x8000c000 0x00000001
core   0: 0xffffffff8000b348 (0xff9ff06f) j       pc - 0x8
3 0x8000b348 (0xff9ff06f)
core   0: 0xffffffff8000b340 (0x00001f17) auipc   t5, 0x1
3 0x8000b340 (0x00001f17) x30 0x8000c340
core   0: 0xffffffff8000b344 (0xcc3f2023) sw      gp, -832(t5)
3 0x8000b344 (0xcc3f2023) mem 0x8000c000 0x00000001
core   0: 0xffffffff8000b348 (0xff9ff06f) j       pc - 0x8
3 0x8000b348 (0xff9ff06f)
core   0: 0xffffffff8000b340 (0x00001f17) auipc   t5, 0x1
3 0x8000b340 (0x00001f17) x30 0x8000c340
core   0: 0xffffffff8000b344 (0xcc3f2023) sw      gp, -832(t5)
3 0x8000b344 (0xcc3f2023) mem 0x8000c000 0x00000001
core   0: 0xffffffff8000b348 (0xff9ff06f) j       pc - 0x8
3 0x8000b348 (0xff9ff06f)
core   0: 0xffffffff8000b340 (0x00001f17) auipc   t5, 0x1
3 0x8000b340 (0x00001f17) x30 0x8000c340
core   0: 0xffffffff8000b344 (0xcc3f2023) sw      gp, -832(t5)
3 0x8000b344 (0xcc3f2023) mem 0x8000c000 0x00000001
core   0: 0xffffffff8000b348 (0xff9ff06f) j       pc - 0x8
3 0x8000b348 (0xff9ff06f)
core   0: 0xffffffff8000b340 (0x00001f17) auipc   t5, 0x1
3 0x8000b340 (0x00001f17) x30 0x8000c340
core   0: 0xffffffff8000b344 (0xcc3f2023) sw      gp, -832(t5)
3 0x8000b344 (0xcc3f2023) mem 0x8000c000 0x00000001
core   0: 0xffffffff8000b348 (0xff9ff06f) j       pc - 0x8
3 0x8000b348 (0xff9ff06f)
core   0: 0xffffffff8000b340 (0x00001f17) auipc   t5, 0x1
3 0x8000b340 (0x00001f17) x30 0x8000c340
core   0: 0xffffffff8000b344 (0xcc3f2023) sw      gp, -832(t5)
3 0x8000b344 (0xcc3f2023) mem 0x8000c000 0x00000001
core   0: 0xffffffff8000b348 (0xff9ff06f) j       pc - 0x8
3 0x8000b348 (0xff9ff06f)
core   0: 0xffffffff8000b340 (0x00001f17) auipc   t5, 0x1
3 0x8000b340 (0x00001f17) x30 0x8000c340
core   0: 0xffffffff8000b344 (0xcc3f2023) sw      gp, -832(t5)
3 0x8000b344 (0xcc3f2023) mem 0x8000c000 0x00000001
core   0: 0xffffffff8000b348 (0xff9ff06f) j       pc - 0x8
3 0x8000b348 (0xff9ff06f)
core   0: 0xffffffff8000b340 (0x00001f17) auipc   t5, 0x1
3 0x8000b340 (0x00001f17) x30 0x8000c340
core   0: 0xffffffff8000b344 (0xcc3f2023) sw      gp, -832(t5)
3 0x8000b344 (0xcc3f2023) mem 0x8000c000 0x00000001
core   0: 0xffffffff8000b348 (0xff9ff06f) j       pc - 0x8
3 0x8000b348 (0xff9ff06f)
core   0: 0xffffffff8000b340 (0x00001f17) auipc   t5, 0x1
3 0x8000b340 (0x00001f17) x30 0x8000c340
core   0: 0xffffffff8000b344 (0xcc3f2023) sw      gp, -832(t5)
3 0x8000b344 (0xcc3f2023) mem 0x8000c000 0x00000001
core   0: 0xffffffff8000b348 (0xff9ff06f) j       pc - 0x8
3 0x8000b348 (0xff9ff06f)
core   0: 0xffffffff8000b340 (0x00001f17) auipc   t5, 0x1
3 0x8000b340 (0x00001f17) x30 0x8000c340
core   0: 0xffffffff8000b344 (0xcc3f2023) sw      gp, -832(t5)
3 0x8000b344 (0xcc3f2023) mem 0x8000c000 0x00000001
core   0: 0xffffffff8000b348 (0xff9ff06f) j       pc - 0x8
3 0x8000b348 (0xff9ff06f)
core   0: 0xffffffff8000b340 (0x00001f17) auipc   t5, 0x1
3 0x8000b340 (0x00001f17) x30 0x8000c340
core   0: 0xffffffff8000b344 (0xcc3f2023) sw      gp, -832(t5)
3 0x8000b344 (0xcc3f2023) mem 0x8000c000 0x00000001
core   0: 0xffffffff8000b348 (0xff9ff06f) j       pc - 0x8
3 0x8000b348 (0xff9ff06f)
core   0: 0xffffffff8000b340 (0x00001f17) auipc   t5, 0x1
3 0x8000b340 (0x00001f17) x30 0x8000c340
core   0: 0xffffffff8000b344 (0xcc3f2023) sw      gp, -832(t5)
3 0x8000b344 (0xcc3f2023) mem 0x8000c000 0x00000001
core   0: 0xffffffff8000b348 (0xff9ff06f) j       pc - 0x8
3 0x8000b348 (0xff9ff06f)
core   0: 0xffffffff8000b340 (0x00001f17) auipc   t5, 0x1
3 0x8000b340 (0x00001f17) x30 0x8000c340
core   0: 0xffffffff8000b344 (0xcc3f2023) sw      gp, -832(t5)
3 0x8000b344 (0xcc3f2023) mem 0x8000c000 0x00000001
core   0: 0xffffffff8000b348 (0xff9ff06f) j       pc - 0x8
3 0x8000b348 (0xff9ff06f)
core   0: 0xffffffff8000b340 (0x00001f17) auipc   t5, 0x1
3 0x8000b340 (0x00001f17) x30 0x8000c340
core   0: 0xffffffff8000b344 (0xcc3f2023) sw      gp, -832(t5)
3 0x8000b344 (0xcc3f2023) mem 0x8000c000 0x00000001
core   0: 0xffffffff8000b348 (0xff9ff06f) j       pc - 0x8
3 0x8000b348 (0xff9ff06f)
core   0: 0xffffffff8000b340 (0x00001f17) auipc   t5, 0x1
3 0x8000b340 (0x00001f17) x30 0x8000c340
core   0: 0xffffffff8000b344 (0xcc3f2023) sw      gp, -832(t5)
3 0x8000b344 (0xcc3f2023) mem 0x8000c000 0x00000001
core   0: 0xffffffff8000b348 (0xff9ff06f) j       pc - 0x8
3 0x8000b348 (0xff9ff06f)
core   0: 0xffffffff8000b340 (0x00001f17) auipc   t5, 0x1
3 0x8000b340 (0x00001f17) x30 0x8000c340
core   0: 0xffffffff8000b344 (0xcc3f2023) sw      gp, -832(t5)
3 0x8000b344 (0xcc3f2023) mem 0x8000c000 0x00000001
core   0: 0xffffffff8000b348 (0xff9ff06f) j       pc - 0x8
3 0x8000b348 (0xff9ff06f)
core   0: 0xffffffff8000b340 (0x00001f17) auipc   t5, 0x1
3 0x8000b340 (0x00001f17) x30 0x8000c340
core   0: 0xffffffff8000b344 (0xcc3f2023) sw      gp, -832(t5)
3 0x8000b344 (0xcc3f2023) mem 0x8000c000 0x00000001
core   0: 0xffffffff8000b348 (0xff9ff06f) j       pc - 0x8
3 0x8000b348 (0xff9ff06f)
core   0: 0xffffffff8000b340 (0x00001f17) auipc   t5, 0x1
3 0x8000b340 (0x00001f17) x30 0x8000c340
core   0: 0xffffffff8000b344 (0xcc3f2023) sw      gp, -832(t5)
3 0x8000b344 (0xcc3f2023) mem 0x8000c000 0x00000001
core   0: 0xffffffff8000b348 (0xff9ff06f) j       pc - 0x8
3 0x8000b348 (0xff9ff06f)
core   0: 0xffffffff8000b340 (0x00001f17) auipc   t5, 0x1
3 0x8000b340 (0x00001f17) x30 0x8000c340
core   0: 0xffffffff8000b344 (0xcc3f2023) sw      gp, -832(t5)
3 0x8000b344 (0xcc3f2023) mem 0x8000c000 0x00000001
core   0: 0xffffffff8000b348 (0xff9ff06f) j       pc - 0x8
3 0x8000b348 (0xff9ff06f)
core   0: 0xffffffff8000b340 (0x00001f17) auipc   t5, 0x1
3 0x8000b340 (0x00001f17) x30 0x8000c340
core   0: 0xffffffff8000b344 (0xcc3f2023) sw      gp, -832(t5)
3 0x8000b344 (0xcc3f2023) mem 0x8000c000 0x00000001
core   0: 0xffffffff8000b348 (0xff9ff06f) j       pc - 0x8
3 0x8000b348 (0xff9ff06f)
core   0: 0xffffffff8000b340 (0x00001f17) auipc   t5, 0x1
3 0x8000b340 (0x00001f17) x30 0x8000c340
core   0: 0xffffffff8000b344 (0xcc3f2023) sw      gp, -832(t5)
3 0x8000b344 (0xcc3f2023) mem 0x8000c000 0x00000001
core   0: 0xffffffff8000b348 (0xff9ff06f) j       pc - 0x8
3 0x8000b348 (0xff9ff06f)
core   0: 0xffffffff8000b340 (0x00001f17) auipc   t5, 0x1
3 0x8000b340 (0x00001f17) x30 0x8000c340
core   0: 0xffffffff8000b344 (0xcc3f2023) sw      gp, -832(t5)
3 0x8000b344 (0xcc3f2023) mem 0x8000c000 0x00000001
core   0: 0xffffffff8000b348 (0xff9ff06f) j       pc - 0x8
3 0x8000b348 (0xff9ff06f)
core   0: 0xffffffff8000b340 (0x00001f17) auipc   t5, 0x1
3 0x8000b340 (0x00001f17) x30 0x8000c340
core   0: 0xffffffff8000b344 (0xcc3f2023) sw      gp, -832(t5)
3 0x8000b344 (0xcc3f2023) mem 0x8000c000 0x00000001
core   0: 0xffffffff8000b348 (0xff9ff06f) j       pc - 0x8
3 0x8000b348 (0xff9ff06f)
core   0: 0xffffffff8000b340 (0x00001f17) auipc   t5, 0x1
3 0x8000b340 (0x00001f17) x30 0x8000c340
core   0: 0xffffffff8000b344 (0xcc3f2023) sw      gp, -832(t5)
3 0x8000b344 (0xcc3f2023) mem 0x8000c000 0x00000001
core   0: 0xffffffff8000b348 (0xff9ff06f) j       pc - 0x8
3 0x8000b348 (0xff9ff06f)
core   0: 0xffffffff8000b340 (0x00001f17) auipc   t5, 0x1
3 0x8000b340 (0x00001f17) x30 0x8000c340
core   0: 0xffffffff8000b344 (0xcc3f2023) sw      gp, -832(t5)
3 0x8000b344 (0xcc3f2023) mem 0x8000c000 0x00000001
core   0: 0xffffffff8000b348 (0xff9ff06f) j       pc - 0x8
3 0x8000b348 (0xff9ff06f)
core   0: 0xffffffff8000b340 (0x00001f17) auipc   t5, 0x1
3 0x8000b340 (0x00001f17) x30 0x8000c340
core   0: 0xffffffff8000b344 (0xcc3f2023) sw      gp, -832(t5)
3 0x8000b344 (0xcc3f2023) mem 0x8000c000 0x00000001
core   0: 0xffffffff8000b348 (0xff9ff06f) j       pc - 0x8
3 0x8000b348 (0xff9ff06f)
core   0: 0xffffffff8000b340 (0x00001f17) auipc   t5, 0x1
3 0x8000b340 (0x00001f17) x30 0x8000c340
core   0: 0xffffffff8000b344 (0xcc3f2023) sw      gp, -832(t5)
3 0x8000b344 (0xcc3f2023) mem 0x8000c000 0x00000001
core   0: 0xffffffff8000b348 (0xff9ff06f) j       pc - 0x8
3 0x8000b348 (0xff9ff06f)
core   0: 0xffffffff8000b340 (0x00001f17) auipc   t5, 0x1
3 0x8000b340 (0x00001f17) x30 0x8000c340
core   0: 0xffffffff8000b344 (0xcc3f2023) sw      gp, -832(t5)
3 0x8000b344 (0xcc3f2023) mem 0x8000c000 0x00000001
core   0: 0xffffffff8000b348 (0xff9ff06f) j       pc - 0x8
3 0x8000b348 (0xff9ff06f)
core   0: 0xffffffff8000b340 (0x00001f17) auipc   t5, 0x1
3 0x8000b340 (0x00001f17) x30 0x8000c340
core   0: 0xffffffff8000b344 (0xcc3f2023) sw      gp, -832(t5)
3 0x8000b344 (0xcc3f2023) mem 0x8000c000 0x00000001
core   0: 0xffffffff8000b348 (0xff9ff06f) j       pc - 0x8
3 0x8000b348 (0xff9ff06f)
core   0: 0xffffffff8000b340 (0x00001f17) auipc   t5, 0x1
3 0x8000b340 (0x00001f17) x30 0x8000c340
core   0: 0xffffffff8000b344 (0xcc3f2023) sw      gp, -832(t5)
3 0x8000b344 (0xcc3f2023) mem 0x8000c000 0x00000001
core   0: 0xffffffff8000b348 (0xff9ff06f) j       pc - 0x8
3 0x8000b348 (0xff9ff06f)
core   0: 0xffffffff8000b340 (0x00001f17) auipc   t5, 0x1
3 0x8000b340 (0x00001f17) x30 0x8000c340
core   0: 0xffffffff8000b344 (0xcc3f2023) sw      gp, -832(t5)
3 0x8000b344 (0xcc3f2023) mem 0x8000c000 0x00000001
core   0: 0xffffffff8000b348 (0xff9ff06f) j       pc - 0x8
3 0x8000b348 (0xff9ff06f)
core   0: 0xffffffff8000b340 (0x00001f17) auipc   t5, 0x1
3 0x8000b340 (0x00001f17) x30 0x8000c340
core   0: 0xffffffff8000b344 (0xcc3f2023) sw      gp, -832(t5)
3 0x8000b344 (0xcc3f2023) mem 0x8000c000 0x00000001
core   0: 0xffffffff8000b348 (0xff9ff06f) j       pc - 0x8
3 0x8000b348 (0xff9ff06f)
core   0: 0xffffffff8000b340 (0x00001f17) auipc   t5, 0x1
3 0x8000b340 (0x00001f17) x30 0x8000c340
core   0: 0xffffffff8000b344 (0xcc3f2023) sw      gp, -832(t5)
3 0x8000b344 (0xcc3f2023) mem 0x8000c000 0x00000001
core   0: 0xffffffff8000b348 (0xff9ff06f) j       pc - 0x8
3 0x8000b348 (0xff9ff06f)
core   0: 0xffffffff8000b340 (0x00001f17) auipc   t5, 0x1
3 0x8000b340 (0x00001f17) x30 0x8000c340
core   0: 0xffffffff8000b344 (0xcc3f2023) sw      gp, -832(t5)
3 0x8000b344 (0xcc3f2023) mem 0x8000c000 0x00000001
core   0: 0xffffffff8000b348 (0xff9ff06f) j       pc - 0x8
3 0x8000b348 (0xff9ff06f)
core   0: 0xffffffff8000b340 (0x00001f17) auipc   t5, 0x1
3 0x8000b340 (0x00001f17) x30 0x8000c340
core   0: 0xffffffff8000b344 (0xcc3f2023) sw      gp, -832(t5)
3 0x8000b344 (0xcc3f2023) mem 0x8000c000 0x00000001
core   0: 0xffffffff8000b348 (0xff9ff06f) j       pc - 0x8
3 0x8000b348 (0xff9ff06f)
core   0: 0xffffffff8000b340 (0x00001f17) auipc   t5, 0x1
3 0x8000b340 (0x00001f17) x30 0x8000c340
core   0: 0xffffffff8000b344 (0xcc3f2023) sw      gp, -832(t5)
3 0x8000b344 (0xcc3f2023) mem 0x8000c000 0x00000001
core   0: 0xffffffff8000b348 (0xff9ff06f) j       pc - 0x8
3 0x8000b348 (0xff9ff06f)
core   0: 0xffffffff8000b340 (0x00001f17) auipc   t5, 0x1
3 0x8000b340 (0x00001f17) x30 0x8000c340
core   0: 0xffffffff8000b344 (0xcc3f2023) sw      gp, -832(t5)
3 0x8000b344 (0xcc3f2023) mem 0x8000c000 0x00000001
core   0: 0xffffffff8000b348 (0xff9ff06f) j       pc - 0x8
3 0x8000b348 (0xff9ff06f)
core   0: 0xffffffff8000b340 (0x00001f17) auipc   t5, 0x1
3 0x8000b340 (0x00001f17) x30 0x8000c340
core   0: 0xffffffff8000b344 (0xcc3f2023) sw      gp, -832(t5)
3 0x8000b344 (0xcc3f2023) mem 0x8000c000 0x00000001
core   0: 0xffffffff8000b348 (0xff9ff06f) j       pc - 0x8
3 0x8000b348 (0xff9ff06f)
core   0: 0xffffffff8000b340 (0x00001f17) auipc   t5, 0x1
3 0x8000b340 (0x00001f17) x30 0x8000c340
core   0: 0xffffffff8000b344 (0xcc3f2023) sw      gp, -832(t5)
3 0x8000b344 (0xcc3f2023) mem 0x8000c000 0x00000001
core   0: 0xffffffff8000b348 (0xff9ff06f) j       pc - 0x8
3 0x8000b348 (0xff9ff06f)
core   0: 0xffffffff8000b340 (0x00001f17) auipc   t5, 0x1
3 0x8000b340 (0x00001f17) x30 0x8000c340
core   0: 0xffffffff8000b344 (0xcc3f2023) sw      gp, -832(t5)
3 0x8000b344 (0xcc3f2023) mem 0x8000c000 0x00000001
core   0: 0xffffffff8000b348 (0xff9ff06f) j       pc - 0x8
3 0x8000b348 (0xff9ff06f)
core   0: 0xffffffff8000b340 (0x00001f17) auipc   t5, 0x1
3 0x8000b340 (0x00001f17) x30 0x8000c340
core   0: 0xffffffff8000b344 (0xcc3f2023) sw      gp, -832(t5)
3 0x8000b344 (0xcc3f2023) mem 0x8000c000 0x00000001
core   0: 0xffffffff8000b348 (0xff9ff06f) j       pc - 0x8
3 0x8000b348 (0xff9ff06f)
core   0: 0xffffffff8000b340 (0x00001f17) auipc   t5, 0x1
3 0x8000b340 (0x00001f17) x30 0x8000c340
core   0: 0xffffffff8000b344 (0xcc3f2023) sw      gp, -832(t5)
3 0x8000b344 (0xcc3f2023) mem 0x8000c000 0x00000001
core   0: 0xffffffff8000b348 (0xff9ff06f) j       pc - 0x8
3 0x8000b348 (0xff9ff06f)
core   0: 0xffffffff8000b340 (0x00001f17) auipc   t5, 0x1
3 0x8000b340 (0x00001f17) x30 0x8000c340
core   0: 0xffffffff8000b344 (0xcc3f2023) sw      gp, -832(t5)
3 0x8000b344 (0xcc3f2023) mem 0x8000c000 0x00000001
core   0: 0xffffffff8000b348 (0xff9ff06f) j       pc - 0x8
3 0x8000b348 (0xff9ff06f)
core   0: 0xffffffff8000b340 (0x00001f17) auipc   t5, 0x1
3 0x8000b340 (0x00001f17) x30 0x8000c340
core   0: 0xffffffff8000b344 (0xcc3f2023) sw      gp, -832(t5)
3 0x8000b344 (0xcc3f2023) mem 0x8000c000 0x00000001
core   0: 0xffffffff8000b348 (0xff9ff06f) j       pc - 0x8
3 0x8000b348 (0xff9ff06f)
core   0: 0xffffffff8000b340 (0x00001f17) auipc   t5, 0x1
3 0x8000b340 (0x00001f17) x30 0x8000c340
core   0: 0xffffffff8000b344 (0xcc3f2023) sw      gp, -832(t5)
3 0x8000b344 (0xcc3f2023) mem 0x8000c000 0x00000001
core   0: 0xffffffff8000b348 (0xff9ff06f) j       pc - 0x8
3 0x8000b348 (0xff9ff06f)
core   0: 0xffffffff8000b340 (0x00001f17) auipc   t5, 0x1
3 0x8000b340 (0x00001f17) x30 0x8000c340
core   0: 0xffffffff8000b344 (0xcc3f2023) sw      gp, -832(t5)
3 0x8000b344 (0xcc3f2023) mem 0x8000c000 0x00000001
core   0: 0xffffffff8000b348 (0xff9ff06f) j       pc - 0x8
3 0x8000b348 (0xff9ff06f)
core   0: 0xffffffff8000b340 (0x00001f17) auipc   t5, 0x1
3 0x8000b340 (0x00001f17) x30 0x8000c340
core   0: 0xffffffff8000b344 (0xcc3f2023) sw      gp, -832(t5)
3 0x8000b344 (0xcc3f2023) mem 0x8000c000 0x00000001
core   0: 0xffffffff8000b348 (0xff9ff06f) j       pc - 0x8
3 0x8000b348 (0xff9ff06f)
core   0: 0xffffffff8000b340 (0x00001f17) auipc   t5, 0x1
3 0x8000b340 (0x00001f17) x30 0x8000c340
core   0: 0xffffffff8000b344 (0xcc3f2023) sw      gp, -832(t5)
3 0x8000b344 (0xcc3f2023) mem 0x8000c000 0x00000001
core   0: 0xffffffff8000b348 (0xff9ff06f) j       pc - 0x8
3 0x8000b348 (0xff9ff06f)
core   0: 0xffffffff8000b340 (0x00001f17) auipc   t5, 0x1
3 0x8000b340 (0x00001f17) x30 0x8000c340
core   0: 0xffffffff8000b344 (0xcc3f2023) sw      gp, -832(t5)
3 0x8000b344 (0xcc3f2023) mem 0x8000c000 0x00000001
core   0: 0xffffffff8000b348 (0xff9ff06f) j       pc - 0x8
3 0x8000b348 (0xff9ff06f)
core   0: 0xffffffff8000b340 (0x00001f17) auipc   t5, 0x1
3 0x8000b340 (0x00001f17) x30 0x8000c340
core   0: 0xffffffff8000b344 (0xcc3f2023) sw      gp, -832(t5)
3 0x8000b344 (0xcc3f2023) mem 0x8000c000 0x00000001
core   0: 0xffffffff8000b348 (0xff9ff06f) j       pc - 0x8
3 0x8000b348 (0xff9ff06f)
core   0: 0xffffffff8000b340 (0x00001f17) auipc   t5, 0x1
3 0x8000b340 (0x00001f17) x30 0x8000c340
core   0: 0xffffffff8000b344 (0xcc3f2023) sw      gp, -832(t5)
3 0x8000b344 (0xcc3f2023) mem 0x8000c000 0x00000001
core   0: 0xffffffff8000b348 (0xff9ff06f) j       pc - 0x8
3 0x8000b348 (0xff9ff06f)
core   0: 0xffffffff8000b340 (0x00001f17) auipc   t5, 0x1
3 0x8000b340 (0x00001f17) x30 0x8000c340
core   0: 0xffffffff8000b344 (0xcc3f2023) sw      gp, -832(t5)
3 0x8000b344 (0xcc3f2023) mem 0x8000c000 0x00000001
core   0: 0xffffffff8000b348 (0xff9ff06f) j       pc - 0x8
3 0x8000b348 (0xff9ff06f)
core   0: 0xffffffff8000b340 (0x00001f17) auipc   t5, 0x1
3 0x8000b340 (0x00001f17) x30 0x8000c340
core   0: 0xffffffff8000b344 (0xcc3f2023) sw      gp, -832(t5)
3 0x8000b344 (0xcc3f2023) mem 0x8000c000 0x00000001
core   0: 0xffffffff8000b348 (0xff9ff06f) j       pc - 0x8
3 0x8000b348 (0xff9ff06f)
core   0: 0xffffffff8000b340 (0x00001f17) auipc   t5, 0x1
3 0x8000b340 (0x00001f17) x30 0x8000c340
core   0: 0xffffffff8000b344 (0xcc3f2023) sw      gp, -832(t5)
3 0x8000b344 (0xcc3f2023) mem 0x8000c000 0x00000001
core   0: 0xffffffff8000b348 (0xff9ff06f) j       pc - 0x8
3 0x8000b348 (0xff9ff06f)
core   0: 0xffffffff8000b340 (0x00001f17) auipc   t5, 0x1
3 0x8000b340 (0x00001f17) x30 0x8000c340
core   0: 0xffffffff8000b344 (0xcc3f2023) sw      gp, -832(t5)
3 0x8000b344 (0xcc3f2023) mem 0x8000c000 0x00000001
core   0: 0xffffffff8000b348 (0xff9ff06f) j       pc - 0x8
3 0x8000b348 (0xff9ff06f)
core   0: 0xffffffff8000b340 (0x00001f17) auipc   t5, 0x1
3 0x8000b340 (0x00001f17) x30 0x8000c340
core   0: 0xffffffff8000b344 (0xcc3f2023) sw      gp, -832(t5)
3 0x8000b344 (0xcc3f2023) mem 0x8000c000 0x00000001
core   0: 0xffffffff8000b348 (0xff9ff06f) j       pc - 0x8
3 0x8000b348 (0xff9ff06f)
core   0: 0xffffffff8000b340 (0x00001f17) auipc   t5, 0x1
3 0x8000b340 (0x00001f17) x30 0x8000c340
core   0: 0xffffffff8000b344 (0xcc3f2023) sw      gp, -832(t5)
3 0x8000b344 (0xcc3f2023) mem 0x8000c000 0x00000001
core   0: 0xffffffff8000b348 (0xff9ff06f) j       pc - 0x8
3 0x8000b348 (0xff9ff06f)
core   0: 0xffffffff8000b340 (0x00001f17) auipc   t5, 0x1
3 0x8000b340 (0x00001f17) x30 0x8000c340
core   0: 0xffffffff8000b344 (0xcc3f2023) sw      gp, -832(t5)
3 0x8000b344 (0xcc3f2023) mem 0x8000c000 0x00000001
core   0: 0xffffffff8000b348 (0xff9ff06f) j       pc - 0x8
3 0x8000b348 (0xff9ff06f)
core   0: 0xffffffff8000b340 (0x00001f17) auipc   t5, 0x1
3 0x8000b340 (0x00001f17) x30 0x8000c340
core   0: 0xffffffff8000b344 (0xcc3f2023) sw      gp, -832(t5)
3 0x8000b344 (0xcc3f2023) mem 0x8000c000 0x00000001
core   0: 0xffffffff8000b348 (0xff9ff06f) j       pc - 0x8
3 0x8000b348 (0xff9ff06f)
core   0: 0xffffffff8000b340 (0x00001f17) auipc   t5, 0x1
3 0x8000b340 (0x00001f17) x30 0x8000c340
core   0: 0xffffffff8000b344 (0xcc3f2023) sw      gp, -832(t5)
3 0x8000b344 (0xcc3f2023) mem 0x8000c000 0x00000001
core   0: 0xffffffff8000b348 (0xff9ff06f) j       pc - 0x8
3 0x8000b348 (0xff9ff06f)
core   0: 0xffffffff8000b340 (0x00001f17) auipc   t5, 0x1
3 0x8000b340 (0x00001f17) x30 0x8000c340
core   0: 0xffffffff8000b344 (0xcc3f2023) sw      gp, -832(t5)
3 0x8000b344 (0xcc3f2023) mem 0x8000c000 0x00000001
core   0: 0xffffffff8000b348 (0xff9ff06f) j       pc - 0x8
3 0x8000b348 (0xff9ff06f)
core   0: 0xffffffff8000b340 (0x00001f17) auipc   t5, 0x1
3 0x8000b340 (0x00001f17) x30 0x8000c340
core   0: 0xffffffff8000b344 (0xcc3f2023) sw      gp, -832(t5)
3 0x8000b344 (0xcc3f2023) mem 0x8000c000 0x00000001
core   0: 0xffffffff8000b348 (0xff9ff06f) j       pc - 0x8
3 0x8000b348 (0xff9ff06f)
core   0: 0xffffffff8000b340 (0x00001f17) auipc   t5, 0x1
3 0x8000b340 (0x00001f17) x30 0x8000c340
core   0: 0xffffffff8000b344 (0xcc3f2023) sw      gp, -832(t5)
3 0x8000b344 (0xcc3f2023) mem 0x8000c000 0x00000001
core   0: 0xffffffff8000b348 (0xff9ff06f) j       pc - 0x8
3 0x8000b348 (0xff9ff06f)
core   0: 0xffffffff8000b340 (0x00001f17) auipc   t5, 0x1
3 0x8000b340 (0x00001f17) x30 0x8000c340
core   0: 0xffffffff8000b344 (0xcc3f2023) sw      gp, -832(t5)
3 0x8000b344 (0xcc3f2023) mem 0x8000c000 0x00000001
core   0: 0xffffffff8000b348 (0xff9ff06f) j       pc - 0x8
3 0x8000b348 (0xff9ff06f)
core   0: 0xffffffff8000b340 (0x00001f17) auipc   t5, 0x1
3 0x8000b340 (0x00001f17) x30 0x8000c340
core   0: 0xffffffff8000b344 (0xcc3f2023) sw      gp, -832(t5)
3 0x8000b344 (0xcc3f2023) mem 0x8000c000 0x00000001
core   0: 0xffffffff8000b348 (0xff9ff06f) j       pc - 0x8
3 0x8000b348 (0xff9ff06f)
core   0: 0xffffffff8000b340 (0x00001f17) auipc   t5, 0x1
3 0x8000b340 (0x00001f17) x30 0x8000c340
core   0: 0xffffffff8000b344 (0xcc3f2023) sw      gp, -832(t5)
3 0x8000b344 (0xcc3f2023) mem 0x8000c000 0x00000001
core   0: 0xffffffff8000b348 (0xff9ff06f) j       pc - 0x8
3 0x8000b348 (0xff9ff06f)
core   0: 0xffffffff8000b340 (0x00001f17) auipc   t5, 0x1
3 0x8000b340 (0x00001f17) x30 0x8000c340
core   0: 0xffffffff8000b344 (0xcc3f2023) sw      gp, -832(t5)
3 0x8000b344 (0xcc3f2023) mem 0x8000c000 0x00000001
core   0: 0xffffffff8000b348 (0xff9ff06f) j       pc - 0x8
3 0x8000b348 (0xff9ff06f)
core   0: 0xffffffff8000b340 (0x00001f17) auipc   t5, 0x1
3 0x8000b340 (0x00001f17) x30 0x8000c340
core   0: 0xffffffff8000b344 (0xcc3f2023) sw      gp, -832(t5)
3 0x8000b344 (0xcc3f2023) mem 0x8000c000 0x00000001
core   0: 0xffffffff8000b348 (0xff9ff06f) j       pc - 0x8
3 0x8000b348 (0xff9ff06f)
core   0: 0xffffffff8000b340 (0x00001f17) auipc   t5, 0x1
3 0x8000b340 (0x00001f17) x30 0x8000c340
core   0: 0xffffffff8000b344 (0xcc3f2023) sw      gp, -832(t5)
3 0x8000b344 (0xcc3f2023) mem 0x8000c000 0x00000001
core   0: 0xffffffff8000b348 (0xff9ff06f) j       pc - 0x8
3 0x8000b348 (0xff9ff06f)
core   0: 0xffffffff8000b340 (0x00001f17) auipc   t5, 0x1
3 0x8000b340 (0x00001f17) x30 0x8000c340
core   0: 0xffffffff8000b344 (0xcc3f2023) sw      gp, -832(t5)
3 0x8000b344 (0xcc3f2023) mem 0x8000c000 0x00000001
core   0: 0xffffffff8000b348 (0xff9ff06f) j       pc - 0x8
3 0x8000b348 (0xff9ff06f)
core   0: 0xffffffff8000b340 (0x00001f17) auipc   t5, 0x1
3 0x8000b340 (0x00001f17) x30 0x8000c340
core   0: 0xffffffff8000b344 (0xcc3f2023) sw      gp, -832(t5)
3 0x8000b344 (0xcc3f2023) mem 0x8000c000 0x00000001
core   0: 0xffffffff8000b348 (0xff9ff06f) j       pc - 0x8
3 0x8000b348 (0xff9ff06f)
core   0: 0xffffffff8000b340 (0x00001f17) auipc   t5, 0x1
3 0x8000b340 (0x00001f17) x30 0x8000c340
core   0: 0xffffffff8000b344 (0xcc3f2023) sw      gp, -832(t5)
3 0x8000b344 (0xcc3f2023) mem 0x8000c000 0x00000001
core   0: 0xffffffff8000b348 (0xff9ff06f) j       pc - 0x8
3 0x8000b348 (0xff9ff06f)
core   0: 0xffffffff8000b340 (0x00001f17) auipc   t5, 0x1
3 0x8000b340 (0x00001f17) x30 0x8000c340
core   0: 0xffffffff8000b344 (0xcc3f2023) sw      gp, -832(t5)
3 0x8000b344 (0xcc3f2023) mem 0x8000c000 0x00000001
core   0: 0xffffffff8000b348 (0xff9ff06f) j       pc - 0x8
3 0x8000b348 (0xff9ff06f)
core   0: 0xffffffff8000b340 (0x00001f17) auipc   t5, 0x1
3 0x8000b340 (0x00001f17) x30 0x8000c340
core   0: 0xffffffff8000b344 (0xcc3f2023) sw      gp, -832(t5)
3 0x8000b344 (0xcc3f2023) mem 0x8000c000 0x00000001
core   0: 0xffffffff8000b348 (0xff9ff06f) j       pc - 0x8
3 0x8000b348 (0xff9ff06f)
core   0: 0xffffffff8000b340 (0x00001f17) auipc   t5, 0x1
3 0x8000b340 (0x00001f17) x30 0x8000c340
core   0: 0xffffffff8000b344 (0xcc3f2023) sw      gp, -832(t5)
3 0x8000b344 (0xcc3f2023) mem 0x8000c000 0x00000001
core   0: 0xffffffff8000b348 (0xff9ff06f) j       pc - 0x8
3 0x8000b348 (0xff9ff06f)
core   0: 0xffffffff8000b340 (0x00001f17) auipc   t5, 0x1
3 0x8000b340 (0x00001f17) x30 0x8000c340
core   0: 0xffffffff8000b344 (0xcc3f2023) sw      gp, -832(t5)
3 0x8000b344 (0xcc3f2023) mem 0x8000c000 0x00000001
core   0: 0xffffffff8000b348 (0xff9ff06f) j       pc - 0x8
3 0x8000b348 (0xff9ff06f)
core   0: 0xffffffff8000b340 (0x00001f17) auipc   t5, 0x1
3 0x8000b340 (0x00001f17) x30 0x8000c340
core   0: 0xffffffff8000b344 (0xcc3f2023) sw      gp, -832(t5)
3 0x8000b344 (0xcc3f2023) mem 0x8000c000 0x00000001
core   0: 0xffffffff8000b348 (0xff9ff06f) j       pc - 0x8
3 0x8000b348 (0xff9ff06f)
core   0: 0xffffffff8000b340 (0x00001f17) auipc   t5, 0x1
3 0x8000b340 (0x00001f17) x30 0x8000c340
core   0: 0xffffffff8000b344 (0xcc3f2023) sw      gp, -832(t5)
3 0x8000b344 (0xcc3f2023) mem 0x8000c000 0x00000001
core   0: 0xffffffff8000b348 (0xff9ff06f) j       pc - 0x8
3 0x8000b348 (0xff9ff06f)
core   0: 0xffffffff8000b340 (0x00001f17) auipc   t5, 0x1
3 0x8000b340 (0x00001f17) x30 0x8000c340
core   0: 0xffffffff8000b344 (0xcc3f2023) sw      gp, -832(t5)
3 0x8000b344 (0xcc3f2023) mem 0x8000c000 0x00000001
core   0: 0xffffffff8000b348 (0xff9ff06f) j       pc - 0x8
3 0x8000b348 (0xff9ff06f)
core   0: 0xffffffff8000b340 (0x00001f17) auipc   t5, 0x1
3 0x8000b340 (0x00001f17) x30 0x8000c340
core   0: 0xffffffff8000b344 (0xcc3f2023) sw      gp, -832(t5)
3 0x8000b344 (0xcc3f2023) mem 0x8000c000 0x00000001
core   0: 0xffffffff8000b348 (0xff9ff06f) j       pc - 0x8
3 0x8000b348 (0xff9ff06f)
core   0: 0xffffffff8000b340 (0x00001f17) auipc   t5, 0x1
3 0x8000b340 (0x00001f17) x30 0x8000c340
core   0: 0xffffffff8000b344 (0xcc3f2023) sw      gp, -832(t5)
3 0x8000b344 (0xcc3f2023) mem 0x8000c000 0x00000001
core   0: 0xffffffff8000b348 (0xff9ff06f) j       pc - 0x8
3 0x8000b348 (0xff9ff06f)
core   0: 0xffffffff8000b340 (0x00001f17) auipc   t5, 0x1
3 0x8000b340 (0x00001f17) x30 0x8000c340
core   0: 0xffffffff8000b344 (0xcc3f2023) sw      gp, -832(t5)
3 0x8000b344 (0xcc3f2023) mem 0x8000c000 0x00000001
core   0: 0xffffffff8000b348 (0xff9ff06f) j       pc - 0x8
3 0x8000b348 (0xff9ff06f)
core   0: 0xffffffff8000b340 (0x00001f17) auipc   t5, 0x1
3 0x8000b340 (0x00001f17) x30 0x8000c340
core   0: 0xffffffff8000b344 (0xcc3f2023) sw      gp, -832(t5)
3 0x8000b344 (0xcc3f2023) mem 0x8000c000 0x00000001
core   0: 0xffffffff8000b348 (0xff9ff06f) j       pc - 0x8
3 0x8000b348 (0xff9ff06f)
core   0: 0xffffffff8000b340 (0x00001f17) auipc   t5, 0x1
3 0x8000b340 (0x00001f17) x30 0x8000c340
core   0: 0xffffffff8000b344 (0xcc3f2023) sw      gp, -832(t5)
3 0x8000b344 (0xcc3f2023) mem 0x8000c000 0x00000001
core   0: 0xffffffff8000b348 (0xff9ff06f) j       pc - 0x8
3 0x8000b348 (0xff9ff06f)
core   0: 0xffffffff8000b340 (0x00001f17) auipc   t5, 0x1
3 0x8000b340 (0x00001f17) x30 0x8000c340
core   0: 0xffffffff8000b344 (0xcc3f2023) sw      gp, -832(t5)
3 0x8000b344 (0xcc3f2023) mem 0x8000c000 0x00000001
core   0: 0xffffffff8000b348 (0xff9ff06f) j       pc - 0x8
3 0x8000b348 (0xff9ff06f)
core   0: 0xffffffff8000b340 (0x00001f17) auipc   t5, 0x1
3 0x8000b340 (0x00001f17) x30 0x8000c340
core   0: 0xffffffff8000b344 (0xcc3f2023) sw      gp, -832(t5)
3 0x8000b344 (0xcc3f2023) mem 0x8000c000 0x00000001
core   0: 0xffffffff8000b348 (0xff9ff06f) j       pc - 0x8
3 0x8000b348 (0xff9ff06f)
core   0: 0xffffffff8000b340 (0x00001f17) auipc   t5, 0x1
3 0x8000b340 (0x00001f17) x30 0x8000c340
core   0: 0xffffffff8000b344 (0xcc3f2023) sw      gp, -832(t5)
3 0x8000b344 (0xcc3f2023) mem 0x8000c000 0x00000001
core   0: 0xffffffff8000b348 (0xff9ff06f) j       pc - 0x8
3 0x8000b348 (0xff9ff06f)
core   0: 0xffffffff8000b340 (0x00001f17) auipc   t5, 0x1
3 0x8000b340 (0x00001f17) x30 0x8000c340
core   0: 0xffffffff8000b344 (0xcc3f2023) sw      gp, -832(t5)
3 0x8000b344 (0xcc3f2023) mem 0x8000c000 0x00000001
core   0: 0xffffffff8000b348 (0xff9ff06f) j       pc - 0x8
3 0x8000b348 (0xff9ff06f)
core   0: 0xffffffff8000b340 (0x00001f17) auipc   t5, 0x1
3 0x8000b340 (0x00001f17) x30 0x8000c340
core   0: 0xffffffff8000b344 (0xcc3f2023) sw      gp, -832(t5)
3 0x8000b344 (0xcc3f2023) mem 0x8000c000 0x00000001
core   0: 0xffffffff8000b348 (0xff9ff06f) j       pc - 0x8
3 0x8000b348 (0xff9ff06f)
core   0: 0xffffffff8000b340 (0x00001f17) auipc   t5, 0x1
3 0x8000b340 (0x00001f17) x30 0x8000c340
core   0: 0xffffffff8000b344 (0xcc3f2023) sw      gp, -832(t5)
3 0x8000b344 (0xcc3f2023) mem 0x8000c000 0x00000001
core   0: 0xffffffff8000b348 (0xff9ff06f) j       pc - 0x8
3 0x8000b348 (0xff9ff06f)
core   0: 0xffffffff8000b340 (0x00001f17) auipc   t5, 0x1
3 0x8000b340 (0x00001f17) x30 0x8000c340
core   0: 0xffffffff8000b344 (0xcc3f2023) sw      gp, -832(t5)
3 0x8000b344 (0xcc3f2023) mem 0x8000c000 0x00000001
core   0: 0xffffffff8000b348 (0xff9ff06f) j       pc - 0x8
3 0x8000b348 (0xff9ff06f)
core   0: 0xffffffff8000b340 (0x00001f17) auipc   t5, 0x1
3 0x8000b340 (0x00001f17) x30 0x8000c340
core   0: 0xffffffff8000b344 (0xcc3f2023) sw      gp, -832(t5)
3 0x8000b344 (0xcc3f2023) mem 0x8000c000 0x00000001
core   0: 0xffffffff8000b348 (0xff9ff06f) j       pc - 0x8
3 0x8000b348 (0xff9ff06f)
core   0: 0xffffffff8000b340 (0x00001f17) auipc   t5, 0x1
3 0x8000b340 (0x00001f17) x30 0x8000c340
core   0: 0xffffffff8000b344 (0xcc3f2023) sw      gp, -832(t5)
3 0x8000b344 (0xcc3f2023) mem 0x8000c000 0x00000001
core   0: 0xffffffff8000b348 (0xff9ff06f) j       pc - 0x8
3 0x8000b348 (0xff9ff06f)
core   0: 0xffffffff8000b340 (0x00001f17) auipc   t5, 0x1
3 0x8000b340 (0x00001f17) x30 0x8000c340
core   0: 0xffffffff8000b344 (0xcc3f2023) sw      gp, -832(t5)
3 0x8000b344 (0xcc3f2023) mem 0x8000c000 0x00000001
core   0: 0xffffffff8000b348 (0xff9ff06f) j       pc - 0x8
3 0x8000b348 (0xff9ff06f)
core   0: 0xffffffff8000b340 (0x00001f17) auipc   t5, 0x1
3 0x8000b340 (0x00001f17) x30 0x8000c340
core   0: 0xffffffff8000b344 (0xcc3f2023) sw      gp, -832(t5)
3 0x8000b344 (0xcc3f2023) mem 0x8000c000 0x00000001
core   0: 0xffffffff8000b348 (0xff9ff06f) j       pc - 0x8
3 0x8000b348 (0xff9ff06f)
core   0: 0xffffffff8000b340 (0x00001f17) auipc   t5, 0x1
3 0x8000b340 (0x00001f17) x30 0x8000c340
core   0: 0xffffffff8000b344 (0xcc3f2023) sw      gp, -832(t5)
3 0x8000b344 (0xcc3f2023) mem 0x8000c000 0x00000001
core   0: 0xffffffff8000b348 (0xff9ff06f) j       pc - 0x8
3 0x8000b348 (0xff9ff06f)
core   0: 0xffffffff8000b340 (0x00001f17) auipc   t5, 0x1
3 0x8000b340 (0x00001f17) x30 0x8000c340
core   0: 0xffffffff8000b344 (0xcc3f2023) sw      gp, -832(t5)
3 0x8000b344 (0xcc3f2023) mem 0x8000c000 0x00000001
core   0: 0xffffffff8000b348 (0xff9ff06f) j       pc - 0x8
3 0x8000b348 (0xff9ff06f)
core   0: 0xffffffff8000b340 (0x00001f17) auipc   t5, 0x1
3 0x8000b340 (0x00001f17) x30 0x8000c340
core   0: 0xffffffff8000b344 (0xcc3f2023) sw      gp, -832(t5)
3 0x8000b344 (0xcc3f2023) mem 0x8000c000 0x00000001
core   0: 0xffffffff8000b348 (0xff9ff06f) j       pc - 0x8
3 0x8000b348 (0xff9ff06f)
core   0: 0xffffffff8000b340 (0x00001f17) auipc   t5, 0x1
3 0x8000b340 (0x00001f17) x30 0x8000c340
core   0: 0xffffffff8000b344 (0xcc3f2023) sw      gp, -832(t5)
3 0x8000b344 (0xcc3f2023) mem 0x8000c000 0x00000001
core   0: 0xffffffff8000b348 (0xff9ff06f) j       pc - 0x8
3 0x8000b348 (0xff9ff06f)
core   0: 0xffffffff8000b340 (0x00001f17) auipc   t5, 0x1
3 0x8000b340 (0x00001f17) x30 0x8000c340
core   0: 0xffffffff8000b344 (0xcc3f2023) sw      gp, -832(t5)
3 0x8000b344 (0xcc3f2023) mem 0x8000c000 0x00000001
core   0: 0xffffffff8000b348 (0xff9ff06f) j       pc - 0x8
3 0x8000b348 (0xff9ff06f)
core   0: 0xffffffff8000b340 (0x00001f17) auipc   t5, 0x1
3 0x8000b340 (0x00001f17) x30 0x8000c340
core   0: 0xffffffff8000b344 (0xcc3f2023) sw      gp, -832(t5)
3 0x8000b344 (0xcc3f2023) mem 0x8000c000 0x00000001
core   0: 0xffffffff8000b348 (0xff9ff06f) j       pc - 0x8
3 0x8000b348 (0xff9ff06f)
core   0: 0xffffffff8000b340 (0x00001f17) auipc   t5, 0x1
3 0x8000b340 (0x00001f17) x30 0x8000c340
core   0: 0xffffffff8000b344 (0xcc3f2023) sw      gp, -832(t5)
3 0x8000b344 (0xcc3f2023) mem 0x8000c000 0x00000001
core   0: 0xffffffff8000b348 (0xff9ff06f) j       pc - 0x8
3 0x8000b348 (0xff9ff06f)
core   0: 0xffffffff8000b340 (0x00001f17) auipc   t5, 0x1
3 0x8000b340 (0x00001f17) x30 0x8000c340
core   0: 0xffffffff8000b344 (0xcc3f2023) sw      gp, -832(t5)
3 0x8000b344 (0xcc3f2023) mem 0x8000c000 0x00000001
core   0: 0xffffffff8000b348 (0xff9ff06f) j       pc - 0x8
3 0x8000b348 (0xff9ff06f)
core   0: 0xffffffff8000b340 (0x00001f17) auipc   t5, 0x1
3 0x8000b340 (0x00001f17) x30 0x8000c340
core   0: 0xffffffff8000b344 (0xcc3f2023) sw      gp, -832(t5)
3 0x8000b344 (0xcc3f2023) mem 0x8000c000 0x00000001
core   0: 0xffffffff8000b348 (0xff9ff06f) j       pc - 0x8
3 0x8000b348 (0xff9ff06f)
core   0: 0xffffffff8000b340 (0x00001f17) auipc   t5, 0x1
3 0x8000b340 (0x00001f17) x30 0x8000c340
core   0: 0xffffffff8000b344 (0xcc3f2023) sw      gp, -832(t5)
3 0x8000b344 (0xcc3f2023) mem 0x8000c000 0x00000001
core   0: 0xffffffff8000b348 (0xff9ff06f) j       pc - 0x8
3 0x8000b348 (0xff9ff06f)
core   0: 0xffffffff8000b340 (0x00001f17) auipc   t5, 0x1
3 0x8000b340 (0x00001f17) x30 0x8000c340
core   0: 0xffffffff8000b344 (0xcc3f2023) sw      gp, -832(t5)
3 0x8000b344 (0xcc3f2023) mem 0x8000c000 0x00000001
core   0: 0xffffffff8000b348 (0xff9ff06f) j       pc - 0x8
3 0x8000b348 (0xff9ff06f)
core   0: 0xffffffff8000b340 (0x00001f17) auipc   t5, 0x1
3 0x8000b340 (0x00001f17) x30 0x8000c340
core   0: 0xffffffff8000b344 (0xcc3f2023) sw      gp, -832(t5)
3 0x8000b344 (0xcc3f2023) mem 0x8000c000 0x00000001
core   0: 0xffffffff8000b348 (0xff9ff06f) j       pc - 0x8
3 0x8000b348 (0xff9ff06f)
core   0: 0xffffffff8000b340 (0x00001f17) auipc   t5, 0x1
3 0x8000b340 (0x00001f17) x30 0x8000c340
core   0: 0xffffffff8000b344 (0xcc3f2023) sw      gp, -832(t5)
3 0x8000b344 (0xcc3f2023) mem 0x8000c000 0x00000001
core   0: 0xffffffff8000b348 (0xff9ff06f) j       pc - 0x8
3 0x8000b348 (0xff9ff06f)
core   0: 0xffffffff8000b340 (0x00001f17) auipc   t5, 0x1
3 0x8000b340 (0x00001f17) x30 0x8000c340
core   0: 0xffffffff8000b344 (0xcc3f2023) sw      gp, -832(t5)
3 0x8000b344 (0xcc3f2023) mem 0x8000c000 0x00000001
core   0: 0xffffffff8000b348 (0xff9ff06f) j       pc - 0x8
3 0x8000b348 (0xff9ff06f)
core   0: 0xffffffff8000b340 (0x00001f17) auipc   t5, 0x1
3 0x8000b340 (0x00001f17) x30 0x8000c340
core   0: 0xffffffff8000b344 (0xcc3f2023) sw      gp, -832(t5)
3 0x8000b344 (0xcc3f2023) mem 0x8000c000 0x00000001
core   0: 0xffffffff8000b348 (0xff9ff06f) j       pc - 0x8
3 0x8000b348 (0xff9ff06f)
core   0: 0xffffffff8000b340 (0x00001f17) auipc   t5, 0x1
3 0x8000b340 (0x00001f17) x30 0x8000c340
core   0: 0xffffffff8000b344 (0xcc3f2023) sw      gp, -832(t5)
3 0x8000b344 (0xcc3f2023) mem 0x8000c000 0x00000001
core   0: 0xffffffff8000b348 (0xff9ff06f) j       pc - 0x8
3 0x8000b348 (0xff9ff06f)
core   0: 0xffffffff8000b340 (0x00001f17) auipc   t5, 0x1
3 0x8000b340 (0x00001f17) x30 0x8000c340
core   0: 0xffffffff8000b344 (0xcc3f2023) sw      gp, -832(t5)
3 0x8000b344 (0xcc3f2023) mem 0x8000c000 0x00000001
core   0: 0xffffffff8000b348 (0xff9ff06f) j       pc - 0x8
3 0x8000b348 (0xff9ff06f)
core   0: 0xffffffff8000b340 (0x00001f17) auipc   t5, 0x1
3 0x8000b340 (0x00001f17) x30 0x8000c340
core   0: 0xffffffff8000b344 (0xcc3f2023) sw      gp, -832(t5)
3 0x8000b344 (0xcc3f2023) mem 0x8000c000 0x00000001
core   0: 0xffffffff8000b348 (0xff9ff06f) j       pc - 0x8
3 0x8000b348 (0xff9ff06f)
core   0: 0xffffffff8000b340 (0x00001f17) auipc   t5, 0x1
3 0x8000b340 (0x00001f17) x30 0x8000c340
core   0: 0xffffffff8000b344 (0xcc3f2023) sw      gp, -832(t5)
3 0x8000b344 (0xcc3f2023) mem 0x8000c000 0x00000001
core   0: 0xffffffff8000b348 (0xff9ff06f) j       pc - 0x8
3 0x8000b348 (0xff9ff06f)
core   0: 0xffffffff8000b340 (0x00001f17) auipc   t5, 0x1
3 0x8000b340 (0x00001f17) x30 0x8000c340
core   0: 0xffffffff8000b344 (0xcc3f2023) sw      gp, -832(t5)
3 0x8000b344 (0xcc3f2023) mem 0x8000c000 0x00000001
core   0: 0xffffffff8000b348 (0xff9ff06f) j       pc - 0x8
3 0x8000b348 (0xff9ff06f)
core   0: 0xffffffff8000b340 (0x00001f17) auipc   t5, 0x1
3 0x8000b340 (0x00001f17) x30 0x8000c340
core   0: 0xffffffff8000b344 (0xcc3f2023) sw      gp, -832(t5)
3 0x8000b344 (0xcc3f2023) mem 0x8000c000 0x00000001
core   0: 0xffffffff8000b348 (0xff9ff06f) j       pc - 0x8
3 0x8000b348 (0xff9ff06f)
core   0: 0xffffffff8000b340 (0x00001f17) auipc   t5, 0x1
3 0x8000b340 (0x00001f17) x30 0x8000c340
core   0: 0xffffffff8000b344 (0xcc3f2023) sw      gp, -832(t5)
3 0x8000b344 (0xcc3f2023) mem 0x8000c000 0x00000001
core   0: 0xffffffff8000b348 (0xff9ff06f) j       pc - 0x8
3 0x8000b348 (0xff9ff06f)
core   0: 0xffffffff8000b340 (0x00001f17) auipc   t5, 0x1
3 0x8000b340 (0x00001f17) x30 0x8000c340
core   0: 0xffffffff8000b344 (0xcc3f2023) sw      gp, -832(t5)
3 0x8000b344 (0xcc3f2023) mem 0x8000c000 0x00000001
core   0: 0xffffffff8000b348 (0xff9ff06f) j       pc - 0x8
3 0x8000b348 (0xff9ff06f)
core   0: 0xffffffff8000b340 (0x00001f17) auipc   t5, 0x1
3 0x8000b340 (0x00001f17) x30 0x8000c340
core   0: 0xffffffff8000b344 (0xcc3f2023) sw      gp, -832(t5)
3 0x8000b344 (0xcc3f2023) mem 0x8000c000 0x00000001
core   0: 0xffffffff8000b348 (0xff9ff06f) j       pc - 0x8
3 0x8000b348 (0xff9ff06f)
core   0: 0xffffffff8000b340 (0x00001f17) auipc   t5, 0x1
3 0x8000b340 (0x00001f17) x30 0x8000c340
core   0: 0xffffffff8000b344 (0xcc3f2023) sw      gp, -832(t5)
3 0x8000b344 (0xcc3f2023) mem 0x8000c000 0x00000001
core   0: 0xffffffff8000b348 (0xff9ff06f) j       pc - 0x8
3 0x8000b348 (0xff9ff06f)
core   0: 0xffffffff8000b340 (0x00001f17) auipc   t5, 0x1
3 0x8000b340 (0x00001f17) x30 0x8000c340
core   0: 0xffffffff8000b344 (0xcc3f2023) sw      gp, -832(t5)
3 0x8000b344 (0xcc3f2023) mem 0x8000c000 0x00000001
core   0: 0xffffffff8000b348 (0xff9ff06f) j       pc - 0x8
3 0x8000b348 (0xff9ff06f)
core   0: 0xffffffff8000b340 (0x00001f17) auipc   t5, 0x1
3 0x8000b340 (0x00001f17) x30 0x8000c340
core   0: 0xffffffff8000b344 (0xcc3f2023) sw      gp, -832(t5)
3 0x8000b344 (0xcc3f2023) mem 0x8000c000 0x00000001
core   0: 0xffffffff8000b348 (0xff9ff06f) j       pc - 0x8
3 0x8000b348 (0xff9ff06f)
core   0: 0xffffffff8000b340 (0x00001f17) auipc   t5, 0x1
3 0x8000b340 (0x00001f17) x30 0x8000c340
core   0: 0xffffffff8000b344 (0xcc3f2023) sw      gp, -832(t5)
3 0x8000b344 (0xcc3f2023) mem 0x8000c000 0x00000001
core   0: 0xffffffff8000b348 (0xff9ff06f) j       pc - 0x8
3 0x8000b348 (0xff9ff06f)
core   0: 0xffffffff8000b340 (0x00001f17) auipc   t5, 0x1
3 0x8000b340 (0x00001f17) x30 0x8000c340
core   0: 0xffffffff8000b344 (0xcc3f2023) sw      gp, -832(t5)
3 0x8000b344 (0xcc3f2023) mem 0x8000c000 0x00000001
core   0: 0xffffffff8000b348 (0xff9ff06f) j       pc - 0x8
3 0x8000b348 (0xff9ff06f)
core   0: 0xffffffff8000b340 (0x00001f17) auipc   t5, 0x1
3 0x8000b340 (0x00001f17) x30 0x8000c340
core   0: 0xffffffff8000b344 (0xcc3f2023) sw      gp, -832(t5)
3 0x8000b344 (0xcc3f2023) mem 0x8000c000 0x00000001
core   0: 0xffffffff8000b348 (0xff9ff06f) j       pc - 0x8
3 0x8000b348 (0xff9ff06f)
core   0: 0xffffffff8000b340 (0x00001f17) auipc   t5, 0x1
3 0x8000b340 (0x00001f17) x30 0x8000c340
core   0: 0xffffffff8000b344 (0xcc3f2023) sw      gp, -832(t5)
3 0x8000b344 (0xcc3f2023) mem 0x8000c000 0x00000001
core   0: 0xffffffff8000b348 (0xff9ff06f) j       pc - 0x8
3 0x8000b348 (0xff9ff06f)
core   0: 0xffffffff8000b340 (0x00001f17) auipc   t5, 0x1
3 0x8000b340 (0x00001f17) x30 0x8000c340
core   0: 0xffffffff8000b344 (0xcc3f2023) sw      gp, -832(t5)
3 0x8000b344 (0xcc3f2023) mem 0x8000c000 0x00000001
core   0: 0xffffffff8000b348 (0xff9ff06f) j       pc - 0x8
3 0x8000b348 (0xff9ff06f)
core   0: 0xffffffff8000b340 (0x00001f17) auipc   t5, 0x1
3 0x8000b340 (0x00001f17) x30 0x8000c340
core   0: 0xffffffff8000b344 (0xcc3f2023) sw      gp, -832(t5)
3 0x8000b344 (0xcc3f2023) mem 0x8000c000 0x00000001
core   0: 0xffffffff8000b348 (0xff9ff06f) j       pc - 0x8
3 0x8000b348 (0xff9ff06f)
core   0: 0xffffffff8000b340 (0x00001f17) auipc   t5, 0x1
3 0x8000b340 (0x00001f17) x30 0x8000c340
core   0: 0xffffffff8000b344 (0xcc3f2023) sw      gp, -832(t5)
3 0x8000b344 (0xcc3f2023) mem 0x8000c000 0x00000001
core   0: 0xffffffff8000b348 (0xff9ff06f) j       pc - 0x8
3 0x8000b348 (0xff9ff06f)
core   0: 0xffffffff8000b340 (0x00001f17) auipc   t5, 0x1
3 0x8000b340 (0x00001f17) x30 0x8000c340
core   0: 0xffffffff8000b344 (0xcc3f2023) sw      gp, -832(t5)
3 0x8000b344 (0xcc3f2023) mem 0x8000c000 0x00000001
core   0: 0xffffffff8000b348 (0xff9ff06f) j       pc - 0x8
3 0x8000b348 (0xff9ff06f)
core   0: 0xffffffff8000b340 (0x00001f17) auipc   t5, 0x1
3 0x8000b340 (0x00001f17) x30 0x8000c340
core   0: 0xffffffff8000b344 (0xcc3f2023) sw      gp, -832(t5)
3 0x8000b344 (0xcc3f2023) mem 0x8000c000 0x00000001
core   0: 0xffffffff8000b348 (0xff9ff06f) j       pc - 0x8
3 0x8000b348 (0xff9ff06f)
core   0: 0xffffffff8000b340 (0x00001f17) auipc   t5, 0x1
3 0x8000b340 (0x00001f17) x30 0x8000c340
core   0: 0xffffffff8000b344 (0xcc3f2023) sw      gp, -832(t5)
3 0x8000b344 (0xcc3f2023) mem 0x8000c000 0x00000001
core   0: 0xffffffff8000b348 (0xff9ff06f) j       pc - 0x8
3 0x8000b348 (0xff9ff06f)
core   0: 0xffffffff8000b340 (0x00001f17) auipc   t5, 0x1
3 0x8000b340 (0x00001f17) x30 0x8000c340
core   0: 0xffffffff8000b344 (0xcc3f2023) sw      gp, -832(t5)
3 0x8000b344 (0xcc3f2023) mem 0x8000c000 0x00000001
core   0: 0xffffffff8000b348 (0xff9ff06f) j       pc - 0x8
3 0x8000b348 (0xff9ff06f)
core   0: 0xffffffff8000b340 (0x00001f17) auipc   t5, 0x1
3 0x8000b340 (0x00001f17) x30 0x8000c340
core   0: 0xffffffff8000b344 (0xcc3f2023) sw      gp, -832(t5)
3 0x8000b344 (0xcc3f2023) mem 0x8000c000 0x00000001
core   0: 0xffffffff8000b348 (0xff9ff06f) j       pc - 0x8
3 0x8000b348 (0xff9ff06f)
core   0: 0xffffffff8000b340 (0x00001f17) auipc   t5, 0x1
3 0x8000b340 (0x00001f17) x30 0x8000c340
core   0: 0xffffffff8000b344 (0xcc3f2023) sw      gp, -832(t5)
3 0x8000b344 (0xcc3f2023) mem 0x8000c000 0x00000001
core   0: 0xffffffff8000b348 (0xff9ff06f) j       pc - 0x8
3 0x8000b348 (0xff9ff06f)
core   0: 0xffffffff8000b340 (0x00001f17) auipc   t5, 0x1
3 0x8000b340 (0x00001f17) x30 0x8000c340
core   0: 0xffffffff8000b344 (0xcc3f2023) sw      gp, -832(t5)
3 0x8000b344 (0xcc3f2023) mem 0x8000c000 0x00000001
core   0: 0xffffffff8000b348 (0xff9ff06f) j       pc - 0x8
3 0x8000b348 (0xff9ff06f)
core   0: 0xffffffff8000b340 (0x00001f17) auipc   t5, 0x1
3 0x8000b340 (0x00001f17) x30 0x8000c340
core   0: 0xffffffff8000b344 (0xcc3f2023) sw      gp, -832(t5)
3 0x8000b344 (0xcc3f2023) mem 0x8000c000 0x00000001
core   0: 0xffffffff8000b348 (0xff9ff06f) j       pc - 0x8
3 0x8000b348 (0xff9ff06f)
core   0: 0xffffffff8000b340 (0x00001f17) auipc   t5, 0x1
3 0x8000b340 (0x00001f17) x30 0x8000c340
core   0: 0xffffffff8000b344 (0xcc3f2023) sw      gp, -832(t5)
3 0x8000b344 (0xcc3f2023) mem 0x8000c000 0x00000001
core   0: 0xffffffff8000b348 (0xff9ff06f) j       pc - 0x8
3 0x8000b348 (0xff9ff06f)
core   0: 0xffffffff8000b340 (0x00001f17) auipc   t5, 0x1
3 0x8000b340 (0x00001f17) x30 0x8000c340
core   0: 0xffffffff8000b344 (0xcc3f2023) sw      gp, -832(t5)
3 0x8000b344 (0xcc3f2023) mem 0x8000c000 0x00000001
core   0: 0xffffffff8000b348 (0xff9ff06f) j       pc - 0x8
3 0x8000b348 (0xff9ff06f)
core   0: 0xffffffff8000b340 (0x00001f17) auipc   t5, 0x1
3 0x8000b340 (0x00001f17) x30 0x8000c340
core   0: 0xffffffff8000b344 (0xcc3f2023) sw      gp, -832(t5)
3 0x8000b344 (0xcc3f2023) mem 0x8000c000 0x00000001
core   0: 0xffffffff8000b348 (0xff9ff06f) j       pc - 0x8
3 0x8000b348 (0xff9ff06f)
core   0: 0xffffffff8000b340 (0x00001f17) auipc   t5, 0x1
3 0x8000b340 (0x00001f17) x30 0x8000c340
core   0: 0xffffffff8000b344 (0xcc3f2023) sw      gp, -832(t5)
3 0x8000b344 (0xcc3f2023) mem 0x8000c000 0x00000001
core   0: 0xffffffff8000b348 (0xff9ff06f) j       pc - 0x8
3 0x8000b348 (0xff9ff06f)
core   0: 0xffffffff8000b340 (0x00001f17) auipc   t5, 0x1
3 0x8000b340 (0x00001f17) x30 0x8000c340
core   0: 0xffffffff8000b344 (0xcc3f2023) sw      gp, -832(t5)
3 0x8000b344 (0xcc3f2023) mem 0x8000c000 0x00000001
core   0: 0xffffffff8000b348 (0xff9ff06f) j       pc - 0x8
3 0x8000b348 (0xff9ff06f)
core   0: 0xffffffff8000b340 (0x00001f17) auipc   t5, 0x1
3 0x8000b340 (0x00001f17) x30 0x8000c340
core   0: 0xffffffff8000b344 (0xcc3f2023) sw      gp, -832(t5)
3 0x8000b344 (0xcc3f2023) mem 0x8000c000 0x00000001
core   0: 0xffffffff8000b348 (0xff9ff06f) j       pc - 0x8
3 0x8000b348 (0xff9ff06f)
core   0: 0xffffffff8000b340 (0x00001f17) auipc   t5, 0x1
3 0x8000b340 (0x00001f17) x30 0x8000c340
core   0: 0xffffffff8000b344 (0xcc3f2023) sw      gp, -832(t5)
3 0x8000b344 (0xcc3f2023) mem 0x8000c000 0x00000001
core   0: 0xffffffff8000b348 (0xff9ff06f) j       pc - 0x8
3 0x8000b348 (0xff9ff06f)
core   0: 0xffffffff8000b340 (0x00001f17) auipc   t5, 0x1
3 0x8000b340 (0x00001f17) x30 0x8000c340
core   0: 0xffffffff8000b344 (0xcc3f2023) sw      gp, -832(t5)
3 0x8000b344 (0xcc3f2023) mem 0x8000c000 0x00000001
core   0: 0xffffffff8000b348 (0xff9ff06f) j       pc - 0x8
3 0x8000b348 (0xff9ff06f)
core   0: 0xffffffff8000b340 (0x00001f17) auipc   t5, 0x1
3 0x8000b340 (0x00001f17) x30 0x8000c340
core   0: 0xffffffff8000b344 (0xcc3f2023) sw      gp, -832(t5)
3 0x8000b344 (0xcc3f2023) mem 0x8000c000 0x00000001
core   0: 0xffffffff8000b348 (0xff9ff06f) j       pc - 0x8
3 0x8000b348 (0xff9ff06f)
core   0: 0xffffffff8000b340 (0x00001f17) auipc   t5, 0x1
3 0x8000b340 (0x00001f17) x30 0x8000c340
core   0: 0xffffffff8000b344 (0xcc3f2023) sw      gp, -832(t5)
3 0x8000b344 (0xcc3f2023) mem 0x8000c000 0x00000001
core   0: 0xffffffff8000b348 (0xff9ff06f) j       pc - 0x8
3 0x8000b348 (0xff9ff06f)
core   0: 0xffffffff8000b340 (0x00001f17) auipc   t5, 0x1
3 0x8000b340 (0x00001f17) x30 0x8000c340
core   0: 0xffffffff8000b344 (0xcc3f2023) sw      gp, -832(t5)
3 0x8000b344 (0xcc3f2023) mem 0x8000c000 0x00000001
core   0: 0xffffffff8000b348 (0xff9ff06f) j       pc - 0x8
3 0x8000b348 (0xff9ff06f)
core   0: 0xffffffff8000b340 (0x00001f17) auipc   t5, 0x1
3 0x8000b340 (0x00001f17) x30 0x8000c340
core   0: 0xffffffff8000b344 (0xcc3f2023) sw      gp, -832(t5)
3 0x8000b344 (0xcc3f2023) mem 0x8000c000 0x00000001
core   0: 0xffffffff8000b348 (0xff9ff06f) j       pc - 0x8
3 0x8000b348 (0xff9ff06f)
core   0: 0xffffffff8000b340 (0x00001f17) auipc   t5, 0x1
3 0x8000b340 (0x00001f17) x30 0x8000c340
core   0: 0xffffffff8000b344 (0xcc3f2023) sw      gp, -832(t5)
3 0x8000b344 (0xcc3f2023) mem 0x8000c000 0x00000001
core   0: 0xffffffff8000b348 (0xff9ff06f) j       pc - 0x8
3 0x8000b348 (0xff9ff06f)
core   0: 0xffffffff8000b340 (0x00001f17) auipc   t5, 0x1
3 0x8000b340 (0x00001f17) x30 0x8000c340
core   0: 0xffffffff8000b344 (0xcc3f2023) sw      gp, -832(t5)
3 0x8000b344 (0xcc3f2023) mem 0x8000c000 0x00000001
core   0: 0xffffffff8000b348 (0xff9ff06f) j       pc - 0x8
3 0x8000b348 (0xff9ff06f)
core   0: 0xffffffff8000b340 (0x00001f17) auipc   t5, 0x1
3 0x8000b340 (0x00001f17) x30 0x8000c340
core   0: 0xffffffff8000b344 (0xcc3f2023) sw      gp, -832(t5)
3 0x8000b344 (0xcc3f2023) mem 0x8000c000 0x00000001
core   0: 0xffffffff8000b348 (0xff9ff06f) j       pc - 0x8
3 0x8000b348 (0xff9ff06f)
core   0: 0xffffffff8000b340 (0x00001f17) auipc   t5, 0x1
3 0x8000b340 (0x00001f17) x30 0x8000c340
core   0: 0xffffffff8000b344 (0xcc3f2023) sw      gp, -832(t5)
3 0x8000b344 (0xcc3f2023) mem 0x8000c000 0x00000001
core   0: 0xffffffff8000b348 (0xff9ff06f) j       pc - 0x8
3 0x8000b348 (0xff9ff06f)
core   0: 0xffffffff8000b340 (0x00001f17) auipc   t5, 0x1
3 0x8000b340 (0x00001f17) x30 0x8000c340
core   0: 0xffffffff8000b344 (0xcc3f2023) sw      gp, -832(t5)
3 0x8000b344 (0xcc3f2023) mem 0x8000c000 0x00000001
core   0: 0xffffffff8000b348 (0xff9ff06f) j       pc - 0x8
3 0x8000b348 (0xff9ff06f)
core   0: 0xffffffff8000b340 (0x00001f17) auipc   t5, 0x1
3 0x8000b340 (0x00001f17) x30 0x8000c340
core   0: 0xffffffff8000b344 (0xcc3f2023) sw      gp, -832(t5)
3 0x8000b344 (0xcc3f2023) mem 0x8000c000 0x00000001
core   0: 0xffffffff8000b348 (0xff9ff06f) j       pc - 0x8
3 0x8000b348 (0xff9ff06f)
core   0: 0xffffffff8000b340 (0x00001f17) auipc   t5, 0x1
3 0x8000b340 (0x00001f17) x30 0x8000c340
core   0: 0xffffffff8000b344 (0xcc3f2023) sw      gp, -832(t5)
3 0x8000b344 (0xcc3f2023) mem 0x8000c000 0x00000001
core   0: 0xffffffff8000b348 (0xff9ff06f) j       pc - 0x8
3 0x8000b348 (0xff9ff06f)
core   0: 0xffffffff8000b340 (0x00001f17) auipc   t5, 0x1
3 0x8000b340 (0x00001f17) x30 0x8000c340
core   0: 0xffffffff8000b344 (0xcc3f2023) sw      gp, -832(t5)
3 0x8000b344 (0xcc3f2023) mem 0x8000c000 0x00000001
core   0: 0xffffffff8000b348 (0xff9ff06f) j       pc - 0x8
3 0x8000b348 (0xff9ff06f)
core   0: 0xffffffff8000b340 (0x00001f17) auipc   t5, 0x1
3 0x8000b340 (0x00001f17) x30 0x8000c340
core   0: 0xffffffff8000b344 (0xcc3f2023) sw      gp, -832(t5)
3 0x8000b344 (0xcc3f2023) mem 0x8000c000 0x00000001
core   0: 0xffffffff8000b348 (0xff9ff06f) j       pc - 0x8
3 0x8000b348 (0xff9ff06f)
core   0: 0xffffffff8000b340 (0x00001f17) auipc   t5, 0x1
3 0x8000b340 (0x00001f17) x30 0x8000c340
core   0: 0xffffffff8000b344 (0xcc3f2023) sw      gp, -832(t5)
3 0x8000b344 (0xcc3f2023) mem 0x8000c000 0x00000001
core   0: 0xffffffff8000b348 (0xff9ff06f) j       pc - 0x8
3 0x8000b348 (0xff9ff06f)
core   0: 0xffffffff8000b340 (0x00001f17) auipc   t5, 0x1
3 0x8000b340 (0x00001f17) x30 0x8000c340
core   0: 0xffffffff8000b344 (0xcc3f2023) sw      gp, -832(t5)
3 0x8000b344 (0xcc3f2023) mem 0x8000c000 0x00000001
core   0: 0xffffffff8000b348 (0xff9ff06f) j       pc - 0x8
3 0x8000b348 (0xff9ff06f)
core   0: 0xffffffff8000b340 (0x00001f17) auipc   t5, 0x1
3 0x8000b340 (0x00001f17) x30 0x8000c340
core   0: 0xffffffff8000b344 (0xcc3f2023) sw      gp, -832(t5)
3 0x8000b344 (0xcc3f2023) mem 0x8000c000 0x00000001
core   0: 0xffffffff8000b348 (0xff9ff06f) j       pc - 0x8
3 0x8000b348 (0xff9ff06f)
core   0: 0xffffffff8000b340 (0x00001f17) auipc   t5, 0x1
3 0x8000b340 (0x00001f17) x30 0x8000c340
core   0: 0xffffffff8000b344 (0xcc3f2023) sw      gp, -832(t5)
3 0x8000b344 (0xcc3f2023) mem 0x8000c000 0x00000001
core   0: 0xffffffff8000b348 (0xff9ff06f) j       pc - 0x8
3 0x8000b348 (0xff9ff06f)
core   0: 0xffffffff8000b340 (0x00001f17) auipc   t5, 0x1
3 0x8000b340 (0x00001f17) x30 0x8000c340
core   0: 0xffffffff8000b344 (0xcc3f2023) sw      gp, -832(t5)
3 0x8000b344 (0xcc3f2023) mem 0x8000c000 0x00000001
core   0: 0xffffffff8000b348 (0xff9ff06f) j       pc - 0x8
3 0x8000b348 (0xff9ff06f)
core   0: 0xffffffff8000b340 (0x00001f17) auipc   t5, 0x1
3 0x8000b340 (0x00001f17) x30 0x8000c340
core   0: 0xffffffff8000b344 (0xcc3f2023) sw      gp, -832(t5)
3 0x8000b344 (0xcc3f2023) mem 0x8000c000 0x00000001
core   0: 0xffffffff8000b348 (0xff9ff06f) j       pc - 0x8
3 0x8000b348 (0xff9ff06f)
core   0: 0xffffffff8000b340 (0x00001f17) auipc   t5, 0x1
3 0x8000b340 (0x00001f17) x30 0x8000c340
core   0: 0xffffffff8000b344 (0xcc3f2023) sw      gp, -832(t5)
3 0x8000b344 (0xcc3f2023) mem 0x8000c000 0x00000001
core   0: 0xffffffff8000b348 (0xff9ff06f) j       pc - 0x8
3 0x8000b348 (0xff9ff06f)
core   0: 0xffffffff8000b340 (0x00001f17) auipc   t5, 0x1
3 0x8000b340 (0x00001f17) x30 0x8000c340
core   0: 0xffffffff8000b344 (0xcc3f2023) sw      gp, -832(t5)
3 0x8000b344 (0xcc3f2023) mem 0x8000c000 0x00000001
core   0: 0xffffffff8000b348 (0xff9ff06f) j       pc - 0x8
3 0x8000b348 (0xff9ff06f)
core   0: 0xffffffff8000b340 (0x00001f17) auipc   t5, 0x1
3 0x8000b340 (0x00001f17) x30 0x8000c340
core   0: 0xffffffff8000b344 (0xcc3f2023) sw      gp, -832(t5)
3 0x8000b344 (0xcc3f2023) mem 0x8000c000 0x00000001
core   0: 0xffffffff8000b348 (0xff9ff06f) j       pc - 0x8
3 0x8000b348 (0xff9ff06f)
core   0: 0xffffffff8000b340 (0x00001f17) auipc   t5, 0x1
3 0x8000b340 (0x00001f17) x30 0x8000c340
core   0: 0xffffffff8000b344 (0xcc3f2023) sw      gp, -832(t5)
3 0x8000b344 (0xcc3f2023) mem 0x8000c000 0x00000001
core   0: 0xffffffff8000b348 (0xff9ff06f) j       pc - 0x8
3 0x8000b348 (0xff9ff06f)
core   0: 0xffffffff8000b340 (0x00001f17) auipc   t5, 0x1
3 0x8000b340 (0x00001f17) x30 0x8000c340
core   0: 0xffffffff8000b344 (0xcc3f2023) sw      gp, -832(t5)
3 0x8000b344 (0xcc3f2023) mem 0x8000c000 0x00000001
core   0: 0xffffffff8000b348 (0xff9ff06f) j       pc - 0x8
3 0x8000b348 (0xff9ff06f)
core   0: 0xffffffff8000b340 (0x00001f17) auipc   t5, 0x1
3 0x8000b340 (0x00001f17) x30 0x8000c340
core   0: 0xffffffff8000b344 (0xcc3f2023) sw      gp, -832(t5)
3 0x8000b344 (0xcc3f2023) mem 0x8000c000 0x00000001
core   0: 0xffffffff8000b348 (0xff9ff06f) j       pc - 0x8
3 0x8000b348 (0xff9ff06f)
core   0: 0xffffffff8000b340 (0x00001f17) auipc   t5, 0x1
3 0x8000b340 (0x00001f17) x30 0x8000c340
core   0: 0xffffffff8000b344 (0xcc3f2023) sw      gp, -832(t5)
3 0x8000b344 (0xcc3f2023) mem 0x8000c000 0x00000001
core   0: 0xffffffff8000b348 (0xff9ff06f) j       pc - 0x8
3 0x8000b348 (0xff9ff06f)
core   0: 0xffffffff8000b340 (0x00001f17) auipc   t5, 0x1
3 0x8000b340 (0x00001f17) x30 0x8000c340
core   0: 0xffffffff8000b344 (0xcc3f2023) sw      gp, -832(t5)
3 0x8000b344 (0xcc3f2023) mem 0x8000c000 0x00000001
core   0: 0xffffffff8000b348 (0xff9ff06f) j       pc - 0x8
3 0x8000b348 (0xff9ff06f)
core   0: 0xffffffff8000b340 (0x00001f17) auipc   t5, 0x1
3 0x8000b340 (0x00001f17) x30 0x8000c340
core   0: 0xffffffff8000b344 (0xcc3f2023) sw      gp, -832(t5)
3 0x8000b344 (0xcc3f2023) mem 0x8000c000 0x00000001
core   0: 0xffffffff8000b348 (0xff9ff06f) j       pc - 0x8
3 0x8000b348 (0xff9ff06f)
core   0: 0xffffffff8000b340 (0x00001f17) auipc   t5, 0x1
3 0x8000b340 (0x00001f17) x30 0x8000c340
core   0: 0xffffffff8000b344 (0xcc3f2023) sw      gp, -832(t5)
3 0x8000b344 (0xcc3f2023) mem 0x8000c000 0x00000001
core   0: 0xffffffff8000b348 (0xff9ff06f) j       pc - 0x8
3 0x8000b348 (0xff9ff06f)
core   0: 0xffffffff8000b340 (0x00001f17) auipc   t5, 0x1
3 0x8000b340 (0x00001f17) x30 0x8000c340
core   0: 0xffffffff8000b344 (0xcc3f2023) sw      gp, -832(t5)
3 0x8000b344 (0xcc3f2023) mem 0x8000c000 0x00000001
core   0: 0xffffffff8000b348 (0xff9ff06f) j       pc - 0x8
3 0x8000b348 (0xff9ff06f)
core   0: 0xffffffff8000b340 (0x00001f17) auipc   t5, 0x1
3 0x8000b340 (0x00001f17) x30 0x8000c340
core   0: 0xffffffff8000b344 (0xcc3f2023) sw      gp, -832(t5)
3 0x8000b344 (0xcc3f2023) mem 0x8000c000 0x00000001
core   0: 0xffffffff8000b348 (0xff9ff06f) j       pc - 0x8
3 0x8000b348 (0xff9ff06f)
core   0: 0xffffffff8000b340 (0x00001f17) auipc   t5, 0x1
3 0x8000b340 (0x00001f17) x30 0x8000c340
core   0: 0xffffffff8000b344 (0xcc3f2023) sw      gp, -832(t5)
3 0x8000b344 (0xcc3f2023) mem 0x8000c000 0x00000001
core   0: 0xffffffff8000b348 (0xff9ff06f) j       pc - 0x8
3 0x8000b348 (0xff9ff06f)
core   0: 0xffffffff8000b340 (0x00001f17) auipc   t5, 0x1
3 0x8000b340 (0x00001f17) x30 0x8000c340
core   0: 0xffffffff8000b344 (0xcc3f2023) sw      gp, -832(t5)
3 0x8000b344 (0xcc3f2023) mem 0x8000c000 0x00000001
core   0: 0xffffffff8000b348 (0xff9ff06f) j       pc - 0x8
3 0x8000b348 (0xff9ff06f)
core   0: 0xffffffff8000b340 (0x00001f17) auipc   t5, 0x1
3 0x8000b340 (0x00001f17) x30 0x8000c340
core   0: 0xffffffff8000b344 (0xcc3f2023) sw      gp, -832(t5)
3 0x8000b344 (0xcc3f2023) mem 0x8000c000 0x00000001
core   0: 0xffffffff8000b348 (0xff9ff06f) j       pc - 0x8
3 0x8000b348 (0xff9ff06f)
core   0: 0xffffffff8000b340 (0x00001f17) auipc   t5, 0x1
3 0x8000b340 (0x00001f17) x30 0x8000c340
core   0: 0xffffffff8000b344 (0xcc3f2023) sw      gp, -832(t5)
3 0x8000b344 (0xcc3f2023) mem 0x8000c000 0x00000001
core   0: 0xffffffff8000b348 (0xff9ff06f) j       pc - 0x8
3 0x8000b348 (0xff9ff06f)
core   0: 0xffffffff8000b340 (0x00001f17) auipc   t5, 0x1
3 0x8000b340 (0x00001f17) x30 0x8000c340
core   0: 0xffffffff8000b344 (0xcc3f2023) sw      gp, -832(t5)
3 0x8000b344 (0xcc3f2023) mem 0x8000c000 0x00000001
core   0: 0xffffffff8000b348 (0xff9ff06f) j       pc - 0x8
3 0x8000b348 (0xff9ff06f)
core   0: 0xffffffff8000b340 (0x00001f17) auipc   t5, 0x1
3 0x8000b340 (0x00001f17) x30 0x8000c340
core   0: 0xffffffff8000b344 (0xcc3f2023) sw      gp, -832(t5)
3 0x8000b344 (0xcc3f2023) mem 0x8000c000 0x00000001
core   0: 0xffffffff8000b348 (0xff9ff06f) j       pc - 0x8
3 0x8000b348 (0xff9ff06f)
core   0: 0xffffffff8000b340 (0x00001f17) auipc   t5, 0x1
3 0x8000b340 (0x00001f17) x30 0x8000c340
core   0: 0xffffffff8000b344 (0xcc3f2023) sw      gp, -832(t5)
3 0x8000b344 (0xcc3f2023) mem 0x8000c000 0x00000001
core   0: 0xffffffff8000b348 (0xff9ff06f) j       pc - 0x8
3 0x8000b348 (0xff9ff06f)
core   0: 0xffffffff8000b340 (0x00001f17) auipc   t5, 0x1
3 0x8000b340 (0x00001f17) x30 0x8000c340
core   0: 0xffffffff8000b344 (0xcc3f2023) sw      gp, -832(t5)
3 0x8000b344 (0xcc3f2023) mem 0x8000c000 0x00000001
core   0: 0xffffffff8000b348 (0xff9ff06f) j       pc - 0x8
3 0x8000b348 (0xff9ff06f)
core   0: 0xffffffff8000b340 (0x00001f17) auipc   t5, 0x1
3 0x8000b340 (0x00001f17) x30 0x8000c340
core   0: 0xffffffff8000b344 (0xcc3f2023) sw      gp, -832(t5)
3 0x8000b344 (0xcc3f2023) mem 0x8000c000 0x00000001
core   0: 0xffffffff8000b348 (0xff9ff06f) j       pc - 0x8
3 0x8000b348 (0xff9ff06f)
core   0: 0xffffffff8000b340 (0x00001f17) auipc   t5, 0x1
3 0x8000b340 (0x00001f17) x30 0x8000c340
core   0: 0xffffffff8000b344 (0xcc3f2023) sw      gp, -832(t5)
3 0x8000b344 (0xcc3f2023) mem 0x8000c000 0x00000001
core   0: 0xffffffff8000b348 (0xff9ff06f) j       pc - 0x8
3 0x8000b348 (0xff9ff06f)
core   0: 0xffffffff8000b340 (0x00001f17) auipc   t5, 0x1
3 0x8000b340 (0x00001f17) x30 0x8000c340
core   0: 0xffffffff8000b344 (0xcc3f2023) sw      gp, -832(t5)
3 0x8000b344 (0xcc3f2023) mem 0x8000c000 0x00000001
core   0: 0xffffffff8000b348 (0xff9ff06f) j       pc - 0x8
3 0x8000b348 (0xff9ff06f)
core   0: 0xffffffff8000b340 (0x00001f17) auipc   t5, 0x1
3 0x8000b340 (0x00001f17) x30 0x8000c340
core   0: 0xffffffff8000b344 (0xcc3f2023) sw      gp, -832(t5)
3 0x8000b344 (0xcc3f2023) mem 0x8000c000 0x00000001
core   0: 0xffffffff8000b348 (0xff9ff06f) j       pc - 0x8
3 0x8000b348 (0xff9ff06f)
core   0: 0xffffffff8000b340 (0x00001f17) auipc   t5, 0x1
3 0x8000b340 (0x00001f17) x30 0x8000c340
core   0: 0xffffffff8000b344 (0xcc3f2023) sw      gp, -832(t5)
3 0x8000b344 (0xcc3f2023) mem 0x8000c000 0x00000001
core   0: 0xffffffff8000b348 (0xff9ff06f) j       pc - 0x8
3 0x8000b348 (0xff9ff06f)
core   0: 0xffffffff8000b340 (0x00001f17) auipc   t5, 0x1
3 0x8000b340 (0x00001f17) x30 0x8000c340
core   0: 0xffffffff8000b344 (0xcc3f2023) sw      gp, -832(t5)
3 0x8000b344 (0xcc3f2023) mem 0x8000c000 0x00000001
core   0: 0xffffffff8000b348 (0xff9ff06f) j       pc - 0x8
3 0x8000b348 (0xff9ff06f)
core   0: 0xffffffff8000b340 (0x00001f17) auipc   t5, 0x1
3 0x8000b340 (0x00001f17) x30 0x8000c340
core   0: 0xffffffff8000b344 (0xcc3f2023) sw      gp, -832(t5)
3 0x8000b344 (0xcc3f2023) mem 0x8000c000 0x00000001
core   0: 0xffffffff8000b348 (0xff9ff06f) j       pc - 0x8
3 0x8000b348 (0xff9ff06f)
core   0: 0xffffffff8000b340 (0x00001f17) auipc   t5, 0x1
3 0x8000b340 (0x00001f17) x30 0x8000c340
core   0: 0xffffffff8000b344 (0xcc3f2023) sw      gp, -832(t5)
3 0x8000b344 (0xcc3f2023) mem 0x8000c000 0x00000001
core   0: 0xffffffff8000b348 (0xff9ff06f) j       pc - 0x8
3 0x8000b348 (0xff9ff06f)
core   0: 0xffffffff8000b340 (0x00001f17) auipc   t5, 0x1
3 0x8000b340 (0x00001f17) x30 0x8000c340
core   0: 0xffffffff8000b344 (0xcc3f2023) sw      gp, -832(t5)
3 0x8000b344 (0xcc3f2023) mem 0x8000c000 0x00000001
core   0: 0xffffffff8000b348 (0xff9ff06f) j       pc - 0x8
3 0x8000b348 (0xff9ff06f)
core   0: 0xffffffff8000b340 (0x00001f17) auipc   t5, 0x1
3 0x8000b340 (0x00001f17) x30 0x8000c340
core   0: 0xffffffff8000b344 (0xcc3f2023) sw      gp, -832(t5)
3 0x8000b344 (0xcc3f2023) mem 0x8000c000 0x00000001
core   0: 0xffffffff8000b348 (0xff9ff06f) j       pc - 0x8
3 0x8000b348 (0xff9ff06f)
core   0: 0xffffffff8000b340 (0x00001f17) auipc   t5, 0x1
3 0x8000b340 (0x00001f17) x30 0x8000c340
core   0: 0xffffffff8000b344 (0xcc3f2023) sw      gp, -832(t5)
3 0x8000b344 (0xcc3f2023) mem 0x8000c000 0x00000001
core   0: 0xffffffff8000b348 (0xff9ff06f) j       pc - 0x8
3 0x8000b348 (0xff9ff06f)
core   0: 0xffffffff8000b340 (0x00001f17) auipc   t5, 0x1
3 0x8000b340 (0x00001f17) x30 0x8000c340
core   0: 0xffffffff8000b344 (0xcc3f2023) sw      gp, -832(t5)
3 0x8000b344 (0xcc3f2023) mem 0x8000c000 0x00000001
core   0: 0xffffffff8000b348 (0xff9ff06f) j       pc - 0x8
3 0x8000b348 (0xff9ff06f)
core   0: 0xffffffff8000b340 (0x00001f17) auipc   t5, 0x1
3 0x8000b340 (0x00001f17) x30 0x8000c340
core   0: 0xffffffff8000b344 (0xcc3f2023) sw      gp, -832(t5)
3 0x8000b344 (0xcc3f2023) mem 0x8000c000 0x00000001
core   0: 0xffffffff8000b348 (0xff9ff06f) j       pc - 0x8
3 0x8000b348 (0xff9ff06f)
core   0: 0xffffffff8000b340 (0x00001f17) auipc   t5, 0x1
3 0x8000b340 (0x00001f17) x30 0x8000c340
core   0: 0xffffffff8000b344 (0xcc3f2023) sw      gp, -832(t5)
3 0x8000b344 (0xcc3f2023) mem 0x8000c000 0x00000001
core   0: 0xffffffff8000b348 (0xff9ff06f) j       pc - 0x8
3 0x8000b348 (0xff9ff06f)
core   0: 0xffffffff8000b340 (0x00001f17) auipc   t5, 0x1
3 0x8000b340 (0x00001f17) x30 0x8000c340
core   0: 0xffffffff8000b344 (0xcc3f2023) sw      gp, -832(t5)
3 0x8000b344 (0xcc3f2023) mem 0x8000c000 0x00000001
core   0: 0xffffffff8000b348 (0xff9ff06f) j       pc - 0x8
3 0x8000b348 (0xff9ff06f)
core   0: 0xffffffff8000b340 (0x00001f17) auipc   t5, 0x1
3 0x8000b340 (0x00001f17) x30 0x8000c340
core   0: 0xffffffff8000b344 (0xcc3f2023) sw      gp, -832(t5)
3 0x8000b344 (0xcc3f2023) mem 0x8000c000 0x00000001
core   0: 0xffffffff8000b348 (0xff9ff06f) j       pc - 0x8
3 0x8000b348 (0xff9ff06f)
core   0: 0xffffffff8000b340 (0x00001f17) auipc   t5, 0x1
3 0x8000b340 (0x00001f17) x30 0x8000c340
core   0: 0xffffffff8000b344 (0xcc3f2023) sw      gp, -832(t5)
3 0x8000b344 (0xcc3f2023) mem 0x8000c000 0x00000001
core   0: 0xffffffff8000b348 (0xff9ff06f) j       pc - 0x8
3 0x8000b348 (0xff9ff06f)
core   0: 0xffffffff8000b340 (0x00001f17) auipc   t5, 0x1
3 0x8000b340 (0x00001f17) x30 0x8000c340
core   0: 0xffffffff8000b344 (0xcc3f2023) sw      gp, -832(t5)
3 0x8000b344 (0xcc3f2023) mem 0x8000c000 0x00000001
core   0: 0xffffffff8000b348 (0xff9ff06f) j       pc - 0x8
3 0x8000b348 (0xff9ff06f)
core   0: 0xffffffff8000b340 (0x00001f17) auipc   t5, 0x1
3 0x8000b340 (0x00001f17) x30 0x8000c340
core   0: 0xffffffff8000b344 (0xcc3f2023) sw      gp, -832(t5)
3 0x8000b344 (0xcc3f2023) mem 0x8000c000 0x00000001
core   0: 0xffffffff8000b348 (0xff9ff06f) j       pc - 0x8
3 0x8000b348 (0xff9ff06f)
core   0: 0xffffffff8000b340 (0x00001f17) auipc   t5, 0x1
3 0x8000b340 (0x00001f17) x30 0x8000c340
core   0: 0xffffffff8000b344 (0xcc3f2023) sw      gp, -832(t5)
3 0x8000b344 (0xcc3f2023) mem 0x8000c000 0x00000001
core   0: 0xffffffff8000b348 (0xff9ff06f) j       pc - 0x8
3 0x8000b348 (0xff9ff06f)
core   0: 0xffffffff8000b340 (0x00001f17) auipc   t5, 0x1
3 0x8000b340 (0x00001f17) x30 0x8000c340
core   0: 0xffffffff8000b344 (0xcc3f2023) sw      gp, -832(t5)
3 0x8000b344 (0xcc3f2023) mem 0x8000c000 0x00000001
core   0: 0xffffffff8000b348 (0xff9ff06f) j       pc - 0x8
3 0x8000b348 (0xff9ff06f)
core   0: 0xffffffff8000b340 (0x00001f17) auipc   t5, 0x1
3 0x8000b340 (0x00001f17) x30 0x8000c340
core   0: 0xffffffff8000b344 (0xcc3f2023) sw      gp, -832(t5)
3 0x8000b344 (0xcc3f2023) mem 0x8000c000 0x00000001
core   0: 0xffffffff8000b348 (0xff9ff06f) j       pc - 0x8
3 0x8000b348 (0xff9ff06f)
core   0: 0xffffffff8000b340 (0x00001f17) auipc   t5, 0x1
3 0x8000b340 (0x00001f17) x30 0x8000c340
core   0: 0xffffffff8000b344 (0xcc3f2023) sw      gp, -832(t5)
3 0x8000b344 (0xcc3f2023) mem 0x8000c000 0x00000001
core   0: 0xffffffff8000b348 (0xff9ff06f) j       pc - 0x8
3 0x8000b348 (0xff9ff06f)
core   0: 0xffffffff8000b340 (0x00001f17) auipc   t5, 0x1
3 0x8000b340 (0x00001f17) x30 0x8000c340
core   0: 0xffffffff8000b344 (0xcc3f2023) sw      gp, -832(t5)
3 0x8000b344 (0xcc3f2023) mem 0x8000c000 0x00000001
core   0: 0xffffffff8000b348 (0xff9ff06f) j       pc - 0x8
3 0x8000b348 (0xff9ff06f)
core   0: 0xffffffff8000b340 (0x00001f17) auipc   t5, 0x1
3 0x8000b340 (0x00001f17) x30 0x8000c340
core   0: 0xffffffff8000b344 (0xcc3f2023) sw      gp, -832(t5)
3 0x8000b344 (0xcc3f2023) mem 0x8000c000 0x00000001
core   0: 0xffffffff8000b348 (0xff9ff06f) j       pc - 0x8
3 0x8000b348 (0xff9ff06f)
core   0: 0xffffffff8000b340 (0x00001f17) auipc   t5, 0x1
3 0x8000b340 (0x00001f17) x30 0x8000c340
core   0: 0xffffffff8000b344 (0xcc3f2023) sw      gp, -832(t5)
3 0x8000b344 (0xcc3f2023) mem 0x8000c000 0x00000001
core   0: 0xffffffff8000b348 (0xff9ff06f) j       pc - 0x8
3 0x8000b348 (0xff9ff06f)
core   0: 0xffffffff8000b340 (0x00001f17) auipc   t5, 0x1
3 0x8000b340 (0x00001f17) x30 0x8000c340
core   0: 0xffffffff8000b344 (0xcc3f2023) sw      gp, -832(t5)
3 0x8000b344 (0xcc3f2023) mem 0x8000c000 0x00000001
core   0: 0xffffffff8000b348 (0xff9ff06f) j       pc - 0x8
3 0x8000b348 (0xff9ff06f)
core   0: 0xffffffff8000b340 (0x00001f17) auipc   t5, 0x1
3 0x8000b340 (0x00001f17) x30 0x8000c340
core   0: 0xffffffff8000b344 (0xcc3f2023) sw      gp, -832(t5)
3 0x8000b344 (0xcc3f2023) mem 0x8000c000 0x00000001
core   0: 0xffffffff8000b348 (0xff9ff06f) j       pc - 0x8
3 0x8000b348 (0xff9ff06f)
core   0: 0xffffffff8000b340 (0x00001f17) auipc   t5, 0x1
3 0x8000b340 (0x00001f17) x30 0x8000c340
core   0: 0xffffffff8000b344 (0xcc3f2023) sw      gp, -832(t5)
3 0x8000b344 (0xcc3f2023) mem 0x8000c000 0x00000001
core   0: 0xffffffff8000b348 (0xff9ff06f) j       pc - 0x8
3 0x8000b348 (0xff9ff06f)
core   0: 0xffffffff8000b340 (0x00001f17) auipc   t5, 0x1
3 0x8000b340 (0x00001f17) x30 0x8000c340
core   0: 0xffffffff8000b344 (0xcc3f2023) sw      gp, -832(t5)
3 0x8000b344 (0xcc3f2023) mem 0x8000c000 0x00000001
core   0: 0xffffffff8000b348 (0xff9ff06f) j       pc - 0x8
3 0x8000b348 (0xff9ff06f)
core   0: 0xffffffff8000b340 (0x00001f17) auipc   t5, 0x1
3 0x8000b340 (0x00001f17) x30 0x8000c340
core   0: 0xffffffff8000b344 (0xcc3f2023) sw      gp, -832(t5)
3 0x8000b344 (0xcc3f2023) mem 0x8000c000 0x00000001
core   0: 0xffffffff8000b348 (0xff9ff06f) j       pc - 0x8
3 0x8000b348 (0xff9ff06f)
core   0: 0xffffffff8000b340 (0x00001f17) auipc   t5, 0x1
3 0x8000b340 (0x00001f17) x30 0x8000c340
core   0: 0xffffffff8000b344 (0xcc3f2023) sw      gp, -832(t5)
3 0x8000b344 (0xcc3f2023) mem 0x8000c000 0x00000001
core   0: 0xffffffff8000b348 (0xff9ff06f) j       pc - 0x8
3 0x8000b348 (0xff9ff06f)
core   0: 0xffffffff8000b340 (0x00001f17) auipc   t5, 0x1
3 0x8000b340 (0x00001f17) x30 0x8000c340
core   0: 0xffffffff8000b344 (0xcc3f2023) sw      gp, -832(t5)
3 0x8000b344 (0xcc3f2023) mem 0x8000c000 0x00000001
core   0: 0xffffffff8000b348 (0xff9ff06f) j       pc - 0x8
3 0x8000b348 (0xff9ff06f)
core   0: 0xffffffff8000b340 (0x00001f17) auipc   t5, 0x1
3 0x8000b340 (0x00001f17) x30 0x8000c340
core   0: 0xffffffff8000b344 (0xcc3f2023) sw      gp, -832(t5)
3 0x8000b344 (0xcc3f2023) mem 0x8000c000 0x00000001
core   0: 0xffffffff8000b348 (0xff9ff06f) j       pc - 0x8
3 0x8000b348 (0xff9ff06f)
core   0: 0xffffffff8000b340 (0x00001f17) auipc   t5, 0x1
3 0x8000b340 (0x00001f17) x30 0x8000c340
core   0: 0xffffffff8000b344 (0xcc3f2023) sw      gp, -832(t5)
3 0x8000b344 (0xcc3f2023) mem 0x8000c000 0x00000001
core   0: 0xffffffff8000b348 (0xff9ff06f) j       pc - 0x8
3 0x8000b348 (0xff9ff06f)
core   0: 0xffffffff8000b340 (0x00001f17) auipc   t5, 0x1
3 0x8000b340 (0x00001f17) x30 0x8000c340
core   0: 0xffffffff8000b344 (0xcc3f2023) sw      gp, -832(t5)
3 0x8000b344 (0xcc3f2023) mem 0x8000c000 0x00000001
core   0: 0xffffffff8000b348 (0xff9ff06f) j       pc - 0x8
3 0x8000b348 (0xff9ff06f)
core   0: 0xffffffff8000b340 (0x00001f17) auipc   t5, 0x1
3 0x8000b340 (0x00001f17) x30 0x8000c340
core   0: 0xffffffff8000b344 (0xcc3f2023) sw      gp, -832(t5)
3 0x8000b344 (0xcc3f2023) mem 0x8000c000 0x00000001
core   0: 0xffffffff8000b348 (0xff9ff06f) j       pc - 0x8
3 0x8000b348 (0xff9ff06f)
core   0: 0xffffffff8000b340 (0x00001f17) auipc   t5, 0x1
3 0x8000b340 (0x00001f17) x30 0x8000c340
core   0: 0xffffffff8000b344 (0xcc3f2023) sw      gp, -832(t5)
3 0x8000b344 (0xcc3f2023) mem 0x8000c000 0x00000001
core   0: 0xffffffff8000b348 (0xff9ff06f) j       pc - 0x8
3 0x8000b348 (0xff9ff06f)
core   0: 0xffffffff8000b340 (0x00001f17) auipc   t5, 0x1
3 0x8000b340 (0x00001f17) x30 0x8000c340
core   0: 0xffffffff8000b344 (0xcc3f2023) sw      gp, -832(t5)
3 0x8000b344 (0xcc3f2023) mem 0x8000c000 0x00000001
core   0: 0xffffffff8000b348 (0xff9ff06f) j       pc - 0x8
3 0x8000b348 (0xff9ff06f)
core   0: 0xffffffff8000b340 (0x00001f17) auipc   t5, 0x1
3 0x8000b340 (0x00001f17) x30 0x8000c340
core   0: 0xffffffff8000b344 (0xcc3f2023) sw      gp, -832(t5)
3 0x8000b344 (0xcc3f2023) mem 0x8000c000 0x00000001
core   0: 0xffffffff8000b348 (0xff9ff06f) j       pc - 0x8
3 0x8000b348 (0xff9ff06f)
core   0: 0xffffffff8000b340 (0x00001f17) auipc   t5, 0x1
3 0x8000b340 (0x00001f17) x30 0x8000c340
core   0: 0xffffffff8000b344 (0xcc3f2023) sw      gp, -832(t5)
3 0x8000b344 (0xcc3f2023) mem 0x8000c000 0x00000001
core   0: 0xffffffff8000b348 (0xff9ff06f) j       pc - 0x8
3 0x8000b348 (0xff9ff06f)
core   0: 0xffffffff8000b340 (0x00001f17) auipc   t5, 0x1
3 0x8000b340 (0x00001f17) x30 0x8000c340
core   0: 0xffffffff8000b344 (0xcc3f2023) sw      gp, -832(t5)
3 0x8000b344 (0xcc3f2023) mem 0x8000c000 0x00000001
core   0: 0xffffffff8000b348 (0xff9ff06f) j       pc - 0x8
3 0x8000b348 (0xff9ff06f)
core   0: 0xffffffff8000b340 (0x00001f17) auipc   t5, 0x1
3 0x8000b340 (0x00001f17) x30 0x8000c340
core   0: 0xffffffff8000b344 (0xcc3f2023) sw      gp, -832(t5)
3 0x8000b344 (0xcc3f2023) mem 0x8000c000 0x00000001
core   0: 0xffffffff8000b348 (0xff9ff06f) j       pc - 0x8
3 0x8000b348 (0xff9ff06f)
core   0: 0xffffffff8000b340 (0x00001f17) auipc   t5, 0x1
3 0x8000b340 (0x00001f17) x30 0x8000c340
core   0: 0xffffffff8000b344 (0xcc3f2023) sw      gp, -832(t5)
3 0x8000b344 (0xcc3f2023) mem 0x8000c000 0x00000001
core   0: 0xffffffff8000b348 (0xff9ff06f) j       pc - 0x8
3 0x8000b348 (0xff9ff06f)
core   0: 0xffffffff8000b340 (0x00001f17) auipc   t5, 0x1
3 0x8000b340 (0x00001f17) x30 0x8000c340
core   0: 0xffffffff8000b344 (0xcc3f2023) sw      gp, -832(t5)
3 0x8000b344 (0xcc3f2023) mem 0x8000c000 0x00000001
core   0: 0xffffffff8000b348 (0xff9ff06f) j       pc - 0x8
3 0x8000b348 (0xff9ff06f)
core   0: 0xffffffff8000b340 (0x00001f17) auipc   t5, 0x1
3 0x8000b340 (0x00001f17) x30 0x8000c340
core   0: 0xffffffff8000b344 (0xcc3f2023) sw      gp, -832(t5)
3 0x8000b344 (0xcc3f2023) mem 0x8000c000 0x00000001
core   0: 0xffffffff8000b348 (0xff9ff06f) j       pc - 0x8
3 0x8000b348 (0xff9ff06f)
core   0: 0xffffffff8000b340 (0x00001f17) auipc   t5, 0x1
3 0x8000b340 (0x00001f17) x30 0x8000c340
core   0: 0xffffffff8000b344 (0xcc3f2023) sw      gp, -832(t5)
3 0x8000b344 (0xcc3f2023) mem 0x8000c000 0x00000001
core   0: 0xffffffff8000b348 (0xff9ff06f) j       pc - 0x8
3 0x8000b348 (0xff9ff06f)
core   0: 0xffffffff8000b340 (0x00001f17) auipc   t5, 0x1
3 0x8000b340 (0x00001f17) x30 0x8000c340
core   0: 0xffffffff8000b344 (0xcc3f2023) sw      gp, -832(t5)
3 0x8000b344 (0xcc3f2023) mem 0x8000c000 0x00000001
core   0: 0xffffffff8000b348 (0xff9ff06f) j       pc - 0x8
3 0x8000b348 (0xff9ff06f)
core   0: 0xffffffff8000b340 (0x00001f17) auipc   t5, 0x1
3 0x8000b340 (0x00001f17) x30 0x8000c340
core   0: 0xffffffff8000b344 (0xcc3f2023) sw      gp, -832(t5)
3 0x8000b344 (0xcc3f2023) mem 0x8000c000 0x00000001
core   0: 0xffffffff8000b348 (0xff9ff06f) j       pc - 0x8
3 0x8000b348 (0xff9ff06f)
core   0: 0xffffffff8000b340 (0x00001f17) auipc   t5, 0x1
3 0x8000b340 (0x00001f17) x30 0x8000c340
core   0: 0xffffffff8000b344 (0xcc3f2023) sw      gp, -832(t5)
3 0x8000b344 (0xcc3f2023) mem 0x8000c000 0x00000001
core   0: 0xffffffff8000b348 (0xff9ff06f) j       pc - 0x8
3 0x8000b348 (0xff9ff06f)
core   0: 0xffffffff8000b340 (0x00001f17) auipc   t5, 0x1
3 0x8000b340 (0x00001f17) x30 0x8000c340
core   0: 0xffffffff8000b344 (0xcc3f2023) sw      gp, -832(t5)
3 0x8000b344 (0xcc3f2023) mem 0x8000c000 0x00000001
core   0: 0xffffffff8000b348 (0xff9ff06f) j       pc - 0x8
3 0x8000b348 (0xff9ff06f)
core   0: 0xffffffff8000b340 (0x00001f17) auipc   t5, 0x1
3 0x8000b340 (0x00001f17) x30 0x8000c340
core   0: 0xffffffff8000b344 (0xcc3f2023) sw      gp, -832(t5)
3 0x8000b344 (0xcc3f2023) mem 0x8000c000 0x00000001
core   0: 0xffffffff8000b348 (0xff9ff06f) j       pc - 0x8
3 0x8000b348 (0xff9ff06f)
core   0: 0xffffffff8000b340 (0x00001f17) auipc   t5, 0x1
3 0x8000b340 (0x00001f17) x30 0x8000c340
core   0: 0xffffffff8000b344 (0xcc3f2023) sw      gp, -832(t5)
3 0x8000b344 (0xcc3f2023) mem 0x8000c000 0x00000001
core   0: 0xffffffff8000b348 (0xff9ff06f) j       pc - 0x8
3 0x8000b348 (0xff9ff06f)
core   0: 0xffffffff8000b340 (0x00001f17) auipc   t5, 0x1
3 0x8000b340 (0x00001f17) x30 0x8000c340
core   0: 0xffffffff8000b344 (0xcc3f2023) sw      gp, -832(t5)
3 0x8000b344 (0xcc3f2023) mem 0x8000c000 0x00000001
core   0: 0xffffffff8000b348 (0xff9ff06f) j       pc - 0x8
3 0x8000b348 (0xff9ff06f)
core   0: 0xffffffff8000b340 (0x00001f17) auipc   t5, 0x1
3 0x8000b340 (0x00001f17) x30 0x8000c340
core   0: 0xffffffff8000b344 (0xcc3f2023) sw      gp, -832(t5)
3 0x8000b344 (0xcc3f2023) mem 0x8000c000 0x00000001
core   0: 0xffffffff8000b348 (0xff9ff06f) j       pc - 0x8
3 0x8000b348 (0xff9ff06f)
core   0: 0xffffffff8000b340 (0x00001f17) auipc   t5, 0x1
3 0x8000b340 (0x00001f17) x30 0x8000c340
core   0: 0xffffffff8000b344 (0xcc3f2023) sw      gp, -832(t5)
3 0x8000b344 (0xcc3f2023) mem 0x8000c000 0x00000001
core   0: 0xffffffff8000b348 (0xff9ff06f) j       pc - 0x8
3 0x8000b348 (0xff9ff06f)
core   0: 0xffffffff8000b340 (0x00001f17) auipc   t5, 0x1
3 0x8000b340 (0x00001f17) x30 0x8000c340
core   0: 0xffffffff8000b344 (0xcc3f2023) sw      gp, -832(t5)
3 0x8000b344 (0xcc3f2023) mem 0x8000c000 0x00000001
core   0: 0xffffffff8000b348 (0xff9ff06f) j       pc - 0x8
3 0x8000b348 (0xff9ff06f)
core   0: 0xffffffff8000b340 (0x00001f17) auipc   t5, 0x1
3 0x8000b340 (0x00001f17) x30 0x8000c340
core   0: 0xffffffff8000b344 (0xcc3f2023) sw      gp, -832(t5)
3 0x8000b344 (0xcc3f2023) mem 0x8000c000 0x00000001
core   0: 0xffffffff8000b348 (0xff9ff06f) j       pc - 0x8
3 0x8000b348 (0xff9ff06f)
core   0: 0xffffffff8000b340 (0x00001f17) auipc   t5, 0x1
3 0x8000b340 (0x00001f17) x30 0x8000c340
core   0: 0xffffffff8000b344 (0xcc3f2023) sw      gp, -832(t5)
3 0x8000b344 (0xcc3f2023) mem 0x8000c000 0x00000001
core   0: 0xffffffff8000b348 (0xff9ff06f) j       pc - 0x8
3 0x8000b348 (0xff9ff06f)
core   0: 0xffffffff8000b340 (0x00001f17) auipc   t5, 0x1
3 0x8000b340 (0x00001f17) x30 0x8000c340
core   0: 0xffffffff8000b344 (0xcc3f2023) sw      gp, -832(t5)
3 0x8000b344 (0xcc3f2023) mem 0x8000c000 0x00000001
core   0: 0xffffffff8000b348 (0xff9ff06f) j       pc - 0x8
3 0x8000b348 (0xff9ff06f)
core   0: 0xffffffff8000b340 (0x00001f17) auipc   t5, 0x1
3 0x8000b340 (0x00001f17) x30 0x8000c340
core   0: 0xffffffff8000b344 (0xcc3f2023) sw      gp, -832(t5)
3 0x8000b344 (0xcc3f2023) mem 0x8000c000 0x00000001
core   0: 0xffffffff8000b348 (0xff9ff06f) j       pc - 0x8
3 0x8000b348 (0xff9ff06f)
core   0: 0xffffffff8000b340 (0x00001f17) auipc   t5, 0x1
3 0x8000b340 (0x00001f17) x30 0x8000c340
core   0: 0xffffffff8000b344 (0xcc3f2023) sw      gp, -832(t5)
3 0x8000b344 (0xcc3f2023) mem 0x8000c000 0x00000001
core   0: 0xffffffff8000b348 (0xff9ff06f) j       pc - 0x8
3 0x8000b348 (0xff9ff06f)
core   0: 0xffffffff8000b340 (0x00001f17) auipc   t5, 0x1
3 0x8000b340 (0x00001f17) x30 0x8000c340
core   0: 0xffffffff8000b344 (0xcc3f2023) sw      gp, -832(t5)
3 0x8000b344 (0xcc3f2023) mem 0x8000c000 0x00000001
core   0: 0xffffffff8000b348 (0xff9ff06f) j       pc - 0x8
3 0x8000b348 (0xff9ff06f)
core   0: 0xffffffff8000b340 (0x00001f17) auipc   t5, 0x1
3 0x8000b340 (0x00001f17) x30 0x8000c340
core   0: 0xffffffff8000b344 (0xcc3f2023) sw      gp, -832(t5)
3 0x8000b344 (0xcc3f2023) mem 0x8000c000 0x00000001
core   0: 0xffffffff8000b348 (0xff9ff06f) j       pc - 0x8
3 0x8000b348 (0xff9ff06f)
core   0: 0xffffffff8000b340 (0x00001f17) auipc   t5, 0x1
3 0x8000b340 (0x00001f17) x30 0x8000c340
core   0: 0xffffffff8000b344 (0xcc3f2023) sw      gp, -832(t5)
3 0x8000b344 (0xcc3f2023) mem 0x8000c000 0x00000001
core   0: 0xffffffff8000b348 (0xff9ff06f) j       pc - 0x8
3 0x8000b348 (0xff9ff06f)
core   0: 0xffffffff8000b340 (0x00001f17) auipc   t5, 0x1
3 0x8000b340 (0x00001f17) x30 0x8000c340
core   0: 0xffffffff8000b344 (0xcc3f2023) sw      gp, -832(t5)
3 0x8000b344 (0xcc3f2023) mem 0x8000c000 0x00000001
core   0: 0xffffffff8000b348 (0xff9ff06f) j       pc - 0x8
3 0x8000b348 (0xff9ff06f)
core   0: 0xffffffff8000b340 (0x00001f17) auipc   t5, 0x1
3 0x8000b340 (0x00001f17) x30 0x8000c340
core   0: 0xffffffff8000b344 (0xcc3f2023) sw      gp, -832(t5)
3 0x8000b344 (0xcc3f2023) mem 0x8000c000 0x00000001
core   0: 0xffffffff8000b348 (0xff9ff06f) j       pc - 0x8
3 0x8000b348 (0xff9ff06f)
core   0: 0xffffffff8000b340 (0x00001f17) auipc   t5, 0x1
3 0x8000b340 (0x00001f17) x30 0x8000c340
core   0: 0xffffffff8000b344 (0xcc3f2023) sw      gp, -832(t5)
3 0x8000b344 (0xcc3f2023) mem 0x8000c000 0x00000001
core   0: 0xffffffff8000b348 (0xff9ff06f) j       pc - 0x8
3 0x8000b348 (0xff9ff06f)
core   0: 0xffffffff8000b340 (0x00001f17) auipc   t5, 0x1
3 0x8000b340 (0x00001f17) x30 0x8000c340
core   0: 0xffffffff8000b344 (0xcc3f2023) sw      gp, -832(t5)
3 0x8000b344 (0xcc3f2023) mem 0x8000c000 0x00000001
core   0: 0xffffffff8000b348 (0xff9ff06f) j       pc - 0x8
3 0x8000b348 (0xff9ff06f)
core   0: 0xffffffff8000b340 (0x00001f17) auipc   t5, 0x1
3 0x8000b340 (0x00001f17) x30 0x8000c340
core   0: 0xffffffff8000b344 (0xcc3f2023) sw      gp, -832(t5)
3 0x8000b344 (0xcc3f2023) mem 0x8000c000 0x00000001
core   0: 0xffffffff8000b348 (0xff9ff06f) j       pc - 0x8
3 0x8000b348 (0xff9ff06f)
core   0: 0xffffffff8000b340 (0x00001f17) auipc   t5, 0x1
3 0x8000b340 (0x00001f17) x30 0x8000c340
core   0: 0xffffffff8000b344 (0xcc3f2023) sw      gp, -832(t5)
3 0x8000b344 (0xcc3f2023) mem 0x8000c000 0x00000001
core   0: 0xffffffff8000b348 (0xff9ff06f) j       pc - 0x8
3 0x8000b348 (0xff9ff06f)
core   0: 0xffffffff8000b340 (0x00001f17) auipc   t5, 0x1
3 0x8000b340 (0x00001f17) x30 0x8000c340
core   0: 0xffffffff8000b344 (0xcc3f2023) sw      gp, -832(t5)
3 0x8000b344 (0xcc3f2023) mem 0x8000c000 0x00000001
core   0: 0xffffffff8000b348 (0xff9ff06f) j       pc - 0x8
3 0x8000b348 (0xff9ff06f)
core   0: 0xffffffff8000b340 (0x00001f17) auipc   t5, 0x1
3 0x8000b340 (0x00001f17) x30 0x8000c340
core   0: 0xffffffff8000b344 (0xcc3f2023) sw      gp, -832(t5)
3 0x8000b344 (0xcc3f2023) mem 0x8000c000 0x00000001
core   0: 0xffffffff8000b348 (0xff9ff06f) j       pc - 0x8
3 0x8000b348 (0xff9ff06f)
core   0: 0xffffffff8000b340 (0x00001f17) auipc   t5, 0x1
3 0x8000b340 (0x00001f17) x30 0x8000c340
core   0: 0xffffffff8000b344 (0xcc3f2023) sw      gp, -832(t5)
3 0x8000b344 (0xcc3f2023) mem 0x8000c000 0x00000001
core   0: 0xffffffff8000b348 (0xff9ff06f) j       pc - 0x8
3 0x8000b348 (0xff9ff06f)
core   0: 0xffffffff8000b340 (0x00001f17) auipc   t5, 0x1
3 0x8000b340 (0x00001f17) x30 0x8000c340
core   0: 0xffffffff8000b344 (0xcc3f2023) sw      gp, -832(t5)
3 0x8000b344 (0xcc3f2023) mem 0x8000c000 0x00000001
core   0: 0xffffffff8000b348 (0xff9ff06f) j       pc - 0x8
3 0x8000b348 (0xff9ff06f)
core   0: 0xffffffff8000b340 (0x00001f17) auipc   t5, 0x1
3 0x8000b340 (0x00001f17) x30 0x8000c340
core   0: 0xffffffff8000b344 (0xcc3f2023) sw      gp, -832(t5)
3 0x8000b344 (0xcc3f2023) mem 0x8000c000 0x00000001
core   0: 0xffffffff8000b348 (0xff9ff06f) j       pc - 0x8
3 0x8000b348 (0xff9ff06f)
core   0: 0xffffffff8000b340 (0x00001f17) auipc   t5, 0x1
3 0x8000b340 (0x00001f17) x30 0x8000c340
core   0: 0xffffffff8000b344 (0xcc3f2023) sw      gp, -832(t5)
3 0x8000b344 (0xcc3f2023) mem 0x8000c000 0x00000001
core   0: 0xffffffff8000b348 (0xff9ff06f) j       pc - 0x8
3 0x8000b348 (0xff9ff06f)
core   0: 0xffffffff8000b340 (0x00001f17) auipc   t5, 0x1
3 0x8000b340 (0x00001f17) x30 0x8000c340
core   0: 0xffffffff8000b344 (0xcc3f2023) sw      gp, -832(t5)
3 0x8000b344 (0xcc3f2023) mem 0x8000c000 0x00000001
core   0: 0xffffffff8000b348 (0xff9ff06f) j       pc - 0x8
3 0x8000b348 (0xff9ff06f)
core   0: 0xffffffff8000b340 (0x00001f17) auipc   t5, 0x1
3 0x8000b340 (0x00001f17) x30 0x8000c340
core   0: 0xffffffff8000b344 (0xcc3f2023) sw      gp, -832(t5)
3 0x8000b344 (0xcc3f2023) mem 0x8000c000 0x00000001
core   0: 0xffffffff8000b348 (0xff9ff06f) j       pc - 0x8
3 0x8000b348 (0xff9ff06f)
core   0: 0xffffffff8000b340 (0x00001f17) auipc   t5, 0x1
3 0x8000b340 (0x00001f17) x30 0x8000c340
core   0: 0xffffffff8000b344 (0xcc3f2023) sw      gp, -832(t5)
3 0x8000b344 (0xcc3f2023) mem 0x8000c000 0x00000001
core   0: 0xffffffff8000b348 (0xff9ff06f) j       pc - 0x8
3 0x8000b348 (0xff9ff06f)
core   0: 0xffffffff8000b340 (0x00001f17) auipc   t5, 0x1
3 0x8000b340 (0x00001f17) x30 0x8000c340
core   0: 0xffffffff8000b344 (0xcc3f2023) sw      gp, -832(t5)
3 0x8000b344 (0xcc3f2023) mem 0x8000c000 0x00000001
core   0: 0xffffffff8000b348 (0xff9ff06f) j       pc - 0x8
3 0x8000b348 (0xff9ff06f)
core   0: 0xffffffff8000b340 (0x00001f17) auipc   t5, 0x1
3 0x8000b340 (0x00001f17) x30 0x8000c340
core   0: 0xffffffff8000b344 (0xcc3f2023) sw      gp, -832(t5)
3 0x8000b344 (0xcc3f2023) mem 0x8000c000 0x00000001
core   0: 0xffffffff8000b348 (0xff9ff06f) j       pc - 0x8
3 0x8000b348 (0xff9ff06f)
core   0: 0xffffffff8000b340 (0x00001f17) auipc   t5, 0x1
3 0x8000b340 (0x00001f17) x30 0x8000c340
core   0: 0xffffffff8000b344 (0xcc3f2023) sw      gp, -832(t5)
3 0x8000b344 (0xcc3f2023) mem 0x8000c000 0x00000001
core   0: 0xffffffff8000b348 (0xff9ff06f) j       pc - 0x8
3 0x8000b348 (0xff9ff06f)
core   0: 0xffffffff8000b340 (0x00001f17) auipc   t5, 0x1
3 0x8000b340 (0x00001f17) x30 0x8000c340
core   0: 0xffffffff8000b344 (0xcc3f2023) sw      gp, -832(t5)
3 0x8000b344 (0xcc3f2023) mem 0x8000c000 0x00000001
core   0: 0xffffffff8000b348 (0xff9ff06f) j       pc - 0x8
3 0x8000b348 (0xff9ff06f)
core   0: 0xffffffff8000b340 (0x00001f17) auipc   t5, 0x1
3 0x8000b340 (0x00001f17) x30 0x8000c340
core   0: 0xffffffff8000b344 (0xcc3f2023) sw      gp, -832(t5)
3 0x8000b344 (0xcc3f2023) mem 0x8000c000 0x00000001
core   0: 0xffffffff8000b348 (0xff9ff06f) j       pc - 0x8
3 0x8000b348 (0xff9ff06f)
core   0: 0xffffffff8000b340 (0x00001f17) auipc   t5, 0x1
3 0x8000b340 (0x00001f17) x30 0x8000c340
core   0: 0xffffffff8000b344 (0xcc3f2023) sw      gp, -832(t5)
3 0x8000b344 (0xcc3f2023) mem 0x8000c000 0x00000001
core   0: 0xffffffff8000b348 (0xff9ff06f) j       pc - 0x8
3 0x8000b348 (0xff9ff06f)
core   0: 0xffffffff8000b340 (0x00001f17) auipc   t5, 0x1
3 0x8000b340 (0x00001f17) x30 0x8000c340
core   0: 0xffffffff8000b344 (0xcc3f2023) sw      gp, -832(t5)
3 0x8000b344 (0xcc3f2023) mem 0x8000c000 0x00000001
core   0: 0xffffffff8000b348 (0xff9ff06f) j       pc - 0x8
3 0x8000b348 (0xff9ff06f)
core   0: 0xffffffff8000b340 (0x00001f17) auipc   t5, 0x1
3 0x8000b340 (0x00001f17) x30 0x8000c340
core   0: 0xffffffff8000b344 (0xcc3f2023) sw      gp, -832(t5)
3 0x8000b344 (0xcc3f2023) mem 0x8000c000 0x00000001
core   0: 0xffffffff8000b348 (0xff9ff06f) j       pc - 0x8
3 0x8000b348 (0xff9ff06f)
core   0: 0xffffffff8000b340 (0x00001f17) auipc   t5, 0x1
3 0x8000b340 (0x00001f17) x30 0x8000c340
core   0: 0xffffffff8000b344 (0xcc3f2023) sw      gp, -832(t5)
3 0x8000b344 (0xcc3f2023) mem 0x8000c000 0x00000001
core   0: 0xffffffff8000b348 (0xff9ff06f) j       pc - 0x8
3 0x8000b348 (0xff9ff06f)
core   0: 0xffffffff8000b340 (0x00001f17) auipc   t5, 0x1
3 0x8000b340 (0x00001f17) x30 0x8000c340
core   0: 0xffffffff8000b344 (0xcc3f2023) sw      gp, -832(t5)
3 0x8000b344 (0xcc3f2023) mem 0x8000c000 0x00000001
core   0: 0xffffffff8000b348 (0xff9ff06f) j       pc - 0x8
3 0x8000b348 (0xff9ff06f)
core   0: 0xffffffff8000b340 (0x00001f17) auipc   t5, 0x1
3 0x8000b340 (0x00001f17) x30 0x8000c340
core   0: 0xffffffff8000b344 (0xcc3f2023) sw      gp, -832(t5)
3 0x8000b344 (0xcc3f2023) mem 0x8000c000 0x00000001
core   0: 0xffffffff8000b348 (0xff9ff06f) j       pc - 0x8
3 0x8000b348 (0xff9ff06f)
core   0: 0xffffffff8000b340 (0x00001f17) auipc   t5, 0x1
3 0x8000b340 (0x00001f17) x30 0x8000c340
core   0: 0xffffffff8000b344 (0xcc3f2023) sw      gp, -832(t5)
3 0x8000b344 (0xcc3f2023) mem 0x8000c000 0x00000001
core   0: 0xffffffff8000b348 (0xff9ff06f) j       pc - 0x8
3 0x8000b348 (0xff9ff06f)
core   0: 0xffffffff8000b340 (0x00001f17) auipc   t5, 0x1
3 0x8000b340 (0x00001f17) x30 0x8000c340
core   0: 0xffffffff8000b344 (0xcc3f2023) sw      gp, -832(t5)
3 0x8000b344 (0xcc3f2023) mem 0x8000c000 0x00000001
core   0: 0xffffffff8000b348 (0xff9ff06f) j       pc - 0x8
3 0x8000b348 (0xff9ff06f)
core   0: 0xffffffff8000b340 (0x00001f17) auipc   t5, 0x1
3 0x8000b340 (0x00001f17) x30 0x8000c340
core   0: 0xffffffff8000b344 (0xcc3f2023) sw      gp, -832(t5)
3 0x8000b344 (0xcc3f2023) mem 0x8000c000 0x00000001
core   0: 0xffffffff8000b348 (0xff9ff06f) j       pc - 0x8
3 0x8000b348 (0xff9ff06f)
core   0: 0xffffffff8000b340 (0x00001f17) auipc   t5, 0x1
3 0x8000b340 (0x00001f17) x30 0x8000c340
core   0: 0xffffffff8000b344 (0xcc3f2023) sw      gp, -832(t5)
3 0x8000b344 (0xcc3f2023) mem 0x8000c000 0x00000001
core   0: 0xffffffff8000b348 (0xff9ff06f) j       pc - 0x8
3 0x8000b348 (0xff9ff06f)
core   0: 0xffffffff8000b340 (0x00001f17) auipc   t5, 0x1
3 0x8000b340 (0x00001f17) x30 0x8000c340
core   0: 0xffffffff8000b344 (0xcc3f2023) sw      gp, -832(t5)
3 0x8000b344 (0xcc3f2023) mem 0x8000c000 0x00000001
core   0: 0xffffffff8000b348 (0xff9ff06f) j       pc - 0x8
3 0x8000b348 (0xff9ff06f)
core   0: 0xffffffff8000b340 (0x00001f17) auipc   t5, 0x1
3 0x8000b340 (0x00001f17) x30 0x8000c340
core   0: 0xffffffff8000b344 (0xcc3f2023) sw      gp, -832(t5)
3 0x8000b344 (0xcc3f2023) mem 0x8000c000 0x00000001
core   0: 0xffffffff8000b348 (0xff9ff06f) j       pc - 0x8
3 0x8000b348 (0xff9ff06f)
core   0: 0xffffffff8000b340 (0x00001f17) auipc   t5, 0x1
3 0x8000b340 (0x00001f17) x30 0x8000c340
core   0: 0xffffffff8000b344 (0xcc3f2023) sw      gp, -832(t5)
3 0x8000b344 (0xcc3f2023) mem 0x8000c000 0x00000001
core   0: 0xffffffff8000b348 (0xff9ff06f) j       pc - 0x8
3 0x8000b348 (0xff9ff06f)
core   0: 0xffffffff8000b340 (0x00001f17) auipc   t5, 0x1
3 0x8000b340 (0x00001f17) x30 0x8000c340
core   0: 0xffffffff8000b344 (0xcc3f2023) sw      gp, -832(t5)
3 0x8000b344 (0xcc3f2023) mem 0x8000c000 0x00000001
core   0: 0xffffffff8000b348 (0xff9ff06f) j       pc - 0x8
3 0x8000b348 (0xff9ff06f)
core   0: 0xffffffff8000b340 (0x00001f17) auipc   t5, 0x1
3 0x8000b340 (0x00001f17) x30 0x8000c340
core   0: 0xffffffff8000b344 (0xcc3f2023) sw      gp, -832(t5)
3 0x8000b344 (0xcc3f2023) mem 0x8000c000 0x00000001
core   0: 0xffffffff8000b348 (0xff9ff06f) j       pc - 0x8
3 0x8000b348 (0xff9ff06f)
core   0: 0xffffffff8000b340 (0x00001f17) auipc   t5, 0x1
3 0x8000b340 (0x00001f17) x30 0x8000c340
core   0: 0xffffffff8000b344 (0xcc3f2023) sw      gp, -832(t5)
3 0x8000b344 (0xcc3f2023) mem 0x8000c000 0x00000001
core   0: 0xffffffff8000b348 (0xff9ff06f) j       pc - 0x8
3 0x8000b348 (0xff9ff06f)
core   0: 0xffffffff8000b340 (0x00001f17) auipc   t5, 0x1
3 0x8000b340 (0x00001f17) x30 0x8000c340
core   0: 0xffffffff8000b344 (0xcc3f2023) sw      gp, -832(t5)
3 0x8000b344 (0xcc3f2023) mem 0x8000c000 0x00000001
core   0: 0xffffffff8000b348 (0xff9ff06f) j       pc - 0x8
3 0x8000b348 (0xff9ff06f)
core   0: 0xffffffff8000b340 (0x00001f17) auipc   t5, 0x1
3 0x8000b340 (0x00001f17) x30 0x8000c340
core   0: 0xffffffff8000b344 (0xcc3f2023) sw      gp, -832(t5)
3 0x8000b344 (0xcc3f2023) mem 0x8000c000 0x00000001
core   0: 0xffffffff8000b348 (0xff9ff06f) j       pc - 0x8
3 0x8000b348 (0xff9ff06f)
core   0: 0xffffffff8000b340 (0x00001f17) auipc   t5, 0x1
3 0x8000b340 (0x00001f17) x30 0x8000c340
core   0: 0xffffffff8000b344 (0xcc3f2023) sw      gp, -832(t5)
3 0x8000b344 (0xcc3f2023) mem 0x8000c000 0x00000001
core   0: 0xffffffff8000b348 (0xff9ff06f) j       pc - 0x8
3 0x8000b348 (0xff9ff06f)
core   0: 0xffffffff8000b340 (0x00001f17) auipc   t5, 0x1
3 0x8000b340 (0x00001f17) x30 0x8000c340
core   0: 0xffffffff8000b344 (0xcc3f2023) sw      gp, -832(t5)
3 0x8000b344 (0xcc3f2023) mem 0x8000c000 0x00000001
core   0: 0xffffffff8000b348 (0xff9ff06f) j       pc - 0x8
3 0x8000b348 (0xff9ff06f)
core   0: 0xffffffff8000b340 (0x00001f17) auipc   t5, 0x1
3 0x8000b340 (0x00001f17) x30 0x8000c340
core   0: 0xffffffff8000b344 (0xcc3f2023) sw      gp, -832(t5)
3 0x8000b344 (0xcc3f2023) mem 0x8000c000 0x00000001
core   0: 0xffffffff8000b348 (0xff9ff06f) j       pc - 0x8
3 0x8000b348 (0xff9ff06f)
core   0: 0xffffffff8000b340 (0x00001f17) auipc   t5, 0x1
3 0x8000b340 (0x00001f17) x30 0x8000c340
core   0: 0xffffffff8000b344 (0xcc3f2023) sw      gp, -832(t5)
3 0x8000b344 (0xcc3f2023) mem 0x8000c000 0x00000001
core   0: 0xffffffff8000b348 (0xff9ff06f) j       pc - 0x8
3 0x8000b348 (0xff9ff06f)
core   0: 0xffffffff8000b340 (0x00001f17) auipc   t5, 0x1
3 0x8000b340 (0x00001f17) x30 0x8000c340
core   0: 0xffffffff8000b344 (0xcc3f2023) sw      gp, -832(t5)
3 0x8000b344 (0xcc3f2023) mem 0x8000c000 0x00000001
core   0: 0xffffffff8000b348 (0xff9ff06f) j       pc - 0x8
3 0x8000b348 (0xff9ff06f)
core   0: 0xffffffff8000b340 (0x00001f17) auipc   t5, 0x1
3 0x8000b340 (0x00001f17) x30 0x8000c340
core   0: 0xffffffff8000b344 (0xcc3f2023) sw      gp, -832(t5)
3 0x8000b344 (0xcc3f2023) mem 0x8000c000 0x00000001
core   0: 0xffffffff8000b348 (0xff9ff06f) j       pc - 0x8
3 0x8000b348 (0xff9ff06f)
core   0: 0xffffffff8000b340 (0x00001f17) auipc   t5, 0x1
3 0x8000b340 (0x00001f17) x30 0x8000c340
core   0: 0xffffffff8000b344 (0xcc3f2023) sw      gp, -832(t5)
3 0x8000b344 (0xcc3f2023) mem 0x8000c000 0x00000001
core   0: 0xffffffff8000b348 (0xff9ff06f) j       pc - 0x8
3 0x8000b348 (0xff9ff06f)
core   0: 0xffffffff8000b340 (0x00001f17) auipc   t5, 0x1
3 0x8000b340 (0x00001f17) x30 0x8000c340
core   0: 0xffffffff8000b344 (0xcc3f2023) sw      gp, -832(t5)
3 0x8000b344 (0xcc3f2023) mem 0x8000c000 0x00000001
core   0: 0xffffffff8000b348 (0xff9ff06f) j       pc - 0x8
3 0x8000b348 (0xff9ff06f)
core   0: 0xffffffff8000b340 (0x00001f17) auipc   t5, 0x1
3 0x8000b340 (0x00001f17) x30 0x8000c340
core   0: 0xffffffff8000b344 (0xcc3f2023) sw      gp, -832(t5)
3 0x8000b344 (0xcc3f2023) mem 0x8000c000 0x00000001
core   0: 0xffffffff8000b348 (0xff9ff06f) j       pc - 0x8
3 0x8000b348 (0xff9ff06f)
core   0: 0xffffffff8000b340 (0x00001f17) auipc   t5, 0x1
3 0x8000b340 (0x00001f17) x30 0x8000c340
core   0: 0xffffffff8000b344 (0xcc3f2023) sw      gp, -832(t5)
3 0x8000b344 (0xcc3f2023) mem 0x8000c000 0x00000001
core   0: 0xffffffff8000b348 (0xff9ff06f) j       pc - 0x8
3 0x8000b348 (0xff9ff06f)
core   0: 0xffffffff8000b340 (0x00001f17) auipc   t5, 0x1
3 0x8000b340 (0x00001f17) x30 0x8000c340
core   0: 0xffffffff8000b344 (0xcc3f2023) sw      gp, -832(t5)
3 0x8000b344 (0xcc3f2023) mem 0x8000c000 0x00000001
core   0: 0xffffffff8000b348 (0xff9ff06f) j       pc - 0x8
3 0x8000b348 (0xff9ff06f)
core   0: 0xffffffff8000b340 (0x00001f17) auipc   t5, 0x1
3 0x8000b340 (0x00001f17) x30 0x8000c340
core   0: 0xffffffff8000b344 (0xcc3f2023) sw      gp, -832(t5)
3 0x8000b344 (0xcc3f2023) mem 0x8000c000 0x00000001
core   0: 0xffffffff8000b348 (0xff9ff06f) j       pc - 0x8
3 0x8000b348 (0xff9ff06f)
core   0: 0xffffffff8000b340 (0x00001f17) auipc   t5, 0x1
3 0x8000b340 (0x00001f17) x30 0x8000c340
core   0: 0xffffffff8000b344 (0xcc3f2023) sw      gp, -832(t5)
3 0x8000b344 (0xcc3f2023) mem 0x8000c000 0x00000001
core   0: 0xffffffff8000b348 (0xff9ff06f) j       pc - 0x8
3 0x8000b348 (0xff9ff06f)
core   0: 0xffffffff8000b340 (0x00001f17) auipc   t5, 0x1
3 0x8000b340 (0x00001f17) x30 0x8000c340
core   0: 0xffffffff8000b344 (0xcc3f2023) sw      gp, -832(t5)
3 0x8000b344 (0xcc3f2023) mem 0x8000c000 0x00000001
core   0: 0xffffffff8000b348 (0xff9ff06f) j       pc - 0x8
3 0x8000b348 (0xff9ff06f)
core   0: 0xffffffff8000b340 (0x00001f17) auipc   t5, 0x1
3 0x8000b340 (0x00001f17) x30 0x8000c340
core   0: 0xffffffff8000b344 (0xcc3f2023) sw      gp, -832(t5)
3 0x8000b344 (0xcc3f2023) mem 0x8000c000 0x00000001
core   0: 0xffffffff8000b348 (0xff9ff06f) j       pc - 0x8
3 0x8000b348 (0xff9ff06f)
core   0: 0xffffffff8000b340 (0x00001f17) auipc   t5, 0x1
3 0x8000b340 (0x00001f17) x30 0x8000c340
core   0: 0xffffffff8000b344 (0xcc3f2023) sw      gp, -832(t5)
3 0x8000b344 (0xcc3f2023) mem 0x8000c000 0x00000001
core   0: 0xffffffff8000b348 (0xff9ff06f) j       pc - 0x8
3 0x8000b348 (0xff9ff06f)
core   0: 0xffffffff8000b340 (0x00001f17) auipc   t5, 0x1
3 0x8000b340 (0x00001f17) x30 0x8000c340
core   0: 0xffffffff8000b344 (0xcc3f2023) sw      gp, -832(t5)
3 0x8000b344 (0xcc3f2023) mem 0x8000c000 0x00000001
core   0: 0xffffffff8000b348 (0xff9ff06f) j       pc - 0x8
3 0x8000b348 (0xff9ff06f)
core   0: 0xffffffff8000b340 (0x00001f17) auipc   t5, 0x1
3 0x8000b340 (0x00001f17) x30 0x8000c340
core   0: 0xffffffff8000b344 (0xcc3f2023) sw      gp, -832(t5)
3 0x8000b344 (0xcc3f2023) mem 0x8000c000 0x00000001
core   0: 0xffffffff8000b348 (0xff9ff06f) j       pc - 0x8
3 0x8000b348 (0xff9ff06f)
core   0: 0xffffffff8000b340 (0x00001f17) auipc   t5, 0x1
3 0x8000b340 (0x00001f17) x30 0x8000c340
core   0: 0xffffffff8000b344 (0xcc3f2023) sw      gp, -832(t5)
3 0x8000b344 (0xcc3f2023) mem 0x8000c000 0x00000001
core   0: 0xffffffff8000b348 (0xff9ff06f) j       pc - 0x8
3 0x8000b348 (0xff9ff06f)
core   0: 0xffffffff8000b340 (0x00001f17) auipc   t5, 0x1
3 0x8000b340 (0x00001f17) x30 0x8000c340
core   0: 0xffffffff8000b344 (0xcc3f2023) sw      gp, -832(t5)
3 0x8000b344 (0xcc3f2023) mem 0x8000c000 0x00000001
core   0: 0xffffffff8000b348 (0xff9ff06f) j       pc - 0x8
3 0x8000b348 (0xff9ff06f)
core   0: 0xffffffff8000b340 (0x00001f17) auipc   t5, 0x1
3 0x8000b340 (0x00001f17) x30 0x8000c340
core   0: 0xffffffff8000b344 (0xcc3f2023) sw      gp, -832(t5)
3 0x8000b344 (0xcc3f2023) mem 0x8000c000 0x00000001
core   0: 0xffffffff8000b348 (0xff9ff06f) j       pc - 0x8
3 0x8000b348 (0xff9ff06f)
core   0: 0xffffffff8000b340 (0x00001f17) auipc   t5, 0x1
3 0x8000b340 (0x00001f17) x30 0x8000c340
core   0: 0xffffffff8000b344 (0xcc3f2023) sw      gp, -832(t5)
3 0x8000b344 (0xcc3f2023) mem 0x8000c000 0x00000001
core   0: 0xffffffff8000b348 (0xff9ff06f) j       pc - 0x8
3 0x8000b348 (0xff9ff06f)
core   0: 0xffffffff8000b340 (0x00001f17) auipc   t5, 0x1
3 0x8000b340 (0x00001f17) x30 0x8000c340
core   0: 0xffffffff8000b344 (0xcc3f2023) sw      gp, -832(t5)
3 0x8000b344 (0xcc3f2023) mem 0x8000c000 0x00000001
core   0: 0xffffffff8000b348 (0xff9ff06f) j       pc - 0x8
3 0x8000b348 (0xff9ff06f)
core   0: 0xffffffff8000b340 (0x00001f17) auipc   t5, 0x1
3 0x8000b340 (0x00001f17) x30 0x8000c340
core   0: 0xffffffff8000b344 (0xcc3f2023) sw      gp, -832(t5)
3 0x8000b344 (0xcc3f2023) mem 0x8000c000 0x00000001
core   0: 0xffffffff8000b348 (0xff9ff06f) j       pc - 0x8
3 0x8000b348 (0xff9ff06f)
core   0: 0xffffffff8000b340 (0x00001f17) auipc   t5, 0x1
3 0x8000b340 (0x00001f17) x30 0x8000c340
core   0: 0xffffffff8000b344 (0xcc3f2023) sw      gp, -832(t5)
3 0x8000b344 (0xcc3f2023) mem 0x8000c000 0x00000001
core   0: 0xffffffff8000b348 (0xff9ff06f) j       pc - 0x8
3 0x8000b348 (0xff9ff06f)
core   0: 0xffffffff8000b340 (0x00001f17) auipc   t5, 0x1
3 0x8000b340 (0x00001f17) x30 0x8000c340
core   0: 0xffffffff8000b344 (0xcc3f2023) sw      gp, -832(t5)
3 0x8000b344 (0xcc3f2023) mem 0x8000c000 0x00000001
core   0: 0xffffffff8000b348 (0xff9ff06f) j       pc - 0x8
3 0x8000b348 (0xff9ff06f)
core   0: 0xffffffff8000b340 (0x00001f17) auipc   t5, 0x1
3 0x8000b340 (0x00001f17) x30 0x8000c340
core   0: 0xffffffff8000b344 (0xcc3f2023) sw      gp, -832(t5)
3 0x8000b344 (0xcc3f2023) mem 0x8000c000 0x00000001
core   0: 0xffffffff8000b348 (0xff9ff06f) j       pc - 0x8
3 0x8000b348 (0xff9ff06f)
core   0: 0xffffffff8000b340 (0x00001f17) auipc   t5, 0x1
3 0x8000b340 (0x00001f17) x30 0x8000c340
core   0: 0xffffffff8000b344 (0xcc3f2023) sw      gp, -832(t5)
3 0x8000b344 (0xcc3f2023) mem 0x8000c000 0x00000001
core   0: 0xffffffff8000b348 (0xff9ff06f) j       pc - 0x8
3 0x8000b348 (0xff9ff06f)
core   0: 0xffffffff8000b340 (0x00001f17) auipc   t5, 0x1
3 0x8000b340 (0x00001f17) x30 0x8000c340
core   0: 0xffffffff8000b344 (0xcc3f2023) sw      gp, -832(t5)
3 0x8000b344 (0xcc3f2023) mem 0x8000c000 0x00000001
core   0: 0xffffffff8000b348 (0xff9ff06f) j       pc - 0x8
3 0x8000b348 (0xff9ff06f)
core   0: 0xffffffff8000b340 (0x00001f17) auipc   t5, 0x1
3 0x8000b340 (0x00001f17) x30 0x8000c340
core   0: 0xffffffff8000b344 (0xcc3f2023) sw      gp, -832(t5)
3 0x8000b344 (0xcc3f2023) mem 0x8000c000 0x00000001
core   0: 0xffffffff8000b348 (0xff9ff06f) j       pc - 0x8
3 0x8000b348 (0xff9ff06f)
core   0: 0xffffffff8000b340 (0x00001f17) auipc   t5, 0x1
3 0x8000b340 (0x00001f17) x30 0x8000c340
core   0: 0xffffffff8000b344 (0xcc3f2023) sw      gp, -832(t5)
3 0x8000b344 (0xcc3f2023) mem 0x8000c000 0x00000001
core   0: 0xffffffff8000b348 (0xff9ff06f) j       pc - 0x8
3 0x8000b348 (0xff9ff06f)
core   0: 0xffffffff8000b340 (0x00001f17) auipc   t5, 0x1
3 0x8000b340 (0x00001f17) x30 0x8000c340
core   0: 0xffffffff8000b344 (0xcc3f2023) sw      gp, -832(t5)
3 0x8000b344 (0xcc3f2023) mem 0x8000c000 0x00000001
core   0: 0xffffffff8000b348 (0xff9ff06f) j       pc - 0x8
3 0x8000b348 (0xff9ff06f)
core   0: 0xffffffff8000b340 (0x00001f17) auipc   t5, 0x1
3 0x8000b340 (0x00001f17) x30 0x8000c340
core   0: 0xffffffff8000b344 (0xcc3f2023) sw      gp, -832(t5)
3 0x8000b344 (0xcc3f2023) mem 0x8000c000 0x00000001
core   0: 0xffffffff8000b348 (0xff9ff06f) j       pc - 0x8
3 0x8000b348 (0xff9ff06f)
core   0: 0xffffffff8000b340 (0x00001f17) auipc   t5, 0x1
3 0x8000b340 (0x00001f17) x30 0x8000c340
core   0: 0xffffffff8000b344 (0xcc3f2023) sw      gp, -832(t5)
3 0x8000b344 (0xcc3f2023) mem 0x8000c000 0x00000001
core   0: 0xffffffff8000b348 (0xff9ff06f) j       pc - 0x8
3 0x8000b348 (0xff9ff06f)
core   0: 0xffffffff8000b340 (0x00001f17) auipc   t5, 0x1
3 0x8000b340 (0x00001f17) x30 0x8000c340
core   0: 0xffffffff8000b344 (0xcc3f2023) sw      gp, -832(t5)
3 0x8000b344 (0xcc3f2023) mem 0x8000c000 0x00000001
core   0: 0xffffffff8000b348 (0xff9ff06f) j       pc - 0x8
3 0x8000b348 (0xff9ff06f)
core   0: 0xffffffff8000b340 (0x00001f17) auipc   t5, 0x1
3 0x8000b340 (0x00001f17) x30 0x8000c340
core   0: 0xffffffff8000b344 (0xcc3f2023) sw      gp, -832(t5)
3 0x8000b344 (0xcc3f2023) mem 0x8000c000 0x00000001
core   0: 0xffffffff8000b348 (0xff9ff06f) j       pc - 0x8
3 0x8000b348 (0xff9ff06f)
core   0: 0xffffffff8000b340 (0x00001f17) auipc   t5, 0x1
3 0x8000b340 (0x00001f17) x30 0x8000c340
core   0: 0xffffffff8000b344 (0xcc3f2023) sw      gp, -832(t5)
3 0x8000b344 (0xcc3f2023) mem 0x8000c000 0x00000001
core   0: 0xffffffff8000b348 (0xff9ff06f) j       pc - 0x8
3 0x8000b348 (0xff9ff06f)
core   0: 0xffffffff8000b340 (0x00001f17) auipc   t5, 0x1
3 0x8000b340 (0x00001f17) x30 0x8000c340
core   0: 0xffffffff8000b344 (0xcc3f2023) sw      gp, -832(t5)
3 0x8000b344 (0xcc3f2023) mem 0x8000c000 0x00000001
core   0: 0xffffffff8000b348 (0xff9ff06f) j       pc - 0x8
3 0x8000b348 (0xff9ff06f)
core   0: 0xffffffff8000b340 (0x00001f17) auipc   t5, 0x1
3 0x8000b340 (0x00001f17) x30 0x8000c340
core   0: 0xffffffff8000b344 (0xcc3f2023) sw      gp, -832(t5)
3 0x8000b344 (0xcc3f2023) mem 0x8000c000 0x00000001
core   0: 0xffffffff8000b348 (0xff9ff06f) j       pc - 0x8
3 0x8000b348 (0xff9ff06f)
core   0: 0xffffffff8000b340 (0x00001f17) auipc   t5, 0x1
3 0x8000b340 (0x00001f17) x30 0x8000c340
core   0: 0xffffffff8000b344 (0xcc3f2023) sw      gp, -832(t5)
3 0x8000b344 (0xcc3f2023) mem 0x8000c000 0x00000001
core   0: 0xffffffff8000b348 (0xff9ff06f) j       pc - 0x8
3 0x8000b348 (0xff9ff06f)
core   0: 0xffffffff8000b340 (0x00001f17) auipc   t5, 0x1
3 0x8000b340 (0x00001f17) x30 0x8000c340
core   0: 0xffffffff8000b344 (0xcc3f2023) sw      gp, -832(t5)
3 0x8000b344 (0xcc3f2023) mem 0x8000c000 0x00000001
core   0: 0xffffffff8000b348 (0xff9ff06f) j       pc - 0x8
3 0x8000b348 (0xff9ff06f)
core   0: 0xffffffff8000b340 (0x00001f17) auipc   t5, 0x1
3 0x8000b340 (0x00001f17) x30 0x8000c340
core   0: 0xffffffff8000b344 (0xcc3f2023) sw      gp, -832(t5)
3 0x8000b344 (0xcc3f2023) mem 0x8000c000 0x00000001
core   0: 0xffffffff8000b348 (0xff9ff06f) j       pc - 0x8
3 0x8000b348 (0xff9ff06f)
core   0: 0xffffffff8000b340 (0x00001f17) auipc   t5, 0x1
3 0x8000b340 (0x00001f17) x30 0x8000c340
core   0: 0xffffffff8000b344 (0xcc3f2023) sw      gp, -832(t5)
3 0x8000b344 (0xcc3f2023) mem 0x8000c000 0x00000001
core   0: 0xffffffff8000b348 (0xff9ff06f) j       pc - 0x8
3 0x8000b348 (0xff9ff06f)
core   0: 0xffffffff8000b340 (0x00001f17) auipc   t5, 0x1
3 0x8000b340 (0x00001f17) x30 0x8000c340
core   0: 0xffffffff8000b344 (0xcc3f2023) sw      gp, -832(t5)
3 0x8000b344 (0xcc3f2023) mem 0x8000c000 0x00000001
core   0: 0xffffffff8000b348 (0xff9ff06f) j       pc - 0x8
3 0x8000b348 (0xff9ff06f)
core   0: 0xffffffff8000b340 (0x00001f17) auipc   t5, 0x1
3 0x8000b340 (0x00001f17) x30 0x8000c340
core   0: 0xffffffff8000b344 (0xcc3f2023) sw      gp, -832(t5)
3 0x8000b344 (0xcc3f2023) mem 0x8000c000 0x00000001
core   0: 0xffffffff8000b348 (0xff9ff06f) j       pc - 0x8
3 0x8000b348 (0xff9ff06f)
core   0: 0xffffffff8000b340 (0x00001f17) auipc   t5, 0x1
3 0x8000b340 (0x00001f17) x30 0x8000c340
core   0: 0xffffffff8000b344 (0xcc3f2023) sw      gp, -832(t5)
3 0x8000b344 (0xcc3f2023) mem 0x8000c000 0x00000001
core   0: 0xffffffff8000b348 (0xff9ff06f) j       pc - 0x8
3 0x8000b348 (0xff9ff06f)
core   0: 0xffffffff8000b340 (0x00001f17) auipc   t5, 0x1
3 0x8000b340 (0x00001f17) x30 0x8000c340
core   0: 0xffffffff8000b344 (0xcc3f2023) sw      gp, -832(t5)
3 0x8000b344 (0xcc3f2023) mem 0x8000c000 0x00000001
core   0: 0xffffffff8000b348 (0xff9ff06f) j       pc - 0x8
3 0x8000b348 (0xff9ff06f)
core   0: 0xffffffff8000b340 (0x00001f17) auipc   t5, 0x1
3 0x8000b340 (0x00001f17) x30 0x8000c340
core   0: 0xffffffff8000b344 (0xcc3f2023) sw      gp, -832(t5)
3 0x8000b344 (0xcc3f2023) mem 0x8000c000 0x00000001
core   0: 0xffffffff8000b348 (0xff9ff06f) j       pc - 0x8
3 0x8000b348 (0xff9ff06f)
core   0: 0xffffffff8000b340 (0x00001f17) auipc   t5, 0x1
3 0x8000b340 (0x00001f17) x30 0x8000c340
core   0: 0xffffffff8000b344 (0xcc3f2023) sw      gp, -832(t5)
3 0x8000b344 (0xcc3f2023) mem 0x8000c000 0x00000001
core   0: 0xffffffff8000b348 (0xff9ff06f) j       pc - 0x8
3 0x8000b348 (0xff9ff06f)
core   0: 0xffffffff8000b340 (0x00001f17) auipc   t5, 0x1
3 0x8000b340 (0x00001f17) x30 0x8000c340
core   0: 0xffffffff8000b344 (0xcc3f2023) sw      gp, -832(t5)
3 0x8000b344 (0xcc3f2023) mem 0x8000c000 0x00000001
core   0: 0xffffffff8000b348 (0xff9ff06f) j       pc - 0x8
3 0x8000b348 (0xff9ff06f)
core   0: 0xffffffff8000b340 (0x00001f17) auipc   t5, 0x1
3 0x8000b340 (0x00001f17) x30 0x8000c340
core   0: 0xffffffff8000b344 (0xcc3f2023) sw      gp, -832(t5)
3 0x8000b344 (0xcc3f2023) mem 0x8000c000 0x00000001
core   0: 0xffffffff8000b348 (0xff9ff06f) j       pc - 0x8
3 0x8000b348 (0xff9ff06f)
core   0: 0xffffffff8000b340 (0x00001f17) auipc   t5, 0x1
3 0x8000b340 (0x00001f17) x30 0x8000c340
core   0: 0xffffffff8000b344 (0xcc3f2023) sw      gp, -832(t5)
3 0x8000b344 (0xcc3f2023) mem 0x8000c000 0x00000001
core   0: 0xffffffff8000b348 (0xff9ff06f) j       pc - 0x8
3 0x8000b348 (0xff9ff06f)
core   0: 0xffffffff8000b340 (0x00001f17) auipc   t5, 0x1
3 0x8000b340 (0x00001f17) x30 0x8000c340
core   0: 0xffffffff8000b344 (0xcc3f2023) sw      gp, -832(t5)
3 0x8000b344 (0xcc3f2023) mem 0x8000c000 0x00000001
core   0: 0xffffffff8000b348 (0xff9ff06f) j       pc - 0x8
3 0x8000b348 (0xff9ff06f)
core   0: 0xffffffff8000b340 (0x00001f17) auipc   t5, 0x1
3 0x8000b340 (0x00001f17) x30 0x8000c340
core   0: 0xffffffff8000b344 (0xcc3f2023) sw      gp, -832(t5)
3 0x8000b344 (0xcc3f2023) mem 0x8000c000 0x00000001
core   0: 0xffffffff8000b348 (0xff9ff06f) j       pc - 0x8
3 0x8000b348 (0xff9ff06f)
core   0: 0xffffffff8000b340 (0x00001f17) auipc   t5, 0x1
3 0x8000b340 (0x00001f17) x30 0x8000c340
core   0: 0xffffffff8000b344 (0xcc3f2023) sw      gp, -832(t5)
3 0x8000b344 (0xcc3f2023) mem 0x8000c000 0x00000001
core   0: 0xffffffff8000b348 (0xff9ff06f) j       pc - 0x8
3 0x8000b348 (0xff9ff06f)
core   0: 0xffffffff8000b340 (0x00001f17) auipc   t5, 0x1
3 0x8000b340 (0x00001f17) x30 0x8000c340
core   0: 0xffffffff8000b344 (0xcc3f2023) sw      gp, -832(t5)
3 0x8000b344 (0xcc3f2023) mem 0x8000c000 0x00000001
core   0: 0xffffffff8000b348 (0xff9ff06f) j       pc - 0x8
3 0x8000b348 (0xff9ff06f)
core   0: 0xffffffff8000b340 (0x00001f17) auipc   t5, 0x1
3 0x8000b340 (0x00001f17) x30 0x8000c340
core   0: 0xffffffff8000b344 (0xcc3f2023) sw      gp, -832(t5)
3 0x8000b344 (0xcc3f2023) mem 0x8000c000 0x00000001
core   0: 0xffffffff8000b348 (0xff9ff06f) j       pc - 0x8
3 0x8000b348 (0xff9ff06f)
core   0: 0xffffffff8000b340 (0x00001f17) auipc   t5, 0x1
3 0x8000b340 (0x00001f17) x30 0x8000c340
core   0: 0xffffffff8000b344 (0xcc3f2023) sw      gp, -832(t5)
3 0x8000b344 (0xcc3f2023) mem 0x8000c000 0x00000001
core   0: 0xffffffff8000b348 (0xff9ff06f) j       pc - 0x8
3 0x8000b348 (0xff9ff06f)
core   0: 0xffffffff8000b340 (0x00001f17) auipc   t5, 0x1
3 0x8000b340 (0x00001f17) x30 0x8000c340
core   0: 0xffffffff8000b344 (0xcc3f2023) sw      gp, -832(t5)
3 0x8000b344 (0xcc3f2023) mem 0x8000c000 0x00000001
core   0: 0xffffffff8000b348 (0xff9ff06f) j       pc - 0x8
3 0x8000b348 (0xff9ff06f)
core   0: 0xffffffff8000b340 (0x00001f17) auipc   t5, 0x1
3 0x8000b340 (0x00001f17) x30 0x8000c340
core   0: 0xffffffff8000b344 (0xcc3f2023) sw      gp, -832(t5)
3 0x8000b344 (0xcc3f2023) mem 0x8000c000 0x00000001
core   0: 0xffffffff8000b348 (0xff9ff06f) j       pc - 0x8
3 0x8000b348 (0xff9ff06f)
core   0: 0xffffffff8000b340 (0x00001f17) auipc   t5, 0x1
3 0x8000b340 (0x00001f17) x30 0x8000c340
core   0: 0xffffffff8000b344 (0xcc3f2023) sw      gp, -832(t5)
3 0x8000b344 (0xcc3f2023) mem 0x8000c000 0x00000001
core   0: 0xffffffff8000b348 (0xff9ff06f) j       pc - 0x8
3 0x8000b348 (0xff9ff06f)
core   0: 0xffffffff8000b340 (0x00001f17) auipc   t5, 0x1
3 0x8000b340 (0x00001f17) x30 0x8000c340
core   0: 0xffffffff8000b344 (0xcc3f2023) sw      gp, -832(t5)
3 0x8000b344 (0xcc3f2023) mem 0x8000c000 0x00000001
core   0: 0xffffffff8000b348 (0xff9ff06f) j       pc - 0x8
3 0x8000b348 (0xff9ff06f)
core   0: 0xffffffff8000b340 (0x00001f17) auipc   t5, 0x1
3 0x8000b340 (0x00001f17) x30 0x8000c340
core   0: 0xffffffff8000b344 (0xcc3f2023) sw      gp, -832(t5)
3 0x8000b344 (0xcc3f2023) mem 0x8000c000 0x00000001
core   0: 0xffffffff8000b348 (0xff9ff06f) j       pc - 0x8
3 0x8000b348 (0xff9ff06f)
core   0: 0xffffffff8000b340 (0x00001f17) auipc   t5, 0x1
3 0x8000b340 (0x00001f17) x30 0x8000c340
core   0: 0xffffffff8000b344 (0xcc3f2023) sw      gp, -832(t5)
3 0x8000b344 (0xcc3f2023) mem 0x8000c000 0x00000001
core   0: 0xffffffff8000b348 (0xff9ff06f) j       pc - 0x8
3 0x8000b348 (0xff9ff06f)
core   0: 0xffffffff8000b340 (0x00001f17) auipc   t5, 0x1
3 0x8000b340 (0x00001f17) x30 0x8000c340
core   0: 0xffffffff8000b344 (0xcc3f2023) sw      gp, -832(t5)
3 0x8000b344 (0xcc3f2023) mem 0x8000c000 0x00000001
core   0: 0xffffffff8000b348 (0xff9ff06f) j       pc - 0x8
3 0x8000b348 (0xff9ff06f)
core   0: 0xffffffff8000b340 (0x00001f17) auipc   t5, 0x1
3 0x8000b340 (0x00001f17) x30 0x8000c340
core   0: 0xffffffff8000b344 (0xcc3f2023) sw      gp, -832(t5)
3 0x8000b344 (0xcc3f2023) mem 0x8000c000 0x00000001
core   0: 0xffffffff8000b348 (0xff9ff06f) j       pc - 0x8
3 0x8000b348 (0xff9ff06f)
core   0: 0xffffffff8000b340 (0x00001f17) auipc   t5, 0x1
3 0x8000b340 (0x00001f17) x30 0x8000c340
core   0: 0xffffffff8000b344 (0xcc3f2023) sw      gp, -832(t5)
3 0x8000b344 (0xcc3f2023) mem 0x8000c000 0x00000001
core   0: 0xffffffff8000b348 (0xff9ff06f) j       pc - 0x8
3 0x8000b348 (0xff9ff06f)
core   0: 0xffffffff8000b340 (0x00001f17) auipc   t5, 0x1
3 0x8000b340 (0x00001f17) x30 0x8000c340
core   0: 0xffffffff8000b344 (0xcc3f2023) sw      gp, -832(t5)
3 0x8000b344 (0xcc3f2023) mem 0x8000c000 0x00000001
core   0: 0xffffffff8000b348 (0xff9ff06f) j       pc - 0x8
3 0x8000b348 (0xff9ff06f)
core   0: 0xffffffff8000b340 (0x00001f17) auipc   t5, 0x1
3 0x8000b340 (0x00001f17) x30 0x8000c340
core   0: 0xffffffff8000b344 (0xcc3f2023) sw      gp, -832(t5)
3 0x8000b344 (0xcc3f2023) mem 0x8000c000 0x00000001
core   0: 0xffffffff8000b348 (0xff9ff06f) j       pc - 0x8
3 0x8000b348 (0xff9ff06f)
core   0: 0xffffffff8000b340 (0x00001f17) auipc   t5, 0x1
3 0x8000b340 (0x00001f17) x30 0x8000c340
core   0: 0xffffffff8000b344 (0xcc3f2023) sw      gp, -832(t5)
3 0x8000b344 (0xcc3f2023) mem 0x8000c000 0x00000001
core   0: 0xffffffff8000b348 (0xff9ff06f) j       pc - 0x8
3 0x8000b348 (0xff9ff06f)
core   0: 0xffffffff8000b340 (0x00001f17) auipc   t5, 0x1
3 0x8000b340 (0x00001f17) x30 0x8000c340
core   0: 0xffffffff8000b344 (0xcc3f2023) sw      gp, -832(t5)
3 0x8000b344 (0xcc3f2023) mem 0x8000c000 0x00000001
core   0: 0xffffffff8000b348 (0xff9ff06f) j       pc - 0x8
3 0x8000b348 (0xff9ff06f)
core   0: 0xffffffff8000b340 (0x00001f17) auipc   t5, 0x1
3 0x8000b340 (0x00001f17) x30 0x8000c340
core   0: 0xffffffff8000b344 (0xcc3f2023) sw      gp, -832(t5)
3 0x8000b344 (0xcc3f2023) mem 0x8000c000 0x00000001
core   0: 0xffffffff8000b348 (0xff9ff06f) j       pc - 0x8
3 0x8000b348 (0xff9ff06f)
core   0: 0xffffffff8000b340 (0x00001f17) auipc   t5, 0x1
3 0x8000b340 (0x00001f17) x30 0x8000c340
core   0: 0xffffffff8000b344 (0xcc3f2023) sw      gp, -832(t5)
3 0x8000b344 (0xcc3f2023) mem 0x8000c000 0x00000001
core   0: 0xffffffff8000b348 (0xff9ff06f) j       pc - 0x8
3 0x8000b348 (0xff9ff06f)
core   0: 0xffffffff8000b340 (0x00001f17) auipc   t5, 0x1
3 0x8000b340 (0x00001f17) x30 0x8000c340
core   0: 0xffffffff8000b344 (0xcc3f2023) sw      gp, -832(t5)
3 0x8000b344 (0xcc3f2023) mem 0x8000c000 0x00000001
core   0: 0xffffffff8000b348 (0xff9ff06f) j       pc - 0x8
3 0x8000b348 (0xff9ff06f)
core   0: 0xffffffff8000b340 (0x00001f17) auipc   t5, 0x1
3 0x8000b340 (0x00001f17) x30 0x8000c340
core   0: 0xffffffff8000b344 (0xcc3f2023) sw      gp, -832(t5)
3 0x8000b344 (0xcc3f2023) mem 0x8000c000 0x00000001
core   0: 0xffffffff8000b348 (0xff9ff06f) j       pc - 0x8
3 0x8000b348 (0xff9ff06f)
core   0: 0xffffffff8000b340 (0x00001f17) auipc   t5, 0x1
3 0x8000b340 (0x00001f17) x30 0x8000c340
core   0: 0xffffffff8000b344 (0xcc3f2023) sw      gp, -832(t5)
3 0x8000b344 (0xcc3f2023) mem 0x8000c000 0x00000001
core   0: 0xffffffff8000b348 (0xff9ff06f) j       pc - 0x8
3 0x8000b348 (0xff9ff06f)
core   0: 0xffffffff8000b340 (0x00001f17) auipc   t5, 0x1
3 0x8000b340 (0x00001f17) x30 0x8000c340
core   0: 0xffffffff8000b344 (0xcc3f2023) sw      gp, -832(t5)
3 0x8000b344 (0xcc3f2023) mem 0x8000c000 0x00000001
core   0: 0xffffffff8000b348 (0xff9ff06f) j       pc - 0x8
3 0x8000b348 (0xff9ff06f)
core   0: 0xffffffff8000b340 (0x00001f17) auipc   t5, 0x1
3 0x8000b340 (0x00001f17) x30 0x8000c340
core   0: 0xffffffff8000b344 (0xcc3f2023) sw      gp, -832(t5)
3 0x8000b344 (0xcc3f2023) mem 0x8000c000 0x00000001
core   0: 0xffffffff8000b348 (0xff9ff06f) j       pc - 0x8
3 0x8000b348 (0xff9ff06f)
core   0: 0xffffffff8000b340 (0x00001f17) auipc   t5, 0x1
3 0x8000b340 (0x00001f17) x30 0x8000c340
core   0: 0xffffffff8000b344 (0xcc3f2023) sw      gp, -832(t5)
3 0x8000b344 (0xcc3f2023) mem 0x8000c000 0x00000001
core   0: 0xffffffff8000b348 (0xff9ff06f) j       pc - 0x8
3 0x8000b348 (0xff9ff06f)
core   0: 0xffffffff8000b340 (0x00001f17) auipc   t5, 0x1
3 0x8000b340 (0x00001f17) x30 0x8000c340
core   0: 0xffffffff8000b344 (0xcc3f2023) sw      gp, -832(t5)
3 0x8000b344 (0xcc3f2023) mem 0x8000c000 0x00000001
core   0: 0xffffffff8000b348 (0xff9ff06f) j       pc - 0x8
3 0x8000b348 (0xff9ff06f)
core   0: 0xffffffff8000b340 (0x00001f17) auipc   t5, 0x1
3 0x8000b340 (0x00001f17) x30 0x8000c340
core   0: 0xffffffff8000b344 (0xcc3f2023) sw      gp, -832(t5)
3 0x8000b344 (0xcc3f2023) mem 0x8000c000 0x00000001
core   0: 0xffffffff8000b348 (0xff9ff06f) j       pc - 0x8
3 0x8000b348 (0xff9ff06f)
core   0: 0xffffffff8000b340 (0x00001f17) auipc   t5, 0x1
3 0x8000b340 (0x00001f17) x30 0x8000c340
core   0: 0xffffffff8000b344 (0xcc3f2023) sw      gp, -832(t5)
3 0x8000b344 (0xcc3f2023) mem 0x8000c000 0x00000001
core   0: 0xffffffff8000b348 (0xff9ff06f) j       pc - 0x8
3 0x8000b348 (0xff9ff06f)
core   0: 0xffffffff8000b340 (0x00001f17) auipc   t5, 0x1
3 0x8000b340 (0x00001f17) x30 0x8000c340
core   0: 0xffffffff8000b344 (0xcc3f2023) sw      gp, -832(t5)
3 0x8000b344 (0xcc3f2023) mem 0x8000c000 0x00000001
core   0: 0xffffffff8000b348 (0xff9ff06f) j       pc - 0x8
3 0x8000b348 (0xff9ff06f)
core   0: 0xffffffff8000b340 (0x00001f17) auipc   t5, 0x1
3 0x8000b340 (0x00001f17) x30 0x8000c340
core   0: 0xffffffff8000b344 (0xcc3f2023) sw      gp, -832(t5)
3 0x8000b344 (0xcc3f2023) mem 0x8000c000 0x00000001
core   0: 0xffffffff8000b348 (0xff9ff06f) j       pc - 0x8
3 0x8000b348 (0xff9ff06f)
core   0: 0xffffffff8000b340 (0x00001f17) auipc   t5, 0x1
3 0x8000b340 (0x00001f17) x30 0x8000c340
core   0: 0xffffffff8000b344 (0xcc3f2023) sw      gp, -832(t5)
3 0x8000b344 (0xcc3f2023) mem 0x8000c000 0x00000001
core   0: 0xffffffff8000b348 (0xff9ff06f) j       pc - 0x8
3 0x8000b348 (0xff9ff06f)
core   0: 0xffffffff8000b340 (0x00001f17) auipc   t5, 0x1
3 0x8000b340 (0x00001f17) x30 0x8000c340
core   0: 0xffffffff8000b344 (0xcc3f2023) sw      gp, -832(t5)
3 0x8000b344 (0xcc3f2023) mem 0x8000c000 0x00000001
core   0: 0xffffffff8000b348 (0xff9ff06f) j       pc - 0x8
3 0x8000b348 (0xff9ff06f)
core   0: 0xffffffff8000b340 (0x00001f17) auipc   t5, 0x1
3 0x8000b340 (0x00001f17) x30 0x8000c340
core   0: 0xffffffff8000b344 (0xcc3f2023) sw      gp, -832(t5)
3 0x8000b344 (0xcc3f2023) mem 0x8000c000 0x00000001
core   0: 0xffffffff8000b348 (0xff9ff06f) j       pc - 0x8
3 0x8000b348 (0xff9ff06f)
core   0: 0xffffffff8000b340 (0x00001f17) auipc   t5, 0x1
3 0x8000b340 (0x00001f17) x30 0x8000c340
core   0: 0xffffffff8000b344 (0xcc3f2023) sw      gp, -832(t5)
3 0x8000b344 (0xcc3f2023) mem 0x8000c000 0x00000001
core   0: 0xffffffff8000b348 (0xff9ff06f) j       pc - 0x8
3 0x8000b348 (0xff9ff06f)
core   0: 0xffffffff8000b340 (0x00001f17) auipc   t5, 0x1
3 0x8000b340 (0x00001f17) x30 0x8000c340
core   0: 0xffffffff8000b344 (0xcc3f2023) sw      gp, -832(t5)
3 0x8000b344 (0xcc3f2023) mem 0x8000c000 0x00000001
core   0: 0xffffffff8000b348 (0xff9ff06f) j       pc - 0x8
3 0x8000b348 (0xff9ff06f)
core   0: 0xffffffff8000b340 (0x00001f17) auipc   t5, 0x1
3 0x8000b340 (0x00001f17) x30 0x8000c340
core   0: 0xffffffff8000b344 (0xcc3f2023) sw      gp, -832(t5)
3 0x8000b344 (0xcc3f2023) mem 0x8000c000 0x00000001
core   0: 0xffffffff8000b348 (0xff9ff06f) j       pc - 0x8
3 0x8000b348 (0xff9ff06f)
core   0: 0xffffffff8000b340 (0x00001f17) auipc   t5, 0x1
3 0x8000b340 (0x00001f17) x30 0x8000c340
core   0: 0xffffffff8000b344 (0xcc3f2023) sw      gp, -832(t5)
3 0x8000b344 (0xcc3f2023) mem 0x8000c000 0x00000001
core   0: 0xffffffff8000b348 (0xff9ff06f) j       pc - 0x8
3 0x8000b348 (0xff9ff06f)
core   0: 0xffffffff8000b340 (0x00001f17) auipc   t5, 0x1
3 0x8000b340 (0x00001f17) x30 0x8000c340
core   0: 0xffffffff8000b344 (0xcc3f2023) sw      gp, -832(t5)
3 0x8000b344 (0xcc3f2023) mem 0x8000c000 0x00000001
core   0: 0xffffffff8000b348 (0xff9ff06f) j       pc - 0x8
3 0x8000b348 (0xff9ff06f)
core   0: 0xffffffff8000b340 (0x00001f17) auipc   t5, 0x1
3 0x8000b340 (0x00001f17) x30 0x8000c340
core   0: 0xffffffff8000b344 (0xcc3f2023) sw      gp, -832(t5)
3 0x8000b344 (0xcc3f2023) mem 0x8000c000 0x00000001
core   0: 0xffffffff8000b348 (0xff9ff06f) j       pc - 0x8
3 0x8000b348 (0xff9ff06f)
core   0: 0xffffffff8000b340 (0x00001f17) auipc   t5, 0x1
3 0x8000b340 (0x00001f17) x30 0x8000c340
core   0: 0xffffffff8000b344 (0xcc3f2023) sw      gp, -832(t5)
3 0x8000b344 (0xcc3f2023) mem 0x8000c000 0x00000001
core   0: 0xffffffff8000b348 (0xff9ff06f) j       pc - 0x8
3 0x8000b348 (0xff9ff06f)
core   0: 0xffffffff8000b340 (0x00001f17) auipc   t5, 0x1
3 0x8000b340 (0x00001f17) x30 0x8000c340
core   0: 0xffffffff8000b344 (0xcc3f2023) sw      gp, -832(t5)
3 0x8000b344 (0xcc3f2023) mem 0x8000c000 0x00000001
core   0: 0xffffffff8000b348 (0xff9ff06f) j       pc - 0x8
3 0x8000b348 (0xff9ff06f)
core   0: 0xffffffff8000b340 (0x00001f17) auipc   t5, 0x1
3 0x8000b340 (0x00001f17) x30 0x8000c340
core   0: 0xffffffff8000b344 (0xcc3f2023) sw      gp, -832(t5)
3 0x8000b344 (0xcc3f2023) mem 0x8000c000 0x00000001
core   0: 0xffffffff8000b348 (0xff9ff06f) j       pc - 0x8
3 0x8000b348 (0xff9ff06f)
core   0: 0xffffffff8000b340 (0x00001f17) auipc   t5, 0x1
3 0x8000b340 (0x00001f17) x30 0x8000c340
core   0: 0xffffffff8000b344 (0xcc3f2023) sw      gp, -832(t5)
3 0x8000b344 (0xcc3f2023) mem 0x8000c000 0x00000001
core   0: 0xffffffff8000b348 (0xff9ff06f) j       pc - 0x8
3 0x8000b348 (0xff9ff06f)
core   0: 0xffffffff8000b340 (0x00001f17) auipc   t5, 0x1
3 0x8000b340 (0x00001f17) x30 0x8000c340
core   0: 0xffffffff8000b344 (0xcc3f2023) sw      gp, -832(t5)
3 0x8000b344 (0xcc3f2023) mem 0x8000c000 0x00000001
core   0: 0xffffffff8000b348 (0xff9ff06f) j       pc - 0x8
3 0x8000b348 (0xff9ff06f)
core   0: 0xffffffff8000b340 (0x00001f17) auipc   t5, 0x1
3 0x8000b340 (0x00001f17) x30 0x8000c340
core   0: 0xffffffff8000b344 (0xcc3f2023) sw      gp, -832(t5)
3 0x8000b344 (0xcc3f2023) mem 0x8000c000 0x00000001
core   0: 0xffffffff8000b348 (0xff9ff06f) j       pc - 0x8
3 0x8000b348 (0xff9ff06f)
core   0: 0xffffffff8000b340 (0x00001f17) auipc   t5, 0x1
3 0x8000b340 (0x00001f17) x30 0x8000c340
core   0: 0xffffffff8000b344 (0xcc3f2023) sw      gp, -832(t5)
3 0x8000b344 (0xcc3f2023) mem 0x8000c000 0x00000001
core   0: 0xffffffff8000b348 (0xff9ff06f) j       pc - 0x8
3 0x8000b348 (0xff9ff06f)
core   0: 0xffffffff8000b340 (0x00001f17) auipc   t5, 0x1
3 0x8000b340 (0x00001f17) x30 0x8000c340
core   0: 0xffffffff8000b344 (0xcc3f2023) sw      gp, -832(t5)
3 0x8000b344 (0xcc3f2023) mem 0x8000c000 0x00000001
core   0: 0xffffffff8000b348 (0xff9ff06f) j       pc - 0x8
3 0x8000b348 (0xff9ff06f)
core   0: 0xffffffff8000b340 (0x00001f17) auipc   t5, 0x1
3 0x8000b340 (0x00001f17) x30 0x8000c340
core   0: 0xffffffff8000b344 (0xcc3f2023) sw      gp, -832(t5)
3 0x8000b344 (0xcc3f2023) mem 0x8000c000 0x00000001
core   0: 0xffffffff8000b348 (0xff9ff06f) j       pc - 0x8
3 0x8000b348 (0xff9ff06f)
core   0: 0xffffffff8000b340 (0x00001f17) auipc   t5, 0x1
3 0x8000b340 (0x00001f17) x30 0x8000c340
core   0: 0xffffffff8000b344 (0xcc3f2023) sw      gp, -832(t5)
3 0x8000b344 (0xcc3f2023) mem 0x8000c000 0x00000001
core   0: 0xffffffff8000b348 (0xff9ff06f) j       pc - 0x8
3 0x8000b348 (0xff9ff06f)
core   0: 0xffffffff8000b340 (0x00001f17) auipc   t5, 0x1
3 0x8000b340 (0x00001f17) x30 0x8000c340
core   0: 0xffffffff8000b344 (0xcc3f2023) sw      gp, -832(t5)
3 0x8000b344 (0xcc3f2023) mem 0x8000c000 0x00000001
core   0: 0xffffffff8000b348 (0xff9ff06f) j       pc - 0x8
3 0x8000b348 (0xff9ff06f)
core   0: 0xffffffff8000b340 (0x00001f17) auipc   t5, 0x1
3 0x8000b340 (0x00001f17) x30 0x8000c340
core   0: 0xffffffff8000b344 (0xcc3f2023) sw      gp, -832(t5)
3 0x8000b344 (0xcc3f2023) mem 0x8000c000 0x00000001
core   0: 0xffffffff8000b348 (0xff9ff06f) j       pc - 0x8
3 0x8000b348 (0xff9ff06f)
core   0: 0xffffffff8000b340 (0x00001f17) auipc   t5, 0x1
3 0x8000b340 (0x00001f17) x30 0x8000c340
core   0: 0xffffffff8000b344 (0xcc3f2023) sw      gp, -832(t5)
3 0x8000b344 (0xcc3f2023) mem 0x8000c000 0x00000001
core   0: 0xffffffff8000b348 (0xff9ff06f) j       pc - 0x8
3 0x8000b348 (0xff9ff06f)
core   0: 0xffffffff8000b340 (0x00001f17) auipc   t5, 0x1
3 0x8000b340 (0x00001f17) x30 0x8000c340
core   0: 0xffffffff8000b344 (0xcc3f2023) sw      gp, -832(t5)
3 0x8000b344 (0xcc3f2023) mem 0x8000c000 0x00000001
core   0: 0xffffffff8000b348 (0xff9ff06f) j       pc - 0x8
3 0x8000b348 (0xff9ff06f)
core   0: 0xffffffff8000b340 (0x00001f17) auipc   t5, 0x1
3 0x8000b340 (0x00001f17) x30 0x8000c340
core   0: 0xffffffff8000b344 (0xcc3f2023) sw      gp, -832(t5)
3 0x8000b344 (0xcc3f2023) mem 0x8000c000 0x00000001
core   0: 0xffffffff8000b348 (0xff9ff06f) j       pc - 0x8
3 0x8000b348 (0xff9ff06f)
core   0: 0xffffffff8000b340 (0x00001f17) auipc   t5, 0x1
3 0x8000b340 (0x00001f17) x30 0x8000c340
core   0: 0xffffffff8000b344 (0xcc3f2023) sw      gp, -832(t5)
3 0x8000b344 (0xcc3f2023) mem 0x8000c000 0x00000001
core   0: 0xffffffff8000b348 (0xff9ff06f) j       pc - 0x8
3 0x8000b348 (0xff9ff06f)
core   0: 0xffffffff8000b340 (0x00001f17) auipc   t5, 0x1
3 0x8000b340 (0x00001f17) x30 0x8000c340
core   0: 0xffffffff8000b344 (0xcc3f2023) sw      gp, -832(t5)
3 0x8000b344 (0xcc3f2023) mem 0x8000c000 0x00000001
core   0: 0xffffffff8000b348 (0xff9ff06f) j       pc - 0x8
3 0x8000b348 (0xff9ff06f)
core   0: 0xffffffff8000b340 (0x00001f17) auipc   t5, 0x1
3 0x8000b340 (0x00001f17) x30 0x8000c340
core   0: 0xffffffff8000b344 (0xcc3f2023) sw      gp, -832(t5)
3 0x8000b344 (0xcc3f2023) mem 0x8000c000 0x00000001
core   0: 0xffffffff8000b348 (0xff9ff06f) j       pc - 0x8
3 0x8000b348 (0xff9ff06f)
core   0: 0xffffffff8000b340 (0x00001f17) auipc   t5, 0x1
3 0x8000b340 (0x00001f17) x30 0x8000c340
core   0: 0xffffffff8000b344 (0xcc3f2023) sw      gp, -832(t5)
3 0x8000b344 (0xcc3f2023) mem 0x8000c000 0x00000001
core   0: 0xffffffff8000b348 (0xff9ff06f) j       pc - 0x8
3 0x8000b348 (0xff9ff06f)
core   0: 0xffffffff8000b340 (0x00001f17) auipc   t5, 0x1
3 0x8000b340 (0x00001f17) x30 0x8000c340
core   0: 0xffffffff8000b344 (0xcc3f2023) sw      gp, -832(t5)
3 0x8000b344 (0xcc3f2023) mem 0x8000c000 0x00000001
core   0: 0xffffffff8000b348 (0xff9ff06f) j       pc - 0x8
3 0x8000b348 (0xff9ff06f)
core   0: 0xffffffff8000b340 (0x00001f17) auipc   t5, 0x1
3 0x8000b340 (0x00001f17) x30 0x8000c340
core   0: 0xffffffff8000b344 (0xcc3f2023) sw      gp, -832(t5)
3 0x8000b344 (0xcc3f2023) mem 0x8000c000 0x00000001
core   0: 0xffffffff8000b348 (0xff9ff06f) j       pc - 0x8
3 0x8000b348 (0xff9ff06f)
core   0: 0xffffffff8000b340 (0x00001f17) auipc   t5, 0x1
3 0x8000b340 (0x00001f17) x30 0x8000c340
core   0: 0xffffffff8000b344 (0xcc3f2023) sw      gp, -832(t5)
3 0x8000b344 (0xcc3f2023) mem 0x8000c000 0x00000001
core   0: 0xffffffff8000b348 (0xff9ff06f) j       pc - 0x8
3 0x8000b348 (0xff9ff06f)
core   0: 0xffffffff8000b340 (0x00001f17) auipc   t5, 0x1
3 0x8000b340 (0x00001f17) x30 0x8000c340
core   0: 0xffffffff8000b344 (0xcc3f2023) sw      gp, -832(t5)
3 0x8000b344 (0xcc3f2023) mem 0x8000c000 0x00000001
core   0: 0xffffffff8000b348 (0xff9ff06f) j       pc - 0x8
3 0x8000b348 (0xff9ff06f)
core   0: 0xffffffff8000b340 (0x00001f17) auipc   t5, 0x1
3 0x8000b340 (0x00001f17) x30 0x8000c340
core   0: 0xffffffff8000b344 (0xcc3f2023) sw      gp, -832(t5)
3 0x8000b344 (0xcc3f2023) mem 0x8000c000 0x00000001
core   0: 0xffffffff8000b348 (0xff9ff06f) j       pc - 0x8
3 0x8000b348 (0xff9ff06f)
core   0: 0xffffffff8000b340 (0x00001f17) auipc   t5, 0x1
3 0x8000b340 (0x00001f17) x30 0x8000c340
core   0: 0xffffffff8000b344 (0xcc3f2023) sw      gp, -832(t5)
3 0x8000b344 (0xcc3f2023) mem 0x8000c000 0x00000001
core   0: 0xffffffff8000b348 (0xff9ff06f) j       pc - 0x8
3 0x8000b348 (0xff9ff06f)
core   0: 0xffffffff8000b340 (0x00001f17) auipc   t5, 0x1
3 0x8000b340 (0x00001f17) x30 0x8000c340
core   0: 0xffffffff8000b344 (0xcc3f2023) sw      gp, -832(t5)
3 0x8000b344 (0xcc3f2023) mem 0x8000c000 0x00000001
core   0: 0xffffffff8000b348 (0xff9ff06f) j       pc - 0x8
3 0x8000b348 (0xff9ff06f)
core   0: 0xffffffff8000b340 (0x00001f17) auipc   t5, 0x1
3 0x8000b340 (0x00001f17) x30 0x8000c340
core   0: 0xffffffff8000b344 (0xcc3f2023) sw      gp, -832(t5)
3 0x8000b344 (0xcc3f2023) mem 0x8000c000 0x00000001
core   0: 0xffffffff8000b348 (0xff9ff06f) j       pc - 0x8
3 0x8000b348 (0xff9ff06f)
core   0: 0xffffffff8000b340 (0x00001f17) auipc   t5, 0x1
3 0x8000b340 (0x00001f17) x30 0x8000c340
core   0: 0xffffffff8000b344 (0xcc3f2023) sw      gp, -832(t5)
3 0x8000b344 (0xcc3f2023) mem 0x8000c000 0x00000001
core   0: 0xffffffff8000b348 (0xff9ff06f) j       pc - 0x8
3 0x8000b348 (0xff9ff06f)
core   0: 0xffffffff8000b340 (0x00001f17) auipc   t5, 0x1
3 0x8000b340 (0x00001f17) x30 0x8000c340
core   0: 0xffffffff8000b344 (0xcc3f2023) sw      gp, -832(t5)
3 0x8000b344 (0xcc3f2023) mem 0x8000c000 0x00000001
core   0: 0xffffffff8000b348 (0xff9ff06f) j       pc - 0x8
3 0x8000b348 (0xff9ff06f)
core   0: 0xffffffff8000b340 (0x00001f17) auipc   t5, 0x1
3 0x8000b340 (0x00001f17) x30 0x8000c340
core   0: 0xffffffff8000b344 (0xcc3f2023) sw      gp, -832(t5)
3 0x8000b344 (0xcc3f2023) mem 0x8000c000 0x00000001
core   0: 0xffffffff8000b348 (0xff9ff06f) j       pc - 0x8
3 0x8000b348 (0xff9ff06f)
core   0: 0xffffffff8000b340 (0x00001f17) auipc   t5, 0x1
3 0x8000b340 (0x00001f17) x30 0x8000c340
core   0: 0xffffffff8000b344 (0xcc3f2023) sw      gp, -832(t5)
3 0x8000b344 (0xcc3f2023) mem 0x8000c000 0x00000001
core   0: 0xffffffff8000b348 (0xff9ff06f) j       pc - 0x8
3 0x8000b348 (0xff9ff06f)
core   0: 0xffffffff8000b340 (0x00001f17) auipc   t5, 0x1
3 0x8000b340 (0x00001f17) x30 0x8000c340
core   0: 0xffffffff8000b344 (0xcc3f2023) sw      gp, -832(t5)
3 0x8000b344 (0xcc3f2023) mem 0x8000c000 0x00000001
core   0: 0xffffffff8000b348 (0xff9ff06f) j       pc - 0x8
3 0x8000b348 (0xff9ff06f)
core   0: 0xffffffff8000b340 (0x00001f17) auipc   t5, 0x1
3 0x8000b340 (0x00001f17) x30 0x8000c340
core   0: 0xffffffff8000b344 (0xcc3f2023) sw      gp, -832(t5)
3 0x8000b344 (0xcc3f2023) mem 0x8000c000 0x00000001
core   0: 0xffffffff8000b348 (0xff9ff06f) j       pc - 0x8
3 0x8000b348 (0xff9ff06f)
core   0: 0xffffffff8000b340 (0x00001f17) auipc   t5, 0x1
3 0x8000b340 (0x00001f17) x30 0x8000c340
core   0: 0xffffffff8000b344 (0xcc3f2023) sw      gp, -832(t5)
3 0x8000b344 (0xcc3f2023) mem 0x8000c000 0x00000001
core   0: 0xffffffff8000b348 (0xff9ff06f) j       pc - 0x8
3 0x8000b348 (0xff9ff06f)
core   0: 0xffffffff8000b340 (0x00001f17) auipc   t5, 0x1
3 0x8000b340 (0x00001f17) x30 0x8000c340
core   0: 0xffffffff8000b344 (0xcc3f2023) sw      gp, -832(t5)
3 0x8000b344 (0xcc3f2023) mem 0x8000c000 0x00000001
core   0: 0xffffffff8000b348 (0xff9ff06f) j       pc - 0x8
3 0x8000b348 (0xff9ff06f)
core   0: 0xffffffff8000b340 (0x00001f17) auipc   t5, 0x1
3 0x8000b340 (0x00001f17) x30 0x8000c340
core   0: 0xffffffff8000b344 (0xcc3f2023) sw      gp, -832(t5)
3 0x8000b344 (0xcc3f2023) mem 0x8000c000 0x00000001
core   0: 0xffffffff8000b348 (0xff9ff06f) j       pc - 0x8
3 0x8000b348 (0xff9ff06f)
core   0: 0xffffffff8000b340 (0x00001f17) auipc   t5, 0x1
3 0x8000b340 (0x00001f17) x30 0x8000c340
core   0: 0xffffffff8000b344 (0xcc3f2023) sw      gp, -832(t5)
3 0x8000b344 (0xcc3f2023) mem 0x8000c000 0x00000001
core   0: 0xffffffff8000b348 (0xff9ff06f) j       pc - 0x8
3 0x8000b348 (0xff9ff06f)
core   0: 0xffffffff8000b340 (0x00001f17) auipc   t5, 0x1
3 0x8000b340 (0x00001f17) x30 0x8000c340
core   0: 0xffffffff8000b344 (0xcc3f2023) sw      gp, -832(t5)
3 0x8000b344 (0xcc3f2023) mem 0x8000c000 0x00000001
core   0: 0xffffffff8000b348 (0xff9ff06f) j       pc - 0x8
3 0x8000b348 (0xff9ff06f)
core   0: 0xffffffff8000b340 (0x00001f17) auipc   t5, 0x1
3 0x8000b340 (0x00001f17) x30 0x8000c340
core   0: 0xffffffff8000b344 (0xcc3f2023) sw      gp, -832(t5)
3 0x8000b344 (0xcc3f2023) mem 0x8000c000 0x00000001
core   0: 0xffffffff8000b348 (0xff9ff06f) j       pc - 0x8
3 0x8000b348 (0xff9ff06f)
core   0: 0xffffffff8000b340 (0x00001f17) auipc   t5, 0x1
3 0x8000b340 (0x00001f17) x30 0x8000c340
core   0: 0xffffffff8000b344 (0xcc3f2023) sw      gp, -832(t5)
3 0x8000b344 (0xcc3f2023) mem 0x8000c000 0x00000001
core   0: 0xffffffff8000b348 (0xff9ff06f) j       pc - 0x8
3 0x8000b348 (0xff9ff06f)
core   0: 0xffffffff8000b340 (0x00001f17) auipc   t5, 0x1
3 0x8000b340 (0x00001f17) x30 0x8000c340
core   0: 0xffffffff8000b344 (0xcc3f2023) sw      gp, -832(t5)
3 0x8000b344 (0xcc3f2023) mem 0x8000c000 0x00000001
core   0: 0xffffffff8000b348 (0xff9ff06f) j       pc - 0x8
3 0x8000b348 (0xff9ff06f)
core   0: 0xffffffff8000b340 (0x00001f17) auipc   t5, 0x1
3 0x8000b340 (0x00001f17) x30 0x8000c340
core   0: 0xffffffff8000b344 (0xcc3f2023) sw      gp, -832(t5)
3 0x8000b344 (0xcc3f2023) mem 0x8000c000 0x00000001
core   0: 0xffffffff8000b348 (0xff9ff06f) j       pc - 0x8
3 0x8000b348 (0xff9ff06f)
core   0: 0xffffffff8000b340 (0x00001f17) auipc   t5, 0x1
3 0x8000b340 (0x00001f17) x30 0x8000c340
core   0: 0xffffffff8000b344 (0xcc3f2023) sw      gp, -832(t5)
3 0x8000b344 (0xcc3f2023) mem 0x8000c000 0x00000001
core   0: 0xffffffff8000b348 (0xff9ff06f) j       pc - 0x8
3 0x8000b348 (0xff9ff06f)
core   0: 0xffffffff8000b340 (0x00001f17) auipc   t5, 0x1
3 0x8000b340 (0x00001f17) x30 0x8000c340
core   0: 0xffffffff8000b344 (0xcc3f2023) sw      gp, -832(t5)
3 0x8000b344 (0xcc3f2023) mem 0x8000c000 0x00000001
core   0: 0xffffffff8000b348 (0xff9ff06f) j       pc - 0x8
3 0x8000b348 (0xff9ff06f)
core   0: 0xffffffff8000b340 (0x00001f17) auipc   t5, 0x1
3 0x8000b340 (0x00001f17) x30 0x8000c340
core   0: 0xffffffff8000b344 (0xcc3f2023) sw      gp, -832(t5)
3 0x8000b344 (0xcc3f2023) mem 0x8000c000 0x00000001
core   0: 0xffffffff8000b348 (0xff9ff06f) j       pc - 0x8
3 0x8000b348 (0xff9ff06f)
core   0: 0xffffffff8000b340 (0x00001f17) auipc   t5, 0x1
3 0x8000b340 (0x00001f17) x30 0x8000c340
core   0: 0xffffffff8000b344 (0xcc3f2023) sw      gp, -832(t5)
3 0x8000b344 (0xcc3f2023) mem 0x8000c000 0x00000001
core   0: 0xffffffff8000b348 (0xff9ff06f) j       pc - 0x8
3 0x8000b348 (0xff9ff06f)
core   0: 0xffffffff8000b340 (0x00001f17) auipc   t5, 0x1
3 0x8000b340 (0x00001f17) x30 0x8000c340
core   0: 0xffffffff8000b344 (0xcc3f2023) sw      gp, -832(t5)
3 0x8000b344 (0xcc3f2023) mem 0x8000c000 0x00000001
core   0: 0xffffffff8000b348 (0xff9ff06f) j       pc - 0x8
3 0x8000b348 (0xff9ff06f)
core   0: 0xffffffff8000b340 (0x00001f17) auipc   t5, 0x1
3 0x8000b340 (0x00001f17) x30 0x8000c340
core   0: 0xffffffff8000b344 (0xcc3f2023) sw      gp, -832(t5)
3 0x8000b344 (0xcc3f2023) mem 0x8000c000 0x00000001
core   0: 0xffffffff8000b348 (0xff9ff06f) j       pc - 0x8
3 0x8000b348 (0xff9ff06f)
core   0: 0xffffffff8000b340 (0x00001f17) auipc   t5, 0x1
3 0x8000b340 (0x00001f17) x30 0x8000c340
core   0: 0xffffffff8000b344 (0xcc3f2023) sw      gp, -832(t5)
3 0x8000b344 (0xcc3f2023) mem 0x8000c000 0x00000001
core   0: 0xffffffff8000b348 (0xff9ff06f) j       pc - 0x8
3 0x8000b348 (0xff9ff06f)
core   0: 0xffffffff8000b340 (0x00001f17) auipc   t5, 0x1
3 0x8000b340 (0x00001f17) x30 0x8000c340
core   0: 0xffffffff8000b344 (0xcc3f2023) sw      gp, -832(t5)
3 0x8000b344 (0xcc3f2023) mem 0x8000c000 0x00000001
core   0: 0xffffffff8000b348 (0xff9ff06f) j       pc - 0x8
3 0x8000b348 (0xff9ff06f)
core   0: 0xffffffff8000b340 (0x00001f17) auipc   t5, 0x1
3 0x8000b340 (0x00001f17) x30 0x8000c340
core   0: 0xffffffff8000b344 (0xcc3f2023) sw      gp, -832(t5)
3 0x8000b344 (0xcc3f2023) mem 0x8000c000 0x00000001
core   0: 0xffffffff8000b348 (0xff9ff06f) j       pc - 0x8
3 0x8000b348 (0xff9ff06f)
core   0: 0xffffffff8000b340 (0x00001f17) auipc   t5, 0x1
3 0x8000b340 (0x00001f17) x30 0x8000c340
core   0: 0xffffffff8000b344 (0xcc3f2023) sw      gp, -832(t5)
3 0x8000b344 (0xcc3f2023) mem 0x8000c000 0x00000001
core   0: 0xffffffff8000b348 (0xff9ff06f) j       pc - 0x8
3 0x8000b348 (0xff9ff06f)
core   0: 0xffffffff8000b340 (0x00001f17) auipc   t5, 0x1
3 0x8000b340 (0x00001f17) x30 0x8000c340
core   0: 0xffffffff8000b344 (0xcc3f2023) sw      gp, -832(t5)
3 0x8000b344 (0xcc3f2023) mem 0x8000c000 0x00000001
core   0: 0xffffffff8000b348 (0xff9ff06f) j       pc - 0x8
3 0x8000b348 (0xff9ff06f)
core   0: 0xffffffff8000b340 (0x00001f17) auipc   t5, 0x1
3 0x8000b340 (0x00001f17) x30 0x8000c340
core   0: 0xffffffff8000b344 (0xcc3f2023) sw      gp, -832(t5)
3 0x8000b344 (0xcc3f2023) mem 0x8000c000 0x00000001
core   0: 0xffffffff8000b348 (0xff9ff06f) j       pc - 0x8
3 0x8000b348 (0xff9ff06f)
core   0: 0xffffffff8000b340 (0x00001f17) auipc   t5, 0x1
3 0x8000b340 (0x00001f17) x30 0x8000c340
core   0: 0xffffffff8000b344 (0xcc3f2023) sw      gp, -832(t5)
3 0x8000b344 (0xcc3f2023) mem 0x8000c000 0x00000001
core   0: 0xffffffff8000b348 (0xff9ff06f) j       pc - 0x8
3 0x8000b348 (0xff9ff06f)
core   0: 0xffffffff8000b340 (0x00001f17) auipc   t5, 0x1
3 0x8000b340 (0x00001f17) x30 0x8000c340
core   0: 0xffffffff8000b344 (0xcc3f2023) sw      gp, -832(t5)
3 0x8000b344 (0xcc3f2023) mem 0x8000c000 0x00000001
core   0: 0xffffffff8000b348 (0xff9ff06f) j       pc - 0x8
3 0x8000b348 (0xff9ff06f)
core   0: 0xffffffff8000b340 (0x00001f17) auipc   t5, 0x1
3 0x8000b340 (0x00001f17) x30 0x8000c340
core   0: 0xffffffff8000b344 (0xcc3f2023) sw      gp, -832(t5)
3 0x8000b344 (0xcc3f2023) mem 0x8000c000 0x00000001
core   0: 0xffffffff8000b348 (0xff9ff06f) j       pc - 0x8
3 0x8000b348 (0xff9ff06f)
core   0: 0xffffffff8000b340 (0x00001f17) auipc   t5, 0x1
3 0x8000b340 (0x00001f17) x30 0x8000c340
core   0: 0xffffffff8000b344 (0xcc3f2023) sw      gp, -832(t5)
3 0x8000b344 (0xcc3f2023) mem 0x8000c000 0x00000001
core   0: 0xffffffff8000b348 (0xff9ff06f) j       pc - 0x8
3 0x8000b348 (0xff9ff06f)
core   0: 0xffffffff8000b340 (0x00001f17) auipc   t5, 0x1
3 0x8000b340 (0x00001f17) x30 0x8000c340
core   0: 0xffffffff8000b344 (0xcc3f2023) sw      gp, -832(t5)
3 0x8000b344 (0xcc3f2023) mem 0x8000c000 0x00000001
core   0: 0xffffffff8000b348 (0xff9ff06f) j       pc - 0x8
3 0x8000b348 (0xff9ff06f)
core   0: 0xffffffff8000b340 (0x00001f17) auipc   t5, 0x1
3 0x8000b340 (0x00001f17) x30 0x8000c340
core   0: 0xffffffff8000b344 (0xcc3f2023) sw      gp, -832(t5)
3 0x8000b344 (0xcc3f2023) mem 0x8000c000 0x00000001
core   0: 0xffffffff8000b348 (0xff9ff06f) j       pc - 0x8
3 0x8000b348 (0xff9ff06f)
core   0: 0xffffffff8000b340 (0x00001f17) auipc   t5, 0x1
3 0x8000b340 (0x00001f17) x30 0x8000c340
core   0: 0xffffffff8000b344 (0xcc3f2023) sw      gp, -832(t5)
3 0x8000b344 (0xcc3f2023) mem 0x8000c000 0x00000001
core   0: 0xffffffff8000b348 (0xff9ff06f) j       pc - 0x8
3 0x8000b348 (0xff9ff06f)
core   0: 0xffffffff8000b340 (0x00001f17) auipc   t5, 0x1
3 0x8000b340 (0x00001f17) x30 0x8000c340
core   0: 0xffffffff8000b344 (0xcc3f2023) sw      gp, -832(t5)
3 0x8000b344 (0xcc3f2023) mem 0x8000c000 0x00000001
core   0: 0xffffffff8000b348 (0xff9ff06f) j       pc - 0x8
3 0x8000b348 (0xff9ff06f)
core   0: 0xffffffff8000b340 (0x00001f17) auipc   t5, 0x1
3 0x8000b340 (0x00001f17) x30 0x8000c340
core   0: 0xffffffff8000b344 (0xcc3f2023) sw      gp, -832(t5)
3 0x8000b344 (0xcc3f2023) mem 0x8000c000 0x00000001
core   0: 0xffffffff8000b348 (0xff9ff06f) j       pc - 0x8
3 0x8000b348 (0xff9ff06f)
core   0: 0xffffffff8000b340 (0x00001f17) auipc   t5, 0x1
3 0x8000b340 (0x00001f17) x30 0x8000c340
core   0: 0xffffffff8000b344 (0xcc3f2023) sw      gp, -832(t5)
3 0x8000b344 (0xcc3f2023) mem 0x8000c000 0x00000001
core   0: 0xffffffff8000b348 (0xff9ff06f) j       pc - 0x8
3 0x8000b348 (0xff9ff06f)
core   0: 0xffffffff8000b340 (0x00001f17) auipc   t5, 0x1
3 0x8000b340 (0x00001f17) x30 0x8000c340
core   0: 0xffffffff8000b344 (0xcc3f2023) sw      gp, -832(t5)
3 0x8000b344 (0xcc3f2023) mem 0x8000c000 0x00000001
core   0: 0xffffffff8000b348 (0xff9ff06f) j       pc - 0x8
3 0x8000b348 (0xff9ff06f)
core   0: 0xffffffff8000b340 (0x00001f17) auipc   t5, 0x1
3 0x8000b340 (0x00001f17) x30 0x8000c340
core   0: 0xffffffff8000b344 (0xcc3f2023) sw      gp, -832(t5)
3 0x8000b344 (0xcc3f2023) mem 0x8000c000 0x00000001
core   0: 0xffffffff8000b348 (0xff9ff06f) j       pc - 0x8
3 0x8000b348 (0xff9ff06f)
core   0: 0xffffffff8000b340 (0x00001f17) auipc   t5, 0x1
3 0x8000b340 (0x00001f17) x30 0x8000c340
core   0: 0xffffffff8000b344 (0xcc3f2023) sw      gp, -832(t5)
3 0x8000b344 (0xcc3f2023) mem 0x8000c000 0x00000001
core   0: 0xffffffff8000b348 (0xff9ff06f) j       pc - 0x8
3 0x8000b348 (0xff9ff06f)
core   0: 0xffffffff8000b340 (0x00001f17) auipc   t5, 0x1
3 0x8000b340 (0x00001f17) x30 0x8000c340
core   0: 0xffffffff8000b344 (0xcc3f2023) sw      gp, -832(t5)
3 0x8000b344 (0xcc3f2023) mem 0x8000c000 0x00000001
core   0: 0xffffffff8000b348 (0xff9ff06f) j       pc - 0x8
3 0x8000b348 (0xff9ff06f)
core   0: 0xffffffff8000b340 (0x00001f17) auipc   t5, 0x1
3 0x8000b340 (0x00001f17) x30 0x8000c340
core   0: 0xffffffff8000b344 (0xcc3f2023) sw      gp, -832(t5)
3 0x8000b344 (0xcc3f2023) mem 0x8000c000 0x00000001
core   0: 0xffffffff8000b348 (0xff9ff06f) j       pc - 0x8
3 0x8000b348 (0xff9ff06f)
core   0: 0xffffffff8000b340 (0x00001f17) auipc   t5, 0x1
3 0x8000b340 (0x00001f17) x30 0x8000c340
core   0: 0xffffffff8000b344 (0xcc3f2023) sw      gp, -832(t5)
3 0x8000b344 (0xcc3f2023) mem 0x8000c000 0x00000001
core   0: 0xffffffff8000b348 (0xff9ff06f) j       pc - 0x8
3 0x8000b348 (0xff9ff06f)
core   0: 0xffffffff8000b340 (0x00001f17) auipc   t5, 0x1
3 0x8000b340 (0x00001f17) x30 0x8000c340
core   0: 0xffffffff8000b344 (0xcc3f2023) sw      gp, -832(t5)
3 0x8000b344 (0xcc3f2023) mem 0x8000c000 0x00000001
core   0: 0xffffffff8000b348 (0xff9ff06f) j       pc - 0x8
3 0x8000b348 (0xff9ff06f)
core   0: 0xffffffff8000b340 (0x00001f17) auipc   t5, 0x1
3 0x8000b340 (0x00001f17) x30 0x8000c340
core   0: 0xffffffff8000b344 (0xcc3f2023) sw      gp, -832(t5)
3 0x8000b344 (0xcc3f2023) mem 0x8000c000 0x00000001
core   0: 0xffffffff8000b348 (0xff9ff06f) j       pc - 0x8
3 0x8000b348 (0xff9ff06f)
core   0: 0xffffffff8000b340 (0x00001f17) auipc   t5, 0x1
3 0x8000b340 (0x00001f17) x30 0x8000c340
core   0: 0xffffffff8000b344 (0xcc3f2023) sw      gp, -832(t5)
3 0x8000b344 (0xcc3f2023) mem 0x8000c000 0x00000001
core   0: 0xffffffff8000b348 (0xff9ff06f) j       pc - 0x8
3 0x8000b348 (0xff9ff06f)
core   0: 0xffffffff8000b340 (0x00001f17) auipc   t5, 0x1
3 0x8000b340 (0x00001f17) x30 0x8000c340
core   0: 0xffffffff8000b344 (0xcc3f2023) sw      gp, -832(t5)
3 0x8000b344 (0xcc3f2023) mem 0x8000c000 0x00000001
core   0: 0xffffffff8000b348 (0xff9ff06f) j       pc - 0x8
3 0x8000b348 (0xff9ff06f)
core   0: 0xffffffff8000b340 (0x00001f17) auipc   t5, 0x1
3 0x8000b340 (0x00001f17) x30 0x8000c340
core   0: 0xffffffff8000b344 (0xcc3f2023) sw      gp, -832(t5)
3 0x8000b344 (0xcc3f2023) mem 0x8000c000 0x00000001
core   0: 0xffffffff8000b348 (0xff9ff06f) j       pc - 0x8
3 0x8000b348 (0xff9ff06f)
core   0: 0xffffffff8000b340 (0x00001f17) auipc   t5, 0x1
3 0x8000b340 (0x00001f17) x30 0x8000c340
core   0: 0xffffffff8000b344 (0xcc3f2023) sw      gp, -832(t5)
3 0x8000b344 (0xcc3f2023) mem 0x8000c000 0x00000001
core   0: 0xffffffff8000b348 (0xff9ff06f) j       pc - 0x8
3 0x8000b348 (0xff9ff06f)
core   0: 0xffffffff8000b340 (0x00001f17) auipc   t5, 0x1
3 0x8000b340 (0x00001f17) x30 0x8000c340
core   0: 0xffffffff8000b344 (0xcc3f2023) sw      gp, -832(t5)
3 0x8000b344 (0xcc3f2023) mem 0x8000c000 0x00000001
core   0: 0xffffffff8000b348 (0xff9ff06f) j       pc - 0x8
3 0x8000b348 (0xff9ff06f)
core   0: 0xffffffff8000b340 (0x00001f17) auipc   t5, 0x1
3 0x8000b340 (0x00001f17) x30 0x8000c340
core   0: 0xffffffff8000b344 (0xcc3f2023) sw      gp, -832(t5)
3 0x8000b344 (0xcc3f2023) mem 0x8000c000 0x00000001
core   0: 0xffffffff8000b348 (0xff9ff06f) j       pc - 0x8
3 0x8000b348 (0xff9ff06f)
core   0: 0xffffffff8000b340 (0x00001f17) auipc   t5, 0x1
3 0x8000b340 (0x00001f17) x30 0x8000c340
core   0: 0xffffffff8000b344 (0xcc3f2023) sw      gp, -832(t5)
3 0x8000b344 (0xcc3f2023) mem 0x8000c000 0x00000001
core   0: 0xffffffff8000b348 (0xff9ff06f) j       pc - 0x8
3 0x8000b348 (0xff9ff06f)
core   0: 0xffffffff8000b340 (0x00001f17) auipc   t5, 0x1
3 0x8000b340 (0x00001f17) x30 0x8000c340
core   0: 0xffffffff8000b344 (0xcc3f2023) sw      gp, -832(t5)
3 0x8000b344 (0xcc3f2023) mem 0x8000c000 0x00000001
core   0: 0xffffffff8000b348 (0xff9ff06f) j       pc - 0x8
3 0x8000b348 (0xff9ff06f)
core   0: 0xffffffff8000b340 (0x00001f17) auipc   t5, 0x1
3 0x8000b340 (0x00001f17) x30 0x8000c340
core   0: 0xffffffff8000b344 (0xcc3f2023) sw      gp, -832(t5)
3 0x8000b344 (0xcc3f2023) mem 0x8000c000 0x00000001
core   0: 0xffffffff8000b348 (0xff9ff06f) j       pc - 0x8
3 0x8000b348 (0xff9ff06f)
core   0: 0xffffffff8000b340 (0x00001f17) auipc   t5, 0x1
3 0x8000b340 (0x00001f17) x30 0x8000c340
core   0: 0xffffffff8000b344 (0xcc3f2023) sw      gp, -832(t5)
3 0x8000b344 (0xcc3f2023) mem 0x8000c000 0x00000001
core   0: 0xffffffff8000b348 (0xff9ff06f) j       pc - 0x8
3 0x8000b348 (0xff9ff06f)
core   0: 0xffffffff8000b340 (0x00001f17) auipc   t5, 0x1
3 0x8000b340 (0x00001f17) x30 0x8000c340
core   0: 0xffffffff8000b344 (0xcc3f2023) sw      gp, -832(t5)
3 0x8000b344 (0xcc3f2023) mem 0x8000c000 0x00000001
core   0: 0xffffffff8000b348 (0xff9ff06f) j       pc - 0x8
3 0x8000b348 (0xff9ff06f)
core   0: 0xffffffff8000b340 (0x00001f17) auipc   t5, 0x1
3 0x8000b340 (0x00001f17) x30 0x8000c340
core   0: 0xffffffff8000b344 (0xcc3f2023) sw      gp, -832(t5)
3 0x8000b344 (0xcc3f2023) mem 0x8000c000 0x00000001
core   0: 0xffffffff8000b348 (0xff9ff06f) j       pc - 0x8
3 0x8000b348 (0xff9ff06f)
core   0: 0xffffffff8000b340 (0x00001f17) auipc   t5, 0x1
3 0x8000b340 (0x00001f17) x30 0x8000c340
core   0: 0xffffffff8000b344 (0xcc3f2023) sw      gp, -832(t5)
3 0x8000b344 (0xcc3f2023) mem 0x8000c000 0x00000001
core   0: 0xffffffff8000b348 (0xff9ff06f) j       pc - 0x8
3 0x8000b348 (0xff9ff06f)
core   0: 0xffffffff8000b340 (0x00001f17) auipc   t5, 0x1
3 0x8000b340 (0x00001f17) x30 0x8000c340
core   0: 0xffffffff8000b344 (0xcc3f2023) sw      gp, -832(t5)
3 0x8000b344 (0xcc3f2023) mem 0x8000c000 0x00000001
core   0: 0xffffffff8000b348 (0xff9ff06f) j       pc - 0x8
3 0x8000b348 (0xff9ff06f)
core   0: 0xffffffff8000b340 (0x00001f17) auipc   t5, 0x1
3 0x8000b340 (0x00001f17) x30 0x8000c340
core   0: 0xffffffff8000b344 (0xcc3f2023) sw      gp, -832(t5)
3 0x8000b344 (0xcc3f2023) mem 0x8000c000 0x00000001
core   0: 0xffffffff8000b348 (0xff9ff06f) j       pc - 0x8
3 0x8000b348 (0xff9ff06f)
core   0: 0xffffffff8000b340 (0x00001f17) auipc   t5, 0x1
3 0x8000b340 (0x00001f17) x30 0x8000c340
core   0: 0xffffffff8000b344 (0xcc3f2023) sw      gp, -832(t5)
3 0x8000b344 (0xcc3f2023) mem 0x8000c000 0x00000001
core   0: 0xffffffff8000b348 (0xff9ff06f) j       pc - 0x8
3 0x8000b348 (0xff9ff06f)
core   0: 0xffffffff8000b340 (0x00001f17) auipc   t5, 0x1
3 0x8000b340 (0x00001f17) x30 0x8000c340
core   0: 0xffffffff8000b344 (0xcc3f2023) sw      gp, -832(t5)
3 0x8000b344 (0xcc3f2023) mem 0x8000c000 0x00000001
core   0: 0xffffffff8000b348 (0xff9ff06f) j       pc - 0x8
3 0x8000b348 (0xff9ff06f)
core   0: 0xffffffff8000b340 (0x00001f17) auipc   t5, 0x1
3 0x8000b340 (0x00001f17) x30 0x8000c340
core   0: 0xffffffff8000b344 (0xcc3f2023) sw      gp, -832(t5)
3 0x8000b344 (0xcc3f2023) mem 0x8000c000 0x00000001
core   0: 0xffffffff8000b348 (0xff9ff06f) j       pc - 0x8
3 0x8000b348 (0xff9ff06f)
core   0: 0xffffffff8000b340 (0x00001f17) auipc   t5, 0x1
3 0x8000b340 (0x00001f17) x30 0x8000c340
core   0: 0xffffffff8000b344 (0xcc3f2023) sw      gp, -832(t5)
3 0x8000b344 (0xcc3f2023) mem 0x8000c000 0x00000001
core   0: 0xffffffff8000b348 (0xff9ff06f) j       pc - 0x8
3 0x8000b348 (0xff9ff06f)
core   0: 0xffffffff8000b340 (0x00001f17) auipc   t5, 0x1
3 0x8000b340 (0x00001f17) x30 0x8000c340
core   0: 0xffffffff8000b344 (0xcc3f2023) sw      gp, -832(t5)
3 0x8000b344 (0xcc3f2023) mem 0x8000c000 0x00000001
core   0: 0xffffffff8000b348 (0xff9ff06f) j       pc - 0x8
3 0x8000b348 (0xff9ff06f)
core   0: 0xffffffff8000b340 (0x00001f17) auipc   t5, 0x1
3 0x8000b340 (0x00001f17) x30 0x8000c340
core   0: 0xffffffff8000b344 (0xcc3f2023) sw      gp, -832(t5)
3 0x8000b344 (0xcc3f2023) mem 0x8000c000 0x00000001
core   0: 0xffffffff8000b348 (0xff9ff06f) j       pc - 0x8
3 0x8000b348 (0xff9ff06f)
core   0: 0xffffffff8000b340 (0x00001f17) auipc   t5, 0x1
3 0x8000b340 (0x00001f17) x30 0x8000c340
core   0: 0xffffffff8000b344 (0xcc3f2023) sw      gp, -832(t5)
3 0x8000b344 (0xcc3f2023) mem 0x8000c000 0x00000001
core   0: 0xffffffff8000b348 (0xff9ff06f) j       pc - 0x8
3 0x8000b348 (0xff9ff06f)
core   0: 0xffffffff8000b340 (0x00001f17) auipc   t5, 0x1
3 0x8000b340 (0x00001f17) x30 0x8000c340
core   0: 0xffffffff8000b344 (0xcc3f2023) sw      gp, -832(t5)
3 0x8000b344 (0xcc3f2023) mem 0x8000c000 0x00000001
core   0: 0xffffffff8000b348 (0xff9ff06f) j       pc - 0x8
3 0x8000b348 (0xff9ff06f)
core   0: 0xffffffff8000b340 (0x00001f17) auipc   t5, 0x1
3 0x8000b340 (0x00001f17) x30 0x8000c340
core   0: 0xffffffff8000b344 (0xcc3f2023) sw      gp, -832(t5)
3 0x8000b344 (0xcc3f2023) mem 0x8000c000 0x00000001
core   0: 0xffffffff8000b348 (0xff9ff06f) j       pc - 0x8
3 0x8000b348 (0xff9ff06f)
core   0: 0xffffffff8000b340 (0x00001f17) auipc   t5, 0x1
3 0x8000b340 (0x00001f17) x30 0x8000c340
core   0: 0xffffffff8000b344 (0xcc3f2023) sw      gp, -832(t5)
3 0x8000b344 (0xcc3f2023) mem 0x8000c000 0x00000001
core   0: 0xffffffff8000b348 (0xff9ff06f) j       pc - 0x8
3 0x8000b348 (0xff9ff06f)
core   0: 0xffffffff8000b340 (0x00001f17) auipc   t5, 0x1
3 0x8000b340 (0x00001f17) x30 0x8000c340
core   0: 0xffffffff8000b344 (0xcc3f2023) sw      gp, -832(t5)
3 0x8000b344 (0xcc3f2023) mem 0x8000c000 0x00000001
core   0: 0xffffffff8000b348 (0xff9ff06f) j       pc - 0x8
3 0x8000b348 (0xff9ff06f)
core   0: 0xffffffff8000b340 (0x00001f17) auipc   t5, 0x1
3 0x8000b340 (0x00001f17) x30 0x8000c340
core   0: 0xffffffff8000b344 (0xcc3f2023) sw      gp, -832(t5)
3 0x8000b344 (0xcc3f2023) mem 0x8000c000 0x00000001
core   0: 0xffffffff8000b348 (0xff9ff06f) j       pc - 0x8
3 0x8000b348 (0xff9ff06f)
core   0: 0xffffffff8000b340 (0x00001f17) auipc   t5, 0x1
3 0x8000b340 (0x00001f17) x30 0x8000c340
core   0: 0xffffffff8000b344 (0xcc3f2023) sw      gp, -832(t5)
3 0x8000b344 (0xcc3f2023) mem 0x8000c000 0x00000001
core   0: 0xffffffff8000b348 (0xff9ff06f) j       pc - 0x8
3 0x8000b348 (0xff9ff06f)
core   0: 0xffffffff8000b340 (0x00001f17) auipc   t5, 0x1
3 0x8000b340 (0x00001f17) x30 0x8000c340
core   0: 0xffffffff8000b344 (0xcc3f2023) sw      gp, -832(t5)
3 0x8000b344 (0xcc3f2023) mem 0x8000c000 0x00000001
core   0: 0xffffffff8000b348 (0xff9ff06f) j       pc - 0x8
3 0x8000b348 (0xff9ff06f)
core   0: 0xffffffff8000b340 (0x00001f17) auipc   t5, 0x1
3 0x8000b340 (0x00001f17) x30 0x8000c340
core   0: 0xffffffff8000b344 (0xcc3f2023) sw      gp, -832(t5)
3 0x8000b344 (0xcc3f2023) mem 0x8000c000 0x00000001
core   0: 0xffffffff8000b348 (0xff9ff06f) j       pc - 0x8
3 0x8000b348 (0xff9ff06f)
core   0: 0xffffffff8000b340 (0x00001f17) auipc   t5, 0x1
3 0x8000b340 (0x00001f17) x30 0x8000c340
core   0: 0xffffffff8000b344 (0xcc3f2023) sw      gp, -832(t5)
3 0x8000b344 (0xcc3f2023) mem 0x8000c000 0x00000001
core   0: 0xffffffff8000b348 (0xff9ff06f) j       pc - 0x8
3 0x8000b348 (0xff9ff06f)
core   0: 0xffffffff8000b340 (0x00001f17) auipc   t5, 0x1
3 0x8000b340 (0x00001f17) x30 0x8000c340
core   0: 0xffffffff8000b344 (0xcc3f2023) sw      gp, -832(t5)
3 0x8000b344 (0xcc3f2023) mem 0x8000c000 0x00000001
core   0: 0xffffffff8000b348 (0xff9ff06f) j       pc - 0x8
3 0x8000b348 (0xff9ff06f)
core   0: 0xffffffff8000b340 (0x00001f17) auipc   t5, 0x1
3 0x8000b340 (0x00001f17) x30 0x8000c340
core   0: 0xffffffff8000b344 (0xcc3f2023) sw      gp, -832(t5)
3 0x8000b344 (0xcc3f2023) mem 0x8000c000 0x00000001
core   0: 0xffffffff8000b348 (0xff9ff06f) j       pc - 0x8
3 0x8000b348 (0xff9ff06f)
core   0: 0xffffffff8000b340 (0x00001f17) auipc   t5, 0x1
3 0x8000b340 (0x00001f17) x30 0x8000c340
core   0: 0xffffffff8000b344 (0xcc3f2023) sw      gp, -832(t5)
3 0x8000b344 (0xcc3f2023) mem 0x8000c000 0x00000001
core   0: 0xffffffff8000b348 (0xff9ff06f) j       pc - 0x8
3 0x8000b348 (0xff9ff06f)
core   0: 0xffffffff8000b340 (0x00001f17) auipc   t5, 0x1
3 0x8000b340 (0x00001f17) x30 0x8000c340
core   0: 0xffffffff8000b344 (0xcc3f2023) sw      gp, -832(t5)
3 0x8000b344 (0xcc3f2023) mem 0x8000c000 0x00000001
core   0: 0xffffffff8000b348 (0xff9ff06f) j       pc - 0x8
3 0x8000b348 (0xff9ff06f)
core   0: 0xffffffff8000b340 (0x00001f17) auipc   t5, 0x1
3 0x8000b340 (0x00001f17) x30 0x8000c340
core   0: 0xffffffff8000b344 (0xcc3f2023) sw      gp, -832(t5)
3 0x8000b344 (0xcc3f2023) mem 0x8000c000 0x00000001
core   0: 0xffffffff8000b348 (0xff9ff06f) j       pc - 0x8
3 0x8000b348 (0xff9ff06f)
core   0: 0xffffffff8000b340 (0x00001f17) auipc   t5, 0x1
3 0x8000b340 (0x00001f17) x30 0x8000c340
core   0: 0xffffffff8000b344 (0xcc3f2023) sw      gp, -832(t5)
3 0x8000b344 (0xcc3f2023) mem 0x8000c000 0x00000001
core   0: 0xffffffff8000b348 (0xff9ff06f) j       pc - 0x8
3 0x8000b348 (0xff9ff06f)
core   0: 0xffffffff8000b340 (0x00001f17) auipc   t5, 0x1
3 0x8000b340 (0x00001f17) x30 0x8000c340
core   0: 0xffffffff8000b344 (0xcc3f2023) sw      gp, -832(t5)
3 0x8000b344 (0xcc3f2023) mem 0x8000c000 0x00000001
core   0: 0xffffffff8000b348 (0xff9ff06f) j       pc - 0x8
3 0x8000b348 (0xff9ff06f)
core   0: 0xffffffff8000b340 (0x00001f17) auipc   t5, 0x1
3 0x8000b340 (0x00001f17) x30 0x8000c340
core   0: 0xffffffff8000b344 (0xcc3f2023) sw      gp, -832(t5)
3 0x8000b344 (0xcc3f2023) mem 0x8000c000 0x00000001
core   0: 0xffffffff8000b348 (0xff9ff06f) j       pc - 0x8
3 0x8000b348 (0xff9ff06f)
core   0: 0xffffffff8000b340 (0x00001f17) auipc   t5, 0x1
3 0x8000b340 (0x00001f17) x30 0x8000c340
core   0: 0xffffffff8000b344 (0xcc3f2023) sw      gp, -832(t5)
3 0x8000b344 (0xcc3f2023) mem 0x8000c000 0x00000001
core   0: 0xffffffff8000b348 (0xff9ff06f) j       pc - 0x8
3 0x8000b348 (0xff9ff06f)
core   0: 0xffffffff8000b340 (0x00001f17) auipc   t5, 0x1
3 0x8000b340 (0x00001f17) x30 0x8000c340
core   0: 0xffffffff8000b344 (0xcc3f2023) sw      gp, -832(t5)
3 0x8000b344 (0xcc3f2023) mem 0x8000c000 0x00000001
core   0: 0xffffffff8000b348 (0xff9ff06f) j       pc - 0x8
3 0x8000b348 (0xff9ff06f)
core   0: 0xffffffff8000b340 (0x00001f17) auipc   t5, 0x1
3 0x8000b340 (0x00001f17) x30 0x8000c340
core   0: 0xffffffff8000b344 (0xcc3f2023) sw      gp, -832(t5)
3 0x8000b344 (0xcc3f2023) mem 0x8000c000 0x00000001
core   0: 0xffffffff8000b348 (0xff9ff06f) j       pc - 0x8
3 0x8000b348 (0xff9ff06f)
core   0: 0xffffffff8000b340 (0x00001f17) auipc   t5, 0x1
3 0x8000b340 (0x00001f17) x30 0x8000c340
core   0: 0xffffffff8000b344 (0xcc3f2023) sw      gp, -832(t5)
3 0x8000b344 (0xcc3f2023) mem 0x8000c000 0x00000001
core   0: 0xffffffff8000b348 (0xff9ff06f) j       pc - 0x8
3 0x8000b348 (0xff9ff06f)
core   0: 0xffffffff8000b340 (0x00001f17) auipc   t5, 0x1
3 0x8000b340 (0x00001f17) x30 0x8000c340
core   0: 0xffffffff8000b344 (0xcc3f2023) sw      gp, -832(t5)
3 0x8000b344 (0xcc3f2023) mem 0x8000c000 0x00000001
core   0: 0xffffffff8000b348 (0xff9ff06f) j       pc - 0x8
3 0x8000b348 (0xff9ff06f)
core   0: 0xffffffff8000b340 (0x00001f17) auipc   t5, 0x1
3 0x8000b340 (0x00001f17) x30 0x8000c340
core   0: 0xffffffff8000b344 (0xcc3f2023) sw      gp, -832(t5)
3 0x8000b344 (0xcc3f2023) mem 0x8000c000 0x00000001
core   0: 0xffffffff8000b348 (0xff9ff06f) j       pc - 0x8
3 0x8000b348 (0xff9ff06f)
core   0: 0xffffffff8000b340 (0x00001f17) auipc   t5, 0x1
3 0x8000b340 (0x00001f17) x30 0x8000c340
core   0: 0xffffffff8000b344 (0xcc3f2023) sw      gp, -832(t5)
3 0x8000b344 (0xcc3f2023) mem 0x8000c000 0x00000001
core   0: 0xffffffff8000b348 (0xff9ff06f) j       pc - 0x8
3 0x8000b348 (0xff9ff06f)
core   0: 0xffffffff8000b340 (0x00001f17) auipc   t5, 0x1
3 0x8000b340 (0x00001f17) x30 0x8000c340
core   0: 0xffffffff8000b344 (0xcc3f2023) sw      gp, -832(t5)
3 0x8000b344 (0xcc3f2023) mem 0x8000c000 0x00000001
core   0: 0xffffffff8000b348 (0xff9ff06f) j       pc - 0x8
3 0x8000b348 (0xff9ff06f)
core   0: 0xffffffff8000b340 (0x00001f17) auipc   t5, 0x1
3 0x8000b340 (0x00001f17) x30 0x8000c340
core   0: 0xffffffff8000b344 (0xcc3f2023) sw      gp, -832(t5)
3 0x8000b344 (0xcc3f2023) mem 0x8000c000 0x00000001
core   0: 0xffffffff8000b348 (0xff9ff06f) j       pc - 0x8
3 0x8000b348 (0xff9ff06f)
core   0: 0xffffffff8000b340 (0x00001f17) auipc   t5, 0x1
3 0x8000b340 (0x00001f17) x30 0x8000c340
core   0: 0xffffffff8000b344 (0xcc3f2023) sw      gp, -832(t5)
3 0x8000b344 (0xcc3f2023) mem 0x8000c000 0x00000001
core   0: 0xffffffff8000b348 (0xff9ff06f) j       pc - 0x8
3 0x8000b348 (0xff9ff06f)
core   0: 0xffffffff8000b340 (0x00001f17) auipc   t5, 0x1
3 0x8000b340 (0x00001f17) x30 0x8000c340
core   0: 0xffffffff8000b344 (0xcc3f2023) sw      gp, -832(t5)
3 0x8000b344 (0xcc3f2023) mem 0x8000c000 0x00000001
core   0: 0xffffffff8000b348 (0xff9ff06f) j       pc - 0x8
3 0x8000b348 (0xff9ff06f)
core   0: 0xffffffff8000b340 (0x00001f17) auipc   t5, 0x1
3 0x8000b340 (0x00001f17) x30 0x8000c340
core   0: 0xffffffff8000b344 (0xcc3f2023) sw      gp, -832(t5)
3 0x8000b344 (0xcc3f2023) mem 0x8000c000 0x00000001
core   0: 0xffffffff8000b348 (0xff9ff06f) j       pc - 0x8
3 0x8000b348 (0xff9ff06f)
core   0: 0xffffffff8000b340 (0x00001f17) auipc   t5, 0x1
3 0x8000b340 (0x00001f17) x30 0x8000c340
core   0: 0xffffffff8000b344 (0xcc3f2023) sw      gp, -832(t5)
3 0x8000b344 (0xcc3f2023) mem 0x8000c000 0x00000001
core   0: 0xffffffff8000b348 (0xff9ff06f) j       pc - 0x8
3 0x8000b348 (0xff9ff06f)
core   0: 0xffffffff8000b340 (0x00001f17) auipc   t5, 0x1
3 0x8000b340 (0x00001f17) x30 0x8000c340
core   0: 0xffffffff8000b344 (0xcc3f2023) sw      gp, -832(t5)
3 0x8000b344 (0xcc3f2023) mem 0x8000c000 0x00000001
core   0: 0xffffffff8000b348 (0xff9ff06f) j       pc - 0x8
3 0x8000b348 (0xff9ff06f)
core   0: 0xffffffff8000b340 (0x00001f17) auipc   t5, 0x1
3 0x8000b340 (0x00001f17) x30 0x8000c340
core   0: 0xffffffff8000b344 (0xcc3f2023) sw      gp, -832(t5)
3 0x8000b344 (0xcc3f2023) mem 0x8000c000 0x00000001
core   0: 0xffffffff8000b348 (0xff9ff06f) j       pc - 0x8
3 0x8000b348 (0xff9ff06f)
core   0: 0xffffffff8000b340 (0x00001f17) auipc   t5, 0x1
3 0x8000b340 (0x00001f17) x30 0x8000c340
core   0: 0xffffffff8000b344 (0xcc3f2023) sw      gp, -832(t5)
3 0x8000b344 (0xcc3f2023) mem 0x8000c000 0x00000001
core   0: 0xffffffff8000b348 (0xff9ff06f) j       pc - 0x8
3 0x8000b348 (0xff9ff06f)
core   0: 0xffffffff8000b340 (0x00001f17) auipc   t5, 0x1
3 0x8000b340 (0x00001f17) x30 0x8000c340
core   0: 0xffffffff8000b344 (0xcc3f2023) sw      gp, -832(t5)
3 0x8000b344 (0xcc3f2023) mem 0x8000c000 0x00000001
core   0: 0xffffffff8000b348 (0xff9ff06f) j       pc - 0x8
3 0x8000b348 (0xff9ff06f)
core   0: 0xffffffff8000b340 (0x00001f17) auipc   t5, 0x1
3 0x8000b340 (0x00001f17) x30 0x8000c340
core   0: 0xffffffff8000b344 (0xcc3f2023) sw      gp, -832(t5)
3 0x8000b344 (0xcc3f2023) mem 0x8000c000 0x00000001
core   0: 0xffffffff8000b348 (0xff9ff06f) j       pc - 0x8
3 0x8000b348 (0xff9ff06f)
core   0: 0xffffffff8000b340 (0x00001f17) auipc   t5, 0x1
3 0x8000b340 (0x00001f17) x30 0x8000c340
core   0: 0xffffffff8000b344 (0xcc3f2023) sw      gp, -832(t5)
3 0x8000b344 (0xcc3f2023) mem 0x8000c000 0x00000001
core   0: 0xffffffff8000b348 (0xff9ff06f) j       pc - 0x8
3 0x8000b348 (0xff9ff06f)
core   0: 0xffffffff8000b340 (0x00001f17) auipc   t5, 0x1
3 0x8000b340 (0x00001f17) x30 0x8000c340
core   0: 0xffffffff8000b344 (0xcc3f2023) sw      gp, -832(t5)
3 0x8000b344 (0xcc3f2023) mem 0x8000c000 0x00000001
core   0: 0xffffffff8000b348 (0xff9ff06f) j       pc - 0x8
3 0x8000b348 (0xff9ff06f)
core   0: 0xffffffff8000b340 (0x00001f17) auipc   t5, 0x1
3 0x8000b340 (0x00001f17) x30 0x8000c340
core   0: 0xffffffff8000b344 (0xcc3f2023) sw      gp, -832(t5)
3 0x8000b344 (0xcc3f2023) mem 0x8000c000 0x00000001
core   0: 0xffffffff8000b348 (0xff9ff06f) j       pc - 0x8
3 0x8000b348 (0xff9ff06f)
core   0: 0xffffffff8000b340 (0x00001f17) auipc   t5, 0x1
3 0x8000b340 (0x00001f17) x30 0x8000c340
core   0: 0xffffffff8000b344 (0xcc3f2023) sw      gp, -832(t5)
3 0x8000b344 (0xcc3f2023) mem 0x8000c000 0x00000001
core   0: 0xffffffff8000b348 (0xff9ff06f) j       pc - 0x8
3 0x8000b348 (0xff9ff06f)
core   0: 0xffffffff8000b340 (0x00001f17) auipc   t5, 0x1
3 0x8000b340 (0x00001f17) x30 0x8000c340
core   0: 0xffffffff8000b344 (0xcc3f2023) sw      gp, -832(t5)
3 0x8000b344 (0xcc3f2023) mem 0x8000c000 0x00000001
core   0: 0xffffffff8000b348 (0xff9ff06f) j       pc - 0x8
3 0x8000b348 (0xff9ff06f)
core   0: 0xffffffff8000b340 (0x00001f17) auipc   t5, 0x1
3 0x8000b340 (0x00001f17) x30 0x8000c340
core   0: 0xffffffff8000b344 (0xcc3f2023) sw      gp, -832(t5)
3 0x8000b344 (0xcc3f2023) mem 0x8000c000 0x00000001
core   0: 0xffffffff8000b348 (0xff9ff06f) j       pc - 0x8
3 0x8000b348 (0xff9ff06f)
core   0: 0xffffffff8000b340 (0x00001f17) auipc   t5, 0x1
3 0x8000b340 (0x00001f17) x30 0x8000c340
core   0: 0xffffffff8000b344 (0xcc3f2023) sw      gp, -832(t5)
3 0x8000b344 (0xcc3f2023) mem 0x8000c000 0x00000001
core   0: 0xffffffff8000b348 (0xff9ff06f) j       pc - 0x8
3 0x8000b348 (0xff9ff06f)
core   0: 0xffffffff8000b340 (0x00001f17) auipc   t5, 0x1
3 0x8000b340 (0x00001f17) x30 0x8000c340
core   0: 0xffffffff8000b344 (0xcc3f2023) sw      gp, -832(t5)
3 0x8000b344 (0xcc3f2023) mem 0x8000c000 0x00000001
core   0: 0xffffffff8000b348 (0xff9ff06f) j       pc - 0x8
3 0x8000b348 (0xff9ff06f)
core   0: 0xffffffff8000b340 (0x00001f17) auipc   t5, 0x1
3 0x8000b340 (0x00001f17) x30 0x8000c340
core   0: 0xffffffff8000b344 (0xcc3f2023) sw      gp, -832(t5)
3 0x8000b344 (0xcc3f2023) mem 0x8000c000 0x00000001
core   0: 0xffffffff8000b348 (0xff9ff06f) j       pc - 0x8
3 0x8000b348 (0xff9ff06f)
core   0: 0xffffffff8000b340 (0x00001f17) auipc   t5, 0x1
3 0x8000b340 (0x00001f17) x30 0x8000c340
core   0: 0xffffffff8000b344 (0xcc3f2023) sw      gp, -832(t5)
3 0x8000b344 (0xcc3f2023) mem 0x8000c000 0x00000001
core   0: 0xffffffff8000b348 (0xff9ff06f) j       pc - 0x8
3 0x8000b348 (0xff9ff06f)
core   0: 0xffffffff8000b340 (0x00001f17) auipc   t5, 0x1
3 0x8000b340 (0x00001f17) x30 0x8000c340
core   0: 0xffffffff8000b344 (0xcc3f2023) sw      gp, -832(t5)
3 0x8000b344 (0xcc3f2023) mem 0x8000c000 0x00000001
core   0: 0xffffffff8000b348 (0xff9ff06f) j       pc - 0x8
3 0x8000b348 (0xff9ff06f)
core   0: 0xffffffff8000b340 (0x00001f17) auipc   t5, 0x1
3 0x8000b340 (0x00001f17) x30 0x8000c340
core   0: 0xffffffff8000b344 (0xcc3f2023) sw      gp, -832(t5)
3 0x8000b344 (0xcc3f2023) mem 0x8000c000 0x00000001
core   0: 0xffffffff8000b348 (0xff9ff06f) j       pc - 0x8
3 0x8000b348 (0xff9ff06f)
core   0: 0xffffffff8000b340 (0x00001f17) auipc   t5, 0x1
3 0x8000b340 (0x00001f17) x30 0x8000c340
core   0: 0xffffffff8000b344 (0xcc3f2023) sw      gp, -832(t5)
3 0x8000b344 (0xcc3f2023) mem 0x8000c000 0x00000001
core   0: 0xffffffff8000b348 (0xff9ff06f) j       pc - 0x8
3 0x8000b348 (0xff9ff06f)
core   0: 0xffffffff8000b340 (0x00001f17) auipc   t5, 0x1
3 0x8000b340 (0x00001f17) x30 0x8000c340
core   0: 0xffffffff8000b344 (0xcc3f2023) sw      gp, -832(t5)
3 0x8000b344 (0xcc3f2023) mem 0x8000c000 0x00000001
core   0: 0xffffffff8000b348 (0xff9ff06f) j       pc - 0x8
3 0x8000b348 (0xff9ff06f)
core   0: 0xffffffff8000b340 (0x00001f17) auipc   t5, 0x1
3 0x8000b340 (0x00001f17) x30 0x8000c340
core   0: 0xffffffff8000b344 (0xcc3f2023) sw      gp, -832(t5)
3 0x8000b344 (0xcc3f2023) mem 0x8000c000 0x00000001
core   0: 0xffffffff8000b348 (0xff9ff06f) j       pc - 0x8
3 0x8000b348 (0xff9ff06f)
core   0: 0xffffffff8000b340 (0x00001f17) auipc   t5, 0x1
3 0x8000b340 (0x00001f17) x30 0x8000c340
core   0: 0xffffffff8000b344 (0xcc3f2023) sw      gp, -832(t5)
3 0x8000b344 (0xcc3f2023) mem 0x8000c000 0x00000001
core   0: 0xffffffff8000b348 (0xff9ff06f) j       pc - 0x8
3 0x8000b348 (0xff9ff06f)
core   0: 0xffffffff8000b340 (0x00001f17) auipc   t5, 0x1
3 0x8000b340 (0x00001f17) x30 0x8000c340
core   0: 0xffffffff8000b344 (0xcc3f2023) sw      gp, -832(t5)
3 0x8000b344 (0xcc3f2023) mem 0x8000c000 0x00000001
core   0: 0xffffffff8000b348 (0xff9ff06f) j       pc - 0x8
3 0x8000b348 (0xff9ff06f)
core   0: 0xffffffff8000b340 (0x00001f17) auipc   t5, 0x1
3 0x8000b340 (0x00001f17) x30 0x8000c340
core   0: 0xffffffff8000b344 (0xcc3f2023) sw      gp, -832(t5)
3 0x8000b344 (0xcc3f2023) mem 0x8000c000 0x00000001
core   0: 0xffffffff8000b348 (0xff9ff06f) j       pc - 0x8
3 0x8000b348 (0xff9ff06f)
core   0: 0xffffffff8000b340 (0x00001f17) auipc   t5, 0x1
3 0x8000b340 (0x00001f17) x30 0x8000c340
core   0: 0xffffffff8000b344 (0xcc3f2023) sw      gp, -832(t5)
3 0x8000b344 (0xcc3f2023) mem 0x8000c000 0x00000001
core   0: 0xffffffff8000b348 (0xff9ff06f) j       pc - 0x8
3 0x8000b348 (0xff9ff06f)
core   0: 0xffffffff8000b340 (0x00001f17) auipc   t5, 0x1
3 0x8000b340 (0x00001f17) x30 0x8000c340
core   0: 0xffffffff8000b344 (0xcc3f2023) sw      gp, -832(t5)
3 0x8000b344 (0xcc3f2023) mem 0x8000c000 0x00000001
core   0: 0xffffffff8000b348 (0xff9ff06f) j       pc - 0x8
3 0x8000b348 (0xff9ff06f)
core   0: 0xffffffff8000b340 (0x00001f17) auipc   t5, 0x1
3 0x8000b340 (0x00001f17) x30 0x8000c340
core   0: 0xffffffff8000b344 (0xcc3f2023) sw      gp, -832(t5)
3 0x8000b344 (0xcc3f2023) mem 0x8000c000 0x00000001
core   0: 0xffffffff8000b348 (0xff9ff06f) j       pc - 0x8
3 0x8000b348 (0xff9ff06f)
core   0: 0xffffffff8000b340 (0x00001f17) auipc   t5, 0x1
3 0x8000b340 (0x00001f17) x30 0x8000c340
core   0: 0xffffffff8000b344 (0xcc3f2023) sw      gp, -832(t5)
3 0x8000b344 (0xcc3f2023) mem 0x8000c000 0x00000001
core   0: 0xffffffff8000b348 (0xff9ff06f) j       pc - 0x8
3 0x8000b348 (0xff9ff06f)
core   0: 0xffffffff8000b340 (0x00001f17) auipc   t5, 0x1
3 0x8000b340 (0x00001f17) x30 0x8000c340
core   0: 0xffffffff8000b344 (0xcc3f2023) sw      gp, -832(t5)
3 0x8000b344 (0xcc3f2023) mem 0x8000c000 0x00000001
core   0: 0xffffffff8000b348 (0xff9ff06f) j       pc - 0x8
3 0x8000b348 (0xff9ff06f)
core   0: 0xffffffff8000b340 (0x00001f17) auipc   t5, 0x1
3 0x8000b340 (0x00001f17) x30 0x8000c340
core   0: 0xffffffff8000b344 (0xcc3f2023) sw      gp, -832(t5)
3 0x8000b344 (0xcc3f2023) mem 0x8000c000 0x00000001
core   0: 0xffffffff8000b348 (0xff9ff06f) j       pc - 0x8
3 0x8000b348 (0xff9ff06f)
core   0: 0xffffffff8000b340 (0x00001f17) auipc   t5, 0x1
3 0x8000b340 (0x00001f17) x30 0x8000c340
core   0: 0xffffffff8000b344 (0xcc3f2023) sw      gp, -832(t5)
3 0x8000b344 (0xcc3f2023) mem 0x8000c000 0x00000001
core   0: 0xffffffff8000b348 (0xff9ff06f) j       pc - 0x8
3 0x8000b348 (0xff9ff06f)
core   0: 0xffffffff8000b340 (0x00001f17) auipc   t5, 0x1
3 0x8000b340 (0x00001f17) x30 0x8000c340
core   0: 0xffffffff8000b344 (0xcc3f2023) sw      gp, -832(t5)
3 0x8000b344 (0xcc3f2023) mem 0x8000c000 0x00000001
core   0: 0xffffffff8000b348 (0xff9ff06f) j       pc - 0x8
3 0x8000b348 (0xff9ff06f)
core   0: 0xffffffff8000b340 (0x00001f17) auipc   t5, 0x1
3 0x8000b340 (0x00001f17) x30 0x8000c340
core   0: 0xffffffff8000b344 (0xcc3f2023) sw      gp, -832(t5)
3 0x8000b344 (0xcc3f2023) mem 0x8000c000 0x00000001
core   0: 0xffffffff8000b348 (0xff9ff06f) j       pc - 0x8
3 0x8000b348 (0xff9ff06f)
core   0: 0xffffffff8000b340 (0x00001f17) auipc   t5, 0x1
3 0x8000b340 (0x00001f17) x30 0x8000c340
core   0: 0xffffffff8000b344 (0xcc3f2023) sw      gp, -832(t5)
3 0x8000b344 (0xcc3f2023) mem 0x8000c000 0x00000001
core   0: 0xffffffff8000b348 (0xff9ff06f) j       pc - 0x8
3 0x8000b348 (0xff9ff06f)
core   0: 0xffffffff8000b340 (0x00001f17) auipc   t5, 0x1
3 0x8000b340 (0x00001f17) x30 0x8000c340
core   0: 0xffffffff8000b344 (0xcc3f2023) sw      gp, -832(t5)
3 0x8000b344 (0xcc3f2023) mem 0x8000c000 0x00000001
core   0: 0xffffffff8000b348 (0xff9ff06f) j       pc - 0x8
3 0x8000b348 (0xff9ff06f)
core   0: 0xffffffff8000b340 (0x00001f17) auipc   t5, 0x1
3 0x8000b340 (0x00001f17) x30 0x8000c340
core   0: 0xffffffff8000b344 (0xcc3f2023) sw      gp, -832(t5)
3 0x8000b344 (0xcc3f2023) mem 0x8000c000 0x00000001
core   0: 0xffffffff8000b348 (0xff9ff06f) j       pc - 0x8
3 0x8000b348 (0xff9ff06f)
core   0: 0xffffffff8000b340 (0x00001f17) auipc   t5, 0x1
3 0x8000b340 (0x00001f17) x30 0x8000c340
core   0: 0xffffffff8000b344 (0xcc3f2023) sw      gp, -832(t5)
3 0x8000b344 (0xcc3f2023) mem 0x8000c000 0x00000001
core   0: 0xffffffff8000b348 (0xff9ff06f) j       pc - 0x8
3 0x8000b348 (0xff9ff06f)
core   0: 0xffffffff8000b340 (0x00001f17) auipc   t5, 0x1
3 0x8000b340 (0x00001f17) x30 0x8000c340
core   0: 0xffffffff8000b344 (0xcc3f2023) sw      gp, -832(t5)
3 0x8000b344 (0xcc3f2023) mem 0x8000c000 0x00000001
core   0: 0xffffffff8000b348 (0xff9ff06f) j       pc - 0x8
3 0x8000b348 (0xff9ff06f)
core   0: 0xffffffff8000b340 (0x00001f17) auipc   t5, 0x1
3 0x8000b340 (0x00001f17) x30 0x8000c340
core   0: 0xffffffff8000b344 (0xcc3f2023) sw      gp, -832(t5)
3 0x8000b344 (0xcc3f2023) mem 0x8000c000 0x00000001
core   0: 0xffffffff8000b348 (0xff9ff06f) j       pc - 0x8
3 0x8000b348 (0xff9ff06f)
core   0: 0xffffffff8000b340 (0x00001f17) auipc   t5, 0x1
3 0x8000b340 (0x00001f17) x30 0x8000c340
core   0: 0xffffffff8000b344 (0xcc3f2023) sw      gp, -832(t5)
3 0x8000b344 (0xcc3f2023) mem 0x8000c000 0x00000001
core   0: 0xffffffff8000b348 (0xff9ff06f) j       pc - 0x8
3 0x8000b348 (0xff9ff06f)
core   0: 0xffffffff8000b340 (0x00001f17) auipc   t5, 0x1
3 0x8000b340 (0x00001f17) x30 0x8000c340
core   0: 0xffffffff8000b344 (0xcc3f2023) sw      gp, -832(t5)
3 0x8000b344 (0xcc3f2023) mem 0x8000c000 0x00000001
core   0: 0xffffffff8000b348 (0xff9ff06f) j       pc - 0x8
3 0x8000b348 (0xff9ff06f)
core   0: 0xffffffff8000b340 (0x00001f17) auipc   t5, 0x1
3 0x8000b340 (0x00001f17) x30 0x8000c340
core   0: 0xffffffff8000b344 (0xcc3f2023) sw      gp, -832(t5)
3 0x8000b344 (0xcc3f2023) mem 0x8000c000 0x00000001
core   0: 0xffffffff8000b348 (0xff9ff06f) j       pc - 0x8
3 0x8000b348 (0xff9ff06f)
core   0: 0xffffffff8000b340 (0x00001f17) auipc   t5, 0x1
3 0x8000b340 (0x00001f17) x30 0x8000c340
core   0: 0xffffffff8000b344 (0xcc3f2023) sw      gp, -832(t5)
3 0x8000b344 (0xcc3f2023) mem 0x8000c000 0x00000001
core   0: 0xffffffff8000b348 (0xff9ff06f) j       pc - 0x8
3 0x8000b348 (0xff9ff06f)
core   0: 0xffffffff8000b340 (0x00001f17) auipc   t5, 0x1
3 0x8000b340 (0x00001f17) x30 0x8000c340
core   0: 0xffffffff8000b344 (0xcc3f2023) sw      gp, -832(t5)
3 0x8000b344 (0xcc3f2023) mem 0x8000c000 0x00000001
core   0: 0xffffffff8000b348 (0xff9ff06f) j       pc - 0x8
3 0x8000b348 (0xff9ff06f)
core   0: 0xffffffff8000b340 (0x00001f17) auipc   t5, 0x1
3 0x8000b340 (0x00001f17) x30 0x8000c340
core   0: 0xffffffff8000b344 (0xcc3f2023) sw      gp, -832(t5)
3 0x8000b344 (0xcc3f2023) mem 0x8000c000 0x00000001
core   0: 0xffffffff8000b348 (0xff9ff06f) j       pc - 0x8
3 0x8000b348 (0xff9ff06f)
core   0: 0xffffffff8000b340 (0x00001f17) auipc   t5, 0x1
3 0x8000b340 (0x00001f17) x30 0x8000c340
core   0: 0xffffffff8000b344 (0xcc3f2023) sw      gp, -832(t5)
3 0x8000b344 (0xcc3f2023) mem 0x8000c000 0x00000001
core   0: 0xffffffff8000b348 (0xff9ff06f) j       pc - 0x8
3 0x8000b348 (0xff9ff06f)
core   0: 0xffffffff8000b340 (0x00001f17) auipc   t5, 0x1
3 0x8000b340 (0x00001f17) x30 0x8000c340
core   0: 0xffffffff8000b344 (0xcc3f2023) sw      gp, -832(t5)
3 0x8000b344 (0xcc3f2023) mem 0x8000c000 0x00000001
core   0: 0xffffffff8000b348 (0xff9ff06f) j       pc - 0x8
3 0x8000b348 (0xff9ff06f)
core   0: 0xffffffff8000b340 (0x00001f17) auipc   t5, 0x1
3 0x8000b340 (0x00001f17) x30 0x8000c340
core   0: 0xffffffff8000b344 (0xcc3f2023) sw      gp, -832(t5)
3 0x8000b344 (0xcc3f2023) mem 0x8000c000 0x00000001
core   0: 0xffffffff8000b348 (0xff9ff06f) j       pc - 0x8
3 0x8000b348 (0xff9ff06f)
core   0: 0xffffffff8000b340 (0x00001f17) auipc   t5, 0x1
3 0x8000b340 (0x00001f17) x30 0x8000c340
core   0: 0xffffffff8000b344 (0xcc3f2023) sw      gp, -832(t5)
3 0x8000b344 (0xcc3f2023) mem 0x8000c000 0x00000001
core   0: 0xffffffff8000b348 (0xff9ff06f) j       pc - 0x8
3 0x8000b348 (0xff9ff06f)
core   0: 0xffffffff8000b340 (0x00001f17) auipc   t5, 0x1
3 0x8000b340 (0x00001f17) x30 0x8000c340
core   0: 0xffffffff8000b344 (0xcc3f2023) sw      gp, -832(t5)
3 0x8000b344 (0xcc3f2023) mem 0x8000c000 0x00000001
core   0: 0xffffffff8000b348 (0xff9ff06f) j       pc - 0x8
3 0x8000b348 (0xff9ff06f)
core   0: 0xffffffff8000b340 (0x00001f17) auipc   t5, 0x1
3 0x8000b340 (0x00001f17) x30 0x8000c340
core   0: 0xffffffff8000b344 (0xcc3f2023) sw      gp, -832(t5)
3 0x8000b344 (0xcc3f2023) mem 0x8000c000 0x00000001
core   0: 0xffffffff8000b348 (0xff9ff06f) j       pc - 0x8
3 0x8000b348 (0xff9ff06f)
core   0: 0xffffffff8000b340 (0x00001f17) auipc   t5, 0x1
3 0x8000b340 (0x00001f17) x30 0x8000c340
core   0: 0xffffffff8000b344 (0xcc3f2023) sw      gp, -832(t5)
3 0x8000b344 (0xcc3f2023) mem 0x8000c000 0x00000001
core   0: 0xffffffff8000b348 (0xff9ff06f) j       pc - 0x8
3 0x8000b348 (0xff9ff06f)
core   0: 0xffffffff8000b340 (0x00001f17) auipc   t5, 0x1
3 0x8000b340 (0x00001f17) x30 0x8000c340
core   0: 0xffffffff8000b344 (0xcc3f2023) sw      gp, -832(t5)
3 0x8000b344 (0xcc3f2023) mem 0x8000c000 0x00000001
core   0: 0xffffffff8000b348 (0xff9ff06f) j       pc - 0x8
3 0x8000b348 (0xff9ff06f)
core   0: 0xffffffff8000b340 (0x00001f17) auipc   t5, 0x1
3 0x8000b340 (0x00001f17) x30 0x8000c340
core   0: 0xffffffff8000b344 (0xcc3f2023) sw      gp, -832(t5)
3 0x8000b344 (0xcc3f2023) mem 0x8000c000 0x00000001
core   0: 0xffffffff8000b348 (0xff9ff06f) j       pc - 0x8
3 0x8000b348 (0xff9ff06f)
core   0: 0xffffffff8000b340 (0x00001f17) auipc   t5, 0x1
3 0x8000b340 (0x00001f17) x30 0x8000c340
core   0: 0xffffffff8000b344 (0xcc3f2023) sw      gp, -832(t5)
3 0x8000b344 (0xcc3f2023) mem 0x8000c000 0x00000001
core   0: 0xffffffff8000b348 (0xff9ff06f) j       pc - 0x8
3 0x8000b348 (0xff9ff06f)
core   0: 0xffffffff8000b340 (0x00001f17) auipc   t5, 0x1
3 0x8000b340 (0x00001f17) x30 0x8000c340
core   0: 0xffffffff8000b344 (0xcc3f2023) sw      gp, -832(t5)
3 0x8000b344 (0xcc3f2023) mem 0x8000c000 0x00000001
core   0: 0xffffffff8000b348 (0xff9ff06f) j       pc - 0x8
3 0x8000b348 (0xff9ff06f)
core   0: 0xffffffff8000b340 (0x00001f17) auipc   t5, 0x1
3 0x8000b340 (0x00001f17) x30 0x8000c340
core   0: 0xffffffff8000b344 (0xcc3f2023) sw      gp, -832(t5)
3 0x8000b344 (0xcc3f2023) mem 0x8000c000 0x00000001
core   0: 0xffffffff8000b348 (0xff9ff06f) j       pc - 0x8
3 0x8000b348 (0xff9ff06f)
core   0: 0xffffffff8000b340 (0x00001f17) auipc   t5, 0x1
3 0x8000b340 (0x00001f17) x30 0x8000c340
core   0: 0xffffffff8000b344 (0xcc3f2023) sw      gp, -832(t5)
3 0x8000b344 (0xcc3f2023) mem 0x8000c000 0x00000001
core   0: 0xffffffff8000b348 (0xff9ff06f) j       pc - 0x8
3 0x8000b348 (0xff9ff06f)
core   0: 0xffffffff8000b340 (0x00001f17) auipc   t5, 0x1
3 0x8000b340 (0x00001f17) x30 0x8000c340
core   0: 0xffffffff8000b344 (0xcc3f2023) sw      gp, -832(t5)
3 0x8000b344 (0xcc3f2023) mem 0x8000c000 0x00000001
core   0: 0xffffffff8000b348 (0xff9ff06f) j       pc - 0x8
3 0x8000b348 (0xff9ff06f)
core   0: 0xffffffff8000b340 (0x00001f17) auipc   t5, 0x1
3 0x8000b340 (0x00001f17) x30 0x8000c340
core   0: 0xffffffff8000b344 (0xcc3f2023) sw      gp, -832(t5)
3 0x8000b344 (0xcc3f2023) mem 0x8000c000 0x00000001
core   0: 0xffffffff8000b348 (0xff9ff06f) j       pc - 0x8
3 0x8000b348 (0xff9ff06f)
core   0: 0xffffffff8000b340 (0x00001f17) auipc   t5, 0x1
3 0x8000b340 (0x00001f17) x30 0x8000c340
core   0: 0xffffffff8000b344 (0xcc3f2023) sw      gp, -832(t5)
3 0x8000b344 (0xcc3f2023) mem 0x8000c000 0x00000001
core   0: 0xffffffff8000b348 (0xff9ff06f) j       pc - 0x8
3 0x8000b348 (0xff9ff06f)
core   0: 0xffffffff8000b340 (0x00001f17) auipc   t5, 0x1
3 0x8000b340 (0x00001f17) x30 0x8000c340
core   0: 0xffffffff8000b344 (0xcc3f2023) sw      gp, -832(t5)
3 0x8000b344 (0xcc3f2023) mem 0x8000c000 0x00000001
core   0: 0xffffffff8000b348 (0xff9ff06f) j       pc - 0x8
3 0x8000b348 (0xff9ff06f)
core   0: 0xffffffff8000b340 (0x00001f17) auipc   t5, 0x1
3 0x8000b340 (0x00001f17) x30 0x8000c340
core   0: 0xffffffff8000b344 (0xcc3f2023) sw      gp, -832(t5)
3 0x8000b344 (0xcc3f2023) mem 0x8000c000 0x00000001
core   0: 0xffffffff8000b348 (0xff9ff06f) j       pc - 0x8
3 0x8000b348 (0xff9ff06f)
core   0: 0xffffffff8000b340 (0x00001f17) auipc   t5, 0x1
3 0x8000b340 (0x00001f17) x30 0x8000c340
core   0: 0xffffffff8000b344 (0xcc3f2023) sw      gp, -832(t5)
3 0x8000b344 (0xcc3f2023) mem 0x8000c000 0x00000001
core   0: 0xffffffff8000b348 (0xff9ff06f) j       pc - 0x8
3 0x8000b348 (0xff9ff06f)
core   0: 0xffffffff8000b340 (0x00001f17) auipc   t5, 0x1
3 0x8000b340 (0x00001f17) x30 0x8000c340
core   0: 0xffffffff8000b344 (0xcc3f2023) sw      gp, -832(t5)
3 0x8000b344 (0xcc3f2023) mem 0x8000c000 0x00000001
core   0: 0xffffffff8000b348 (0xff9ff06f) j       pc - 0x8
3 0x8000b348 (0xff9ff06f)
core   0: 0xffffffff8000b340 (0x00001f17) auipc   t5, 0x1
3 0x8000b340 (0x00001f17) x30 0x8000c340
core   0: 0xffffffff8000b344 (0xcc3f2023) sw      gp, -832(t5)
3 0x8000b344 (0xcc3f2023) mem 0x8000c000 0x00000001
core   0: 0xffffffff8000b348 (0xff9ff06f) j       pc - 0x8
3 0x8000b348 (0xff9ff06f)
core   0: 0xffffffff8000b340 (0x00001f17) auipc   t5, 0x1
3 0x8000b340 (0x00001f17) x30 0x8000c340
core   0: 0xffffffff8000b344 (0xcc3f2023) sw      gp, -832(t5)
3 0x8000b344 (0xcc3f2023) mem 0x8000c000 0x00000001
core   0: 0xffffffff8000b348 (0xff9ff06f) j       pc - 0x8
3 0x8000b348 (0xff9ff06f)
core   0: 0xffffffff8000b340 (0x00001f17) auipc   t5, 0x1
3 0x8000b340 (0x00001f17) x30 0x8000c340
core   0: 0xffffffff8000b344 (0xcc3f2023) sw      gp, -832(t5)
3 0x8000b344 (0xcc3f2023) mem 0x8000c000 0x00000001
core   0: 0xffffffff8000b348 (0xff9ff06f) j       pc - 0x8
3 0x8000b348 (0xff9ff06f)
core   0: 0xffffffff8000b340 (0x00001f17) auipc   t5, 0x1
3 0x8000b340 (0x00001f17) x30 0x8000c340
core   0: 0xffffffff8000b344 (0xcc3f2023) sw      gp, -832(t5)
3 0x8000b344 (0xcc3f2023) mem 0x8000c000 0x00000001
core   0: 0xffffffff8000b348 (0xff9ff06f) j       pc - 0x8
3 0x8000b348 (0xff9ff06f)
core   0: 0xffffffff8000b340 (0x00001f17) auipc   t5, 0x1
3 0x8000b340 (0x00001f17) x30 0x8000c340
core   0: 0xffffffff8000b344 (0xcc3f2023) sw      gp, -832(t5)
3 0x8000b344 (0xcc3f2023) mem 0x8000c000 0x00000001
core   0: 0xffffffff8000b348 (0xff9ff06f) j       pc - 0x8
3 0x8000b348 (0xff9ff06f)
core   0: 0xffffffff8000b340 (0x00001f17) auipc   t5, 0x1
3 0x8000b340 (0x00001f17) x30 0x8000c340
core   0: 0xffffffff8000b344 (0xcc3f2023) sw      gp, -832(t5)
3 0x8000b344 (0xcc3f2023) mem 0x8000c000 0x00000001
core   0: 0xffffffff8000b348 (0xff9ff06f) j       pc - 0x8
3 0x8000b348 (0xff9ff06f)
core   0: 0xffffffff8000b340 (0x00001f17) auipc   t5, 0x1
3 0x8000b340 (0x00001f17) x30 0x8000c340
core   0: 0xffffffff8000b344 (0xcc3f2023) sw      gp, -832(t5)
3 0x8000b344 (0xcc3f2023) mem 0x8000c000 0x00000001
core   0: 0xffffffff8000b348 (0xff9ff06f) j       pc - 0x8
3 0x8000b348 (0xff9ff06f)
core   0: 0xffffffff8000b340 (0x00001f17) auipc   t5, 0x1
3 0x8000b340 (0x00001f17) x30 0x8000c340
core   0: 0xffffffff8000b344 (0xcc3f2023) sw      gp, -832(t5)
3 0x8000b344 (0xcc3f2023) mem 0x8000c000 0x00000001
core   0: 0xffffffff8000b348 (0xff9ff06f) j       pc - 0x8
3 0x8000b348 (0xff9ff06f)
core   0: 0xffffffff8000b340 (0x00001f17) auipc   t5, 0x1
3 0x8000b340 (0x00001f17) x30 0x8000c340
core   0: 0xffffffff8000b344 (0xcc3f2023) sw      gp, -832(t5)
3 0x8000b344 (0xcc3f2023) mem 0x8000c000 0x00000001
core   0: 0xffffffff8000b348 (0xff9ff06f) j       pc - 0x8
3 0x8000b348 (0xff9ff06f)
core   0: 0xffffffff8000b340 (0x00001f17) auipc   t5, 0x1
3 0x8000b340 (0x00001f17) x30 0x8000c340
core   0: 0xffffffff8000b344 (0xcc3f2023) sw      gp, -832(t5)
3 0x8000b344 (0xcc3f2023) mem 0x8000c000 0x00000001
core   0: 0xffffffff8000b348 (0xff9ff06f) j       pc - 0x8
3 0x8000b348 (0xff9ff06f)
core   0: 0xffffffff8000b340 (0x00001f17) auipc   t5, 0x1
3 0x8000b340 (0x00001f17) x30 0x8000c340
core   0: 0xffffffff8000b344 (0xcc3f2023) sw      gp, -832(t5)
3 0x8000b344 (0xcc3f2023) mem 0x8000c000 0x00000001
core   0: 0xffffffff8000b348 (0xff9ff06f) j       pc - 0x8
3 0x8000b348 (0xff9ff06f)
core   0: 0xffffffff8000b340 (0x00001f17) auipc   t5, 0x1
3 0x8000b340 (0x00001f17) x30 0x8000c340
core   0: 0xffffffff8000b344 (0xcc3f2023) sw      gp, -832(t5)
3 0x8000b344 (0xcc3f2023) mem 0x8000c000 0x00000001
core   0: 0xffffffff8000b348 (0xff9ff06f) j       pc - 0x8
3 0x8000b348 (0xff9ff06f)
core   0: 0xffffffff8000b340 (0x00001f17) auipc   t5, 0x1
3 0x8000b340 (0x00001f17) x30 0x8000c340
core   0: 0xffffffff8000b344 (0xcc3f2023) sw      gp, -832(t5)
3 0x8000b344 (0xcc3f2023) mem 0x8000c000 0x00000001
core   0: 0xffffffff8000b348 (0xff9ff06f) j       pc - 0x8
3 0x8000b348 (0xff9ff06f)
core   0: 0xffffffff8000b340 (0x00001f17) auipc   t5, 0x1
3 0x8000b340 (0x00001f17) x30 0x8000c340
core   0: 0xffffffff8000b344 (0xcc3f2023) sw      gp, -832(t5)
3 0x8000b344 (0xcc3f2023) mem 0x8000c000 0x00000001
core   0: 0xffffffff8000b348 (0xff9ff06f) j       pc - 0x8
3 0x8000b348 (0xff9ff06f)
core   0: 0xffffffff8000b340 (0x00001f17) auipc   t5, 0x1
3 0x8000b340 (0x00001f17) x30 0x8000c340
core   0: 0xffffffff8000b344 (0xcc3f2023) sw      gp, -832(t5)
3 0x8000b344 (0xcc3f2023) mem 0x8000c000 0x00000001
core   0: 0xffffffff8000b348 (0xff9ff06f) j       pc - 0x8
3 0x8000b348 (0xff9ff06f)
core   0: 0xffffffff8000b340 (0x00001f17) auipc   t5, 0x1
3 0x8000b340 (0x00001f17) x30 0x8000c340
core   0: 0xffffffff8000b344 (0xcc3f2023) sw      gp, -832(t5)
3 0x8000b344 (0xcc3f2023) mem 0x8000c000 0x00000001
core   0: 0xffffffff8000b348 (0xff9ff06f) j       pc - 0x8
3 0x8000b348 (0xff9ff06f)
core   0: 0xffffffff8000b340 (0x00001f17) auipc   t5, 0x1
3 0x8000b340 (0x00001f17) x30 0x8000c340
core   0: 0xffffffff8000b344 (0xcc3f2023) sw      gp, -832(t5)
3 0x8000b344 (0xcc3f2023) mem 0x8000c000 0x00000001
core   0: 0xffffffff8000b348 (0xff9ff06f) j       pc - 0x8
3 0x8000b348 (0xff9ff06f)
core   0: 0xffffffff8000b340 (0x00001f17) auipc   t5, 0x1
3 0x8000b340 (0x00001f17) x30 0x8000c340
core   0: 0xffffffff8000b344 (0xcc3f2023) sw      gp, -832(t5)
3 0x8000b344 (0xcc3f2023) mem 0x8000c000 0x00000001
core   0: 0xffffffff8000b348 (0xff9ff06f) j       pc - 0x8
3 0x8000b348 (0xff9ff06f)
core   0: 0xffffffff8000b340 (0x00001f17) auipc   t5, 0x1
3 0x8000b340 (0x00001f17) x30 0x8000c340
core   0: 0xffffffff8000b344 (0xcc3f2023) sw      gp, -832(t5)
3 0x8000b344 (0xcc3f2023) mem 0x8000c000 0x00000001
core   0: 0xffffffff8000b348 (0xff9ff06f) j       pc - 0x8
3 0x8000b348 (0xff9ff06f)
core   0: 0xffffffff8000b340 (0x00001f17) auipc   t5, 0x1
3 0x8000b340 (0x00001f17) x30 0x8000c340
core   0: 0xffffffff8000b344 (0xcc3f2023) sw      gp, -832(t5)
3 0x8000b344 (0xcc3f2023) mem 0x8000c000 0x00000001
core   0: 0xffffffff8000b348 (0xff9ff06f) j       pc - 0x8
3 0x8000b348 (0xff9ff06f)
core   0: 0xffffffff8000b340 (0x00001f17) auipc   t5, 0x1
3 0x8000b340 (0x00001f17) x30 0x8000c340
core   0: 0xffffffff8000b344 (0xcc3f2023) sw      gp, -832(t5)
3 0x8000b344 (0xcc3f2023) mem 0x8000c000 0x00000001
core   0: 0xffffffff8000b348 (0xff9ff06f) j       pc - 0x8
3 0x8000b348 (0xff9ff06f)
core   0: 0xffffffff8000b340 (0x00001f17) auipc   t5, 0x1
3 0x8000b340 (0x00001f17) x30 0x8000c340
core   0: 0xffffffff8000b344 (0xcc3f2023) sw      gp, -832(t5)
3 0x8000b344 (0xcc3f2023) mem 0x8000c000 0x00000001
core   0: 0xffffffff8000b348 (0xff9ff06f) j       pc - 0x8
3 0x8000b348 (0xff9ff06f)
core   0: 0xffffffff8000b340 (0x00001f17) auipc   t5, 0x1
3 0x8000b340 (0x00001f17) x30 0x8000c340
core   0: 0xffffffff8000b344 (0xcc3f2023) sw      gp, -832(t5)
3 0x8000b344 (0xcc3f2023) mem 0x8000c000 0x00000001
core   0: 0xffffffff8000b348 (0xff9ff06f) j       pc - 0x8
3 0x8000b348 (0xff9ff06f)
core   0: 0xffffffff8000b340 (0x00001f17) auipc   t5, 0x1
3 0x8000b340 (0x00001f17) x30 0x8000c340
core   0: 0xffffffff8000b344 (0xcc3f2023) sw      gp, -832(t5)
3 0x8000b344 (0xcc3f2023) mem 0x8000c000 0x00000001
core   0: 0xffffffff8000b348 (0xff9ff06f) j       pc - 0x8
3 0x8000b348 (0xff9ff06f)
core   0: 0xffffffff8000b340 (0x00001f17) auipc   t5, 0x1
3 0x8000b340 (0x00001f17) x30 0x8000c340
core   0: 0xffffffff8000b344 (0xcc3f2023) sw      gp, -832(t5)
3 0x8000b344 (0xcc3f2023) mem 0x8000c000 0x00000001
core   0: 0xffffffff8000b348 (0xff9ff06f) j       pc - 0x8
3 0x8000b348 (0xff9ff06f)
core   0: 0xffffffff8000b340 (0x00001f17) auipc   t5, 0x1
3 0x8000b340 (0x00001f17) x30 0x8000c340
core   0: 0xffffffff8000b344 (0xcc3f2023) sw      gp, -832(t5)
3 0x8000b344 (0xcc3f2023) mem 0x8000c000 0x00000001
core   0: 0xffffffff8000b348 (0xff9ff06f) j       pc - 0x8
3 0x8000b348 (0xff9ff06f)
core   0: 0xffffffff8000b340 (0x00001f17) auipc   t5, 0x1
3 0x8000b340 (0x00001f17) x30 0x8000c340
core   0: 0xffffffff8000b344 (0xcc3f2023) sw      gp, -832(t5)
3 0x8000b344 (0xcc3f2023) mem 0x8000c000 0x00000001
core   0: 0xffffffff8000b348 (0xff9ff06f) j       pc - 0x8
3 0x8000b348 (0xff9ff06f)
core   0: 0xffffffff8000b340 (0x00001f17) auipc   t5, 0x1
3 0x8000b340 (0x00001f17) x30 0x8000c340
core   0: 0xffffffff8000b344 (0xcc3f2023) sw      gp, -832(t5)
3 0x8000b344 (0xcc3f2023) mem 0x8000c000 0x00000001
core   0: 0xffffffff8000b348 (0xff9ff06f) j       pc - 0x8
3 0x8000b348 (0xff9ff06f)
core   0: 0xffffffff8000b340 (0x00001f17) auipc   t5, 0x1
3 0x8000b340 (0x00001f17) x30 0x8000c340
core   0: 0xffffffff8000b344 (0xcc3f2023) sw      gp, -832(t5)
3 0x8000b344 (0xcc3f2023) mem 0x8000c000 0x00000001
core   0: 0xffffffff8000b348 (0xff9ff06f) j       pc - 0x8
3 0x8000b348 (0xff9ff06f)
core   0: 0xffffffff8000b340 (0x00001f17) auipc   t5, 0x1
3 0x8000b340 (0x00001f17) x30 0x8000c340
core   0: 0xffffffff8000b344 (0xcc3f2023) sw      gp, -832(t5)
3 0x8000b344 (0xcc3f2023) mem 0x8000c000 0x00000001
core   0: 0xffffffff8000b348 (0xff9ff06f) j       pc - 0x8
3 0x8000b348 (0xff9ff06f)
core   0: 0xffffffff8000b340 (0x00001f17) auipc   t5, 0x1
3 0x8000b340 (0x00001f17) x30 0x8000c340
core   0: 0xffffffff8000b344 (0xcc3f2023) sw      gp, -832(t5)
3 0x8000b344 (0xcc3f2023) mem 0x8000c000 0x00000001
core   0: 0xffffffff8000b348 (0xff9ff06f) j       pc - 0x8
3 0x8000b348 (0xff9ff06f)
core   0: 0xffffffff8000b340 (0x00001f17) auipc   t5, 0x1
3 0x8000b340 (0x00001f17) x30 0x8000c340
core   0: 0xffffffff8000b344 (0xcc3f2023) sw      gp, -832(t5)
3 0x8000b344 (0xcc3f2023) mem 0x8000c000 0x00000001
core   0: 0xffffffff8000b348 (0xff9ff06f) j       pc - 0x8
3 0x8000b348 (0xff9ff06f)
core   0: 0xffffffff8000b340 (0x00001f17) auipc   t5, 0x1
3 0x8000b340 (0x00001f17) x30 0x8000c340
core   0: 0xffffffff8000b344 (0xcc3f2023) sw      gp, -832(t5)
3 0x8000b344 (0xcc3f2023) mem 0x8000c000 0x00000001
core   0: 0xffffffff8000b348 (0xff9ff06f) j       pc - 0x8
3 0x8000b348 (0xff9ff06f)
core   0: 0xffffffff8000b340 (0x00001f17) auipc   t5, 0x1
3 0x8000b340 (0x00001f17) x30 0x8000c340
core   0: 0xffffffff8000b344 (0xcc3f2023) sw      gp, -832(t5)
3 0x8000b344 (0xcc3f2023) mem 0x8000c000 0x00000001
core   0: 0xffffffff8000b348 (0xff9ff06f) j       pc - 0x8
3 0x8000b348 (0xff9ff06f)
core   0: 0xffffffff8000b340 (0x00001f17) auipc   t5, 0x1
3 0x8000b340 (0x00001f17) x30 0x8000c340
core   0: 0xffffffff8000b344 (0xcc3f2023) sw      gp, -832(t5)
3 0x8000b344 (0xcc3f2023) mem 0x8000c000 0x00000001
core   0: 0xffffffff8000b348 (0xff9ff06f) j       pc - 0x8
3 0x8000b348 (0xff9ff06f)
core   0: 0xffffffff8000b340 (0x00001f17) auipc   t5, 0x1
3 0x8000b340 (0x00001f17) x30 0x8000c340
core   0: 0xffffffff8000b344 (0xcc3f2023) sw      gp, -832(t5)
3 0x8000b344 (0xcc3f2023) mem 0x8000c000 0x00000001
core   0: 0xffffffff8000b348 (0xff9ff06f) j       pc - 0x8
3 0x8000b348 (0xff9ff06f)
core   0: 0xffffffff8000b340 (0x00001f17) auipc   t5, 0x1
3 0x8000b340 (0x00001f17) x30 0x8000c340
core   0: 0xffffffff8000b344 (0xcc3f2023) sw      gp, -832(t5)
3 0x8000b344 (0xcc3f2023) mem 0x8000c000 0x00000001
core   0: 0xffffffff8000b348 (0xff9ff06f) j       pc - 0x8
3 0x8000b348 (0xff9ff06f)
core   0: 0xffffffff8000b340 (0x00001f17) auipc   t5, 0x1
3 0x8000b340 (0x00001f17) x30 0x8000c340
core   0: 0xffffffff8000b344 (0xcc3f2023) sw      gp, -832(t5)
3 0x8000b344 (0xcc3f2023) mem 0x8000c000 0x00000001
core   0: 0xffffffff8000b348 (0xff9ff06f) j       pc - 0x8
3 0x8000b348 (0xff9ff06f)
core   0: 0xffffffff8000b340 (0x00001f17) auipc   t5, 0x1
3 0x8000b340 (0x00001f17) x30 0x8000c340
core   0: 0xffffffff8000b344 (0xcc3f2023) sw      gp, -832(t5)
3 0x8000b344 (0xcc3f2023) mem 0x8000c000 0x00000001
core   0: 0xffffffff8000b348 (0xff9ff06f) j       pc - 0x8
3 0x8000b348 (0xff9ff06f)
core   0: 0xffffffff8000b340 (0x00001f17) auipc   t5, 0x1
3 0x8000b340 (0x00001f17) x30 0x8000c340
core   0: 0xffffffff8000b344 (0xcc3f2023) sw      gp, -832(t5)
3 0x8000b344 (0xcc3f2023) mem 0x8000c000 0x00000001
core   0: 0xffffffff8000b348 (0xff9ff06f) j       pc - 0x8
3 0x8000b348 (0xff9ff06f)
core   0: 0xffffffff8000b340 (0x00001f17) auipc   t5, 0x1
3 0x8000b340 (0x00001f17) x30 0x8000c340
core   0: 0xffffffff8000b344 (0xcc3f2023) sw      gp, -832(t5)
3 0x8000b344 (0xcc3f2023) mem 0x8000c000 0x00000001
core   0: 0xffffffff8000b348 (0xff9ff06f) j       pc - 0x8
3 0x8000b348 (0xff9ff06f)
core   0: 0xffffffff8000b340 (0x00001f17) auipc   t5, 0x1
3 0x8000b340 (0x00001f17) x30 0x8000c340
core   0: 0xffffffff8000b344 (0xcc3f2023) sw      gp, -832(t5)
3 0x8000b344 (0xcc3f2023) mem 0x8000c000 0x00000001
core   0: 0xffffffff8000b348 (0xff9ff06f) j       pc - 0x8
3 0x8000b348 (0xff9ff06f)
core   0: 0xffffffff8000b340 (0x00001f17) auipc   t5, 0x1
3 0x8000b340 (0x00001f17) x30 0x8000c340
core   0: 0xffffffff8000b344 (0xcc3f2023) sw      gp, -832(t5)
3 0x8000b344 (0xcc3f2023) mem 0x8000c000 0x00000001
core   0: 0xffffffff8000b348 (0xff9ff06f) j       pc - 0x8
3 0x8000b348 (0xff9ff06f)
core   0: 0xffffffff8000b340 (0x00001f17) auipc   t5, 0x1
3 0x8000b340 (0x00001f17) x30 0x8000c340
core   0: 0xffffffff8000b344 (0xcc3f2023) sw      gp, -832(t5)
3 0x8000b344 (0xcc3f2023) mem 0x8000c000 0x00000001
core   0: 0xffffffff8000b348 (0xff9ff06f) j       pc - 0x8
3 0x8000b348 (0xff9ff06f)
core   0: 0xffffffff8000b340 (0x00001f17) auipc   t5, 0x1
3 0x8000b340 (0x00001f17) x30 0x8000c340
core   0: 0xffffffff8000b344 (0xcc3f2023) sw      gp, -832(t5)
3 0x8000b344 (0xcc3f2023) mem 0x8000c000 0x00000001
core   0: 0xffffffff8000b348 (0xff9ff06f) j       pc - 0x8
3 0x8000b348 (0xff9ff06f)
core   0: 0xffffffff8000b340 (0x00001f17) auipc   t5, 0x1
3 0x8000b340 (0x00001f17) x30 0x8000c340
core   0: 0xffffffff8000b344 (0xcc3f2023) sw      gp, -832(t5)
3 0x8000b344 (0xcc3f2023) mem 0x8000c000 0x00000001
core   0: 0xffffffff8000b348 (0xff9ff06f) j       pc - 0x8
3 0x8000b348 (0xff9ff06f)
core   0: 0xffffffff8000b340 (0x00001f17) auipc   t5, 0x1
3 0x8000b340 (0x00001f17) x30 0x8000c340
core   0: 0xffffffff8000b344 (0xcc3f2023) sw      gp, -832(t5)
3 0x8000b344 (0xcc3f2023) mem 0x8000c000 0x00000001
core   0: 0xffffffff8000b348 (0xff9ff06f) j       pc - 0x8
3 0x8000b348 (0xff9ff06f)
core   0: 0xffffffff8000b340 (0x00001f17) auipc   t5, 0x1
3 0x8000b340 (0x00001f17) x30 0x8000c340
core   0: 0xffffffff8000b344 (0xcc3f2023) sw      gp, -832(t5)
3 0x8000b344 (0xcc3f2023) mem 0x8000c000 0x00000001
core   0: 0xffffffff8000b348 (0xff9ff06f) j       pc - 0x8
3 0x8000b348 (0xff9ff06f)
core   0: 0xffffffff8000b340 (0x00001f17) auipc   t5, 0x1
3 0x8000b340 (0x00001f17) x30 0x8000c340
core   0: 0xffffffff8000b344 (0xcc3f2023) sw      gp, -832(t5)
3 0x8000b344 (0xcc3f2023) mem 0x8000c000 0x00000001
core   0: 0xffffffff8000b348 (0xff9ff06f) j       pc - 0x8
3 0x8000b348 (0xff9ff06f)
core   0: 0xffffffff8000b340 (0x00001f17) auipc   t5, 0x1
3 0x8000b340 (0x00001f17) x30 0x8000c340
core   0: 0xffffffff8000b344 (0xcc3f2023) sw      gp, -832(t5)
3 0x8000b344 (0xcc3f2023) mem 0x8000c000 0x00000001
core   0: 0xffffffff8000b348 (0xff9ff06f) j       pc - 0x8
3 0x8000b348 (0xff9ff06f)
core   0: 0xffffffff8000b340 (0x00001f17) auipc   t5, 0x1
3 0x8000b340 (0x00001f17) x30 0x8000c340
core   0: 0xffffffff8000b344 (0xcc3f2023) sw      gp, -832(t5)
3 0x8000b344 (0xcc3f2023) mem 0x8000c000 0x00000001
core   0: 0xffffffff8000b348 (0xff9ff06f) j       pc - 0x8
3 0x8000b348 (0xff9ff06f)
core   0: 0xffffffff8000b340 (0x00001f17) auipc   t5, 0x1
3 0x8000b340 (0x00001f17) x30 0x8000c340
core   0: 0xffffffff8000b344 (0xcc3f2023) sw      gp, -832(t5)
3 0x8000b344 (0xcc3f2023) mem 0x8000c000 0x00000001
core   0: 0xffffffff8000b348 (0xff9ff06f) j       pc - 0x8
3 0x8000b348 (0xff9ff06f)
core   0: 0xffffffff8000b340 (0x00001f17) auipc   t5, 0x1
3 0x8000b340 (0x00001f17) x30 0x8000c340
core   0: 0xffffffff8000b344 (0xcc3f2023) sw      gp, -832(t5)
3 0x8000b344 (0xcc3f2023) mem 0x8000c000 0x00000001
core   0: 0xffffffff8000b348 (0xff9ff06f) j       pc - 0x8
3 0x8000b348 (0xff9ff06f)
core   0: 0xffffffff8000b340 (0x00001f17) auipc   t5, 0x1
3 0x8000b340 (0x00001f17) x30 0x8000c340
core   0: 0xffffffff8000b344 (0xcc3f2023) sw      gp, -832(t5)
3 0x8000b344 (0xcc3f2023) mem 0x8000c000 0x00000001
core   0: 0xffffffff8000b348 (0xff9ff06f) j       pc - 0x8
3 0x8000b348 (0xff9ff06f)
core   0: 0xffffffff8000b340 (0x00001f17) auipc   t5, 0x1
3 0x8000b340 (0x00001f17) x30 0x8000c340
core   0: 0xffffffff8000b344 (0xcc3f2023) sw      gp, -832(t5)
3 0x8000b344 (0xcc3f2023) mem 0x8000c000 0x00000001
core   0: 0xffffffff8000b348 (0xff9ff06f) j       pc - 0x8
3 0x8000b348 (0xff9ff06f)
core   0: 0xffffffff8000b340 (0x00001f17) auipc   t5, 0x1
3 0x8000b340 (0x00001f17) x30 0x8000c340
core   0: 0xffffffff8000b344 (0xcc3f2023) sw      gp, -832(t5)
3 0x8000b344 (0xcc3f2023) mem 0x8000c000 0x00000001
core   0: 0xffffffff8000b348 (0xff9ff06f) j       pc - 0x8
3 0x8000b348 (0xff9ff06f)
core   0: 0xffffffff8000b340 (0x00001f17) auipc   t5, 0x1
3 0x8000b340 (0x00001f17) x30 0x8000c340
core   0: 0xffffffff8000b344 (0xcc3f2023) sw      gp, -832(t5)
3 0x8000b344 (0xcc3f2023) mem 0x8000c000 0x00000001
core   0: 0xffffffff8000b348 (0xff9ff06f) j       pc - 0x8
3 0x8000b348 (0xff9ff06f)
core   0: 0xffffffff8000b340 (0x00001f17) auipc   t5, 0x1
3 0x8000b340 (0x00001f17) x30 0x8000c340
core   0: 0xffffffff8000b344 (0xcc3f2023) sw      gp, -832(t5)
3 0x8000b344 (0xcc3f2023) mem 0x8000c000 0x00000001
core   0: 0xffffffff8000b348 (0xff9ff06f) j       pc - 0x8
3 0x8000b348 (0xff9ff06f)
core   0: 0xffffffff8000b340 (0x00001f17) auipc   t5, 0x1
3 0x8000b340 (0x00001f17) x30 0x8000c340
core   0: 0xffffffff8000b344 (0xcc3f2023) sw      gp, -832(t5)
3 0x8000b344 (0xcc3f2023) mem 0x8000c000 0x00000001
core   0: 0xffffffff8000b348 (0xff9ff06f) j       pc - 0x8
3 0x8000b348 (0xff9ff06f)
core   0: 0xffffffff8000b340 (0x00001f17) auipc   t5, 0x1
3 0x8000b340 (0x00001f17) x30 0x8000c340
core   0: 0xffffffff8000b344 (0xcc3f2023) sw      gp, -832(t5)
3 0x8000b344 (0xcc3f2023) mem 0x8000c000 0x00000001
core   0: 0xffffffff8000b348 (0xff9ff06f) j       pc - 0x8
3 0x8000b348 (0xff9ff06f)
core   0: 0xffffffff8000b340 (0x00001f17) auipc   t5, 0x1
3 0x8000b340 (0x00001f17) x30 0x8000c340
core   0: 0xffffffff8000b344 (0xcc3f2023) sw      gp, -832(t5)
3 0x8000b344 (0xcc3f2023) mem 0x8000c000 0x00000001
core   0: 0xffffffff8000b348 (0xff9ff06f) j       pc - 0x8
3 0x8000b348 (0xff9ff06f)
core   0: 0xffffffff8000b340 (0x00001f17) auipc   t5, 0x1
3 0x8000b340 (0x00001f17) x30 0x8000c340
core   0: 0xffffffff8000b344 (0xcc3f2023) sw      gp, -832(t5)
3 0x8000b344 (0xcc3f2023) mem 0x8000c000 0x00000001
core   0: 0xffffffff8000b348 (0xff9ff06f) j       pc - 0x8
3 0x8000b348 (0xff9ff06f)
core   0: 0xffffffff8000b340 (0x00001f17) auipc   t5, 0x1
3 0x8000b340 (0x00001f17) x30 0x8000c340
core   0: 0xffffffff8000b344 (0xcc3f2023) sw      gp, -832(t5)
3 0x8000b344 (0xcc3f2023) mem 0x8000c000 0x00000001
core   0: 0xffffffff8000b348 (0xff9ff06f) j       pc - 0x8
3 0x8000b348 (0xff9ff06f)
core   0: 0xffffffff8000b340 (0x00001f17) auipc   t5, 0x1
3 0x8000b340 (0x00001f17) x30 0x8000c340
core   0: 0xffffffff8000b344 (0xcc3f2023) sw      gp, -832(t5)
3 0x8000b344 (0xcc3f2023) mem 0x8000c000 0x00000001
core   0: 0xffffffff8000b348 (0xff9ff06f) j       pc - 0x8
3 0x8000b348 (0xff9ff06f)
core   0: 0xffffffff8000b340 (0x00001f17) auipc   t5, 0x1
3 0x8000b340 (0x00001f17) x30 0x8000c340
core   0: 0xffffffff8000b344 (0xcc3f2023) sw      gp, -832(t5)
3 0x8000b344 (0xcc3f2023) mem 0x8000c000 0x00000001
core   0: 0xffffffff8000b348 (0xff9ff06f) j       pc - 0x8
3 0x8000b348 (0xff9ff06f)
core   0: 0xffffffff8000b340 (0x00001f17) auipc   t5, 0x1
3 0x8000b340 (0x00001f17) x30 0x8000c340
core   0: 0xffffffff8000b344 (0xcc3f2023) sw      gp, -832(t5)
3 0x8000b344 (0xcc3f2023) mem 0x8000c000 0x00000001
core   0: 0xffffffff8000b348 (0xff9ff06f) j       pc - 0x8
3 0x8000b348 (0xff9ff06f)
core   0: 0xffffffff8000b340 (0x00001f17) auipc   t5, 0x1
3 0x8000b340 (0x00001f17) x30 0x8000c340
core   0: 0xffffffff8000b344 (0xcc3f2023) sw      gp, -832(t5)
3 0x8000b344 (0xcc3f2023) mem 0x8000c000 0x00000001
core   0: 0xffffffff8000b348 (0xff9ff06f) j       pc - 0x8
3 0x8000b348 (0xff9ff06f)
core   0: 0xffffffff8000b340 (0x00001f17) auipc   t5, 0x1
3 0x8000b340 (0x00001f17) x30 0x8000c340
core   0: 0xffffffff8000b344 (0xcc3f2023) sw      gp, -832(t5)
3 0x8000b344 (0xcc3f2023) mem 0x8000c000 0x00000001
core   0: 0xffffffff8000b348 (0xff9ff06f) j       pc - 0x8
3 0x8000b348 (0xff9ff06f)
core   0: 0xffffffff8000b340 (0x00001f17) auipc   t5, 0x1
3 0x8000b340 (0x00001f17) x30 0x8000c340
core   0: 0xffffffff8000b344 (0xcc3f2023) sw      gp, -832(t5)
3 0x8000b344 (0xcc3f2023) mem 0x8000c000 0x00000001
core   0: 0xffffffff8000b348 (0xff9ff06f) j       pc - 0x8
3 0x8000b348 (0xff9ff06f)
core   0: 0xffffffff8000b340 (0x00001f17) auipc   t5, 0x1
3 0x8000b340 (0x00001f17) x30 0x8000c340
core   0: 0xffffffff8000b344 (0xcc3f2023) sw      gp, -832(t5)
3 0x8000b344 (0xcc3f2023) mem 0x8000c000 0x00000001
core   0: 0xffffffff8000b348 (0xff9ff06f) j       pc - 0x8
3 0x8000b348 (0xff9ff06f)
core   0: 0xffffffff8000b340 (0x00001f17) auipc   t5, 0x1
3 0x8000b340 (0x00001f17) x30 0x8000c340
core   0: 0xffffffff8000b344 (0xcc3f2023) sw      gp, -832(t5)
3 0x8000b344 (0xcc3f2023) mem 0x8000c000 0x00000001
core   0: 0xffffffff8000b348 (0xff9ff06f) j       pc - 0x8
3 0x8000b348 (0xff9ff06f)
core   0: 0xffffffff8000b340 (0x00001f17) auipc   t5, 0x1
3 0x8000b340 (0x00001f17) x30 0x8000c340
core   0: 0xffffffff8000b344 (0xcc3f2023) sw      gp, -832(t5)
3 0x8000b344 (0xcc3f2023) mem 0x8000c000 0x00000001
core   0: 0xffffffff8000b348 (0xff9ff06f) j       pc - 0x8
3 0x8000b348 (0xff9ff06f)
core   0: 0xffffffff8000b340 (0x00001f17) auipc   t5, 0x1
3 0x8000b340 (0x00001f17) x30 0x8000c340
core   0: 0xffffffff8000b344 (0xcc3f2023) sw      gp, -832(t5)
3 0x8000b344 (0xcc3f2023) mem 0x8000c000 0x00000001
core   0: 0xffffffff8000b348 (0xff9ff06f) j       pc - 0x8
3 0x8000b348 (0xff9ff06f)
core   0: 0xffffffff8000b340 (0x00001f17) auipc   t5, 0x1
3 0x8000b340 (0x00001f17) x30 0x8000c340
core   0: 0xffffffff8000b344 (0xcc3f2023) sw      gp, -832(t5)
3 0x8000b344 (0xcc3f2023) mem 0x8000c000 0x00000001
core   0: 0xffffffff8000b348 (0xff9ff06f) j       pc - 0x8
3 0x8000b348 (0xff9ff06f)
core   0: 0xffffffff8000b340 (0x00001f17) auipc   t5, 0x1
3 0x8000b340 (0x00001f17) x30 0x8000c340
core   0: 0xffffffff8000b344 (0xcc3f2023) sw      gp, -832(t5)
3 0x8000b344 (0xcc3f2023) mem 0x8000c000 0x00000001
core   0: 0xffffffff8000b348 (0xff9ff06f) j       pc - 0x8
3 0x8000b348 (0xff9ff06f)
core   0: 0xffffffff8000b340 (0x00001f17) auipc   t5, 0x1
3 0x8000b340 (0x00001f17) x30 0x8000c340
core   0: 0xffffffff8000b344 (0xcc3f2023) sw      gp, -832(t5)
3 0x8000b344 (0xcc3f2023) mem 0x8000c000 0x00000001
core   0: 0xffffffff8000b348 (0xff9ff06f) j       pc - 0x8
3 0x8000b348 (0xff9ff06f)
core   0: 0xffffffff8000b340 (0x00001f17) auipc   t5, 0x1
3 0x8000b340 (0x00001f17) x30 0x8000c340
core   0: 0xffffffff8000b344 (0xcc3f2023) sw      gp, -832(t5)
3 0x8000b344 (0xcc3f2023) mem 0x8000c000 0x00000001
core   0: 0xffffffff8000b348 (0xff9ff06f) j       pc - 0x8
3 0x8000b348 (0xff9ff06f)
core   0: 0xffffffff8000b340 (0x00001f17) auipc   t5, 0x1
3 0x8000b340 (0x00001f17) x30 0x8000c340
core   0: 0xffffffff8000b344 (0xcc3f2023) sw      gp, -832(t5)
3 0x8000b344 (0xcc3f2023) mem 0x8000c000 0x00000001
core   0: 0xffffffff8000b348 (0xff9ff06f) j       pc - 0x8
3 0x8000b348 (0xff9ff06f)
core   0: 0xffffffff8000b340 (0x00001f17) auipc   t5, 0x1
3 0x8000b340 (0x00001f17) x30 0x8000c340
core   0: 0xffffffff8000b344 (0xcc3f2023) sw      gp, -832(t5)
3 0x8000b344 (0xcc3f2023) mem 0x8000c000 0x00000001
core   0: 0xffffffff8000b348 (0xff9ff06f) j       pc - 0x8
3 0x8000b348 (0xff9ff06f)
core   0: 0xffffffff8000b340 (0x00001f17) auipc   t5, 0x1
3 0x8000b340 (0x00001f17) x30 0x8000c340
core   0: 0xffffffff8000b344 (0xcc3f2023) sw      gp, -832(t5)
3 0x8000b344 (0xcc3f2023) mem 0x8000c000 0x00000001
core   0: 0xffffffff8000b348 (0xff9ff06f) j       pc - 0x8
3 0x8000b348 (0xff9ff06f)
core   0: 0xffffffff8000b340 (0x00001f17) auipc   t5, 0x1
3 0x8000b340 (0x00001f17) x30 0x8000c340
core   0: 0xffffffff8000b344 (0xcc3f2023) sw      gp, -832(t5)
3 0x8000b344 (0xcc3f2023) mem 0x8000c000 0x00000001
core   0: 0xffffffff8000b348 (0xff9ff06f) j       pc - 0x8
3 0x8000b348 (0xff9ff06f)
core   0: 0xffffffff8000b340 (0x00001f17) auipc   t5, 0x1
3 0x8000b340 (0x00001f17) x30 0x8000c340
core   0: 0xffffffff8000b344 (0xcc3f2023) sw      gp, -832(t5)
3 0x8000b344 (0xcc3f2023) mem 0x8000c000 0x00000001
core   0: 0xffffffff8000b348 (0xff9ff06f) j       pc - 0x8
3 0x8000b348 (0xff9ff06f)
core   0: 0xffffffff8000b340 (0x00001f17) auipc   t5, 0x1
3 0x8000b340 (0x00001f17) x30 0x8000c340
core   0: 0xffffffff8000b344 (0xcc3f2023) sw      gp, -832(t5)
3 0x8000b344 (0xcc3f2023) mem 0x8000c000 0x00000001
core   0: 0xffffffff8000b348 (0xff9ff06f) j       pc - 0x8
3 0x8000b348 (0xff9ff06f)
core   0: 0xffffffff8000b340 (0x00001f17) auipc   t5, 0x1
3 0x8000b340 (0x00001f17) x30 0x8000c340
core   0: 0xffffffff8000b344 (0xcc3f2023) sw      gp, -832(t5)
3 0x8000b344 (0xcc3f2023) mem 0x8000c000 0x00000001
core   0: 0xffffffff8000b348 (0xff9ff06f) j       pc - 0x8
3 0x8000b348 (0xff9ff06f)
core   0: 0xffffffff8000b340 (0x00001f17) auipc   t5, 0x1
3 0x8000b340 (0x00001f17) x30 0x8000c340
core   0: 0xffffffff8000b344 (0xcc3f2023) sw      gp, -832(t5)
3 0x8000b344 (0xcc3f2023) mem 0x8000c000 0x00000001
core   0: 0xffffffff8000b348 (0xff9ff06f) j       pc - 0x8
3 0x8000b348 (0xff9ff06f)
core   0: 0xffffffff8000b340 (0x00001f17) auipc   t5, 0x1
3 0x8000b340 (0x00001f17) x30 0x8000c340
core   0: 0xffffffff8000b344 (0xcc3f2023) sw      gp, -832(t5)
3 0x8000b344 (0xcc3f2023) mem 0x8000c000 0x00000001
core   0: 0xffffffff8000b348 (0xff9ff06f) j       pc - 0x8
3 0x8000b348 (0xff9ff06f)
core   0: 0xffffffff8000b340 (0x00001f17) auipc   t5, 0x1
3 0x8000b340 (0x00001f17) x30 0x8000c340
core   0: 0xffffffff8000b344 (0xcc3f2023) sw      gp, -832(t5)
3 0x8000b344 (0xcc3f2023) mem 0x8000c000 0x00000001
core   0: 0xffffffff8000b348 (0xff9ff06f) j       pc - 0x8
3 0x8000b348 (0xff9ff06f)
core   0: 0xffffffff8000b340 (0x00001f17) auipc   t5, 0x1
3 0x8000b340 (0x00001f17) x30 0x8000c340
core   0: 0xffffffff8000b344 (0xcc3f2023) sw      gp, -832(t5)
3 0x8000b344 (0xcc3f2023) mem 0x8000c000 0x00000001
core   0: 0xffffffff8000b348 (0xff9ff06f) j       pc - 0x8
3 0x8000b348 (0xff9ff06f)
core   0: 0xffffffff8000b340 (0x00001f17) auipc   t5, 0x1
3 0x8000b340 (0x00001f17) x30 0x8000c340
core   0: 0xffffffff8000b344 (0xcc3f2023) sw      gp, -832(t5)
3 0x8000b344 (0xcc3f2023) mem 0x8000c000 0x00000001
core   0: 0xffffffff8000b348 (0xff9ff06f) j       pc - 0x8
3 0x8000b348 (0xff9ff06f)
core   0: 0xffffffff8000b340 (0x00001f17) auipc   t5, 0x1
3 0x8000b340 (0x00001f17) x30 0x8000c340
core   0: 0xffffffff8000b344 (0xcc3f2023) sw      gp, -832(t5)
3 0x8000b344 (0xcc3f2023) mem 0x8000c000 0x00000001
core   0: 0xffffffff8000b348 (0xff9ff06f) j       pc - 0x8
3 0x8000b348 (0xff9ff06f)
core   0: 0xffffffff8000b340 (0x00001f17) auipc   t5, 0x1
3 0x8000b340 (0x00001f17) x30 0x8000c340
core   0: 0xffffffff8000b344 (0xcc3f2023) sw      gp, -832(t5)
3 0x8000b344 (0xcc3f2023) mem 0x8000c000 0x00000001
core   0: 0xffffffff8000b348 (0xff9ff06f) j       pc - 0x8
3 0x8000b348 (0xff9ff06f)
core   0: 0xffffffff8000b340 (0x00001f17) auipc   t5, 0x1
3 0x8000b340 (0x00001f17) x30 0x8000c340
core   0: 0xffffffff8000b344 (0xcc3f2023) sw      gp, -832(t5)
3 0x8000b344 (0xcc3f2023) mem 0x8000c000 0x00000001
core   0: 0xffffffff8000b348 (0xff9ff06f) j       pc - 0x8
3 0x8000b348 (0xff9ff06f)
core   0: 0xffffffff8000b340 (0x00001f17) auipc   t5, 0x1
3 0x8000b340 (0x00001f17) x30 0x8000c340
core   0: 0xffffffff8000b344 (0xcc3f2023) sw      gp, -832(t5)
3 0x8000b344 (0xcc3f2023) mem 0x8000c000 0x00000001
core   0: 0xffffffff8000b348 (0xff9ff06f) j       pc - 0x8
3 0x8000b348 (0xff9ff06f)
core   0: 0xffffffff8000b340 (0x00001f17) auipc   t5, 0x1
3 0x8000b340 (0x00001f17) x30 0x8000c340
core   0: 0xffffffff8000b344 (0xcc3f2023) sw      gp, -832(t5)
3 0x8000b344 (0xcc3f2023) mem 0x8000c000 0x00000001
core   0: 0xffffffff8000b348 (0xff9ff06f) j       pc - 0x8
3 0x8000b348 (0xff9ff06f)
core   0: 0xffffffff8000b340 (0x00001f17) auipc   t5, 0x1
3 0x8000b340 (0x00001f17) x30 0x8000c340
core   0: 0xffffffff8000b344 (0xcc3f2023) sw      gp, -832(t5)
3 0x8000b344 (0xcc3f2023) mem 0x8000c000 0x00000001
core   0: 0xffffffff8000b348 (0xff9ff06f) j       pc - 0x8
3 0x8000b348 (0xff9ff06f)
core   0: 0xffffffff8000b340 (0x00001f17) auipc   t5, 0x1
3 0x8000b340 (0x00001f17) x30 0x8000c340
core   0: 0xffffffff8000b344 (0xcc3f2023) sw      gp, -832(t5)
3 0x8000b344 (0xcc3f2023) mem 0x8000c000 0x00000001
core   0: 0xffffffff8000b348 (0xff9ff06f) j       pc - 0x8
3 0x8000b348 (0xff9ff06f)
core   0: 0xffffffff8000b340 (0x00001f17) auipc   t5, 0x1
3 0x8000b340 (0x00001f17) x30 0x8000c340
core   0: 0xffffffff8000b344 (0xcc3f2023) sw      gp, -832(t5)
3 0x8000b344 (0xcc3f2023) mem 0x8000c000 0x00000001
core   0: 0xffffffff8000b348 (0xff9ff06f) j       pc - 0x8
3 0x8000b348 (0xff9ff06f)
core   0: 0xffffffff8000b340 (0x00001f17) auipc   t5, 0x1
3 0x8000b340 (0x00001f17) x30 0x8000c340
core   0: 0xffffffff8000b344 (0xcc3f2023) sw      gp, -832(t5)
3 0x8000b344 (0xcc3f2023) mem 0x8000c000 0x00000001
core   0: 0xffffffff8000b348 (0xff9ff06f) j       pc - 0x8
3 0x8000b348 (0xff9ff06f)
core   0: 0xffffffff8000b340 (0x00001f17) auipc   t5, 0x1
3 0x8000b340 (0x00001f17) x30 0x8000c340
core   0: 0xffffffff8000b344 (0xcc3f2023) sw      gp, -832(t5)
3 0x8000b344 (0xcc3f2023) mem 0x8000c000 0x00000001
core   0: 0xffffffff8000b348 (0xff9ff06f) j       pc - 0x8
3 0x8000b348 (0xff9ff06f)
core   0: 0xffffffff8000b340 (0x00001f17) auipc   t5, 0x1
3 0x8000b340 (0x00001f17) x30 0x8000c340
core   0: 0xffffffff8000b344 (0xcc3f2023) sw      gp, -832(t5)
3 0x8000b344 (0xcc3f2023) mem 0x8000c000 0x00000001
core   0: 0xffffffff8000b348 (0xff9ff06f) j       pc - 0x8
3 0x8000b348 (0xff9ff06f)
core   0: 0xffffffff8000b340 (0x00001f17) auipc   t5, 0x1
3 0x8000b340 (0x00001f17) x30 0x8000c340
core   0: 0xffffffff8000b344 (0xcc3f2023) sw      gp, -832(t5)
3 0x8000b344 (0xcc3f2023) mem 0x8000c000 0x00000001
core   0: 0xffffffff8000b348 (0xff9ff06f) j       pc - 0x8
3 0x8000b348 (0xff9ff06f)
core   0: 0xffffffff8000b340 (0x00001f17) auipc   t5, 0x1
3 0x8000b340 (0x00001f17) x30 0x8000c340
core   0: 0xffffffff8000b344 (0xcc3f2023) sw      gp, -832(t5)
3 0x8000b344 (0xcc3f2023) mem 0x8000c000 0x00000001
core   0: 0xffffffff8000b348 (0xff9ff06f) j       pc - 0x8
3 0x8000b348 (0xff9ff06f)
core   0: 0xffffffff8000b340 (0x00001f17) auipc   t5, 0x1
3 0x8000b340 (0x00001f17) x30 0x8000c340
core   0: 0xffffffff8000b344 (0xcc3f2023) sw      gp, -832(t5)
3 0x8000b344 (0xcc3f2023) mem 0x8000c000 0x00000001
core   0: 0xffffffff8000b348 (0xff9ff06f) j       pc - 0x8
3 0x8000b348 (0xff9ff06f)
core   0: 0xffffffff8000b340 (0x00001f17) auipc   t5, 0x1
3 0x8000b340 (0x00001f17) x30 0x8000c340
core   0: 0xffffffff8000b344 (0xcc3f2023) sw      gp, -832(t5)
3 0x8000b344 (0xcc3f2023) mem 0x8000c000 0x00000001
core   0: 0xffffffff8000b348 (0xff9ff06f) j       pc - 0x8
3 0x8000b348 (0xff9ff06f)
core   0: 0xffffffff8000b340 (0x00001f17) auipc   t5, 0x1
3 0x8000b340 (0x00001f17) x30 0x8000c340
core   0: 0xffffffff8000b344 (0xcc3f2023) sw      gp, -832(t5)
3 0x8000b344 (0xcc3f2023) mem 0x8000c000 0x00000001
core   0: 0xffffffff8000b348 (0xff9ff06f) j       pc - 0x8
3 0x8000b348 (0xff9ff06f)
core   0: 0xffffffff8000b340 (0x00001f17) auipc   t5, 0x1
3 0x8000b340 (0x00001f17) x30 0x8000c340
core   0: 0xffffffff8000b344 (0xcc3f2023) sw      gp, -832(t5)
3 0x8000b344 (0xcc3f2023) mem 0x8000c000 0x00000001
core   0: 0xffffffff8000b348 (0xff9ff06f) j       pc - 0x8
3 0x8000b348 (0xff9ff06f)
core   0: 0xffffffff8000b340 (0x00001f17) auipc   t5, 0x1
3 0x8000b340 (0x00001f17) x30 0x8000c340
core   0: 0xffffffff8000b344 (0xcc3f2023) sw      gp, -832(t5)
3 0x8000b344 (0xcc3f2023) mem 0x8000c000 0x00000001
core   0: 0xffffffff8000b348 (0xff9ff06f) j       pc - 0x8
3 0x8000b348 (0xff9ff06f)
core   0: 0xffffffff8000b340 (0x00001f17) auipc   t5, 0x1
3 0x8000b340 (0x00001f17) x30 0x8000c340
core   0: 0xffffffff8000b344 (0xcc3f2023) sw      gp, -832(t5)
3 0x8000b344 (0xcc3f2023) mem 0x8000c000 0x00000001
core   0: 0xffffffff8000b348 (0xff9ff06f) j       pc - 0x8
3 0x8000b348 (0xff9ff06f)
core   0: 0xffffffff8000b340 (0x00001f17) auipc   t5, 0x1
3 0x8000b340 (0x00001f17) x30 0x8000c340
core   0: 0xffffffff8000b344 (0xcc3f2023) sw      gp, -832(t5)
3 0x8000b344 (0xcc3f2023) mem 0x8000c000 0x00000001
core   0: 0xffffffff8000b348 (0xff9ff06f) j       pc - 0x8
3 0x8000b348 (0xff9ff06f)
core   0: 0xffffffff8000b340 (0x00001f17) auipc   t5, 0x1
3 0x8000b340 (0x00001f17) x30 0x8000c340
core   0: 0xffffffff8000b344 (0xcc3f2023) sw      gp, -832(t5)
3 0x8000b344 (0xcc3f2023) mem 0x8000c000 0x00000001
core   0: 0xffffffff8000b348 (0xff9ff06f) j       pc - 0x8
3 0x8000b348 (0xff9ff06f)
core   0: 0xffffffff8000b340 (0x00001f17) auipc   t5, 0x1
3 0x8000b340 (0x00001f17) x30 0x8000c340
core   0: 0xffffffff8000b344 (0xcc3f2023) sw      gp, -832(t5)
3 0x8000b344 (0xcc3f2023) mem 0x8000c000 0x00000001
core   0: 0xffffffff8000b348 (0xff9ff06f) j       pc - 0x8
3 0x8000b348 (0xff9ff06f)
core   0: 0xffffffff8000b340 (0x00001f17) auipc   t5, 0x1
3 0x8000b340 (0x00001f17) x30 0x8000c340
core   0: 0xffffffff8000b344 (0xcc3f2023) sw      gp, -832(t5)
3 0x8000b344 (0xcc3f2023) mem 0x8000c000 0x00000001
core   0: 0xffffffff8000b348 (0xff9ff06f) j       pc - 0x8
3 0x8000b348 (0xff9ff06f)
core   0: 0xffffffff8000b340 (0x00001f17) auipc   t5, 0x1
3 0x8000b340 (0x00001f17) x30 0x8000c340
core   0: 0xffffffff8000b344 (0xcc3f2023) sw      gp, -832(t5)
3 0x8000b344 (0xcc3f2023) mem 0x8000c000 0x00000001
core   0: 0xffffffff8000b348 (0xff9ff06f) j       pc - 0x8
3 0x8000b348 (0xff9ff06f)
core   0: 0xffffffff8000b340 (0x00001f17) auipc   t5, 0x1
3 0x8000b340 (0x00001f17) x30 0x8000c340
core   0: 0xffffffff8000b344 (0xcc3f2023) sw      gp, -832(t5)
3 0x8000b344 (0xcc3f2023) mem 0x8000c000 0x00000001
core   0: 0xffffffff8000b348 (0xff9ff06f) j       pc - 0x8
3 0x8000b348 (0xff9ff06f)
core   0: 0xffffffff8000b340 (0x00001f17) auipc   t5, 0x1
3 0x8000b340 (0x00001f17) x30 0x8000c340
core   0: 0xffffffff8000b344 (0xcc3f2023) sw      gp, -832(t5)
3 0x8000b344 (0xcc3f2023) mem 0x8000c000 0x00000001
core   0: 0xffffffff8000b348 (0xff9ff06f) j       pc - 0x8
3 0x8000b348 (0xff9ff06f)
core   0: 0xffffffff8000b340 (0x00001f17) auipc   t5, 0x1
3 0x8000b340 (0x00001f17) x30 0x8000c340
core   0: 0xffffffff8000b344 (0xcc3f2023) sw      gp, -832(t5)
3 0x8000b344 (0xcc3f2023) mem 0x8000c000 0x00000001
core   0: 0xffffffff8000b348 (0xff9ff06f) j       pc - 0x8
3 0x8000b348 (0xff9ff06f)
core   0: 0xffffffff8000b340 (0x00001f17) auipc   t5, 0x1
3 0x8000b340 (0x00001f17) x30 0x8000c340
core   0: 0xffffffff8000b344 (0xcc3f2023) sw      gp, -832(t5)
3 0x8000b344 (0xcc3f2023) mem 0x8000c000 0x00000001
core   0: 0xffffffff8000b348 (0xff9ff06f) j       pc - 0x8
3 0x8000b348 (0xff9ff06f)
core   0: 0xffffffff8000b340 (0x00001f17) auipc   t5, 0x1
3 0x8000b340 (0x00001f17) x30 0x8000c340
core   0: 0xffffffff8000b344 (0xcc3f2023) sw      gp, -832(t5)
3 0x8000b344 (0xcc3f2023) mem 0x8000c000 0x00000001
core   0: 0xffffffff8000b348 (0xff9ff06f) j       pc - 0x8
3 0x8000b348 (0xff9ff06f)
core   0: 0xffffffff8000b340 (0x00001f17) auipc   t5, 0x1
3 0x8000b340 (0x00001f17) x30 0x8000c340
core   0: 0xffffffff8000b344 (0xcc3f2023) sw      gp, -832(t5)
3 0x8000b344 (0xcc3f2023) mem 0x8000c000 0x00000001
core   0: 0xffffffff8000b348 (0xff9ff06f) j       pc - 0x8
3 0x8000b348 (0xff9ff06f)
core   0: 0xffffffff8000b340 (0x00001f17) auipc   t5, 0x1
3 0x8000b340 (0x00001f17) x30 0x8000c340
core   0: 0xffffffff8000b344 (0xcc3f2023) sw      gp, -832(t5)
3 0x8000b344 (0xcc3f2023) mem 0x8000c000 0x00000001
core   0: 0xffffffff8000b348 (0xff9ff06f) j       pc - 0x8
3 0x8000b348 (0xff9ff06f)
core   0: 0xffffffff8000b340 (0x00001f17) auipc   t5, 0x1
3 0x8000b340 (0x00001f17) x30 0x8000c340
core   0: 0xffffffff8000b344 (0xcc3f2023) sw      gp, -832(t5)
3 0x8000b344 (0xcc3f2023) mem 0x8000c000 0x00000001
core   0: 0xffffffff8000b348 (0xff9ff06f) j       pc - 0x8
3 0x8000b348 (0xff9ff06f)
core   0: 0xffffffff8000b340 (0x00001f17) auipc   t5, 0x1
3 0x8000b340 (0x00001f17) x30 0x8000c340
core   0: 0xffffffff8000b344 (0xcc3f2023) sw      gp, -832(t5)
3 0x8000b344 (0xcc3f2023) mem 0x8000c000 0x00000001
core   0: 0xffffffff8000b348 (0xff9ff06f) j       pc - 0x8
3 0x8000b348 (0xff9ff06f)
core   0: 0xffffffff8000b340 (0x00001f17) auipc   t5, 0x1
3 0x8000b340 (0x00001f17) x30 0x8000c340
core   0: 0xffffffff8000b344 (0xcc3f2023) sw      gp, -832(t5)
3 0x8000b344 (0xcc3f2023) mem 0x8000c000 0x00000001
core   0: 0xffffffff8000b348 (0xff9ff06f) j       pc - 0x8
3 0x8000b348 (0xff9ff06f)
core   0: 0xffffffff8000b340 (0x00001f17) auipc   t5, 0x1
3 0x8000b340 (0x00001f17) x30 0x8000c340
core   0: 0xffffffff8000b344 (0xcc3f2023) sw      gp, -832(t5)
3 0x8000b344 (0xcc3f2023) mem 0x8000c000 0x00000001
core   0: 0xffffffff8000b348 (0xff9ff06f) j       pc - 0x8
3 0x8000b348 (0xff9ff06f)
core   0: 0xffffffff8000b340 (0x00001f17) auipc   t5, 0x1
3 0x8000b340 (0x00001f17) x30 0x8000c340
core   0: 0xffffffff8000b344 (0xcc3f2023) sw      gp, -832(t5)
3 0x8000b344 (0xcc3f2023) mem 0x8000c000 0x00000001
core   0: 0xffffffff8000b348 (0xff9ff06f) j       pc - 0x8
3 0x8000b348 (0xff9ff06f)
core   0: 0xffffffff8000b340 (0x00001f17) auipc   t5, 0x1
3 0x8000b340 (0x00001f17) x30 0x8000c340
core   0: 0xffffffff8000b344 (0xcc3f2023) sw      gp, -832(t5)
3 0x8000b344 (0xcc3f2023) mem 0x8000c000 0x00000001
core   0: 0xffffffff8000b348 (0xff9ff06f) j       pc - 0x8
3 0x8000b348 (0xff9ff06f)
core   0: 0xffffffff8000b340 (0x00001f17) auipc   t5, 0x1
3 0x8000b340 (0x00001f17) x30 0x8000c340
core   0: 0xffffffff8000b344 (0xcc3f2023) sw      gp, -832(t5)
3 0x8000b344 (0xcc3f2023) mem 0x8000c000 0x00000001
core   0: 0xffffffff8000b348 (0xff9ff06f) j       pc - 0x8
3 0x8000b348 (0xff9ff06f)
core   0: 0xffffffff8000b340 (0x00001f17) auipc   t5, 0x1
3 0x8000b340 (0x00001f17) x30 0x8000c340
core   0: 0xffffffff8000b344 (0xcc3f2023) sw      gp, -832(t5)
3 0x8000b344 (0xcc3f2023) mem 0x8000c000 0x00000001
core   0: 0xffffffff8000b348 (0xff9ff06f) j       pc - 0x8
3 0x8000b348 (0xff9ff06f)
core   0: 0xffffffff8000b340 (0x00001f17) auipc   t5, 0x1
3 0x8000b340 (0x00001f17) x30 0x8000c340
core   0: 0xffffffff8000b344 (0xcc3f2023) sw      gp, -832(t5)
3 0x8000b344 (0xcc3f2023) mem 0x8000c000 0x00000001
core   0: 0xffffffff8000b348 (0xff9ff06f) j       pc - 0x8
3 0x8000b348 (0xff9ff06f)
core   0: 0xffffffff8000b340 (0x00001f17) auipc   t5, 0x1
3 0x8000b340 (0x00001f17) x30 0x8000c340
core   0: 0xffffffff8000b344 (0xcc3f2023) sw      gp, -832(t5)
3 0x8000b344 (0xcc3f2023) mem 0x8000c000 0x00000001
core   0: 0xffffffff8000b348 (0xff9ff06f) j       pc - 0x8
3 0x8000b348 (0xff9ff06f)
core   0: 0xffffffff8000b340 (0x00001f17) auipc   t5, 0x1
3 0x8000b340 (0x00001f17) x30 0x8000c340
core   0: 0xffffffff8000b344 (0xcc3f2023) sw      gp, -832(t5)
3 0x8000b344 (0xcc3f2023) mem 0x8000c000 0x00000001
core   0: 0xffffffff8000b348 (0xff9ff06f) j       pc - 0x8
3 0x8000b348 (0xff9ff06f)
core   0: 0xffffffff8000b340 (0x00001f17) auipc   t5, 0x1
3 0x8000b340 (0x00001f17) x30 0x8000c340
core   0: 0xffffffff8000b344 (0xcc3f2023) sw      gp, -832(t5)
3 0x8000b344 (0xcc3f2023) mem 0x8000c000 0x00000001
core   0: 0xffffffff8000b348 (0xff9ff06f) j       pc - 0x8
3 0x8000b348 (0xff9ff06f)
core   0: 0xffffffff8000b340 (0x00001f17) auipc   t5, 0x1
3 0x8000b340 (0x00001f17) x30 0x8000c340
core   0: 0xffffffff8000b344 (0xcc3f2023) sw      gp, -832(t5)
3 0x8000b344 (0xcc3f2023) mem 0x8000c000 0x00000001
core   0: 0xffffffff8000b348 (0xff9ff06f) j       pc - 0x8
3 0x8000b348 (0xff9ff06f)
core   0: 0xffffffff8000b340 (0x00001f17) auipc   t5, 0x1
3 0x8000b340 (0x00001f17) x30 0x8000c340
core   0: 0xffffffff8000b344 (0xcc3f2023) sw      gp, -832(t5)
3 0x8000b344 (0xcc3f2023) mem 0x8000c000 0x00000001
core   0: 0xffffffff8000b348 (0xff9ff06f) j       pc - 0x8
3 0x8000b348 (0xff9ff06f)
core   0: 0xffffffff8000b340 (0x00001f17) auipc   t5, 0x1
3 0x8000b340 (0x00001f17) x30 0x8000c340
core   0: 0xffffffff8000b344 (0xcc3f2023) sw      gp, -832(t5)
3 0x8000b344 (0xcc3f2023) mem 0x8000c000 0x00000001
core   0: 0xffffffff8000b348 (0xff9ff06f) j       pc - 0x8
3 0x8000b348 (0xff9ff06f)
core   0: 0xffffffff8000b340 (0x00001f17) auipc   t5, 0x1
3 0x8000b340 (0x00001f17) x30 0x8000c340
core   0: 0xffffffff8000b344 (0xcc3f2023) sw      gp, -832(t5)
3 0x8000b344 (0xcc3f2023) mem 0x8000c000 0x00000001
core   0: 0xffffffff8000b348 (0xff9ff06f) j       pc - 0x8
3 0x8000b348 (0xff9ff06f)
core   0: 0xffffffff8000b340 (0x00001f17) auipc   t5, 0x1
3 0x8000b340 (0x00001f17) x30 0x8000c340
core   0: 0xffffffff8000b344 (0xcc3f2023) sw      gp, -832(t5)
3 0x8000b344 (0xcc3f2023) mem 0x8000c000 0x00000001
core   0: 0xffffffff8000b348 (0xff9ff06f) j       pc - 0x8
3 0x8000b348 (0xff9ff06f)
core   0: 0xffffffff8000b340 (0x00001f17) auipc   t5, 0x1
3 0x8000b340 (0x00001f17) x30 0x8000c340
core   0: 0xffffffff8000b344 (0xcc3f2023) sw      gp, -832(t5)
3 0x8000b344 (0xcc3f2023) mem 0x8000c000 0x00000001
core   0: 0xffffffff8000b348 (0xff9ff06f) j       pc - 0x8
3 0x8000b348 (0xff9ff06f)
core   0: 0xffffffff8000b340 (0x00001f17) auipc   t5, 0x1
3 0x8000b340 (0x00001f17) x30 0x8000c340
core   0: 0xffffffff8000b344 (0xcc3f2023) sw      gp, -832(t5)
3 0x8000b344 (0xcc3f2023) mem 0x8000c000 0x00000001
core   0: 0xffffffff8000b348 (0xff9ff06f) j       pc - 0x8
3 0x8000b348 (0xff9ff06f)
core   0: 0xffffffff8000b340 (0x00001f17) auipc   t5, 0x1
3 0x8000b340 (0x00001f17) x30 0x8000c340
core   0: 0xffffffff8000b344 (0xcc3f2023) sw      gp, -832(t5)
3 0x8000b344 (0xcc3f2023) mem 0x8000c000 0x00000001
core   0: 0xffffffff8000b348 (0xff9ff06f) j       pc - 0x8
3 0x8000b348 (0xff9ff06f)
core   0: 0xffffffff8000b340 (0x00001f17) auipc   t5, 0x1
3 0x8000b340 (0x00001f17) x30 0x8000c340
core   0: 0xffffffff8000b344 (0xcc3f2023) sw      gp, -832(t5)
3 0x8000b344 (0xcc3f2023) mem 0x8000c000 0x00000001
core   0: 0xffffffff8000b348 (0xff9ff06f) j       pc - 0x8
3 0x8000b348 (0xff9ff06f)
core   0: 0xffffffff8000b340 (0x00001f17) auipc   t5, 0x1
3 0x8000b340 (0x00001f17) x30 0x8000c340
core   0: 0xffffffff8000b344 (0xcc3f2023) sw      gp, -832(t5)
3 0x8000b344 (0xcc3f2023) mem 0x8000c000 0x00000001
core   0: 0xffffffff8000b348 (0xff9ff06f) j       pc - 0x8
3 0x8000b348 (0xff9ff06f)
core   0: 0xffffffff8000b340 (0x00001f17) auipc   t5, 0x1
3 0x8000b340 (0x00001f17) x30 0x8000c340
core   0: 0xffffffff8000b344 (0xcc3f2023) sw      gp, -832(t5)
3 0x8000b344 (0xcc3f2023) mem 0x8000c000 0x00000001
core   0: 0xffffffff8000b348 (0xff9ff06f) j       pc - 0x8
3 0x8000b348 (0xff9ff06f)
core   0: 0xffffffff8000b340 (0x00001f17) auipc   t5, 0x1
3 0x8000b340 (0x00001f17) x30 0x8000c340
core   0: 0xffffffff8000b344 (0xcc3f2023) sw      gp, -832(t5)
3 0x8000b344 (0xcc3f2023) mem 0x8000c000 0x00000001
core   0: 0xffffffff8000b348 (0xff9ff06f) j       pc - 0x8
3 0x8000b348 (0xff9ff06f)
core   0: 0xffffffff8000b340 (0x00001f17) auipc   t5, 0x1
3 0x8000b340 (0x00001f17) x30 0x8000c340
core   0: 0xffffffff8000b344 (0xcc3f2023) sw      gp, -832(t5)
3 0x8000b344 (0xcc3f2023) mem 0x8000c000 0x00000001
core   0: 0xffffffff8000b348 (0xff9ff06f) j       pc - 0x8
3 0x8000b348 (0xff9ff06f)
core   0: 0xffffffff8000b340 (0x00001f17) auipc   t5, 0x1
3 0x8000b340 (0x00001f17) x30 0x8000c340
core   0: 0xffffffff8000b344 (0xcc3f2023) sw      gp, -832(t5)
3 0x8000b344 (0xcc3f2023) mem 0x8000c000 0x00000001
core   0: 0xffffffff8000b348 (0xff9ff06f) j       pc - 0x8
3 0x8000b348 (0xff9ff06f)
core   0: 0xffffffff8000b340 (0x00001f17) auipc   t5, 0x1
3 0x8000b340 (0x00001f17) x30 0x8000c340
core   0: 0xffffffff8000b344 (0xcc3f2023) sw      gp, -832(t5)
3 0x8000b344 (0xcc3f2023) mem 0x8000c000 0x00000001
core   0: 0xffffffff8000b348 (0xff9ff06f) j       pc - 0x8
3 0x8000b348 (0xff9ff06f)
core   0: 0xffffffff8000b340 (0x00001f17) auipc   t5, 0x1
3 0x8000b340 (0x00001f17) x30 0x8000c340
core   0: 0xffffffff8000b344 (0xcc3f2023) sw      gp, -832(t5)
3 0x8000b344 (0xcc3f2023) mem 0x8000c000 0x00000001
core   0: 0xffffffff8000b348 (0xff9ff06f) j       pc - 0x8
3 0x8000b348 (0xff9ff06f)
core   0: 0xffffffff8000b340 (0x00001f17) auipc   t5, 0x1
3 0x8000b340 (0x00001f17) x30 0x8000c340
core   0: 0xffffffff8000b344 (0xcc3f2023) sw      gp, -832(t5)
3 0x8000b344 (0xcc3f2023) mem 0x8000c000 0x00000001
core   0: 0xffffffff8000b348 (0xff9ff06f) j       pc - 0x8
3 0x8000b348 (0xff9ff06f)
core   0: 0xffffffff8000b340 (0x00001f17) auipc   t5, 0x1
3 0x8000b340 (0x00001f17) x30 0x8000c340
core   0: 0xffffffff8000b344 (0xcc3f2023) sw      gp, -832(t5)
3 0x8000b344 (0xcc3f2023) mem 0x8000c000 0x00000001
core   0: 0xffffffff8000b348 (0xff9ff06f) j       pc - 0x8
3 0x8000b348 (0xff9ff06f)
core   0: 0xffffffff8000b340 (0x00001f17) auipc   t5, 0x1
3 0x8000b340 (0x00001f17) x30 0x8000c340
core   0: 0xffffffff8000b344 (0xcc3f2023) sw      gp, -832(t5)
3 0x8000b344 (0xcc3f2023) mem 0x8000c000 0x00000001
core   0: 0xffffffff8000b348 (0xff9ff06f) j       pc - 0x8
3 0x8000b348 (0xff9ff06f)
core   0: 0xffffffff8000b340 (0x00001f17) auipc   t5, 0x1
3 0x8000b340 (0x00001f17) x30 0x8000c340
core   0: 0xffffffff8000b344 (0xcc3f2023) sw      gp, -832(t5)
3 0x8000b344 (0xcc3f2023) mem 0x8000c000 0x00000001
core   0: 0xffffffff8000b348 (0xff9ff06f) j       pc - 0x8
3 0x8000b348 (0xff9ff06f)
core   0: 0xffffffff8000b340 (0x00001f17) auipc   t5, 0x1
3 0x8000b340 (0x00001f17) x30 0x8000c340
core   0: 0xffffffff8000b344 (0xcc3f2023) sw      gp, -832(t5)
3 0x8000b344 (0xcc3f2023) mem 0x8000c000 0x00000001
core   0: 0xffffffff8000b348 (0xff9ff06f) j       pc - 0x8
3 0x8000b348 (0xff9ff06f)
core   0: 0xffffffff8000b340 (0x00001f17) auipc   t5, 0x1
3 0x8000b340 (0x00001f17) x30 0x8000c340
core   0: 0xffffffff8000b344 (0xcc3f2023) sw      gp, -832(t5)
3 0x8000b344 (0xcc3f2023) mem 0x8000c000 0x00000001
core   0: 0xffffffff8000b348 (0xff9ff06f) j       pc - 0x8
3 0x8000b348 (0xff9ff06f)
core   0: 0xffffffff8000b340 (0x00001f17) auipc   t5, 0x1
3 0x8000b340 (0x00001f17) x30 0x8000c340
core   0: 0xffffffff8000b344 (0xcc3f2023) sw      gp, -832(t5)
3 0x8000b344 (0xcc3f2023) mem 0x8000c000 0x00000001
core   0: 0xffffffff8000b348 (0xff9ff06f) j       pc - 0x8
3 0x8000b348 (0xff9ff06f)
core   0: 0xffffffff8000b340 (0x00001f17) auipc   t5, 0x1
3 0x8000b340 (0x00001f17) x30 0x8000c340
core   0: 0xffffffff8000b344 (0xcc3f2023) sw      gp, -832(t5)
3 0x8000b344 (0xcc3f2023) mem 0x8000c000 0x00000001
core   0: 0xffffffff8000b348 (0xff9ff06f) j       pc - 0x8
3 0x8000b348 (0xff9ff06f)
core   0: 0xffffffff8000b340 (0x00001f17) auipc   t5, 0x1
3 0x8000b340 (0x00001f17) x30 0x8000c340
core   0: 0xffffffff8000b344 (0xcc3f2023) sw      gp, -832(t5)
3 0x8000b344 (0xcc3f2023) mem 0x8000c000 0x00000001
core   0: 0xffffffff8000b348 (0xff9ff06f) j       pc - 0x8
3 0x8000b348 (0xff9ff06f)
core   0: 0xffffffff8000b340 (0x00001f17) auipc   t5, 0x1
3 0x8000b340 (0x00001f17) x30 0x8000c340
core   0: 0xffffffff8000b344 (0xcc3f2023) sw      gp, -832(t5)
3 0x8000b344 (0xcc3f2023) mem 0x8000c000 0x00000001
core   0: 0xffffffff8000b348 (0xff9ff06f) j       pc - 0x8
3 0x8000b348 (0xff9ff06f)
core   0: 0xffffffff8000b340 (0x00001f17) auipc   t5, 0x1
3 0x8000b340 (0x00001f17) x30 0x8000c340
core   0: 0xffffffff8000b344 (0xcc3f2023) sw      gp, -832(t5)
3 0x8000b344 (0xcc3f2023) mem 0x8000c000 0x00000001
core   0: 0xffffffff8000b348 (0xff9ff06f) j       pc - 0x8
3 0x8000b348 (0xff9ff06f)
core   0: 0xffffffff8000b340 (0x00001f17) auipc   t5, 0x1
3 0x8000b340 (0x00001f17) x30 0x8000c340
core   0: 0xffffffff8000b344 (0xcc3f2023) sw      gp, -832(t5)
3 0x8000b344 (0xcc3f2023) mem 0x8000c000 0x00000001
core   0: 0xffffffff8000b348 (0xff9ff06f) j       pc - 0x8
3 0x8000b348 (0xff9ff06f)
core   0: 0xffffffff8000b340 (0x00001f17) auipc   t5, 0x1
3 0x8000b340 (0x00001f17) x30 0x8000c340
core   0: 0xffffffff8000b344 (0xcc3f2023) sw      gp, -832(t5)
3 0x8000b344 (0xcc3f2023) mem 0x8000c000 0x00000001
core   0: 0xffffffff8000b348 (0xff9ff06f) j       pc - 0x8
3 0x8000b348 (0xff9ff06f)
core   0: 0xffffffff8000b340 (0x00001f17) auipc   t5, 0x1
3 0x8000b340 (0x00001f17) x30 0x8000c340
core   0: 0xffffffff8000b344 (0xcc3f2023) sw      gp, -832(t5)
3 0x8000b344 (0xcc3f2023) mem 0x8000c000 0x00000001
core   0: 0xffffffff8000b348 (0xff9ff06f) j       pc - 0x8
3 0x8000b348 (0xff9ff06f)
core   0: 0xffffffff8000b340 (0x00001f17) auipc   t5, 0x1
3 0x8000b340 (0x00001f17) x30 0x8000c340
core   0: 0xffffffff8000b344 (0xcc3f2023) sw      gp, -832(t5)
3 0x8000b344 (0xcc3f2023) mem 0x8000c000 0x00000001
core   0: 0xffffffff8000b348 (0xff9ff06f) j       pc - 0x8
3 0x8000b348 (0xff9ff06f)
core   0: 0xffffffff8000b340 (0x00001f17) auipc   t5, 0x1
3 0x8000b340 (0x00001f17) x30 0x8000c340
core   0: 0xffffffff8000b344 (0xcc3f2023) sw      gp, -832(t5)
3 0x8000b344 (0xcc3f2023) mem 0x8000c000 0x00000001
core   0: 0xffffffff8000b348 (0xff9ff06f) j       pc - 0x8
3 0x8000b348 (0xff9ff06f)
core   0: 0xffffffff8000b340 (0x00001f17) auipc   t5, 0x1
3 0x8000b340 (0x00001f17) x30 0x8000c340
core   0: 0xffffffff8000b344 (0xcc3f2023) sw      gp, -832(t5)
3 0x8000b344 (0xcc3f2023) mem 0x8000c000 0x00000001
core   0: 0xffffffff8000b348 (0xff9ff06f) j       pc - 0x8
3 0x8000b348 (0xff9ff06f)
core   0: 0xffffffff8000b340 (0x00001f17) auipc   t5, 0x1
3 0x8000b340 (0x00001f17) x30 0x8000c340
core   0: 0xffffffff8000b344 (0xcc3f2023) sw      gp, -832(t5)
3 0x8000b344 (0xcc3f2023) mem 0x8000c000 0x00000001
core   0: 0xffffffff8000b348 (0xff9ff06f) j       pc - 0x8
3 0x8000b348 (0xff9ff06f)
core   0: 0xffffffff8000b340 (0x00001f17) auipc   t5, 0x1
3 0x8000b340 (0x00001f17) x30 0x8000c340
core   0: 0xffffffff8000b344 (0xcc3f2023) sw      gp, -832(t5)
3 0x8000b344 (0xcc3f2023) mem 0x8000c000 0x00000001
core   0: 0xffffffff8000b348 (0xff9ff06f) j       pc - 0x8
3 0x8000b348 (0xff9ff06f)
core   0: 0xffffffff8000b340 (0x00001f17) auipc   t5, 0x1
3 0x8000b340 (0x00001f17) x30 0x8000c340
core   0: 0xffffffff8000b344 (0xcc3f2023) sw      gp, -832(t5)
3 0x8000b344 (0xcc3f2023) mem 0x8000c000 0x00000001
core   0: 0xffffffff8000b348 (0xff9ff06f) j       pc - 0x8
3 0x8000b348 (0xff9ff06f)
core   0: 0xffffffff8000b340 (0x00001f17) auipc   t5, 0x1
3 0x8000b340 (0x00001f17) x30 0x8000c340
core   0: 0xffffffff8000b344 (0xcc3f2023) sw      gp, -832(t5)
3 0x8000b344 (0xcc3f2023) mem 0x8000c000 0x00000001
core   0: 0xffffffff8000b348 (0xff9ff06f) j       pc - 0x8
3 0x8000b348 (0xff9ff06f)
core   0: 0xffffffff8000b340 (0x00001f17) auipc   t5, 0x1
3 0x8000b340 (0x00001f17) x30 0x8000c340
core   0: 0xffffffff8000b344 (0xcc3f2023) sw      gp, -832(t5)
3 0x8000b344 (0xcc3f2023) mem 0x8000c000 0x00000001
core   0: 0xffffffff8000b348 (0xff9ff06f) j       pc - 0x8
3 0x8000b348 (0xff9ff06f)
core   0: 0xffffffff8000b340 (0x00001f17) auipc   t5, 0x1
3 0x8000b340 (0x00001f17) x30 0x8000c340
core   0: 0xffffffff8000b344 (0xcc3f2023) sw      gp, -832(t5)
3 0x8000b344 (0xcc3f2023) mem 0x8000c000 0x00000001
core   0: 0xffffffff8000b348 (0xff9ff06f) j       pc - 0x8
3 0x8000b348 (0xff9ff06f)
core   0: 0xffffffff8000b340 (0x00001f17) auipc   t5, 0x1
3 0x8000b340 (0x00001f17) x30 0x8000c340
core   0: 0xffffffff8000b344 (0xcc3f2023) sw      gp, -832(t5)
3 0x8000b344 (0xcc3f2023) mem 0x8000c000 0x00000001
core   0: 0xffffffff8000b348 (0xff9ff06f) j       pc - 0x8
3 0x8000b348 (0xff9ff06f)
core   0: 0xffffffff8000b340 (0x00001f17) auipc   t5, 0x1
3 0x8000b340 (0x00001f17) x30 0x8000c340
core   0: 0xffffffff8000b344 (0xcc3f2023) sw      gp, -832(t5)
3 0x8000b344 (0xcc3f2023) mem 0x8000c000 0x00000001
core   0: 0xffffffff8000b348 (0xff9ff06f) j       pc - 0x8
3 0x8000b348 (0xff9ff06f)
core   0: 0xffffffff8000b340 (0x00001f17) auipc   t5, 0x1
3 0x8000b340 (0x00001f17) x30 0x8000c340
core   0: 0xffffffff8000b344 (0xcc3f2023) sw      gp, -832(t5)
3 0x8000b344 (0xcc3f2023) mem 0x8000c000 0x00000001
core   0: 0xffffffff8000b348 (0xff9ff06f) j       pc - 0x8
3 0x8000b348 (0xff9ff06f)
core   0: 0xffffffff8000b340 (0x00001f17) auipc   t5, 0x1
3 0x8000b340 (0x00001f17) x30 0x8000c340
core   0: 0xffffffff8000b344 (0xcc3f2023) sw      gp, -832(t5)
3 0x8000b344 (0xcc3f2023) mem 0x8000c000 0x00000001
core   0: 0xffffffff8000b348 (0xff9ff06f) j       pc - 0x8
3 0x8000b348 (0xff9ff06f)
core   0: 0xffffffff8000b340 (0x00001f17) auipc   t5, 0x1
3 0x8000b340 (0x00001f17) x30 0x8000c340
core   0: 0xffffffff8000b344 (0xcc3f2023) sw      gp, -832(t5)
3 0x8000b344 (0xcc3f2023) mem 0x8000c000 0x00000001
core   0: 0xffffffff8000b348 (0xff9ff06f) j       pc - 0x8
3 0x8000b348 (0xff9ff06f)
core   0: 0xffffffff8000b340 (0x00001f17) auipc   t5, 0x1
3 0x8000b340 (0x00001f17) x30 0x8000c340
core   0: 0xffffffff8000b344 (0xcc3f2023) sw      gp, -832(t5)
3 0x8000b344 (0xcc3f2023) mem 0x8000c000 0x00000001
core   0: 0xffffffff8000b348 (0xff9ff06f) j       pc - 0x8
3 0x8000b348 (0xff9ff06f)
core   0: 0xffffffff8000b340 (0x00001f17) auipc   t5, 0x1
3 0x8000b340 (0x00001f17) x30 0x8000c340
core   0: 0xffffffff8000b344 (0xcc3f2023) sw      gp, -832(t5)
3 0x8000b344 (0xcc3f2023) mem 0x8000c000 0x00000001
core   0: 0xffffffff8000b348 (0xff9ff06f) j       pc - 0x8
3 0x8000b348 (0xff9ff06f)
core   0: 0xffffffff8000b340 (0x00001f17) auipc   t5, 0x1
3 0x8000b340 (0x00001f17) x30 0x8000c340
core   0: 0xffffffff8000b344 (0xcc3f2023) sw      gp, -832(t5)
3 0x8000b344 (0xcc3f2023) mem 0x8000c000 0x00000001
core   0: 0xffffffff8000b348 (0xff9ff06f) j       pc - 0x8
3 0x8000b348 (0xff9ff06f)
core   0: 0xffffffff8000b340 (0x00001f17) auipc   t5, 0x1
3 0x8000b340 (0x00001f17) x30 0x8000c340
core   0: 0xffffffff8000b344 (0xcc3f2023) sw      gp, -832(t5)
3 0x8000b344 (0xcc3f2023) mem 0x8000c000 0x00000001
core   0: 0xffffffff8000b348 (0xff9ff06f) j       pc - 0x8
3 0x8000b348 (0xff9ff06f)
core   0: 0xffffffff8000b340 (0x00001f17) auipc   t5, 0x1
3 0x8000b340 (0x00001f17) x30 0x8000c340
core   0: 0xffffffff8000b344 (0xcc3f2023) sw      gp, -832(t5)
3 0x8000b344 (0xcc3f2023) mem 0x8000c000 0x00000001
core   0: 0xffffffff8000b348 (0xff9ff06f) j       pc - 0x8
3 0x8000b348 (0xff9ff06f)
core   0: 0xffffffff8000b340 (0x00001f17) auipc   t5, 0x1
3 0x8000b340 (0x00001f17) x30 0x8000c340
core   0: 0xffffffff8000b344 (0xcc3f2023) sw      gp, -832(t5)
3 0x8000b344 (0xcc3f2023) mem 0x8000c000 0x00000001
core   0: 0xffffffff8000b348 (0xff9ff06f) j       pc - 0x8
3 0x8000b348 (0xff9ff06f)
core   0: 0xffffffff8000b340 (0x00001f17) auipc   t5, 0x1
3 0x8000b340 (0x00001f17) x30 0x8000c340
core   0: 0xffffffff8000b344 (0xcc3f2023) sw      gp, -832(t5)
3 0x8000b344 (0xcc3f2023) mem 0x8000c000 0x00000001
core   0: 0xffffffff8000b348 (0xff9ff06f) j       pc - 0x8
3 0x8000b348 (0xff9ff06f)
core   0: 0xffffffff8000b340 (0x00001f17) auipc   t5, 0x1
3 0x8000b340 (0x00001f17) x30 0x8000c340
core   0: 0xffffffff8000b344 (0xcc3f2023) sw      gp, -832(t5)
3 0x8000b344 (0xcc3f2023) mem 0x8000c000 0x00000001
core   0: 0xffffffff8000b348 (0xff9ff06f) j       pc - 0x8
3 0x8000b348 (0xff9ff06f)
core   0: 0xffffffff8000b340 (0x00001f17) auipc   t5, 0x1
3 0x8000b340 (0x00001f17) x30 0x8000c340
core   0: 0xffffffff8000b344 (0xcc3f2023) sw      gp, -832(t5)
3 0x8000b344 (0xcc3f2023) mem 0x8000c000 0x00000001
core   0: 0xffffffff8000b348 (0xff9ff06f) j       pc - 0x8
3 0x8000b348 (0xff9ff06f)
core   0: 0xffffffff8000b340 (0x00001f17) auipc   t5, 0x1
3 0x8000b340 (0x00001f17) x30 0x8000c340
core   0: 0xffffffff8000b344 (0xcc3f2023) sw      gp, -832(t5)
3 0x8000b344 (0xcc3f2023) mem 0x8000c000 0x00000001
core   0: 0xffffffff8000b348 (0xff9ff06f) j       pc - 0x8
3 0x8000b348 (0xff9ff06f)
core   0: 0xffffffff8000b340 (0x00001f17) auipc   t5, 0x1
3 0x8000b340 (0x00001f17) x30 0x8000c340
core   0: 0xffffffff8000b344 (0xcc3f2023) sw      gp, -832(t5)
3 0x8000b344 (0xcc3f2023) mem 0x8000c000 0x00000001
core   0: 0xffffffff8000b348 (0xff9ff06f) j       pc - 0x8
3 0x8000b348 (0xff9ff06f)
core   0: 0xffffffff8000b340 (0x00001f17) auipc   t5, 0x1
3 0x8000b340 (0x00001f17) x30 0x8000c340
core   0: 0xffffffff8000b344 (0xcc3f2023) sw      gp, -832(t5)
3 0x8000b344 (0xcc3f2023) mem 0x8000c000 0x00000001
core   0: 0xffffffff8000b348 (0xff9ff06f) j       pc - 0x8
3 0x8000b348 (0xff9ff06f)
core   0: 0xffffffff8000b340 (0x00001f17) auipc   t5, 0x1
3 0x8000b340 (0x00001f17) x30 0x8000c340
core   0: 0xffffffff8000b344 (0xcc3f2023) sw      gp, -832(t5)
3 0x8000b344 (0xcc3f2023) mem 0x8000c000 0x00000001
core   0: 0xffffffff8000b348 (0xff9ff06f) j       pc - 0x8
3 0x8000b348 (0xff9ff06f)
core   0: 0xffffffff8000b340 (0x00001f17) auipc   t5, 0x1
3 0x8000b340 (0x00001f17) x30 0x8000c340
core   0: 0xffffffff8000b344 (0xcc3f2023) sw      gp, -832(t5)
3 0x8000b344 (0xcc3f2023) mem 0x8000c000 0x00000001
core   0: 0xffffffff8000b348 (0xff9ff06f) j       pc - 0x8
3 0x8000b348 (0xff9ff06f)
core   0: 0xffffffff8000b340 (0x00001f17) auipc   t5, 0x1
3 0x8000b340 (0x00001f17) x30 0x8000c340
core   0: 0xffffffff8000b344 (0xcc3f2023) sw      gp, -832(t5)
3 0x8000b344 (0xcc3f2023) mem 0x8000c000 0x00000001
core   0: 0xffffffff8000b348 (0xff9ff06f) j       pc - 0x8
3 0x8000b348 (0xff9ff06f)
core   0: 0xffffffff8000b340 (0x00001f17) auipc   t5, 0x1
3 0x8000b340 (0x00001f17) x30 0x8000c340
core   0: 0xffffffff8000b344 (0xcc3f2023) sw      gp, -832(t5)
3 0x8000b344 (0xcc3f2023) mem 0x8000c000 0x00000001
core   0: 0xffffffff8000b348 (0xff9ff06f) j       pc - 0x8
3 0x8000b348 (0xff9ff06f)
core   0: 0xffffffff8000b340 (0x00001f17) auipc   t5, 0x1
3 0x8000b340 (0x00001f17) x30 0x8000c340
core   0: 0xffffffff8000b344 (0xcc3f2023) sw      gp, -832(t5)
3 0x8000b344 (0xcc3f2023) mem 0x8000c000 0x00000001
core   0: 0xffffffff8000b348 (0xff9ff06f) j       pc - 0x8
3 0x8000b348 (0xff9ff06f)
core   0: 0xffffffff8000b340 (0x00001f17) auipc   t5, 0x1
3 0x8000b340 (0x00001f17) x30 0x8000c340
core   0: 0xffffffff8000b344 (0xcc3f2023) sw      gp, -832(t5)
3 0x8000b344 (0xcc3f2023) mem 0x8000c000 0x00000001
core   0: 0xffffffff8000b348 (0xff9ff06f) j       pc - 0x8
3 0x8000b348 (0xff9ff06f)
core   0: 0xffffffff8000b340 (0x00001f17) auipc   t5, 0x1
3 0x8000b340 (0x00001f17) x30 0x8000c340
core   0: 0xffffffff8000b344 (0xcc3f2023) sw      gp, -832(t5)
3 0x8000b344 (0xcc3f2023) mem 0x8000c000 0x00000001
core   0: 0xffffffff8000b348 (0xff9ff06f) j       pc - 0x8
3 0x8000b348 (0xff9ff06f)
core   0: 0xffffffff8000b340 (0x00001f17) auipc   t5, 0x1
3 0x8000b340 (0x00001f17) x30 0x8000c340
core   0: 0xffffffff8000b344 (0xcc3f2023) sw      gp, -832(t5)
3 0x8000b344 (0xcc3f2023) mem 0x8000c000 0x00000001
core   0: 0xffffffff8000b348 (0xff9ff06f) j       pc - 0x8
3 0x8000b348 (0xff9ff06f)
core   0: 0xffffffff8000b340 (0x00001f17) auipc   t5, 0x1
3 0x8000b340 (0x00001f17) x30 0x8000c340
core   0: 0xffffffff8000b344 (0xcc3f2023) sw      gp, -832(t5)
3 0x8000b344 (0xcc3f2023) mem 0x8000c000 0x00000001
core   0: 0xffffffff8000b348 (0xff9ff06f) j       pc - 0x8
3 0x8000b348 (0xff9ff06f)
core   0: 0xffffffff8000b340 (0x00001f17) auipc   t5, 0x1
3 0x8000b340 (0x00001f17) x30 0x8000c340
core   0: 0xffffffff8000b344 (0xcc3f2023) sw      gp, -832(t5)
3 0x8000b344 (0xcc3f2023) mem 0x8000c000 0x00000001
core   0: 0xffffffff8000b348 (0xff9ff06f) j       pc - 0x8
3 0x8000b348 (0xff9ff06f)
core   0: 0xffffffff8000b340 (0x00001f17) auipc   t5, 0x1
3 0x8000b340 (0x00001f17) x30 0x8000c340
core   0: 0xffffffff8000b344 (0xcc3f2023) sw      gp, -832(t5)
3 0x8000b344 (0xcc3f2023) mem 0x8000c000 0x00000001
core   0: 0xffffffff8000b348 (0xff9ff06f) j       pc - 0x8
3 0x8000b348 (0xff9ff06f)
core   0: 0xffffffff8000b340 (0x00001f17) auipc   t5, 0x1
3 0x8000b340 (0x00001f17) x30 0x8000c340
core   0: 0xffffffff8000b344 (0xcc3f2023) sw      gp, -832(t5)
3 0x8000b344 (0xcc3f2023) mem 0x8000c000 0x00000001
core   0: 0xffffffff8000b348 (0xff9ff06f) j       pc - 0x8
3 0x8000b348 (0xff9ff06f)
core   0: 0xffffffff8000b340 (0x00001f17) auipc   t5, 0x1
3 0x8000b340 (0x00001f17) x30 0x8000c340
core   0: 0xffffffff8000b344 (0xcc3f2023) sw      gp, -832(t5)
3 0x8000b344 (0xcc3f2023) mem 0x8000c000 0x00000001
core   0: 0xffffffff8000b348 (0xff9ff06f) j       pc - 0x8
3 0x8000b348 (0xff9ff06f)
core   0: 0xffffffff8000b340 (0x00001f17) auipc   t5, 0x1
3 0x8000b340 (0x00001f17) x30 0x8000c340
core   0: 0xffffffff8000b344 (0xcc3f2023) sw      gp, -832(t5)
3 0x8000b344 (0xcc3f2023) mem 0x8000c000 0x00000001
core   0: 0xffffffff8000b348 (0xff9ff06f) j       pc - 0x8
3 0x8000b348 (0xff9ff06f)
core   0: 0xffffffff8000b340 (0x00001f17) auipc   t5, 0x1
3 0x8000b340 (0x00001f17) x30 0x8000c340
core   0: 0xffffffff8000b344 (0xcc3f2023) sw      gp, -832(t5)
3 0x8000b344 (0xcc3f2023) mem 0x8000c000 0x00000001
core   0: 0xffffffff8000b348 (0xff9ff06f) j       pc - 0x8
3 0x8000b348 (0xff9ff06f)
core   0: 0xffffffff8000b340 (0x00001f17) auipc   t5, 0x1
3 0x8000b340 (0x00001f17) x30 0x8000c340
core   0: 0xffffffff8000b344 (0xcc3f2023) sw      gp, -832(t5)
3 0x8000b344 (0xcc3f2023) mem 0x8000c000 0x00000001
core   0: 0xffffffff8000b348 (0xff9ff06f) j       pc - 0x8
3 0x8000b348 (0xff9ff06f)
core   0: 0xffffffff8000b340 (0x00001f17) auipc   t5, 0x1
3 0x8000b340 (0x00001f17) x30 0x8000c340
core   0: 0xffffffff8000b344 (0xcc3f2023) sw      gp, -832(t5)
3 0x8000b344 (0xcc3f2023) mem 0x8000c000 0x00000001
core   0: 0xffffffff8000b348 (0xff9ff06f) j       pc - 0x8
3 0x8000b348 (0xff9ff06f)
core   0: 0xffffffff8000b340 (0x00001f17) auipc   t5, 0x1
3 0x8000b340 (0x00001f17) x30 0x8000c340
core   0: 0xffffffff8000b344 (0xcc3f2023) sw      gp, -832(t5)
3 0x8000b344 (0xcc3f2023) mem 0x8000c000 0x00000001
core   0: 0xffffffff8000b348 (0xff9ff06f) j       pc - 0x8
3 0x8000b348 (0xff9ff06f)
core   0: 0xffffffff8000b340 (0x00001f17) auipc   t5, 0x1
3 0x8000b340 (0x00001f17) x30 0x8000c340
core   0: 0xffffffff8000b344 (0xcc3f2023) sw      gp, -832(t5)
3 0x8000b344 (0xcc3f2023) mem 0x8000c000 0x00000001
core   0: 0xffffffff8000b348 (0xff9ff06f) j       pc - 0x8
3 0x8000b348 (0xff9ff06f)
core   0: 0xffffffff8000b340 (0x00001f17) auipc   t5, 0x1
3 0x8000b340 (0x00001f17) x30 0x8000c340
core   0: 0xffffffff8000b344 (0xcc3f2023) sw      gp, -832(t5)
3 0x8000b344 (0xcc3f2023) mem 0x8000c000 0x00000001
core   0: 0xffffffff8000b348 (0xff9ff06f) j       pc - 0x8
3 0x8000b348 (0xff9ff06f)
core   0: 0xffffffff8000b340 (0x00001f17) auipc   t5, 0x1
3 0x8000b340 (0x00001f17) x30 0x8000c340
core   0: 0xffffffff8000b344 (0xcc3f2023) sw      gp, -832(t5)
3 0x8000b344 (0xcc3f2023) mem 0x8000c000 0x00000001
core   0: 0xffffffff8000b348 (0xff9ff06f) j       pc - 0x8
3 0x8000b348 (0xff9ff06f)
core   0: 0xffffffff8000b340 (0x00001f17) auipc   t5, 0x1
3 0x8000b340 (0x00001f17) x30 0x8000c340
core   0: 0xffffffff8000b344 (0xcc3f2023) sw      gp, -832(t5)
3 0x8000b344 (0xcc3f2023) mem 0x8000c000 0x00000001
core   0: 0xffffffff8000b348 (0xff9ff06f) j       pc - 0x8
3 0x8000b348 (0xff9ff06f)
core   0: 0xffffffff8000b340 (0x00001f17) auipc   t5, 0x1
3 0x8000b340 (0x00001f17) x30 0x8000c340
core   0: 0xffffffff8000b344 (0xcc3f2023) sw      gp, -832(t5)
3 0x8000b344 (0xcc3f2023) mem 0x8000c000 0x00000001
core   0: 0xffffffff8000b348 (0xff9ff06f) j       pc - 0x8
3 0x8000b348 (0xff9ff06f)
core   0: 0xffffffff8000b340 (0x00001f17) auipc   t5, 0x1
3 0x8000b340 (0x00001f17) x30 0x8000c340
core   0: 0xffffffff8000b344 (0xcc3f2023) sw      gp, -832(t5)
3 0x8000b344 (0xcc3f2023) mem 0x8000c000 0x00000001
core   0: 0xffffffff8000b348 (0xff9ff06f) j       pc - 0x8
3 0x8000b348 (0xff9ff06f)
core   0: 0xffffffff8000b340 (0x00001f17) auipc   t5, 0x1
3 0x8000b340 (0x00001f17) x30 0x8000c340
core   0: 0xffffffff8000b344 (0xcc3f2023) sw      gp, -832(t5)
3 0x8000b344 (0xcc3f2023) mem 0x8000c000 0x00000001
core   0: 0xffffffff8000b348 (0xff9ff06f) j       pc - 0x8
3 0x8000b348 (0xff9ff06f)
core   0: 0xffffffff8000b340 (0x00001f17) auipc   t5, 0x1
3 0x8000b340 (0x00001f17) x30 0x8000c340
core   0: 0xffffffff8000b344 (0xcc3f2023) sw      gp, -832(t5)
3 0x8000b344 (0xcc3f2023) mem 0x8000c000 0x00000001
core   0: 0xffffffff8000b348 (0xff9ff06f) j       pc - 0x8
3 0x8000b348 (0xff9ff06f)
core   0: 0xffffffff8000b340 (0x00001f17) auipc   t5, 0x1
3 0x8000b340 (0x00001f17) x30 0x8000c340
core   0: 0xffffffff8000b344 (0xcc3f2023) sw      gp, -832(t5)
3 0x8000b344 (0xcc3f2023) mem 0x8000c000 0x00000001
core   0: 0xffffffff8000b348 (0xff9ff06f) j       pc - 0x8
3 0x8000b348 (0xff9ff06f)
core   0: 0xffffffff8000b340 (0x00001f17) auipc   t5, 0x1
3 0x8000b340 (0x00001f17) x30 0x8000c340
core   0: 0xffffffff8000b344 (0xcc3f2023) sw      gp, -832(t5)
3 0x8000b344 (0xcc3f2023) mem 0x8000c000 0x00000001
core   0: 0xffffffff8000b348 (0xff9ff06f) j       pc - 0x8
3 0x8000b348 (0xff9ff06f)
core   0: 0xffffffff8000b340 (0x00001f17) auipc   t5, 0x1
3 0x8000b340 (0x00001f17) x30 0x8000c340
core   0: 0xffffffff8000b344 (0xcc3f2023) sw      gp, -832(t5)
3 0x8000b344 (0xcc3f2023) mem 0x8000c000 0x00000001
core   0: 0xffffffff8000b348 (0xff9ff06f) j       pc - 0x8
3 0x8000b348 (0xff9ff06f)
core   0: 0xffffffff8000b340 (0x00001f17) auipc   t5, 0x1
3 0x8000b340 (0x00001f17) x30 0x8000c340
core   0: 0xffffffff8000b344 (0xcc3f2023) sw      gp, -832(t5)
3 0x8000b344 (0xcc3f2023) mem 0x8000c000 0x00000001
core   0: 0xffffffff8000b348 (0xff9ff06f) j       pc - 0x8
3 0x8000b348 (0xff9ff06f)
core   0: 0xffffffff8000b340 (0x00001f17) auipc   t5, 0x1
3 0x8000b340 (0x00001f17) x30 0x8000c340
core   0: 0xffffffff8000b344 (0xcc3f2023) sw      gp, -832(t5)
3 0x8000b344 (0xcc3f2023) mem 0x8000c000 0x00000001
core   0: 0xffffffff8000b348 (0xff9ff06f) j       pc - 0x8
3 0x8000b348 (0xff9ff06f)
core   0: 0xffffffff8000b340 (0x00001f17) auipc   t5, 0x1
3 0x8000b340 (0x00001f17) x30 0x8000c340
core   0: 0xffffffff8000b344 (0xcc3f2023) sw      gp, -832(t5)
3 0x8000b344 (0xcc3f2023) mem 0x8000c000 0x00000001
core   0: 0xffffffff8000b348 (0xff9ff06f) j       pc - 0x8
3 0x8000b348 (0xff9ff06f)
core   0: 0xffffffff8000b340 (0x00001f17) auipc   t5, 0x1
3 0x8000b340 (0x00001f17) x30 0x8000c340
core   0: 0xffffffff8000b344 (0xcc3f2023) sw      gp, -832(t5)
3 0x8000b344 (0xcc3f2023) mem 0x8000c000 0x00000001
core   0: 0xffffffff8000b348 (0xff9ff06f) j       pc - 0x8
3 0x8000b348 (0xff9ff06f)
core   0: 0xffffffff8000b340 (0x00001f17) auipc   t5, 0x1
3 0x8000b340 (0x00001f17) x30 0x8000c340
core   0: 0xffffffff8000b344 (0xcc3f2023) sw      gp, -832(t5)
3 0x8000b344 (0xcc3f2023) mem 0x8000c000 0x00000001
core   0: 0xffffffff8000b348 (0xff9ff06f) j       pc - 0x8
3 0x8000b348 (0xff9ff06f)
core   0: 0xffffffff8000b340 (0x00001f17) auipc   t5, 0x1
3 0x8000b340 (0x00001f17) x30 0x8000c340
core   0: 0xffffffff8000b344 (0xcc3f2023) sw      gp, -832(t5)
3 0x8000b344 (0xcc3f2023) mem 0x8000c000 0x00000001
core   0: 0xffffffff8000b348 (0xff9ff06f) j       pc - 0x8
3 0x8000b348 (0xff9ff06f)
core   0: 0xffffffff8000b340 (0x00001f17) auipc   t5, 0x1
3 0x8000b340 (0x00001f17) x30 0x8000c340
core   0: 0xffffffff8000b344 (0xcc3f2023) sw      gp, -832(t5)
3 0x8000b344 (0xcc3f2023) mem 0x8000c000 0x00000001
core   0: 0xffffffff8000b348 (0xff9ff06f) j       pc - 0x8
3 0x8000b348 (0xff9ff06f)
core   0: 0xffffffff8000b340 (0x00001f17) auipc   t5, 0x1
3 0x8000b340 (0x00001f17) x30 0x8000c340
core   0: 0xffffffff8000b344 (0xcc3f2023) sw      gp, -832(t5)
3 0x8000b344 (0xcc3f2023) mem 0x8000c000 0x00000001
core   0: 0xffffffff8000b348 (0xff9ff06f) j       pc - 0x8
3 0x8000b348 (0xff9ff06f)
core   0: 0xffffffff8000b340 (0x00001f17) auipc   t5, 0x1
3 0x8000b340 (0x00001f17) x30 0x8000c340
core   0: 0xffffffff8000b344 (0xcc3f2023) sw      gp, -832(t5)
3 0x8000b344 (0xcc3f2023) mem 0x8000c000 0x00000001
core   0: 0xffffffff8000b348 (0xff9ff06f) j       pc - 0x8
3 0x8000b348 (0xff9ff06f)
core   0: 0xffffffff8000b340 (0x00001f17) auipc   t5, 0x1
3 0x8000b340 (0x00001f17) x30 0x8000c340
core   0: 0xffffffff8000b344 (0xcc3f2023) sw      gp, -832(t5)
3 0x8000b344 (0xcc3f2023) mem 0x8000c000 0x00000001
core   0: 0xffffffff8000b348 (0xff9ff06f) j       pc - 0x8
3 0x8000b348 (0xff9ff06f)
core   0: 0xffffffff8000b340 (0x00001f17) auipc   t5, 0x1
3 0x8000b340 (0x00001f17) x30 0x8000c340
core   0: 0xffffffff8000b344 (0xcc3f2023) sw      gp, -832(t5)
3 0x8000b344 (0xcc3f2023) mem 0x8000c000 0x00000001
core   0: 0xffffffff8000b348 (0xff9ff06f) j       pc - 0x8
3 0x8000b348 (0xff9ff06f)
core   0: 0xffffffff8000b340 (0x00001f17) auipc   t5, 0x1
3 0x8000b340 (0x00001f17) x30 0x8000c340
core   0: 0xffffffff8000b344 (0xcc3f2023) sw      gp, -832(t5)
3 0x8000b344 (0xcc3f2023) mem 0x8000c000 0x00000001
core   0: 0xffffffff8000b348 (0xff9ff06f) j       pc - 0x8
3 0x8000b348 (0xff9ff06f)
core   0: 0xffffffff8000b340 (0x00001f17) auipc   t5, 0x1
3 0x8000b340 (0x00001f17) x30 0x8000c340
core   0: 0xffffffff8000b344 (0xcc3f2023) sw      gp, -832(t5)
3 0x8000b344 (0xcc3f2023) mem 0x8000c000 0x00000001
core   0: 0xffffffff8000b348 (0xff9ff06f) j       pc - 0x8
3 0x8000b348 (0xff9ff06f)
core   0: 0xffffffff8000b340 (0x00001f17) auipc   t5, 0x1
3 0x8000b340 (0x00001f17) x30 0x8000c340
core   0: 0xffffffff8000b344 (0xcc3f2023) sw      gp, -832(t5)
3 0x8000b344 (0xcc3f2023) mem 0x8000c000 0x00000001
core   0: 0xffffffff8000b348 (0xff9ff06f) j       pc - 0x8
3 0x8000b348 (0xff9ff06f)
core   0: 0xffffffff8000b340 (0x00001f17) auipc   t5, 0x1
3 0x8000b340 (0x00001f17) x30 0x8000c340
core   0: 0xffffffff8000b344 (0xcc3f2023) sw      gp, -832(t5)
3 0x8000b344 (0xcc3f2023) mem 0x8000c000 0x00000001
core   0: 0xffffffff8000b348 (0xff9ff06f) j       pc - 0x8
3 0x8000b348 (0xff9ff06f)
core   0: 0xffffffff8000b340 (0x00001f17) auipc   t5, 0x1
3 0x8000b340 (0x00001f17) x30 0x8000c340
core   0: 0xffffffff8000b344 (0xcc3f2023) sw      gp, -832(t5)
3 0x8000b344 (0xcc3f2023) mem 0x8000c000 0x00000001
core   0: 0xffffffff8000b348 (0xff9ff06f) j       pc - 0x8
3 0x8000b348 (0xff9ff06f)
core   0: 0xffffffff8000b340 (0x00001f17) auipc   t5, 0x1
3 0x8000b340 (0x00001f17) x30 0x8000c340
core   0: 0xffffffff8000b344 (0xcc3f2023) sw      gp, -832(t5)
3 0x8000b344 (0xcc3f2023) mem 0x8000c000 0x00000001
core   0: 0xffffffff8000b348 (0xff9ff06f) j       pc - 0x8
3 0x8000b348 (0xff9ff06f)
core   0: 0xffffffff8000b340 (0x00001f17) auipc   t5, 0x1
3 0x8000b340 (0x00001f17) x30 0x8000c340
core   0: 0xffffffff8000b344 (0xcc3f2023) sw      gp, -832(t5)
3 0x8000b344 (0xcc3f2023) mem 0x8000c000 0x00000001
core   0: 0xffffffff8000b348 (0xff9ff06f) j       pc - 0x8
3 0x8000b348 (0xff9ff06f)
core   0: 0xffffffff8000b340 (0x00001f17) auipc   t5, 0x1
3 0x8000b340 (0x00001f17) x30 0x8000c340
core   0: 0xffffffff8000b344 (0xcc3f2023) sw      gp, -832(t5)
3 0x8000b344 (0xcc3f2023) mem 0x8000c000 0x00000001
core   0: 0xffffffff8000b348 (0xff9ff06f) j       pc - 0x8
3 0x8000b348 (0xff9ff06f)
core   0: 0xffffffff8000b340 (0x00001f17) auipc   t5, 0x1
3 0x8000b340 (0x00001f17) x30 0x8000c340
core   0: 0xffffffff8000b344 (0xcc3f2023) sw      gp, -832(t5)
3 0x8000b344 (0xcc3f2023) mem 0x8000c000 0x00000001
core   0: 0xffffffff8000b348 (0xff9ff06f) j       pc - 0x8
3 0x8000b348 (0xff9ff06f)
core   0: 0xffffffff8000b340 (0x00001f17) auipc   t5, 0x1
3 0x8000b340 (0x00001f17) x30 0x8000c340
core   0: 0xffffffff8000b344 (0xcc3f2023) sw      gp, -832(t5)
3 0x8000b344 (0xcc3f2023) mem 0x8000c000 0x00000001
core   0: 0xffffffff8000b348 (0xff9ff06f) j       pc - 0x8
3 0x8000b348 (0xff9ff06f)
core   0: 0xffffffff8000b340 (0x00001f17) auipc   t5, 0x1
3 0x8000b340 (0x00001f17) x30 0x8000c340
core   0: 0xffffffff8000b344 (0xcc3f2023) sw      gp, -832(t5)
3 0x8000b344 (0xcc3f2023) mem 0x8000c000 0x00000001
core   0: 0xffffffff8000b348 (0xff9ff06f) j       pc - 0x8
3 0x8000b348 (0xff9ff06f)
core   0: 0xffffffff8000b340 (0x00001f17) auipc   t5, 0x1
3 0x8000b340 (0x00001f17) x30 0x8000c340
core   0: 0xffffffff8000b344 (0xcc3f2023) sw      gp, -832(t5)
3 0x8000b344 (0xcc3f2023) mem 0x8000c000 0x00000001
core   0: 0xffffffff8000b348 (0xff9ff06f) j       pc - 0x8
3 0x8000b348 (0xff9ff06f)
core   0: 0xffffffff8000b340 (0x00001f17) auipc   t5, 0x1
3 0x8000b340 (0x00001f17) x30 0x8000c340
core   0: 0xffffffff8000b344 (0xcc3f2023) sw      gp, -832(t5)
3 0x8000b344 (0xcc3f2023) mem 0x8000c000 0x00000001
core   0: 0xffffffff8000b348 (0xff9ff06f) j       pc - 0x8
3 0x8000b348 (0xff9ff06f)
core   0: 0xffffffff8000b340 (0x00001f17) auipc   t5, 0x1
3 0x8000b340 (0x00001f17) x30 0x8000c340
core   0: 0xffffffff8000b344 (0xcc3f2023) sw      gp, -832(t5)
3 0x8000b344 (0xcc3f2023) mem 0x8000c000 0x00000001
core   0: 0xffffffff8000b348 (0xff9ff06f) j       pc - 0x8
3 0x8000b348 (0xff9ff06f)
core   0: 0xffffffff8000b340 (0x00001f17) auipc   t5, 0x1
3 0x8000b340 (0x00001f17) x30 0x8000c340
core   0: 0xffffffff8000b344 (0xcc3f2023) sw      gp, -832(t5)
3 0x8000b344 (0xcc3f2023) mem 0x8000c000 0x00000001
core   0: 0xffffffff8000b348 (0xff9ff06f) j       pc - 0x8
3 0x8000b348 (0xff9ff06f)
core   0: 0xffffffff8000b340 (0x00001f17) auipc   t5, 0x1
3 0x8000b340 (0x00001f17) x30 0x8000c340
core   0: 0xffffffff8000b344 (0xcc3f2023) sw      gp, -832(t5)
3 0x8000b344 (0xcc3f2023) mem 0x8000c000 0x00000001
core   0: 0xffffffff8000b348 (0xff9ff06f) j       pc - 0x8
3 0x8000b348 (0xff9ff06f)
core   0: 0xffffffff8000b340 (0x00001f17) auipc   t5, 0x1
3 0x8000b340 (0x00001f17) x30 0x8000c340
core   0: 0xffffffff8000b344 (0xcc3f2023) sw      gp, -832(t5)
3 0x8000b344 (0xcc3f2023) mem 0x8000c000 0x00000001
core   0: 0xffffffff8000b348 (0xff9ff06f) j       pc - 0x8
3 0x8000b348 (0xff9ff06f)
core   0: 0xffffffff8000b340 (0x00001f17) auipc   t5, 0x1
3 0x8000b340 (0x00001f17) x30 0x8000c340
core   0: 0xffffffff8000b344 (0xcc3f2023) sw      gp, -832(t5)
3 0x8000b344 (0xcc3f2023) mem 0x8000c000 0x00000001
core   0: 0xffffffff8000b348 (0xff9ff06f) j       pc - 0x8
3 0x8000b348 (0xff9ff06f)
core   0: 0xffffffff8000b340 (0x00001f17) auipc   t5, 0x1
3 0x8000b340 (0x00001f17) x30 0x8000c340
core   0: 0xffffffff8000b344 (0xcc3f2023) sw      gp, -832(t5)
3 0x8000b344 (0xcc3f2023) mem 0x8000c000 0x00000001
core   0: 0xffffffff8000b348 (0xff9ff06f) j       pc - 0x8
3 0x8000b348 (0xff9ff06f)
core   0: 0xffffffff8000b340 (0x00001f17) auipc   t5, 0x1
3 0x8000b340 (0x00001f17) x30 0x8000c340
core   0: 0xffffffff8000b344 (0xcc3f2023) sw      gp, -832(t5)
3 0x8000b344 (0xcc3f2023) mem 0x8000c000 0x00000001
core   0: 0xffffffff8000b348 (0xff9ff06f) j       pc - 0x8
3 0x8000b348 (0xff9ff06f)
core   0: 0xffffffff8000b340 (0x00001f17) auipc   t5, 0x1
3 0x8000b340 (0x00001f17) x30 0x8000c340
core   0: 0xffffffff8000b344 (0xcc3f2023) sw      gp, -832(t5)
3 0x8000b344 (0xcc3f2023) mem 0x8000c000 0x00000001
core   0: 0xffffffff8000b348 (0xff9ff06f) j       pc - 0x8
3 0x8000b348 (0xff9ff06f)
core   0: 0xffffffff8000b340 (0x00001f17) auipc   t5, 0x1
3 0x8000b340 (0x00001f17) x30 0x8000c340
core   0: 0xffffffff8000b344 (0xcc3f2023) sw      gp, -832(t5)
3 0x8000b344 (0xcc3f2023) mem 0x8000c000 0x00000001
core   0: 0xffffffff8000b348 (0xff9ff06f) j       pc - 0x8
3 0x8000b348 (0xff9ff06f)
core   0: 0xffffffff8000b340 (0x00001f17) auipc   t5, 0x1
3 0x8000b340 (0x00001f17) x30 0x8000c340
core   0: 0xffffffff8000b344 (0xcc3f2023) sw      gp, -832(t5)
3 0x8000b344 (0xcc3f2023) mem 0x8000c000 0x00000001
core   0: 0xffffffff8000b348 (0xff9ff06f) j       pc - 0x8
3 0x8000b348 (0xff9ff06f)
core   0: 0xffffffff8000b340 (0x00001f17) auipc   t5, 0x1
3 0x8000b340 (0x00001f17) x30 0x8000c340
core   0: 0xffffffff8000b344 (0xcc3f2023) sw      gp, -832(t5)
3 0x8000b344 (0xcc3f2023) mem 0x8000c000 0x00000001
core   0: 0xffffffff8000b348 (0xff9ff06f) j       pc - 0x8
3 0x8000b348 (0xff9ff06f)
core   0: 0xffffffff8000b340 (0x00001f17) auipc   t5, 0x1
3 0x8000b340 (0x00001f17) x30 0x8000c340
core   0: 0xffffffff8000b344 (0xcc3f2023) sw      gp, -832(t5)
3 0x8000b344 (0xcc3f2023) mem 0x8000c000 0x00000001
core   0: 0xffffffff8000b348 (0xff9ff06f) j       pc - 0x8
3 0x8000b348 (0xff9ff06f)
core   0: 0xffffffff8000b340 (0x00001f17) auipc   t5, 0x1
3 0x8000b340 (0x00001f17) x30 0x8000c340
core   0: 0xffffffff8000b344 (0xcc3f2023) sw      gp, -832(t5)
3 0x8000b344 (0xcc3f2023) mem 0x8000c000 0x00000001
core   0: 0xffffffff8000b348 (0xff9ff06f) j       pc - 0x8
3 0x8000b348 (0xff9ff06f)
core   0: 0xffffffff8000b340 (0x00001f17) auipc   t5, 0x1
3 0x8000b340 (0x00001f17) x30 0x8000c340
core   0: 0xffffffff8000b344 (0xcc3f2023) sw      gp, -832(t5)
3 0x8000b344 (0xcc3f2023) mem 0x8000c000 0x00000001
core   0: 0xffffffff8000b348 (0xff9ff06f) j       pc - 0x8
3 0x8000b348 (0xff9ff06f)
core   0: 0xffffffff8000b340 (0x00001f17) auipc   t5, 0x1
3 0x8000b340 (0x00001f17) x30 0x8000c340
core   0: 0xffffffff8000b344 (0xcc3f2023) sw      gp, -832(t5)
3 0x8000b344 (0xcc3f2023) mem 0x8000c000 0x00000001
core   0: 0xffffffff8000b348 (0xff9ff06f) j       pc - 0x8
3 0x8000b348 (0xff9ff06f)
core   0: 0xffffffff8000b340 (0x00001f17) auipc   t5, 0x1
3 0x8000b340 (0x00001f17) x30 0x8000c340
core   0: 0xffffffff8000b344 (0xcc3f2023) sw      gp, -832(t5)
3 0x8000b344 (0xcc3f2023) mem 0x8000c000 0x00000001
core   0: 0xffffffff8000b348 (0xff9ff06f) j       pc - 0x8
3 0x8000b348 (0xff9ff06f)
core   0: 0xffffffff8000b340 (0x00001f17) auipc   t5, 0x1
3 0x8000b340 (0x00001f17) x30 0x8000c340
core   0: 0xffffffff8000b344 (0xcc3f2023) sw      gp, -832(t5)
3 0x8000b344 (0xcc3f2023) mem 0x8000c000 0x00000001
core   0: 0xffffffff8000b348 (0xff9ff06f) j       pc - 0x8
3 0x8000b348 (0xff9ff06f)
core   0: 0xffffffff8000b340 (0x00001f17) auipc   t5, 0x1
3 0x8000b340 (0x00001f17) x30 0x8000c340
core   0: 0xffffffff8000b344 (0xcc3f2023) sw      gp, -832(t5)
3 0x8000b344 (0xcc3f2023) mem 0x8000c000 0x00000001
core   0: 0xffffffff8000b348 (0xff9ff06f) j       pc - 0x8
3 0x8000b348 (0xff9ff06f)
core   0: 0xffffffff8000b340 (0x00001f17) auipc   t5, 0x1
3 0x8000b340 (0x00001f17) x30 0x8000c340
core   0: 0xffffffff8000b344 (0xcc3f2023) sw      gp, -832(t5)
3 0x8000b344 (0xcc3f2023) mem 0x8000c000 0x00000001
core   0: 0xffffffff8000b348 (0xff9ff06f) j       pc - 0x8
3 0x8000b348 (0xff9ff06f)
core   0: 0xffffffff8000b340 (0x00001f17) auipc   t5, 0x1
3 0x8000b340 (0x00001f17) x30 0x8000c340
core   0: 0xffffffff8000b344 (0xcc3f2023) sw      gp, -832(t5)
3 0x8000b344 (0xcc3f2023) mem 0x8000c000 0x00000001
core   0: 0xffffffff8000b348 (0xff9ff06f) j       pc - 0x8
3 0x8000b348 (0xff9ff06f)
core   0: 0xffffffff8000b340 (0x00001f17) auipc   t5, 0x1
3 0x8000b340 (0x00001f17) x30 0x8000c340
core   0: 0xffffffff8000b344 (0xcc3f2023) sw      gp, -832(t5)
3 0x8000b344 (0xcc3f2023) mem 0x8000c000 0x00000001
core   0: 0xffffffff8000b348 (0xff9ff06f) j       pc - 0x8
3 0x8000b348 (0xff9ff06f)
core   0: 0xffffffff8000b340 (0x00001f17) auipc   t5, 0x1
3 0x8000b340 (0x00001f17) x30 0x8000c340
core   0: 0xffffffff8000b344 (0xcc3f2023) sw      gp, -832(t5)
3 0x8000b344 (0xcc3f2023) mem 0x8000c000 0x00000001
core   0: 0xffffffff8000b348 (0xff9ff06f) j       pc - 0x8
3 0x8000b348 (0xff9ff06f)
core   0: 0xffffffff8000b340 (0x00001f17) auipc   t5, 0x1
3 0x8000b340 (0x00001f17) x30 0x8000c340
core   0: 0xffffffff8000b344 (0xcc3f2023) sw      gp, -832(t5)
3 0x8000b344 (0xcc3f2023) mem 0x8000c000 0x00000001
core   0: 0xffffffff8000b348 (0xff9ff06f) j       pc - 0x8
3 0x8000b348 (0xff9ff06f)
core   0: 0xffffffff8000b340 (0x00001f17) auipc   t5, 0x1
3 0x8000b340 (0x00001f17) x30 0x8000c340
core   0: 0xffffffff8000b344 (0xcc3f2023) sw      gp, -832(t5)
3 0x8000b344 (0xcc3f2023) mem 0x8000c000 0x00000001
core   0: 0xffffffff8000b348 (0xff9ff06f) j       pc - 0x8
3 0x8000b348 (0xff9ff06f)
core   0: 0xffffffff8000b340 (0x00001f17) auipc   t5, 0x1
3 0x8000b340 (0x00001f17) x30 0x8000c340
core   0: 0xffffffff8000b344 (0xcc3f2023) sw      gp, -832(t5)
3 0x8000b344 (0xcc3f2023) mem 0x8000c000 0x00000001
core   0: 0xffffffff8000b348 (0xff9ff06f) j       pc - 0x8
3 0x8000b348 (0xff9ff06f)
core   0: 0xffffffff8000b340 (0x00001f17) auipc   t5, 0x1
3 0x8000b340 (0x00001f17) x30 0x8000c340
core   0: 0xffffffff8000b344 (0xcc3f2023) sw      gp, -832(t5)
3 0x8000b344 (0xcc3f2023) mem 0x8000c000 0x00000001
core   0: 0xffffffff8000b348 (0xff9ff06f) j       pc - 0x8
3 0x8000b348 (0xff9ff06f)
core   0: 0xffffffff8000b340 (0x00001f17) auipc   t5, 0x1
3 0x8000b340 (0x00001f17) x30 0x8000c340
core   0: 0xffffffff8000b344 (0xcc3f2023) sw      gp, -832(t5)
3 0x8000b344 (0xcc3f2023) mem 0x8000c000 0x00000001
core   0: 0xffffffff8000b348 (0xff9ff06f) j       pc - 0x8
3 0x8000b348 (0xff9ff06f)
core   0: 0xffffffff8000b340 (0x00001f17) auipc   t5, 0x1
3 0x8000b340 (0x00001f17) x30 0x8000c340
core   0: 0xffffffff8000b344 (0xcc3f2023) sw      gp, -832(t5)
3 0x8000b344 (0xcc3f2023) mem 0x8000c000 0x00000001
core   0: 0xffffffff8000b348 (0xff9ff06f) j       pc - 0x8
3 0x8000b348 (0xff9ff06f)
core   0: 0xffffffff8000b340 (0x00001f17) auipc   t5, 0x1
3 0x8000b340 (0x00001f17) x30 0x8000c340
core   0: 0xffffffff8000b344 (0xcc3f2023) sw      gp, -832(t5)
3 0x8000b344 (0xcc3f2023) mem 0x8000c000 0x00000001
core   0: 0xffffffff8000b348 (0xff9ff06f) j       pc - 0x8
3 0x8000b348 (0xff9ff06f)
core   0: 0xffffffff8000b340 (0x00001f17) auipc   t5, 0x1
3 0x8000b340 (0x00001f17) x30 0x8000c340
core   0: 0xffffffff8000b344 (0xcc3f2023) sw      gp, -832(t5)
3 0x8000b344 (0xcc3f2023) mem 0x8000c000 0x00000001
core   0: 0xffffffff8000b348 (0xff9ff06f) j       pc - 0x8
3 0x8000b348 (0xff9ff06f)
core   0: 0xffffffff8000b340 (0x00001f17) auipc   t5, 0x1
3 0x8000b340 (0x00001f17) x30 0x8000c340
core   0: 0xffffffff8000b344 (0xcc3f2023) sw      gp, -832(t5)
3 0x8000b344 (0xcc3f2023) mem 0x8000c000 0x00000001
core   0: 0xffffffff8000b348 (0xff9ff06f) j       pc - 0x8
3 0x8000b348 (0xff9ff06f)
core   0: 0xffffffff8000b340 (0x00001f17) auipc   t5, 0x1
3 0x8000b340 (0x00001f17) x30 0x8000c340
core   0: 0xffffffff8000b344 (0xcc3f2023) sw      gp, -832(t5)
3 0x8000b344 (0xcc3f2023) mem 0x8000c000 0x00000001
core   0: 0xffffffff8000b348 (0xff9ff06f) j       pc - 0x8
3 0x8000b348 (0xff9ff06f)
core   0: 0xffffffff8000b340 (0x00001f17) auipc   t5, 0x1
3 0x8000b340 (0x00001f17) x30 0x8000c340
core   0: 0xffffffff8000b344 (0xcc3f2023) sw      gp, -832(t5)
3 0x8000b344 (0xcc3f2023) mem 0x8000c000 0x00000001
core   0: 0xffffffff8000b348 (0xff9ff06f) j       pc - 0x8
3 0x8000b348 (0xff9ff06f)
core   0: 0xffffffff8000b340 (0x00001f17) auipc   t5, 0x1
3 0x8000b340 (0x00001f17) x30 0x8000c340
core   0: 0xffffffff8000b344 (0xcc3f2023) sw      gp, -832(t5)
3 0x8000b344 (0xcc3f2023) mem 0x8000c000 0x00000001
core   0: 0xffffffff8000b348 (0xff9ff06f) j       pc - 0x8
3 0x8000b348 (0xff9ff06f)
core   0: 0xffffffff8000b340 (0x00001f17) auipc   t5, 0x1
3 0x8000b340 (0x00001f17) x30 0x8000c340
core   0: 0xffffffff8000b344 (0xcc3f2023) sw      gp, -832(t5)
3 0x8000b344 (0xcc3f2023) mem 0x8000c000 0x00000001
core   0: 0xffffffff8000b348 (0xff9ff06f) j       pc - 0x8
3 0x8000b348 (0xff9ff06f)
core   0: 0xffffffff8000b340 (0x00001f17) auipc   t5, 0x1
3 0x8000b340 (0x00001f17) x30 0x8000c340
core   0: 0xffffffff8000b344 (0xcc3f2023) sw      gp, -832(t5)
3 0x8000b344 (0xcc3f2023) mem 0x8000c000 0x00000001
core   0: 0xffffffff8000b348 (0xff9ff06f) j       pc - 0x8
3 0x8000b348 (0xff9ff06f)
core   0: 0xffffffff8000b340 (0x00001f17) auipc   t5, 0x1
3 0x8000b340 (0x00001f17) x30 0x8000c340
core   0: 0xffffffff8000b344 (0xcc3f2023) sw      gp, -832(t5)
3 0x8000b344 (0xcc3f2023) mem 0x8000c000 0x00000001
core   0: 0xffffffff8000b348 (0xff9ff06f) j       pc - 0x8
3 0x8000b348 (0xff9ff06f)
core   0: 0xffffffff8000b340 (0x00001f17) auipc   t5, 0x1
3 0x8000b340 (0x00001f17) x30 0x8000c340
core   0: 0xffffffff8000b344 (0xcc3f2023) sw      gp, -832(t5)
3 0x8000b344 (0xcc3f2023) mem 0x8000c000 0x00000001
core   0: 0xffffffff8000b348 (0xff9ff06f) j       pc - 0x8
3 0x8000b348 (0xff9ff06f)
core   0: 0xffffffff8000b340 (0x00001f17) auipc   t5, 0x1
3 0x8000b340 (0x00001f17) x30 0x8000c340
core   0: 0xffffffff8000b344 (0xcc3f2023) sw      gp, -832(t5)
3 0x8000b344 (0xcc3f2023) mem 0x8000c000 0x00000001
core   0: 0xffffffff8000b348 (0xff9ff06f) j       pc - 0x8
3 0x8000b348 (0xff9ff06f)
core   0: 0xffffffff8000b340 (0x00001f17) auipc   t5, 0x1
3 0x8000b340 (0x00001f17) x30 0x8000c340
core   0: 0xffffffff8000b344 (0xcc3f2023) sw      gp, -832(t5)
3 0x8000b344 (0xcc3f2023) mem 0x8000c000 0x00000001
core   0: 0xffffffff8000b348 (0xff9ff06f) j       pc - 0x8
3 0x8000b348 (0xff9ff06f)
core   0: 0xffffffff8000b340 (0x00001f17) auipc   t5, 0x1
3 0x8000b340 (0x00001f17) x30 0x8000c340
core   0: 0xffffffff8000b344 (0xcc3f2023) sw      gp, -832(t5)
3 0x8000b344 (0xcc3f2023) mem 0x8000c000 0x00000001
core   0: 0xffffffff8000b348 (0xff9ff06f) j       pc - 0x8
3 0x8000b348 (0xff9ff06f)
core   0: 0xffffffff8000b340 (0x00001f17) auipc   t5, 0x1
3 0x8000b340 (0x00001f17) x30 0x8000c340
core   0: 0xffffffff8000b344 (0xcc3f2023) sw      gp, -832(t5)
3 0x8000b344 (0xcc3f2023) mem 0x8000c000 0x00000001
core   0: 0xffffffff8000b348 (0xff9ff06f) j       pc - 0x8
3 0x8000b348 (0xff9ff06f)
core   0: 0xffffffff8000b340 (0x00001f17) auipc   t5, 0x1
3 0x8000b340 (0x00001f17) x30 0x8000c340
core   0: 0xffffffff8000b344 (0xcc3f2023) sw      gp, -832(t5)
3 0x8000b344 (0xcc3f2023) mem 0x8000c000 0x00000001
core   0: 0xffffffff8000b348 (0xff9ff06f) j       pc - 0x8
3 0x8000b348 (0xff9ff06f)
core   0: 0xffffffff8000b340 (0x00001f17) auipc   t5, 0x1
3 0x8000b340 (0x00001f17) x30 0x8000c340
core   0: 0xffffffff8000b344 (0xcc3f2023) sw      gp, -832(t5)
3 0x8000b344 (0xcc3f2023) mem 0x8000c000 0x00000001
core   0: 0xffffffff8000b348 (0xff9ff06f) j       pc - 0x8
3 0x8000b348 (0xff9ff06f)
core   0: 0xffffffff8000b340 (0x00001f17) auipc   t5, 0x1
3 0x8000b340 (0x00001f17) x30 0x8000c340
core   0: 0xffffffff8000b344 (0xcc3f2023) sw      gp, -832(t5)
3 0x8000b344 (0xcc3f2023) mem 0x8000c000 0x00000001
core   0: 0xffffffff8000b348 (0xff9ff06f) j       pc - 0x8
3 0x8000b348 (0xff9ff06f)
core   0: 0xffffffff8000b340 (0x00001f17) auipc   t5, 0x1
3 0x8000b340 (0x00001f17) x30 0x8000c340
core   0: 0xffffffff8000b344 (0xcc3f2023) sw      gp, -832(t5)
3 0x8000b344 (0xcc3f2023) mem 0x8000c000 0x00000001
core   0: 0xffffffff8000b348 (0xff9ff06f) j       pc - 0x8
3 0x8000b348 (0xff9ff06f)
core   0: 0xffffffff8000b340 (0x00001f17) auipc   t5, 0x1
3 0x8000b340 (0x00001f17) x30 0x8000c340
core   0: 0xffffffff8000b344 (0xcc3f2023) sw      gp, -832(t5)
3 0x8000b344 (0xcc3f2023) mem 0x8000c000 0x00000001
core   0: 0xffffffff8000b348 (0xff9ff06f) j       pc - 0x8
3 0x8000b348 (0xff9ff06f)
core   0: 0xffffffff8000b340 (0x00001f17) auipc   t5, 0x1
3 0x8000b340 (0x00001f17) x30 0x8000c340
core   0: 0xffffffff8000b344 (0xcc3f2023) sw      gp, -832(t5)
3 0x8000b344 (0xcc3f2023) mem 0x8000c000 0x00000001
core   0: 0xffffffff8000b348 (0xff9ff06f) j       pc - 0x8
3 0x8000b348 (0xff9ff06f)
core   0: 0xffffffff8000b340 (0x00001f17) auipc   t5, 0x1
3 0x8000b340 (0x00001f17) x30 0x8000c340
core   0: 0xffffffff8000b344 (0xcc3f2023) sw      gp, -832(t5)
3 0x8000b344 (0xcc3f2023) mem 0x8000c000 0x00000001
core   0: 0xffffffff8000b348 (0xff9ff06f) j       pc - 0x8
3 0x8000b348 (0xff9ff06f)
core   0: 0xffffffff8000b340 (0x00001f17) auipc   t5, 0x1
3 0x8000b340 (0x00001f17) x30 0x8000c340
core   0: 0xffffffff8000b344 (0xcc3f2023) sw      gp, -832(t5)
3 0x8000b344 (0xcc3f2023) mem 0x8000c000 0x00000001
core   0: 0xffffffff8000b348 (0xff9ff06f) j       pc - 0x8
3 0x8000b348 (0xff9ff06f)
core   0: 0xffffffff8000b340 (0x00001f17) auipc   t5, 0x1
3 0x8000b340 (0x00001f17) x30 0x8000c340
core   0: 0xffffffff8000b344 (0xcc3f2023) sw      gp, -832(t5)
3 0x8000b344 (0xcc3f2023) mem 0x8000c000 0x00000001
core   0: 0xffffffff8000b348 (0xff9ff06f) j       pc - 0x8
3 0x8000b348 (0xff9ff06f)
core   0: 0xffffffff8000b340 (0x00001f17) auipc   t5, 0x1
3 0x8000b340 (0x00001f17) x30 0x8000c340
core   0: 0xffffffff8000b344 (0xcc3f2023) sw      gp, -832(t5)
3 0x8000b344 (0xcc3f2023) mem 0x8000c000 0x00000001
core   0: 0xffffffff8000b348 (0xff9ff06f) j       pc - 0x8
3 0x8000b348 (0xff9ff06f)
core   0: 0xffffffff8000b340 (0x00001f17) auipc   t5, 0x1
3 0x8000b340 (0x00001f17) x30 0x8000c340
core   0: 0xffffffff8000b344 (0xcc3f2023) sw      gp, -832(t5)
3 0x8000b344 (0xcc3f2023) mem 0x8000c000 0x00000001
core   0: 0xffffffff8000b348 (0xff9ff06f) j       pc - 0x8
3 0x8000b348 (0xff9ff06f)
core   0: 0xffffffff8000b340 (0x00001f17) auipc   t5, 0x1
3 0x8000b340 (0x00001f17) x30 0x8000c340
core   0: 0xffffffff8000b344 (0xcc3f2023) sw      gp, -832(t5)
3 0x8000b344 (0xcc3f2023) mem 0x8000c000 0x00000001
core   0: 0xffffffff8000b348 (0xff9ff06f) j       pc - 0x8
3 0x8000b348 (0xff9ff06f)
core   0: 0xffffffff8000b340 (0x00001f17) auipc   t5, 0x1
3 0x8000b340 (0x00001f17) x30 0x8000c340
core   0: 0xffffffff8000b344 (0xcc3f2023) sw      gp, -832(t5)
3 0x8000b344 (0xcc3f2023) mem 0x8000c000 0x00000001
core   0: 0xffffffff8000b348 (0xff9ff06f) j       pc - 0x8
3 0x8000b348 (0xff9ff06f)
core   0: 0xffffffff8000b340 (0x00001f17) auipc   t5, 0x1
3 0x8000b340 (0x00001f17) x30 0x8000c340
core   0: 0xffffffff8000b344 (0xcc3f2023) sw      gp, -832(t5)
3 0x8000b344 (0xcc3f2023) mem 0x8000c000 0x00000001
core   0: 0xffffffff8000b348 (0xff9ff06f) j       pc - 0x8
3 0x8000b348 (0xff9ff06f)
core   0: 0xffffffff8000b340 (0x00001f17) auipc   t5, 0x1
3 0x8000b340 (0x00001f17) x30 0x8000c340
core   0: 0xffffffff8000b344 (0xcc3f2023) sw      gp, -832(t5)
3 0x8000b344 (0xcc3f2023) mem 0x8000c000 0x00000001
core   0: 0xffffffff8000b348 (0xff9ff06f) j       pc - 0x8
3 0x8000b348 (0xff9ff06f)
core   0: 0xffffffff8000b340 (0x00001f17) auipc   t5, 0x1
3 0x8000b340 (0x00001f17) x30 0x8000c340
core   0: 0xffffffff8000b344 (0xcc3f2023) sw      gp, -832(t5)
3 0x8000b344 (0xcc3f2023) mem 0x8000c000 0x00000001
core   0: 0xffffffff8000b348 (0xff9ff06f) j       pc - 0x8
3 0x8000b348 (0xff9ff06f)
core   0: 0xffffffff8000b340 (0x00001f17) auipc   t5, 0x1
3 0x8000b340 (0x00001f17) x30 0x8000c340
core   0: 0xffffffff8000b344 (0xcc3f2023) sw      gp, -832(t5)
3 0x8000b344 (0xcc3f2023) mem 0x8000c000 0x00000001
core   0: 0xffffffff8000b348 (0xff9ff06f) j       pc - 0x8
3 0x8000b348 (0xff9ff06f)
core   0: 0xffffffff8000b340 (0x00001f17) auipc   t5, 0x1
3 0x8000b340 (0x00001f17) x30 0x8000c340
core   0: 0xffffffff8000b344 (0xcc3f2023) sw      gp, -832(t5)
3 0x8000b344 (0xcc3f2023) mem 0x8000c000 0x00000001
core   0: 0xffffffff8000b348 (0xff9ff06f) j       pc - 0x8
3 0x8000b348 (0xff9ff06f)
core   0: 0xffffffff8000b340 (0x00001f17) auipc   t5, 0x1
3 0x8000b340 (0x00001f17) x30 0x8000c340
core   0: 0xffffffff8000b344 (0xcc3f2023) sw      gp, -832(t5)
3 0x8000b344 (0xcc3f2023) mem 0x8000c000 0x00000001
core   0: 0xffffffff8000b348 (0xff9ff06f) j       pc - 0x8
3 0x8000b348 (0xff9ff06f)
core   0: 0xffffffff8000b340 (0x00001f17) auipc   t5, 0x1
3 0x8000b340 (0x00001f17) x30 0x8000c340
core   0: 0xffffffff8000b344 (0xcc3f2023) sw      gp, -832(t5)
3 0x8000b344 (0xcc3f2023) mem 0x8000c000 0x00000001
core   0: 0xffffffff8000b348 (0xff9ff06f) j       pc - 0x8
3 0x8000b348 (0xff9ff06f)
core   0: 0xffffffff8000b340 (0x00001f17) auipc   t5, 0x1
3 0x8000b340 (0x00001f17) x30 0x8000c340
core   0: 0xffffffff8000b344 (0xcc3f2023) sw      gp, -832(t5)
3 0x8000b344 (0xcc3f2023) mem 0x8000c000 0x00000001
core   0: 0xffffffff8000b348 (0xff9ff06f) j       pc - 0x8
3 0x8000b348 (0xff9ff06f)
core   0: 0xffffffff8000b340 (0x00001f17) auipc   t5, 0x1
3 0x8000b340 (0x00001f17) x30 0x8000c340
core   0: 0xffffffff8000b344 (0xcc3f2023) sw      gp, -832(t5)
3 0x8000b344 (0xcc3f2023) mem 0x8000c000 0x00000001
core   0: 0xffffffff8000b348 (0xff9ff06f) j       pc - 0x8
3 0x8000b348 (0xff9ff06f)
core   0: 0xffffffff8000b340 (0x00001f17) auipc   t5, 0x1
3 0x8000b340 (0x00001f17) x30 0x8000c340
core   0: 0xffffffff8000b344 (0xcc3f2023) sw      gp, -832(t5)
3 0x8000b344 (0xcc3f2023) mem 0x8000c000 0x00000001
core   0: 0xffffffff8000b348 (0xff9ff06f) j       pc - 0x8
3 0x8000b348 (0xff9ff06f)
core   0: 0xffffffff8000b340 (0x00001f17) auipc   t5, 0x1
3 0x8000b340 (0x00001f17) x30 0x8000c340
core   0: 0xffffffff8000b344 (0xcc3f2023) sw      gp, -832(t5)
3 0x8000b344 (0xcc3f2023) mem 0x8000c000 0x00000001
core   0: 0xffffffff8000b348 (0xff9ff06f) j       pc - 0x8
3 0x8000b348 (0xff9ff06f)
core   0: 0xffffffff8000b340 (0x00001f17) auipc   t5, 0x1
3 0x8000b340 (0x00001f17) x30 0x8000c340
core   0: 0xffffffff8000b344 (0xcc3f2023) sw      gp, -832(t5)
3 0x8000b344 (0xcc3f2023) mem 0x8000c000 0x00000001
core   0: 0xffffffff8000b348 (0xff9ff06f) j       pc - 0x8
3 0x8000b348 (0xff9ff06f)
core   0: 0xffffffff8000b340 (0x00001f17) auipc   t5, 0x1
3 0x8000b340 (0x00001f17) x30 0x8000c340
core   0: 0xffffffff8000b344 (0xcc3f2023) sw      gp, -832(t5)
3 0x8000b344 (0xcc3f2023) mem 0x8000c000 0x00000001
core   0: 0xffffffff8000b348 (0xff9ff06f) j       pc - 0x8
3 0x8000b348 (0xff9ff06f)
core   0: 0xffffffff8000b340 (0x00001f17) auipc   t5, 0x1
3 0x8000b340 (0x00001f17) x30 0x8000c340
core   0: 0xffffffff8000b344 (0xcc3f2023) sw      gp, -832(t5)
3 0x8000b344 (0xcc3f2023) mem 0x8000c000 0x00000001
core   0: 0xffffffff8000b348 (0xff9ff06f) j       pc - 0x8
3 0x8000b348 (0xff9ff06f)
core   0: 0xffffffff8000b340 (0x00001f17) auipc   t5, 0x1
3 0x8000b340 (0x00001f17) x30 0x8000c340
core   0: 0xffffffff8000b344 (0xcc3f2023) sw      gp, -832(t5)
3 0x8000b344 (0xcc3f2023) mem 0x8000c000 0x00000001
core   0: 0xffffffff8000b348 (0xff9ff06f) j       pc - 0x8
3 0x8000b348 (0xff9ff06f)
core   0: 0xffffffff8000b340 (0x00001f17) auipc   t5, 0x1
3 0x8000b340 (0x00001f17) x30 0x8000c340
core   0: 0xffffffff8000b344 (0xcc3f2023) sw      gp, -832(t5)
3 0x8000b344 (0xcc3f2023) mem 0x8000c000 0x00000001
core   0: 0xffffffff8000b348 (0xff9ff06f) j       pc - 0x8
3 0x8000b348 (0xff9ff06f)
core   0: 0xffffffff8000b340 (0x00001f17) auipc   t5, 0x1
3 0x8000b340 (0x00001f17) x30 0x8000c340
core   0: 0xffffffff8000b344 (0xcc3f2023) sw      gp, -832(t5)
3 0x8000b344 (0xcc3f2023) mem 0x8000c000 0x00000001
core   0: 0xffffffff8000b348 (0xff9ff06f) j       pc - 0x8
3 0x8000b348 (0xff9ff06f)
core   0: 0xffffffff8000b340 (0x00001f17) auipc   t5, 0x1
3 0x8000b340 (0x00001f17) x30 0x8000c340
core   0: 0xffffffff8000b344 (0xcc3f2023) sw      gp, -832(t5)
3 0x8000b344 (0xcc3f2023) mem 0x8000c000 0x00000001
core   0: 0xffffffff8000b348 (0xff9ff06f) j       pc - 0x8
3 0x8000b348 (0xff9ff06f)
core   0: 0xffffffff8000b340 (0x00001f17) auipc   t5, 0x1
3 0x8000b340 (0x00001f17) x30 0x8000c340
core   0: 0xffffffff8000b344 (0xcc3f2023) sw      gp, -832(t5)
3 0x8000b344 (0xcc3f2023) mem 0x8000c000 0x00000001
core   0: 0xffffffff8000b348 (0xff9ff06f) j       pc - 0x8
3 0x8000b348 (0xff9ff06f)
core   0: 0xffffffff8000b340 (0x00001f17) auipc   t5, 0x1
3 0x8000b340 (0x00001f17) x30 0x8000c340
core   0: 0xffffffff8000b344 (0xcc3f2023) sw      gp, -832(t5)
3 0x8000b344 (0xcc3f2023) mem 0x8000c000 0x00000001
core   0: 0xffffffff8000b348 (0xff9ff06f) j       pc - 0x8
3 0x8000b348 (0xff9ff06f)
core   0: 0xffffffff8000b340 (0x00001f17) auipc   t5, 0x1
3 0x8000b340 (0x00001f17) x30 0x8000c340
core   0: 0xffffffff8000b344 (0xcc3f2023) sw      gp, -832(t5)
3 0x8000b344 (0xcc3f2023) mem 0x8000c000 0x00000001
core   0: 0xffffffff8000b348 (0xff9ff06f) j       pc - 0x8
3 0x8000b348 (0xff9ff06f)
core   0: 0xffffffff8000b340 (0x00001f17) auipc   t5, 0x1
3 0x8000b340 (0x00001f17) x30 0x8000c340
core   0: 0xffffffff8000b344 (0xcc3f2023) sw      gp, -832(t5)
3 0x8000b344 (0xcc3f2023) mem 0x8000c000 0x00000001
core   0: 0xffffffff8000b348 (0xff9ff06f) j       pc - 0x8
3 0x8000b348 (0xff9ff06f)
core   0: 0xffffffff8000b340 (0x00001f17) auipc   t5, 0x1
3 0x8000b340 (0x00001f17) x30 0x8000c340
core   0: 0xffffffff8000b344 (0xcc3f2023) sw      gp, -832(t5)
3 0x8000b344 (0xcc3f2023) mem 0x8000c000 0x00000001
core   0: 0xffffffff8000b348 (0xff9ff06f) j       pc - 0x8
3 0x8000b348 (0xff9ff06f)
core   0: 0xffffffff8000b340 (0x00001f17) auipc   t5, 0x1
3 0x8000b340 (0x00001f17) x30 0x8000c340
core   0: 0xffffffff8000b344 (0xcc3f2023) sw      gp, -832(t5)
3 0x8000b344 (0xcc3f2023) mem 0x8000c000 0x00000001
core   0: 0xffffffff8000b348 (0xff9ff06f) j       pc - 0x8
3 0x8000b348 (0xff9ff06f)
core   0: 0xffffffff8000b340 (0x00001f17) auipc   t5, 0x1
3 0x8000b340 (0x00001f17) x30 0x8000c340
core   0: 0xffffffff8000b344 (0xcc3f2023) sw      gp, -832(t5)
3 0x8000b344 (0xcc3f2023) mem 0x8000c000 0x00000001
core   0: 0xffffffff8000b348 (0xff9ff06f) j       pc - 0x8
3 0x8000b348 (0xff9ff06f)
core   0: 0xffffffff8000b340 (0x00001f17) auipc   t5, 0x1
3 0x8000b340 (0x00001f17) x30 0x8000c340
core   0: 0xffffffff8000b344 (0xcc3f2023) sw      gp, -832(t5)
3 0x8000b344 (0xcc3f2023) mem 0x8000c000 0x00000001
core   0: 0xffffffff8000b348 (0xff9ff06f) j       pc - 0x8
3 0x8000b348 (0xff9ff06f)
core   0: 0xffffffff8000b340 (0x00001f17) auipc   t5, 0x1
3 0x8000b340 (0x00001f17) x30 0x8000c340
core   0: 0xffffffff8000b344 (0xcc3f2023) sw      gp, -832(t5)
3 0x8000b344 (0xcc3f2023) mem 0x8000c000 0x00000001
core   0: 0xffffffff8000b348 (0xff9ff06f) j       pc - 0x8
3 0x8000b348 (0xff9ff06f)
core   0: 0xffffffff8000b340 (0x00001f17) auipc   t5, 0x1
3 0x8000b340 (0x00001f17) x30 0x8000c340
core   0: 0xffffffff8000b344 (0xcc3f2023) sw      gp, -832(t5)
3 0x8000b344 (0xcc3f2023) mem 0x8000c000 0x00000001
core   0: 0xffffffff8000b348 (0xff9ff06f) j       pc - 0x8
3 0x8000b348 (0xff9ff06f)
core   0: 0xffffffff8000b340 (0x00001f17) auipc   t5, 0x1
3 0x8000b340 (0x00001f17) x30 0x8000c340
core   0: 0xffffffff8000b344 (0xcc3f2023) sw      gp, -832(t5)
3 0x8000b344 (0xcc3f2023) mem 0x8000c000 0x00000001
core   0: 0xffffffff8000b348 (0xff9ff06f) j       pc - 0x8
3 0x8000b348 (0xff9ff06f)
core   0: 0xffffffff8000b340 (0x00001f17) auipc   t5, 0x1
3 0x8000b340 (0x00001f17) x30 0x8000c340
core   0: 0xffffffff8000b344 (0xcc3f2023) sw      gp, -832(t5)
3 0x8000b344 (0xcc3f2023) mem 0x8000c000 0x00000001
core   0: 0xffffffff8000b348 (0xff9ff06f) j       pc - 0x8
3 0x8000b348 (0xff9ff06f)
core   0: 0xffffffff8000b340 (0x00001f17) auipc   t5, 0x1
3 0x8000b340 (0x00001f17) x30 0x8000c340
core   0: 0xffffffff8000b344 (0xcc3f2023) sw      gp, -832(t5)
3 0x8000b344 (0xcc3f2023) mem 0x8000c000 0x00000001
core   0: 0xffffffff8000b348 (0xff9ff06f) j       pc - 0x8
3 0x8000b348 (0xff9ff06f)
core   0: 0xffffffff8000b340 (0x00001f17) auipc   t5, 0x1
3 0x8000b340 (0x00001f17) x30 0x8000c340
core   0: 0xffffffff8000b344 (0xcc3f2023) sw      gp, -832(t5)
3 0x8000b344 (0xcc3f2023) mem 0x8000c000 0x00000001
core   0: 0xffffffff8000b348 (0xff9ff06f) j       pc - 0x8
3 0x8000b348 (0xff9ff06f)
core   0: 0xffffffff8000b340 (0x00001f17) auipc   t5, 0x1
3 0x8000b340 (0x00001f17) x30 0x8000c340
core   0: 0xffffffff8000b344 (0xcc3f2023) sw      gp, -832(t5)
3 0x8000b344 (0xcc3f2023) mem 0x8000c000 0x00000001
core   0: 0xffffffff8000b348 (0xff9ff06f) j       pc - 0x8
3 0x8000b348 (0xff9ff06f)
core   0: 0xffffffff8000b340 (0x00001f17) auipc   t5, 0x1
3 0x8000b340 (0x00001f17) x30 0x8000c340
core   0: 0xffffffff8000b344 (0xcc3f2023) sw      gp, -832(t5)
3 0x8000b344 (0xcc3f2023) mem 0x8000c000 0x00000001
core   0: 0xffffffff8000b348 (0xff9ff06f) j       pc - 0x8
3 0x8000b348 (0xff9ff06f)
core   0: 0xffffffff8000b340 (0x00001f17) auipc   t5, 0x1
3 0x8000b340 (0x00001f17) x30 0x8000c340
core   0: 0xffffffff8000b344 (0xcc3f2023) sw      gp, -832(t5)
3 0x8000b344 (0xcc3f2023) mem 0x8000c000 0x00000001
core   0: 0xffffffff8000b348 (0xff9ff06f) j       pc - 0x8
3 0x8000b348 (0xff9ff06f)
core   0: 0xffffffff8000b340 (0x00001f17) auipc   t5, 0x1
3 0x8000b340 (0x00001f17) x30 0x8000c340
core   0: 0xffffffff8000b344 (0xcc3f2023) sw      gp, -832(t5)
3 0x8000b344 (0xcc3f2023) mem 0x8000c000 0x00000001
core   0: 0xffffffff8000b348 (0xff9ff06f) j       pc - 0x8
3 0x8000b348 (0xff9ff06f)
core   0: 0xffffffff8000b340 (0x00001f17) auipc   t5, 0x1
3 0x8000b340 (0x00001f17) x30 0x8000c340
core   0: 0xffffffff8000b344 (0xcc3f2023) sw      gp, -832(t5)
3 0x8000b344 (0xcc3f2023) mem 0x8000c000 0x00000001
core   0: 0xffffffff8000b348 (0xff9ff06f) j       pc - 0x8
3 0x8000b348 (0xff9ff06f)
core   0: 0xffffffff8000b340 (0x00001f17) auipc   t5, 0x1
3 0x8000b340 (0x00001f17) x30 0x8000c340
core   0: 0xffffffff8000b344 (0xcc3f2023) sw      gp, -832(t5)
3 0x8000b344 (0xcc3f2023) mem 0x8000c000 0x00000001
core   0: 0xffffffff8000b348 (0xff9ff06f) j       pc - 0x8
3 0x8000b348 (0xff9ff06f)
core   0: 0xffffffff8000b340 (0x00001f17) auipc   t5, 0x1
3 0x8000b340 (0x00001f17) x30 0x8000c340
core   0: 0xffffffff8000b344 (0xcc3f2023) sw      gp, -832(t5)
3 0x8000b344 (0xcc3f2023) mem 0x8000c000 0x00000001
core   0: 0xffffffff8000b348 (0xff9ff06f) j       pc - 0x8
3 0x8000b348 (0xff9ff06f)
core   0: 0xffffffff8000b340 (0x00001f17) auipc   t5, 0x1
3 0x8000b340 (0x00001f17) x30 0x8000c340
core   0: 0xffffffff8000b344 (0xcc3f2023) sw      gp, -832(t5)
3 0x8000b344 (0xcc3f2023) mem 0x8000c000 0x00000001
core   0: 0xffffffff8000b348 (0xff9ff06f) j       pc - 0x8
3 0x8000b348 (0xff9ff06f)
core   0: 0xffffffff8000b340 (0x00001f17) auipc   t5, 0x1
3 0x8000b340 (0x00001f17) x30 0x8000c340
core   0: 0xffffffff8000b344 (0xcc3f2023) sw      gp, -832(t5)
3 0x8000b344 (0xcc3f2023) mem 0x8000c000 0x00000001
core   0: 0xffffffff8000b348 (0xff9ff06f) j       pc - 0x8
3 0x8000b348 (0xff9ff06f)
core   0: 0xffffffff8000b340 (0x00001f17) auipc   t5, 0x1
3 0x8000b340 (0x00001f17) x30 0x8000c340
core   0: 0xffffffff8000b344 (0xcc3f2023) sw      gp, -832(t5)
3 0x8000b344 (0xcc3f2023) mem 0x8000c000 0x00000001
core   0: 0xffffffff8000b348 (0xff9ff06f) j       pc - 0x8
3 0x8000b348 (0xff9ff06f)
core   0: 0xffffffff8000b340 (0x00001f17) auipc   t5, 0x1
3 0x8000b340 (0x00001f17) x30 0x8000c340
core   0: 0xffffffff8000b344 (0xcc3f2023) sw      gp, -832(t5)
3 0x8000b344 (0xcc3f2023) mem 0x8000c000 0x00000001
core   0: 0xffffffff8000b348 (0xff9ff06f) j       pc - 0x8
3 0x8000b348 (0xff9ff06f)
core   0: 0xffffffff8000b340 (0x00001f17) auipc   t5, 0x1
3 0x8000b340 (0x00001f17) x30 0x8000c340
core   0: 0xffffffff8000b344 (0xcc3f2023) sw      gp, -832(t5)
3 0x8000b344 (0xcc3f2023) mem 0x8000c000 0x00000001
core   0: 0xffffffff8000b348 (0xff9ff06f) j       pc - 0x8
3 0x8000b348 (0xff9ff06f)
core   0: 0xffffffff8000b340 (0x00001f17) auipc   t5, 0x1
3 0x8000b340 (0x00001f17) x30 0x8000c340
core   0: 0xffffffff8000b344 (0xcc3f2023) sw      gp, -832(t5)
3 0x8000b344 (0xcc3f2023) mem 0x8000c000 0x00000001
core   0: 0xffffffff8000b348 (0xff9ff06f) j       pc - 0x8
3 0x8000b348 (0xff9ff06f)
core   0: 0xffffffff8000b340 (0x00001f17) auipc   t5, 0x1
3 0x8000b340 (0x00001f17) x30 0x8000c340
core   0: 0xffffffff8000b344 (0xcc3f2023) sw      gp, -832(t5)
3 0x8000b344 (0xcc3f2023) mem 0x8000c000 0x00000001
core   0: 0xffffffff8000b348 (0xff9ff06f) j       pc - 0x8
3 0x8000b348 (0xff9ff06f)
core   0: 0xffffffff8000b340 (0x00001f17) auipc   t5, 0x1
3 0x8000b340 (0x00001f17) x30 0x8000c340
core   0: 0xffffffff8000b344 (0xcc3f2023) sw      gp, -832(t5)
3 0x8000b344 (0xcc3f2023) mem 0x8000c000 0x00000001
core   0: 0xffffffff8000b348 (0xff9ff06f) j       pc - 0x8
3 0x8000b348 (0xff9ff06f)
core   0: 0xffffffff8000b340 (0x00001f17) auipc   t5, 0x1
3 0x8000b340 (0x00001f17) x30 0x8000c340
core   0: 0xffffffff8000b344 (0xcc3f2023) sw      gp, -832(t5)
3 0x8000b344 (0xcc3f2023) mem 0x8000c000 0x00000001
core   0: 0xffffffff8000b348 (0xff9ff06f) j       pc - 0x8
3 0x8000b348 (0xff9ff06f)
core   0: 0xffffffff8000b340 (0x00001f17) auipc   t5, 0x1
3 0x8000b340 (0x00001f17) x30 0x8000c340
core   0: 0xffffffff8000b344 (0xcc3f2023) sw      gp, -832(t5)
3 0x8000b344 (0xcc3f2023) mem 0x8000c000 0x00000001
core   0: 0xffffffff8000b348 (0xff9ff06f) j       pc - 0x8
3 0x8000b348 (0xff9ff06f)
core   0: 0xffffffff8000b340 (0x00001f17) auipc   t5, 0x1
3 0x8000b340 (0x00001f17) x30 0x8000c340
core   0: 0xffffffff8000b344 (0xcc3f2023) sw      gp, -832(t5)
3 0x8000b344 (0xcc3f2023) mem 0x8000c000 0x00000001
core   0: 0xffffffff8000b348 (0xff9ff06f) j       pc - 0x8
3 0x8000b348 (0xff9ff06f)
core   0: 0xffffffff8000b340 (0x00001f17) auipc   t5, 0x1
3 0x8000b340 (0x00001f17) x30 0x8000c340
core   0: 0xffffffff8000b344 (0xcc3f2023) sw      gp, -832(t5)
3 0x8000b344 (0xcc3f2023) mem 0x8000c000 0x00000001
core   0: 0xffffffff8000b348 (0xff9ff06f) j       pc - 0x8
3 0x8000b348 (0xff9ff06f)
core   0: 0xffffffff8000b340 (0x00001f17) auipc   t5, 0x1
3 0x8000b340 (0x00001f17) x30 0x8000c340
core   0: 0xffffffff8000b344 (0xcc3f2023) sw      gp, -832(t5)
3 0x8000b344 (0xcc3f2023) mem 0x8000c000 0x00000001
core   0: 0xffffffff8000b348 (0xff9ff06f) j       pc - 0x8
3 0x8000b348 (0xff9ff06f)
core   0: 0xffffffff8000b340 (0x00001f17) auipc   t5, 0x1
3 0x8000b340 (0x00001f17) x30 0x8000c340
core   0: 0xffffffff8000b344 (0xcc3f2023) sw      gp, -832(t5)
3 0x8000b344 (0xcc3f2023) mem 0x8000c000 0x00000001
core   0: 0xffffffff8000b348 (0xff9ff06f) j       pc - 0x8
3 0x8000b348 (0xff9ff06f)
core   0: 0xffffffff8000b340 (0x00001f17) auipc   t5, 0x1
3 0x8000b340 (0x00001f17) x30 0x8000c340
core   0: 0xffffffff8000b344 (0xcc3f2023) sw      gp, -832(t5)
3 0x8000b344 (0xcc3f2023) mem 0x8000c000 0x00000001
core   0: 0xffffffff8000b348 (0xff9ff06f) j       pc - 0x8
3 0x8000b348 (0xff9ff06f)
core   0: 0xffffffff8000b340 (0x00001f17) auipc   t5, 0x1
3 0x8000b340 (0x00001f17) x30 0x8000c340
core   0: 0xffffffff8000b344 (0xcc3f2023) sw      gp, -832(t5)
3 0x8000b344 (0xcc3f2023) mem 0x8000c000 0x00000001
core   0: 0xffffffff8000b348 (0xff9ff06f) j       pc - 0x8
3 0x8000b348 (0xff9ff06f)
core   0: 0xffffffff8000b340 (0x00001f17) auipc   t5, 0x1
3 0x8000b340 (0x00001f17) x30 0x8000c340
core   0: 0xffffffff8000b344 (0xcc3f2023) sw      gp, -832(t5)
3 0x8000b344 (0xcc3f2023) mem 0x8000c000 0x00000001
core   0: 0xffffffff8000b348 (0xff9ff06f) j       pc - 0x8
3 0x8000b348 (0xff9ff06f)
core   0: 0xffffffff8000b340 (0x00001f17) auipc   t5, 0x1
3 0x8000b340 (0x00001f17) x30 0x8000c340
core   0: 0xffffffff8000b344 (0xcc3f2023) sw      gp, -832(t5)
3 0x8000b344 (0xcc3f2023) mem 0x8000c000 0x00000001
core   0: 0xffffffff8000b348 (0xff9ff06f) j       pc - 0x8
3 0x8000b348 (0xff9ff06f)
core   0: 0xffffffff8000b340 (0x00001f17) auipc   t5, 0x1
3 0x8000b340 (0x00001f17) x30 0x8000c340
core   0: 0xffffffff8000b344 (0xcc3f2023) sw      gp, -832(t5)
3 0x8000b344 (0xcc3f2023) mem 0x8000c000 0x00000001
core   0: 0xffffffff8000b348 (0xff9ff06f) j       pc - 0x8
3 0x8000b348 (0xff9ff06f)
core   0: 0xffffffff8000b340 (0x00001f17) auipc   t5, 0x1
3 0x8000b340 (0x00001f17) x30 0x8000c340
core   0: 0xffffffff8000b344 (0xcc3f2023) sw      gp, -832(t5)
3 0x8000b344 (0xcc3f2023) mem 0x8000c000 0x00000001
core   0: 0xffffffff8000b348 (0xff9ff06f) j       pc - 0x8
3 0x8000b348 (0xff9ff06f)
core   0: 0xffffffff8000b340 (0x00001f17) auipc   t5, 0x1
3 0x8000b340 (0x00001f17) x30 0x8000c340
core   0: 0xffffffff8000b344 (0xcc3f2023) sw      gp, -832(t5)
3 0x8000b344 (0xcc3f2023) mem 0x8000c000 0x00000001
core   0: 0xffffffff8000b348 (0xff9ff06f) j       pc - 0x8
3 0x8000b348 (0xff9ff06f)
core   0: 0xffffffff8000b340 (0x00001f17) auipc   t5, 0x1
3 0x8000b340 (0x00001f17) x30 0x8000c340
core   0: 0xffffffff8000b344 (0xcc3f2023) sw      gp, -832(t5)
3 0x8000b344 (0xcc3f2023) mem 0x8000c000 0x00000001
core   0: 0xffffffff8000b348 (0xff9ff06f) j       pc - 0x8
3 0x8000b348 (0xff9ff06f)
core   0: 0xffffffff8000b340 (0x00001f17) auipc   t5, 0x1
3 0x8000b340 (0x00001f17) x30 0x8000c340
core   0: 0xffffffff8000b344 (0xcc3f2023) sw      gp, -832(t5)
3 0x8000b344 (0xcc3f2023) mem 0x8000c000 0x00000001
core   0: 0xffffffff8000b348 (0xff9ff06f) j       pc - 0x8
3 0x8000b348 (0xff9ff06f)
core   0: 0xffffffff8000b340 (0x00001f17) auipc   t5, 0x1
3 0x8000b340 (0x00001f17) x30 0x8000c340
core   0: 0xffffffff8000b344 (0xcc3f2023) sw      gp, -832(t5)
3 0x8000b344 (0xcc3f2023) mem 0x8000c000 0x00000001
core   0: 0xffffffff8000b348 (0xff9ff06f) j       pc - 0x8
3 0x8000b348 (0xff9ff06f)
core   0: 0xffffffff8000b340 (0x00001f17) auipc   t5, 0x1
3 0x8000b340 (0x00001f17) x30 0x8000c340
core   0: 0xffffffff8000b344 (0xcc3f2023) sw      gp, -832(t5)
3 0x8000b344 (0xcc3f2023) mem 0x8000c000 0x00000001
core   0: 0xffffffff8000b348 (0xff9ff06f) j       pc - 0x8
3 0x8000b348 (0xff9ff06f)
core   0: 0xffffffff8000b340 (0x00001f17) auipc   t5, 0x1
3 0x8000b340 (0x00001f17) x30 0x8000c340
core   0: 0xffffffff8000b344 (0xcc3f2023) sw      gp, -832(t5)
3 0x8000b344 (0xcc3f2023) mem 0x8000c000 0x00000001
core   0: 0xffffffff8000b348 (0xff9ff06f) j       pc - 0x8
3 0x8000b348 (0xff9ff06f)
core   0: 0xffffffff8000b340 (0x00001f17) auipc   t5, 0x1
3 0x8000b340 (0x00001f17) x30 0x8000c340
core   0: 0xffffffff8000b344 (0xcc3f2023) sw      gp, -832(t5)
3 0x8000b344 (0xcc3f2023) mem 0x8000c000 0x00000001
core   0: 0xffffffff8000b348 (0xff9ff06f) j       pc - 0x8
3 0x8000b348 (0xff9ff06f)
core   0: 0xffffffff8000b340 (0x00001f17) auipc   t5, 0x1
3 0x8000b340 (0x00001f17) x30 0x8000c340
core   0: 0xffffffff8000b344 (0xcc3f2023) sw      gp, -832(t5)
3 0x8000b344 (0xcc3f2023) mem 0x8000c000 0x00000001
core   0: 0xffffffff8000b348 (0xff9ff06f) j       pc - 0x8
3 0x8000b348 (0xff9ff06f)
core   0: 0xffffffff8000b340 (0x00001f17) auipc   t5, 0x1
3 0x8000b340 (0x00001f17) x30 0x8000c340
core   0: 0xffffffff8000b344 (0xcc3f2023) sw      gp, -832(t5)
3 0x8000b344 (0xcc3f2023) mem 0x8000c000 0x00000001
core   0: 0xffffffff8000b348 (0xff9ff06f) j       pc - 0x8
3 0x8000b348 (0xff9ff06f)
core   0: 0xffffffff8000b340 (0x00001f17) auipc   t5, 0x1
3 0x8000b340 (0x00001f17) x30 0x8000c340
core   0: 0xffffffff8000b344 (0xcc3f2023) sw      gp, -832(t5)
3 0x8000b344 (0xcc3f2023) mem 0x8000c000 0x00000001
core   0: 0xffffffff8000b348 (0xff9ff06f) j       pc - 0x8
3 0x8000b348 (0xff9ff06f)
core   0: 0xffffffff8000b340 (0x00001f17) auipc   t5, 0x1
3 0x8000b340 (0x00001f17) x30 0x8000c340
core   0: 0xffffffff8000b344 (0xcc3f2023) sw      gp, -832(t5)
3 0x8000b344 (0xcc3f2023) mem 0x8000c000 0x00000001
core   0: 0xffffffff8000b348 (0xff9ff06f) j       pc - 0x8
3 0x8000b348 (0xff9ff06f)
core   0: 0xffffffff8000b340 (0x00001f17) auipc   t5, 0x1
3 0x8000b340 (0x00001f17) x30 0x8000c340
core   0: 0xffffffff8000b344 (0xcc3f2023) sw      gp, -832(t5)
3 0x8000b344 (0xcc3f2023) mem 0x8000c000 0x00000001
core   0: 0xffffffff8000b348 (0xff9ff06f) j       pc - 0x8
3 0x8000b348 (0xff9ff06f)
core   0: 0xffffffff8000b340 (0x00001f17) auipc   t5, 0x1
3 0x8000b340 (0x00001f17) x30 0x8000c340
core   0: 0xffffffff8000b344 (0xcc3f2023) sw      gp, -832(t5)
3 0x8000b344 (0xcc3f2023) mem 0x8000c000 0x00000001
core   0: 0xffffffff8000b348 (0xff9ff06f) j       pc - 0x8
3 0x8000b348 (0xff9ff06f)
core   0: 0xffffffff8000b340 (0x00001f17) auipc   t5, 0x1
3 0x8000b340 (0x00001f17) x30 0x8000c340
core   0: 0xffffffff8000b344 (0xcc3f2023) sw      gp, -832(t5)
3 0x8000b344 (0xcc3f2023) mem 0x8000c000 0x00000001
core   0: 0xffffffff8000b348 (0xff9ff06f) j       pc - 0x8
3 0x8000b348 (0xff9ff06f)
core   0: 0xffffffff8000b340 (0x00001f17) auipc   t5, 0x1
3 0x8000b340 (0x00001f17) x30 0x8000c340
core   0: 0xffffffff8000b344 (0xcc3f2023) sw      gp, -832(t5)
3 0x8000b344 (0xcc3f2023) mem 0x8000c000 0x00000001
core   0: 0xffffffff8000b348 (0xff9ff06f) j       pc - 0x8
3 0x8000b348 (0xff9ff06f)
core   0: 0xffffffff8000b340 (0x00001f17) auipc   t5, 0x1
3 0x8000b340 (0x00001f17) x30 0x8000c340
core   0: 0xffffffff8000b344 (0xcc3f2023) sw      gp, -832(t5)
3 0x8000b344 (0xcc3f2023) mem 0x8000c000 0x00000001
core   0: 0xffffffff8000b348 (0xff9ff06f) j       pc - 0x8
3 0x8000b348 (0xff9ff06f)
core   0: 0xffffffff8000b340 (0x00001f17) auipc   t5, 0x1
3 0x8000b340 (0x00001f17) x30 0x8000c340
core   0: 0xffffffff8000b344 (0xcc3f2023) sw      gp, -832(t5)
3 0x8000b344 (0xcc3f2023) mem 0x8000c000 0x00000001
core   0: 0xffffffff8000b348 (0xff9ff06f) j       pc - 0x8
3 0x8000b348 (0xff9ff06f)
core   0: 0xffffffff8000b340 (0x00001f17) auipc   t5, 0x1
3 0x8000b340 (0x00001f17) x30 0x8000c340
core   0: 0xffffffff8000b344 (0xcc3f2023) sw      gp, -832(t5)
3 0x8000b344 (0xcc3f2023) mem 0x8000c000 0x00000001
core   0: 0xffffffff8000b348 (0xff9ff06f) j       pc - 0x8
3 0x8000b348 (0xff9ff06f)
core   0: 0xffffffff8000b340 (0x00001f17) auipc   t5, 0x1
3 0x8000b340 (0x00001f17) x30 0x8000c340
core   0: 0xffffffff8000b344 (0xcc3f2023) sw      gp, -832(t5)
3 0x8000b344 (0xcc3f2023) mem 0x8000c000 0x00000001
core   0: 0xffffffff8000b348 (0xff9ff06f) j       pc - 0x8
3 0x8000b348 (0xff9ff06f)
core   0: 0xffffffff8000b340 (0x00001f17) auipc   t5, 0x1
3 0x8000b340 (0x00001f17) x30 0x8000c340
core   0: 0xffffffff8000b344 (0xcc3f2023) sw      gp, -832(t5)
3 0x8000b344 (0xcc3f2023) mem 0x8000c000 0x00000001
core   0: 0xffffffff8000b348 (0xff9ff06f) j       pc - 0x8
3 0x8000b348 (0xff9ff06f)
core   0: 0xffffffff8000b340 (0x00001f17) auipc   t5, 0x1
3 0x8000b340 (0x00001f17) x30 0x8000c340
core   0: 0xffffffff8000b344 (0xcc3f2023) sw      gp, -832(t5)
3 0x8000b344 (0xcc3f2023) mem 0x8000c000 0x00000001
core   0: 0xffffffff8000b348 (0xff9ff06f) j       pc - 0x8
3 0x8000b348 (0xff9ff06f)
core   0: 0xffffffff8000b340 (0x00001f17) auipc   t5, 0x1
3 0x8000b340 (0x00001f17) x30 0x8000c340
core   0: 0xffffffff8000b344 (0xcc3f2023) sw      gp, -832(t5)
3 0x8000b344 (0xcc3f2023) mem 0x8000c000 0x00000001
core   0: 0xffffffff8000b348 (0xff9ff06f) j       pc - 0x8
3 0x8000b348 (0xff9ff06f)
core   0: 0xffffffff8000b340 (0x00001f17) auipc   t5, 0x1
3 0x8000b340 (0x00001f17) x30 0x8000c340
core   0: 0xffffffff8000b344 (0xcc3f2023) sw      gp, -832(t5)
3 0x8000b344 (0xcc3f2023) mem 0x8000c000 0x00000001
core   0: 0xffffffff8000b348 (0xff9ff06f) j       pc - 0x8
3 0x8000b348 (0xff9ff06f)
core   0: 0xffffffff8000b340 (0x00001f17) auipc   t5, 0x1
3 0x8000b340 (0x00001f17) x30 0x8000c340
core   0: 0xffffffff8000b344 (0xcc3f2023) sw      gp, -832(t5)
3 0x8000b344 (0xcc3f2023) mem 0x8000c000 0x00000001
core   0: 0xffffffff8000b348 (0xff9ff06f) j       pc - 0x8
3 0x8000b348 (0xff9ff06f)
core   0: 0xffffffff8000b340 (0x00001f17) auipc   t5, 0x1
3 0x8000b340 (0x00001f17) x30 0x8000c340
core   0: 0xffffffff8000b344 (0xcc3f2023) sw      gp, -832(t5)
3 0x8000b344 (0xcc3f2023) mem 0x8000c000 0x00000001
core   0: 0xffffffff8000b348 (0xff9ff06f) j       pc - 0x8
3 0x8000b348 (0xff9ff06f)
core   0: 0xffffffff8000b340 (0x00001f17) auipc   t5, 0x1
3 0x8000b340 (0x00001f17) x30 0x8000c340
core   0: 0xffffffff8000b344 (0xcc3f2023) sw      gp, -832(t5)
3 0x8000b344 (0xcc3f2023) mem 0x8000c000 0x00000001
core   0: 0xffffffff8000b348 (0xff9ff06f) j       pc - 0x8
3 0x8000b348 (0xff9ff06f)
core   0: 0xffffffff8000b340 (0x00001f17) auipc   t5, 0x1
3 0x8000b340 (0x00001f17) x30 0x8000c340
core   0: 0xffffffff8000b344 (0xcc3f2023) sw      gp, -832(t5)
3 0x8000b344 (0xcc3f2023) mem 0x8000c000 0x00000001
core   0: 0xffffffff8000b348 (0xff9ff06f) j       pc - 0x8
3 0x8000b348 (0xff9ff06f)
core   0: 0xffffffff8000b340 (0x00001f17) auipc   t5, 0x1
3 0x8000b340 (0x00001f17) x30 0x8000c340
core   0: 0xffffffff8000b344 (0xcc3f2023) sw      gp, -832(t5)
3 0x8000b344 (0xcc3f2023) mem 0x8000c000 0x00000001
core   0: 0xffffffff8000b348 (0xff9ff06f) j       pc - 0x8
3 0x8000b348 (0xff9ff06f)
core   0: 0xffffffff8000b340 (0x00001f17) auipc   t5, 0x1
3 0x8000b340 (0x00001f17) x30 0x8000c340
core   0: 0xffffffff8000b344 (0xcc3f2023) sw      gp, -832(t5)
3 0x8000b344 (0xcc3f2023) mem 0x8000c000 0x00000001
core   0: 0xffffffff8000b348 (0xff9ff06f) j       pc - 0x8
3 0x8000b348 (0xff9ff06f)
core   0: 0xffffffff8000b340 (0x00001f17) auipc   t5, 0x1
3 0x8000b340 (0x00001f17) x30 0x8000c340
core   0: 0xffffffff8000b344 (0xcc3f2023) sw      gp, -832(t5)
3 0x8000b344 (0xcc3f2023) mem 0x8000c000 0x00000001
core   0: 0xffffffff8000b348 (0xff9ff06f) j       pc - 0x8
3 0x8000b348 (0xff9ff06f)
core   0: 0xffffffff8000b340 (0x00001f17) auipc   t5, 0x1
3 0x8000b340 (0x00001f17) x30 0x8000c340
core   0: 0xffffffff8000b344 (0xcc3f2023) sw      gp, -832(t5)
3 0x8000b344 (0xcc3f2023) mem 0x8000c000 0x00000001
core   0: 0xffffffff8000b348 (0xff9ff06f) j       pc - 0x8
3 0x8000b348 (0xff9ff06f)
core   0: 0xffffffff8000b340 (0x00001f17) auipc   t5, 0x1
3 0x8000b340 (0x00001f17) x30 0x8000c340
core   0: 0xffffffff8000b344 (0xcc3f2023) sw      gp, -832(t5)
3 0x8000b344 (0xcc3f2023) mem 0x8000c000 0x00000001
core   0: 0xffffffff8000b348 (0xff9ff06f) j       pc - 0x8
3 0x8000b348 (0xff9ff06f)
core   0: 0xffffffff8000b340 (0x00001f17) auipc   t5, 0x1
3 0x8000b340 (0x00001f17) x30 0x8000c340
core   0: 0xffffffff8000b344 (0xcc3f2023) sw      gp, -832(t5)
3 0x8000b344 (0xcc3f2023) mem 0x8000c000 0x00000001
core   0: 0xffffffff8000b348 (0xff9ff06f) j       pc - 0x8
3 0x8000b348 (0xff9ff06f)
core   0: 0xffffffff8000b340 (0x00001f17) auipc   t5, 0x1
3 0x8000b340 (0x00001f17) x30 0x8000c340
core   0: 0xffffffff8000b344 (0xcc3f2023) sw      gp, -832(t5)
3 0x8000b344 (0xcc3f2023) mem 0x8000c000 0x00000001
core   0: 0xffffffff8000b348 (0xff9ff06f) j       pc - 0x8
3 0x8000b348 (0xff9ff06f)
core   0: 0xffffffff8000b340 (0x00001f17) auipc   t5, 0x1
3 0x8000b340 (0x00001f17) x30 0x8000c340
core   0: 0xffffffff8000b344 (0xcc3f2023) sw      gp, -832(t5)
3 0x8000b344 (0xcc3f2023) mem 0x8000c000 0x00000001
core   0: 0xffffffff8000b348 (0xff9ff06f) j       pc - 0x8
3 0x8000b348 (0xff9ff06f)
core   0: 0xffffffff8000b340 (0x00001f17) auipc   t5, 0x1
3 0x8000b340 (0x00001f17) x30 0x8000c340
core   0: 0xffffffff8000b344 (0xcc3f2023) sw      gp, -832(t5)
3 0x8000b344 (0xcc3f2023) mem 0x8000c000 0x00000001
core   0: 0xffffffff8000b348 (0xff9ff06f) j       pc - 0x8
3 0x8000b348 (0xff9ff06f)
core   0: 0xffffffff8000b340 (0x00001f17) auipc   t5, 0x1
3 0x8000b340 (0x00001f17) x30 0x8000c340
core   0: 0xffffffff8000b344 (0xcc3f2023) sw      gp, -832(t5)
3 0x8000b344 (0xcc3f2023) mem 0x8000c000 0x00000001
core   0: 0xffffffff8000b348 (0xff9ff06f) j       pc - 0x8
3 0x8000b348 (0xff9ff06f)
core   0: 0xffffffff8000b340 (0x00001f17) auipc   t5, 0x1
3 0x8000b340 (0x00001f17) x30 0x8000c340
core   0: 0xffffffff8000b344 (0xcc3f2023) sw      gp, -832(t5)
3 0x8000b344 (0xcc3f2023) mem 0x8000c000 0x00000001
core   0: 0xffffffff8000b348 (0xff9ff06f) j       pc - 0x8
3 0x8000b348 (0xff9ff06f)
core   0: 0xffffffff8000b340 (0x00001f17) auipc   t5, 0x1
3 0x8000b340 (0x00001f17) x30 0x8000c340
core   0: 0xffffffff8000b344 (0xcc3f2023) sw      gp, -832(t5)
3 0x8000b344 (0xcc3f2023) mem 0x8000c000 0x00000001
core   0: 0xffffffff8000b348 (0xff9ff06f) j       pc - 0x8
3 0x8000b348 (0xff9ff06f)
core   0: 0xffffffff8000b340 (0x00001f17) auipc   t5, 0x1
3 0x8000b340 (0x00001f17) x30 0x8000c340
core   0: 0xffffffff8000b344 (0xcc3f2023) sw      gp, -832(t5)
3 0x8000b344 (0xcc3f2023) mem 0x8000c000 0x00000001
core   0: 0xffffffff8000b348 (0xff9ff06f) j       pc - 0x8
3 0x8000b348 (0xff9ff06f)
core   0: 0xffffffff8000b340 (0x00001f17) auipc   t5, 0x1
3 0x8000b340 (0x00001f17) x30 0x8000c340
core   0: 0xffffffff8000b344 (0xcc3f2023) sw      gp, -832(t5)
3 0x8000b344 (0xcc3f2023) mem 0x8000c000 0x00000001
core   0: 0xffffffff8000b348 (0xff9ff06f) j       pc - 0x8
3 0x8000b348 (0xff9ff06f)
core   0: 0xffffffff8000b340 (0x00001f17) auipc   t5, 0x1
3 0x8000b340 (0x00001f17) x30 0x8000c340
core   0: 0xffffffff8000b344 (0xcc3f2023) sw      gp, -832(t5)
3 0x8000b344 (0xcc3f2023) mem 0x8000c000 0x00000001
core   0: 0xffffffff8000b348 (0xff9ff06f) j       pc - 0x8
3 0x8000b348 (0xff9ff06f)
core   0: 0xffffffff8000b340 (0x00001f17) auipc   t5, 0x1
3 0x8000b340 (0x00001f17) x30 0x8000c340
core   0: 0xffffffff8000b344 (0xcc3f2023) sw      gp, -832(t5)
3 0x8000b344 (0xcc3f2023) mem 0x8000c000 0x00000001
core   0: 0xffffffff8000b348 (0xff9ff06f) j       pc - 0x8
3 0x8000b348 (0xff9ff06f)
core   0: 0xffffffff8000b340 (0x00001f17) auipc   t5, 0x1
3 0x8000b340 (0x00001f17) x30 0x8000c340
core   0: 0xffffffff8000b344 (0xcc3f2023) sw      gp, -832(t5)
3 0x8000b344 (0xcc3f2023) mem 0x8000c000 0x00000001
core   0: 0xffffffff8000b348 (0xff9ff06f) j       pc - 0x8
3 0x8000b348 (0xff9ff06f)
core   0: 0xffffffff8000b340 (0x00001f17) auipc   t5, 0x1
3 0x8000b340 (0x00001f17) x30 0x8000c340
core   0: 0xffffffff8000b344 (0xcc3f2023) sw      gp, -832(t5)
3 0x8000b344 (0xcc3f2023) mem 0x8000c000 0x00000001
core   0: 0xffffffff8000b348 (0xff9ff06f) j       pc - 0x8
3 0x8000b348 (0xff9ff06f)
core   0: 0xffffffff8000b340 (0x00001f17) auipc   t5, 0x1
3 0x8000b340 (0x00001f17) x30 0x8000c340
core   0: 0xffffffff8000b344 (0xcc3f2023) sw      gp, -832(t5)
3 0x8000b344 (0xcc3f2023) mem 0x8000c000 0x00000001
core   0: 0xffffffff8000b348 (0xff9ff06f) j       pc - 0x8
3 0x8000b348 (0xff9ff06f)
core   0: 0xffffffff8000b340 (0x00001f17) auipc   t5, 0x1
3 0x8000b340 (0x00001f17) x30 0x8000c340
core   0: 0xffffffff8000b344 (0xcc3f2023) sw      gp, -832(t5)
3 0x8000b344 (0xcc3f2023) mem 0x8000c000 0x00000001
core   0: 0xffffffff8000b348 (0xff9ff06f) j       pc - 0x8
3 0x8000b348 (0xff9ff06f)
core   0: 0xffffffff8000b340 (0x00001f17) auipc   t5, 0x1
3 0x8000b340 (0x00001f17) x30 0x8000c340
core   0: 0xffffffff8000b344 (0xcc3f2023) sw      gp, -832(t5)
3 0x8000b344 (0xcc3f2023) mem 0x8000c000 0x00000001
core   0: 0xffffffff8000b348 (0xff9ff06f) j       pc - 0x8
3 0x8000b348 (0xff9ff06f)
core   0: 0xffffffff8000b340 (0x00001f17) auipc   t5, 0x1
3 0x8000b340 (0x00001f17) x30 0x8000c340
core   0: 0xffffffff8000b344 (0xcc3f2023) sw      gp, -832(t5)
3 0x8000b344 (0xcc3f2023) mem 0x8000c000 0x00000001
core   0: 0xffffffff8000b348 (0xff9ff06f) j       pc - 0x8
3 0x8000b348 (0xff9ff06f)
core   0: 0xffffffff8000b340 (0x00001f17) auipc   t5, 0x1
3 0x8000b340 (0x00001f17) x30 0x8000c340
core   0: 0xffffffff8000b344 (0xcc3f2023) sw      gp, -832(t5)
3 0x8000b344 (0xcc3f2023) mem 0x8000c000 0x00000001
core   0: 0xffffffff8000b348 (0xff9ff06f) j       pc - 0x8
3 0x8000b348 (0xff9ff06f)
core   0: 0xffffffff8000b340 (0x00001f17) auipc   t5, 0x1
3 0x8000b340 (0x00001f17) x30 0x8000c340
core   0: 0xffffffff8000b344 (0xcc3f2023) sw      gp, -832(t5)
3 0x8000b344 (0xcc3f2023) mem 0x8000c000 0x00000001
core   0: 0xffffffff8000b348 (0xff9ff06f) j       pc - 0x8
3 0x8000b348 (0xff9ff06f)
core   0: 0xffffffff8000b340 (0x00001f17) auipc   t5, 0x1
3 0x8000b340 (0x00001f17) x30 0x8000c340
core   0: 0xffffffff8000b344 (0xcc3f2023) sw      gp, -832(t5)
3 0x8000b344 (0xcc3f2023) mem 0x8000c000 0x00000001
core   0: 0xffffffff8000b348 (0xff9ff06f) j       pc - 0x8
3 0x8000b348 (0xff9ff06f)
core   0: 0xffffffff8000b340 (0x00001f17) auipc   t5, 0x1
3 0x8000b340 (0x00001f17) x30 0x8000c340
core   0: 0xffffffff8000b344 (0xcc3f2023) sw      gp, -832(t5)
3 0x8000b344 (0xcc3f2023) mem 0x8000c000 0x00000001
core   0: 0xffffffff8000b348 (0xff9ff06f) j       pc - 0x8
3 0x8000b348 (0xff9ff06f)
core   0: 0xffffffff8000b340 (0x00001f17) auipc   t5, 0x1
3 0x8000b340 (0x00001f17) x30 0x8000c340
core   0: 0xffffffff8000b344 (0xcc3f2023) sw      gp, -832(t5)
3 0x8000b344 (0xcc3f2023) mem 0x8000c000 0x00000001
core   0: 0xffffffff8000b348 (0xff9ff06f) j       pc - 0x8
3 0x8000b348 (0xff9ff06f)
core   0: 0xffffffff8000b340 (0x00001f17) auipc   t5, 0x1
3 0x8000b340 (0x00001f17) x30 0x8000c340
core   0: 0xffffffff8000b344 (0xcc3f2023) sw      gp, -832(t5)
3 0x8000b344 (0xcc3f2023) mem 0x8000c000 0x00000001
core   0: 0xffffffff8000b348 (0xff9ff06f) j       pc - 0x8
3 0x8000b348 (0xff9ff06f)
core   0: 0xffffffff8000b340 (0x00001f17) auipc   t5, 0x1
3 0x8000b340 (0x00001f17) x30 0x8000c340
core   0: 0xffffffff8000b344 (0xcc3f2023) sw      gp, -832(t5)
3 0x8000b344 (0xcc3f2023) mem 0x8000c000 0x00000001
core   0: 0xffffffff8000b348 (0xff9ff06f) j       pc - 0x8
3 0x8000b348 (0xff9ff06f)
core   0: 0xffffffff8000b340 (0x00001f17) auipc   t5, 0x1
3 0x8000b340 (0x00001f17) x30 0x8000c340
core   0: 0xffffffff8000b344 (0xcc3f2023) sw      gp, -832(t5)
3 0x8000b344 (0xcc3f2023) mem 0x8000c000 0x00000001
core   0: 0xffffffff8000b348 (0xff9ff06f) j       pc - 0x8
3 0x8000b348 (0xff9ff06f)
core   0: 0xffffffff8000b340 (0x00001f17) auipc   t5, 0x1
3 0x8000b340 (0x00001f17) x30 0x8000c340
core   0: 0xffffffff8000b344 (0xcc3f2023) sw      gp, -832(t5)
3 0x8000b344 (0xcc3f2023) mem 0x8000c000 0x00000001
core   0: 0xffffffff8000b348 (0xff9ff06f) j       pc - 0x8
3 0x8000b348 (0xff9ff06f)
core   0: 0xffffffff8000b340 (0x00001f17) auipc   t5, 0x1
3 0x8000b340 (0x00001f17) x30 0x8000c340
core   0: 0xffffffff8000b344 (0xcc3f2023) sw      gp, -832(t5)
3 0x8000b344 (0xcc3f2023) mem 0x8000c000 0x00000001
core   0: 0xffffffff8000b348 (0xff9ff06f) j       pc - 0x8
3 0x8000b348 (0xff9ff06f)
core   0: 0xffffffff8000b340 (0x00001f17) auipc   t5, 0x1
3 0x8000b340 (0x00001f17) x30 0x8000c340
core   0: 0xffffffff8000b344 (0xcc3f2023) sw      gp, -832(t5)
3 0x8000b344 (0xcc3f2023) mem 0x8000c000 0x00000001
core   0: 0xffffffff8000b348 (0xff9ff06f) j       pc - 0x8
3 0x8000b348 (0xff9ff06f)
core   0: 0xffffffff8000b340 (0x00001f17) auipc   t5, 0x1
3 0x8000b340 (0x00001f17) x30 0x8000c340
core   0: 0xffffffff8000b344 (0xcc3f2023) sw      gp, -832(t5)
3 0x8000b344 (0xcc3f2023) mem 0x8000c000 0x00000001
core   0: 0xffffffff8000b348 (0xff9ff06f) j       pc - 0x8
3 0x8000b348 (0xff9ff06f)
core   0: 0xffffffff8000b340 (0x00001f17) auipc   t5, 0x1
3 0x8000b340 (0x00001f17) x30 0x8000c340
core   0: 0xffffffff8000b344 (0xcc3f2023) sw      gp, -832(t5)
3 0x8000b344 (0xcc3f2023) mem 0x8000c000 0x00000001
core   0: 0xffffffff8000b348 (0xff9ff06f) j       pc - 0x8
3 0x8000b348 (0xff9ff06f)
core   0: 0xffffffff8000b340 (0x00001f17) auipc   t5, 0x1
3 0x8000b340 (0x00001f17) x30 0x8000c340
core   0: 0xffffffff8000b344 (0xcc3f2023) sw      gp, -832(t5)
3 0x8000b344 (0xcc3f2023) mem 0x8000c000 0x00000001
core   0: 0xffffffff8000b348 (0xff9ff06f) j       pc - 0x8
3 0x8000b348 (0xff9ff06f)
core   0: 0xffffffff8000b340 (0x00001f17) auipc   t5, 0x1
3 0x8000b340 (0x00001f17) x30 0x8000c340
core   0: 0xffffffff8000b344 (0xcc3f2023) sw      gp, -832(t5)
3 0x8000b344 (0xcc3f2023) mem 0x8000c000 0x00000001
core   0: 0xffffffff8000b348 (0xff9ff06f) j       pc - 0x8
3 0x8000b348 (0xff9ff06f)
core   0: 0xffffffff8000b340 (0x00001f17) auipc   t5, 0x1
3 0x8000b340 (0x00001f17) x30 0x8000c340
core   0: 0xffffffff8000b344 (0xcc3f2023) sw      gp, -832(t5)
3 0x8000b344 (0xcc3f2023) mem 0x8000c000 0x00000001
core   0: 0xffffffff8000b348 (0xff9ff06f) j       pc - 0x8
3 0x8000b348 (0xff9ff06f)
core   0: 0xffffffff8000b340 (0x00001f17) auipc   t5, 0x1
3 0x8000b340 (0x00001f17) x30 0x8000c340
core   0: 0xffffffff8000b344 (0xcc3f2023) sw      gp, -832(t5)
3 0x8000b344 (0xcc3f2023) mem 0x8000c000 0x00000001
core   0: 0xffffffff8000b348 (0xff9ff06f) j       pc - 0x8
3 0x8000b348 (0xff9ff06f)
core   0: 0xffffffff8000b340 (0x00001f17) auipc   t5, 0x1
3 0x8000b340 (0x00001f17) x30 0x8000c340
core   0: 0xffffffff8000b344 (0xcc3f2023) sw      gp, -832(t5)
3 0x8000b344 (0xcc3f2023) mem 0x8000c000 0x00000001
core   0: 0xffffffff8000b348 (0xff9ff06f) j       pc - 0x8
3 0x8000b348 (0xff9ff06f)
core   0: 0xffffffff8000b340 (0x00001f17) auipc   t5, 0x1
3 0x8000b340 (0x00001f17) x30 0x8000c340
core   0: 0xffffffff8000b344 (0xcc3f2023) sw      gp, -832(t5)
3 0x8000b344 (0xcc3f2023) mem 0x8000c000 0x00000001
core   0: 0xffffffff8000b348 (0xff9ff06f) j       pc - 0x8
3 0x8000b348 (0xff9ff06f)
core   0: 0xffffffff8000b340 (0x00001f17) auipc   t5, 0x1
3 0x8000b340 (0x00001f17) x30 0x8000c340
core   0: 0xffffffff8000b344 (0xcc3f2023) sw      gp, -832(t5)
3 0x8000b344 (0xcc3f2023) mem 0x8000c000 0x00000001
core   0: 0xffffffff8000b348 (0xff9ff06f) j       pc - 0x8
3 0x8000b348 (0xff9ff06f)
core   0: 0xffffffff8000b340 (0x00001f17) auipc   t5, 0x1
3 0x8000b340 (0x00001f17) x30 0x8000c340
core   0: 0xffffffff8000b344 (0xcc3f2023) sw      gp, -832(t5)
3 0x8000b344 (0xcc3f2023) mem 0x8000c000 0x00000001
core   0: 0xffffffff8000b348 (0xff9ff06f) j       pc - 0x8
3 0x8000b348 (0xff9ff06f)
core   0: 0xffffffff8000b340 (0x00001f17) auipc   t5, 0x1
3 0x8000b340 (0x00001f17) x30 0x8000c340
core   0: 0xffffffff8000b344 (0xcc3f2023) sw      gp, -832(t5)
3 0x8000b344 (0xcc3f2023) mem 0x8000c000 0x00000001
core   0: 0xffffffff8000b348 (0xff9ff06f) j       pc - 0x8
3 0x8000b348 (0xff9ff06f)
core   0: 0xffffffff8000b340 (0x00001f17) auipc   t5, 0x1
3 0x8000b340 (0x00001f17) x30 0x8000c340
core   0: 0xffffffff8000b344 (0xcc3f2023) sw      gp, -832(t5)
3 0x8000b344 (0xcc3f2023) mem 0x8000c000 0x00000001
core   0: 0xffffffff8000b348 (0xff9ff06f) j       pc - 0x8
3 0x8000b348 (0xff9ff06f)
core   0: 0xffffffff8000b340 (0x00001f17) auipc   t5, 0x1
3 0x8000b340 (0x00001f17) x30 0x8000c340
core   0: 0xffffffff8000b344 (0xcc3f2023) sw      gp, -832(t5)
3 0x8000b344 (0xcc3f2023) mem 0x8000c000 0x00000001
core   0: 0xffffffff8000b348 (0xff9ff06f) j       pc - 0x8
3 0x8000b348 (0xff9ff06f)
core   0: 0xffffffff8000b340 (0x00001f17) auipc   t5, 0x1
3 0x8000b340 (0x00001f17) x30 0x8000c340
core   0: 0xffffffff8000b344 (0xcc3f2023) sw      gp, -832(t5)
3 0x8000b344 (0xcc3f2023) mem 0x8000c000 0x00000001
core   0: 0xffffffff8000b348 (0xff9ff06f) j       pc - 0x8
3 0x8000b348 (0xff9ff06f)
core   0: 0xffffffff8000b340 (0x00001f17) auipc   t5, 0x1
3 0x8000b340 (0x00001f17) x30 0x8000c340
core   0: 0xffffffff8000b344 (0xcc3f2023) sw      gp, -832(t5)
3 0x8000b344 (0xcc3f2023) mem 0x8000c000 0x00000001
core   0: 0xffffffff8000b348 (0xff9ff06f) j       pc - 0x8
3 0x8000b348 (0xff9ff06f)
core   0: 0xffffffff8000b340 (0x00001f17) auipc   t5, 0x1
3 0x8000b340 (0x00001f17) x30 0x8000c340
core   0: 0xffffffff8000b344 (0xcc3f2023) sw      gp, -832(t5)
3 0x8000b344 (0xcc3f2023) mem 0x8000c000 0x00000001
core   0: 0xffffffff8000b348 (0xff9ff06f) j       pc - 0x8
3 0x8000b348 (0xff9ff06f)
core   0: 0xffffffff8000b340 (0x00001f17) auipc   t5, 0x1
3 0x8000b340 (0x00001f17) x30 0x8000c340
core   0: 0xffffffff8000b344 (0xcc3f2023) sw      gp, -832(t5)
3 0x8000b344 (0xcc3f2023) mem 0x8000c000 0x00000001
core   0: 0xffffffff8000b348 (0xff9ff06f) j       pc - 0x8
3 0x8000b348 (0xff9ff06f)
core   0: 0xffffffff8000b340 (0x00001f17) auipc   t5, 0x1
3 0x8000b340 (0x00001f17) x30 0x8000c340
core   0: 0xffffffff8000b344 (0xcc3f2023) sw      gp, -832(t5)
3 0x8000b344 (0xcc3f2023) mem 0x8000c000 0x00000001
core   0: 0xffffffff8000b348 (0xff9ff06f) j       pc - 0x8
3 0x8000b348 (0xff9ff06f)
core   0: 0xffffffff8000b340 (0x00001f17) auipc   t5, 0x1
3 0x8000b340 (0x00001f17) x30 0x8000c340
core   0: 0xffffffff8000b344 (0xcc3f2023) sw      gp, -832(t5)
3 0x8000b344 (0xcc3f2023) mem 0x8000c000 0x00000001
core   0: 0xffffffff8000b348 (0xff9ff06f) j       pc - 0x8
3 0x8000b348 (0xff9ff06f)
core   0: 0xffffffff8000b340 (0x00001f17) auipc   t5, 0x1
3 0x8000b340 (0x00001f17) x30 0x8000c340
core   0: 0xffffffff8000b344 (0xcc3f2023) sw      gp, -832(t5)
3 0x8000b344 (0xcc3f2023) mem 0x8000c000 0x00000001
core   0: 0xffffffff8000b348 (0xff9ff06f) j       pc - 0x8
3 0x8000b348 (0xff9ff06f)
core   0: 0xffffffff8000b340 (0x00001f17) auipc   t5, 0x1
3 0x8000b340 (0x00001f17) x30 0x8000c340
core   0: 0xffffffff8000b344 (0xcc3f2023) sw      gp, -832(t5)
3 0x8000b344 (0xcc3f2023) mem 0x8000c000 0x00000001
core   0: 0xffffffff8000b348 (0xff9ff06f) j       pc - 0x8
3 0x8000b348 (0xff9ff06f)
core   0: 0xffffffff8000b340 (0x00001f17) auipc   t5, 0x1
3 0x8000b340 (0x00001f17) x30 0x8000c340
core   0: 0xffffffff8000b344 (0xcc3f2023) sw      gp, -832(t5)
3 0x8000b344 (0xcc3f2023) mem 0x8000c000 0x00000001
core   0: 0xffffffff8000b348 (0xff9ff06f) j       pc - 0x8
3 0x8000b348 (0xff9ff06f)
core   0: 0xffffffff8000b340 (0x00001f17) auipc   t5, 0x1
3 0x8000b340 (0x00001f17) x30 0x8000c340
core   0: 0xffffffff8000b344 (0xcc3f2023) sw      gp, -832(t5)
3 0x8000b344 (0xcc3f2023) mem 0x8000c000 0x00000001
core   0: 0xffffffff8000b348 (0xff9ff06f) j       pc - 0x8
3 0x8000b348 (0xff9ff06f)
core   0: 0xffffffff8000b340 (0x00001f17) auipc   t5, 0x1
3 0x8000b340 (0x00001f17) x30 0x8000c340
core   0: 0xffffffff8000b344 (0xcc3f2023) sw      gp, -832(t5)
3 0x8000b344 (0xcc3f2023) mem 0x8000c000 0x00000001
core   0: 0xffffffff8000b348 (0xff9ff06f) j       pc - 0x8
3 0x8000b348 (0xff9ff06f)
core   0: 0xffffffff8000b340 (0x00001f17) auipc   t5, 0x1
3 0x8000b340 (0x00001f17) x30 0x8000c340
core   0: 0xffffffff8000b344 (0xcc3f2023) sw      gp, -832(t5)
3 0x8000b344 (0xcc3f2023) mem 0x8000c000 0x00000001
core   0: 0xffffffff8000b348 (0xff9ff06f) j       pc - 0x8
3 0x8000b348 (0xff9ff06f)
core   0: 0xffffffff8000b340 (0x00001f17) auipc   t5, 0x1
3 0x8000b340 (0x00001f17) x30 0x8000c340
core   0: 0xffffffff8000b344 (0xcc3f2023) sw      gp, -832(t5)
3 0x8000b344 (0xcc3f2023) mem 0x8000c000 0x00000001
core   0: 0xffffffff8000b348 (0xff9ff06f) j       pc - 0x8
3 0x8000b348 (0xff9ff06f)
core   0: 0xffffffff8000b340 (0x00001f17) auipc   t5, 0x1
3 0x8000b340 (0x00001f17) x30 0x8000c340
core   0: 0xffffffff8000b344 (0xcc3f2023) sw      gp, -832(t5)
3 0x8000b344 (0xcc3f2023) mem 0x8000c000 0x00000001
core   0: 0xffffffff8000b348 (0xff9ff06f) j       pc - 0x8
3 0x8000b348 (0xff9ff06f)
core   0: 0xffffffff8000b340 (0x00001f17) auipc   t5, 0x1
3 0x8000b340 (0x00001f17) x30 0x8000c340
core   0: 0xffffffff8000b344 (0xcc3f2023) sw      gp, -832(t5)
3 0x8000b344 (0xcc3f2023) mem 0x8000c000 0x00000001
core   0: 0xffffffff8000b348 (0xff9ff06f) j       pc - 0x8
3 0x8000b348 (0xff9ff06f)
core   0: 0xffffffff8000b340 (0x00001f17) auipc   t5, 0x1
3 0x8000b340 (0x00001f17) x30 0x8000c340
core   0: 0xffffffff8000b344 (0xcc3f2023) sw      gp, -832(t5)
3 0x8000b344 (0xcc3f2023) mem 0x8000c000 0x00000001
core   0: 0xffffffff8000b348 (0xff9ff06f) j       pc - 0x8
3 0x8000b348 (0xff9ff06f)
core   0: 0xffffffff8000b340 (0x00001f17) auipc   t5, 0x1
3 0x8000b340 (0x00001f17) x30 0x8000c340
core   0: 0xffffffff8000b344 (0xcc3f2023) sw      gp, -832(t5)
3 0x8000b344 (0xcc3f2023) mem 0x8000c000 0x00000001
core   0: 0xffffffff8000b348 (0xff9ff06f) j       pc - 0x8
3 0x8000b348 (0xff9ff06f)
core   0: 0xffffffff8000b340 (0x00001f17) auipc   t5, 0x1
3 0x8000b340 (0x00001f17) x30 0x8000c340
core   0: 0xffffffff8000b344 (0xcc3f2023) sw      gp, -832(t5)
3 0x8000b344 (0xcc3f2023) mem 0x8000c000 0x00000001
core   0: 0xffffffff8000b348 (0xff9ff06f) j       pc - 0x8
3 0x8000b348 (0xff9ff06f)
core   0: 0xffffffff8000b340 (0x00001f17) auipc   t5, 0x1
3 0x8000b340 (0x00001f17) x30 0x8000c340
core   0: 0xffffffff8000b344 (0xcc3f2023) sw      gp, -832(t5)
3 0x8000b344 (0xcc3f2023) mem 0x8000c000 0x00000001
core   0: 0xffffffff8000b348 (0xff9ff06f) j       pc - 0x8
3 0x8000b348 (0xff9ff06f)
core   0: 0xffffffff8000b340 (0x00001f17) auipc   t5, 0x1
3 0x8000b340 (0x00001f17) x30 0x8000c340
core   0: 0xffffffff8000b344 (0xcc3f2023) sw      gp, -832(t5)
3 0x8000b344 (0xcc3f2023) mem 0x8000c000 0x00000001
core   0: 0xffffffff8000b348 (0xff9ff06f) j       pc - 0x8
3 0x8000b348 (0xff9ff06f)
core   0: 0xffffffff8000b340 (0x00001f17) auipc   t5, 0x1
3 0x8000b340 (0x00001f17) x30 0x8000c340
core   0: 0xffffffff8000b344 (0xcc3f2023) sw      gp, -832(t5)
3 0x8000b344 (0xcc3f2023) mem 0x8000c000 0x00000001
core   0: 0xffffffff8000b348 (0xff9ff06f) j       pc - 0x8
3 0x8000b348 (0xff9ff06f)
core   0: 0xffffffff8000b340 (0x00001f17) auipc   t5, 0x1
3 0x8000b340 (0x00001f17) x30 0x8000c340
core   0: 0xffffffff8000b344 (0xcc3f2023) sw      gp, -832(t5)
3 0x8000b344 (0xcc3f2023) mem 0x8000c000 0x00000001
core   0: 0xffffffff8000b348 (0xff9ff06f) j       pc - 0x8
3 0x8000b348 (0xff9ff06f)
core   0: 0xffffffff8000b340 (0x00001f17) auipc   t5, 0x1
3 0x8000b340 (0x00001f17) x30 0x8000c340
core   0: 0xffffffff8000b344 (0xcc3f2023) sw      gp, -832(t5)
3 0x8000b344 (0xcc3f2023) mem 0x8000c000 0x00000001
core   0: 0xffffffff8000b348 (0xff9ff06f) j       pc - 0x8
3 0x8000b348 (0xff9ff06f)
core   0: 0xffffffff8000b340 (0x00001f17) auipc   t5, 0x1
3 0x8000b340 (0x00001f17) x30 0x8000c340
core   0: 0xffffffff8000b344 (0xcc3f2023) sw      gp, -832(t5)
3 0x8000b344 (0xcc3f2023) mem 0x8000c000 0x00000001
core   0: 0xffffffff8000b348 (0xff9ff06f) j       pc - 0x8
3 0x8000b348 (0xff9ff06f)
core   0: 0xffffffff8000b340 (0x00001f17) auipc   t5, 0x1
3 0x8000b340 (0x00001f17) x30 0x8000c340
core   0: 0xffffffff8000b344 (0xcc3f2023) sw      gp, -832(t5)
3 0x8000b344 (0xcc3f2023) mem 0x8000c000 0x00000001
core   0: 0xffffffff8000b348 (0xff9ff06f) j       pc - 0x8
3 0x8000b348 (0xff9ff06f)
core   0: 0xffffffff8000b340 (0x00001f17) auipc   t5, 0x1
3 0x8000b340 (0x00001f17) x30 0x8000c340
core   0: 0xffffffff8000b344 (0xcc3f2023) sw      gp, -832(t5)
3 0x8000b344 (0xcc3f2023) mem 0x8000c000 0x00000001
core   0: 0xffffffff8000b348 (0xff9ff06f) j       pc - 0x8
3 0x8000b348 (0xff9ff06f)
core   0: 0xffffffff8000b340 (0x00001f17) auipc   t5, 0x1
3 0x8000b340 (0x00001f17) x30 0x8000c340
core   0: 0xffffffff8000b344 (0xcc3f2023) sw      gp, -832(t5)
3 0x8000b344 (0xcc3f2023) mem 0x8000c000 0x00000001
core   0: 0xffffffff8000b348 (0xff9ff06f) j       pc - 0x8
3 0x8000b348 (0xff9ff06f)
core   0: 0xffffffff8000b340 (0x00001f17) auipc   t5, 0x1
3 0x8000b340 (0x00001f17) x30 0x8000c340
core   0: 0xffffffff8000b344 (0xcc3f2023) sw      gp, -832(t5)
3 0x8000b344 (0xcc3f2023) mem 0x8000c000 0x00000001
core   0: 0xffffffff8000b348 (0xff9ff06f) j       pc - 0x8
3 0x8000b348 (0xff9ff06f)
core   0: 0xffffffff8000b340 (0x00001f17) auipc   t5, 0x1
3 0x8000b340 (0x00001f17) x30 0x8000c340
core   0: 0xffffffff8000b344 (0xcc3f2023) sw      gp, -832(t5)
3 0x8000b344 (0xcc3f2023) mem 0x8000c000 0x00000001
core   0: 0xffffffff8000b348 (0xff9ff06f) j       pc - 0x8
3 0x8000b348 (0xff9ff06f)
core   0: 0xffffffff8000b340 (0x00001f17) auipc   t5, 0x1
3 0x8000b340 (0x00001f17) x30 0x8000c340
core   0: 0xffffffff8000b344 (0xcc3f2023) sw      gp, -832(t5)
3 0x8000b344 (0xcc3f2023) mem 0x8000c000 0x00000001
core   0: 0xffffffff8000b348 (0xff9ff06f) j       pc - 0x8
3 0x8000b348 (0xff9ff06f)
core   0: 0xffffffff8000b340 (0x00001f17) auipc   t5, 0x1
3 0x8000b340 (0x00001f17) x30 0x8000c340
core   0: 0xffffffff8000b344 (0xcc3f2023) sw      gp, -832(t5)
3 0x8000b344 (0xcc3f2023) mem 0x8000c000 0x00000001
core   0: 0xffffffff8000b348 (0xff9ff06f) j       pc - 0x8
3 0x8000b348 (0xff9ff06f)
core   0: 0xffffffff8000b340 (0x00001f17) auipc   t5, 0x1
3 0x8000b340 (0x00001f17) x30 0x8000c340
core   0: 0xffffffff8000b344 (0xcc3f2023) sw      gp, -832(t5)
3 0x8000b344 (0xcc3f2023) mem 0x8000c000 0x00000001
core   0: 0xffffffff8000b348 (0xff9ff06f) j       pc - 0x8
3 0x8000b348 (0xff9ff06f)
core   0: 0xffffffff8000b340 (0x00001f17) auipc   t5, 0x1
3 0x8000b340 (0x00001f17) x30 0x8000c340
core   0: 0xffffffff8000b344 (0xcc3f2023) sw      gp, -832(t5)
3 0x8000b344 (0xcc3f2023) mem 0x8000c000 0x00000001
core   0: 0xffffffff8000b348 (0xff9ff06f) j       pc - 0x8
3 0x8000b348 (0xff9ff06f)
core   0: 0xffffffff8000b340 (0x00001f17) auipc   t5, 0x1
3 0x8000b340 (0x00001f17) x30 0x8000c340
core   0: 0xffffffff8000b344 (0xcc3f2023) sw      gp, -832(t5)
3 0x8000b344 (0xcc3f2023) mem 0x8000c000 0x00000001
core   0: 0xffffffff8000b348 (0xff9ff06f) j       pc - 0x8
3 0x8000b348 (0xff9ff06f)
core   0: 0xffffffff8000b340 (0x00001f17) auipc   t5, 0x1
3 0x8000b340 (0x00001f17) x30 0x8000c340
core   0: 0xffffffff8000b344 (0xcc3f2023) sw      gp, -832(t5)
3 0x8000b344 (0xcc3f2023) mem 0x8000c000 0x00000001
core   0: 0xffffffff8000b348 (0xff9ff06f) j       pc - 0x8
3 0x8000b348 (0xff9ff06f)
core   0: 0xffffffff8000b340 (0x00001f17) auipc   t5, 0x1
3 0x8000b340 (0x00001f17) x30 0x8000c340
core   0: 0xffffffff8000b344 (0xcc3f2023) sw      gp, -832(t5)
3 0x8000b344 (0xcc3f2023) mem 0x8000c000 0x00000001
core   0: 0xffffffff8000b348 (0xff9ff06f) j       pc - 0x8
3 0x8000b348 (0xff9ff06f)
core   0: 0xffffffff8000b340 (0x00001f17) auipc   t5, 0x1
3 0x8000b340 (0x00001f17) x30 0x8000c340
core   0: 0xffffffff8000b344 (0xcc3f2023) sw      gp, -832(t5)
3 0x8000b344 (0xcc3f2023) mem 0x8000c000 0x00000001
core   0: 0xffffffff8000b348 (0xff9ff06f) j       pc - 0x8
3 0x8000b348 (0xff9ff06f)
core   0: 0xffffffff8000b340 (0x00001f17) auipc   t5, 0x1
3 0x8000b340 (0x00001f17) x30 0x8000c340
core   0: 0xffffffff8000b344 (0xcc3f2023) sw      gp, -832(t5)
3 0x8000b344 (0xcc3f2023) mem 0x8000c000 0x00000001
core   0: 0xffffffff8000b348 (0xff9ff06f) j       pc - 0x8
3 0x8000b348 (0xff9ff06f)
core   0: 0xffffffff8000b340 (0x00001f17) auipc   t5, 0x1
3 0x8000b340 (0x00001f17) x30 0x8000c340
core   0: 0xffffffff8000b344 (0xcc3f2023) sw      gp, -832(t5)
3 0x8000b344 (0xcc3f2023) mem 0x8000c000 0x00000001
core   0: 0xffffffff8000b348 (0xff9ff06f) j       pc - 0x8
3 0x8000b348 (0xff9ff06f)
core   0: 0xffffffff8000b340 (0x00001f17) auipc   t5, 0x1
3 0x8000b340 (0x00001f17) x30 0x8000c340
core   0: 0xffffffff8000b344 (0xcc3f2023) sw      gp, -832(t5)
3 0x8000b344 (0xcc3f2023) mem 0x8000c000 0x00000001
core   0: 0xffffffff8000b348 (0xff9ff06f) j       pc - 0x8
3 0x8000b348 (0xff9ff06f)
core   0: 0xffffffff8000b340 (0x00001f17) auipc   t5, 0x1
3 0x8000b340 (0x00001f17) x30 0x8000c340
core   0: 0xffffffff8000b344 (0xcc3f2023) sw      gp, -832(t5)
3 0x8000b344 (0xcc3f2023) mem 0x8000c000 0x00000001
core   0: 0xffffffff8000b348 (0xff9ff06f) j       pc - 0x8
3 0x8000b348 (0xff9ff06f)
core   0: 0xffffffff8000b340 (0x00001f17) auipc   t5, 0x1
3 0x8000b340 (0x00001f17) x30 0x8000c340
core   0: 0xffffffff8000b344 (0xcc3f2023) sw      gp, -832(t5)
3 0x8000b344 (0xcc3f2023) mem 0x8000c000 0x00000001
core   0: 0xffffffff8000b348 (0xff9ff06f) j       pc - 0x8
3 0x8000b348 (0xff9ff06f)
core   0: 0xffffffff8000b340 (0x00001f17) auipc   t5, 0x1
3 0x8000b340 (0x00001f17) x30 0x8000c340
core   0: 0xffffffff8000b344 (0xcc3f2023) sw      gp, -832(t5)
3 0x8000b344 (0xcc3f2023) mem 0x8000c000 0x00000001
core   0: 0xffffffff8000b348 (0xff9ff06f) j       pc - 0x8
3 0x8000b348 (0xff9ff06f)
core   0: 0xffffffff8000b340 (0x00001f17) auipc   t5, 0x1
3 0x8000b340 (0x00001f17) x30 0x8000c340
core   0: 0xffffffff8000b344 (0xcc3f2023) sw      gp, -832(t5)
3 0x8000b344 (0xcc3f2023) mem 0x8000c000 0x00000001
core   0: 0xffffffff8000b348 (0xff9ff06f) j       pc - 0x8
3 0x8000b348 (0xff9ff06f)
core   0: 0xffffffff8000b340 (0x00001f17) auipc   t5, 0x1
3 0x8000b340 (0x00001f17) x30 0x8000c340
core   0: 0xffffffff8000b344 (0xcc3f2023) sw      gp, -832(t5)
3 0x8000b344 (0xcc3f2023) mem 0x8000c000 0x00000001
core   0: 0xffffffff8000b348 (0xff9ff06f) j       pc - 0x8
3 0x8000b348 (0xff9ff06f)
core   0: 0xffffffff8000b340 (0x00001f17) auipc   t5, 0x1
3 0x8000b340 (0x00001f17) x30 0x8000c340
core   0: 0xffffffff8000b344 (0xcc3f2023) sw      gp, -832(t5)
3 0x8000b344 (0xcc3f2023) mem 0x8000c000 0x00000001
core   0: 0xffffffff8000b348 (0xff9ff06f) j       pc - 0x8
3 0x8000b348 (0xff9ff06f)
core   0: 0xffffffff8000b340 (0x00001f17) auipc   t5, 0x1
3 0x8000b340 (0x00001f17) x30 0x8000c340
core   0: 0xffffffff8000b344 (0xcc3f2023) sw      gp, -832(t5)
3 0x8000b344 (0xcc3f2023) mem 0x8000c000 0x00000001
core   0: 0xffffffff8000b348 (0xff9ff06f) j       pc - 0x8
3 0x8000b348 (0xff9ff06f)
core   0: 0xffffffff8000b340 (0x00001f17) auipc   t5, 0x1
3 0x8000b340 (0x00001f17) x30 0x8000c340
core   0: 0xffffffff8000b344 (0xcc3f2023) sw      gp, -832(t5)
3 0x8000b344 (0xcc3f2023) mem 0x8000c000 0x00000001
core   0: 0xffffffff8000b348 (0xff9ff06f) j       pc - 0x8
3 0x8000b348 (0xff9ff06f)
core   0: 0xffffffff8000b340 (0x00001f17) auipc   t5, 0x1
3 0x8000b340 (0x00001f17) x30 0x8000c340
core   0: 0xffffffff8000b344 (0xcc3f2023) sw      gp, -832(t5)
3 0x8000b344 (0xcc3f2023) mem 0x8000c000 0x00000001
core   0: 0xffffffff8000b348 (0xff9ff06f) j       pc - 0x8
3 0x8000b348 (0xff9ff06f)
core   0: 0xffffffff8000b340 (0x00001f17) auipc   t5, 0x1
3 0x8000b340 (0x00001f17) x30 0x8000c340
core   0: 0xffffffff8000b344 (0xcc3f2023) sw      gp, -832(t5)
3 0x8000b344 (0xcc3f2023) mem 0x8000c000 0x00000001
core   0: 0xffffffff8000b348 (0xff9ff06f) j       pc - 0x8
3 0x8000b348 (0xff9ff06f)
core   0: 0xffffffff8000b340 (0x00001f17) auipc   t5, 0x1
3 0x8000b340 (0x00001f17) x30 0x8000c340
core   0: 0xffffffff8000b344 (0xcc3f2023) sw      gp, -832(t5)
3 0x8000b344 (0xcc3f2023) mem 0x8000c000 0x00000001
core   0: 0xffffffff8000b348 (0xff9ff06f) j       pc - 0x8
3 0x8000b348 (0xff9ff06f)
core   0: 0xffffffff8000b340 (0x00001f17) auipc   t5, 0x1
3 0x8000b340 (0x00001f17) x30 0x8000c340
core   0: 0xffffffff8000b344 (0xcc3f2023) sw      gp, -832(t5)
3 0x8000b344 (0xcc3f2023) mem 0x8000c000 0x00000001
core   0: 0xffffffff8000b348 (0xff9ff06f) j       pc - 0x8
3 0x8000b348 (0xff9ff06f)
core   0: 0xffffffff8000b340 (0x00001f17) auipc   t5, 0x1
3 0x8000b340 (0x00001f17) x30 0x8000c340
core   0: 0xffffffff8000b344 (0xcc3f2023) sw      gp, -832(t5)
3 0x8000b344 (0xcc3f2023) mem 0x8000c000 0x00000001
core   0: 0xffffffff8000b348 (0xff9ff06f) j       pc - 0x8
3 0x8000b348 (0xff9ff06f)
core   0: 0xffffffff8000b340 (0x00001f17) auipc   t5, 0x1
3 0x8000b340 (0x00001f17) x30 0x8000c340
core   0: 0xffffffff8000b344 (0xcc3f2023) sw      gp, -832(t5)
3 0x8000b344 (0xcc3f2023) mem 0x8000c000 0x00000001
core   0: 0xffffffff8000b348 (0xff9ff06f) j       pc - 0x8
3 0x8000b348 (0xff9ff06f)
core   0: 0xffffffff8000b340 (0x00001f17) auipc   t5, 0x1
3 0x8000b340 (0x00001f17) x30 0x8000c340
core   0: 0xffffffff8000b344 (0xcc3f2023) sw      gp, -832(t5)
3 0x8000b344 (0xcc3f2023) mem 0x8000c000 0x00000001
core   0: 0xffffffff8000b348 (0xff9ff06f) j       pc - 0x8
3 0x8000b348 (0xff9ff06f)
core   0: 0xffffffff8000b340 (0x00001f17) auipc   t5, 0x1
3 0x8000b340 (0x00001f17) x30 0x8000c340
core   0: 0xffffffff8000b344 (0xcc3f2023) sw      gp, -832(t5)
3 0x8000b344 (0xcc3f2023) mem 0x8000c000 0x00000001
core   0: 0xffffffff8000b348 (0xff9ff06f) j       pc - 0x8
3 0x8000b348 (0xff9ff06f)
core   0: 0xffffffff8000b340 (0x00001f17) auipc   t5, 0x1
3 0x8000b340 (0x00001f17) x30 0x8000c340
core   0: 0xffffffff8000b344 (0xcc3f2023) sw      gp, -832(t5)
3 0x8000b344 (0xcc3f2023) mem 0x8000c000 0x00000001
core   0: 0xffffffff8000b348 (0xff9ff06f) j       pc - 0x8
3 0x8000b348 (0xff9ff06f)
core   0: 0xffffffff8000b340 (0x00001f17) auipc   t5, 0x1
3 0x8000b340 (0x00001f17) x30 0x8000c340
core   0: 0xffffffff8000b344 (0xcc3f2023) sw      gp, -832(t5)
3 0x8000b344 (0xcc3f2023) mem 0x8000c000 0x00000001
core   0: 0xffffffff8000b348 (0xff9ff06f) j       pc - 0x8
3 0x8000b348 (0xff9ff06f)
core   0: 0xffffffff8000b340 (0x00001f17) auipc   t5, 0x1
3 0x8000b340 (0x00001f17) x30 0x8000c340
core   0: 0xffffffff8000b344 (0xcc3f2023) sw      gp, -832(t5)
3 0x8000b344 (0xcc3f2023) mem 0x8000c000 0x00000001
core   0: 0xffffffff8000b348 (0xff9ff06f) j       pc - 0x8
3 0x8000b348 (0xff9ff06f)
core   0: 0xffffffff8000b340 (0x00001f17) auipc   t5, 0x1
3 0x8000b340 (0x00001f17) x30 0x8000c340
core   0: 0xffffffff8000b344 (0xcc3f2023) sw      gp, -832(t5)
3 0x8000b344 (0xcc3f2023) mem 0x8000c000 0x00000001
core   0: 0xffffffff8000b348 (0xff9ff06f) j       pc - 0x8
3 0x8000b348 (0xff9ff06f)
core   0: 0xffffffff8000b340 (0x00001f17) auipc   t5, 0x1
3 0x8000b340 (0x00001f17) x30 0x8000c340
core   0: 0xffffffff8000b344 (0xcc3f2023) sw      gp, -832(t5)
3 0x8000b344 (0xcc3f2023) mem 0x8000c000 0x00000001
core   0: 0xffffffff8000b348 (0xff9ff06f) j       pc - 0x8
3 0x8000b348 (0xff9ff06f)
core   0: 0xffffffff8000b340 (0x00001f17) auipc   t5, 0x1
3 0x8000b340 (0x00001f17) x30 0x8000c340
core   0: 0xffffffff8000b344 (0xcc3f2023) sw      gp, -832(t5)
3 0x8000b344 (0xcc3f2023) mem 0x8000c000 0x00000001
core   0: 0xffffffff8000b348 (0xff9ff06f) j       pc - 0x8
3 0x8000b348 (0xff9ff06f)
core   0: 0xffffffff8000b340 (0x00001f17) auipc   t5, 0x1
3 0x8000b340 (0x00001f17) x30 0x8000c340
core   0: 0xffffffff8000b344 (0xcc3f2023) sw      gp, -832(t5)
3 0x8000b344 (0xcc3f2023) mem 0x8000c000 0x00000001
core   0: 0xffffffff8000b348 (0xff9ff06f) j       pc - 0x8
3 0x8000b348 (0xff9ff06f)
core   0: 0xffffffff8000b340 (0x00001f17) auipc   t5, 0x1
3 0x8000b340 (0x00001f17) x30 0x8000c340
core   0: 0xffffffff8000b344 (0xcc3f2023) sw      gp, -832(t5)
3 0x8000b344 (0xcc3f2023) mem 0x8000c000 0x00000001
core   0: 0xffffffff8000b348 (0xff9ff06f) j       pc - 0x8
3 0x8000b348 (0xff9ff06f)
core   0: 0xffffffff8000b340 (0x00001f17) auipc   t5, 0x1
3 0x8000b340 (0x00001f17) x30 0x8000c340
core   0: 0xffffffff8000b344 (0xcc3f2023) sw      gp, -832(t5)
3 0x8000b344 (0xcc3f2023) mem 0x8000c000 0x00000001
core   0: 0xffffffff8000b348 (0xff9ff06f) j       pc - 0x8
3 0x8000b348 (0xff9ff06f)
core   0: 0xffffffff8000b340 (0x00001f17) auipc   t5, 0x1
3 0x8000b340 (0x00001f17) x30 0x8000c340
core   0: 0xffffffff8000b344 (0xcc3f2023) sw      gp, -832(t5)
3 0x8000b344 (0xcc3f2023) mem 0x8000c000 0x00000001
core   0: 0xffffffff8000b348 (0xff9ff06f) j       pc - 0x8
3 0x8000b348 (0xff9ff06f)
core   0: 0xffffffff8000b340 (0x00001f17) auipc   t5, 0x1
3 0x8000b340 (0x00001f17) x30 0x8000c340
core   0: 0xffffffff8000b344 (0xcc3f2023) sw      gp, -832(t5)
3 0x8000b344 (0xcc3f2023) mem 0x8000c000 0x00000001
core   0: 0xffffffff8000b348 (0xff9ff06f) j       pc - 0x8
3 0x8000b348 (0xff9ff06f)
core   0: 0xffffffff8000b340 (0x00001f17) auipc   t5, 0x1
3 0x8000b340 (0x00001f17) x30 0x8000c340
core   0: 0xffffffff8000b344 (0xcc3f2023) sw      gp, -832(t5)
3 0x8000b344 (0xcc3f2023) mem 0x8000c000 0x00000001
core   0: 0xffffffff8000b348 (0xff9ff06f) j       pc - 0x8
3 0x8000b348 (0xff9ff06f)
core   0: 0xffffffff8000b340 (0x00001f17) auipc   t5, 0x1
3 0x8000b340 (0x00001f17) x30 0x8000c340
core   0: 0xffffffff8000b344 (0xcc3f2023) sw      gp, -832(t5)
3 0x8000b344 (0xcc3f2023) mem 0x8000c000 0x00000001
core   0: 0xffffffff8000b348 (0xff9ff06f) j       pc - 0x8
3 0x8000b348 (0xff9ff06f)
core   0: 0xffffffff8000b340 (0x00001f17) auipc   t5, 0x1
3 0x8000b340 (0x00001f17) x30 0x8000c340
core   0: 0xffffffff8000b344 (0xcc3f2023) sw      gp, -832(t5)
3 0x8000b344 (0xcc3f2023) mem 0x8000c000 0x00000001
core   0: 0xffffffff8000b348 (0xff9ff06f) j       pc - 0x8
3 0x8000b348 (0xff9ff06f)
core   0: 0xffffffff8000b340 (0x00001f17) auipc   t5, 0x1
3 0x8000b340 (0x00001f17) x30 0x8000c340
core   0: 0xffffffff8000b344 (0xcc3f2023) sw      gp, -832(t5)
3 0x8000b344 (0xcc3f2023) mem 0x8000c000 0x00000001
core   0: 0xffffffff8000b348 (0xff9ff06f) j       pc - 0x8
3 0x8000b348 (0xff9ff06f)
core   0: 0xffffffff8000b340 (0x00001f17) auipc   t5, 0x1
3 0x8000b340 (0x00001f17) x30 0x8000c340
core   0: 0xffffffff8000b344 (0xcc3f2023) sw      gp, -832(t5)
3 0x8000b344 (0xcc3f2023) mem 0x8000c000 0x00000001
core   0: 0xffffffff8000b348 (0xff9ff06f) j       pc - 0x8
3 0x8000b348 (0xff9ff06f)
core   0: 0xffffffff8000b340 (0x00001f17) auipc   t5, 0x1
3 0x8000b340 (0x00001f17) x30 0x8000c340
core   0: 0xffffffff8000b344 (0xcc3f2023) sw      gp, -832(t5)
3 0x8000b344 (0xcc3f2023) mem 0x8000c000 0x00000001
core   0: 0xffffffff8000b348 (0xff9ff06f) j       pc - 0x8
3 0x8000b348 (0xff9ff06f)
core   0: 0xffffffff8000b340 (0x00001f17) auipc   t5, 0x1
3 0x8000b340 (0x00001f17) x30 0x8000c340
core   0: 0xffffffff8000b344 (0xcc3f2023) sw      gp, -832(t5)
3 0x8000b344 (0xcc3f2023) mem 0x8000c000 0x00000001
core   0: 0xffffffff8000b348 (0xff9ff06f) j       pc - 0x8
3 0x8000b348 (0xff9ff06f)
core   0: 0xffffffff8000b340 (0x00001f17) auipc   t5, 0x1
3 0x8000b340 (0x00001f17) x30 0x8000c340
core   0: 0xffffffff8000b344 (0xcc3f2023) sw      gp, -832(t5)
3 0x8000b344 (0xcc3f2023) mem 0x8000c000 0x00000001
core   0: 0xffffffff8000b348 (0xff9ff06f) j       pc - 0x8
3 0x8000b348 (0xff9ff06f)
core   0: 0xffffffff8000b340 (0x00001f17) auipc   t5, 0x1
3 0x8000b340 (0x00001f17) x30 0x8000c340
core   0: 0xffffffff8000b344 (0xcc3f2023) sw      gp, -832(t5)
3 0x8000b344 (0xcc3f2023) mem 0x8000c000 0x00000001
core   0: 0xffffffff8000b348 (0xff9ff06f) j       pc - 0x8
3 0x8000b348 (0xff9ff06f)
core   0: 0xffffffff8000b340 (0x00001f17) auipc   t5, 0x1
3 0x8000b340 (0x00001f17) x30 0x8000c340
core   0: 0xffffffff8000b344 (0xcc3f2023) sw      gp, -832(t5)
3 0x8000b344 (0xcc3f2023) mem 0x8000c000 0x00000001
core   0: 0xffffffff8000b348 (0xff9ff06f) j       pc - 0x8
3 0x8000b348 (0xff9ff06f)
core   0: 0xffffffff8000b340 (0x00001f17) auipc   t5, 0x1
3 0x8000b340 (0x00001f17) x30 0x8000c340
core   0: 0xffffffff8000b344 (0xcc3f2023) sw      gp, -832(t5)
3 0x8000b344 (0xcc3f2023) mem 0x8000c000 0x00000001
core   0: 0xffffffff8000b348 (0xff9ff06f) j       pc - 0x8
3 0x8000b348 (0xff9ff06f)
core   0: 0xffffffff8000b340 (0x00001f17) auipc   t5, 0x1
3 0x8000b340 (0x00001f17) x30 0x8000c340
core   0: 0xffffffff8000b344 (0xcc3f2023) sw      gp, -832(t5)
3 0x8000b344 (0xcc3f2023) mem 0x8000c000 0x00000001
core   0: 0xffffffff8000b348 (0xff9ff06f) j       pc - 0x8
3 0x8000b348 (0xff9ff06f)
core   0: 0xffffffff8000b340 (0x00001f17) auipc   t5, 0x1
3 0x8000b340 (0x00001f17) x30 0x8000c340
core   0: 0xffffffff8000b344 (0xcc3f2023) sw      gp, -832(t5)
3 0x8000b344 (0xcc3f2023) mem 0x8000c000 0x00000001
core   0: 0xffffffff8000b348 (0xff9ff06f) j       pc - 0x8
3 0x8000b348 (0xff9ff06f)
core   0: 0xffffffff8000b340 (0x00001f17) auipc   t5, 0x1
3 0x8000b340 (0x00001f17) x30 0x8000c340
core   0: 0xffffffff8000b344 (0xcc3f2023) sw      gp, -832(t5)
3 0x8000b344 (0xcc3f2023) mem 0x8000c000 0x00000001
core   0: 0xffffffff8000b348 (0xff9ff06f) j       pc - 0x8
3 0x8000b348 (0xff9ff06f)
core   0: 0xffffffff8000b340 (0x00001f17) auipc   t5, 0x1
3 0x8000b340 (0x00001f17) x30 0x8000c340
core   0: 0xffffffff8000b344 (0xcc3f2023) sw      gp, -832(t5)
3 0x8000b344 (0xcc3f2023) mem 0x8000c000 0x00000001
core   0: 0xffffffff8000b348 (0xff9ff06f) j       pc - 0x8
3 0x8000b348 (0xff9ff06f)
core   0: 0xffffffff8000b340 (0x00001f17) auipc   t5, 0x1
3 0x8000b340 (0x00001f17) x30 0x8000c340
core   0: 0xffffffff8000b344 (0xcc3f2023) sw      gp, -832(t5)
3 0x8000b344 (0xcc3f2023) mem 0x8000c000 0x00000001
core   0: 0xffffffff8000b348 (0xff9ff06f) j       pc - 0x8
3 0x8000b348 (0xff9ff06f)
core   0: 0xffffffff8000b340 (0x00001f17) auipc   t5, 0x1
3 0x8000b340 (0x00001f17) x30 0x8000c340
core   0: 0xffffffff8000b344 (0xcc3f2023) sw      gp, -832(t5)
3 0x8000b344 (0xcc3f2023) mem 0x8000c000 0x00000001
core   0: 0xffffffff8000b348 (0xff9ff06f) j       pc - 0x8
3 0x8000b348 (0xff9ff06f)
core   0: 0xffffffff8000b340 (0x00001f17) auipc   t5, 0x1
3 0x8000b340 (0x00001f17) x30 0x8000c340
core   0: 0xffffffff8000b344 (0xcc3f2023) sw      gp, -832(t5)
3 0x8000b344 (0xcc3f2023) mem 0x8000c000 0x00000001
core   0: 0xffffffff8000b348 (0xff9ff06f) j       pc - 0x8
3 0x8000b348 (0xff9ff06f)
core   0: 0xffffffff8000b340 (0x00001f17) auipc   t5, 0x1
3 0x8000b340 (0x00001f17) x30 0x8000c340
core   0: 0xffffffff8000b344 (0xcc3f2023) sw      gp, -832(t5)
3 0x8000b344 (0xcc3f2023) mem 0x8000c000 0x00000001
core   0: 0xffffffff8000b348 (0xff9ff06f) j       pc - 0x8
3 0x8000b348 (0xff9ff06f)
core   0: 0xffffffff8000b340 (0x00001f17) auipc   t5, 0x1
3 0x8000b340 (0x00001f17) x30 0x8000c340
core   0: 0xffffffff8000b344 (0xcc3f2023) sw      gp, -832(t5)
3 0x8000b344 (0xcc3f2023) mem 0x8000c000 0x00000001
core   0: 0xffffffff8000b348 (0xff9ff06f) j       pc - 0x8
3 0x8000b348 (0xff9ff06f)
core   0: 0xffffffff8000b340 (0x00001f17) auipc   t5, 0x1
3 0x8000b340 (0x00001f17) x30 0x8000c340
core   0: 0xffffffff8000b344 (0xcc3f2023) sw      gp, -832(t5)
3 0x8000b344 (0xcc3f2023) mem 0x8000c000 0x00000001
core   0: 0xffffffff8000b348 (0xff9ff06f) j       pc - 0x8
3 0x8000b348 (0xff9ff06f)
core   0: 0xffffffff8000b340 (0x00001f17) auipc   t5, 0x1
3 0x8000b340 (0x00001f17) x30 0x8000c340
core   0: 0xffffffff8000b344 (0xcc3f2023) sw      gp, -832(t5)
3 0x8000b344 (0xcc3f2023) mem 0x8000c000 0x00000001
core   0: 0xffffffff8000b348 (0xff9ff06f) j       pc - 0x8
3 0x8000b348 (0xff9ff06f)
core   0: 0xffffffff8000b340 (0x00001f17) auipc   t5, 0x1
3 0x8000b340 (0x00001f17) x30 0x8000c340
core   0: 0xffffffff8000b344 (0xcc3f2023) sw      gp, -832(t5)
3 0x8000b344 (0xcc3f2023) mem 0x8000c000 0x00000001
core   0: 0xffffffff8000b348 (0xff9ff06f) j       pc - 0x8
3 0x8000b348 (0xff9ff06f)
core   0: 0xffffffff8000b340 (0x00001f17) auipc   t5, 0x1
3 0x8000b340 (0x00001f17) x30 0x8000c340
core   0: 0xffffffff8000b344 (0xcc3f2023) sw      gp, -832(t5)
3 0x8000b344 (0xcc3f2023) mem 0x8000c000 0x00000001
core   0: 0xffffffff8000b348 (0xff9ff06f) j       pc - 0x8
3 0x8000b348 (0xff9ff06f)
core   0: 0xffffffff8000b340 (0x00001f17) auipc   t5, 0x1
3 0x8000b340 (0x00001f17) x30 0x8000c340
core   0: 0xffffffff8000b344 (0xcc3f2023) sw      gp, -832(t5)
3 0x8000b344 (0xcc3f2023) mem 0x8000c000 0x00000001
core   0: 0xffffffff8000b348 (0xff9ff06f) j       pc - 0x8
3 0x8000b348 (0xff9ff06f)
core   0: 0xffffffff8000b340 (0x00001f17) auipc   t5, 0x1
3 0x8000b340 (0x00001f17) x30 0x8000c340
core   0: 0xffffffff8000b344 (0xcc3f2023) sw      gp, -832(t5)
3 0x8000b344 (0xcc3f2023) mem 0x8000c000 0x00000001
core   0: 0xffffffff8000b348 (0xff9ff06f) j       pc - 0x8
3 0x8000b348 (0xff9ff06f)
core   0: 0xffffffff8000b340 (0x00001f17) auipc   t5, 0x1
3 0x8000b340 (0x00001f17) x30 0x8000c340
core   0: 0xffffffff8000b344 (0xcc3f2023) sw      gp, -832(t5)
3 0x8000b344 (0xcc3f2023) mem 0x8000c000 0x00000001
core   0: 0xffffffff8000b348 (0xff9ff06f) j       pc - 0x8
3 0x8000b348 (0xff9ff06f)
core   0: 0xffffffff8000b340 (0x00001f17) auipc   t5, 0x1
3 0x8000b340 (0x00001f17) x30 0x8000c340
core   0: 0xffffffff8000b344 (0xcc3f2023) sw      gp, -832(t5)
3 0x8000b344 (0xcc3f2023) mem 0x8000c000 0x00000001
core   0: 0xffffffff8000b348 (0xff9ff06f) j       pc - 0x8
3 0x8000b348 (0xff9ff06f)
core   0: 0xffffffff8000b340 (0x00001f17) auipc   t5, 0x1
3 0x8000b340 (0x00001f17) x30 0x8000c340
core   0: 0xffffffff8000b344 (0xcc3f2023) sw      gp, -832(t5)
3 0x8000b344 (0xcc3f2023) mem 0x8000c000 0x00000001
core   0: 0xffffffff8000b348 (0xff9ff06f) j       pc - 0x8
3 0x8000b348 (0xff9ff06f)
core   0: 0xffffffff8000b340 (0x00001f17) auipc   t5, 0x1
3 0x8000b340 (0x00001f17) x30 0x8000c340
core   0: 0xffffffff8000b344 (0xcc3f2023) sw      gp, -832(t5)
3 0x8000b344 (0xcc3f2023) mem 0x8000c000 0x00000001
core   0: 0xffffffff8000b348 (0xff9ff06f) j       pc - 0x8
3 0x8000b348 (0xff9ff06f)
core   0: 0xffffffff8000b340 (0x00001f17) auipc   t5, 0x1
3 0x8000b340 (0x00001f17) x30 0x8000c340
core   0: 0xffffffff8000b344 (0xcc3f2023) sw      gp, -832(t5)
3 0x8000b344 (0xcc3f2023) mem 0x8000c000 0x00000001
core   0: 0xffffffff8000b348 (0xff9ff06f) j       pc - 0x8
3 0x8000b348 (0xff9ff06f)
core   0: 0xffffffff8000b340 (0x00001f17) auipc   t5, 0x1
3 0x8000b340 (0x00001f17) x30 0x8000c340
core   0: 0xffffffff8000b344 (0xcc3f2023) sw      gp, -832(t5)
3 0x8000b344 (0xcc3f2023) mem 0x8000c000 0x00000001
core   0: 0xffffffff8000b348 (0xff9ff06f) j       pc - 0x8
3 0x8000b348 (0xff9ff06f)
core   0: 0xffffffff8000b340 (0x00001f17) auipc   t5, 0x1
3 0x8000b340 (0x00001f17) x30 0x8000c340
core   0: 0xffffffff8000b344 (0xcc3f2023) sw      gp, -832(t5)
3 0x8000b344 (0xcc3f2023) mem 0x8000c000 0x00000001
core   0: 0xffffffff8000b348 (0xff9ff06f) j       pc - 0x8
3 0x8000b348 (0xff9ff06f)
core   0: 0xffffffff8000b340 (0x00001f17) auipc   t5, 0x1
3 0x8000b340 (0x00001f17) x30 0x8000c340
core   0: 0xffffffff8000b344 (0xcc3f2023) sw      gp, -832(t5)
3 0x8000b344 (0xcc3f2023) mem 0x8000c000 0x00000001
core   0: 0xffffffff8000b348 (0xff9ff06f) j       pc - 0x8
3 0x8000b348 (0xff9ff06f)
core   0: 0xffffffff8000b340 (0x00001f17) auipc   t5, 0x1
3 0x8000b340 (0x00001f17) x30 0x8000c340
core   0: 0xffffffff8000b344 (0xcc3f2023) sw      gp, -832(t5)
3 0x8000b344 (0xcc3f2023) mem 0x8000c000 0x00000001
core   0: 0xffffffff8000b348 (0xff9ff06f) j       pc - 0x8
3 0x8000b348 (0xff9ff06f)
core   0: 0xffffffff8000b340 (0x00001f17) auipc   t5, 0x1
3 0x8000b340 (0x00001f17) x30 0x8000c340
core   0: 0xffffffff8000b344 (0xcc3f2023) sw      gp, -832(t5)
3 0x8000b344 (0xcc3f2023) mem 0x8000c000 0x00000001
core   0: 0xffffffff8000b348 (0xff9ff06f) j       pc - 0x8
3 0x8000b348 (0xff9ff06f)
core   0: 0xffffffff8000b340 (0x00001f17) auipc   t5, 0x1
3 0x8000b340 (0x00001f17) x30 0x8000c340
core   0: 0xffffffff8000b344 (0xcc3f2023) sw      gp, -832(t5)
3 0x8000b344 (0xcc3f2023) mem 0x8000c000 0x00000001
core   0: 0xffffffff8000b348 (0xff9ff06f) j       pc - 0x8
3 0x8000b348 (0xff9ff06f)
core   0: 0xffffffff8000b340 (0x00001f17) auipc   t5, 0x1
3 0x8000b340 (0x00001f17) x30 0x8000c340
core   0: 0xffffffff8000b344 (0xcc3f2023) sw      gp, -832(t5)
3 0x8000b344 (0xcc3f2023) mem 0x8000c000 0x00000001
core   0: 0xffffffff8000b348 (0xff9ff06f) j       pc - 0x8
3 0x8000b348 (0xff9ff06f)
core   0: 0xffffffff8000b340 (0x00001f17) auipc   t5, 0x1
3 0x8000b340 (0x00001f17) x30 0x8000c340
core   0: 0xffffffff8000b344 (0xcc3f2023) sw      gp, -832(t5)
3 0x8000b344 (0xcc3f2023) mem 0x8000c000 0x00000001
core   0: 0xffffffff8000b348 (0xff9ff06f) j       pc - 0x8
3 0x8000b348 (0xff9ff06f)
core   0: 0xffffffff8000b340 (0x00001f17) auipc   t5, 0x1
3 0x8000b340 (0x00001f17) x30 0x8000c340
core   0: 0xffffffff8000b344 (0xcc3f2023) sw      gp, -832(t5)
3 0x8000b344 (0xcc3f2023) mem 0x8000c000 0x00000001
core   0: 0xffffffff8000b348 (0xff9ff06f) j       pc - 0x8
3 0x8000b348 (0xff9ff06f)
core   0: 0xffffffff8000b340 (0x00001f17) auipc   t5, 0x1
3 0x8000b340 (0x00001f17) x30 0x8000c340
core   0: 0xffffffff8000b344 (0xcc3f2023) sw      gp, -832(t5)
3 0x8000b344 (0xcc3f2023) mem 0x8000c000 0x00000001
core   0: 0xffffffff8000b348 (0xff9ff06f) j       pc - 0x8
3 0x8000b348 (0xff9ff06f)
core   0: 0xffffffff8000b340 (0x00001f17) auipc   t5, 0x1
3 0x8000b340 (0x00001f17) x30 0x8000c340
core   0: 0xffffffff8000b344 (0xcc3f2023) sw      gp, -832(t5)
3 0x8000b344 (0xcc3f2023) mem 0x8000c000 0x00000001
core   0: 0xffffffff8000b348 (0xff9ff06f) j       pc - 0x8
3 0x8000b348 (0xff9ff06f)
core   0: 0xffffffff8000b340 (0x00001f17) auipc   t5, 0x1
3 0x8000b340 (0x00001f17) x30 0x8000c340
core   0: 0xffffffff8000b344 (0xcc3f2023) sw      gp, -832(t5)
3 0x8000b344 (0xcc3f2023) mem 0x8000c000 0x00000001
core   0: 0xffffffff8000b348 (0xff9ff06f) j       pc - 0x8
3 0x8000b348 (0xff9ff06f)
core   0: 0xffffffff8000b340 (0x00001f17) auipc   t5, 0x1
3 0x8000b340 (0x00001f17) x30 0x8000c340
core   0: 0xffffffff8000b344 (0xcc3f2023) sw      gp, -832(t5)
3 0x8000b344 (0xcc3f2023) mem 0x8000c000 0x00000001
core   0: 0xffffffff8000b348 (0xff9ff06f) j       pc - 0x8
3 0x8000b348 (0xff9ff06f)
core   0: 0xffffffff8000b340 (0x00001f17) auipc   t5, 0x1
3 0x8000b340 (0x00001f17) x30 0x8000c340
core   0: 0xffffffff8000b344 (0xcc3f2023) sw      gp, -832(t5)
3 0x8000b344 (0xcc3f2023) mem 0x8000c000 0x00000001
core   0: 0xffffffff8000b348 (0xff9ff06f) j       pc - 0x8
3 0x8000b348 (0xff9ff06f)
core   0: 0xffffffff8000b340 (0x00001f17) auipc   t5, 0x1
3 0x8000b340 (0x00001f17) x30 0x8000c340
core   0: 0xffffffff8000b344 (0xcc3f2023) sw      gp, -832(t5)
3 0x8000b344 (0xcc3f2023) mem 0x8000c000 0x00000001
core   0: 0xffffffff8000b348 (0xff9ff06f) j       pc - 0x8
3 0x8000b348 (0xff9ff06f)
core   0: 0xffffffff8000b340 (0x00001f17) auipc   t5, 0x1
3 0x8000b340 (0x00001f17) x30 0x8000c340
core   0: 0xffffffff8000b344 (0xcc3f2023) sw      gp, -832(t5)
3 0x8000b344 (0xcc3f2023) mem 0x8000c000 0x00000001
core   0: 0xffffffff8000b348 (0xff9ff06f) j       pc - 0x8
3 0x8000b348 (0xff9ff06f)
core   0: 0xffffffff8000b340 (0x00001f17) auipc   t5, 0x1
3 0x8000b340 (0x00001f17) x30 0x8000c340
core   0: 0xffffffff8000b344 (0xcc3f2023) sw      gp, -832(t5)
3 0x8000b344 (0xcc3f2023) mem 0x8000c000 0x00000001
core   0: 0xffffffff8000b348 (0xff9ff06f) j       pc - 0x8
3 0x8000b348 (0xff9ff06f)
core   0: 0xffffffff8000b340 (0x00001f17) auipc   t5, 0x1
3 0x8000b340 (0x00001f17) x30 0x8000c340
core   0: 0xffffffff8000b344 (0xcc3f2023) sw      gp, -832(t5)
3 0x8000b344 (0xcc3f2023) mem 0x8000c000 0x00000001
core   0: 0xffffffff8000b348 (0xff9ff06f) j       pc - 0x8
3 0x8000b348 (0xff9ff06f)
core   0: 0xffffffff8000b340 (0x00001f17) auipc   t5, 0x1
3 0x8000b340 (0x00001f17) x30 0x8000c340
core   0: 0xffffffff8000b344 (0xcc3f2023) sw      gp, -832(t5)
3 0x8000b344 (0xcc3f2023) mem 0x8000c000 0x00000001
core   0: 0xffffffff8000b348 (0xff9ff06f) j       pc - 0x8
3 0x8000b348 (0xff9ff06f)
core   0: 0xffffffff8000b340 (0x00001f17) auipc   t5, 0x1
3 0x8000b340 (0x00001f17) x30 0x8000c340
core   0: 0xffffffff8000b344 (0xcc3f2023) sw      gp, -832(t5)
3 0x8000b344 (0xcc3f2023) mem 0x8000c000 0x00000001
core   0: 0xffffffff8000b348 (0xff9ff06f) j       pc - 0x8
3 0x8000b348 (0xff9ff06f)
core   0: 0xffffffff8000b340 (0x00001f17) auipc   t5, 0x1
3 0x8000b340 (0x00001f17) x30 0x8000c340
core   0: 0xffffffff8000b344 (0xcc3f2023) sw      gp, -832(t5)
3 0x8000b344 (0xcc3f2023) mem 0x8000c000 0x00000001
core   0: 0xffffffff8000b348 (0xff9ff06f) j       pc - 0x8
3 0x8000b348 (0xff9ff06f)
core   0: 0xffffffff8000b340 (0x00001f17) auipc   t5, 0x1
3 0x8000b340 (0x00001f17) x30 0x8000c340
core   0: 0xffffffff8000b344 (0xcc3f2023) sw      gp, -832(t5)
3 0x8000b344 (0xcc3f2023) mem 0x8000c000 0x00000001
core   0: 0xffffffff8000b348 (0xff9ff06f) j       pc - 0x8
3 0x8000b348 (0xff9ff06f)
core   0: 0xffffffff8000b340 (0x00001f17) auipc   t5, 0x1
3 0x8000b340 (0x00001f17) x30 0x8000c340
core   0: 0xffffffff8000b344 (0xcc3f2023) sw      gp, -832(t5)
3 0x8000b344 (0xcc3f2023) mem 0x8000c000 0x00000001
core   0: 0xffffffff8000b348 (0xff9ff06f) j       pc - 0x8
3 0x8000b348 (0xff9ff06f)
core   0: 0xffffffff8000b340 (0x00001f17) auipc   t5, 0x1
3 0x8000b340 (0x00001f17) x30 0x8000c340
core   0: 0xffffffff8000b344 (0xcc3f2023) sw      gp, -832(t5)
3 0x8000b344 (0xcc3f2023) mem 0x8000c000 0x00000001
core   0: 0xffffffff8000b348 (0xff9ff06f) j       pc - 0x8
3 0x8000b348 (0xff9ff06f)
core   0: 0xffffffff8000b340 (0x00001f17) auipc   t5, 0x1
3 0x8000b340 (0x00001f17) x30 0x8000c340
core   0: 0xffffffff8000b344 (0xcc3f2023) sw      gp, -832(t5)
3 0x8000b344 (0xcc3f2023) mem 0x8000c000 0x00000001
core   0: 0xffffffff8000b348 (0xff9ff06f) j       pc - 0x8
3 0x8000b348 (0xff9ff06f)
core   0: 0xffffffff8000b340 (0x00001f17) auipc   t5, 0x1
3 0x8000b340 (0x00001f17) x30 0x8000c340
core   0: 0xffffffff8000b344 (0xcc3f2023) sw      gp, -832(t5)
3 0x8000b344 (0xcc3f2023) mem 0x8000c000 0x00000001
core   0: 0xffffffff8000b348 (0xff9ff06f) j       pc - 0x8
3 0x8000b348 (0xff9ff06f)
core   0: 0xffffffff8000b340 (0x00001f17) auipc   t5, 0x1
3 0x8000b340 (0x00001f17) x30 0x8000c340
core   0: 0xffffffff8000b344 (0xcc3f2023) sw      gp, -832(t5)
3 0x8000b344 (0xcc3f2023) mem 0x8000c000 0x00000001
core   0: 0xffffffff8000b348 (0xff9ff06f) j       pc - 0x8
3 0x8000b348 (0xff9ff06f)
core   0: 0xffffffff8000b340 (0x00001f17) auipc   t5, 0x1
3 0x8000b340 (0x00001f17) x30 0x8000c340
core   0: 0xffffffff8000b344 (0xcc3f2023) sw      gp, -832(t5)
3 0x8000b344 (0xcc3f2023) mem 0x8000c000 0x00000001
core   0: 0xffffffff8000b348 (0xff9ff06f) j       pc - 0x8
3 0x8000b348 (0xff9ff06f)
core   0: 0xffffffff8000b340 (0x00001f17) auipc   t5, 0x1
3 0x8000b340 (0x00001f17) x30 0x8000c340
core   0: 0xffffffff8000b344 (0xcc3f2023) sw      gp, -832(t5)
3 0x8000b344 (0xcc3f2023) mem 0x8000c000 0x00000001
core   0: 0xffffffff8000b348 (0xff9ff06f) j       pc - 0x8
3 0x8000b348 (0xff9ff06f)
core   0: 0xffffffff8000b340 (0x00001f17) auipc   t5, 0x1
3 0x8000b340 (0x00001f17) x30 0x8000c340
core   0: 0xffffffff8000b344 (0xcc3f2023) sw      gp, -832(t5)
3 0x8000b344 (0xcc3f2023) mem 0x8000c000 0x00000001
core   0: 0xffffffff8000b348 (0xff9ff06f) j       pc - 0x8
3 0x8000b348 (0xff9ff06f)
core   0: 0xffffffff8000b340 (0x00001f17) auipc   t5, 0x1
3 0x8000b340 (0x00001f17) x30 0x8000c340
core   0: 0xffffffff8000b344 (0xcc3f2023) sw      gp, -832(t5)
3 0x8000b344 (0xcc3f2023) mem 0x8000c000 0x00000001
core   0: 0xffffffff8000b348 (0xff9ff06f) j       pc - 0x8
3 0x8000b348 (0xff9ff06f)
core   0: 0xffffffff8000b340 (0x00001f17) auipc   t5, 0x1
3 0x8000b340 (0x00001f17) x30 0x8000c340
core   0: 0xffffffff8000b344 (0xcc3f2023) sw      gp, -832(t5)
3 0x8000b344 (0xcc3f2023) mem 0x8000c000 0x00000001
core   0: 0xffffffff8000b348 (0xff9ff06f) j       pc - 0x8
3 0x8000b348 (0xff9ff06f)
core   0: 0xffffffff8000b340 (0x00001f17) auipc   t5, 0x1
3 0x8000b340 (0x00001f17) x30 0x8000c340
core   0: 0xffffffff8000b344 (0xcc3f2023) sw      gp, -832(t5)
3 0x8000b344 (0xcc3f2023) mem 0x8000c000 0x00000001
core   0: 0xffffffff8000b348 (0xff9ff06f) j       pc - 0x8
3 0x8000b348 (0xff9ff06f)
core   0: 0xffffffff8000b340 (0x00001f17) auipc   t5, 0x1
3 0x8000b340 (0x00001f17) x30 0x8000c340
core   0: 0xffffffff8000b344 (0xcc3f2023) sw      gp, -832(t5)
3 0x8000b344 (0xcc3f2023) mem 0x8000c000 0x00000001
core   0: 0xffffffff8000b348 (0xff9ff06f) j       pc - 0x8
3 0x8000b348 (0xff9ff06f)
core   0: 0xffffffff8000b340 (0x00001f17) auipc   t5, 0x1
3 0x8000b340 (0x00001f17) x30 0x8000c340
core   0: 0xffffffff8000b344 (0xcc3f2023) sw      gp, -832(t5)
3 0x8000b344 (0xcc3f2023) mem 0x8000c000 0x00000001
core   0: 0xffffffff8000b348 (0xff9ff06f) j       pc - 0x8
3 0x8000b348 (0xff9ff06f)
core   0: 0xffffffff8000b340 (0x00001f17) auipc   t5, 0x1
3 0x8000b340 (0x00001f17) x30 0x8000c340
core   0: 0xffffffff8000b344 (0xcc3f2023) sw      gp, -832(t5)
3 0x8000b344 (0xcc3f2023) mem 0x8000c000 0x00000001
core   0: 0xffffffff8000b348 (0xff9ff06f) j       pc - 0x8
3 0x8000b348 (0xff9ff06f)
core   0: 0xffffffff8000b340 (0x00001f17) auipc   t5, 0x1
3 0x8000b340 (0x00001f17) x30 0x8000c340
core   0: 0xffffffff8000b344 (0xcc3f2023) sw      gp, -832(t5)
3 0x8000b344 (0xcc3f2023) mem 0x8000c000 0x00000001
core   0: 0xffffffff8000b348 (0xff9ff06f) j       pc - 0x8
3 0x8000b348 (0xff9ff06f)
core   0: 0xffffffff8000b340 (0x00001f17) auipc   t5, 0x1
3 0x8000b340 (0x00001f17) x30 0x8000c340
core   0: 0xffffffff8000b344 (0xcc3f2023) sw      gp, -832(t5)
3 0x8000b344 (0xcc3f2023) mem 0x8000c000 0x00000001
core   0: 0xffffffff8000b348 (0xff9ff06f) j       pc - 0x8
3 0x8000b348 (0xff9ff06f)
core   0: 0xffffffff8000b340 (0x00001f17) auipc   t5, 0x1
3 0x8000b340 (0x00001f17) x30 0x8000c340
core   0: 0xffffffff8000b344 (0xcc3f2023) sw      gp, -832(t5)
3 0x8000b344 (0xcc3f2023) mem 0x8000c000 0x00000001
core   0: 0xffffffff8000b348 (0xff9ff06f) j       pc - 0x8
3 0x8000b348 (0xff9ff06f)
core   0: 0xffffffff8000b340 (0x00001f17) auipc   t5, 0x1
3 0x8000b340 (0x00001f17) x30 0x8000c340
core   0: 0xffffffff8000b344 (0xcc3f2023) sw      gp, -832(t5)
3 0x8000b344 (0xcc3f2023) mem 0x8000c000 0x00000001
core   0: 0xffffffff8000b348 (0xff9ff06f) j       pc - 0x8
3 0x8000b348 (0xff9ff06f)
core   0: 0xffffffff8000b340 (0x00001f17) auipc   t5, 0x1
3 0x8000b340 (0x00001f17) x30 0x8000c340
core   0: 0xffffffff8000b344 (0xcc3f2023) sw      gp, -832(t5)
3 0x8000b344 (0xcc3f2023) mem 0x8000c000 0x00000001
core   0: 0xffffffff8000b348 (0xff9ff06f) j       pc - 0x8
3 0x8000b348 (0xff9ff06f)
core   0: 0xffffffff8000b340 (0x00001f17) auipc   t5, 0x1
3 0x8000b340 (0x00001f17) x30 0x8000c340
core   0: 0xffffffff8000b344 (0xcc3f2023) sw      gp, -832(t5)
3 0x8000b344 (0xcc3f2023) mem 0x8000c000 0x00000001
core   0: 0xffffffff8000b348 (0xff9ff06f) j       pc - 0x8
3 0x8000b348 (0xff9ff06f)
core   0: 0xffffffff8000b340 (0x00001f17) auipc   t5, 0x1
3 0x8000b340 (0x00001f17) x30 0x8000c340
core   0: 0xffffffff8000b344 (0xcc3f2023) sw      gp, -832(t5)
3 0x8000b344 (0xcc3f2023) mem 0x8000c000 0x00000001
core   0: 0xffffffff8000b348 (0xff9ff06f) j       pc - 0x8
3 0x8000b348 (0xff9ff06f)
core   0: 0xffffffff8000b340 (0x00001f17) auipc   t5, 0x1
3 0x8000b340 (0x00001f17) x30 0x8000c340
core   0: 0xffffffff8000b344 (0xcc3f2023) sw      gp, -832(t5)
3 0x8000b344 (0xcc3f2023) mem 0x8000c000 0x00000001
core   0: 0xffffffff8000b348 (0xff9ff06f) j       pc - 0x8
3 0x8000b348 (0xff9ff06f)
core   0: 0xffffffff8000b340 (0x00001f17) auipc   t5, 0x1
3 0x8000b340 (0x00001f17) x30 0x8000c340
core   0: 0xffffffff8000b344 (0xcc3f2023) sw      gp, -832(t5)
3 0x8000b344 (0xcc3f2023) mem 0x8000c000 0x00000001
core   0: 0xffffffff8000b348 (0xff9ff06f) j       pc - 0x8
3 0x8000b348 (0xff9ff06f)
core   0: 0xffffffff8000b340 (0x00001f17) auipc   t5, 0x1
3 0x8000b340 (0x00001f17) x30 0x8000c340
core   0: 0xffffffff8000b344 (0xcc3f2023) sw      gp, -832(t5)
3 0x8000b344 (0xcc3f2023) mem 0x8000c000 0x00000001
core   0: 0xffffffff8000b348 (0xff9ff06f) j       pc - 0x8
3 0x8000b348 (0xff9ff06f)
core   0: 0xffffffff8000b340 (0x00001f17) auipc   t5, 0x1
3 0x8000b340 (0x00001f17) x30 0x8000c340
core   0: 0xffffffff8000b344 (0xcc3f2023) sw      gp, -832(t5)
3 0x8000b344 (0xcc3f2023) mem 0x8000c000 0x00000001
core   0: 0xffffffff8000b348 (0xff9ff06f) j       pc - 0x8
3 0x8000b348 (0xff9ff06f)
core   0: 0xffffffff8000b340 (0x00001f17) auipc   t5, 0x1
3 0x8000b340 (0x00001f17) x30 0x8000c340
core   0: 0xffffffff8000b344 (0xcc3f2023) sw      gp, -832(t5)
3 0x8000b344 (0xcc3f2023) mem 0x8000c000 0x00000001
core   0: 0xffffffff8000b348 (0xff9ff06f) j       pc - 0x8
3 0x8000b348 (0xff9ff06f)
core   0: 0xffffffff8000b340 (0x00001f17) auipc   t5, 0x1
3 0x8000b340 (0x00001f17) x30 0x8000c340
core   0: 0xffffffff8000b344 (0xcc3f2023) sw      gp, -832(t5)
3 0x8000b344 (0xcc3f2023) mem 0x8000c000 0x00000001
core   0: 0xffffffff8000b348 (0xff9ff06f) j       pc - 0x8
3 0x8000b348 (0xff9ff06f)
core   0: 0xffffffff8000b340 (0x00001f17) auipc   t5, 0x1
3 0x8000b340 (0x00001f17) x30 0x8000c340
core   0: 0xffffffff8000b344 (0xcc3f2023) sw      gp, -832(t5)
3 0x8000b344 (0xcc3f2023) mem 0x8000c000 0x00000001
core   0: 0xffffffff8000b348 (0xff9ff06f) j       pc - 0x8
3 0x8000b348 (0xff9ff06f)
core   0: 0xffffffff8000b340 (0x00001f17) auipc   t5, 0x1
3 0x8000b340 (0x00001f17) x30 0x8000c340
core   0: 0xffffffff8000b344 (0xcc3f2023) sw      gp, -832(t5)
3 0x8000b344 (0xcc3f2023) mem 0x8000c000 0x00000001
core   0: 0xffffffff8000b348 (0xff9ff06f) j       pc - 0x8
3 0x8000b348 (0xff9ff06f)
core   0: 0xffffffff8000b340 (0x00001f17) auipc   t5, 0x1
3 0x8000b340 (0x00001f17) x30 0x8000c340
core   0: 0xffffffff8000b344 (0xcc3f2023) sw      gp, -832(t5)
3 0x8000b344 (0xcc3f2023) mem 0x8000c000 0x00000001
core   0: 0xffffffff8000b348 (0xff9ff06f) j       pc - 0x8
3 0x8000b348 (0xff9ff06f)
core   0: 0xffffffff8000b340 (0x00001f17) auipc   t5, 0x1
3 0x8000b340 (0x00001f17) x30 0x8000c340
core   0: 0xffffffff8000b344 (0xcc3f2023) sw      gp, -832(t5)
3 0x8000b344 (0xcc3f2023) mem 0x8000c000 0x00000001
core   0: 0xffffffff8000b348 (0xff9ff06f) j       pc - 0x8
3 0x8000b348 (0xff9ff06f)
core   0: 0xffffffff8000b340 (0x00001f17) auipc   t5, 0x1
3 0x8000b340 (0x00001f17) x30 0x8000c340
core   0: 0xffffffff8000b344 (0xcc3f2023) sw      gp, -832(t5)
3 0x8000b344 (0xcc3f2023) mem 0x8000c000 0x00000001
core   0: 0xffffffff8000b348 (0xff9ff06f) j       pc - 0x8
3 0x8000b348 (0xff9ff06f)
core   0: 0xffffffff8000b340 (0x00001f17) auipc   t5, 0x1
3 0x8000b340 (0x00001f17) x30 0x8000c340
core   0: 0xffffffff8000b344 (0xcc3f2023) sw      gp, -832(t5)
3 0x8000b344 (0xcc3f2023) mem 0x8000c000 0x00000001
core   0: 0xffffffff8000b348 (0xff9ff06f) j       pc - 0x8
3 0x8000b348 (0xff9ff06f)
core   0: 0xffffffff8000b340 (0x00001f17) auipc   t5, 0x1
3 0x8000b340 (0x00001f17) x30 0x8000c340
core   0: 0xffffffff8000b344 (0xcc3f2023) sw      gp, -832(t5)
3 0x8000b344 (0xcc3f2023) mem 0x8000c000 0x00000001
core   0: 0xffffffff8000b348 (0xff9ff06f) j       pc - 0x8
3 0x8000b348 (0xff9ff06f)
core   0: 0xffffffff8000b340 (0x00001f17) auipc   t5, 0x1
3 0x8000b340 (0x00001f17) x30 0x8000c340
core   0: 0xffffffff8000b344 (0xcc3f2023) sw      gp, -832(t5)
3 0x8000b344 (0xcc3f2023) mem 0x8000c000 0x00000001
core   0: 0xffffffff8000b348 (0xff9ff06f) j       pc - 0x8
3 0x8000b348 (0xff9ff06f)
core   0: 0xffffffff8000b340 (0x00001f17) auipc   t5, 0x1
3 0x8000b340 (0x00001f17) x30 0x8000c340
core   0: 0xffffffff8000b344 (0xcc3f2023) sw      gp, -832(t5)
3 0x8000b344 (0xcc3f2023) mem 0x8000c000 0x00000001
core   0: 0xffffffff8000b348 (0xff9ff06f) j       pc - 0x8
3 0x8000b348 (0xff9ff06f)
core   0: 0xffffffff8000b340 (0x00001f17) auipc   t5, 0x1
3 0x8000b340 (0x00001f17) x30 0x8000c340
core   0: 0xffffffff8000b344 (0xcc3f2023) sw      gp, -832(t5)
3 0x8000b344 (0xcc3f2023) mem 0x8000c000 0x00000001
core   0: 0xffffffff8000b348 (0xff9ff06f) j       pc - 0x8
3 0x8000b348 (0xff9ff06f)
core   0: 0xffffffff8000b340 (0x00001f17) auipc   t5, 0x1
3 0x8000b340 (0x00001f17) x30 0x8000c340
core   0: 0xffffffff8000b344 (0xcc3f2023) sw      gp, -832(t5)
3 0x8000b344 (0xcc3f2023) mem 0x8000c000 0x00000001
core   0: 0xffffffff8000b348 (0xff9ff06f) j       pc - 0x8
3 0x8000b348 (0xff9ff06f)
core   0: 0xffffffff8000b340 (0x00001f17) auipc   t5, 0x1
3 0x8000b340 (0x00001f17) x30 0x8000c340
core   0: 0xffffffff8000b344 (0xcc3f2023) sw      gp, -832(t5)
3 0x8000b344 (0xcc3f2023) mem 0x8000c000 0x00000001
core   0: 0xffffffff8000b348 (0xff9ff06f) j       pc - 0x8
3 0x8000b348 (0xff9ff06f)
core   0: 0xffffffff8000b340 (0x00001f17) auipc   t5, 0x1
3 0x8000b340 (0x00001f17) x30 0x8000c340
core   0: 0xffffffff8000b344 (0xcc3f2023) sw      gp, -832(t5)
3 0x8000b344 (0xcc3f2023) mem 0x8000c000 0x00000001
core   0: 0xffffffff8000b348 (0xff9ff06f) j       pc - 0x8
3 0x8000b348 (0xff9ff06f)
core   0: 0xffffffff8000b340 (0x00001f17) auipc   t5, 0x1
3 0x8000b340 (0x00001f17) x30 0x8000c340
core   0: 0xffffffff8000b344 (0xcc3f2023) sw      gp, -832(t5)
3 0x8000b344 (0xcc3f2023) mem 0x8000c000 0x00000001
core   0: 0xffffffff8000b348 (0xff9ff06f) j       pc - 0x8
3 0x8000b348 (0xff9ff06f)
core   0: 0xffffffff8000b340 (0x00001f17) auipc   t5, 0x1
3 0x8000b340 (0x00001f17) x30 0x8000c340
core   0: 0xffffffff8000b344 (0xcc3f2023) sw      gp, -832(t5)
3 0x8000b344 (0xcc3f2023) mem 0x8000c000 0x00000001
core   0: 0xffffffff8000b348 (0xff9ff06f) j       pc - 0x8
3 0x8000b348 (0xff9ff06f)
core   0: 0xffffffff8000b340 (0x00001f17) auipc   t5, 0x1
3 0x8000b340 (0x00001f17) x30 0x8000c340
core   0: 0xffffffff8000b344 (0xcc3f2023) sw      gp, -832(t5)
3 0x8000b344 (0xcc3f2023) mem 0x8000c000 0x00000001
core   0: 0xffffffff8000b348 (0xff9ff06f) j       pc - 0x8
3 0x8000b348 (0xff9ff06f)
core   0: 0xffffffff8000b340 (0x00001f17) auipc   t5, 0x1
3 0x8000b340 (0x00001f17) x30 0x8000c340
core   0: 0xffffffff8000b344 (0xcc3f2023) sw      gp, -832(t5)
3 0x8000b344 (0xcc3f2023) mem 0x8000c000 0x00000001
core   0: 0xffffffff8000b348 (0xff9ff06f) j       pc - 0x8
3 0x8000b348 (0xff9ff06f)
core   0: 0xffffffff8000b340 (0x00001f17) auipc   t5, 0x1
3 0x8000b340 (0x00001f17) x30 0x8000c340
core   0: 0xffffffff8000b344 (0xcc3f2023) sw      gp, -832(t5)
3 0x8000b344 (0xcc3f2023) mem 0x8000c000 0x00000001
core   0: 0xffffffff8000b348 (0xff9ff06f) j       pc - 0x8
3 0x8000b348 (0xff9ff06f)
core   0: 0xffffffff8000b340 (0x00001f17) auipc   t5, 0x1
3 0x8000b340 (0x00001f17) x30 0x8000c340
core   0: 0xffffffff8000b344 (0xcc3f2023) sw      gp, -832(t5)
3 0x8000b344 (0xcc3f2023) mem 0x8000c000 0x00000001
core   0: 0xffffffff8000b348 (0xff9ff06f) j       pc - 0x8
3 0x8000b348 (0xff9ff06f)
core   0: 0xffffffff8000b340 (0x00001f17) auipc   t5, 0x1
3 0x8000b340 (0x00001f17) x30 0x8000c340
core   0: 0xffffffff8000b344 (0xcc3f2023) sw      gp, -832(t5)
3 0x8000b344 (0xcc3f2023) mem 0x8000c000 0x00000001
core   0: 0xffffffff8000b348 (0xff9ff06f) j       pc - 0x8
3 0x8000b348 (0xff9ff06f)
core   0: 0xffffffff8000b340 (0x00001f17) auipc   t5, 0x1
3 0x8000b340 (0x00001f17) x30 0x8000c340
core   0: 0xffffffff8000b344 (0xcc3f2023) sw      gp, -832(t5)
3 0x8000b344 (0xcc3f2023) mem 0x8000c000 0x00000001
core   0: 0xffffffff8000b348 (0xff9ff06f) j       pc - 0x8
3 0x8000b348 (0xff9ff06f)
core   0: 0xffffffff8000b340 (0x00001f17) auipc   t5, 0x1
3 0x8000b340 (0x00001f17) x30 0x8000c340
core   0: 0xffffffff8000b344 (0xcc3f2023) sw      gp, -832(t5)
3 0x8000b344 (0xcc3f2023) mem 0x8000c000 0x00000001
core   0: 0xffffffff8000b348 (0xff9ff06f) j       pc - 0x8
3 0x8000b348 (0xff9ff06f)
core   0: 0xffffffff8000b340 (0x00001f17) auipc   t5, 0x1
3 0x8000b340 (0x00001f17) x30 0x8000c340
core   0: 0xffffffff8000b344 (0xcc3f2023) sw      gp, -832(t5)
3 0x8000b344 (0xcc3f2023) mem 0x8000c000 0x00000001
core   0: 0xffffffff8000b348 (0xff9ff06f) j       pc - 0x8
3 0x8000b348 (0xff9ff06f)
core   0: 0xffffffff8000b340 (0x00001f17) auipc   t5, 0x1
3 0x8000b340 (0x00001f17) x30 0x8000c340
core   0: 0xffffffff8000b344 (0xcc3f2023) sw      gp, -832(t5)
3 0x8000b344 (0xcc3f2023) mem 0x8000c000 0x00000001
core   0: 0xffffffff8000b348 (0xff9ff06f) j       pc - 0x8
3 0x8000b348 (0xff9ff06f)
core   0: 0xffffffff8000b340 (0x00001f17) auipc   t5, 0x1
3 0x8000b340 (0x00001f17) x30 0x8000c340
core   0: 0xffffffff8000b344 (0xcc3f2023) sw      gp, -832(t5)
3 0x8000b344 (0xcc3f2023) mem 0x8000c000 0x00000001
core   0: 0xffffffff8000b348 (0xff9ff06f) j       pc - 0x8
3 0x8000b348 (0xff9ff06f)
core   0: 0xffffffff8000b340 (0x00001f17) auipc   t5, 0x1
3 0x8000b340 (0x00001f17) x30 0x8000c340
core   0: 0xffffffff8000b344 (0xcc3f2023) sw      gp, -832(t5)
3 0x8000b344 (0xcc3f2023) mem 0x8000c000 0x00000001
core   0: 0xffffffff8000b348 (0xff9ff06f) j       pc - 0x8
3 0x8000b348 (0xff9ff06f)
core   0: 0xffffffff8000b340 (0x00001f17) auipc   t5, 0x1
3 0x8000b340 (0x00001f17) x30 0x8000c340
core   0: 0xffffffff8000b344 (0xcc3f2023) sw      gp, -832(t5)
3 0x8000b344 (0xcc3f2023) mem 0x8000c000 0x00000001
core   0: 0xffffffff8000b348 (0xff9ff06f) j       pc - 0x8
3 0x8000b348 (0xff9ff06f)
core   0: 0xffffffff8000b340 (0x00001f17) auipc   t5, 0x1
3 0x8000b340 (0x00001f17) x30 0x8000c340
core   0: 0xffffffff8000b344 (0xcc3f2023) sw      gp, -832(t5)
3 0x8000b344 (0xcc3f2023) mem 0x8000c000 0x00000001
core   0: 0xffffffff8000b348 (0xff9ff06f) j       pc - 0x8
3 0x8000b348 (0xff9ff06f)
core   0: 0xffffffff8000b340 (0x00001f17) auipc   t5, 0x1
3 0x8000b340 (0x00001f17) x30 0x8000c340
core   0: 0xffffffff8000b344 (0xcc3f2023) sw      gp, -832(t5)
3 0x8000b344 (0xcc3f2023) mem 0x8000c000 0x00000001
core   0: 0xffffffff8000b348 (0xff9ff06f) j       pc - 0x8
3 0x8000b348 (0xff9ff06f)
core   0: 0xffffffff8000b340 (0x00001f17) auipc   t5, 0x1
3 0x8000b340 (0x00001f17) x30 0x8000c340
core   0: 0xffffffff8000b344 (0xcc3f2023) sw      gp, -832(t5)
3 0x8000b344 (0xcc3f2023) mem 0x8000c000 0x00000001
core   0: 0xffffffff8000b348 (0xff9ff06f) j       pc - 0x8
3 0x8000b348 (0xff9ff06f)
core   0: 0xffffffff8000b340 (0x00001f17) auipc   t5, 0x1
3 0x8000b340 (0x00001f17) x30 0x8000c340
core   0: 0xffffffff8000b344 (0xcc3f2023) sw      gp, -832(t5)
3 0x8000b344 (0xcc3f2023) mem 0x8000c000 0x00000001
core   0: 0xffffffff8000b348 (0xff9ff06f) j       pc - 0x8
3 0x8000b348 (0xff9ff06f)
core   0: 0xffffffff8000b340 (0x00001f17) auipc   t5, 0x1
3 0x8000b340 (0x00001f17) x30 0x8000c340
core   0: 0xffffffff8000b344 (0xcc3f2023) sw      gp, -832(t5)
3 0x8000b344 (0xcc3f2023) mem 0x8000c000 0x00000001
core   0: 0xffffffff8000b348 (0xff9ff06f) j       pc - 0x8
3 0x8000b348 (0xff9ff06f)
core   0: 0xffffffff8000b340 (0x00001f17) auipc   t5, 0x1
3 0x8000b340 (0x00001f17) x30 0x8000c340
core   0: 0xffffffff8000b344 (0xcc3f2023) sw      gp, -832(t5)
3 0x8000b344 (0xcc3f2023) mem 0x8000c000 0x00000001
core   0: 0xffffffff8000b348 (0xff9ff06f) j       pc - 0x8
3 0x8000b348 (0xff9ff06f)
core   0: 0xffffffff8000b340 (0x00001f17) auipc   t5, 0x1
3 0x8000b340 (0x00001f17) x30 0x8000c340
core   0: 0xffffffff8000b344 (0xcc3f2023) sw      gp, -832(t5)
3 0x8000b344 (0xcc3f2023) mem 0x8000c000 0x00000001
core   0: 0xffffffff8000b348 (0xff9ff06f) j       pc - 0x8
3 0x8000b348 (0xff9ff06f)
core   0: 0xffffffff8000b340 (0x00001f17) auipc   t5, 0x1
3 0x8000b340 (0x00001f17) x30 0x8000c340
core   0: 0xffffffff8000b344 (0xcc3f2023) sw      gp, -832(t5)
3 0x8000b344 (0xcc3f2023) mem 0x8000c000 0x00000001
core   0: 0xffffffff8000b348 (0xff9ff06f) j       pc - 0x8
3 0x8000b348 (0xff9ff06f)
core   0: 0xffffffff8000b340 (0x00001f17) auipc   t5, 0x1
3 0x8000b340 (0x00001f17) x30 0x8000c340
core   0: 0xffffffff8000b344 (0xcc3f2023) sw      gp, -832(t5)
3 0x8000b344 (0xcc3f2023) mem 0x8000c000 0x00000001
core   0: 0xffffffff8000b348 (0xff9ff06f) j       pc - 0x8
3 0x8000b348 (0xff9ff06f)
core   0: 0xffffffff8000b340 (0x00001f17) auipc   t5, 0x1
3 0x8000b340 (0x00001f17) x30 0x8000c340
core   0: 0xffffffff8000b344 (0xcc3f2023) sw      gp, -832(t5)
3 0x8000b344 (0xcc3f2023) mem 0x8000c000 0x00000001
core   0: 0xffffffff8000b348 (0xff9ff06f) j       pc - 0x8
3 0x8000b348 (0xff9ff06f)
core   0: 0xffffffff8000b340 (0x00001f17) auipc   t5, 0x1
3 0x8000b340 (0x00001f17) x30 0x8000c340
core   0: 0xffffffff8000b344 (0xcc3f2023) sw      gp, -832(t5)
3 0x8000b344 (0xcc3f2023) mem 0x8000c000 0x00000001
core   0: 0xffffffff8000b348 (0xff9ff06f) j       pc - 0x8
3 0x8000b348 (0xff9ff06f)
core   0: 0xffffffff8000b340 (0x00001f17) auipc   t5, 0x1
3 0x8000b340 (0x00001f17) x30 0x8000c340
core   0: 0xffffffff8000b344 (0xcc3f2023) sw      gp, -832(t5)
3 0x8000b344 (0xcc3f2023) mem 0x8000c000 0x00000001
core   0: 0xffffffff8000b348 (0xff9ff06f) j       pc - 0x8
3 0x8000b348 (0xff9ff06f)
core   0: 0xffffffff8000b340 (0x00001f17) auipc   t5, 0x1
3 0x8000b340 (0x00001f17) x30 0x8000c340
core   0: 0xffffffff8000b344 (0xcc3f2023) sw      gp, -832(t5)
3 0x8000b344 (0xcc3f2023) mem 0x8000c000 0x00000001
core   0: 0xffffffff8000b348 (0xff9ff06f) j       pc - 0x8
3 0x8000b348 (0xff9ff06f)
core   0: 0xffffffff8000b340 (0x00001f17) auipc   t5, 0x1
3 0x8000b340 (0x00001f17) x30 0x8000c340
core   0: 0xffffffff8000b344 (0xcc3f2023) sw      gp, -832(t5)
3 0x8000b344 (0xcc3f2023) mem 0x8000c000 0x00000001
core   0: 0xffffffff8000b348 (0xff9ff06f) j       pc - 0x8
3 0x8000b348 (0xff9ff06f)
core   0: 0xffffffff8000b340 (0x00001f17) auipc   t5, 0x1
3 0x8000b340 (0x00001f17) x30 0x8000c340
core   0: 0xffffffff8000b344 (0xcc3f2023) sw      gp, -832(t5)
3 0x8000b344 (0xcc3f2023) mem 0x8000c000 0x00000001
core   0: 0xffffffff8000b348 (0xff9ff06f) j       pc - 0x8
3 0x8000b348 (0xff9ff06f)
core   0: 0xffffffff8000b340 (0x00001f17) auipc   t5, 0x1
3 0x8000b340 (0x00001f17) x30 0x8000c340
core   0: 0xffffffff8000b344 (0xcc3f2023) sw      gp, -832(t5)
3 0x8000b344 (0xcc3f2023) mem 0x8000c000 0x00000001
core   0: 0xffffffff8000b348 (0xff9ff06f) j       pc - 0x8
3 0x8000b348 (0xff9ff06f)
core   0: 0xffffffff8000b340 (0x00001f17) auipc   t5, 0x1
3 0x8000b340 (0x00001f17) x30 0x8000c340
core   0: 0xffffffff8000b344 (0xcc3f2023) sw      gp, -832(t5)
3 0x8000b344 (0xcc3f2023) mem 0x8000c000 0x00000001
core   0: 0xffffffff8000b348 (0xff9ff06f) j       pc - 0x8
3 0x8000b348 (0xff9ff06f)
core   0: 0xffffffff8000b340 (0x00001f17) auipc   t5, 0x1
3 0x8000b340 (0x00001f17) x30 0x8000c340
core   0: 0xffffffff8000b344 (0xcc3f2023) sw      gp, -832(t5)
3 0x8000b344 (0xcc3f2023) mem 0x8000c000 0x00000001
core   0: 0xffffffff8000b348 (0xff9ff06f) j       pc - 0x8
3 0x8000b348 (0xff9ff06f)
core   0: 0xffffffff8000b340 (0x00001f17) auipc   t5, 0x1
3 0x8000b340 (0x00001f17) x30 0x8000c340
core   0: 0xffffffff8000b344 (0xcc3f2023) sw      gp, -832(t5)
3 0x8000b344 (0xcc3f2023) mem 0x8000c000 0x00000001
core   0: 0xffffffff8000b348 (0xff9ff06f) j       pc - 0x8
3 0x8000b348 (0xff9ff06f)
core   0: 0xffffffff8000b340 (0x00001f17) auipc   t5, 0x1
3 0x8000b340 (0x00001f17) x30 0x8000c340
core   0: 0xffffffff8000b344 (0xcc3f2023) sw      gp, -832(t5)
3 0x8000b344 (0xcc3f2023) mem 0x8000c000 0x00000001
core   0: 0xffffffff8000b348 (0xff9ff06f) j       pc - 0x8
3 0x8000b348 (0xff9ff06f)
core   0: 0xffffffff8000b340 (0x00001f17) auipc   t5, 0x1
3 0x8000b340 (0x00001f17) x30 0x8000c340
core   0: 0xffffffff8000b344 (0xcc3f2023) sw      gp, -832(t5)
3 0x8000b344 (0xcc3f2023) mem 0x8000c000 0x00000001
core   0: 0xffffffff8000b348 (0xff9ff06f) j       pc - 0x8
3 0x8000b348 (0xff9ff06f)
core   0: 0xffffffff8000b340 (0x00001f17) auipc   t5, 0x1
3 0x8000b340 (0x00001f17) x30 0x8000c340
core   0: 0xffffffff8000b344 (0xcc3f2023) sw      gp, -832(t5)
3 0x8000b344 (0xcc3f2023) mem 0x8000c000 0x00000001
core   0: 0xffffffff8000b348 (0xff9ff06f) j       pc - 0x8
3 0x8000b348 (0xff9ff06f)
core   0: 0xffffffff8000b340 (0x00001f17) auipc   t5, 0x1
3 0x8000b340 (0x00001f17) x30 0x8000c340
core   0: 0xffffffff8000b344 (0xcc3f2023) sw      gp, -832(t5)
3 0x8000b344 (0xcc3f2023) mem 0x8000c000 0x00000001
core   0: 0xffffffff8000b348 (0xff9ff06f) j       pc - 0x8
3 0x8000b348 (0xff9ff06f)
core   0: 0xffffffff8000b340 (0x00001f17) auipc   t5, 0x1
3 0x8000b340 (0x00001f17) x30 0x8000c340
core   0: 0xffffffff8000b344 (0xcc3f2023) sw      gp, -832(t5)
3 0x8000b344 (0xcc3f2023) mem 0x8000c000 0x00000001
core   0: 0xffffffff8000b348 (0xff9ff06f) j       pc - 0x8
3 0x8000b348 (0xff9ff06f)
core   0: 0xffffffff8000b340 (0x00001f17) auipc   t5, 0x1
3 0x8000b340 (0x00001f17) x30 0x8000c340
core   0: 0xffffffff8000b344 (0xcc3f2023) sw      gp, -832(t5)
3 0x8000b344 (0xcc3f2023) mem 0x8000c000 0x00000001
core   0: 0xffffffff8000b348 (0xff9ff06f) j       pc - 0x8
3 0x8000b348 (0xff9ff06f)
core   0: 0xffffffff8000b340 (0x00001f17) auipc   t5, 0x1
3 0x8000b340 (0x00001f17) x30 0x8000c340
core   0: 0xffffffff8000b344 (0xcc3f2023) sw      gp, -832(t5)
3 0x8000b344 (0xcc3f2023) mem 0x8000c000 0x00000001
core   0: 0xffffffff8000b348 (0xff9ff06f) j       pc - 0x8
3 0x8000b348 (0xff9ff06f)
core   0: 0xffffffff8000b340 (0x00001f17) auipc   t5, 0x1
3 0x8000b340 (0x00001f17) x30 0x8000c340
core   0: 0xffffffff8000b344 (0xcc3f2023) sw      gp, -832(t5)
3 0x8000b344 (0xcc3f2023) mem 0x8000c000 0x00000001
core   0: 0xffffffff8000b348 (0xff9ff06f) j       pc - 0x8
3 0x8000b348 (0xff9ff06f)
core   0: 0xffffffff8000b340 (0x00001f17) auipc   t5, 0x1
3 0x8000b340 (0x00001f17) x30 0x8000c340
core   0: 0xffffffff8000b344 (0xcc3f2023) sw      gp, -832(t5)
3 0x8000b344 (0xcc3f2023) mem 0x8000c000 0x00000001
core   0: 0xffffffff8000b348 (0xff9ff06f) j       pc - 0x8
3 0x8000b348 (0xff9ff06f)
core   0: 0xffffffff8000b340 (0x00001f17) auipc   t5, 0x1
3 0x8000b340 (0x00001f17) x30 0x8000c340
core   0: 0xffffffff8000b344 (0xcc3f2023) sw      gp, -832(t5)
3 0x8000b344 (0xcc3f2023) mem 0x8000c000 0x00000001
core   0: 0xffffffff8000b348 (0xff9ff06f) j       pc - 0x8
3 0x8000b348 (0xff9ff06f)
core   0: 0xffffffff8000b340 (0x00001f17) auipc   t5, 0x1
3 0x8000b340 (0x00001f17) x30 0x8000c340
core   0: 0xffffffff8000b344 (0xcc3f2023) sw      gp, -832(t5)
3 0x8000b344 (0xcc3f2023) mem 0x8000c000 0x00000001
core   0: 0xffffffff8000b348 (0xff9ff06f) j       pc - 0x8
3 0x8000b348 (0xff9ff06f)
core   0: 0xffffffff8000b340 (0x00001f17) auipc   t5, 0x1
3 0x8000b340 (0x00001f17) x30 0x8000c340
core   0: 0xffffffff8000b344 (0xcc3f2023) sw      gp, -832(t5)
3 0x8000b344 (0xcc3f2023) mem 0x8000c000 0x00000001
core   0: 0xffffffff8000b348 (0xff9ff06f) j       pc - 0x8
3 0x8000b348 (0xff9ff06f)
core   0: 0xffffffff8000b340 (0x00001f17) auipc   t5, 0x1
3 0x8000b340 (0x00001f17) x30 0x8000c340
core   0: 0xffffffff8000b344 (0xcc3f2023) sw      gp, -832(t5)
3 0x8000b344 (0xcc3f2023) mem 0x8000c000 0x00000001
core   0: 0xffffffff8000b348 (0xff9ff06f) j       pc - 0x8
3 0x8000b348 (0xff9ff06f)
core   0: 0xffffffff8000b340 (0x00001f17) auipc   t5, 0x1
3 0x8000b340 (0x00001f17) x30 0x8000c340
core   0: 0xffffffff8000b344 (0xcc3f2023) sw      gp, -832(t5)
3 0x8000b344 (0xcc3f2023) mem 0x8000c000 0x00000001
core   0: 0xffffffff8000b348 (0xff9ff06f) j       pc - 0x8
3 0x8000b348 (0xff9ff06f)
core   0: 0xffffffff8000b340 (0x00001f17) auipc   t5, 0x1
3 0x8000b340 (0x00001f17) x30 0x8000c340
core   0: 0xffffffff8000b344 (0xcc3f2023) sw      gp, -832(t5)
3 0x8000b344 (0xcc3f2023) mem 0x8000c000 0x00000001
core   0: 0xffffffff8000b348 (0xff9ff06f) j       pc - 0x8
3 0x8000b348 (0xff9ff06f)
core   0: 0xffffffff8000b340 (0x00001f17) auipc   t5, 0x1
3 0x8000b340 (0x00001f17) x30 0x8000c340
core   0: 0xffffffff8000b344 (0xcc3f2023) sw      gp, -832(t5)
3 0x8000b344 (0xcc3f2023) mem 0x8000c000 0x00000001
core   0: 0xffffffff8000b348 (0xff9ff06f) j       pc - 0x8
3 0x8000b348 (0xff9ff06f)
core   0: 0xffffffff8000b340 (0x00001f17) auipc   t5, 0x1
3 0x8000b340 (0x00001f17) x30 0x8000c340
core   0: 0xffffffff8000b344 (0xcc3f2023) sw      gp, -832(t5)
3 0x8000b344 (0xcc3f2023) mem 0x8000c000 0x00000001
core   0: 0xffffffff8000b348 (0xff9ff06f) j       pc - 0x8
3 0x8000b348 (0xff9ff06f)
core   0: 0xffffffff8000b340 (0x00001f17) auipc   t5, 0x1
3 0x8000b340 (0x00001f17) x30 0x8000c340
core   0: 0xffffffff8000b344 (0xcc3f2023) sw      gp, -832(t5)
3 0x8000b344 (0xcc3f2023) mem 0x8000c000 0x00000001
core   0: 0xffffffff8000b348 (0xff9ff06f) j       pc - 0x8
3 0x8000b348 (0xff9ff06f)
core   0: 0xffffffff8000b340 (0x00001f17) auipc   t5, 0x1
3 0x8000b340 (0x00001f17) x30 0x8000c340
core   0: 0xffffffff8000b344 (0xcc3f2023) sw      gp, -832(t5)
3 0x8000b344 (0xcc3f2023) mem 0x8000c000 0x00000001
core   0: 0xffffffff8000b348 (0xff9ff06f) j       pc - 0x8
3 0x8000b348 (0xff9ff06f)
core   0: 0xffffffff8000b340 (0x00001f17) auipc   t5, 0x1
3 0x8000b340 (0x00001f17) x30 0x8000c340
core   0: 0xffffffff8000b344 (0xcc3f2023) sw      gp, -832(t5)
3 0x8000b344 (0xcc3f2023) mem 0x8000c000 0x00000001
core   0: 0xffffffff8000b348 (0xff9ff06f) j       pc - 0x8
3 0x8000b348 (0xff9ff06f)
core   0: 0xffffffff8000b340 (0x00001f17) auipc   t5, 0x1
3 0x8000b340 (0x00001f17) x30 0x8000c340
core   0: 0xffffffff8000b344 (0xcc3f2023) sw      gp, -832(t5)
3 0x8000b344 (0xcc3f2023) mem 0x8000c000 0x00000001
core   0: 0xffffffff8000b348 (0xff9ff06f) j       pc - 0x8
3 0x8000b348 (0xff9ff06f)
core   0: 0xffffffff8000b340 (0x00001f17) auipc   t5, 0x1
3 0x8000b340 (0x00001f17) x30 0x8000c340
core   0: 0xffffffff8000b344 (0xcc3f2023) sw      gp, -832(t5)
3 0x8000b344 (0xcc3f2023) mem 0x8000c000 0x00000001
core   0: 0xffffffff8000b348 (0xff9ff06f) j       pc - 0x8
3 0x8000b348 (0xff9ff06f)
core   0: 0xffffffff8000b340 (0x00001f17) auipc   t5, 0x1
3 0x8000b340 (0x00001f17) x30 0x8000c340
core   0: 0xffffffff8000b344 (0xcc3f2023) sw      gp, -832(t5)
3 0x8000b344 (0xcc3f2023) mem 0x8000c000 0x00000001
core   0: 0xffffffff8000b348 (0xff9ff06f) j       pc - 0x8
3 0x8000b348 (0xff9ff06f)
core   0: 0xffffffff8000b340 (0x00001f17) auipc   t5, 0x1
3 0x8000b340 (0x00001f17) x30 0x8000c340
core   0: 0xffffffff8000b344 (0xcc3f2023) sw      gp, -832(t5)
3 0x8000b344 (0xcc3f2023) mem 0x8000c000 0x00000001
core   0: 0xffffffff8000b348 (0xff9ff06f) j       pc - 0x8
3 0x8000b348 (0xff9ff06f)
core   0: 0xffffffff8000b340 (0x00001f17) auipc   t5, 0x1
3 0x8000b340 (0x00001f17) x30 0x8000c340
core   0: 0xffffffff8000b344 (0xcc3f2023) sw      gp, -832(t5)
3 0x8000b344 (0xcc3f2023) mem 0x8000c000 0x00000001
core   0: 0xffffffff8000b348 (0xff9ff06f) j       pc - 0x8
3 0x8000b348 (0xff9ff06f)
core   0: 0xffffffff8000b340 (0x00001f17) auipc   t5, 0x1
3 0x8000b340 (0x00001f17) x30 0x8000c340
core   0: 0xffffffff8000b344 (0xcc3f2023) sw      gp, -832(t5)
3 0x8000b344 (0xcc3f2023) mem 0x8000c000 0x00000001
core   0: 0xffffffff8000b348 (0xff9ff06f) j       pc - 0x8
3 0x8000b348 (0xff9ff06f)
core   0: 0xffffffff8000b340 (0x00001f17) auipc   t5, 0x1
3 0x8000b340 (0x00001f17) x30 0x8000c340
core   0: 0xffffffff8000b344 (0xcc3f2023) sw      gp, -832(t5)
3 0x8000b344 (0xcc3f2023) mem 0x8000c000 0x00000001
core   0: 0xffffffff8000b348 (0xff9ff06f) j       pc - 0x8
3 0x8000b348 (0xff9ff06f)
core   0: 0xffffffff8000b340 (0x00001f17) auipc   t5, 0x1
3 0x8000b340 (0x00001f17) x30 0x8000c340
core   0: 0xffffffff8000b344 (0xcc3f2023) sw      gp, -832(t5)
3 0x8000b344 (0xcc3f2023) mem 0x8000c000 0x00000001
core   0: 0xffffffff8000b348 (0xff9ff06f) j       pc - 0x8
3 0x8000b348 (0xff9ff06f)
core   0: 0xffffffff8000b340 (0x00001f17) auipc   t5, 0x1
3 0x8000b340 (0x00001f17) x30 0x8000c340
core   0: 0xffffffff8000b344 (0xcc3f2023) sw      gp, -832(t5)
3 0x8000b344 (0xcc3f2023) mem 0x8000c000 0x00000001
core   0: 0xffffffff8000b348 (0xff9ff06f) j       pc - 0x8
3 0x8000b348 (0xff9ff06f)
core   0: 0xffffffff8000b340 (0x00001f17) auipc   t5, 0x1
3 0x8000b340 (0x00001f17) x30 0x8000c340
core   0: 0xffffffff8000b344 (0xcc3f2023) sw      gp, -832(t5)
3 0x8000b344 (0xcc3f2023) mem 0x8000c000 0x00000001
core   0: 0xffffffff8000b348 (0xff9ff06f) j       pc - 0x8
3 0x8000b348 (0xff9ff06f)
core   0: 0xffffffff8000b340 (0x00001f17) auipc   t5, 0x1
3 0x8000b340 (0x00001f17) x30 0x8000c340
core   0: 0xffffffff8000b344 (0xcc3f2023) sw      gp, -832(t5)
3 0x8000b344 (0xcc3f2023) mem 0x8000c000 0x00000001
core   0: 0xffffffff8000b348 (0xff9ff06f) j       pc - 0x8
3 0x8000b348 (0xff9ff06f)
core   0: 0xffffffff8000b340 (0x00001f17) auipc   t5, 0x1
3 0x8000b340 (0x00001f17) x30 0x8000c340
core   0: 0xffffffff8000b344 (0xcc3f2023) sw      gp, -832(t5)
3 0x8000b344 (0xcc3f2023) mem 0x8000c000 0x00000001
core   0: 0xffffffff8000b348 (0xff9ff06f) j       pc - 0x8
3 0x8000b348 (0xff9ff06f)
core   0: 0xffffffff8000b340 (0x00001f17) auipc   t5, 0x1
3 0x8000b340 (0x00001f17) x30 0x8000c340
core   0: 0xffffffff8000b344 (0xcc3f2023) sw      gp, -832(t5)
3 0x8000b344 (0xcc3f2023) mem 0x8000c000 0x00000001
core   0: 0xffffffff8000b348 (0xff9ff06f) j       pc - 0x8
3 0x8000b348 (0xff9ff06f)
core   0: 0xffffffff8000b340 (0x00001f17) auipc   t5, 0x1
3 0x8000b340 (0x00001f17) x30 0x8000c340
core   0: 0xffffffff8000b344 (0xcc3f2023) sw      gp, -832(t5)
3 0x8000b344 (0xcc3f2023) mem 0x8000c000 0x00000001
core   0: 0xffffffff8000b348 (0xff9ff06f) j       pc - 0x8
3 0x8000b348 (0xff9ff06f)
core   0: 0xffffffff8000b340 (0x00001f17) auipc   t5, 0x1
3 0x8000b340 (0x00001f17) x30 0x8000c340
core   0: 0xffffffff8000b344 (0xcc3f2023) sw      gp, -832(t5)
3 0x8000b344 (0xcc3f2023) mem 0x8000c000 0x00000001
core   0: 0xffffffff8000b348 (0xff9ff06f) j       pc - 0x8
3 0x8000b348 (0xff9ff06f)
core   0: 0xffffffff8000b340 (0x00001f17) auipc   t5, 0x1
3 0x8000b340 (0x00001f17) x30 0x8000c340
core   0: 0xffffffff8000b344 (0xcc3f2023) sw      gp, -832(t5)
3 0x8000b344 (0xcc3f2023) mem 0x8000c000 0x00000001
core   0: 0xffffffff8000b348 (0xff9ff06f) j       pc - 0x8
3 0x8000b348 (0xff9ff06f)
core   0: 0xffffffff8000b340 (0x00001f17) auipc   t5, 0x1
3 0x8000b340 (0x00001f17) x30 0x8000c340
core   0: 0xffffffff8000b344 (0xcc3f2023) sw      gp, -832(t5)
3 0x8000b344 (0xcc3f2023) mem 0x8000c000 0x00000001
core   0: 0xffffffff8000b348 (0xff9ff06f) j       pc - 0x8
3 0x8000b348 (0xff9ff06f)
core   0: 0xffffffff8000b340 (0x00001f17) auipc   t5, 0x1
3 0x8000b340 (0x00001f17) x30 0x8000c340
core   0: 0xffffffff8000b344 (0xcc3f2023) sw      gp, -832(t5)
3 0x8000b344 (0xcc3f2023) mem 0x8000c000 0x00000001
core   0: 0xffffffff8000b348 (0xff9ff06f) j       pc - 0x8
3 0x8000b348 (0xff9ff06f)
core   0: 0xffffffff8000b340 (0x00001f17) auipc   t5, 0x1
3 0x8000b340 (0x00001f17) x30 0x8000c340
core   0: 0xffffffff8000b344 (0xcc3f2023) sw      gp, -832(t5)
3 0x8000b344 (0xcc3f2023) mem 0x8000c000 0x00000001
core   0: 0xffffffff8000b348 (0xff9ff06f) j       pc - 0x8
3 0x8000b348 (0xff9ff06f)
core   0: 0xffffffff8000b340 (0x00001f17) auipc   t5, 0x1
3 0x8000b340 (0x00001f17) x30 0x8000c340
core   0: 0xffffffff8000b344 (0xcc3f2023) sw      gp, -832(t5)
3 0x8000b344 (0xcc3f2023) mem 0x8000c000 0x00000001
core   0: 0xffffffff8000b348 (0xff9ff06f) j       pc - 0x8
3 0x8000b348 (0xff9ff06f)
core   0: 0xffffffff8000b340 (0x00001f17) auipc   t5, 0x1
3 0x8000b340 (0x00001f17) x30 0x8000c340
core   0: 0xffffffff8000b344 (0xcc3f2023) sw      gp, -832(t5)
3 0x8000b344 (0xcc3f2023) mem 0x8000c000 0x00000001
core   0: 0xffffffff8000b348 (0xff9ff06f) j       pc - 0x8
3 0x8000b348 (0xff9ff06f)
core   0: 0xffffffff8000b340 (0x00001f17) auipc   t5, 0x1
3 0x8000b340 (0x00001f17) x30 0x8000c340
core   0: 0xffffffff8000b344 (0xcc3f2023) sw      gp, -832(t5)
3 0x8000b344 (0xcc3f2023) mem 0x8000c000 0x00000001
core   0: 0xffffffff8000b348 (0xff9ff06f) j       pc - 0x8
3 0x8000b348 (0xff9ff06f)
core   0: 0xffffffff8000b340 (0x00001f17) auipc   t5, 0x1
3 0x8000b340 (0x00001f17) x30 0x8000c340
core   0: 0xffffffff8000b344 (0xcc3f2023) sw      gp, -832(t5)
3 0x8000b344 (0xcc3f2023) mem 0x8000c000 0x00000001
core   0: 0xffffffff8000b348 (0xff9ff06f) j       pc - 0x8
3 0x8000b348 (0xff9ff06f)
core   0: 0xffffffff8000b340 (0x00001f17) auipc   t5, 0x1
3 0x8000b340 (0x00001f17) x30 0x8000c340
core   0: 0xffffffff8000b344 (0xcc3f2023) sw      gp, -832(t5)
3 0x8000b344 (0xcc3f2023) mem 0x8000c000 0x00000001
core   0: 0xffffffff8000b348 (0xff9ff06f) j       pc - 0x8
3 0x8000b348 (0xff9ff06f)
core   0: 0xffffffff8000b340 (0x00001f17) auipc   t5, 0x1
3 0x8000b340 (0x00001f17) x30 0x8000c340
core   0: 0xffffffff8000b344 (0xcc3f2023) sw      gp, -832(t5)
3 0x8000b344 (0xcc3f2023) mem 0x8000c000 0x00000001
core   0: 0xffffffff8000b348 (0xff9ff06f) j       pc - 0x8
3 0x8000b348 (0xff9ff06f)
core   0: 0xffffffff8000b340 (0x00001f17) auipc   t5, 0x1
3 0x8000b340 (0x00001f17) x30 0x8000c340
core   0: 0xffffffff8000b344 (0xcc3f2023) sw      gp, -832(t5)
3 0x8000b344 (0xcc3f2023) mem 0x8000c000 0x00000001
core   0: 0xffffffff8000b348 (0xff9ff06f) j       pc - 0x8
3 0x8000b348 (0xff9ff06f)
core   0: 0xffffffff8000b340 (0x00001f17) auipc   t5, 0x1
3 0x8000b340 (0x00001f17) x30 0x8000c340
core   0: 0xffffffff8000b344 (0xcc3f2023) sw      gp, -832(t5)
3 0x8000b344 (0xcc3f2023) mem 0x8000c000 0x00000001
core   0: 0xffffffff8000b348 (0xff9ff06f) j       pc - 0x8
3 0x8000b348 (0xff9ff06f)
core   0: 0xffffffff8000b340 (0x00001f17) auipc   t5, 0x1
3 0x8000b340 (0x00001f17) x30 0x8000c340
core   0: 0xffffffff8000b344 (0xcc3f2023) sw      gp, -832(t5)
3 0x8000b344 (0xcc3f2023) mem 0x8000c000 0x00000001
core   0: 0xffffffff8000b348 (0xff9ff06f) j       pc - 0x8
3 0x8000b348 (0xff9ff06f)
core   0: 0xffffffff8000b340 (0x00001f17) auipc   t5, 0x1
3 0x8000b340 (0x00001f17) x30 0x8000c340
core   0: 0xffffffff8000b344 (0xcc3f2023) sw      gp, -832(t5)
3 0x8000b344 (0xcc3f2023) mem 0x8000c000 0x00000001
core   0: 0xffffffff8000b348 (0xff9ff06f) j       pc - 0x8
3 0x8000b348 (0xff9ff06f)
core   0: 0xffffffff8000b340 (0x00001f17) auipc   t5, 0x1
3 0x8000b340 (0x00001f17) x30 0x8000c340
core   0: 0xffffffff8000b344 (0xcc3f2023) sw      gp, -832(t5)
3 0x8000b344 (0xcc3f2023) mem 0x8000c000 0x00000001
core   0: 0xffffffff8000b348 (0xff9ff06f) j       pc - 0x8
3 0x8000b348 (0xff9ff06f)
core   0: 0xffffffff8000b340 (0x00001f17) auipc   t5, 0x1
3 0x8000b340 (0x00001f17) x30 0x8000c340
core   0: 0xffffffff8000b344 (0xcc3f2023) sw      gp, -832(t5)
3 0x8000b344 (0xcc3f2023) mem 0x8000c000 0x00000001
core   0: 0xffffffff8000b348 (0xff9ff06f) j       pc - 0x8
3 0x8000b348 (0xff9ff06f)
core   0: 0xffffffff8000b340 (0x00001f17) auipc   t5, 0x1
3 0x8000b340 (0x00001f17) x30 0x8000c340
core   0: 0xffffffff8000b344 (0xcc3f2023) sw      gp, -832(t5)
3 0x8000b344 (0xcc3f2023) mem 0x8000c000 0x00000001
core   0: 0xffffffff8000b348 (0xff9ff06f) j       pc - 0x8
3 0x8000b348 (0xff9ff06f)
core   0: 0xffffffff8000b340 (0x00001f17) auipc   t5, 0x1
3 0x8000b340 (0x00001f17) x30 0x8000c340
core   0: 0xffffffff8000b344 (0xcc3f2023) sw      gp, -832(t5)
3 0x8000b344 (0xcc3f2023) mem 0x8000c000 0x00000001
core   0: 0xffffffff8000b348 (0xff9ff06f) j       pc - 0x8
3 0x8000b348 (0xff9ff06f)
core   0: 0xffffffff8000b340 (0x00001f17) auipc   t5, 0x1
3 0x8000b340 (0x00001f17) x30 0x8000c340
core   0: 0xffffffff8000b344 (0xcc3f2023) sw      gp, -832(t5)
3 0x8000b344 (0xcc3f2023) mem 0x8000c000 0x00000001
core   0: 0xffffffff8000b348 (0xff9ff06f) j       pc - 0x8
3 0x8000b348 (0xff9ff06f)
core   0: 0xffffffff8000b340 (0x00001f17) auipc   t5, 0x1
3 0x8000b340 (0x00001f17) x30 0x8000c340
core   0: 0xffffffff8000b344 (0xcc3f2023) sw      gp, -832(t5)
3 0x8000b344 (0xcc3f2023) mem 0x8000c000 0x00000001
core   0: 0xffffffff8000b348 (0xff9ff06f) j       pc - 0x8
3 0x8000b348 (0xff9ff06f)
core   0: 0xffffffff8000b340 (0x00001f17) auipc   t5, 0x1
3 0x8000b340 (0x00001f17) x30 0x8000c340
core   0: 0xffffffff8000b344 (0xcc3f2023) sw      gp, -832(t5)
3 0x8000b344 (0xcc3f2023) mem 0x8000c000 0x00000001
core   0: 0xffffffff8000b348 (0xff9ff06f) j       pc - 0x8
3 0x8000b348 (0xff9ff06f)
core   0: 0xffffffff8000b340 (0x00001f17) auipc   t5, 0x1
3 0x8000b340 (0x00001f17) x30 0x8000c340
core   0: 0xffffffff8000b344 (0xcc3f2023) sw      gp, -832(t5)
3 0x8000b344 (0xcc3f2023) mem 0x8000c000 0x00000001
core   0: 0xffffffff8000b348 (0xff9ff06f) j       pc - 0x8
3 0x8000b348 (0xff9ff06f)
core   0: 0xffffffff8000b340 (0x00001f17) auipc   t5, 0x1
3 0x8000b340 (0x00001f17) x30 0x8000c340
core   0: 0xffffffff8000b344 (0xcc3f2023) sw      gp, -832(t5)
3 0x8000b344 (0xcc3f2023) mem 0x8000c000 0x00000001
core   0: 0xffffffff8000b348 (0xff9ff06f) j       pc - 0x8
3 0x8000b348 (0xff9ff06f)
core   0: 0xffffffff8000b340 (0x00001f17) auipc   t5, 0x1
3 0x8000b340 (0x00001f17) x30 0x8000c340
core   0: 0xffffffff8000b344 (0xcc3f2023) sw      gp, -832(t5)
3 0x8000b344 (0xcc3f2023) mem 0x8000c000 0x00000001
core   0: 0xffffffff8000b348 (0xff9ff06f) j       pc - 0x8
3 0x8000b348 (0xff9ff06f)
core   0: 0xffffffff8000b340 (0x00001f17) auipc   t5, 0x1
3 0x8000b340 (0x00001f17) x30 0x8000c340
core   0: 0xffffffff8000b344 (0xcc3f2023) sw      gp, -832(t5)
3 0x8000b344 (0xcc3f2023) mem 0x8000c000 0x00000001
core   0: 0xffffffff8000b348 (0xff9ff06f) j       pc - 0x8
3 0x8000b348 (0xff9ff06f)
core   0: 0xffffffff8000b340 (0x00001f17) auipc   t5, 0x1
3 0x8000b340 (0x00001f17) x30 0x8000c340
core   0: 0xffffffff8000b344 (0xcc3f2023) sw      gp, -832(t5)
3 0x8000b344 (0xcc3f2023) mem 0x8000c000 0x00000001
core   0: 0xffffffff8000b348 (0xff9ff06f) j       pc - 0x8
3 0x8000b348 (0xff9ff06f)
core   0: 0xffffffff8000b340 (0x00001f17) auipc   t5, 0x1
3 0x8000b340 (0x00001f17) x30 0x8000c340
core   0: 0xffffffff8000b344 (0xcc3f2023) sw      gp, -832(t5)
3 0x8000b344 (0xcc3f2023) mem 0x8000c000 0x00000001
core   0: 0xffffffff8000b348 (0xff9ff06f) j       pc - 0x8
3 0x8000b348 (0xff9ff06f)
core   0: 0xffffffff8000b340 (0x00001f17) auipc   t5, 0x1
3 0x8000b340 (0x00001f17) x30 0x8000c340
core   0: 0xffffffff8000b344 (0xcc3f2023) sw      gp, -832(t5)
3 0x8000b344 (0xcc3f2023) mem 0x8000c000 0x00000001
core   0: 0xffffffff8000b348 (0xff9ff06f) j       pc - 0x8
3 0x8000b348 (0xff9ff06f)
core   0: 0xffffffff8000b340 (0x00001f17) auipc   t5, 0x1
3 0x8000b340 (0x00001f17) x30 0x8000c340
core   0: 0xffffffff8000b344 (0xcc3f2023) sw      gp, -832(t5)
3 0x8000b344 (0xcc3f2023) mem 0x8000c000 0x00000001
core   0: 0xffffffff8000b348 (0xff9ff06f) j       pc - 0x8
3 0x8000b348 (0xff9ff06f)
core   0: 0xffffffff8000b340 (0x00001f17) auipc   t5, 0x1
3 0x8000b340 (0x00001f17) x30 0x8000c340
core   0: 0xffffffff8000b344 (0xcc3f2023) sw      gp, -832(t5)
3 0x8000b344 (0xcc3f2023) mem 0x8000c000 0x00000001
core   0: 0xffffffff8000b348 (0xff9ff06f) j       pc - 0x8
3 0x8000b348 (0xff9ff06f)
core   0: 0xffffffff8000b340 (0x00001f17) auipc   t5, 0x1
3 0x8000b340 (0x00001f17) x30 0x8000c340
core   0: 0xffffffff8000b344 (0xcc3f2023) sw      gp, -832(t5)
3 0x8000b344 (0xcc3f2023) mem 0x8000c000 0x00000001
core   0: 0xffffffff8000b348 (0xff9ff06f) j       pc - 0x8
3 0x8000b348 (0xff9ff06f)
core   0: 0xffffffff8000b340 (0x00001f17) auipc   t5, 0x1
3 0x8000b340 (0x00001f17) x30 0x8000c340
core   0: 0xffffffff8000b344 (0xcc3f2023) sw      gp, -832(t5)
3 0x8000b344 (0xcc3f2023) mem 0x8000c000 0x00000001
core   0: 0xffffffff8000b348 (0xff9ff06f) j       pc - 0x8
3 0x8000b348 (0xff9ff06f)
core   0: 0xffffffff8000b340 (0x00001f17) auipc   t5, 0x1
3 0x8000b340 (0x00001f17) x30 0x8000c340
core   0: 0xffffffff8000b344 (0xcc3f2023) sw      gp, -832(t5)
3 0x8000b344 (0xcc3f2023) mem 0x8000c000 0x00000001
core   0: 0xffffffff8000b348 (0xff9ff06f) j       pc - 0x8
3 0x8000b348 (0xff9ff06f)
core   0: 0xffffffff8000b340 (0x00001f17) auipc   t5, 0x1
3 0x8000b340 (0x00001f17) x30 0x8000c340
core   0: 0xffffffff8000b344 (0xcc3f2023) sw      gp, -832(t5)
3 0x8000b344 (0xcc3f2023) mem 0x8000c000 0x00000001
core   0: 0xffffffff8000b348 (0xff9ff06f) j       pc - 0x8
3 0x8000b348 (0xff9ff06f)
core   0: 0xffffffff8000b340 (0x00001f17) auipc   t5, 0x1
3 0x8000b340 (0x00001f17) x30 0x8000c340
core   0: 0xffffffff8000b344 (0xcc3f2023) sw      gp, -832(t5)
3 0x8000b344 (0xcc3f2023) mem 0x8000c000 0x00000001
core   0: 0xffffffff8000b348 (0xff9ff06f) j       pc - 0x8
3 0x8000b348 (0xff9ff06f)
core   0: 0xffffffff8000b340 (0x00001f17) auipc   t5, 0x1
3 0x8000b340 (0x00001f17) x30 0x8000c340
core   0: 0xffffffff8000b344 (0xcc3f2023) sw      gp, -832(t5)
3 0x8000b344 (0xcc3f2023) mem 0x8000c000 0x00000001
core   0: 0xffffffff8000b348 (0xff9ff06f) j       pc - 0x8
3 0x8000b348 (0xff9ff06f)
core   0: 0xffffffff8000b340 (0x00001f17) auipc   t5, 0x1
3 0x8000b340 (0x00001f17) x30 0x8000c340
core   0: 0xffffffff8000b344 (0xcc3f2023) sw      gp, -832(t5)
3 0x8000b344 (0xcc3f2023) mem 0x8000c000 0x00000001
core   0: 0xffffffff8000b348 (0xff9ff06f) j       pc - 0x8
3 0x8000b348 (0xff9ff06f)
core   0: 0xffffffff8000b340 (0x00001f17) auipc   t5, 0x1
3 0x8000b340 (0x00001f17) x30 0x8000c340
core   0: 0xffffffff8000b344 (0xcc3f2023) sw      gp, -832(t5)
3 0x8000b344 (0xcc3f2023) mem 0x8000c000 0x00000001
core   0: 0xffffffff8000b348 (0xff9ff06f) j       pc - 0x8
3 0x8000b348 (0xff9ff06f)
core   0: 0xffffffff8000b340 (0x00001f17) auipc   t5, 0x1
3 0x8000b340 (0x00001f17) x30 0x8000c340
core   0: 0xffffffff8000b344 (0xcc3f2023) sw      gp, -832(t5)
3 0x8000b344 (0xcc3f2023) mem 0x8000c000 0x00000001
core   0: 0xffffffff8000b348 (0xff9ff06f) j       pc - 0x8
3 0x8000b348 (0xff9ff06f)
core   0: 0xffffffff8000b340 (0x00001f17) auipc   t5, 0x1
3 0x8000b340 (0x00001f17) x30 0x8000c340
core   0: 0xffffffff8000b344 (0xcc3f2023) sw      gp, -832(t5)
3 0x8000b344 (0xcc3f2023) mem 0x8000c000 0x00000001
core   0: 0xffffffff8000b348 (0xff9ff06f) j       pc - 0x8
3 0x8000b348 (0xff9ff06f)
core   0: 0xffffffff8000b340 (0x00001f17) auipc   t5, 0x1
3 0x8000b340 (0x00001f17) x30 0x8000c340
core   0: 0xffffffff8000b344 (0xcc3f2023) sw      gp, -832(t5)
3 0x8000b344 (0xcc3f2023) mem 0x8000c000 0x00000001
core   0: 0xffffffff8000b348 (0xff9ff06f) j       pc - 0x8
3 0x8000b348 (0xff9ff06f)
core   0: 0xffffffff8000b340 (0x00001f17) auipc   t5, 0x1
3 0x8000b340 (0x00001f17) x30 0x8000c340
core   0: 0xffffffff8000b344 (0xcc3f2023) sw      gp, -832(t5)
3 0x8000b344 (0xcc3f2023) mem 0x8000c000 0x00000001
core   0: 0xffffffff8000b348 (0xff9ff06f) j       pc - 0x8
3 0x8000b348 (0xff9ff06f)
core   0: 0xffffffff8000b340 (0x00001f17) auipc   t5, 0x1
3 0x8000b340 (0x00001f17) x30 0x8000c340
core   0: 0xffffffff8000b344 (0xcc3f2023) sw      gp, -832(t5)
3 0x8000b344 (0xcc3f2023) mem 0x8000c000 0x00000001
core   0: 0xffffffff8000b348 (0xff9ff06f) j       pc - 0x8
3 0x8000b348 (0xff9ff06f)
core   0: 0xffffffff8000b340 (0x00001f17) auipc   t5, 0x1
3 0x8000b340 (0x00001f17) x30 0x8000c340
core   0: 0xffffffff8000b344 (0xcc3f2023) sw      gp, -832(t5)
3 0x8000b344 (0xcc3f2023) mem 0x8000c000 0x00000001
core   0: 0xffffffff8000b348 (0xff9ff06f) j       pc - 0x8
3 0x8000b348 (0xff9ff06f)
core   0: 0xffffffff8000b340 (0x00001f17) auipc   t5, 0x1
3 0x8000b340 (0x00001f17) x30 0x8000c340
core   0: 0xffffffff8000b344 (0xcc3f2023) sw      gp, -832(t5)
3 0x8000b344 (0xcc3f2023) mem 0x8000c000 0x00000001
core   0: 0xffffffff8000b348 (0xff9ff06f) j       pc - 0x8
3 0x8000b348 (0xff9ff06f)
core   0: 0xffffffff8000b340 (0x00001f17) auipc   t5, 0x1
3 0x8000b340 (0x00001f17) x30 0x8000c340
core   0: 0xffffffff8000b344 (0xcc3f2023) sw      gp, -832(t5)
3 0x8000b344 (0xcc3f2023) mem 0x8000c000 0x00000001
core   0: 0xffffffff8000b348 (0xff9ff06f) j       pc - 0x8
3 0x8000b348 (0xff9ff06f)
core   0: 0xffffffff8000b340 (0x00001f17) auipc   t5, 0x1
3 0x8000b340 (0x00001f17) x30 0x8000c340
core   0: 0xffffffff8000b344 (0xcc3f2023) sw      gp, -832(t5)
3 0x8000b344 (0xcc3f2023) mem 0x8000c000 0x00000001
core   0: 0xffffffff8000b348 (0xff9ff06f) j       pc - 0x8
3 0x8000b348 (0xff9ff06f)
core   0: 0xffffffff8000b340 (0x00001f17) auipc   t5, 0x1
3 0x8000b340 (0x00001f17) x30 0x8000c340
core   0: 0xffffffff8000b344 (0xcc3f2023) sw      gp, -832(t5)
3 0x8000b344 (0xcc3f2023) mem 0x8000c000 0x00000001
core   0: 0xffffffff8000b348 (0xff9ff06f) j       pc - 0x8
3 0x8000b348 (0xff9ff06f)
core   0: 0xffffffff8000b340 (0x00001f17) auipc   t5, 0x1
3 0x8000b340 (0x00001f17) x30 0x8000c340
core   0: 0xffffffff8000b344 (0xcc3f2023) sw      gp, -832(t5)
3 0x8000b344 (0xcc3f2023) mem 0x8000c000 0x00000001
core   0: 0xffffffff8000b348 (0xff9ff06f) j       pc - 0x8
3 0x8000b348 (0xff9ff06f)
core   0: 0xffffffff8000b340 (0x00001f17) auipc   t5, 0x1
3 0x8000b340 (0x00001f17) x30 0x8000c340
core   0: 0xffffffff8000b344 (0xcc3f2023) sw      gp, -832(t5)
3 0x8000b344 (0xcc3f2023) mem 0x8000c000 0x00000001
core   0: 0xffffffff8000b348 (0xff9ff06f) j       pc - 0x8
3 0x8000b348 (0xff9ff06f)
core   0: 0xffffffff8000b340 (0x00001f17) auipc   t5, 0x1
3 0x8000b340 (0x00001f17) x30 0x8000c340
core   0: 0xffffffff8000b344 (0xcc3f2023) sw      gp, -832(t5)
3 0x8000b344 (0xcc3f2023) mem 0x8000c000 0x00000001
core   0: 0xffffffff8000b348 (0xff9ff06f) j       pc - 0x8
3 0x8000b348 (0xff9ff06f)
core   0: 0xffffffff8000b340 (0x00001f17) auipc   t5, 0x1
3 0x8000b340 (0x00001f17) x30 0x8000c340
core   0: 0xffffffff8000b344 (0xcc3f2023) sw      gp, -832(t5)
3 0x8000b344 (0xcc3f2023) mem 0x8000c000 0x00000001
core   0: 0xffffffff8000b348 (0xff9ff06f) j       pc - 0x8
3 0x8000b348 (0xff9ff06f)
core   0: 0xffffffff8000b340 (0x00001f17) auipc   t5, 0x1
3 0x8000b340 (0x00001f17) x30 0x8000c340
core   0: 0xffffffff8000b344 (0xcc3f2023) sw      gp, -832(t5)
3 0x8000b344 (0xcc3f2023) mem 0x8000c000 0x00000001
core   0: 0xffffffff8000b348 (0xff9ff06f) j       pc - 0x8
3 0x8000b348 (0xff9ff06f)
core   0: 0xffffffff8000b340 (0x00001f17) auipc   t5, 0x1
3 0x8000b340 (0x00001f17) x30 0x8000c340
core   0: 0xffffffff8000b344 (0xcc3f2023) sw      gp, -832(t5)
3 0x8000b344 (0xcc3f2023) mem 0x8000c000 0x00000001
core   0: 0xffffffff8000b348 (0xff9ff06f) j       pc - 0x8
3 0x8000b348 (0xff9ff06f)
core   0: 0xffffffff8000b340 (0x00001f17) auipc   t5, 0x1
3 0x8000b340 (0x00001f17) x30 0x8000c340
core   0: 0xffffffff8000b344 (0xcc3f2023) sw      gp, -832(t5)
3 0x8000b344 (0xcc3f2023) mem 0x8000c000 0x00000001
core   0: 0xffffffff8000b348 (0xff9ff06f) j       pc - 0x8
3 0x8000b348 (0xff9ff06f)
core   0: 0xffffffff8000b340 (0x00001f17) auipc   t5, 0x1
3 0x8000b340 (0x00001f17) x30 0x8000c340
core   0: 0xffffffff8000b344 (0xcc3f2023) sw      gp, -832(t5)
3 0x8000b344 (0xcc3f2023) mem 0x8000c000 0x00000001
core   0: 0xffffffff8000b348 (0xff9ff06f) j       pc - 0x8
3 0x8000b348 (0xff9ff06f)
core   0: 0xffffffff8000b340 (0x00001f17) auipc   t5, 0x1
3 0x8000b340 (0x00001f17) x30 0x8000c340
core   0: 0xffffffff8000b344 (0xcc3f2023) sw      gp, -832(t5)
3 0x8000b344 (0xcc3f2023) mem 0x8000c000 0x00000001
core   0: 0xffffffff8000b348 (0xff9ff06f) j       pc - 0x8
3 0x8000b348 (0xff9ff06f)
core   0: 0xffffffff8000b340 (0x00001f17) auipc   t5, 0x1
3 0x8000b340 (0x00001f17) x30 0x8000c340
core   0: 0xffffffff8000b344 (0xcc3f2023) sw      gp, -832(t5)
3 0x8000b344 (0xcc3f2023) mem 0x8000c000 0x00000001
core   0: 0xffffffff8000b348 (0xff9ff06f) j       pc - 0x8
3 0x8000b348 (0xff9ff06f)
core   0: 0xffffffff8000b340 (0x00001f17) auipc   t5, 0x1
3 0x8000b340 (0x00001f17) x30 0x8000c340
core   0: 0xffffffff8000b344 (0xcc3f2023) sw      gp, -832(t5)
3 0x8000b344 (0xcc3f2023) mem 0x8000c000 0x00000001
core   0: 0xffffffff8000b348 (0xff9ff06f) j       pc - 0x8
3 0x8000b348 (0xff9ff06f)
core   0: 0xffffffff8000b340 (0x00001f17) auipc   t5, 0x1
3 0x8000b340 (0x00001f17) x30 0x8000c340
core   0: 0xffffffff8000b344 (0xcc3f2023) sw      gp, -832(t5)
3 0x8000b344 (0xcc3f2023) mem 0x8000c000 0x00000001
core   0: 0xffffffff8000b348 (0xff9ff06f) j       pc - 0x8
3 0x8000b348 (0xff9ff06f)
core   0: 0xffffffff8000b340 (0x00001f17) auipc   t5, 0x1
3 0x8000b340 (0x00001f17) x30 0x8000c340
core   0: 0xffffffff8000b344 (0xcc3f2023) sw      gp, -832(t5)
3 0x8000b344 (0xcc3f2023) mem 0x8000c000 0x00000001
core   0: 0xffffffff8000b348 (0xff9ff06f) j       pc - 0x8
3 0x8000b348 (0xff9ff06f)
core   0: 0xffffffff8000b340 (0x00001f17) auipc   t5, 0x1
3 0x8000b340 (0x00001f17) x30 0x8000c340
core   0: 0xffffffff8000b344 (0xcc3f2023) sw      gp, -832(t5)
3 0x8000b344 (0xcc3f2023) mem 0x8000c000 0x00000001
core   0: 0xffffffff8000b348 (0xff9ff06f) j       pc - 0x8
3 0x8000b348 (0xff9ff06f)
core   0: 0xffffffff8000b340 (0x00001f17) auipc   t5, 0x1
3 0x8000b340 (0x00001f17) x30 0x8000c340
core   0: 0xffffffff8000b344 (0xcc3f2023) sw      gp, -832(t5)
3 0x8000b344 (0xcc3f2023) mem 0x8000c000 0x00000001
core   0: 0xffffffff8000b348 (0xff9ff06f) j       pc - 0x8
3 0x8000b348 (0xff9ff06f)
core   0: 0xffffffff8000b340 (0x00001f17) auipc   t5, 0x1
3 0x8000b340 (0x00001f17) x30 0x8000c340
core   0: 0xffffffff8000b344 (0xcc3f2023) sw      gp, -832(t5)
3 0x8000b344 (0xcc3f2023) mem 0x8000c000 0x00000001
core   0: 0xffffffff8000b348 (0xff9ff06f) j       pc - 0x8
3 0x8000b348 (0xff9ff06f)
core   0: 0xffffffff8000b340 (0x00001f17) auipc   t5, 0x1
3 0x8000b340 (0x00001f17) x30 0x8000c340
core   0: 0xffffffff8000b344 (0xcc3f2023) sw      gp, -832(t5)
3 0x8000b344 (0xcc3f2023) mem 0x8000c000 0x00000001
core   0: 0xffffffff8000b348 (0xff9ff06f) j       pc - 0x8
3 0x8000b348 (0xff9ff06f)
core   0: 0xffffffff8000b340 (0x00001f17) auipc   t5, 0x1
3 0x8000b340 (0x00001f17) x30 0x8000c340
core   0: 0xffffffff8000b344 (0xcc3f2023) sw      gp, -832(t5)
3 0x8000b344 (0xcc3f2023) mem 0x8000c000 0x00000001
core   0: 0xffffffff8000b348 (0xff9ff06f) j       pc - 0x8
3 0x8000b348 (0xff9ff06f)
core   0: 0xffffffff8000b340 (0x00001f17) auipc   t5, 0x1
3 0x8000b340 (0x00001f17) x30 0x8000c340
core   0: 0xffffffff8000b344 (0xcc3f2023) sw      gp, -832(t5)
3 0x8000b344 (0xcc3f2023) mem 0x8000c000 0x00000001
core   0: 0xffffffff8000b348 (0xff9ff06f) j       pc - 0x8
3 0x8000b348 (0xff9ff06f)
core   0: 0xffffffff8000b340 (0x00001f17) auipc   t5, 0x1
3 0x8000b340 (0x00001f17) x30 0x8000c340
core   0: 0xffffffff8000b344 (0xcc3f2023) sw      gp, -832(t5)
3 0x8000b344 (0xcc3f2023) mem 0x8000c000 0x00000001
core   0: 0xffffffff8000b348 (0xff9ff06f) j       pc - 0x8
3 0x8000b348 (0xff9ff06f)
core   0: 0xffffffff8000b340 (0x00001f17) auipc   t5, 0x1
3 0x8000b340 (0x00001f17) x30 0x8000c340
core   0: 0xffffffff8000b344 (0xcc3f2023) sw      gp, -832(t5)
3 0x8000b344 (0xcc3f2023) mem 0x8000c000 0x00000001
core   0: 0xffffffff8000b348 (0xff9ff06f) j       pc - 0x8
3 0x8000b348 (0xff9ff06f)
core   0: 0xffffffff8000b340 (0x00001f17) auipc   t5, 0x1
3 0x8000b340 (0x00001f17) x30 0x8000c340
core   0: 0xffffffff8000b344 (0xcc3f2023) sw      gp, -832(t5)
3 0x8000b344 (0xcc3f2023) mem 0x8000c000 0x00000001
core   0: 0xffffffff8000b348 (0xff9ff06f) j       pc - 0x8
3 0x8000b348 (0xff9ff06f)
core   0: 0xffffffff8000b340 (0x00001f17) auipc   t5, 0x1
3 0x8000b340 (0x00001f17) x30 0x8000c340
core   0: 0xffffffff8000b344 (0xcc3f2023) sw      gp, -832(t5)
3 0x8000b344 (0xcc3f2023) mem 0x8000c000 0x00000001
core   0: 0xffffffff8000b348 (0xff9ff06f) j       pc - 0x8
3 0x8000b348 (0xff9ff06f)
core   0: 0xffffffff8000b340 (0x00001f17) auipc   t5, 0x1
3 0x8000b340 (0x00001f17) x30 0x8000c340
core   0: 0xffffffff8000b344 (0xcc3f2023) sw      gp, -832(t5)
3 0x8000b344 (0xcc3f2023) mem 0x8000c000 0x00000001
core   0: 0xffffffff8000b348 (0xff9ff06f) j       pc - 0x8
3 0x8000b348 (0xff9ff06f)
core   0: 0xffffffff8000b340 (0x00001f17) auipc   t5, 0x1
3 0x8000b340 (0x00001f17) x30 0x8000c340
core   0: 0xffffffff8000b344 (0xcc3f2023) sw      gp, -832(t5)
3 0x8000b344 (0xcc3f2023) mem 0x8000c000 0x00000001
core   0: 0xffffffff8000b348 (0xff9ff06f) j       pc - 0x8
3 0x8000b348 (0xff9ff06f)
core   0: 0xffffffff8000b340 (0x00001f17) auipc   t5, 0x1
3 0x8000b340 (0x00001f17) x30 0x8000c340
core   0: 0xffffffff8000b344 (0xcc3f2023) sw      gp, -832(t5)
3 0x8000b344 (0xcc3f2023) mem 0x8000c000 0x00000001
core   0: 0xffffffff8000b348 (0xff9ff06f) j       pc - 0x8
3 0x8000b348 (0xff9ff06f)
core   0: 0xffffffff8000b340 (0x00001f17) auipc   t5, 0x1
3 0x8000b340 (0x00001f17) x30 0x8000c340
core   0: 0xffffffff8000b344 (0xcc3f2023) sw      gp, -832(t5)
3 0x8000b344 (0xcc3f2023) mem 0x8000c000 0x00000001
core   0: 0xffffffff8000b348 (0xff9ff06f) j       pc - 0x8
3 0x8000b348 (0xff9ff06f)
core   0: 0xffffffff8000b340 (0x00001f17) auipc   t5, 0x1
3 0x8000b340 (0x00001f17) x30 0x8000c340
core   0: 0xffffffff8000b344 (0xcc3f2023) sw      gp, -832(t5)
3 0x8000b344 (0xcc3f2023) mem 0x8000c000 0x00000001
core   0: 0xffffffff8000b348 (0xff9ff06f) j       pc - 0x8
3 0x8000b348 (0xff9ff06f)
core   0: 0xffffffff8000b340 (0x00001f17) auipc   t5, 0x1
3 0x8000b340 (0x00001f17) x30 0x8000c340
core   0: 0xffffffff8000b344 (0xcc3f2023) sw      gp, -832(t5)
3 0x8000b344 (0xcc3f2023) mem 0x8000c000 0x00000001
core   0: 0xffffffff8000b348 (0xff9ff06f) j       pc - 0x8
3 0x8000b348 (0xff9ff06f)
core   0: 0xffffffff8000b340 (0x00001f17) auipc   t5, 0x1
3 0x8000b340 (0x00001f17) x30 0x8000c340
core   0: 0xffffffff8000b344 (0xcc3f2023) sw      gp, -832(t5)
3 0x8000b344 (0xcc3f2023) mem 0x8000c000 0x00000001
core   0: 0xffffffff8000b348 (0xff9ff06f) j       pc - 0x8
3 0x8000b348 (0xff9ff06f)
core   0: 0xffffffff8000b340 (0x00001f17) auipc   t5, 0x1
3 0x8000b340 (0x00001f17) x30 0x8000c340
core   0: 0xffffffff8000b344 (0xcc3f2023) sw      gp, -832(t5)
3 0x8000b344 (0xcc3f2023) mem 0x8000c000 0x00000001
core   0: 0xffffffff8000b348 (0xff9ff06f) j       pc - 0x8
3 0x8000b348 (0xff9ff06f)
core   0: 0xffffffff8000b340 (0x00001f17) auipc   t5, 0x1
3 0x8000b340 (0x00001f17) x30 0x8000c340
core   0: 0xffffffff8000b344 (0xcc3f2023) sw      gp, -832(t5)
3 0x8000b344 (0xcc3f2023) mem 0x8000c000 0x00000001
core   0: 0xffffffff8000b348 (0xff9ff06f) j       pc - 0x8
3 0x8000b348 (0xff9ff06f)
core   0: 0xffffffff8000b340 (0x00001f17) auipc   t5, 0x1
3 0x8000b340 (0x00001f17) x30 0x8000c340
core   0: 0xffffffff8000b344 (0xcc3f2023) sw      gp, -832(t5)
3 0x8000b344 (0xcc3f2023) mem 0x8000c000 0x00000001
core   0: 0xffffffff8000b348 (0xff9ff06f) j       pc - 0x8
3 0x8000b348 (0xff9ff06f)
core   0: 0xffffffff8000b340 (0x00001f17) auipc   t5, 0x1
3 0x8000b340 (0x00001f17) x30 0x8000c340
core   0: 0xffffffff8000b344 (0xcc3f2023) sw      gp, -832(t5)
3 0x8000b344 (0xcc3f2023) mem 0x8000c000 0x00000001
core   0: 0xffffffff8000b348 (0xff9ff06f) j       pc - 0x8
3 0x8000b348 (0xff9ff06f)
core   0: 0xffffffff8000b340 (0x00001f17) auipc   t5, 0x1
3 0x8000b340 (0x00001f17) x30 0x8000c340
core   0: 0xffffffff8000b344 (0xcc3f2023) sw      gp, -832(t5)
3 0x8000b344 (0xcc3f2023) mem 0x8000c000 0x00000001
core   0: 0xffffffff8000b348 (0xff9ff06f) j       pc - 0x8
3 0x8000b348 (0xff9ff06f)
core   0: 0xffffffff8000b340 (0x00001f17) auipc   t5, 0x1
3 0x8000b340 (0x00001f17) x30 0x8000c340
core   0: 0xffffffff8000b344 (0xcc3f2023) sw      gp, -832(t5)
3 0x8000b344 (0xcc3f2023) mem 0x8000c000 0x00000001
core   0: 0xffffffff8000b348 (0xff9ff06f) j       pc - 0x8
3 0x8000b348 (0xff9ff06f)
core   0: 0xffffffff8000b340 (0x00001f17) auipc   t5, 0x1
3 0x8000b340 (0x00001f17) x30 0x8000c340
core   0: 0xffffffff8000b344 (0xcc3f2023) sw      gp, -832(t5)
3 0x8000b344 (0xcc3f2023) mem 0x8000c000 0x00000001
core   0: 0xffffffff8000b348 (0xff9ff06f) j       pc - 0x8
3 0x8000b348 (0xff9ff06f)
core   0: 0xffffffff8000b340 (0x00001f17) auipc   t5, 0x1
3 0x8000b340 (0x00001f17) x30 0x8000c340
core   0: 0xffffffff8000b344 (0xcc3f2023) sw      gp, -832(t5)
3 0x8000b344 (0xcc3f2023) mem 0x8000c000 0x00000001
core   0: 0xffffffff8000b348 (0xff9ff06f) j       pc - 0x8
3 0x8000b348 (0xff9ff06f)
core   0: 0xffffffff8000b340 (0x00001f17) auipc   t5, 0x1
3 0x8000b340 (0x00001f17) x30 0x8000c340
core   0: 0xffffffff8000b344 (0xcc3f2023) sw      gp, -832(t5)
3 0x8000b344 (0xcc3f2023) mem 0x8000c000 0x00000001
core   0: 0xffffffff8000b348 (0xff9ff06f) j       pc - 0x8
3 0x8000b348 (0xff9ff06f)
core   0: 0xffffffff8000b340 (0x00001f17) auipc   t5, 0x1
3 0x8000b340 (0x00001f17) x30 0x8000c340
core   0: 0xffffffff8000b344 (0xcc3f2023) sw      gp, -832(t5)
3 0x8000b344 (0xcc3f2023) mem 0x8000c000 0x00000001
core   0: 0xffffffff8000b348 (0xff9ff06f) j       pc - 0x8
3 0x8000b348 (0xff9ff06f)
core   0: 0xffffffff8000b340 (0x00001f17) auipc   t5, 0x1
3 0x8000b340 (0x00001f17) x30 0x8000c340
core   0: 0xffffffff8000b344 (0xcc3f2023) sw      gp, -832(t5)
3 0x8000b344 (0xcc3f2023) mem 0x8000c000 0x00000001
core   0: 0xffffffff8000b348 (0xff9ff06f) j       pc - 0x8
3 0x8000b348 (0xff9ff06f)
core   0: 0xffffffff8000b340 (0x00001f17) auipc   t5, 0x1
3 0x8000b340 (0x00001f17) x30 0x8000c340
core   0: 0xffffffff8000b344 (0xcc3f2023) sw      gp, -832(t5)
3 0x8000b344 (0xcc3f2023) mem 0x8000c000 0x00000001
core   0: 0xffffffff8000b348 (0xff9ff06f) j       pc - 0x8
3 0x8000b348 (0xff9ff06f)
core   0: 0xffffffff8000b340 (0x00001f17) auipc   t5, 0x1
3 0x8000b340 (0x00001f17) x30 0x8000c340
core   0: 0xffffffff8000b344 (0xcc3f2023) sw      gp, -832(t5)
3 0x8000b344 (0xcc3f2023) mem 0x8000c000 0x00000001
core   0: 0xffffffff8000b348 (0xff9ff06f) j       pc - 0x8
3 0x8000b348 (0xff9ff06f)
core   0: 0xffffffff8000b340 (0x00001f17) auipc   t5, 0x1
3 0x8000b340 (0x00001f17) x30 0x8000c340
core   0: 0xffffffff8000b344 (0xcc3f2023) sw      gp, -832(t5)
3 0x8000b344 (0xcc3f2023) mem 0x8000c000 0x00000001
core   0: 0xffffffff8000b348 (0xff9ff06f) j       pc - 0x8
3 0x8000b348 (0xff9ff06f)
core   0: 0xffffffff8000b340 (0x00001f17) auipc   t5, 0x1
3 0x8000b340 (0x00001f17) x30 0x8000c340
core   0: 0xffffffff8000b344 (0xcc3f2023) sw      gp, -832(t5)
3 0x8000b344 (0xcc3f2023) mem 0x8000c000 0x00000001
core   0: 0xffffffff8000b348 (0xff9ff06f) j       pc - 0x8
3 0x8000b348 (0xff9ff06f)
core   0: 0xffffffff8000b340 (0x00001f17) auipc   t5, 0x1
3 0x8000b340 (0x00001f17) x30 0x8000c340
core   0: 0xffffffff8000b344 (0xcc3f2023) sw      gp, -832(t5)
3 0x8000b344 (0xcc3f2023) mem 0x8000c000 0x00000001
core   0: 0xffffffff8000b348 (0xff9ff06f) j       pc - 0x8
3 0x8000b348 (0xff9ff06f)
core   0: 0xffffffff8000b340 (0x00001f17) auipc   t5, 0x1
3 0x8000b340 (0x00001f17) x30 0x8000c340
core   0: 0xffffffff8000b344 (0xcc3f2023) sw      gp, -832(t5)
3 0x8000b344 (0xcc3f2023) mem 0x8000c000 0x00000001
core   0: 0xffffffff8000b348 (0xff9ff06f) j       pc - 0x8
3 0x8000b348 (0xff9ff06f)
core   0: 0xffffffff8000b340 (0x00001f17) auipc   t5, 0x1
3 0x8000b340 (0x00001f17) x30 0x8000c340
core   0: 0xffffffff8000b344 (0xcc3f2023) sw      gp, -832(t5)
3 0x8000b344 (0xcc3f2023) mem 0x8000c000 0x00000001
core   0: 0xffffffff8000b348 (0xff9ff06f) j       pc - 0x8
3 0x8000b348 (0xff9ff06f)
core   0: 0xffffffff8000b340 (0x00001f17) auipc   t5, 0x1
3 0x8000b340 (0x00001f17) x30 0x8000c340
core   0: 0xffffffff8000b344 (0xcc3f2023) sw      gp, -832(t5)
3 0x8000b344 (0xcc3f2023) mem 0x8000c000 0x00000001
core   0: 0xffffffff8000b348 (0xff9ff06f) j       pc - 0x8
3 0x8000b348 (0xff9ff06f)
core   0: 0xffffffff8000b340 (0x00001f17) auipc   t5, 0x1
3 0x8000b340 (0x00001f17) x30 0x8000c340
core   0: 0xffffffff8000b344 (0xcc3f2023) sw      gp, -832(t5)
3 0x8000b344 (0xcc3f2023) mem 0x8000c000 0x00000001
core   0: 0xffffffff8000b348 (0xff9ff06f) j       pc - 0x8
3 0x8000b348 (0xff9ff06f)
core   0: 0xffffffff8000b340 (0x00001f17) auipc   t5, 0x1
3 0x8000b340 (0x00001f17) x30 0x8000c340
core   0: 0xffffffff8000b344 (0xcc3f2023) sw      gp, -832(t5)
3 0x8000b344 (0xcc3f2023) mem 0x8000c000 0x00000001
core   0: 0xffffffff8000b348 (0xff9ff06f) j       pc - 0x8
3 0x8000b348 (0xff9ff06f)
core   0: 0xffffffff8000b340 (0x00001f17) auipc   t5, 0x1
3 0x8000b340 (0x00001f17) x30 0x8000c340
core   0: 0xffffffff8000b344 (0xcc3f2023) sw      gp, -832(t5)
3 0x8000b344 (0xcc3f2023) mem 0x8000c000 0x00000001
core   0: 0xffffffff8000b348 (0xff9ff06f) j       pc - 0x8
3 0x8000b348 (0xff9ff06f)
core   0: 0xffffffff8000b340 (0x00001f17) auipc   t5, 0x1
3 0x8000b340 (0x00001f17) x30 0x8000c340
core   0: 0xffffffff8000b344 (0xcc3f2023) sw      gp, -832(t5)
3 0x8000b344 (0xcc3f2023) mem 0x8000c000 0x00000001
core   0: 0xffffffff8000b348 (0xff9ff06f) j       pc - 0x8
3 0x8000b348 (0xff9ff06f)
core   0: 0xffffffff8000b340 (0x00001f17) auipc   t5, 0x1
3 0x8000b340 (0x00001f17) x30 0x8000c340
core   0: 0xffffffff8000b344 (0xcc3f2023) sw      gp, -832(t5)
3 0x8000b344 (0xcc3f2023) mem 0x8000c000 0x00000001
core   0: 0xffffffff8000b348 (0xff9ff06f) j       pc - 0x8
3 0x8000b348 (0xff9ff06f)
core   0: 0xffffffff8000b340 (0x00001f17) auipc   t5, 0x1
3 0x8000b340 (0x00001f17) x30 0x8000c340
core   0: 0xffffffff8000b344 (0xcc3f2023) sw      gp, -832(t5)
3 0x8000b344 (0xcc3f2023) mem 0x8000c000 0x00000001
core   0: 0xffffffff8000b348 (0xff9ff06f) j       pc - 0x8
3 0x8000b348 (0xff9ff06f)
core   0: 0xffffffff8000b340 (0x00001f17) auipc   t5, 0x1
3 0x8000b340 (0x00001f17) x30 0x8000c340
core   0: 0xffffffff8000b344 (0xcc3f2023) sw      gp, -832(t5)
3 0x8000b344 (0xcc3f2023) mem 0x8000c000 0x00000001
core   0: 0xffffffff8000b348 (0xff9ff06f) j       pc - 0x8
3 0x8000b348 (0xff9ff06f)
core   0: 0xffffffff8000b340 (0x00001f17) auipc   t5, 0x1
3 0x8000b340 (0x00001f17) x30 0x8000c340
core   0: 0xffffffff8000b344 (0xcc3f2023) sw      gp, -832(t5)
3 0x8000b344 (0xcc3f2023) mem 0x8000c000 0x00000001
core   0: 0xffffffff8000b348 (0xff9ff06f) j       pc - 0x8
3 0x8000b348 (0xff9ff06f)
core   0: 0xffffffff8000b340 (0x00001f17) auipc   t5, 0x1
3 0x8000b340 (0x00001f17) x30 0x8000c340
core   0: 0xffffffff8000b344 (0xcc3f2023) sw      gp, -832(t5)
3 0x8000b344 (0xcc3f2023) mem 0x8000c000 0x00000001
core   0: 0xffffffff8000b348 (0xff9ff06f) j       pc - 0x8
3 0x8000b348 (0xff9ff06f)
core   0: 0xffffffff8000b340 (0x00001f17) auipc   t5, 0x1
3 0x8000b340 (0x00001f17) x30 0x8000c340
core   0: 0xffffffff8000b344 (0xcc3f2023) sw      gp, -832(t5)
3 0x8000b344 (0xcc3f2023) mem 0x8000c000 0x00000001
core   0: 0xffffffff8000b348 (0xff9ff06f) j       pc - 0x8
3 0x8000b348 (0xff9ff06f)
core   0: 0xffffffff8000b340 (0x00001f17) auipc   t5, 0x1
3 0x8000b340 (0x00001f17) x30 0x8000c340
core   0: 0xffffffff8000b344 (0xcc3f2023) sw      gp, -832(t5)
3 0x8000b344 (0xcc3f2023) mem 0x8000c000 0x00000001
core   0: 0xffffffff8000b348 (0xff9ff06f) j       pc - 0x8
3 0x8000b348 (0xff9ff06f)
core   0: 0xffffffff8000b340 (0x00001f17) auipc   t5, 0x1
3 0x8000b340 (0x00001f17) x30 0x8000c340
core   0: 0xffffffff8000b344 (0xcc3f2023) sw      gp, -832(t5)
3 0x8000b344 (0xcc3f2023) mem 0x8000c000 0x00000001
core   0: 0xffffffff8000b348 (0xff9ff06f) j       pc - 0x8
3 0x8000b348 (0xff9ff06f)
core   0: 0xffffffff8000b340 (0x00001f17) auipc   t5, 0x1
3 0x8000b340 (0x00001f17) x30 0x8000c340
core   0: 0xffffffff8000b344 (0xcc3f2023) sw      gp, -832(t5)
3 0x8000b344 (0xcc3f2023) mem 0x8000c000 0x00000001
core   0: 0xffffffff8000b348 (0xff9ff06f) j       pc - 0x8
3 0x8000b348 (0xff9ff06f)
core   0: 0xffffffff8000b340 (0x00001f17) auipc   t5, 0x1
3 0x8000b340 (0x00001f17) x30 0x8000c340
core   0: 0xffffffff8000b344 (0xcc3f2023) sw      gp, -832(t5)
3 0x8000b344 (0xcc3f2023) mem 0x8000c000 0x00000001
core   0: 0xffffffff8000b348 (0xff9ff06f) j       pc - 0x8
3 0x8000b348 (0xff9ff06f)
core   0: 0xffffffff8000b340 (0x00001f17) auipc   t5, 0x1
3 0x8000b340 (0x00001f17) x30 0x8000c340
core   0: 0xffffffff8000b344 (0xcc3f2023) sw      gp, -832(t5)
3 0x8000b344 (0xcc3f2023) mem 0x8000c000 0x00000001
core   0: 0xffffffff8000b348 (0xff9ff06f) j       pc - 0x8
3 0x8000b348 (0xff9ff06f)
core   0: 0xffffffff8000b340 (0x00001f17) auipc   t5, 0x1
3 0x8000b340 (0x00001f17) x30 0x8000c340
core   0: 0xffffffff8000b344 (0xcc3f2023) sw      gp, -832(t5)
3 0x8000b344 (0xcc3f2023) mem 0x8000c000 0x00000001
core   0: 0xffffffff8000b348 (0xff9ff06f) j       pc - 0x8
3 0x8000b348 (0xff9ff06f)
core   0: 0xffffffff8000b340 (0x00001f17) auipc   t5, 0x1
3 0x8000b340 (0x00001f17) x30 0x8000c340
core   0: 0xffffffff8000b344 (0xcc3f2023) sw      gp, -832(t5)
3 0x8000b344 (0xcc3f2023) mem 0x8000c000 0x00000001
core   0: 0xffffffff8000b348 (0xff9ff06f) j       pc - 0x8
3 0x8000b348 (0xff9ff06f)
core   0: 0xffffffff8000b340 (0x00001f17) auipc   t5, 0x1
3 0x8000b340 (0x00001f17) x30 0x8000c340
core   0: 0xffffffff8000b344 (0xcc3f2023) sw      gp, -832(t5)
3 0x8000b344 (0xcc3f2023) mem 0x8000c000 0x00000001
core   0: 0xffffffff8000b348 (0xff9ff06f) j       pc - 0x8
3 0x8000b348 (0xff9ff06f)
core   0: 0xffffffff8000b340 (0x00001f17) auipc   t5, 0x1
3 0x8000b340 (0x00001f17) x30 0x8000c340
core   0: 0xffffffff8000b344 (0xcc3f2023) sw      gp, -832(t5)
3 0x8000b344 (0xcc3f2023) mem 0x8000c000 0x00000001
core   0: 0xffffffff8000b348 (0xff9ff06f) j       pc - 0x8
3 0x8000b348 (0xff9ff06f)
core   0: 0xffffffff8000b340 (0x00001f17) auipc   t5, 0x1
3 0x8000b340 (0x00001f17) x30 0x8000c340
core   0: 0xffffffff8000b344 (0xcc3f2023) sw      gp, -832(t5)
3 0x8000b344 (0xcc3f2023) mem 0x8000c000 0x00000001
core   0: 0xffffffff8000b348 (0xff9ff06f) j       pc - 0x8
3 0x8000b348 (0xff9ff06f)
core   0: 0xffffffff8000b340 (0x00001f17) auipc   t5, 0x1
3 0x8000b340 (0x00001f17) x30 0x8000c340
core   0: 0xffffffff8000b344 (0xcc3f2023) sw      gp, -832(t5)
3 0x8000b344 (0xcc3f2023) mem 0x8000c000 0x00000001
core   0: 0xffffffff8000b348 (0xff9ff06f) j       pc - 0x8
3 0x8000b348 (0xff9ff06f)
core   0: 0xffffffff8000b340 (0x00001f17) auipc   t5, 0x1
3 0x8000b340 (0x00001f17) x30 0x8000c340
core   0: 0xffffffff8000b344 (0xcc3f2023) sw      gp, -832(t5)
3 0x8000b344 (0xcc3f2023) mem 0x8000c000 0x00000001
core   0: 0xffffffff8000b348 (0xff9ff06f) j       pc - 0x8
3 0x8000b348 (0xff9ff06f)
core   0: 0xffffffff8000b340 (0x00001f17) auipc   t5, 0x1
3 0x8000b340 (0x00001f17) x30 0x8000c340
core   0: 0xffffffff8000b344 (0xcc3f2023) sw      gp, -832(t5)
3 0x8000b344 (0xcc3f2023) mem 0x8000c000 0x00000001
core   0: 0xffffffff8000b348 (0xff9ff06f) j       pc - 0x8
3 0x8000b348 (0xff9ff06f)
core   0: 0xffffffff8000b340 (0x00001f17) auipc   t5, 0x1
3 0x8000b340 (0x00001f17) x30 0x8000c340
core   0: 0xffffffff8000b344 (0xcc3f2023) sw      gp, -832(t5)
3 0x8000b344 (0xcc3f2023) mem 0x8000c000 0x00000001
core   0: 0xffffffff8000b348 (0xff9ff06f) j       pc - 0x8
3 0x8000b348 (0xff9ff06f)
core   0: 0xffffffff8000b340 (0x00001f17) auipc   t5, 0x1
3 0x8000b340 (0x00001f17) x30 0x8000c340
core   0: 0xffffffff8000b344 (0xcc3f2023) sw      gp, -832(t5)
3 0x8000b344 (0xcc3f2023) mem 0x8000c000 0x00000001
core   0: 0xffffffff8000b348 (0xff9ff06f) j       pc - 0x8
3 0x8000b348 (0xff9ff06f)
core   0: 0xffffffff8000b340 (0x00001f17) auipc   t5, 0x1
3 0x8000b340 (0x00001f17) x30 0x8000c340
core   0: 0xffffffff8000b344 (0xcc3f2023) sw      gp, -832(t5)
3 0x8000b344 (0xcc3f2023) mem 0x8000c000 0x00000001
core   0: 0xffffffff8000b348 (0xff9ff06f) j       pc - 0x8
3 0x8000b348 (0xff9ff06f)
core   0: 0xffffffff8000b340 (0x00001f17) auipc   t5, 0x1
3 0x8000b340 (0x00001f17) x30 0x8000c340
core   0: 0xffffffff8000b344 (0xcc3f2023) sw      gp, -832(t5)
3 0x8000b344 (0xcc3f2023) mem 0x8000c000 0x00000001
core   0: 0xffffffff8000b348 (0xff9ff06f) j       pc - 0x8
3 0x8000b348 (0xff9ff06f)
core   0: 0xffffffff8000b340 (0x00001f17) auipc   t5, 0x1
3 0x8000b340 (0x00001f17) x30 0x8000c340
core   0: 0xffffffff8000b344 (0xcc3f2023) sw      gp, -832(t5)
3 0x8000b344 (0xcc3f2023) mem 0x8000c000 0x00000001
core   0: 0xffffffff8000b348 (0xff9ff06f) j       pc - 0x8
3 0x8000b348 (0xff9ff06f)
core   0: 0xffffffff8000b340 (0x00001f17) auipc   t5, 0x1
3 0x8000b340 (0x00001f17) x30 0x8000c340
core   0: 0xffffffff8000b344 (0xcc3f2023) sw      gp, -832(t5)
3 0x8000b344 (0xcc3f2023) mem 0x8000c000 0x00000001
core   0: 0xffffffff8000b348 (0xff9ff06f) j       pc - 0x8
3 0x8000b348 (0xff9ff06f)
core   0: 0xffffffff8000b340 (0x00001f17) auipc   t5, 0x1
3 0x8000b340 (0x00001f17) x30 0x8000c340
core   0: 0xffffffff8000b344 (0xcc3f2023) sw      gp, -832(t5)
3 0x8000b344 (0xcc3f2023) mem 0x8000c000 0x00000001
core   0: 0xffffffff8000b348 (0xff9ff06f) j       pc - 0x8
3 0x8000b348 (0xff9ff06f)
core   0: 0xffffffff8000b340 (0x00001f17) auipc   t5, 0x1
3 0x8000b340 (0x00001f17) x30 0x8000c340
core   0: 0xffffffff8000b344 (0xcc3f2023) sw      gp, -832(t5)
3 0x8000b344 (0xcc3f2023) mem 0x8000c000 0x00000001
core   0: 0xffffffff8000b348 (0xff9ff06f) j       pc - 0x8
3 0x8000b348 (0xff9ff06f)
core   0: 0xffffffff8000b340 (0x00001f17) auipc   t5, 0x1
3 0x8000b340 (0x00001f17) x30 0x8000c340
core   0: 0xffffffff8000b344 (0xcc3f2023) sw      gp, -832(t5)
3 0x8000b344 (0xcc3f2023) mem 0x8000c000 0x00000001
core   0: 0xffffffff8000b348 (0xff9ff06f) j       pc - 0x8
3 0x8000b348 (0xff9ff06f)
core   0: 0xffffffff8000b340 (0x00001f17) auipc   t5, 0x1
3 0x8000b340 (0x00001f17) x30 0x8000c340
core   0: 0xffffffff8000b344 (0xcc3f2023) sw      gp, -832(t5)
3 0x8000b344 (0xcc3f2023) mem 0x8000c000 0x00000001
core   0: 0xffffffff8000b348 (0xff9ff06f) j       pc - 0x8
3 0x8000b348 (0xff9ff06f)
core   0: 0xffffffff8000b340 (0x00001f17) auipc   t5, 0x1
3 0x8000b340 (0x00001f17) x30 0x8000c340
core   0: 0xffffffff8000b344 (0xcc3f2023) sw      gp, -832(t5)
3 0x8000b344 (0xcc3f2023) mem 0x8000c000 0x00000001
core   0: 0xffffffff8000b348 (0xff9ff06f) j       pc - 0x8
3 0x8000b348 (0xff9ff06f)
core   0: 0xffffffff8000b340 (0x00001f17) auipc   t5, 0x1
3 0x8000b340 (0x00001f17) x30 0x8000c340
core   0: 0xffffffff8000b344 (0xcc3f2023) sw      gp, -832(t5)
3 0x8000b344 (0xcc3f2023) mem 0x8000c000 0x00000001
core   0: 0xffffffff8000b348 (0xff9ff06f) j       pc - 0x8
3 0x8000b348 (0xff9ff06f)
core   0: 0xffffffff8000b340 (0x00001f17) auipc   t5, 0x1
3 0x8000b340 (0x00001f17) x30 0x8000c340
core   0: 0xffffffff8000b344 (0xcc3f2023) sw      gp, -832(t5)
3 0x8000b344 (0xcc3f2023) mem 0x8000c000 0x00000001
core   0: 0xffffffff8000b348 (0xff9ff06f) j       pc - 0x8
3 0x8000b348 (0xff9ff06f)
core   0: 0xffffffff8000b340 (0x00001f17) auipc   t5, 0x1
3 0x8000b340 (0x00001f17) x30 0x8000c340
core   0: 0xffffffff8000b344 (0xcc3f2023) sw      gp, -832(t5)
3 0x8000b344 (0xcc3f2023) mem 0x8000c000 0x00000001
core   0: 0xffffffff8000b348 (0xff9ff06f) j       pc - 0x8
3 0x8000b348 (0xff9ff06f)
core   0: 0xffffffff8000b340 (0x00001f17) auipc   t5, 0x1
3 0x8000b340 (0x00001f17) x30 0x8000c340
core   0: 0xffffffff8000b344 (0xcc3f2023) sw      gp, -832(t5)
3 0x8000b344 (0xcc3f2023) mem 0x8000c000 0x00000001
core   0: 0xffffffff8000b348 (0xff9ff06f) j       pc - 0x8
3 0x8000b348 (0xff9ff06f)
core   0: 0xffffffff8000b340 (0x00001f17) auipc   t5, 0x1
3 0x8000b340 (0x00001f17) x30 0x8000c340
core   0: 0xffffffff8000b344 (0xcc3f2023) sw      gp, -832(t5)
3 0x8000b344 (0xcc3f2023) mem 0x8000c000 0x00000001
core   0: 0xffffffff8000b348 (0xff9ff06f) j       pc - 0x8
3 0x8000b348 (0xff9ff06f)
core   0: 0xffffffff8000b340 (0x00001f17) auipc   t5, 0x1
3 0x8000b340 (0x00001f17) x30 0x8000c340
core   0: 0xffffffff8000b344 (0xcc3f2023) sw      gp, -832(t5)
3 0x8000b344 (0xcc3f2023) mem 0x8000c000 0x00000001
core   0: 0xffffffff8000b348 (0xff9ff06f) j       pc - 0x8
3 0x8000b348 (0xff9ff06f)
core   0: 0xffffffff8000b340 (0x00001f17) auipc   t5, 0x1
3 0x8000b340 (0x00001f17) x30 0x8000c340
core   0: 0xffffffff8000b344 (0xcc3f2023) sw      gp, -832(t5)
3 0x8000b344 (0xcc3f2023) mem 0x8000c000 0x00000001
core   0: 0xffffffff8000b348 (0xff9ff06f) j       pc - 0x8
3 0x8000b348 (0xff9ff06f)
core   0: 0xffffffff8000b340 (0x00001f17) auipc   t5, 0x1
3 0x8000b340 (0x00001f17) x30 0x8000c340
core   0: 0xffffffff8000b344 (0xcc3f2023) sw      gp, -832(t5)
3 0x8000b344 (0xcc3f2023) mem 0x8000c000 0x00000001
core   0: 0xffffffff8000b348 (0xff9ff06f) j       pc - 0x8
3 0x8000b348 (0xff9ff06f)
core   0: 0xffffffff8000b340 (0x00001f17) auipc   t5, 0x1
3 0x8000b340 (0x00001f17) x30 0x8000c340
core   0: 0xffffffff8000b344 (0xcc3f2023) sw      gp, -832(t5)
3 0x8000b344 (0xcc3f2023) mem 0x8000c000 0x00000001
core   0: 0xffffffff8000b348 (0xff9ff06f) j       pc - 0x8
3 0x8000b348 (0xff9ff06f)
core   0: 0xffffffff8000b340 (0x00001f17) auipc   t5, 0x1
3 0x8000b340 (0x00001f17) x30 0x8000c340
core   0: 0xffffffff8000b344 (0xcc3f2023) sw      gp, -832(t5)
3 0x8000b344 (0xcc3f2023) mem 0x8000c000 0x00000001
core   0: 0xffffffff8000b348 (0xff9ff06f) j       pc - 0x8
3 0x8000b348 (0xff9ff06f)
core   0: 0xffffffff8000b340 (0x00001f17) auipc   t5, 0x1
3 0x8000b340 (0x00001f17) x30 0x8000c340
core   0: 0xffffffff8000b344 (0xcc3f2023) sw      gp, -832(t5)
3 0x8000b344 (0xcc3f2023) mem 0x8000c000 0x00000001
core   0: 0xffffffff8000b348 (0xff9ff06f) j       pc - 0x8
3 0x8000b348 (0xff9ff06f)
core   0: 0xffffffff8000b340 (0x00001f17) auipc   t5, 0x1
3 0x8000b340 (0x00001f17) x30 0x8000c340
core   0: 0xffffffff8000b344 (0xcc3f2023) sw      gp, -832(t5)
3 0x8000b344 (0xcc3f2023) mem 0x8000c000 0x00000001
core   0: 0xffffffff8000b348 (0xff9ff06f) j       pc - 0x8
3 0x8000b348 (0xff9ff06f)
core   0: 0xffffffff8000b340 (0x00001f17) auipc   t5, 0x1
3 0x8000b340 (0x00001f17) x30 0x8000c340
core   0: 0xffffffff8000b344 (0xcc3f2023) sw      gp, -832(t5)
3 0x8000b344 (0xcc3f2023) mem 0x8000c000 0x00000001
core   0: 0xffffffff8000b348 (0xff9ff06f) j       pc - 0x8
3 0x8000b348 (0xff9ff06f)
core   0: 0xffffffff8000b340 (0x00001f17) auipc   t5, 0x1
3 0x8000b340 (0x00001f17) x30 0x8000c340
core   0: 0xffffffff8000b344 (0xcc3f2023) sw      gp, -832(t5)
3 0x8000b344 (0xcc3f2023) mem 0x8000c000 0x00000001
core   0: 0xffffffff8000b348 (0xff9ff06f) j       pc - 0x8
3 0x8000b348 (0xff9ff06f)
core   0: 0xffffffff8000b340 (0x00001f17) auipc   t5, 0x1
3 0x8000b340 (0x00001f17) x30 0x8000c340
core   0: 0xffffffff8000b344 (0xcc3f2023) sw      gp, -832(t5)
3 0x8000b344 (0xcc3f2023) mem 0x8000c000 0x00000001
core   0: 0xffffffff8000b348 (0xff9ff06f) j       pc - 0x8
3 0x8000b348 (0xff9ff06f)
core   0: 0xffffffff8000b340 (0x00001f17) auipc   t5, 0x1
3 0x8000b340 (0x00001f17) x30 0x8000c340
core   0: 0xffffffff8000b344 (0xcc3f2023) sw      gp, -832(t5)
3 0x8000b344 (0xcc3f2023) mem 0x8000c000 0x00000001
core   0: 0xffffffff8000b348 (0xff9ff06f) j       pc - 0x8
3 0x8000b348 (0xff9ff06f)
core   0: 0xffffffff8000b340 (0x00001f17) auipc   t5, 0x1
3 0x8000b340 (0x00001f17) x30 0x8000c340
core   0: 0xffffffff8000b344 (0xcc3f2023) sw      gp, -832(t5)
3 0x8000b344 (0xcc3f2023) mem 0x8000c000 0x00000001
core   0: 0xffffffff8000b348 (0xff9ff06f) j       pc - 0x8
3 0x8000b348 (0xff9ff06f)
core   0: 0xffffffff8000b340 (0x00001f17) auipc   t5, 0x1
3 0x8000b340 (0x00001f17) x30 0x8000c340
core   0: 0xffffffff8000b344 (0xcc3f2023) sw      gp, -832(t5)
3 0x8000b344 (0xcc3f2023) mem 0x8000c000 0x00000001
core   0: 0xffffffff8000b348 (0xff9ff06f) j       pc - 0x8
3 0x8000b348 (0xff9ff06f)
core   0: 0xffffffff8000b340 (0x00001f17) auipc   t5, 0x1
3 0x8000b340 (0x00001f17) x30 0x8000c340
core   0: 0xffffffff8000b344 (0xcc3f2023) sw      gp, -832(t5)
3 0x8000b344 (0xcc3f2023) mem 0x8000c000 0x00000001
core   0: 0xffffffff8000b348 (0xff9ff06f) j       pc - 0x8
3 0x8000b348 (0xff9ff06f)
core   0: 0xffffffff8000b340 (0x00001f17) auipc   t5, 0x1
3 0x8000b340 (0x00001f17) x30 0x8000c340
core   0: 0xffffffff8000b344 (0xcc3f2023) sw      gp, -832(t5)
3 0x8000b344 (0xcc3f2023) mem 0x8000c000 0x00000001
core   0: 0xffffffff8000b348 (0xff9ff06f) j       pc - 0x8
3 0x8000b348 (0xff9ff06f)
core   0: 0xffffffff8000b340 (0x00001f17) auipc   t5, 0x1
3 0x8000b340 (0x00001f17) x30 0x8000c340
core   0: 0xffffffff8000b344 (0xcc3f2023) sw      gp, -832(t5)
3 0x8000b344 (0xcc3f2023) mem 0x8000c000 0x00000001
core   0: 0xffffffff8000b348 (0xff9ff06f) j       pc - 0x8
3 0x8000b348 (0xff9ff06f)
core   0: 0xffffffff8000b340 (0x00001f17) auipc   t5, 0x1
3 0x8000b340 (0x00001f17) x30 0x8000c340
core   0: 0xffffffff8000b344 (0xcc3f2023) sw      gp, -832(t5)
3 0x8000b344 (0xcc3f2023) mem 0x8000c000 0x00000001
core   0: 0xffffffff8000b348 (0xff9ff06f) j       pc - 0x8
3 0x8000b348 (0xff9ff06f)
core   0: 0xffffffff8000b340 (0x00001f17) auipc   t5, 0x1
3 0x8000b340 (0x00001f17) x30 0x8000c340
core   0: 0xffffffff8000b344 (0xcc3f2023) sw      gp, -832(t5)
3 0x8000b344 (0xcc3f2023) mem 0x8000c000 0x00000001
core   0: 0xffffffff8000b348 (0xff9ff06f) j       pc - 0x8
3 0x8000b348 (0xff9ff06f)
core   0: 0xffffffff8000b340 (0x00001f17) auipc   t5, 0x1
3 0x8000b340 (0x00001f17) x30 0x8000c340
core   0: 0xffffffff8000b344 (0xcc3f2023) sw      gp, -832(t5)
3 0x8000b344 (0xcc3f2023) mem 0x8000c000 0x00000001
core   0: 0xffffffff8000b348 (0xff9ff06f) j       pc - 0x8
3 0x8000b348 (0xff9ff06f)
core   0: 0xffffffff8000b340 (0x00001f17) auipc   t5, 0x1
3 0x8000b340 (0x00001f17) x30 0x8000c340
core   0: 0xffffffff8000b344 (0xcc3f2023) sw      gp, -832(t5)
3 0x8000b344 (0xcc3f2023) mem 0x8000c000 0x00000001
core   0: 0xffffffff8000b348 (0xff9ff06f) j       pc - 0x8
3 0x8000b348 (0xff9ff06f)
core   0: 0xffffffff8000b340 (0x00001f17) auipc   t5, 0x1
3 0x8000b340 (0x00001f17) x30 0x8000c340
core   0: 0xffffffff8000b344 (0xcc3f2023) sw      gp, -832(t5)
3 0x8000b344 (0xcc3f2023) mem 0x8000c000 0x00000001
core   0: 0xffffffff8000b348 (0xff9ff06f) j       pc - 0x8
3 0x8000b348 (0xff9ff06f)
core   0: 0xffffffff8000b340 (0x00001f17) auipc   t5, 0x1
3 0x8000b340 (0x00001f17) x30 0x8000c340
core   0: 0xffffffff8000b344 (0xcc3f2023) sw      gp, -832(t5)
3 0x8000b344 (0xcc3f2023) mem 0x8000c000 0x00000001
core   0: 0xffffffff8000b348 (0xff9ff06f) j       pc - 0x8
3 0x8000b348 (0xff9ff06f)
core   0: 0xffffffff8000b340 (0x00001f17) auipc   t5, 0x1
3 0x8000b340 (0x00001f17) x30 0x8000c340
core   0: 0xffffffff8000b344 (0xcc3f2023) sw      gp, -832(t5)
3 0x8000b344 (0xcc3f2023) mem 0x8000c000 0x00000001
core   0: 0xffffffff8000b348 (0xff9ff06f) j       pc - 0x8
3 0x8000b348 (0xff9ff06f)
core   0: 0xffffffff8000b340 (0x00001f17) auipc   t5, 0x1
3 0x8000b340 (0x00001f17) x30 0x8000c340
core   0: 0xffffffff8000b344 (0xcc3f2023) sw      gp, -832(t5)
3 0x8000b344 (0xcc3f2023) mem 0x8000c000 0x00000001
core   0: 0xffffffff8000b348 (0xff9ff06f) j       pc - 0x8
3 0x8000b348 (0xff9ff06f)
core   0: 0xffffffff8000b340 (0x00001f17) auipc   t5, 0x1
3 0x8000b340 (0x00001f17) x30 0x8000c340
core   0: 0xffffffff8000b344 (0xcc3f2023) sw      gp, -832(t5)
3 0x8000b344 (0xcc3f2023) mem 0x8000c000 0x00000001
core   0: 0xffffffff8000b348 (0xff9ff06f) j       pc - 0x8
3 0x8000b348 (0xff9ff06f)
core   0: 0xffffffff8000b340 (0x00001f17) auipc   t5, 0x1
3 0x8000b340 (0x00001f17) x30 0x8000c340
core   0: 0xffffffff8000b344 (0xcc3f2023) sw      gp, -832(t5)
3 0x8000b344 (0xcc3f2023) mem 0x8000c000 0x00000001
core   0: 0xffffffff8000b348 (0xff9ff06f) j       pc - 0x8
3 0x8000b348 (0xff9ff06f)
core   0: 0xffffffff8000b340 (0x00001f17) auipc   t5, 0x1
3 0x8000b340 (0x00001f17) x30 0x8000c340
core   0: 0xffffffff8000b344 (0xcc3f2023) sw      gp, -832(t5)
3 0x8000b344 (0xcc3f2023) mem 0x8000c000 0x00000001
core   0: 0xffffffff8000b348 (0xff9ff06f) j       pc - 0x8
3 0x8000b348 (0xff9ff06f)
core   0: 0xffffffff8000b340 (0x00001f17) auipc   t5, 0x1
3 0x8000b340 (0x00001f17) x30 0x8000c340
core   0: 0xffffffff8000b344 (0xcc3f2023) sw      gp, -832(t5)
3 0x8000b344 (0xcc3f2023) mem 0x8000c000 0x00000001
core   0: 0xffffffff8000b348 (0xff9ff06f) j       pc - 0x8
3 0x8000b348 (0xff9ff06f)
core   0: 0xffffffff8000b340 (0x00001f17) auipc   t5, 0x1
3 0x8000b340 (0x00001f17) x30 0x8000c340
core   0: 0xffffffff8000b344 (0xcc3f2023) sw      gp, -832(t5)
3 0x8000b344 (0xcc3f2023) mem 0x8000c000 0x00000001
core   0: 0xffffffff8000b348 (0xff9ff06f) j       pc - 0x8
3 0x8000b348 (0xff9ff06f)
core   0: 0xffffffff8000b340 (0x00001f17) auipc   t5, 0x1
3 0x8000b340 (0x00001f17) x30 0x8000c340
core   0: 0xffffffff8000b344 (0xcc3f2023) sw      gp, -832(t5)
3 0x8000b344 (0xcc3f2023) mem 0x8000c000 0x00000001
core   0: 0xffffffff8000b348 (0xff9ff06f) j       pc - 0x8
3 0x8000b348 (0xff9ff06f)
core   0: 0xffffffff8000b340 (0x00001f17) auipc   t5, 0x1
3 0x8000b340 (0x00001f17) x30 0x8000c340
core   0: 0xffffffff8000b344 (0xcc3f2023) sw      gp, -832(t5)
3 0x8000b344 (0xcc3f2023) mem 0x8000c000 0x00000001
core   0: 0xffffffff8000b348 (0xff9ff06f) j       pc - 0x8
3 0x8000b348 (0xff9ff06f)
core   0: 0xffffffff8000b340 (0x00001f17) auipc   t5, 0x1
3 0x8000b340 (0x00001f17) x30 0x8000c340
core   0: 0xffffffff8000b344 (0xcc3f2023) sw      gp, -832(t5)
3 0x8000b344 (0xcc3f2023) mem 0x8000c000 0x00000001
core   0: 0xffffffff8000b348 (0xff9ff06f) j       pc - 0x8
3 0x8000b348 (0xff9ff06f)
core   0: 0xffffffff8000b340 (0x00001f17) auipc   t5, 0x1
3 0x8000b340 (0x00001f17) x30 0x8000c340
core   0: 0xffffffff8000b344 (0xcc3f2023) sw      gp, -832(t5)
3 0x8000b344 (0xcc3f2023) mem 0x8000c000 0x00000001
core   0: 0xffffffff8000b348 (0xff9ff06f) j       pc - 0x8
3 0x8000b348 (0xff9ff06f)
core   0: 0xffffffff8000b340 (0x00001f17) auipc   t5, 0x1
3 0x8000b340 (0x00001f17) x30 0x8000c340
core   0: 0xffffffff8000b344 (0xcc3f2023) sw      gp, -832(t5)
3 0x8000b344 (0xcc3f2023) mem 0x8000c000 0x00000001
core   0: 0xffffffff8000b348 (0xff9ff06f) j       pc - 0x8
3 0x8000b348 (0xff9ff06f)
core   0: 0xffffffff8000b340 (0x00001f17) auipc   t5, 0x1
3 0x8000b340 (0x00001f17) x30 0x8000c340
core   0: 0xffffffff8000b344 (0xcc3f2023) sw      gp, -832(t5)
3 0x8000b344 (0xcc3f2023) mem 0x8000c000 0x00000001
core   0: 0xffffffff8000b348 (0xff9ff06f) j       pc - 0x8
3 0x8000b348 (0xff9ff06f)
core   0: 0xffffffff8000b340 (0x00001f17) auipc   t5, 0x1
3 0x8000b340 (0x00001f17) x30 0x8000c340
core   0: 0xffffffff8000b344 (0xcc3f2023) sw      gp, -832(t5)
3 0x8000b344 (0xcc3f2023) mem 0x8000c000 0x00000001
core   0: 0xffffffff8000b348 (0xff9ff06f) j       pc - 0x8
3 0x8000b348 (0xff9ff06f)
